[0.013s] Invoking command in '/ros2_ws/build/ur_bringup': CMAKE_PREFIX_PATH=/ros2_ws/install/ur_controllers:/ros2_ws/install/ur_msgs:/ros2_ws/install/ur_dashboard_msgs:/ros2_ws/install/ur:/ros2_ws/install/ur_calibration:/ros2_ws/install/ur_robot_driver:/ros2_ws/install/ur_bringup:/ros2_ws/install/ur_moveit_config:/opt/ros/humble LD_LIBRARY_PATH=/ros2_ws/install/ur_controllers/lib:/ros2_ws/install/ur_msgs/lib:/ros2_ws/install/ur_dashboard_msgs/lib:/ros2_ws/install/ur_robot_driver/lib:/usr/lib/x86_64-linux-gnu/gazebo-11/plugins:/opt/ros/humble/opt/rviz_ogre_vendor/lib:/opt/ros/humble/lib/x86_64-linux-gnu:/opt/ros/humble/lib /usr/bin/cmake /ros2_ws/src/Universal_Robots_ROS2_Driver/ur_bringup -DCMAKE_INSTALL_PREFIX=/ros2_ws/install/ur_bringup
[0.025s] -- Found ament_cmake: 1.3.11 (/opt/ros/humble/share/ament_cmake/cmake)
[0.200s] -- Configuring done
[0.204s] -- Generating done
[0.205s] -- Build files have been written to: /ros2_ws/build/ur_bringup
[0.207s] Invoked command in '/ros2_ws/build/ur_bringup' returned '0': CMAKE_PREFIX_PATH=/ros2_ws/install/ur_controllers:/ros2_ws/install/ur_msgs:/ros2_ws/install/ur_dashboard_msgs:/ros2_ws/install/ur:/ros2_ws/install/ur_calibration:/ros2_ws/install/ur_robot_driver:/ros2_ws/install/ur_bringup:/ros2_ws/install/ur_moveit_config:/opt/ros/humble LD_LIBRARY_PATH=/ros2_ws/install/ur_controllers/lib:/ros2_ws/install/ur_msgs/lib:/ros2_ws/install/ur_dashboard_msgs/lib:/ros2_ws/install/ur_robot_driver/lib:/usr/lib/x86_64-linux-gnu/gazebo-11/plugins:/opt/ros/humble/opt/rviz_ogre_vendor/lib:/opt/ros/humble/lib/x86_64-linux-gnu:/opt/ros/humble/lib /usr/bin/cmake /ros2_ws/src/Universal_Robots_ROS2_Driver/ur_bringup -DCMAKE_INSTALL_PREFIX=/ros2_ws/install/ur_bringup
[0.208s] Invoking command in '/ros2_ws/build/ur_bringup': CMAKE_PREFIX_PATH=/ros2_ws/install/ur_controllers:/ros2_ws/install/ur_msgs:/ros2_ws/install/ur_dashboard_msgs:/ros2_ws/install/ur:/ros2_ws/install/ur_calibration:/ros2_ws/install/ur_robot_driver:/ros2_ws/install/ur_bringup:/ros2_ws/install/ur_moveit_config:/opt/ros/humble LD_LIBRARY_PATH=/ros2_ws/install/ur_controllers/lib:/ros2_ws/install/ur_msgs/lib:/ros2_ws/install/ur_dashboard_msgs/lib:/ros2_ws/install/ur_robot_driver/lib:/usr/lib/x86_64-linux-gnu/gazebo-11/plugins:/opt/ros/humble/opt/rviz_ogre_vendor/lib:/opt/ros/humble/lib/x86_64-linux-gnu:/opt/ros/humble/lib /usr/bin/cmake --build /ros2_ws/build/ur_bringup
[0.242s] Invoked command in '/ros2_ws/build/ur_bringup' returned '0': CMAKE_PREFIX_PATH=/ros2_ws/install/ur_controllers:/ros2_ws/install/ur_msgs:/ros2_ws/install/ur_dashboard_msgs:/ros2_ws/install/ur:/ros2_ws/install/ur_calibration:/ros2_ws/install/ur_robot_driver:/ros2_ws/install/ur_bringup:/ros2_ws/install/ur_moveit_config:/opt/ros/humble LD_LIBRARY_PATH=/ros2_ws/install/ur_controllers/lib:/ros2_ws/install/ur_msgs/lib:/ros2_ws/install/ur_dashboard_msgs/lib:/ros2_ws/install/ur_robot_driver/lib:/usr/lib/x86_64-linux-gnu/gazebo-11/plugins:/opt/ros/humble/opt/rviz_ogre_vendor/lib:/opt/ros/humble/lib/x86_64-linux-gnu:/opt/ros/humble/lib /usr/bin/cmake --build /ros2_ws/build/ur_bringup
[0.244s] Invoking command in '/ros2_ws/build/ur_bringup': CMAKE_PREFIX_PATH=/ros2_ws/install/ur_controllers:/ros2_ws/install/ur_msgs:/ros2_ws/install/ur_dashboard_msgs:/ros2_ws/install/ur:/ros2_ws/install/ur_calibration:/ros2_ws/install/ur_robot_driver:/ros2_ws/install/ur_bringup:/ros2_ws/install/ur_moveit_config:/opt/ros/humble LD_LIBRARY_PATH=/ros2_ws/install/ur_controllers/lib:/ros2_ws/install/ur_msgs/lib:/ros2_ws/install/ur_dashboard_msgs/lib:/ros2_ws/install/ur_robot_driver/lib:/usr/lib/x86_64-linux-gnu/gazebo-11/plugins:/opt/ros/humble/opt/rviz_ogre_vendor/lib:/opt/ros/humble/lib/x86_64-linux-gnu:/opt/ros/humble/lib /usr/bin/cmake --install /ros2_ws/build/ur_bringup
[0.250s] -- Install configuration: "Release"
[0.250s] -- Up-to-date: /ros2_ws/install/ur_bringup/share/ur_bringup/config
[0.250s] -- Up-to-date: /ros2_ws/install/ur_bringup/share/ur_bringup/config/test_velocity_goal_publishers_config.yaml
[0.251s] -- Up-to-date: /ros2_ws/install/ur_bringup/share/ur_bringup/config/ur5e_update_rate.yaml
[0.251s] -- Up-to-date: /ros2_ws/install/ur_bringup/share/ur_bringup/config/ur3e_update_rate.yaml
[0.251s] -- Up-to-date: /ros2_ws/install/ur_bringup/share/ur_bringup/config/ur16e_update_rate.yaml
[0.251s] -- Up-to-date: /ros2_ws/install/ur_bringup/share/ur_bringup/config/ur5_update_rate.yaml
[0.251s] -- Up-to-date: /ros2_ws/install/ur_bringup/share/ur_bringup/config/ur_controllers.yaml
[0.251s] -- Up-to-date: /ros2_ws/install/ur_bringup/share/ur_bringup/config/ur10e_update_rate.yaml
[0.251s] -- Up-to-date: /ros2_ws/install/ur_bringup/share/ur_bringup/config/ur3_update_rate.yaml
[0.251s] -- Up-to-date: /ros2_ws/install/ur_bringup/share/ur_bringup/config/ur10_update_rate.yaml
[0.251s] -- Up-to-date: /ros2_ws/install/ur_bringup/share/ur_bringup/config/test_goal_publishers_config.yaml
[0.252s] -- Up-to-date: /ros2_ws/install/ur_bringup/share/ur_bringup/launch
[0.252s] -- Up-to-date: /ros2_ws/install/ur_bringup/share/ur_bringup/launch/ur5e.launch.py
[0.252s] -- Up-to-date: /ros2_ws/install/ur_bringup/share/ur_bringup/launch/test_forward_velocity_controller.launch.py
[0.252s] -- Up-to-date: /ros2_ws/install/ur_bringup/share/ur_bringup/launch/ur16e.launch.py
[0.252s] -- Up-to-date: /ros2_ws/install/ur_bringup/share/ur_bringup/launch/ur10.launch.py
[0.252s] -- Up-to-date: /ros2_ws/install/ur_bringup/share/ur_bringup/launch/ur_dashboard_client.launch.py
[0.252s] -- Up-to-date: /ros2_ws/install/ur_bringup/share/ur_bringup/launch/ur10e.launch.py
[0.252s] -- Up-to-date: /ros2_ws/install/ur_bringup/share/ur_bringup/launch/ur5.launch.py
[0.252s] -- Up-to-date: /ros2_ws/install/ur_bringup/share/ur_bringup/launch/ur3e.launch.py
[0.252s] -- Up-to-date: /ros2_ws/install/ur_bringup/share/ur_bringup/launch/ur3.launch.py
[0.253s] -- Up-to-date: /ros2_ws/install/ur_bringup/share/ur_bringup/launch/test_joint_trajectory_controller.launch.py
[0.253s] -- Up-to-date: /ros2_ws/install/ur_bringup/share/ur_bringup/launch/test_scaled_joint_trajectory_controller.launch.py
[0.253s] -- Up-to-date: /ros2_ws/install/ur_bringup/share/ur_bringup/launch/ur_control.launch.py
[0.253s] -- Up-to-date: /ros2_ws/install/ur_bringup/lib/ur_bringup/start_ursim.sh
[0.253s] -- Up-to-date: /ros2_ws/install/ur_bringup/share/ament_index/resource_index/package_run_dependencies/ur_bringup
[0.253s] -- Installing: /ros2_ws/install/ur_bringup/share/ament_index/resource_index/parent_prefix_path/ur_bringup
[0.253s] -- Up-to-date: /ros2_ws/install/ur_bringup/share/ur_bringup/environment/ament_prefix_path.sh
[0.253s] -- Installing: /ros2_ws/install/ur_bringup/share/ur_bringup/environment/ament_prefix_path.dsv
[0.253s] -- Up-to-date: /ros2_ws/install/ur_bringup/share/ur_bringup/environment/path.sh
[0.253s] -- Installing: /ros2_ws/install/ur_bringup/share/ur_bringup/environment/path.dsv
[0.253s] -- Up-to-date: /ros2_ws/install/ur_bringup/share/ur_bringup/local_setup.bash
[0.254s] -- Up-to-date: /ros2_ws/install/ur_bringup/share/ur_bringup/local_setup.sh
[0.254s] -- Up-to-date: /ros2_ws/install/ur_bringup/share/ur_bringup/local_setup.zsh
[0.254s] -- Installing: /ros2_ws/install/ur_bringup/share/ur_bringup/local_setup.dsv
[0.254s] -- Installing: /ros2_ws/install/ur_bringup/share/ur_bringup/package.dsv
[0.254s] -- Up-to-date: /ros2_ws/install/ur_bringup/share/ament_index/resource_index/packages/ur_bringup
[0.254s] -- Up-to-date: /ros2_ws/install/ur_bringup/share/ur_bringup/cmake/ur_bringupConfig.cmake
[0.254s] -- Up-to-date: /ros2_ws/install/ur_bringup/share/ur_bringup/cmake/ur_bringupConfig-version.cmake
[0.254s] -- Up-to-date: /ros2_ws/install/ur_bringup/share/ur_bringup/package.xml
[0.255s] Invoked command in '/ros2_ws/build/ur_bringup' returned '0': CMAKE_PREFIX_PATH=/ros2_ws/install/ur_controllers:/ros2_ws/install/ur_msgs:/ros2_ws/install/ur_dashboard_msgs:/ros2_ws/install/ur:/ros2_ws/install/ur_calibration:/ros2_ws/install/ur_robot_driver:/ros2_ws/install/ur_bringup:/ros2_ws/install/ur_moveit_config:/opt/ros/humble LD_LIBRARY_PATH=/ros2_ws/install/ur_controllers/lib:/ros2_ws/install/ur_msgs/lib:/ros2_ws/install/ur_dashboard_msgs/lib:/ros2_ws/install/ur_robot_driver/lib:/usr/lib/x86_64-linux-gnu/gazebo-11/plugins:/opt/ros/humble/opt/rviz_ogre_vendor/lib:/opt/ros/humble/lib/x86_64-linux-gnu:/opt/ros/humble/lib /usr/bin/cmake --install /ros2_ws/build/ur_bringup
