[0.014s] Invoking command in '/ros2_ws/build/ur_robot_driver': CMAKE_PREFIX_PATH=/ros2_ws/install/ur_controllers:/ros2_ws/install/ur_msgs:/ros2_ws/install/ur_dashboard_msgs:/ros2_ws/install/ur:/ros2_ws/install/ur_calibration:/ros2_ws/install/ur_robot_driver:/ros2_ws/install/ur_bringup:/ros2_ws/install/ur_moveit_config:/opt/ros/humble LD_LIBRARY_PATH=/ros2_ws/install/ur_controllers/lib:/ros2_ws/install/ur_msgs/lib:/ros2_ws/install/ur_dashboard_msgs/lib:/ros2_ws/install/ur_robot_driver/lib:/usr/lib/x86_64-linux-gnu/gazebo-11/plugins:/opt/ros/humble/opt/rviz_ogre_vendor/lib:/opt/ros/humble/lib/x86_64-linux-gnu:/opt/ros/humble/lib /usr/bin/cmake /ros2_ws/src/Universal_Robots_ROS2_Driver/ur_robot_driver -DCMAKE_INSTALL_PREFIX=/ros2_ws/install/ur_robot_driver
[0.026s] -- Found ament_cmake: 1.3.11 (/opt/ros/humble/share/ament_cmake/cmake)
[0.149s] -- Found controller_manager: 2.44.0 (/opt/ros/humble/share/controller_manager/cmake)
[0.177s] -- Found rosidl_generator_c: 3.1.6 (/opt/ros/humble/share/rosidl_generator_c/cmake)
[0.180s] -- Found rosidl_adapter: 3.1.6 (/opt/ros/humble/share/rosidl_adapter/cmake)
[0.185s] -- Found rosidl_generator_cpp: 3.1.6 (/opt/ros/humble/share/rosidl_generator_cpp/cmake)
[0.194s] -- Using all available rosidl_typesupport_c: rosidl_typesupport_fastrtps_c;rosidl_typesupport_introspection_c
[0.206s] -- Using all available rosidl_typesupport_cpp: rosidl_typesupport_fastrtps_cpp;rosidl_typesupport_introspection_cpp
[0.381s] -- Found rmw_implementation_cmake: 6.1.2 (/opt/ros/humble/share/rmw_implementation_cmake/cmake)
[0.382s] -- Found rmw_fastrtps_cpp: 6.2.7 (/opt/ros/humble/share/rmw_fastrtps_cpp/cmake)
[0.401s] -- Found TinyXML2 via Config file: TinyXML2_DIR-NOTFOUND
[0.409s] -- Found TinyXML2 via Config file: TinyXML2_DIR-NOTFOUND
[0.423s] -- Found TinyXML2 via Config file: TinyXML2_DIR-NOTFOUND
[0.431s] -- Found TinyXML2 via Config file: TinyXML2_DIR-NOTFOUND
[0.440s] -- Using RMW implementation 'rmw_fastrtps_cpp' as default
[0.520s] -- Found rclpy: 3.3.15 (/opt/ros/humble/share/rclpy/cmake)
[0.520s] -- Found std_srvs: 4.2.4 (/opt/ros/humble/share/std_srvs/cmake)
[0.529s] -- Found tf2_geometry_msgs: 0.25.9 (/opt/ros/humble/share/tf2_geometry_msgs/cmake)
[0.532s] -- Found eigen3_cmake_module: 0.1.1 (/opt/ros/humble/share/eigen3_cmake_module/cmake)
[0.533s] -- Ensuring Eigen3 include directory is part of orocos-kdl CMake target
[0.590s] -- Found ur_dashboard_msgs: 2.5.1 (/ros2_ws/install/ur_dashboard_msgs/share/ur_dashboard_msgs/cmake)
[0.605s] -- Found ur_msgs: 2.1.0 (/ros2_ws/install/ur_msgs/share/ur_msgs/cmake)
[0.854s] -- Found ur_controllers: 2.5.1 (/ros2_ws/install/ur_controllers/share/ur_controllers/cmake)
[0.867s] -- Found parameter_traits: 0.3.9 (/opt/ros/humble/share/parameter_traits/cmake)
[0.918s] -- Found ur_description: 2.1.8 (/opt/ros/humble/share/ur_description/cmake)
[0.918s] -- Found launch_testing_ament_cmake: 1.0.7 (/opt/ros/humble/share/launch_testing_ament_cmake/cmake)
[0.919s] -- Found python_cmake_module: 0.10.0 (/opt/ros/humble/share/python_cmake_module/cmake)
[0.940s] -- Using PYTHON_EXECUTABLE: /usr/bin/python3
[0.940s] -- Using PYTHON_INCLUDE_DIRS: /usr/include/python3.10
[0.940s] -- Using PYTHON_LIBRARIES: /usr/lib/x86_64-linux-gnu/libpython3.10.so
[0.941s] -- Configuring done
[1.109s] -- Generating done
[1.127s] -- Build files have been written to: /ros2_ws/build/ur_robot_driver
[1.137s] Invoked command in '/ros2_ws/build/ur_robot_driver' returned '0': CMAKE_PREFIX_PATH=/ros2_ws/install/ur_controllers:/ros2_ws/install/ur_msgs:/ros2_ws/install/ur_dashboard_msgs:/ros2_ws/install/ur:/ros2_ws/install/ur_calibration:/ros2_ws/install/ur_robot_driver:/ros2_ws/install/ur_bringup:/ros2_ws/install/ur_moveit_config:/opt/ros/humble LD_LIBRARY_PATH=/ros2_ws/install/ur_controllers/lib:/ros2_ws/install/ur_msgs/lib:/ros2_ws/install/ur_dashboard_msgs/lib:/ros2_ws/install/ur_robot_driver/lib:/usr/lib/x86_64-linux-gnu/gazebo-11/plugins:/opt/ros/humble/opt/rviz_ogre_vendor/lib:/opt/ros/humble/lib/x86_64-linux-gnu:/opt/ros/humble/lib /usr/bin/cmake /ros2_ws/src/Universal_Robots_ROS2_Driver/ur_robot_driver -DCMAKE_INSTALL_PREFIX=/ros2_ws/install/ur_robot_driver
[1.138s] Invoking command in '/ros2_ws/build/ur_robot_driver': CMAKE_PREFIX_PATH=/ros2_ws/install/ur_controllers:/ros2_ws/install/ur_msgs:/ros2_ws/install/ur_dashboard_msgs:/ros2_ws/install/ur:/ros2_ws/install/ur_calibration:/ros2_ws/install/ur_robot_driver:/ros2_ws/install/ur_bringup:/ros2_ws/install/ur_moveit_config:/opt/ros/humble LD_LIBRARY_PATH=/ros2_ws/install/ur_controllers/lib:/ros2_ws/install/ur_msgs/lib:/ros2_ws/install/ur_dashboard_msgs/lib:/ros2_ws/install/ur_robot_driver/lib:/usr/lib/x86_64-linux-gnu/gazebo-11/plugins:/opt/ros/humble/opt/rviz_ogre_vendor/lib:/opt/ros/humble/lib/x86_64-linux-gnu:/opt/ros/humble/lib /usr/bin/cmake --build /ros2_ws/build/ur_robot_driver
[1.181s] [35m[1mConsolidate compiler generated dependencies of target ur_robot_driver_plugin[0m
[1.203s] [ 26%] Built target ur_robot_driver_plugin
[1.214s] [35m[1mConsolidate compiler generated dependencies of target controller_stopper_node[0m
[1.233s] [ 46%] Built target controller_stopper_node
[1.243s] [35m[1mConsolidate compiler generated dependencies of target urscript_interface[0m
[1.260s] [ 60%] Built target urscript_interface
[1.287s] [ 60%] Built target ament_cmake_python_copy_ur_robot_driver
[1.299s] [35m[1mConsolidate compiler generated dependencies of target ur_ros2_control_node[0m
[1.318s] [ 73%] Built target ur_ros2_control_node
[1.558s] running egg_info
[1.558s] writing ur_robot_driver.egg-info/PKG-INFO
[1.558s] writing dependency_links to ur_robot_driver.egg-info/dependency_links.txt
[1.559s] writing top-level names to ur_robot_driver.egg-info/top_level.txt
[1.560s] reading manifest file 'ur_robot_driver.egg-info/SOURCES.txt'
[1.561s] writing manifest file 'ur_robot_driver.egg-info/SOURCES.txt'
[1.584s] [ 73%] Built target ament_cmake_python_build_ur_robot_driver_egg
[1.597s] [35m[1mConsolidate compiler generated dependencies of target dashboard_client[0m
[1.617s] [100%] Built target dashboard_client
[1.627s] Invoked command in '/ros2_ws/build/ur_robot_driver' returned '0': CMAKE_PREFIX_PATH=/ros2_ws/install/ur_controllers:/ros2_ws/install/ur_msgs:/ros2_ws/install/ur_dashboard_msgs:/ros2_ws/install/ur:/ros2_ws/install/ur_calibration:/ros2_ws/install/ur_robot_driver:/ros2_ws/install/ur_bringup:/ros2_ws/install/ur_moveit_config:/opt/ros/humble LD_LIBRARY_PATH=/ros2_ws/install/ur_controllers/lib:/ros2_ws/install/ur_msgs/lib:/ros2_ws/install/ur_dashboard_msgs/lib:/ros2_ws/install/ur_robot_driver/lib:/usr/lib/x86_64-linux-gnu/gazebo-11/plugins:/opt/ros/humble/opt/rviz_ogre_vendor/lib:/opt/ros/humble/lib/x86_64-linux-gnu:/opt/ros/humble/lib /usr/bin/cmake --build /ros2_ws/build/ur_robot_driver
[1.628s] Invoking command in '/ros2_ws/build/ur_robot_driver': CMAKE_PREFIX_PATH=/ros2_ws/install/ur_controllers:/ros2_ws/install/ur_msgs:/ros2_ws/install/ur_dashboard_msgs:/ros2_ws/install/ur:/ros2_ws/install/ur_calibration:/ros2_ws/install/ur_robot_driver:/ros2_ws/install/ur_bringup:/ros2_ws/install/ur_moveit_config:/opt/ros/humble LD_LIBRARY_PATH=/ros2_ws/install/ur_controllers/lib:/ros2_ws/install/ur_msgs/lib:/ros2_ws/install/ur_dashboard_msgs/lib:/ros2_ws/install/ur_robot_driver/lib:/usr/lib/x86_64-linux-gnu/gazebo-11/plugins:/opt/ros/humble/opt/rviz_ogre_vendor/lib:/opt/ros/humble/lib/x86_64-linux-gnu:/opt/ros/humble/lib /usr/bin/cmake --install /ros2_ws/build/ur_robot_driver
[1.636s] -- Install configuration: "Release"
[1.636s] -- Up-to-date: /ros2_ws/install/ur_robot_driver/share/ur_robot_driver/hardware_interface_plugin.xml
[1.636s] -- Up-to-date: /ros2_ws/install/ur_robot_driver/lib/ur_robot_driver/dashboard_client
[1.636s] -- Up-to-date: /ros2_ws/install/ur_robot_driver/lib/ur_robot_driver/ur_ros2_control_node
[1.637s] -- Up-to-date: /ros2_ws/install/ur_robot_driver/lib/ur_robot_driver/controller_stopper_node
[1.637s] -- Up-to-date: /ros2_ws/install/ur_robot_driver/lib/ur_robot_driver/urscript_interface
[1.637s] -- Up-to-date: /ros2_ws/install/ur_robot_driver/lib/libur_robot_driver_plugin.so
[1.637s] -- Up-to-date: /ros2_ws/install/ur_robot_driver/include
[1.638s] -- Up-to-date: /ros2_ws/install/ur_robot_driver/include/ur_robot_driver
[1.638s] -- Up-to-date: /ros2_ws/install/ur_robot_driver/include/ur_robot_driver/hardware_interface.hpp
[1.638s] -- Up-to-date: /ros2_ws/install/ur_robot_driver/include/ur_robot_driver/urcl_log_handler.hpp
[1.638s] -- Up-to-date: /ros2_ws/install/ur_robot_driver/include/ur_robot_driver/controller_stopper.hpp
[1.638s] -- Up-to-date: /ros2_ws/install/ur_robot_driver/include/ur_robot_driver/dashboard_client_ros.hpp
[1.638s] -- Up-to-date: /ros2_ws/install/ur_robot_driver/share/ur_robot_driver/environment/library_path.sh
[1.638s] -- Installing: /ros2_ws/install/ur_robot_driver/share/ur_robot_driver/environment/library_path.dsv
[1.638s] -- Up-to-date: /ros2_ws/install/ur_robot_driver/share/ur_robot_driver/resources
[1.638s] -- Up-to-date: /ros2_ws/install/ur_robot_driver/share/ur_robot_driver/resources/ros_control.urscript
[1.638s] -- Up-to-date: /ros2_ws/install/ur_robot_driver/share/ur_robot_driver/resources/externalcontrol-1.0.5.urcap
[1.638s] -- Up-to-date: /ros2_ws/install/ur_robot_driver/share/ur_robot_driver/resources/rs485-1.0.urcap
[1.638s] -- Up-to-date: /ros2_ws/install/ur_robot_driver/share/ur_robot_driver/resources/rtde_output_recipe.txt
[1.638s] -- Up-to-date: /ros2_ws/install/ur_robot_driver/share/ur_robot_driver/resources/rtde_input_recipe.txt
[1.638s] -- Up-to-date: /ros2_ws/install/ur_robot_driver/include
[1.639s] -- Up-to-date: /ros2_ws/install/ur_robot_driver/include/ur_robot_driver
[1.639s] -- Up-to-date: /ros2_ws/install/ur_robot_driver/include/ur_robot_driver/hardware_interface.hpp
[1.639s] -- Up-to-date: /ros2_ws/install/ur_robot_driver/include/ur_robot_driver/urcl_log_handler.hpp
[1.639s] -- Up-to-date: /ros2_ws/install/ur_robot_driver/include/ur_robot_driver/controller_stopper.hpp
[1.639s] -- Up-to-date: /ros2_ws/install/ur_robot_driver/include/ur_robot_driver/dashboard_client_ros.hpp
[1.639s] -- Up-to-date: /ros2_ws/install/ur_robot_driver/share/ur_robot_driver/environment/pythonpath.sh
[1.639s] -- Installing: /ros2_ws/install/ur_robot_driver/share/ur_robot_driver/environment/pythonpath.dsv
[1.639s] -- Up-to-date: /ros2_ws/install/ur_robot_driver/local/lib/python3.10/dist-packages/ur_robot_driver-2.5.1-py3.10.egg-info
[1.639s] -- Installing: /ros2_ws/install/ur_robot_driver/local/lib/python3.10/dist-packages/ur_robot_driver-2.5.1-py3.10.egg-info/dependency_links.txt
[1.639s] -- Installing: /ros2_ws/install/ur_robot_driver/local/lib/python3.10/dist-packages/ur_robot_driver-2.5.1-py3.10.egg-info/top_level.txt
[1.639s] -- Installing: /ros2_ws/install/ur_robot_driver/local/lib/python3.10/dist-packages/ur_robot_driver-2.5.1-py3.10.egg-info/SOURCES.txt
[1.639s] -- Installing: /ros2_ws/install/ur_robot_driver/local/lib/python3.10/dist-packages/ur_robot_driver-2.5.1-py3.10.egg-info/PKG-INFO
[1.639s] -- Up-to-date: /ros2_ws/install/ur_robot_driver/local/lib/python3.10/dist-packages/ur_robot_driver
[1.639s] -- Up-to-date: /ros2_ws/install/ur_robot_driver/local/lib/python3.10/dist-packages/ur_robot_driver/__init__.py
[1.668s] Listing '/ros2_ws/install/ur_robot_driver/local/lib/python3.10/dist-packages/ur_robot_driver'...
[1.672s] -- Up-to-date: /ros2_ws/install/ur_robot_driver/lib/ur_robot_driver/tool_communication.py
[1.673s] -- Up-to-date: /ros2_ws/install/ur_robot_driver/lib/ur_robot_driver/example_move.py
[1.673s] -- Up-to-date: /ros2_ws/install/ur_robot_driver/lib/ur_robot_driver/start_ursim.sh
[1.673s] -- Up-to-date: /ros2_ws/install/ur_robot_driver/lib/ur_robot_driver/examples.py
[1.673s] -- Up-to-date: /ros2_ws/install/ur_robot_driver/lib/ur_robot_driver/force_mode.py
[1.673s] -- Up-to-date: /ros2_ws/install/ur_robot_driver/bin/wait_dashboard_server.sh
[1.673s] -- Up-to-date: /ros2_ws/install/ur_robot_driver/lib/ur_robot_driver/start_ursim.sh
[1.673s] -- Up-to-date: /ros2_ws/install/ur_robot_driver/share/ur_robot_driver/config
[1.673s] -- Up-to-date: /ros2_ws/install/ur_robot_driver/share/ur_robot_driver/config/test_velocity_goal_publishers_config.yaml
[1.673s] -- Up-to-date: /ros2_ws/install/ur_robot_driver/share/ur_robot_driver/config/ur5e_update_rate.yaml
[1.673s] -- Up-to-date: /ros2_ws/install/ur_robot_driver/share/ur_robot_driver/config/ur3e_update_rate.yaml
[1.673s] -- Up-to-date: /ros2_ws/install/ur_robot_driver/share/ur_robot_driver/config/ur16e_update_rate.yaml
[1.673s] -- Up-to-date: /ros2_ws/install/ur_robot_driver/share/ur_robot_driver/config/ur5_update_rate.yaml
[1.673s] -- Up-to-date: /ros2_ws/install/ur_robot_driver/share/ur_robot_driver/config/ur_controllers.yaml
[1.674s] -- Up-to-date: /ros2_ws/install/ur_robot_driver/share/ur_robot_driver/config/ur20_update_rate.yaml
[1.674s] -- Up-to-date: /ros2_ws/install/ur_robot_driver/share/ur_robot_driver/config/ur10e_update_rate.yaml
[1.674s] -- Up-to-date: /ros2_ws/install/ur_robot_driver/share/ur_robot_driver/config/ur3_update_rate.yaml
[1.674s] -- Up-to-date: /ros2_ws/install/ur_robot_driver/share/ur_robot_driver/config/ur30_update_rate.yaml
[1.674s] -- Up-to-date: /ros2_ws/install/ur_robot_driver/share/ur_robot_driver/config/ur10_update_rate.yaml
[1.674s] -- Up-to-date: /ros2_ws/install/ur_robot_driver/share/ur_robot_driver/config/test_goal_publishers_config.yaml
[1.674s] -- Up-to-date: /ros2_ws/install/ur_robot_driver/share/ur_robot_driver/launch
[1.674s] -- Up-to-date: /ros2_ws/install/ur_robot_driver/share/ur_robot_driver/launch/ur5e.launch.py
[1.674s] -- Up-to-date: /ros2_ws/install/ur_robot_driver/share/ur_robot_driver/launch/test_forward_velocity_controller.launch.py
[1.675s] -- Up-to-date: /ros2_ws/install/ur_robot_driver/share/ur_robot_driver/launch/ur16e.launch.py
[1.675s] -- Up-to-date: /ros2_ws/install/ur_robot_driver/share/ur_robot_driver/launch/ur10.launch.py
[1.675s] -- Up-to-date: /ros2_ws/install/ur_robot_driver/share/ur_robot_driver/launch/ur_dashboard_client.launch.py
[1.675s] -- Up-to-date: /ros2_ws/install/ur_robot_driver/share/ur_robot_driver/launch/ur20.launch.py
[1.675s] -- Up-to-date: /ros2_ws/install/ur_robot_driver/share/ur_robot_driver/launch/ur10e.launch.py
[1.675s] -- Up-to-date: /ros2_ws/install/ur_robot_driver/share/ur_robot_driver/launch/ur5.launch.py
[1.675s] -- Up-to-date: /ros2_ws/install/ur_robot_driver/share/ur_robot_driver/launch/ur3e.launch.py
[1.675s] -- Up-to-date: /ros2_ws/install/ur_robot_driver/share/ur_robot_driver/launch/ur30.launch.py
[1.675s] -- Up-to-date: /ros2_ws/install/ur_robot_driver/share/ur_robot_driver/launch/ur3.launch.py
[1.675s] -- Up-to-date: /ros2_ws/install/ur_robot_driver/share/ur_robot_driver/launch/test_joint_trajectory_controller.launch.py
[1.675s] -- Up-to-date: /ros2_ws/install/ur_robot_driver/share/ur_robot_driver/launch/test_scaled_joint_trajectory_controller.launch.py
[1.675s] -- Up-to-date: /ros2_ws/install/ur_robot_driver/share/ur_robot_driver/launch/ur_control.launch.py
[1.675s] -- Up-to-date: /ros2_ws/install/ur_robot_driver/share/ament_index/resource_index/package_run_dependencies/ur_robot_driver
[1.676s] -- Installing: /ros2_ws/install/ur_robot_driver/share/ament_index/resource_index/parent_prefix_path/ur_robot_driver
[1.676s] -- Up-to-date: /ros2_ws/install/ur_robot_driver/share/ur_robot_driver/environment/ament_prefix_path.sh
[1.676s] -- Installing: /ros2_ws/install/ur_robot_driver/share/ur_robot_driver/environment/ament_prefix_path.dsv
[1.676s] -- Up-to-date: /ros2_ws/install/ur_robot_driver/share/ur_robot_driver/environment/path.sh
[1.676s] -- Installing: /ros2_ws/install/ur_robot_driver/share/ur_robot_driver/environment/path.dsv
[1.676s] -- Up-to-date: /ros2_ws/install/ur_robot_driver/share/ur_robot_driver/local_setup.bash
[1.676s] -- Up-to-date: /ros2_ws/install/ur_robot_driver/share/ur_robot_driver/local_setup.sh
[1.676s] -- Up-to-date: /ros2_ws/install/ur_robot_driver/share/ur_robot_driver/local_setup.zsh
[1.676s] -- Installing: /ros2_ws/install/ur_robot_driver/share/ur_robot_driver/local_setup.dsv
[1.677s] -- Installing: /ros2_ws/install/ur_robot_driver/share/ur_robot_driver/package.dsv
[1.677s] -- Up-to-date: /ros2_ws/install/ur_robot_driver/share/ament_index/resource_index/packages/ur_robot_driver
[1.677s] -- Up-to-date: /ros2_ws/install/ur_robot_driver/share/ament_index/resource_index/hardware_interface__pluginlib__plugin/ur_robot_driver
[1.678s] -- Up-to-date: /ros2_ws/install/ur_robot_driver/share/ur_robot_driver/cmake/ament_cmake_export_include_directories-extras.cmake
[1.678s] -- Up-to-date: /ros2_ws/install/ur_robot_driver/share/ur_robot_driver/cmake/ament_cmake_export_libraries-extras.cmake
[1.678s] -- Up-to-date: /ros2_ws/install/ur_robot_driver/share/ur_robot_driver/cmake/ament_cmake_export_dependencies-extras.cmake
[1.678s] -- Up-to-date: /ros2_ws/install/ur_robot_driver/share/ur_robot_driver/cmake/ur_robot_driverConfig.cmake
[1.678s] -- Up-to-date: /ros2_ws/install/ur_robot_driver/share/ur_robot_driver/cmake/ur_robot_driverConfig-version.cmake
[1.678s] -- Up-to-date: /ros2_ws/install/ur_robot_driver/share/ur_robot_driver/package.xml
[1.678s] Invoked command in '/ros2_ws/build/ur_robot_driver' returned '0': CMAKE_PREFIX_PATH=/ros2_ws/install/ur_controllers:/ros2_ws/install/ur_msgs:/ros2_ws/install/ur_dashboard_msgs:/ros2_ws/install/ur:/ros2_ws/install/ur_calibration:/ros2_ws/install/ur_robot_driver:/ros2_ws/install/ur_bringup:/ros2_ws/install/ur_moveit_config:/opt/ros/humble LD_LIBRARY_PATH=/ros2_ws/install/ur_controllers/lib:/ros2_ws/install/ur_msgs/lib:/ros2_ws/install/ur_dashboard_msgs/lib:/ros2_ws/install/ur_robot_driver/lib:/usr/lib/x86_64-linux-gnu/gazebo-11/plugins:/opt/ros/humble/opt/rviz_ogre_vendor/lib:/opt/ros/humble/lib/x86_64-linux-gnu:/opt/ros/humble/lib /usr/bin/cmake --install /ros2_ws/build/ur_robot_driver
