[0.032s] Invoking command in '/ros2_ws/build/ur_bringup': AMENT_PREFIX_PATH=/ros2_ws/install/ur_controllers:/ros2_ws/install/ur_msgs:/ros2_ws/install/ur_dashboard_msgs:${AMENT_PREFIX_PATH} CMAKE_PREFIX_PATH=/ros2_ws/install/ur_controllers:/ros2_ws/install/ur_msgs:/ros2_ws/install/ur_dashboard_msgs:/opt/ros/humble LD_LIBRARY_PATH=/ros2_ws/install/ur_controllers/lib:/ros2_ws/install/ur_msgs/lib:/ros2_ws/install/ur_dashboard_msgs/lib:${LD_LIBRARY_PATH} PYTHONPATH=/ros2_ws/install/ur_msgs/local/lib/python3.10/dist-packages:/ros2_ws/install/ur_dashboard_msgs/local/lib/python3.10/dist-packages:${PYTHONPATH} /usr/bin/cmake --build /ros2_ws/build/ur_bringup -- -j8 -l8
[0.590s] Invoked command in '/ros2_ws/build/ur_bringup' returned '0': AMENT_PREFIX_PATH=/ros2_ws/install/ur_controllers:/ros2_ws/install/ur_msgs:/ros2_ws/install/ur_dashboard_msgs:${AMENT_PREFIX_PATH} CMAKE_PREFIX_PATH=/ros2_ws/install/ur_controllers:/ros2_ws/install/ur_msgs:/ros2_ws/install/ur_dashboard_msgs:/opt/ros/humble LD_LIBRARY_PATH=/ros2_ws/install/ur_controllers/lib:/ros2_ws/install/ur_msgs/lib:/ros2_ws/install/ur_dashboard_msgs/lib:${LD_LIBRARY_PATH} PYTHONPATH=/ros2_ws/install/ur_msgs/local/lib/python3.10/dist-packages:/ros2_ws/install/ur_dashboard_msgs/local/lib/python3.10/dist-packages:${PYTHONPATH} /usr/bin/cmake --build /ros2_ws/build/ur_bringup -- -j8 -l8
[0.594s] Invoking command in '/ros2_ws/build/ur_bringup': AMENT_PREFIX_PATH=/ros2_ws/install/ur_controllers:/ros2_ws/install/ur_msgs:/ros2_ws/install/ur_dashboard_msgs:${AMENT_PREFIX_PATH} CMAKE_PREFIX_PATH=/ros2_ws/install/ur_controllers:/ros2_ws/install/ur_msgs:/ros2_ws/install/ur_dashboard_msgs:/opt/ros/humble LD_LIBRARY_PATH=/ros2_ws/install/ur_controllers/lib:/ros2_ws/install/ur_msgs/lib:/ros2_ws/install/ur_dashboard_msgs/lib:${LD_LIBRARY_PATH} PYTHONPATH=/ros2_ws/install/ur_msgs/local/lib/python3.10/dist-packages:/ros2_ws/install/ur_dashboard_msgs/local/lib/python3.10/dist-packages:${PYTHONPATH} /usr/bin/cmake --install /ros2_ws/build/ur_bringup
[0.723s] -- Install configuration: "Release"
[0.724s] -- Up-to-date: /ros2_ws/install/ur_bringup/share/ur_bringup/config
[0.724s] -- Up-to-date: /ros2_ws/install/ur_bringup/share/ur_bringup/config/test_velocity_goal_publishers_config.yaml
[0.725s] -- Up-to-date: /ros2_ws/install/ur_bringup/share/ur_bringup/config/ur5e_update_rate.yaml
[0.725s] -- Up-to-date: /ros2_ws/install/ur_bringup/share/ur_bringup/config/ur3e_update_rate.yaml
[0.726s] -- Up-to-date: /ros2_ws/install/ur_bringup/share/ur_bringup/config/ur16e_update_rate.yaml
[0.726s] -- Up-to-date: /ros2_ws/install/ur_bringup/share/ur_bringup/config/ur5_update_rate.yaml
[0.727s] -- Up-to-date: /ros2_ws/install/ur_bringup/share/ur_bringup/config/ur_controllers.yaml
[0.727s] -- Up-to-date: /ros2_ws/install/ur_bringup/share/ur_bringup/config/ur10e_update_rate.yaml
[0.728s] -- Up-to-date: /ros2_ws/install/ur_bringup/share/ur_bringup/config/ur3_update_rate.yaml
[0.728s] -- Up-to-date: /ros2_ws/install/ur_bringup/share/ur_bringup/config/ur10_update_rate.yaml
[0.729s] -- Up-to-date: /ros2_ws/install/ur_bringup/share/ur_bringup/config/test_goal_publishers_config.yaml
[0.729s] -- Up-to-date: /ros2_ws/install/ur_bringup/share/ur_bringup/launch
[0.730s] -- Up-to-date: /ros2_ws/install/ur_bringup/share/ur_bringup/launch/ur5e.launch.py
[0.731s] -- Up-to-date: /ros2_ws/install/ur_bringup/share/ur_bringup/launch/test_forward_velocity_controller.launch.py
[0.731s] -- Up-to-date: /ros2_ws/install/ur_bringup/share/ur_bringup/launch/ur16e.launch.py
[0.732s] -- Up-to-date: /ros2_ws/install/ur_bringup/share/ur_bringup/launch/ur10.launch.py
[0.732s] -- Up-to-date: /ros2_ws/install/ur_bringup/share/ur_bringup/launch/ur_dashboard_client.launch.py
[0.733s] -- Up-to-date: /ros2_ws/install/ur_bringup/share/ur_bringup/launch/ur10e.launch.py
[0.733s] -- Up-to-date: /ros2_ws/install/ur_bringup/share/ur_bringup/launch/ur5.launch.py
[0.734s] -- Up-to-date: /ros2_ws/install/ur_bringup/share/ur_bringup/launch/ur3e.launch.py
[0.735s] -- Up-to-date: /ros2_ws/install/ur_bringup/share/ur_bringup/launch/ur3.launch.py
[0.735s] -- Up-to-date: /ros2_ws/install/ur_bringup/share/ur_bringup/launch/test_joint_trajectory_controller.launch.py
[0.736s] -- Up-to-date: /ros2_ws/install/ur_bringup/share/ur_bringup/launch/test_scaled_joint_trajectory_controller.launch.py
[0.741s] -- Up-to-date: /ros2_ws/install/ur_bringup/share/ur_bringup/launch/ur_control.launch.py
[0.741s] -- Up-to-date: /ros2_ws/install/ur_bringup/lib/ur_bringup/start_ursim.sh
[0.742s] -- Up-to-date: /ros2_ws/install/ur_bringup/share/ament_index/resource_index/package_run_dependencies/ur_bringup
[0.743s] -- Up-to-date: /ros2_ws/install/ur_bringup/share/ament_index/resource_index/parent_prefix_path/ur_bringup
[0.743s] -- Up-to-date: /ros2_ws/install/ur_bringup/share/ur_bringup/environment/ament_prefix_path.sh
[0.744s] -- Up-to-date: /ros2_ws/install/ur_bringup/share/ur_bringup/environment/ament_prefix_path.dsv
[0.744s] -- Up-to-date: /ros2_ws/install/ur_bringup/share/ur_bringup/environment/path.sh
[0.745s] -- Up-to-date: /ros2_ws/install/ur_bringup/share/ur_bringup/environment/path.dsv
[0.745s] -- Up-to-date: /ros2_ws/install/ur_bringup/share/ur_bringup/local_setup.bash
[0.746s] -- Up-to-date: /ros2_ws/install/ur_bringup/share/ur_bringup/local_setup.sh
[0.746s] -- Up-to-date: /ros2_ws/install/ur_bringup/share/ur_bringup/local_setup.zsh
[0.747s] -- Up-to-date: /ros2_ws/install/ur_bringup/share/ur_bringup/local_setup.dsv
[0.747s] -- Installing: /ros2_ws/install/ur_bringup/share/ur_bringup/package.dsv
[0.748s] -- Up-to-date: /ros2_ws/install/ur_bringup/share/ament_index/resource_index/packages/ur_bringup
[0.749s] -- Up-to-date: /ros2_ws/install/ur_bringup/share/ur_bringup/cmake/ur_bringupConfig.cmake
[0.749s] -- Up-to-date: /ros2_ws/install/ur_bringup/share/ur_bringup/cmake/ur_bringupConfig-version.cmake
[0.750s] -- Up-to-date: /ros2_ws/install/ur_bringup/share/ur_bringup/package.xml
[0.852s] Invoked command in '/ros2_ws/build/ur_bringup' returned '0': AMENT_PREFIX_PATH=/ros2_ws/install/ur_controllers:/ros2_ws/install/ur_msgs:/ros2_ws/install/ur_dashboard_msgs:${AMENT_PREFIX_PATH} CMAKE_PREFIX_PATH=/ros2_ws/install/ur_controllers:/ros2_ws/install/ur_msgs:/ros2_ws/install/ur_dashboard_msgs:/opt/ros/humble LD_LIBRARY_PATH=/ros2_ws/install/ur_controllers/lib:/ros2_ws/install/ur_msgs/lib:/ros2_ws/install/ur_dashboard_msgs/lib:${LD_LIBRARY_PATH} PYTHONPATH=/ros2_ws/install/ur_msgs/local/lib/python3.10/dist-packages:/ros2_ws/install/ur_dashboard_msgs/local/lib/python3.10/dist-packages:${PYTHONPATH} /usr/bin/cmake --install /ros2_ws/build/ur_bringup
