[0.079s] Invoking command in '/ros2_ws/build/moveit_setup_controllers': AMENT_PREFIX_PATH=/ros2_ws/install/moveit_setup_framework:/ros2_ws/install/moveit_ros_visualization:/ros2_ws/install/moveit_ros_planning_interface:/ros2_ws/install/moveit_ros_move_group:/ros2_ws/install/moveit_ros_warehouse:/ros2_ws/install/moveit_ros_robot_interaction:/ros2_ws/install/moveit_planners_ompl:/ros2_ws/install/moveit_kinematics:/ros2_ws/install/moveit_ros_planning:/ros2_ws/install/moveit_simple_controller_manager:/ros2_ws/install/moveit_ros_occupancy_map_monitor:/ros2_ws/install/moveit_core:/ros2_ws/install/moveit_resources_panda_moveit_config:/ros2_ws/install/moveit_resources_fanuc_moveit_config:/ros2_ws/install/moveit_configs_utils:/ros2_ws/install/srdfdom:/ros2_ws/install/moveit_resources_pr2_description:/ros2_ws/install/moveit_resources_panda_description:/ros2_ws/install/moveit_resources_fanuc_description:/ros2_ws/install/moveit_common:/ros2_ws/install/launch_param_builder:${AMENT_PREFIX_PATH} CMAKE_PREFIX_PATH=/ros2_ws/install/moveit_setup_framework:/ros2_ws/install/moveit_ros_visualization:/ros2_ws/install/moveit_ros_planning_interface:/ros2_ws/install/moveit_ros_move_group:/ros2_ws/install/moveit_ros_warehouse:/ros2_ws/install/moveit_ros_robot_interaction:/ros2_ws/install/moveit_planners_ompl:/ros2_ws/install/moveit_kinematics:/ros2_ws/install/moveit_ros_planning:/ros2_ws/install/moveit_simple_controller_manager:/ros2_ws/install/moveit_ros_occupancy_map_monitor:/ros2_ws/install/moveit_core:/ros2_ws/install/moveit_resources_panda_moveit_config:/ros2_ws/install/moveit_resources_fanuc_moveit_config:/ros2_ws/install/srdfdom:/ros2_ws/install/moveit_resources_pr2_description:/ros2_ws/install/moveit_resources_panda_description:/ros2_ws/install/moveit_resources_fanuc_description:/ros2_ws/install/moveit_common:/opt/ros/humble LD_LIBRARY_PATH=/ros2_ws/install/moveit_setup_framework/lib:/ros2_ws/install/moveit_ros_visualization/lib:/ros2_ws/install/moveit_ros_planning_interface/lib:/ros2_ws/install/moveit_ros_move_group/lib:/ros2_ws/install/moveit_ros_warehouse/lib:/ros2_ws/install/moveit_ros_robot_interaction/lib:/ros2_ws/install/moveit_planners_ompl/lib:/ros2_ws/install/moveit_kinematics/lib:/ros2_ws/install/moveit_ros_planning/lib:/ros2_ws/install/moveit_simple_controller_manager/lib:/ros2_ws/install/moveit_ros_occupancy_map_monitor/lib:/ros2_ws/install/moveit_core/lib:/ros2_ws/install/srdfdom/lib:${LD_LIBRARY_PATH} PATH=/ros2_ws/install/moveit_core/bin:${PATH} PYTHONPATH=/ros2_ws/install/moveit_configs_utils/lib/python3.10/site-packages:/ros2_ws/install/srdfdom/local/lib/python3.10/dist-packages:/ros2_ws/install/launch_param_builder/lib/python3.10/site-packages:${PYTHONPATH} /usr/bin/cmake --build /ros2_ws/build/moveit_setup_controllers -- -j8 -l8
[0.180s] [  3%] [34m[1mAutomatic MOC for target moveit_setup_controllers[0m
[0.195s] [  6%] [34m[1mAutomatic MOC for target gtest_main[0m
[0.212s] [  9%] [34m[1mAutomatic MOC for target gtest[0m
[0.238s] [  9%] Built target gtest_main_autogen
[0.246s] [  9%] Built target moveit_setup_controllers_autogen
[0.252s] [  9%] Built target gtest_autogen
[0.302s] [ 18%] Built target gtest_main
[0.307s] [ 27%] Built target gtest
[0.410s] [ 87%] Built target moveit_setup_controllers
[0.445s] [ 90%] [34m[1mAutomatic MOC for target test_controllers[0m
[0.506s] [ 90%] Built target test_controllers_autogen
[0.609s] [100%] Built target test_controllers
[0.692s] Invoked command in '/ros2_ws/build/moveit_setup_controllers' returned '0': AMENT_PREFIX_PATH=/ros2_ws/install/moveit_setup_framework:/ros2_ws/install/moveit_ros_visualization:/ros2_ws/install/moveit_ros_planning_interface:/ros2_ws/install/moveit_ros_move_group:/ros2_ws/install/moveit_ros_warehouse:/ros2_ws/install/moveit_ros_robot_interaction:/ros2_ws/install/moveit_planners_ompl:/ros2_ws/install/moveit_kinematics:/ros2_ws/install/moveit_ros_planning:/ros2_ws/install/moveit_simple_controller_manager:/ros2_ws/install/moveit_ros_occupancy_map_monitor:/ros2_ws/install/moveit_core:/ros2_ws/install/moveit_resources_panda_moveit_config:/ros2_ws/install/moveit_resources_fanuc_moveit_config:/ros2_ws/install/moveit_configs_utils:/ros2_ws/install/srdfdom:/ros2_ws/install/moveit_resources_pr2_description:/ros2_ws/install/moveit_resources_panda_description:/ros2_ws/install/moveit_resources_fanuc_description:/ros2_ws/install/moveit_common:/ros2_ws/install/launch_param_builder:${AMENT_PREFIX_PATH} CMAKE_PREFIX_PATH=/ros2_ws/install/moveit_setup_framework:/ros2_ws/install/moveit_ros_visualization:/ros2_ws/install/moveit_ros_planning_interface:/ros2_ws/install/moveit_ros_move_group:/ros2_ws/install/moveit_ros_warehouse:/ros2_ws/install/moveit_ros_robot_interaction:/ros2_ws/install/moveit_planners_ompl:/ros2_ws/install/moveit_kinematics:/ros2_ws/install/moveit_ros_planning:/ros2_ws/install/moveit_simple_controller_manager:/ros2_ws/install/moveit_ros_occupancy_map_monitor:/ros2_ws/install/moveit_core:/ros2_ws/install/moveit_resources_panda_moveit_config:/ros2_ws/install/moveit_resources_fanuc_moveit_config:/ros2_ws/install/srdfdom:/ros2_ws/install/moveit_resources_pr2_description:/ros2_ws/install/moveit_resources_panda_description:/ros2_ws/install/moveit_resources_fanuc_description:/ros2_ws/install/moveit_common:/opt/ros/humble LD_LIBRARY_PATH=/ros2_ws/install/moveit_setup_framework/lib:/ros2_ws/install/moveit_ros_visualization/lib:/ros2_ws/install/moveit_ros_planning_interface/lib:/ros2_ws/install/moveit_ros_move_group/lib:/ros2_ws/install/moveit_ros_warehouse/lib:/ros2_ws/install/moveit_ros_robot_interaction/lib:/ros2_ws/install/moveit_planners_ompl/lib:/ros2_ws/install/moveit_kinematics/lib:/ros2_ws/install/moveit_ros_planning/lib:/ros2_ws/install/moveit_simple_controller_manager/lib:/ros2_ws/install/moveit_ros_occupancy_map_monitor/lib:/ros2_ws/install/moveit_core/lib:/ros2_ws/install/srdfdom/lib:${LD_LIBRARY_PATH} PATH=/ros2_ws/install/moveit_core/bin:${PATH} PYTHONPATH=/ros2_ws/install/moveit_configs_utils/lib/python3.10/site-packages:/ros2_ws/install/srdfdom/local/lib/python3.10/dist-packages:/ros2_ws/install/launch_param_builder/lib/python3.10/site-packages:${PYTHONPATH} /usr/bin/cmake --build /ros2_ws/build/moveit_setup_controllers -- -j8 -l8
[0.695s] Invoking command in '/ros2_ws/build/moveit_setup_controllers': AMENT_PREFIX_PATH=/ros2_ws/install/moveit_setup_framework:/ros2_ws/install/moveit_ros_visualization:/ros2_ws/install/moveit_ros_planning_interface:/ros2_ws/install/moveit_ros_move_group:/ros2_ws/install/moveit_ros_warehouse:/ros2_ws/install/moveit_ros_robot_interaction:/ros2_ws/install/moveit_planners_ompl:/ros2_ws/install/moveit_kinematics:/ros2_ws/install/moveit_ros_planning:/ros2_ws/install/moveit_simple_controller_manager:/ros2_ws/install/moveit_ros_occupancy_map_monitor:/ros2_ws/install/moveit_core:/ros2_ws/install/moveit_resources_panda_moveit_config:/ros2_ws/install/moveit_resources_fanuc_moveit_config:/ros2_ws/install/moveit_configs_utils:/ros2_ws/install/srdfdom:/ros2_ws/install/moveit_resources_pr2_description:/ros2_ws/install/moveit_resources_panda_description:/ros2_ws/install/moveit_resources_fanuc_description:/ros2_ws/install/moveit_common:/ros2_ws/install/launch_param_builder:${AMENT_PREFIX_PATH} CMAKE_PREFIX_PATH=/ros2_ws/install/moveit_setup_framework:/ros2_ws/install/moveit_ros_visualization:/ros2_ws/install/moveit_ros_planning_interface:/ros2_ws/install/moveit_ros_move_group:/ros2_ws/install/moveit_ros_warehouse:/ros2_ws/install/moveit_ros_robot_interaction:/ros2_ws/install/moveit_planners_ompl:/ros2_ws/install/moveit_kinematics:/ros2_ws/install/moveit_ros_planning:/ros2_ws/install/moveit_simple_controller_manager:/ros2_ws/install/moveit_ros_occupancy_map_monitor:/ros2_ws/install/moveit_core:/ros2_ws/install/moveit_resources_panda_moveit_config:/ros2_ws/install/moveit_resources_fanuc_moveit_config:/ros2_ws/install/srdfdom:/ros2_ws/install/moveit_resources_pr2_description:/ros2_ws/install/moveit_resources_panda_description:/ros2_ws/install/moveit_resources_fanuc_description:/ros2_ws/install/moveit_common:/opt/ros/humble LD_LIBRARY_PATH=/ros2_ws/install/moveit_setup_framework/lib:/ros2_ws/install/moveit_ros_visualization/lib:/ros2_ws/install/moveit_ros_planning_interface/lib:/ros2_ws/install/moveit_ros_move_group/lib:/ros2_ws/install/moveit_ros_warehouse/lib:/ros2_ws/install/moveit_ros_robot_interaction/lib:/ros2_ws/install/moveit_planners_ompl/lib:/ros2_ws/install/moveit_kinematics/lib:/ros2_ws/install/moveit_ros_planning/lib:/ros2_ws/install/moveit_simple_controller_manager/lib:/ros2_ws/install/moveit_ros_occupancy_map_monitor/lib:/ros2_ws/install/moveit_core/lib:/ros2_ws/install/srdfdom/lib:${LD_LIBRARY_PATH} PATH=/ros2_ws/install/moveit_core/bin:${PATH} PYTHONPATH=/ros2_ws/install/moveit_configs_utils/lib/python3.10/site-packages:/ros2_ws/install/srdfdom/local/lib/python3.10/dist-packages:/ros2_ws/install/launch_param_builder/lib/python3.10/site-packages:${PYTHONPATH} /usr/bin/cmake --install /ros2_ws/build/moveit_setup_controllers
[0.705s] -- Install configuration: "Release"
[0.705s] -- Up-to-date: /ros2_ws/install/moveit_setup_controllers/share/moveit_setup_controllers/templates
[0.706s] -- Up-to-date: /ros2_ws/install/moveit_setup_controllers/share/moveit_setup_controllers/templates/config
[0.706s] -- Up-to-date: /ros2_ws/install/moveit_setup_controllers/share/moveit_setup_controllers/templates/config/modified.urdf.xacro
[0.707s] -- Up-to-date: /ros2_ws/install/moveit_setup_controllers/share/moveit_setup_controllers/templates/config/ros2_control.xacro
[0.707s] -- Up-to-date: /ros2_ws/install/moveit_setup_controllers/share/moveit_setup_controllers/templates/config/gazebo_controllers.yaml
[0.707s] -- Up-to-date: /ros2_ws/install/moveit_setup_controllers/lib/libmoveit_setup_controllers.so
[0.707s] -- Up-to-date: /ros2_ws/install/moveit_setup_controllers/share/moveit_setup_controllers/moveit_setup_framework_plugins.xml
[0.707s] -- Up-to-date: /ros2_ws/install/moveit_setup_controllers/include
[0.707s] -- Up-to-date: /ros2_ws/install/moveit_setup_controllers/include/moveit_setup_controllers
[0.708s] -- Up-to-date: /ros2_ws/install/moveit_setup_controllers/include/moveit_setup_controllers/controllers_config.hpp
[0.708s] -- Up-to-date: /ros2_ws/install/moveit_setup_controllers/include/moveit_setup_controllers/controller_edit_widget.hpp
[0.708s] -- Up-to-date: /ros2_ws/install/moveit_setup_controllers/include/moveit_setup_controllers/ros2_controllers.hpp
[0.708s] -- Up-to-date: /ros2_ws/install/moveit_setup_controllers/include/moveit_setup_controllers/urdf_modifications_widget.hpp
[0.708s] -- Up-to-date: /ros2_ws/install/moveit_setup_controllers/include/moveit_setup_controllers/included_xacro_config.hpp
[0.709s] -- Up-to-date: /ros2_ws/install/moveit_setup_controllers/include/moveit_setup_controllers/moveit_controllers.hpp
[0.709s] -- Up-to-date: /ros2_ws/install/moveit_setup_controllers/include/moveit_setup_controllers/controllers.hpp
[0.709s] -- Up-to-date: /ros2_ws/install/moveit_setup_controllers/include/moveit_setup_controllers/ros2_controllers_config.hpp
[0.709s] -- Up-to-date: /ros2_ws/install/moveit_setup_controllers/include/moveit_setup_controllers/modified_urdf_config.hpp
[0.709s] -- Up-to-date: /ros2_ws/install/moveit_setup_controllers/include/moveit_setup_controllers/controllers_widget.hpp
[0.710s] -- Up-to-date: /ros2_ws/install/moveit_setup_controllers/include/moveit_setup_controllers/urdf_modifications.hpp
[0.710s] -- Up-to-date: /ros2_ws/install/moveit_setup_controllers/include/moveit_setup_controllers/moveit_controllers_config.hpp
[0.710s] -- Up-to-date: /ros2_ws/install/moveit_setup_controllers/include/moveit_setup_controllers/control_xacro_config.hpp
[0.710s] -- Up-to-date: /ros2_ws/install/moveit_setup_controllers/share/moveit_setup_controllers/launch
[0.710s] -- Up-to-date: /ros2_ws/install/moveit_setup_controllers/share/moveit_setup_controllers/launch/control.launch.py
[0.710s] -- Up-to-date: /ros2_ws/install/moveit_setup_controllers/share/moveit_setup_controllers/environment/library_path.sh
[0.710s] -- Up-to-date: /ros2_ws/install/moveit_setup_controllers/share/moveit_setup_controllers/environment/library_path.dsv
[0.710s] -- Up-to-date: /ros2_ws/install/moveit_setup_controllers/share/moveit_setup_controllers/moveit_setup_framework_plugins.xml
[0.711s] -- Up-to-date: /ros2_ws/install/moveit_setup_controllers/share/ament_index/resource_index/package_run_dependencies/moveit_setup_controllers
[0.711s] -- Up-to-date: /ros2_ws/install/moveit_setup_controllers/share/ament_index/resource_index/parent_prefix_path/moveit_setup_controllers
[0.711s] -- Up-to-date: /ros2_ws/install/moveit_setup_controllers/share/moveit_setup_controllers/environment/ament_prefix_path.sh
[0.711s] -- Up-to-date: /ros2_ws/install/moveit_setup_controllers/share/moveit_setup_controllers/environment/ament_prefix_path.dsv
[0.711s] -- Up-to-date: /ros2_ws/install/moveit_setup_controllers/share/moveit_setup_controllers/environment/path.sh
[0.712s] -- Up-to-date: /ros2_ws/install/moveit_setup_controllers/share/moveit_setup_controllers/environment/path.dsv
[0.712s] -- Up-to-date: /ros2_ws/install/moveit_setup_controllers/share/moveit_setup_controllers/local_setup.bash
[0.712s] -- Up-to-date: /ros2_ws/install/moveit_setup_controllers/share/moveit_setup_controllers/local_setup.sh
[0.712s] -- Up-to-date: /ros2_ws/install/moveit_setup_controllers/share/moveit_setup_controllers/local_setup.zsh
[0.712s] -- Up-to-date: /ros2_ws/install/moveit_setup_controllers/share/moveit_setup_controllers/local_setup.dsv
[0.712s] -- Installing: /ros2_ws/install/moveit_setup_controllers/share/moveit_setup_controllers/package.dsv
[0.712s] -- Up-to-date: /ros2_ws/install/moveit_setup_controllers/share/ament_index/resource_index/packages/moveit_setup_controllers
[0.712s] -- Up-to-date: /ros2_ws/install/moveit_setup_controllers/share/ament_index/resource_index/moveit_setup_framework__pluginlib__plugin/moveit_setup_controllers
[0.712s] -- Up-to-date: /ros2_ws/install/moveit_setup_controllers/share/moveit_setup_controllers/cmake/export_moveit_setup_controllersExport.cmake
[0.712s] -- Up-to-date: /ros2_ws/install/moveit_setup_controllers/share/moveit_setup_controllers/cmake/export_moveit_setup_controllersExport-release.cmake
[0.713s] -- Up-to-date: /ros2_ws/install/moveit_setup_controllers/share/moveit_setup_controllers/cmake/ament_cmake_export_include_directories-extras.cmake
[0.713s] -- Up-to-date: /ros2_ws/install/moveit_setup_controllers/share/moveit_setup_controllers/cmake/ament_cmake_export_libraries-extras.cmake
[0.713s] -- Up-to-date: /ros2_ws/install/moveit_setup_controllers/share/moveit_setup_controllers/cmake/ament_cmake_export_targets-extras.cmake
[0.713s] -- Up-to-date: /ros2_ws/install/moveit_setup_controllers/share/moveit_setup_controllers/cmake/moveit_setup_controllersConfig.cmake
[0.713s] -- Up-to-date: /ros2_ws/install/moveit_setup_controllers/share/moveit_setup_controllers/cmake/moveit_setup_controllersConfig-version.cmake
[0.713s] -- Up-to-date: /ros2_ws/install/moveit_setup_controllers/share/moveit_setup_controllers/package.xml
[0.736s] Invoked command in '/ros2_ws/build/moveit_setup_controllers' returned '0': AMENT_PREFIX_PATH=/ros2_ws/install/moveit_setup_framework:/ros2_ws/install/moveit_ros_visualization:/ros2_ws/install/moveit_ros_planning_interface:/ros2_ws/install/moveit_ros_move_group:/ros2_ws/install/moveit_ros_warehouse:/ros2_ws/install/moveit_ros_robot_interaction:/ros2_ws/install/moveit_planners_ompl:/ros2_ws/install/moveit_kinematics:/ros2_ws/install/moveit_ros_planning:/ros2_ws/install/moveit_simple_controller_manager:/ros2_ws/install/moveit_ros_occupancy_map_monitor:/ros2_ws/install/moveit_core:/ros2_ws/install/moveit_resources_panda_moveit_config:/ros2_ws/install/moveit_resources_fanuc_moveit_config:/ros2_ws/install/moveit_configs_utils:/ros2_ws/install/srdfdom:/ros2_ws/install/moveit_resources_pr2_description:/ros2_ws/install/moveit_resources_panda_description:/ros2_ws/install/moveit_resources_fanuc_description:/ros2_ws/install/moveit_common:/ros2_ws/install/launch_param_builder:${AMENT_PREFIX_PATH} CMAKE_PREFIX_PATH=/ros2_ws/install/moveit_setup_framework:/ros2_ws/install/moveit_ros_visualization:/ros2_ws/install/moveit_ros_planning_interface:/ros2_ws/install/moveit_ros_move_group:/ros2_ws/install/moveit_ros_warehouse:/ros2_ws/install/moveit_ros_robot_interaction:/ros2_ws/install/moveit_planners_ompl:/ros2_ws/install/moveit_kinematics:/ros2_ws/install/moveit_ros_planning:/ros2_ws/install/moveit_simple_controller_manager:/ros2_ws/install/moveit_ros_occupancy_map_monitor:/ros2_ws/install/moveit_core:/ros2_ws/install/moveit_resources_panda_moveit_config:/ros2_ws/install/moveit_resources_fanuc_moveit_config:/ros2_ws/install/srdfdom:/ros2_ws/install/moveit_resources_pr2_description:/ros2_ws/install/moveit_resources_panda_description:/ros2_ws/install/moveit_resources_fanuc_description:/ros2_ws/install/moveit_common:/opt/ros/humble LD_LIBRARY_PATH=/ros2_ws/install/moveit_setup_framework/lib:/ros2_ws/install/moveit_ros_visualization/lib:/ros2_ws/install/moveit_ros_planning_interface/lib:/ros2_ws/install/moveit_ros_move_group/lib:/ros2_ws/install/moveit_ros_warehouse/lib:/ros2_ws/install/moveit_ros_robot_interaction/lib:/ros2_ws/install/moveit_planners_ompl/lib:/ros2_ws/install/moveit_kinematics/lib:/ros2_ws/install/moveit_ros_planning/lib:/ros2_ws/install/moveit_simple_controller_manager/lib:/ros2_ws/install/moveit_ros_occupancy_map_monitor/lib:/ros2_ws/install/moveit_core/lib:/ros2_ws/install/srdfdom/lib:${LD_LIBRARY_PATH} PATH=/ros2_ws/install/moveit_core/bin:${PATH} PYTHONPATH=/ros2_ws/install/moveit_configs_utils/lib/python3.10/site-packages:/ros2_ws/install/srdfdom/local/lib/python3.10/dist-packages:/ros2_ws/install/launch_param_builder/lib/python3.10/site-packages:${PYTHONPATH} /usr/bin/cmake --install /ros2_ws/build/moveit_setup_controllers
