[0.018s] Invoking command in '/ros2_ws/build/ur_calibration': CMAKE_PREFIX_PATH=/ros2_ws/install/ur_robot_driver:/ros2_ws/install/ur_controllers:/ros2_ws/install/ur_msgs:/ros2_ws/install/ur_dashboard_msgs:/ros2_ws/install/ur:/ros2_ws/install/ur_calibration:/ros2_ws/install/ur_bringup:/ros2_ws/install/ur_moveit_config:/opt/ros/humble /usr/bin/cmake /ros2_ws/src/Universal_Robots_ROS2_Driver/ur_calibration -DCMAKE_INSTALL_PREFIX=/ros2_ws/install/ur_calibration
[0.029s] -- Found ament_cmake: 1.3.11 (/opt/ros/humble/share/ament_cmake/cmake)
[0.145s] -- Found rclcpp: 16.0.11 (/opt/ros/humble/share/rclcpp/cmake)
[0.173s] -- Found rosidl_generator_c: 3.1.6 (/opt/ros/humble/share/rosidl_generator_c/cmake)
[0.175s] -- Found rosidl_adapter: 3.1.6 (/opt/ros/humble/share/rosidl_adapter/cmake)
[0.181s] -- Found rosidl_generator_cpp: 3.1.6 (/opt/ros/humble/share/rosidl_generator_cpp/cmake)
[0.191s] -- Using all available rosidl_typesupport_c: rosidl_typesupport_fastrtps_c;rosidl_typesupport_introspection_c
[0.204s] -- Using all available rosidl_typesupport_cpp: rosidl_typesupport_fastrtps_cpp;rosidl_typesupport_introspection_cpp
[0.238s] -- Found rmw_implementation_cmake: 6.1.2 (/opt/ros/humble/share/rmw_implementation_cmake/cmake)
[0.240s] -- Found rmw_fastrtps_cpp: 6.2.7 (/opt/ros/humble/share/rmw_fastrtps_cpp/cmake)
[0.360s] -- Using RMW implementation 'rmw_fastrtps_cpp' as default
[0.418s] -- Found ur_robot_driver: 2.5.1 (/ros2_ws/install/ur_robot_driver/share/ur_robot_driver/cmake)
[0.634s] -- Found eigen3_cmake_module: 0.1.1 (/opt/ros/humble/share/eigen3_cmake_module/cmake)
[0.636s] -- Ensuring Eigen3 include directory is part of orocos-kdl CMake target
[0.779s] -- Found ament_cmake_gmock: 1.3.11 (/opt/ros/humble/share/ament_cmake_gmock/cmake)
[0.780s] -- Found gmock sources under '/opt/ros/humble/src/gmock_vendor': C++ tests using 'Google Mock' will be built
[0.782s] -- Found ament_cmake_gtest: 1.3.11 (/opt/ros/humble/share/ament_cmake_gtest/cmake)
[0.783s] -- Found gtest sources under '/opt/ros/humble/src/gtest_vendor': C++ tests using 'Google Test' will be built
[0.851s] -- Configuring done
[1.000s] -- Generating done
[1.011s] -- Build files have been written to: /ros2_ws/build/ur_calibration
[1.021s] Invoked command in '/ros2_ws/build/ur_calibration' returned '0': CMAKE_PREFIX_PATH=/ros2_ws/install/ur_robot_driver:/ros2_ws/install/ur_controllers:/ros2_ws/install/ur_msgs:/ros2_ws/install/ur_dashboard_msgs:/ros2_ws/install/ur:/ros2_ws/install/ur_calibration:/ros2_ws/install/ur_bringup:/ros2_ws/install/ur_moveit_config:/opt/ros/humble /usr/bin/cmake /ros2_ws/src/Universal_Robots_ROS2_Driver/ur_calibration -DCMAKE_INSTALL_PREFIX=/ros2_ws/install/ur_calibration
[1.022s] Invoking command in '/ros2_ws/build/ur_calibration': CMAKE_PREFIX_PATH=/ros2_ws/install/ur_robot_driver:/ros2_ws/install/ur_controllers:/ros2_ws/install/ur_msgs:/ros2_ws/install/ur_dashboard_msgs:/ros2_ws/install/ur:/ros2_ws/install/ur_calibration:/ros2_ws/install/ur_bringup:/ros2_ws/install/ur_moveit_config:/opt/ros/humble /usr/bin/cmake --build /ros2_ws/build/ur_calibration
[1.062s] [35m[1mConsolidate compiler generated dependencies of target calibration[0m
[1.083s] [ 25%] Built target calibration
[1.094s] [35m[1mConsolidate compiler generated dependencies of target gmock[0m
[1.108s] [ 50%] Built target gmock
[1.119s] [35m[1mConsolidate compiler generated dependencies of target calibration_correction[0m
[1.139s] [ 66%] Built target calibration_correction
[1.149s] [35m[1mConsolidate compiler generated dependencies of target gmock_main[0m
[1.162s] [ 83%] Built target gmock_main
[1.173s] [35m[1mConsolidate compiler generated dependencies of target calibration_test[0m
[1.193s] [100%] Built target calibration_test
[1.203s] Invoked command in '/ros2_ws/build/ur_calibration' returned '0': CMAKE_PREFIX_PATH=/ros2_ws/install/ur_robot_driver:/ros2_ws/install/ur_controllers:/ros2_ws/install/ur_msgs:/ros2_ws/install/ur_dashboard_msgs:/ros2_ws/install/ur:/ros2_ws/install/ur_calibration:/ros2_ws/install/ur_bringup:/ros2_ws/install/ur_moveit_config:/opt/ros/humble /usr/bin/cmake --build /ros2_ws/build/ur_calibration
[1.204s] Invoking command in '/ros2_ws/build/ur_calibration': CMAKE_PREFIX_PATH=/ros2_ws/install/ur_robot_driver:/ros2_ws/install/ur_controllers:/ros2_ws/install/ur_msgs:/ros2_ws/install/ur_dashboard_msgs:/ros2_ws/install/ur:/ros2_ws/install/ur_calibration:/ros2_ws/install/ur_bringup:/ros2_ws/install/ur_moveit_config:/opt/ros/humble /usr/bin/cmake --install /ros2_ws/build/ur_calibration
[1.211s] -- Install configuration: "Release"
[1.211s] -- Up-to-date: /ros2_ws/install/ur_calibration/lib/ur_calibration/calibration_correction
[1.211s] -- Up-to-date: /ros2_ws/install/ur_calibration/include
[1.211s] -- Up-to-date: /ros2_ws/install/ur_calibration/include/ur_calibration
[1.212s] -- Up-to-date: /ros2_ws/install/ur_calibration/include/ur_calibration/calibration_consumer.hpp
[1.212s] -- Up-to-date: /ros2_ws/install/ur_calibration/include/ur_calibration/calibration.hpp
[1.212s] -- Up-to-date: /ros2_ws/install/ur_calibration/share/ur_calibration/launch
[1.212s] -- Up-to-date: /ros2_ws/install/ur_calibration/share/ur_calibration/launch/calibration_correction.launch.py
[1.212s] -- Up-to-date: /ros2_ws/install/ur_calibration/share/ament_index/resource_index/package_run_dependencies/ur_calibration
[1.212s] -- Installing: /ros2_ws/install/ur_calibration/share/ament_index/resource_index/parent_prefix_path/ur_calibration
[1.212s] -- Up-to-date: /ros2_ws/install/ur_calibration/share/ur_calibration/environment/ament_prefix_path.sh
[1.212s] -- Installing: /ros2_ws/install/ur_calibration/share/ur_calibration/environment/ament_prefix_path.dsv
[1.212s] -- Up-to-date: /ros2_ws/install/ur_calibration/share/ur_calibration/environment/path.sh
[1.212s] -- Installing: /ros2_ws/install/ur_calibration/share/ur_calibration/environment/path.dsv
[1.212s] -- Up-to-date: /ros2_ws/install/ur_calibration/share/ur_calibration/local_setup.bash
[1.212s] -- Up-to-date: /ros2_ws/install/ur_calibration/share/ur_calibration/local_setup.sh
[1.212s] -- Up-to-date: /ros2_ws/install/ur_calibration/share/ur_calibration/local_setup.zsh
[1.212s] -- Installing: /ros2_ws/install/ur_calibration/share/ur_calibration/local_setup.dsv
[1.212s] -- Installing: /ros2_ws/install/ur_calibration/share/ur_calibration/package.dsv
[1.212s] -- Up-to-date: /ros2_ws/install/ur_calibration/share/ament_index/resource_index/packages/ur_calibration
[1.212s] -- Up-to-date: /ros2_ws/install/ur_calibration/share/ur_calibration/cmake/ament_cmake_export_include_directories-extras.cmake
[1.213s] -- Up-to-date: /ros2_ws/install/ur_calibration/share/ur_calibration/cmake/ament_cmake_export_dependencies-extras.cmake
[1.213s] -- Up-to-date: /ros2_ws/install/ur_calibration/share/ur_calibration/cmake/ur_calibrationConfig.cmake
[1.213s] -- Up-to-date: /ros2_ws/install/ur_calibration/share/ur_calibration/cmake/ur_calibrationConfig-version.cmake
[1.213s] -- Up-to-date: /ros2_ws/install/ur_calibration/share/ur_calibration/package.xml
[1.215s] Invoked command in '/ros2_ws/build/ur_calibration' returned '0': CMAKE_PREFIX_PATH=/ros2_ws/install/ur_robot_driver:/ros2_ws/install/ur_controllers:/ros2_ws/install/ur_msgs:/ros2_ws/install/ur_dashboard_msgs:/ros2_ws/install/ur:/ros2_ws/install/ur_calibration:/ros2_ws/install/ur_bringup:/ros2_ws/install/ur_moveit_config:/opt/ros/humble /usr/bin/cmake --install /ros2_ws/build/ur_calibration
