[0.039s] Invoking command in '/ros2_ws/build/ur_robot_driver': AMENT_PREFIX_PATH=/ros2_ws/install/ur_controllers:/ros2_ws/install/ur_msgs:/ros2_ws/install/ur_dashboard_msgs:${AMENT_PREFIX_PATH} CMAKE_PREFIX_PATH=/ros2_ws/install/ur_controllers:/ros2_ws/install/ur_msgs:/ros2_ws/install/ur_dashboard_msgs:/opt/ros/humble LD_LIBRARY_PATH=/ros2_ws/install/ur_controllers/lib:/ros2_ws/install/ur_msgs/lib:/ros2_ws/install/ur_dashboard_msgs/lib:${LD_LIBRARY_PATH} PYTHONPATH=/ros2_ws/install/ur_msgs/local/lib/python3.10/dist-packages:/ros2_ws/install/ur_dashboard_msgs/local/lib/python3.10/dist-packages:${PYTHONPATH} /usr/bin/cmake --build /ros2_ws/build/ur_robot_driver -- -j8 -l8
[0.533s] [  0%] Built target ament_cmake_python_copy_ur_robot_driver
[0.543s] [ 13%] Built target urscript_interface
[0.571s] [ 40%] Built target dashboard_client
[0.576s] [ 53%] Built target ur_ros2_control_node
[0.577s] [ 80%] Built target ur_robot_driver_plugin
[0.592s] [100%] Built target controller_stopper_node
[1.926s] running egg_info
[1.934s] writing ur_robot_driver.egg-info/PKG-INFO
[1.934s] writing dependency_links to ur_robot_driver.egg-info/dependency_links.txt
[1.934s] writing top-level names to ur_robot_driver.egg-info/top_level.txt
[1.943s] reading manifest file 'ur_robot_driver.egg-info/SOURCES.txt'
[1.945s] writing manifest file 'ur_robot_driver.egg-info/SOURCES.txt'
[2.044s] [100%] Built target ament_cmake_python_build_ur_robot_driver_egg
[2.164s] Invoked command in '/ros2_ws/build/ur_robot_driver' returned '0': AMENT_PREFIX_PATH=/ros2_ws/install/ur_controllers:/ros2_ws/install/ur_msgs:/ros2_ws/install/ur_dashboard_msgs:${AMENT_PREFIX_PATH} CMAKE_PREFIX_PATH=/ros2_ws/install/ur_controllers:/ros2_ws/install/ur_msgs:/ros2_ws/install/ur_dashboard_msgs:/opt/ros/humble LD_LIBRARY_PATH=/ros2_ws/install/ur_controllers/lib:/ros2_ws/install/ur_msgs/lib:/ros2_ws/install/ur_dashboard_msgs/lib:${LD_LIBRARY_PATH} PYTHONPATH=/ros2_ws/install/ur_msgs/local/lib/python3.10/dist-packages:/ros2_ws/install/ur_dashboard_msgs/local/lib/python3.10/dist-packages:${PYTHONPATH} /usr/bin/cmake --build /ros2_ws/build/ur_robot_driver -- -j8 -l8
[2.170s] Invoking command in '/ros2_ws/build/ur_robot_driver': AMENT_PREFIX_PATH=/ros2_ws/install/ur_controllers:/ros2_ws/install/ur_msgs:/ros2_ws/install/ur_dashboard_msgs:${AMENT_PREFIX_PATH} CMAKE_PREFIX_PATH=/ros2_ws/install/ur_controllers:/ros2_ws/install/ur_msgs:/ros2_ws/install/ur_dashboard_msgs:/opt/ros/humble LD_LIBRARY_PATH=/ros2_ws/install/ur_controllers/lib:/ros2_ws/install/ur_msgs/lib:/ros2_ws/install/ur_dashboard_msgs/lib:${LD_LIBRARY_PATH} PYTHONPATH=/ros2_ws/install/ur_msgs/local/lib/python3.10/dist-packages:/ros2_ws/install/ur_dashboard_msgs/local/lib/python3.10/dist-packages:${PYTHONPATH} /usr/bin/cmake --install /ros2_ws/build/ur_robot_driver
[2.203s] -- Install configuration: "Release"
[2.204s] -- Up-to-date: /ros2_ws/install/ur_robot_driver/share/ur_robot_driver/hardware_interface_plugin.xml
[2.205s] -- Up-to-date: /ros2_ws/install/ur_robot_driver/lib/ur_robot_driver/dashboard_client
[2.207s] -- Up-to-date: /ros2_ws/install/ur_robot_driver/lib/ur_robot_driver/ur_ros2_control_node
[2.210s] -- Up-to-date: /ros2_ws/install/ur_robot_driver/lib/ur_robot_driver/controller_stopper_node
[2.212s] -- Up-to-date: /ros2_ws/install/ur_robot_driver/lib/ur_robot_driver/urscript_interface
[2.215s] -- Up-to-date: /ros2_ws/install/ur_robot_driver/lib/libur_robot_driver_plugin.so
[2.216s] -- Up-to-date: /ros2_ws/install/ur_robot_driver/include
[2.217s] -- Up-to-date: /ros2_ws/install/ur_robot_driver/include/ur_robot_driver
[2.218s] -- Up-to-date: /ros2_ws/install/ur_robot_driver/include/ur_robot_driver/hardware_interface.hpp
[2.218s] -- Up-to-date: /ros2_ws/install/ur_robot_driver/include/ur_robot_driver/urcl_log_handler.hpp
[2.219s] -- Up-to-date: /ros2_ws/install/ur_robot_driver/include/ur_robot_driver/controller_stopper.hpp
[2.220s] -- Up-to-date: /ros2_ws/install/ur_robot_driver/include/ur_robot_driver/dashboard_client_ros.hpp
[2.220s] -- Up-to-date: /ros2_ws/install/ur_robot_driver/share/ur_robot_driver/environment/library_path.sh
[2.221s] -- Up-to-date: /ros2_ws/install/ur_robot_driver/share/ur_robot_driver/environment/library_path.dsv
[2.221s] -- Up-to-date: /ros2_ws/install/ur_robot_driver/share/ur_robot_driver/resources
[2.222s] -- Up-to-date: /ros2_ws/install/ur_robot_driver/share/ur_robot_driver/resources/ros_control.urscript
[2.222s] -- Up-to-date: /ros2_ws/install/ur_robot_driver/share/ur_robot_driver/resources/externalcontrol-1.0.5.urcap
[2.222s] -- Up-to-date: /ros2_ws/install/ur_robot_driver/share/ur_robot_driver/resources/rs485-1.0.urcap
[2.222s] -- Up-to-date: /ros2_ws/install/ur_robot_driver/share/ur_robot_driver/resources/rtde_output_recipe.txt
[2.223s] -- Up-to-date: /ros2_ws/install/ur_robot_driver/share/ur_robot_driver/resources/rtde_input_recipe.txt
[2.223s] -- Up-to-date: /ros2_ws/install/ur_robot_driver/include
[2.223s] -- Up-to-date: /ros2_ws/install/ur_robot_driver/include/ur_robot_driver
[2.224s] -- Up-to-date: /ros2_ws/install/ur_robot_driver/include/ur_robot_driver/hardware_interface.hpp
[2.224s] -- Up-to-date: /ros2_ws/install/ur_robot_driver/include/ur_robot_driver/urcl_log_handler.hpp
[2.224s] -- Up-to-date: /ros2_ws/install/ur_robot_driver/include/ur_robot_driver/controller_stopper.hpp
[2.225s] -- Up-to-date: /ros2_ws/install/ur_robot_driver/include/ur_robot_driver/dashboard_client_ros.hpp
[2.225s] -- Up-to-date: /ros2_ws/install/ur_robot_driver/share/ur_robot_driver/environment/pythonpath.sh
[2.225s] -- Up-to-date: /ros2_ws/install/ur_robot_driver/share/ur_robot_driver/environment/pythonpath.dsv
[2.225s] -- Up-to-date: /ros2_ws/install/ur_robot_driver/local/lib/python3.10/dist-packages/ur_robot_driver-2.5.1-py3.10.egg-info
[2.226s] -- Installing: /ros2_ws/install/ur_robot_driver/local/lib/python3.10/dist-packages/ur_robot_driver-2.5.1-py3.10.egg-info/dependency_links.txt
[2.226s] -- Installing: /ros2_ws/install/ur_robot_driver/local/lib/python3.10/dist-packages/ur_robot_driver-2.5.1-py3.10.egg-info/top_level.txt
[2.226s] -- Installing: /ros2_ws/install/ur_robot_driver/local/lib/python3.10/dist-packages/ur_robot_driver-2.5.1-py3.10.egg-info/SOURCES.txt
[2.227s] -- Installing: /ros2_ws/install/ur_robot_driver/local/lib/python3.10/dist-packages/ur_robot_driver-2.5.1-py3.10.egg-info/PKG-INFO
[2.227s] -- Up-to-date: /ros2_ws/install/ur_robot_driver/local/lib/python3.10/dist-packages/ur_robot_driver
[2.227s] -- Up-to-date: /ros2_ws/install/ur_robot_driver/local/lib/python3.10/dist-packages/ur_robot_driver/__init__.py
[2.369s] Listing '/ros2_ws/install/ur_robot_driver/local/lib/python3.10/dist-packages/ur_robot_driver'...
[2.385s] -- Up-to-date: /ros2_ws/install/ur_robot_driver/lib/ur_robot_driver/tool_communication.py
[2.385s] -- Up-to-date: /ros2_ws/install/ur_robot_driver/lib/ur_robot_driver/example_move.py
[2.386s] -- Up-to-date: /ros2_ws/install/ur_robot_driver/lib/ur_robot_driver/start_ursim.sh
[2.386s] -- Up-to-date: /ros2_ws/install/ur_robot_driver/lib/ur_robot_driver/examples.py
[2.386s] -- Up-to-date: /ros2_ws/install/ur_robot_driver/lib/ur_robot_driver/force_mode.py
[2.387s] -- Up-to-date: /ros2_ws/install/ur_robot_driver/bin/wait_dashboard_server.sh
[2.387s] -- Up-to-date: /ros2_ws/install/ur_robot_driver/lib/ur_robot_driver/start_ursim.sh
[2.387s] -- Up-to-date: /ros2_ws/install/ur_robot_driver/share/ur_robot_driver/config
[2.388s] -- Up-to-date: /ros2_ws/install/ur_robot_driver/share/ur_robot_driver/config/test_velocity_goal_publishers_config.yaml
[2.389s] -- Up-to-date: /ros2_ws/install/ur_robot_driver/share/ur_robot_driver/config/ur5e_update_rate.yaml
[2.389s] -- Up-to-date: /ros2_ws/install/ur_robot_driver/share/ur_robot_driver/config/ur3e_update_rate.yaml
[2.390s] -- Up-to-date: /ros2_ws/install/ur_robot_driver/share/ur_robot_driver/config/ur16e_update_rate.yaml
[2.390s] -- Up-to-date: /ros2_ws/install/ur_robot_driver/share/ur_robot_driver/config/ur5_update_rate.yaml
[2.390s] -- Up-to-date: /ros2_ws/install/ur_robot_driver/share/ur_robot_driver/config/ur_controllers.yaml
[2.390s] -- Up-to-date: /ros2_ws/install/ur_robot_driver/share/ur_robot_driver/config/ur20_update_rate.yaml
[2.391s] -- Up-to-date: /ros2_ws/install/ur_robot_driver/share/ur_robot_driver/config/ur10e_update_rate.yaml
[2.391s] -- Up-to-date: /ros2_ws/install/ur_robot_driver/share/ur_robot_driver/config/ur3_update_rate.yaml
[2.391s] -- Up-to-date: /ros2_ws/install/ur_robot_driver/share/ur_robot_driver/config/ur30_update_rate.yaml
[2.392s] -- Up-to-date: /ros2_ws/install/ur_robot_driver/share/ur_robot_driver/config/ur10_update_rate.yaml
[2.392s] -- Up-to-date: /ros2_ws/install/ur_robot_driver/share/ur_robot_driver/config/test_goal_publishers_config.yaml
[2.393s] -- Up-to-date: /ros2_ws/install/ur_robot_driver/share/ur_robot_driver/launch
[2.393s] -- Up-to-date: /ros2_ws/install/ur_robot_driver/share/ur_robot_driver/launch/ur5e.launch.py
[2.393s] -- Up-to-date: /ros2_ws/install/ur_robot_driver/share/ur_robot_driver/launch/test_forward_velocity_controller.launch.py
[2.393s] -- Up-to-date: /ros2_ws/install/ur_robot_driver/share/ur_robot_driver/launch/ur16e.launch.py
[2.394s] -- Up-to-date: /ros2_ws/install/ur_robot_driver/share/ur_robot_driver/launch/ur10.launch.py
[2.394s] -- Up-to-date: /ros2_ws/install/ur_robot_driver/share/ur_robot_driver/launch/ur_dashboard_client.launch.py
[2.394s] -- Up-to-date: /ros2_ws/install/ur_robot_driver/share/ur_robot_driver/launch/ur20.launch.py
[2.394s] -- Up-to-date: /ros2_ws/install/ur_robot_driver/share/ur_robot_driver/launch/ur10e.launch.py
[2.395s] -- Up-to-date: /ros2_ws/install/ur_robot_driver/share/ur_robot_driver/launch/ur5.launch.py
[2.395s] -- Up-to-date: /ros2_ws/install/ur_robot_driver/share/ur_robot_driver/launch/ur3e.launch.py
[2.395s] -- Up-to-date: /ros2_ws/install/ur_robot_driver/share/ur_robot_driver/launch/ur30.launch.py
[2.396s] -- Up-to-date: /ros2_ws/install/ur_robot_driver/share/ur_robot_driver/launch/ur3.launch.py
[2.396s] -- Up-to-date: /ros2_ws/install/ur_robot_driver/share/ur_robot_driver/launch/test_joint_trajectory_controller.launch.py
[2.396s] -- Up-to-date: /ros2_ws/install/ur_robot_driver/share/ur_robot_driver/launch/test_scaled_joint_trajectory_controller.launch.py
[2.396s] -- Up-to-date: /ros2_ws/install/ur_robot_driver/share/ur_robot_driver/launch/ur_control.launch.py
[2.398s] -- Up-to-date: /ros2_ws/install/ur_robot_driver/share/ament_index/resource_index/package_run_dependencies/ur_robot_driver
[2.398s] -- Up-to-date: /ros2_ws/install/ur_robot_driver/share/ament_index/resource_index/parent_prefix_path/ur_robot_driver
[2.399s] -- Up-to-date: /ros2_ws/install/ur_robot_driver/share/ur_robot_driver/environment/ament_prefix_path.sh
[2.399s] -- Up-to-date: /ros2_ws/install/ur_robot_driver/share/ur_robot_driver/environment/ament_prefix_path.dsv
[2.400s] -- Up-to-date: /ros2_ws/install/ur_robot_driver/share/ur_robot_driver/environment/path.sh
[2.400s] -- Up-to-date: /ros2_ws/install/ur_robot_driver/share/ur_robot_driver/environment/path.dsv
[2.401s] -- Up-to-date: /ros2_ws/install/ur_robot_driver/share/ur_robot_driver/local_setup.bash
[2.401s] -- Up-to-date: /ros2_ws/install/ur_robot_driver/share/ur_robot_driver/local_setup.sh
[2.402s] -- Up-to-date: /ros2_ws/install/ur_robot_driver/share/ur_robot_driver/local_setup.zsh
[2.402s] -- Up-to-date: /ros2_ws/install/ur_robot_driver/share/ur_robot_driver/local_setup.dsv
[2.403s] -- Installing: /ros2_ws/install/ur_robot_driver/share/ur_robot_driver/package.dsv
[2.404s] -- Up-to-date: /ros2_ws/install/ur_robot_driver/share/ament_index/resource_index/packages/ur_robot_driver
[2.405s] -- Up-to-date: /ros2_ws/install/ur_robot_driver/share/ament_index/resource_index/hardware_interface__pluginlib__plugin/ur_robot_driver
[2.406s] -- Up-to-date: /ros2_ws/install/ur_robot_driver/share/ur_robot_driver/cmake/ament_cmake_export_include_directories-extras.cmake
[2.406s] -- Up-to-date: /ros2_ws/install/ur_robot_driver/share/ur_robot_driver/cmake/ament_cmake_export_libraries-extras.cmake
[2.408s] -- Up-to-date: /ros2_ws/install/ur_robot_driver/share/ur_robot_driver/cmake/ament_cmake_export_dependencies-extras.cmake
[2.411s] -- Up-to-date: /ros2_ws/install/ur_robot_driver/share/ur_robot_driver/cmake/ur_robot_driverConfig.cmake
[2.412s] -- Up-to-date: /ros2_ws/install/ur_robot_driver/share/ur_robot_driver/cmake/ur_robot_driverConfig-version.cmake
[2.413s] -- Up-to-date: /ros2_ws/install/ur_robot_driver/share/ur_robot_driver/package.xml
[2.414s] Invoked command in '/ros2_ws/build/ur_robot_driver' returned '0': AMENT_PREFIX_PATH=/ros2_ws/install/ur_controllers:/ros2_ws/install/ur_msgs:/ros2_ws/install/ur_dashboard_msgs:${AMENT_PREFIX_PATH} CMAKE_PREFIX_PATH=/ros2_ws/install/ur_controllers:/ros2_ws/install/ur_msgs:/ros2_ws/install/ur_dashboard_msgs:/opt/ros/humble LD_LIBRARY_PATH=/ros2_ws/install/ur_controllers/lib:/ros2_ws/install/ur_msgs/lib:/ros2_ws/install/ur_dashboard_msgs/lib:${LD_LIBRARY_PATH} PYTHONPATH=/ros2_ws/install/ur_msgs/local/lib/python3.10/dist-packages:/ros2_ws/install/ur_dashboard_msgs/local/lib/python3.10/dist-packages:${PYTHONPATH} /usr/bin/cmake --install /ros2_ws/build/ur_robot_driver
