[0.074s] Invoking command in '/ros2_ws/build/pilz_industrial_motion_planner': AMENT_PREFIX_PATH=/ros2_ws/install/moveit_configs_utils:/ros2_ws/install/launch_param_builder:/ros2_ws/install/ur:/ros2_ws/install/ur_calibration:/ros2_ws/install/ur_robot_driver:/ros2_ws/install/ur_bringup:/ros2_ws/install/ur_controllers:/ros2_ws/install/ur_msgs:/ros2_ws/install/ur_moveit_config:/ros2_ws/install/ur_dashboard_msgs:/ros2_ws/install/pilz_industrial_motion_planner_testutils:/ros2_ws/install/moveit_runtime:/ros2_ws/install/moveit2_tutorials:/ros2_ws/install/moveit:/ros2_ws/install/moveit_planners:/ros2_ws/install/pilz_industrial_motion_planner:/ros2_ws/install/moveit_visual_tools:/ros2_ws/install/moveit_task_constructor_visualization:/ros2_ws/install/moveit_task_constructor_demo:/ros2_ws/install/moveit_task_constructor_capabilities:/ros2_ws/install/moveit_task_constructor_core:/ros2_ws/install/moveit_ros_control_interface:/ros2_ws/install/moveit_plugins:/ros2_ws/install/moveit_simple_controller_manager:/ros2_ws/install/moveit_setup_assistant:/ros2_ws/install/moveit_setup_srdf_plugins:/ros2_ws/install/moveit_setup_core_plugins:/ros2_ws/install/moveit_setup_controllers:/ros2_ws/install/moveit_setup_app_plugins:/ros2_ws/install/moveit_setup_framework:/ros2_ws/install/moveit_servo:/ros2_ws/install/moveit_ros:/ros2_ws/install/moveit_ros_visualization:/ros2_ws/install/moveit_hybrid_planning:/ros2_ws/install/moveit_ros_planning_interface:/ros2_ws/install/moveit_ros_benchmarks:/ros2_ws/install/moveit_ros_warehouse:/ros2_ws/install/moveit_ros_robot_interaction:/ros2_ws/install/moveit_ros_perception:/ros2_ws/install/moveit_resources_prbt_pg70_support:/ros2_ws/install/moveit_resources_prbt_moveit_config:/ros2_ws/install/moveit_ros_move_group:/ros2_ws/install/moveit_planners_ompl:/ros2_ws/install/moveit_ros_planning:/ros2_ws/install/moveit_ros_occupancy_map_monitor:/ros2_ws/install/moveit_resources_prbt_ikfast_manipulator_plugin:/ros2_ws/install/moveit_planners_chomp:/ros2_ws/install/moveit_kinematics:/ros2_ws/install/moveit_chomp_optimizer_adapter:/ros2_ws/install/chomp_motion_planner:/ros2_ws/install/moveit_core:/ros2_ws/install/srdfdom:/ros2_ws/install/rviz_marker_tools:/ros2_ws/install/rosparam_shortcuts:/ros2_ws/install/moveit_task_constructor_msgs:/ros2_ws/install/moveit_resources_prbt_support:/ros2_ws/install/moveit_resources:/ros2_ws/install/moveit_resources_pr2_description:/ros2_ws/install/moveit_resources_panda_moveit_config:/ros2_ws/install/moveit_resources_panda_description:/ros2_ws/install/moveit_resources_fanuc_moveit_config:/ros2_ws/install/moveit_resources_fanuc_description:/ros2_ws/install/moveit_common:/opt/ros/humble CMAKE_PREFIX_PATH=/ros2_ws/install/moveit_resources_prbt_pg70_support:/ros2_ws/install/moveit_ros_planning_interface:/ros2_ws/install/moveit_resources_prbt_moveit_config:/ros2_ws/install/moveit_ros_move_group:/ros2_ws/install/moveit_ros_warehouse:/ros2_ws/install/moveit_planners_ompl:/ros2_ws/install/moveit_kinematics:/ros2_ws/install/moveit_ros_planning:/ros2_ws/install/pilz_industrial_motion_planner_testutils:/ros2_ws/install/moveit_simple_controller_manager:/ros2_ws/install/moveit_ros_occupancy_map_monitor:/ros2_ws/install/moveit_resources_prbt_ikfast_manipulator_plugin:/ros2_ws/install/moveit_core:/ros2_ws/install/moveit_resources_panda_moveit_config:/ros2_ws/install/moveit_resources_fanuc_moveit_config:/ros2_ws/install/srdfdom:/ros2_ws/install/moveit_resources_prbt_support:/ros2_ws/install/moveit_resources_pr2_description:/ros2_ws/install/moveit_resources_panda_description:/ros2_ws/install/moveit_resources_fanuc_description:/ros2_ws/install/moveit_common:/ros2_ws/install/ur:/ros2_ws/install/ur_calibration:/ros2_ws/install/ur_robot_driver:/ros2_ws/install/ur_bringup:/ros2_ws/install/ur_controllers:/ros2_ws/install/ur_msgs:/ros2_ws/install/ur_moveit_config:/ros2_ws/install/ur_dashboard_msgs:/ros2_ws/install/moveit_runtime:/ros2_ws/install/moveit2_tutorials:/ros2_ws/install/moveit:/ros2_ws/install/moveit_planners:/ros2_ws/install/pilz_industrial_motion_planner:/ros2_ws/install/moveit_visual_tools:/ros2_ws/install/moveit_task_constructor_visualization:/ros2_ws/install/moveit_task_constructor_demo:/ros2_ws/install/moveit_task_constructor_capabilities:/ros2_ws/install/moveit_task_constructor_core:/ros2_ws/install/moveit_ros_control_interface:/ros2_ws/install/moveit_plugins:/ros2_ws/install/moveit_setup_assistant:/ros2_ws/install/moveit_setup_srdf_plugins:/ros2_ws/install/moveit_setup_core_plugins:/ros2_ws/install/moveit_setup_controllers:/ros2_ws/install/moveit_setup_app_plugins:/ros2_ws/install/moveit_setup_framework:/ros2_ws/install/moveit_servo:/ros2_ws/install/moveit_ros:/ros2_ws/install/moveit_ros_visualization:/ros2_ws/install/moveit_hybrid_planning:/ros2_ws/install/moveit_ros_benchmarks:/ros2_ws/install/moveit_ros_robot_interaction:/ros2_ws/install/moveit_ros_perception:/ros2_ws/install/moveit_planners_chomp:/ros2_ws/install/moveit_chomp_optimizer_adapter:/ros2_ws/install/chomp_motion_planner:/ros2_ws/install/rviz_marker_tools:/ros2_ws/install/rosparam_shortcuts:/ros2_ws/install/moveit_task_constructor_msgs:/ros2_ws/install/moveit_resources:/ros2_ws/install/moveit_configs_utils:/ros2_ws/install/launch_param_builder:/opt/ros/humble LD_LIBRARY_PATH=/ros2_ws/install/moveit_ros_planning_interface/lib:/ros2_ws/install/moveit_ros_move_group/lib:/ros2_ws/install/moveit_ros_warehouse/lib:/ros2_ws/install/moveit_planners_ompl/lib:/ros2_ws/install/moveit_kinematics/lib:/ros2_ws/install/moveit_ros_planning/lib:/ros2_ws/install/pilz_industrial_motion_planner_testutils/lib:/ros2_ws/install/moveit_simple_controller_manager/lib:/ros2_ws/install/moveit_ros_occupancy_map_monitor/lib:/ros2_ws/install/moveit_resources_prbt_ikfast_manipulator_plugin/lib:/ros2_ws/install/moveit_core/lib:/ros2_ws/install/srdfdom/lib:/ros2_ws/install/ur_robot_driver/lib:/ros2_ws/install/ur_controllers/lib:/ros2_ws/install/ur_msgs/lib:/ros2_ws/install/ur_dashboard_msgs/lib:/ros2_ws/install/pilz_industrial_motion_planner/lib:/ros2_ws/install/moveit_visual_tools/lib:/ros2_ws/install/moveit_task_constructor_visualization/lib:/ros2_ws/install/moveit_task_constructor_demo/lib:/ros2_ws/install/moveit_task_constructor_capabilities/lib:/ros2_ws/install/moveit_task_constructor_core/lib:/ros2_ws/install/moveit_ros_control_interface/lib:/ros2_ws/install/moveit_setup_assistant/lib:/ros2_ws/install/moveit_setup_srdf_plugins/lib:/ros2_ws/install/moveit_setup_core_plugins/lib:/ros2_ws/install/moveit_setup_controllers/lib:/ros2_ws/install/moveit_setup_app_plugins/lib:/ros2_ws/install/moveit_setup_framework/lib:/ros2_ws/install/moveit_servo/lib:/ros2_ws/install/moveit_ros_visualization/lib:/ros2_ws/install/moveit_hybrid_planning/lib:/ros2_ws/install/moveit_ros_benchmarks/lib:/ros2_ws/install/moveit_ros_robot_interaction/lib:/ros2_ws/install/moveit_ros_perception/lib:/ros2_ws/install/moveit_planners_chomp/lib:/ros2_ws/install/moveit_chomp_optimizer_adapter/lib:/ros2_ws/install/chomp_motion_planner/lib:/ros2_ws/install/rviz_marker_tools/lib:/ros2_ws/install/rosparam_shortcuts/lib:/ros2_ws/install/moveit_task_constructor_msgs/lib:/usr/lib/x86_64-linux-gnu/gazebo-11/plugins:/opt/ros/humble/opt/rviz_ogre_vendor/lib:/opt/ros/humble/lib/x86_64-linux-gnu:/opt/ros/humble/lib PATH=/ros2_ws/install/moveit_core/bin:/ros2_ws/install/ur_robot_driver/bin:/opt/ros/humble/bin:/usr/local/sbin:/usr/local/bin:/usr/sbin:/usr/bin:/sbin:/bin PYTHONPATH=/ros2_ws/install/moveit_configs_utils/lib/python3.10/site-packages:/ros2_ws/install/launch_param_builder/lib/python3.10/site-packages:/ros2_ws/install/ur_robot_driver/local/lib/python3.10/dist-packages:/ros2_ws/install/ur_msgs/local/lib/python3.10/dist-packages:/ros2_ws/install/ur_moveit_config/local/lib/python3.10/dist-packages:/ros2_ws/install/ur_dashboard_msgs/local/lib/python3.10/dist-packages:/ros2_ws/install/moveit_task_constructor_core/local/lib/python3.10/dist-packages:/ros2_ws/install/srdfdom/local/lib/python3.10/dist-packages:/ros2_ws/install/moveit_task_constructor_msgs/local/lib/python3.10/dist-packages:/opt/ros/humble/lib/python3.10/site-packages:/opt/ros/humble/local/lib/python3.10/dist-packages /usr/bin/cmake --build /ros2_ws/build/pilz_industrial_motion_planner
[0.173s] [  2%] Built target planning_context_loader_base
[0.209s] [  4%] Built target gtest_main
[0.246s] [  7%] Built target gtest
[0.282s] [  9%] Built target gmock_main
[0.320s] [ 13%] Built target gmock
[0.377s] [ 18%] Built target trajectory_generation_common
[0.428s] [ 26%] Built target joint_limits_common
[0.476s] [ 30%] Built target command_list_manager
[0.528s] [ 34%] Built target planning_context_loader_lin
[0.580s] [ 39%] Built target planning_context_loader_circ
[0.636s] [ 43%] Built target sequence_capability
[0.682s] [ 45%] Built target pilz_industrial_motion_planner_test_utils
[0.724s] [ 48%] Built target unittest_joint_limit
[0.770s] [ 50%] Built target unittest_joint_limits_aggregator
[0.809s] [ 53%] Built target unittest_joint_limits_container
[0.848s] [ 55%] Built target unittest_joint_limits_validator
[0.889s] [ 57%] Built target unittest_cartesian_limits_aggregator
[0.938s] [ 60%] Built target unittest_trajectory_functions
[0.992s] [ 63%] Built target unittest_trajectory_blender_transition_window
[1.047s] [ 66%] Built target unittest_trajectory_generator_circ
[1.101s] [ 68%] Built target unittest_trajectory_generator_lin
[1.151s] [ 73%] Built target planning_context_loader_ptp
[1.193s] [ 75%] Built target pilz_industrial_motion_planner
[1.240s] [ 78%] Built target unittest_trajectory_generator_ptp
[1.276s] [ 81%] Built target unittest_velocity_profile_atrap
[1.328s] [ 85%] Built target unittest_trajectory_generator
[1.373s] [ 87%] Built target unittest_pilz_industrial_motion_planner
[1.419s] [ 90%] Built target unittest_planning_context_loaders
[1.466s] [ 92%] Built target unittest_planning_context
[1.515s] [ 95%] Built target unittest_get_solver_tip_frame
[1.565s] [ 97%] Built target unittest_pilz_industrial_motion_planner_direct
[1.617s] [100%] Built target unittest_trajectory_generator_common
[1.633s] Invoked command in '/ros2_ws/build/pilz_industrial_motion_planner' returned '0': AMENT_PREFIX_PATH=/ros2_ws/install/moveit_configs_utils:/ros2_ws/install/launch_param_builder:/ros2_ws/install/ur:/ros2_ws/install/ur_calibration:/ros2_ws/install/ur_robot_driver:/ros2_ws/install/ur_bringup:/ros2_ws/install/ur_controllers:/ros2_ws/install/ur_msgs:/ros2_ws/install/ur_moveit_config:/ros2_ws/install/ur_dashboard_msgs:/ros2_ws/install/pilz_industrial_motion_planner_testutils:/ros2_ws/install/moveit_runtime:/ros2_ws/install/moveit2_tutorials:/ros2_ws/install/moveit:/ros2_ws/install/moveit_planners:/ros2_ws/install/pilz_industrial_motion_planner:/ros2_ws/install/moveit_visual_tools:/ros2_ws/install/moveit_task_constructor_visualization:/ros2_ws/install/moveit_task_constructor_demo:/ros2_ws/install/moveit_task_constructor_capabilities:/ros2_ws/install/moveit_task_constructor_core:/ros2_ws/install/moveit_ros_control_interface:/ros2_ws/install/moveit_plugins:/ros2_ws/install/moveit_simple_controller_manager:/ros2_ws/install/moveit_setup_assistant:/ros2_ws/install/moveit_setup_srdf_plugins:/ros2_ws/install/moveit_setup_core_plugins:/ros2_ws/install/moveit_setup_controllers:/ros2_ws/install/moveit_setup_app_plugins:/ros2_ws/install/moveit_setup_framework:/ros2_ws/install/moveit_servo:/ros2_ws/install/moveit_ros:/ros2_ws/install/moveit_ros_visualization:/ros2_ws/install/moveit_hybrid_planning:/ros2_ws/install/moveit_ros_planning_interface:/ros2_ws/install/moveit_ros_benchmarks:/ros2_ws/install/moveit_ros_warehouse:/ros2_ws/install/moveit_ros_robot_interaction:/ros2_ws/install/moveit_ros_perception:/ros2_ws/install/moveit_resources_prbt_pg70_support:/ros2_ws/install/moveit_resources_prbt_moveit_config:/ros2_ws/install/moveit_ros_move_group:/ros2_ws/install/moveit_planners_ompl:/ros2_ws/install/moveit_ros_planning:/ros2_ws/install/moveit_ros_occupancy_map_monitor:/ros2_ws/install/moveit_resources_prbt_ikfast_manipulator_plugin:/ros2_ws/install/moveit_planners_chomp:/ros2_ws/install/moveit_kinematics:/ros2_ws/install/moveit_chomp_optimizer_adapter:/ros2_ws/install/chomp_motion_planner:/ros2_ws/install/moveit_core:/ros2_ws/install/srdfdom:/ros2_ws/install/rviz_marker_tools:/ros2_ws/install/rosparam_shortcuts:/ros2_ws/install/moveit_task_constructor_msgs:/ros2_ws/install/moveit_resources_prbt_support:/ros2_ws/install/moveit_resources:/ros2_ws/install/moveit_resources_pr2_description:/ros2_ws/install/moveit_resources_panda_moveit_config:/ros2_ws/install/moveit_resources_panda_description:/ros2_ws/install/moveit_resources_fanuc_moveit_config:/ros2_ws/install/moveit_resources_fanuc_description:/ros2_ws/install/moveit_common:/opt/ros/humble CMAKE_PREFIX_PATH=/ros2_ws/install/moveit_resources_prbt_pg70_support:/ros2_ws/install/moveit_ros_planning_interface:/ros2_ws/install/moveit_resources_prbt_moveit_config:/ros2_ws/install/moveit_ros_move_group:/ros2_ws/install/moveit_ros_warehouse:/ros2_ws/install/moveit_planners_ompl:/ros2_ws/install/moveit_kinematics:/ros2_ws/install/moveit_ros_planning:/ros2_ws/install/pilz_industrial_motion_planner_testutils:/ros2_ws/install/moveit_simple_controller_manager:/ros2_ws/install/moveit_ros_occupancy_map_monitor:/ros2_ws/install/moveit_resources_prbt_ikfast_manipulator_plugin:/ros2_ws/install/moveit_core:/ros2_ws/install/moveit_resources_panda_moveit_config:/ros2_ws/install/moveit_resources_fanuc_moveit_config:/ros2_ws/install/srdfdom:/ros2_ws/install/moveit_resources_prbt_support:/ros2_ws/install/moveit_resources_pr2_description:/ros2_ws/install/moveit_resources_panda_description:/ros2_ws/install/moveit_resources_fanuc_description:/ros2_ws/install/moveit_common:/ros2_ws/install/ur:/ros2_ws/install/ur_calibration:/ros2_ws/install/ur_robot_driver:/ros2_ws/install/ur_bringup:/ros2_ws/install/ur_controllers:/ros2_ws/install/ur_msgs:/ros2_ws/install/ur_moveit_config:/ros2_ws/install/ur_dashboard_msgs:/ros2_ws/install/moveit_runtime:/ros2_ws/install/moveit2_tutorials:/ros2_ws/install/moveit:/ros2_ws/install/moveit_planners:/ros2_ws/install/pilz_industrial_motion_planner:/ros2_ws/install/moveit_visual_tools:/ros2_ws/install/moveit_task_constructor_visualization:/ros2_ws/install/moveit_task_constructor_demo:/ros2_ws/install/moveit_task_constructor_capabilities:/ros2_ws/install/moveit_task_constructor_core:/ros2_ws/install/moveit_ros_control_interface:/ros2_ws/install/moveit_plugins:/ros2_ws/install/moveit_setup_assistant:/ros2_ws/install/moveit_setup_srdf_plugins:/ros2_ws/install/moveit_setup_core_plugins:/ros2_ws/install/moveit_setup_controllers:/ros2_ws/install/moveit_setup_app_plugins:/ros2_ws/install/moveit_setup_framework:/ros2_ws/install/moveit_servo:/ros2_ws/install/moveit_ros:/ros2_ws/install/moveit_ros_visualization:/ros2_ws/install/moveit_hybrid_planning:/ros2_ws/install/moveit_ros_benchmarks:/ros2_ws/install/moveit_ros_robot_interaction:/ros2_ws/install/moveit_ros_perception:/ros2_ws/install/moveit_planners_chomp:/ros2_ws/install/moveit_chomp_optimizer_adapter:/ros2_ws/install/chomp_motion_planner:/ros2_ws/install/rviz_marker_tools:/ros2_ws/install/rosparam_shortcuts:/ros2_ws/install/moveit_task_constructor_msgs:/ros2_ws/install/moveit_resources:/ros2_ws/install/moveit_configs_utils:/ros2_ws/install/launch_param_builder:/opt/ros/humble LD_LIBRARY_PATH=/ros2_ws/install/moveit_ros_planning_interface/lib:/ros2_ws/install/moveit_ros_move_group/lib:/ros2_ws/install/moveit_ros_warehouse/lib:/ros2_ws/install/moveit_planners_ompl/lib:/ros2_ws/install/moveit_kinematics/lib:/ros2_ws/install/moveit_ros_planning/lib:/ros2_ws/install/pilz_industrial_motion_planner_testutils/lib:/ros2_ws/install/moveit_simple_controller_manager/lib:/ros2_ws/install/moveit_ros_occupancy_map_monitor/lib:/ros2_ws/install/moveit_resources_prbt_ikfast_manipulator_plugin/lib:/ros2_ws/install/moveit_core/lib:/ros2_ws/install/srdfdom/lib:/ros2_ws/install/ur_robot_driver/lib:/ros2_ws/install/ur_controllers/lib:/ros2_ws/install/ur_msgs/lib:/ros2_ws/install/ur_dashboard_msgs/lib:/ros2_ws/install/pilz_industrial_motion_planner/lib:/ros2_ws/install/moveit_visual_tools/lib:/ros2_ws/install/moveit_task_constructor_visualization/lib:/ros2_ws/install/moveit_task_constructor_demo/lib:/ros2_ws/install/moveit_task_constructor_capabilities/lib:/ros2_ws/install/moveit_task_constructor_core/lib:/ros2_ws/install/moveit_ros_control_interface/lib:/ros2_ws/install/moveit_setup_assistant/lib:/ros2_ws/install/moveit_setup_srdf_plugins/lib:/ros2_ws/install/moveit_setup_core_plugins/lib:/ros2_ws/install/moveit_setup_controllers/lib:/ros2_ws/install/moveit_setup_app_plugins/lib:/ros2_ws/install/moveit_setup_framework/lib:/ros2_ws/install/moveit_servo/lib:/ros2_ws/install/moveit_ros_visualization/lib:/ros2_ws/install/moveit_hybrid_planning/lib:/ros2_ws/install/moveit_ros_benchmarks/lib:/ros2_ws/install/moveit_ros_robot_interaction/lib:/ros2_ws/install/moveit_ros_perception/lib:/ros2_ws/install/moveit_planners_chomp/lib:/ros2_ws/install/moveit_chomp_optimizer_adapter/lib:/ros2_ws/install/chomp_motion_planner/lib:/ros2_ws/install/rviz_marker_tools/lib:/ros2_ws/install/rosparam_shortcuts/lib:/ros2_ws/install/moveit_task_constructor_msgs/lib:/usr/lib/x86_64-linux-gnu/gazebo-11/plugins:/opt/ros/humble/opt/rviz_ogre_vendor/lib:/opt/ros/humble/lib/x86_64-linux-gnu:/opt/ros/humble/lib PATH=/ros2_ws/install/moveit_core/bin:/ros2_ws/install/ur_robot_driver/bin:/opt/ros/humble/bin:/usr/local/sbin:/usr/local/bin:/usr/sbin:/usr/bin:/sbin:/bin PYTHONPATH=/ros2_ws/install/moveit_configs_utils/lib/python3.10/site-packages:/ros2_ws/install/launch_param_builder/lib/python3.10/site-packages:/ros2_ws/install/ur_robot_driver/local/lib/python3.10/dist-packages:/ros2_ws/install/ur_msgs/local/lib/python3.10/dist-packages:/ros2_ws/install/ur_moveit_config/local/lib/python3.10/dist-packages:/ros2_ws/install/ur_dashboard_msgs/local/lib/python3.10/dist-packages:/ros2_ws/install/moveit_task_constructor_core/local/lib/python3.10/dist-packages:/ros2_ws/install/srdfdom/local/lib/python3.10/dist-packages:/ros2_ws/install/moveit_task_constructor_msgs/local/lib/python3.10/dist-packages:/opt/ros/humble/lib/python3.10/site-packages:/opt/ros/humble/local/lib/python3.10/dist-packages /usr/bin/cmake --build /ros2_ws/build/pilz_industrial_motion_planner
[1.634s] Invoking command in '/ros2_ws/build/pilz_industrial_motion_planner': AMENT_PREFIX_PATH=/ros2_ws/install/moveit_configs_utils:/ros2_ws/install/launch_param_builder:/ros2_ws/install/ur:/ros2_ws/install/ur_calibration:/ros2_ws/install/ur_robot_driver:/ros2_ws/install/ur_bringup:/ros2_ws/install/ur_controllers:/ros2_ws/install/ur_msgs:/ros2_ws/install/ur_moveit_config:/ros2_ws/install/ur_dashboard_msgs:/ros2_ws/install/pilz_industrial_motion_planner_testutils:/ros2_ws/install/moveit_runtime:/ros2_ws/install/moveit2_tutorials:/ros2_ws/install/moveit:/ros2_ws/install/moveit_planners:/ros2_ws/install/pilz_industrial_motion_planner:/ros2_ws/install/moveit_visual_tools:/ros2_ws/install/moveit_task_constructor_visualization:/ros2_ws/install/moveit_task_constructor_demo:/ros2_ws/install/moveit_task_constructor_capabilities:/ros2_ws/install/moveit_task_constructor_core:/ros2_ws/install/moveit_ros_control_interface:/ros2_ws/install/moveit_plugins:/ros2_ws/install/moveit_simple_controller_manager:/ros2_ws/install/moveit_setup_assistant:/ros2_ws/install/moveit_setup_srdf_plugins:/ros2_ws/install/moveit_setup_core_plugins:/ros2_ws/install/moveit_setup_controllers:/ros2_ws/install/moveit_setup_app_plugins:/ros2_ws/install/moveit_setup_framework:/ros2_ws/install/moveit_servo:/ros2_ws/install/moveit_ros:/ros2_ws/install/moveit_ros_visualization:/ros2_ws/install/moveit_hybrid_planning:/ros2_ws/install/moveit_ros_planning_interface:/ros2_ws/install/moveit_ros_benchmarks:/ros2_ws/install/moveit_ros_warehouse:/ros2_ws/install/moveit_ros_robot_interaction:/ros2_ws/install/moveit_ros_perception:/ros2_ws/install/moveit_resources_prbt_pg70_support:/ros2_ws/install/moveit_resources_prbt_moveit_config:/ros2_ws/install/moveit_ros_move_group:/ros2_ws/install/moveit_planners_ompl:/ros2_ws/install/moveit_ros_planning:/ros2_ws/install/moveit_ros_occupancy_map_monitor:/ros2_ws/install/moveit_resources_prbt_ikfast_manipulator_plugin:/ros2_ws/install/moveit_planners_chomp:/ros2_ws/install/moveit_kinematics:/ros2_ws/install/moveit_chomp_optimizer_adapter:/ros2_ws/install/chomp_motion_planner:/ros2_ws/install/moveit_core:/ros2_ws/install/srdfdom:/ros2_ws/install/rviz_marker_tools:/ros2_ws/install/rosparam_shortcuts:/ros2_ws/install/moveit_task_constructor_msgs:/ros2_ws/install/moveit_resources_prbt_support:/ros2_ws/install/moveit_resources:/ros2_ws/install/moveit_resources_pr2_description:/ros2_ws/install/moveit_resources_panda_moveit_config:/ros2_ws/install/moveit_resources_panda_description:/ros2_ws/install/moveit_resources_fanuc_moveit_config:/ros2_ws/install/moveit_resources_fanuc_description:/ros2_ws/install/moveit_common:/opt/ros/humble CMAKE_PREFIX_PATH=/ros2_ws/install/moveit_resources_prbt_pg70_support:/ros2_ws/install/moveit_ros_planning_interface:/ros2_ws/install/moveit_resources_prbt_moveit_config:/ros2_ws/install/moveit_ros_move_group:/ros2_ws/install/moveit_ros_warehouse:/ros2_ws/install/moveit_planners_ompl:/ros2_ws/install/moveit_kinematics:/ros2_ws/install/moveit_ros_planning:/ros2_ws/install/pilz_industrial_motion_planner_testutils:/ros2_ws/install/moveit_simple_controller_manager:/ros2_ws/install/moveit_ros_occupancy_map_monitor:/ros2_ws/install/moveit_resources_prbt_ikfast_manipulator_plugin:/ros2_ws/install/moveit_core:/ros2_ws/install/moveit_resources_panda_moveit_config:/ros2_ws/install/moveit_resources_fanuc_moveit_config:/ros2_ws/install/srdfdom:/ros2_ws/install/moveit_resources_prbt_support:/ros2_ws/install/moveit_resources_pr2_description:/ros2_ws/install/moveit_resources_panda_description:/ros2_ws/install/moveit_resources_fanuc_description:/ros2_ws/install/moveit_common:/ros2_ws/install/ur:/ros2_ws/install/ur_calibration:/ros2_ws/install/ur_robot_driver:/ros2_ws/install/ur_bringup:/ros2_ws/install/ur_controllers:/ros2_ws/install/ur_msgs:/ros2_ws/install/ur_moveit_config:/ros2_ws/install/ur_dashboard_msgs:/ros2_ws/install/moveit_runtime:/ros2_ws/install/moveit2_tutorials:/ros2_ws/install/moveit:/ros2_ws/install/moveit_planners:/ros2_ws/install/pilz_industrial_motion_planner:/ros2_ws/install/moveit_visual_tools:/ros2_ws/install/moveit_task_constructor_visualization:/ros2_ws/install/moveit_task_constructor_demo:/ros2_ws/install/moveit_task_constructor_capabilities:/ros2_ws/install/moveit_task_constructor_core:/ros2_ws/install/moveit_ros_control_interface:/ros2_ws/install/moveit_plugins:/ros2_ws/install/moveit_setup_assistant:/ros2_ws/install/moveit_setup_srdf_plugins:/ros2_ws/install/moveit_setup_core_plugins:/ros2_ws/install/moveit_setup_controllers:/ros2_ws/install/moveit_setup_app_plugins:/ros2_ws/install/moveit_setup_framework:/ros2_ws/install/moveit_servo:/ros2_ws/install/moveit_ros:/ros2_ws/install/moveit_ros_visualization:/ros2_ws/install/moveit_hybrid_planning:/ros2_ws/install/moveit_ros_benchmarks:/ros2_ws/install/moveit_ros_robot_interaction:/ros2_ws/install/moveit_ros_perception:/ros2_ws/install/moveit_planners_chomp:/ros2_ws/install/moveit_chomp_optimizer_adapter:/ros2_ws/install/chomp_motion_planner:/ros2_ws/install/rviz_marker_tools:/ros2_ws/install/rosparam_shortcuts:/ros2_ws/install/moveit_task_constructor_msgs:/ros2_ws/install/moveit_resources:/ros2_ws/install/moveit_configs_utils:/ros2_ws/install/launch_param_builder:/opt/ros/humble LD_LIBRARY_PATH=/ros2_ws/install/moveit_ros_planning_interface/lib:/ros2_ws/install/moveit_ros_move_group/lib:/ros2_ws/install/moveit_ros_warehouse/lib:/ros2_ws/install/moveit_planners_ompl/lib:/ros2_ws/install/moveit_kinematics/lib:/ros2_ws/install/moveit_ros_planning/lib:/ros2_ws/install/pilz_industrial_motion_planner_testutils/lib:/ros2_ws/install/moveit_simple_controller_manager/lib:/ros2_ws/install/moveit_ros_occupancy_map_monitor/lib:/ros2_ws/install/moveit_resources_prbt_ikfast_manipulator_plugin/lib:/ros2_ws/install/moveit_core/lib:/ros2_ws/install/srdfdom/lib:/ros2_ws/install/ur_robot_driver/lib:/ros2_ws/install/ur_controllers/lib:/ros2_ws/install/ur_msgs/lib:/ros2_ws/install/ur_dashboard_msgs/lib:/ros2_ws/install/pilz_industrial_motion_planner/lib:/ros2_ws/install/moveit_visual_tools/lib:/ros2_ws/install/moveit_task_constructor_visualization/lib:/ros2_ws/install/moveit_task_constructor_demo/lib:/ros2_ws/install/moveit_task_constructor_capabilities/lib:/ros2_ws/install/moveit_task_constructor_core/lib:/ros2_ws/install/moveit_ros_control_interface/lib:/ros2_ws/install/moveit_setup_assistant/lib:/ros2_ws/install/moveit_setup_srdf_plugins/lib:/ros2_ws/install/moveit_setup_core_plugins/lib:/ros2_ws/install/moveit_setup_controllers/lib:/ros2_ws/install/moveit_setup_app_plugins/lib:/ros2_ws/install/moveit_setup_framework/lib:/ros2_ws/install/moveit_servo/lib:/ros2_ws/install/moveit_ros_visualization/lib:/ros2_ws/install/moveit_hybrid_planning/lib:/ros2_ws/install/moveit_ros_benchmarks/lib:/ros2_ws/install/moveit_ros_robot_interaction/lib:/ros2_ws/install/moveit_ros_perception/lib:/ros2_ws/install/moveit_planners_chomp/lib:/ros2_ws/install/moveit_chomp_optimizer_adapter/lib:/ros2_ws/install/chomp_motion_planner/lib:/ros2_ws/install/rviz_marker_tools/lib:/ros2_ws/install/rosparam_shortcuts/lib:/ros2_ws/install/moveit_task_constructor_msgs/lib:/usr/lib/x86_64-linux-gnu/gazebo-11/plugins:/opt/ros/humble/opt/rviz_ogre_vendor/lib:/opt/ros/humble/lib/x86_64-linux-gnu:/opt/ros/humble/lib PATH=/ros2_ws/install/moveit_core/bin:/ros2_ws/install/ur_robot_driver/bin:/opt/ros/humble/bin:/usr/local/sbin:/usr/local/bin:/usr/sbin:/usr/bin:/sbin:/bin PYTHONPATH=/ros2_ws/install/moveit_configs_utils/lib/python3.10/site-packages:/ros2_ws/install/launch_param_builder/lib/python3.10/site-packages:/ros2_ws/install/ur_robot_driver/local/lib/python3.10/dist-packages:/ros2_ws/install/ur_msgs/local/lib/python3.10/dist-packages:/ros2_ws/install/ur_moveit_config/local/lib/python3.10/dist-packages:/ros2_ws/install/ur_dashboard_msgs/local/lib/python3.10/dist-packages:/ros2_ws/install/moveit_task_constructor_core/local/lib/python3.10/dist-packages:/ros2_ws/install/srdfdom/local/lib/python3.10/dist-packages:/ros2_ws/install/moveit_task_constructor_msgs/local/lib/python3.10/dist-packages:/opt/ros/humble/lib/python3.10/site-packages:/opt/ros/humble/local/lib/python3.10/dist-packages /usr/bin/cmake --install /ros2_ws/build/pilz_industrial_motion_planner
[1.646s] -- Install configuration: "Release"
[1.646s] -- Up-to-date: /ros2_ws/install/pilz_industrial_motion_planner/share/pilz_industrial_motion_planner/plugins/pilz_industrial_motion_planner_plugin_description.xml
[1.646s] -- Up-to-date: /ros2_ws/install/pilz_industrial_motion_planner/share/pilz_industrial_motion_planner/plugins/sequence_capability_plugin_description.xml
[1.646s] -- Up-to-date: /ros2_ws/install/pilz_industrial_motion_planner/share/pilz_industrial_motion_planner/plugins/planning_context_plugin_description.xml
[1.647s] -- Up-to-date: /ros2_ws/install/pilz_industrial_motion_planner/lib/libpilz_industrial_motion_planner.so
[1.648s] -- Up-to-date: /ros2_ws/install/pilz_industrial_motion_planner/lib/libjoint_limits_common.so
[1.649s] -- Up-to-date: /ros2_ws/install/pilz_industrial_motion_planner/lib/libplanning_context_loader_base.so
[1.650s] -- Up-to-date: /ros2_ws/install/pilz_industrial_motion_planner/lib/libplanning_context_loader_ptp.so
[1.651s] -- Up-to-date: /ros2_ws/install/pilz_industrial_motion_planner/lib/libplanning_context_loader_lin.so
[1.651s] -- Up-to-date: /ros2_ws/install/pilz_industrial_motion_planner/lib/libplanning_context_loader_circ.so
[1.652s] -- Up-to-date: /ros2_ws/install/pilz_industrial_motion_planner/lib/libcommand_list_manager.so
[1.653s] -- Up-to-date: /ros2_ws/install/pilz_industrial_motion_planner/lib/libsequence_capability.so
[1.654s] -- Up-to-date: /ros2_ws/install/pilz_industrial_motion_planner/lib/libtrajectory_generation_common.so
[1.654s] -- Up-to-date: /ros2_ws/install/pilz_industrial_motion_planner/include
[1.656s] -- Up-to-date: /ros2_ws/install/pilz_industrial_motion_planner/include/joint_limits_copy
[1.657s] -- Up-to-date: /ros2_ws/install/pilz_industrial_motion_planner/include/joint_limits_copy/joint_limits.hpp
[1.658s] -- Up-to-date: /ros2_ws/install/pilz_industrial_motion_planner/include/joint_limits_copy/joint_limits_rosparam.hpp
[1.659s] -- Up-to-date: /ros2_ws/install/pilz_industrial_motion_planner/include/pilz_industrial_motion_planner
[1.660s] -- Up-to-date: /ros2_ws/install/pilz_industrial_motion_planner/include/pilz_industrial_motion_planner/trajectory_functions.h
[1.661s] -- Up-to-date: /ros2_ws/install/pilz_industrial_motion_planner/include/pilz_industrial_motion_planner/trajectory_generator_ptp.h
[1.662s] -- Up-to-date: /ros2_ws/install/pilz_industrial_motion_planner/include/pilz_industrial_motion_planner/joint_limits_validator.h
[1.662s] -- Up-to-date: /ros2_ws/install/pilz_industrial_motion_planner/include/pilz_industrial_motion_planner/trajectory_generator_circ.h
[1.663s] -- Up-to-date: /ros2_ws/install/pilz_industrial_motion_planner/include/pilz_industrial_motion_planner/trajectory_generator_lin.h
[1.663s] -- Up-to-date: /ros2_ws/install/pilz_industrial_motion_planner/include/pilz_industrial_motion_planner/planning_context_circ.h
[1.664s] -- Up-to-date: /ros2_ws/install/pilz_industrial_motion_planner/include/pilz_industrial_motion_planner/joint_limits_interface_extension.h
[1.664s] -- Up-to-date: /ros2_ws/install/pilz_industrial_motion_planner/include/pilz_industrial_motion_planner/joint_limits_aggregator.h
[1.664s] -- Up-to-date: /ros2_ws/install/pilz_industrial_motion_planner/include/pilz_industrial_motion_planner/path_circle_generator.h
[1.665s] -- Up-to-date: /ros2_ws/install/pilz_industrial_motion_planner/include/pilz_industrial_motion_planner/move_group_sequence_action.h
[1.665s] -- Up-to-date: /ros2_ws/install/pilz_industrial_motion_planner/include/pilz_industrial_motion_planner/trajectory_blender_transition_window.h
[1.665s] -- Up-to-date: /ros2_ws/install/pilz_industrial_motion_planner/include/pilz_industrial_motion_planner/joint_limits_extension.h
[1.666s] -- Up-to-date: /ros2_ws/install/pilz_industrial_motion_planner/include/pilz_industrial_motion_planner/cartesian_trajectory_point.h
[1.666s] -- Up-to-date: /ros2_ws/install/pilz_industrial_motion_planner/include/pilz_industrial_motion_planner/pilz_industrial_motion_planner.h
[1.666s] -- Up-to-date: /ros2_ws/install/pilz_industrial_motion_planner/include/pilz_industrial_motion_planner/planning_context_loader_circ.h
[1.667s] -- Up-to-date: /ros2_ws/install/pilz_industrial_motion_planner/include/pilz_industrial_motion_planner/cartesian_limit.h
[1.667s] -- Up-to-date: /ros2_ws/install/pilz_industrial_motion_planner/include/pilz_industrial_motion_planner/move_group_sequence_service.h
[1.667s] -- Up-to-date: /ros2_ws/install/pilz_industrial_motion_planner/include/pilz_industrial_motion_planner/planning_exceptions.h
[1.668s] -- Up-to-date: /ros2_ws/install/pilz_industrial_motion_planner/include/pilz_industrial_motion_planner/trajectory_blender.h
[1.668s] -- Up-to-date: /ros2_ws/install/pilz_industrial_motion_planner/include/pilz_industrial_motion_planner/cartesian_trajectory.h
[1.669s] -- Up-to-date: /ros2_ws/install/pilz_industrial_motion_planner/include/pilz_industrial_motion_planner/plan_components_builder.h
[1.669s] -- Up-to-date: /ros2_ws/install/pilz_industrial_motion_planner/include/pilz_industrial_motion_planner/planning_context_loader.h
[1.670s] -- Up-to-date: /ros2_ws/install/pilz_industrial_motion_planner/include/pilz_industrial_motion_planner/planning_context_base.h
[1.670s] -- Up-to-date: /ros2_ws/install/pilz_industrial_motion_planner/include/pilz_industrial_motion_planner/trajectory_generator.h
[1.670s] -- Up-to-date: /ros2_ws/install/pilz_industrial_motion_planner/include/pilz_industrial_motion_planner/capability_names.h
[1.670s] -- Up-to-date: /ros2_ws/install/pilz_industrial_motion_planner/include/pilz_industrial_motion_planner/trajectory_blend_request.h
[1.671s] -- Up-to-date: /ros2_ws/install/pilz_industrial_motion_planner/include/pilz_industrial_motion_planner/trajectory_generation_exceptions.h
[1.671s] -- Up-to-date: /ros2_ws/install/pilz_industrial_motion_planner/include/pilz_industrial_motion_planner/limits_container.h
[1.671s] -- Up-to-date: /ros2_ws/install/pilz_industrial_motion_planner/include/pilz_industrial_motion_planner/velocity_profile_atrap.h
[1.672s] -- Up-to-date: /ros2_ws/install/pilz_industrial_motion_planner/include/pilz_industrial_motion_planner/cartesian_limits_aggregator.h
[1.672s] -- Up-to-date: /ros2_ws/install/pilz_industrial_motion_planner/include/pilz_industrial_motion_planner/joint_limits_container.h
[1.672s] -- Up-to-date: /ros2_ws/install/pilz_industrial_motion_planner/include/pilz_industrial_motion_planner/trajectory_blend_response.h
[1.672s] -- Up-to-date: /ros2_ws/install/pilz_industrial_motion_planner/include/pilz_industrial_motion_planner/planning_context_lin.h
[1.672s] -- Up-to-date: /ros2_ws/install/pilz_industrial_motion_planner/include/pilz_industrial_motion_planner/tip_frame_getter.h
[1.673s] -- Up-to-date: /ros2_ws/install/pilz_industrial_motion_planner/include/pilz_industrial_motion_planner/command_list_manager.h
[1.673s] -- Up-to-date: /ros2_ws/install/pilz_industrial_motion_planner/include/pilz_industrial_motion_planner/planning_context_loader_lin.h
[1.673s] -- Up-to-date: /ros2_ws/install/pilz_industrial_motion_planner/include/pilz_industrial_motion_planner/planning_context_loader_ptp.h
[1.673s] -- Up-to-date: /ros2_ws/install/pilz_industrial_motion_planner/include/pilz_industrial_motion_planner/planning_context_ptp.h
[1.674s] -- Up-to-date: /ros2_ws/install/pilz_industrial_motion_planner/share/pilz_industrial_motion_planner/environment/library_path.sh
[1.674s] -- Up-to-date: /ros2_ws/install/pilz_industrial_motion_planner/share/pilz_industrial_motion_planner/environment/library_path.dsv
[1.674s] -- Up-to-date: /ros2_ws/install/pilz_industrial_motion_planner/lib/pilz_industrial_motion_planner/unittest_pilz_industrial_motion_planner_direct
[1.675s] -- Up-to-date: /ros2_ws/install/pilz_industrial_motion_planner/lib/pilz_industrial_motion_planner/unittest_velocity_profile_atrap
[1.675s] -- Up-to-date: /ros2_ws/install/pilz_industrial_motion_planner/lib/pilz_industrial_motion_planner/unittest_trajectory_generator
[1.675s] -- Up-to-date: /ros2_ws/install/pilz_industrial_motion_planner/lib/pilz_industrial_motion_planner/unittest_trajectory_functions
[1.676s] -- Up-to-date: /ros2_ws/install/pilz_industrial_motion_planner/lib/pilz_industrial_motion_planner/unittest_trajectory_blender_transition_window
[1.678s] -- Up-to-date: /ros2_ws/install/pilz_industrial_motion_planner/lib/pilz_industrial_motion_planner/unittest_trajectory_generator_common
[1.680s] -- Up-to-date: /ros2_ws/install/pilz_industrial_motion_planner/lib/pilz_industrial_motion_planner/unittest_trajectory_generator_circ
[1.681s] -- Up-to-date: /ros2_ws/install/pilz_industrial_motion_planner/lib/pilz_industrial_motion_planner/unittest_trajectory_generator_lin
[1.682s] -- Up-to-date: /ros2_ws/install/pilz_industrial_motion_planner/lib/pilz_industrial_motion_planner/unittest_trajectory_generator_ptp
[1.683s] -- Up-to-date: /ros2_ws/install/pilz_industrial_motion_planner/lib/pilz_industrial_motion_planner/unittest_pilz_industrial_motion_planner
[1.684s] -- Up-to-date: /ros2_ws/install/pilz_industrial_motion_planner/lib/pilz_industrial_motion_planner/unittest_joint_limit
[1.685s] -- Up-to-date: /ros2_ws/install/pilz_industrial_motion_planner/lib/pilz_industrial_motion_planner/unittest_joint_limits_aggregator
[1.686s] -- Up-to-date: /ros2_ws/install/pilz_industrial_motion_planner/lib/pilz_industrial_motion_planner/unittest_joint_limits_container
[1.688s] -- Up-to-date: /ros2_ws/install/pilz_industrial_motion_planner/lib/pilz_industrial_motion_planner/unittest_joint_limits_validator
[1.689s] -- Up-to-date: /ros2_ws/install/pilz_industrial_motion_planner/lib/pilz_industrial_motion_planner/unittest_cartesian_limits_aggregator
[1.691s] -- Up-to-date: /ros2_ws/install/pilz_industrial_motion_planner/lib/pilz_industrial_motion_planner/unittest_planning_context_loaders
[1.693s] -- Up-to-date: /ros2_ws/install/pilz_industrial_motion_planner/lib/pilz_industrial_motion_planner/unittest_planning_context
[1.694s] -- Up-to-date: /ros2_ws/install/pilz_industrial_motion_planner/lib/pilz_industrial_motion_planner/unittest_get_solver_tip_frame
[1.695s] -- Up-to-date: /ros2_ws/install/pilz_industrial_motion_planner/share/pilz_industrial_motion_planner/config
[1.695s] -- Up-to-date: /ros2_ws/install/pilz_industrial_motion_planner/share/pilz_industrial_motion_planner/config/unittest_trajectory_generator_ptp.yaml
[1.695s] -- Up-to-date: /ros2_ws/install/pilz_industrial_motion_planner/share/pilz_industrial_motion_planner/config/unittest_trajectory_blender_transition_window.yaml
[1.695s] -- Up-to-date: /ros2_ws/install/pilz_industrial_motion_planner/share/pilz_industrial_motion_planner/config/unittest_cartesian_limits_aggregator.yaml
[1.695s] -- Up-to-date: /ros2_ws/install/pilz_industrial_motion_planner/share/pilz_industrial_motion_planner/config/unittest_trajectory_generator_common.yaml
[1.696s] -- Up-to-date: /ros2_ws/install/pilz_industrial_motion_planner/share/pilz_industrial_motion_planner/config/unittest_trajectory_generator_lin.yaml
[1.696s] -- Up-to-date: /ros2_ws/install/pilz_industrial_motion_planner/share/pilz_industrial_motion_planner/config/unittest_joint_limits_aggregator.yaml
[1.696s] -- Up-to-date: /ros2_ws/install/pilz_industrial_motion_planner/share/pilz_industrial_motion_planner/config/unittest_joint_limit_config.yaml
[1.696s] -- Up-to-date: /ros2_ws/install/pilz_industrial_motion_planner/share/pilz_industrial_motion_planner/config/unittest_trajectory_generator_circ.yaml
[1.696s] -- Up-to-date: /ros2_ws/install/pilz_industrial_motion_planner/share/pilz_industrial_motion_planner/config/unittest_trajectory_functions.yaml
[1.696s] -- Up-to-date: /ros2_ws/install/pilz_industrial_motion_planner/share/pilz_industrial_motion_planner/launch
[1.696s] -- Up-to-date: /ros2_ws/install/pilz_industrial_motion_planner/share/pilz_industrial_motion_planner/launch/unittest_trajectory_functions.test.py
[1.696s] -- Up-to-date: /ros2_ws/install/pilz_industrial_motion_planner/share/pilz_industrial_motion_planner/launch/unittest_planning_context.test.py
[1.697s] -- Up-to-date: /ros2_ws/install/pilz_industrial_motion_planner/share/pilz_industrial_motion_planner/launch/unittest_pilz_industrial_motion_planner.test.py
[1.697s] -- Up-to-date: /ros2_ws/install/pilz_industrial_motion_planner/share/pilz_industrial_motion_planner/launch/unittest_trajectory_generator_common.test.py
[1.697s] -- Up-to-date: /ros2_ws/install/pilz_industrial_motion_planner/share/pilz_industrial_motion_planner/launch/unittest_joint_limits_aggregator.test.py
[1.697s] -- Up-to-date: /ros2_ws/install/pilz_industrial_motion_planner/share/pilz_industrial_motion_planner/launch/unittest_trajectory_blender_transition_window.test.py
[1.697s] -- Up-to-date: /ros2_ws/install/pilz_industrial_motion_planner/share/pilz_industrial_motion_planner/launch/unittest_trajectory_generator_circ.test.py
[1.697s] -- Up-to-date: /ros2_ws/install/pilz_industrial_motion_planner/share/pilz_industrial_motion_planner/launch/unittest_cartesian_limits_aggregator.test.py
[1.697s] -- Up-to-date: /ros2_ws/install/pilz_industrial_motion_planner/share/pilz_industrial_motion_planner/launch/common_parameters.py
[1.698s] -- Up-to-date: /ros2_ws/install/pilz_industrial_motion_planner/share/pilz_industrial_motion_planner/launch/unittest_trajectory_generator_lin.test.py
[1.698s] -- Up-to-date: /ros2_ws/install/pilz_industrial_motion_planner/share/pilz_industrial_motion_planner/launch/unittest_trajectory_generator_ptp.test.py
[1.698s] -- Up-to-date: /ros2_ws/install/pilz_industrial_motion_planner/share/pilz_industrial_motion_planner/launch/unittest_joint_limit.test.py
[1.698s] -- Up-to-date: /ros2_ws/install/pilz_industrial_motion_planner/share/pilz_industrial_motion_planner/launch/unittest_planning_context_loaders.test.py
[1.698s] -- Up-to-date: /ros2_ws/install/pilz_industrial_motion_planner/share/pilz_industrial_motion_planner/test_data
[1.698s] -- Up-to-date: /ros2_ws/install/pilz_industrial_motion_planner/share/pilz_industrial_motion_planner/test_data/prbt
[1.698s] -- Up-to-date: /ros2_ws/install/pilz_industrial_motion_planner/share/pilz_industrial_motion_planner/test_data/prbt/testdata_sequence.xml
[1.698s] -- Up-to-date: /ros2_ws/install/pilz_industrial_motion_planner/share/pilz_industrial_motion_planner/test_data/prbt/testdata_with_gripper.xml
[1.698s] -- Up-to-date: /ros2_ws/install/pilz_industrial_motion_planner/share/pilz_industrial_motion_planner/test_data/prbt/testdata_deprecated.xml
[1.699s] -- Up-to-date: /ros2_ws/install/pilz_industrial_motion_planner/share/pilz_industrial_motion_planner/test_data/testpoints.py
[1.699s] -- Up-to-date: /ros2_ws/install/pilz_industrial_motion_planner/share/pilz_industrial_motion_planner/test_data/frankaemika_panda
[1.699s] -- Up-to-date: /ros2_ws/install/pilz_industrial_motion_planner/share/pilz_industrial_motion_planner/test_data/frankaemika_panda/testdata_sequence.xml
[1.699s] -- Up-to-date: /ros2_ws/install/pilz_industrial_motion_planner/share/pilz_industrial_motion_planner/test_data/concept_testdata.odp
[1.699s] -- Up-to-date: /ros2_ws/install/pilz_industrial_motion_planner/share/pilz_industrial_motion_planner/test_data/concept_testdata.png
[1.699s] -- Up-to-date: /ros2_ws/install/pilz_industrial_motion_planner/share/ament_index/resource_index/package_run_dependencies/pilz_industrial_motion_planner
[1.699s] -- Up-to-date: /ros2_ws/install/pilz_industrial_motion_planner/share/ament_index/resource_index/parent_prefix_path/pilz_industrial_motion_planner
[1.699s] -- Up-to-date: /ros2_ws/install/pilz_industrial_motion_planner/share/pilz_industrial_motion_planner/environment/ament_prefix_path.sh
[1.700s] -- Up-to-date: /ros2_ws/install/pilz_industrial_motion_planner/share/pilz_industrial_motion_planner/environment/ament_prefix_path.dsv
[1.700s] -- Up-to-date: /ros2_ws/install/pilz_industrial_motion_planner/share/pilz_industrial_motion_planner/environment/path.sh
[1.700s] -- Up-to-date: /ros2_ws/install/pilz_industrial_motion_planner/share/pilz_industrial_motion_planner/environment/path.dsv
[1.700s] -- Up-to-date: /ros2_ws/install/pilz_industrial_motion_planner/share/pilz_industrial_motion_planner/local_setup.bash
[1.700s] -- Up-to-date: /ros2_ws/install/pilz_industrial_motion_planner/share/pilz_industrial_motion_planner/local_setup.sh
[1.700s] -- Up-to-date: /ros2_ws/install/pilz_industrial_motion_planner/share/pilz_industrial_motion_planner/local_setup.zsh
[1.700s] -- Up-to-date: /ros2_ws/install/pilz_industrial_motion_planner/share/pilz_industrial_motion_planner/local_setup.dsv
[1.700s] -- Installing: /ros2_ws/install/pilz_industrial_motion_planner/share/pilz_industrial_motion_planner/package.dsv
[1.700s] -- Up-to-date: /ros2_ws/install/pilz_industrial_motion_planner/share/ament_index/resource_index/packages/pilz_industrial_motion_planner
[1.700s] -- Up-to-date: /ros2_ws/install/pilz_industrial_motion_planner/share/ament_index/resource_index/moveit_core__pluginlib__plugin/pilz_industrial_motion_planner
[1.701s] -- Up-to-date: /ros2_ws/install/pilz_industrial_motion_planner/share/ament_index/resource_index/moveit_ros_move_group__pluginlib__plugin/pilz_industrial_motion_planner
[1.701s] -- Up-to-date: /ros2_ws/install/pilz_industrial_motion_planner/share/ament_index/resource_index/pilz_industrial_motion_planner__pluginlib__plugin/pilz_industrial_motion_planner
[1.701s] -- Up-to-date: /ros2_ws/install/pilz_industrial_motion_planner/share/pilz_industrial_motion_planner/cmake/pilz_industrial_motion_plannerTargetsExport.cmake
[1.701s] -- Up-to-date: /ros2_ws/install/pilz_industrial_motion_planner/share/pilz_industrial_motion_planner/cmake/pilz_industrial_motion_plannerTargetsExport-release.cmake
[1.701s] -- Up-to-date: /ros2_ws/install/pilz_industrial_motion_planner/share/pilz_industrial_motion_planner/cmake/ament_cmake_export_include_directories-extras.cmake
[1.701s] -- Up-to-date: /ros2_ws/install/pilz_industrial_motion_planner/share/pilz_industrial_motion_planner/cmake/ament_cmake_export_targets-extras.cmake
[1.701s] -- Up-to-date: /ros2_ws/install/pilz_industrial_motion_planner/share/pilz_industrial_motion_planner/cmake/ament_cmake_export_dependencies-extras.cmake
[1.701s] -- Up-to-date: /ros2_ws/install/pilz_industrial_motion_planner/share/pilz_industrial_motion_planner/cmake/pilz_industrial_motion_plannerConfig.cmake
[1.701s] -- Up-to-date: /ros2_ws/install/pilz_industrial_motion_planner/share/pilz_industrial_motion_planner/cmake/pilz_industrial_motion_plannerConfig-version.cmake
[1.701s] -- Up-to-date: /ros2_ws/install/pilz_industrial_motion_planner/share/pilz_industrial_motion_planner/package.xml
[1.702s] Invoked command in '/ros2_ws/build/pilz_industrial_motion_planner' returned '0': AMENT_PREFIX_PATH=/ros2_ws/install/moveit_configs_utils:/ros2_ws/install/launch_param_builder:/ros2_ws/install/ur:/ros2_ws/install/ur_calibration:/ros2_ws/install/ur_robot_driver:/ros2_ws/install/ur_bringup:/ros2_ws/install/ur_controllers:/ros2_ws/install/ur_msgs:/ros2_ws/install/ur_moveit_config:/ros2_ws/install/ur_dashboard_msgs:/ros2_ws/install/pilz_industrial_motion_planner_testutils:/ros2_ws/install/moveit_runtime:/ros2_ws/install/moveit2_tutorials:/ros2_ws/install/moveit:/ros2_ws/install/moveit_planners:/ros2_ws/install/pilz_industrial_motion_planner:/ros2_ws/install/moveit_visual_tools:/ros2_ws/install/moveit_task_constructor_visualization:/ros2_ws/install/moveit_task_constructor_demo:/ros2_ws/install/moveit_task_constructor_capabilities:/ros2_ws/install/moveit_task_constructor_core:/ros2_ws/install/moveit_ros_control_interface:/ros2_ws/install/moveit_plugins:/ros2_ws/install/moveit_simple_controller_manager:/ros2_ws/install/moveit_setup_assistant:/ros2_ws/install/moveit_setup_srdf_plugins:/ros2_ws/install/moveit_setup_core_plugins:/ros2_ws/install/moveit_setup_controllers:/ros2_ws/install/moveit_setup_app_plugins:/ros2_ws/install/moveit_setup_framework:/ros2_ws/install/moveit_servo:/ros2_ws/install/moveit_ros:/ros2_ws/install/moveit_ros_visualization:/ros2_ws/install/moveit_hybrid_planning:/ros2_ws/install/moveit_ros_planning_interface:/ros2_ws/install/moveit_ros_benchmarks:/ros2_ws/install/moveit_ros_warehouse:/ros2_ws/install/moveit_ros_robot_interaction:/ros2_ws/install/moveit_ros_perception:/ros2_ws/install/moveit_resources_prbt_pg70_support:/ros2_ws/install/moveit_resources_prbt_moveit_config:/ros2_ws/install/moveit_ros_move_group:/ros2_ws/install/moveit_planners_ompl:/ros2_ws/install/moveit_ros_planning:/ros2_ws/install/moveit_ros_occupancy_map_monitor:/ros2_ws/install/moveit_resources_prbt_ikfast_manipulator_plugin:/ros2_ws/install/moveit_planners_chomp:/ros2_ws/install/moveit_kinematics:/ros2_ws/install/moveit_chomp_optimizer_adapter:/ros2_ws/install/chomp_motion_planner:/ros2_ws/install/moveit_core:/ros2_ws/install/srdfdom:/ros2_ws/install/rviz_marker_tools:/ros2_ws/install/rosparam_shortcuts:/ros2_ws/install/moveit_task_constructor_msgs:/ros2_ws/install/moveit_resources_prbt_support:/ros2_ws/install/moveit_resources:/ros2_ws/install/moveit_resources_pr2_description:/ros2_ws/install/moveit_resources_panda_moveit_config:/ros2_ws/install/moveit_resources_panda_description:/ros2_ws/install/moveit_resources_fanuc_moveit_config:/ros2_ws/install/moveit_resources_fanuc_description:/ros2_ws/install/moveit_common:/opt/ros/humble CMAKE_PREFIX_PATH=/ros2_ws/install/moveit_resources_prbt_pg70_support:/ros2_ws/install/moveit_ros_planning_interface:/ros2_ws/install/moveit_resources_prbt_moveit_config:/ros2_ws/install/moveit_ros_move_group:/ros2_ws/install/moveit_ros_warehouse:/ros2_ws/install/moveit_planners_ompl:/ros2_ws/install/moveit_kinematics:/ros2_ws/install/moveit_ros_planning:/ros2_ws/install/pilz_industrial_motion_planner_testutils:/ros2_ws/install/moveit_simple_controller_manager:/ros2_ws/install/moveit_ros_occupancy_map_monitor:/ros2_ws/install/moveit_resources_prbt_ikfast_manipulator_plugin:/ros2_ws/install/moveit_core:/ros2_ws/install/moveit_resources_panda_moveit_config:/ros2_ws/install/moveit_resources_fanuc_moveit_config:/ros2_ws/install/srdfdom:/ros2_ws/install/moveit_resources_prbt_support:/ros2_ws/install/moveit_resources_pr2_description:/ros2_ws/install/moveit_resources_panda_description:/ros2_ws/install/moveit_resources_fanuc_description:/ros2_ws/install/moveit_common:/ros2_ws/install/ur:/ros2_ws/install/ur_calibration:/ros2_ws/install/ur_robot_driver:/ros2_ws/install/ur_bringup:/ros2_ws/install/ur_controllers:/ros2_ws/install/ur_msgs:/ros2_ws/install/ur_moveit_config:/ros2_ws/install/ur_dashboard_msgs:/ros2_ws/install/moveit_runtime:/ros2_ws/install/moveit2_tutorials:/ros2_ws/install/moveit:/ros2_ws/install/moveit_planners:/ros2_ws/install/pilz_industrial_motion_planner:/ros2_ws/install/moveit_visual_tools:/ros2_ws/install/moveit_task_constructor_visualization:/ros2_ws/install/moveit_task_constructor_demo:/ros2_ws/install/moveit_task_constructor_capabilities:/ros2_ws/install/moveit_task_constructor_core:/ros2_ws/install/moveit_ros_control_interface:/ros2_ws/install/moveit_plugins:/ros2_ws/install/moveit_setup_assistant:/ros2_ws/install/moveit_setup_srdf_plugins:/ros2_ws/install/moveit_setup_core_plugins:/ros2_ws/install/moveit_setup_controllers:/ros2_ws/install/moveit_setup_app_plugins:/ros2_ws/install/moveit_setup_framework:/ros2_ws/install/moveit_servo:/ros2_ws/install/moveit_ros:/ros2_ws/install/moveit_ros_visualization:/ros2_ws/install/moveit_hybrid_planning:/ros2_ws/install/moveit_ros_benchmarks:/ros2_ws/install/moveit_ros_robot_interaction:/ros2_ws/install/moveit_ros_perception:/ros2_ws/install/moveit_planners_chomp:/ros2_ws/install/moveit_chomp_optimizer_adapter:/ros2_ws/install/chomp_motion_planner:/ros2_ws/install/rviz_marker_tools:/ros2_ws/install/rosparam_shortcuts:/ros2_ws/install/moveit_task_constructor_msgs:/ros2_ws/install/moveit_resources:/ros2_ws/install/moveit_configs_utils:/ros2_ws/install/launch_param_builder:/opt/ros/humble LD_LIBRARY_PATH=/ros2_ws/install/moveit_ros_planning_interface/lib:/ros2_ws/install/moveit_ros_move_group/lib:/ros2_ws/install/moveit_ros_warehouse/lib:/ros2_ws/install/moveit_planners_ompl/lib:/ros2_ws/install/moveit_kinematics/lib:/ros2_ws/install/moveit_ros_planning/lib:/ros2_ws/install/pilz_industrial_motion_planner_testutils/lib:/ros2_ws/install/moveit_simple_controller_manager/lib:/ros2_ws/install/moveit_ros_occupancy_map_monitor/lib:/ros2_ws/install/moveit_resources_prbt_ikfast_manipulator_plugin/lib:/ros2_ws/install/moveit_core/lib:/ros2_ws/install/srdfdom/lib:/ros2_ws/install/ur_robot_driver/lib:/ros2_ws/install/ur_controllers/lib:/ros2_ws/install/ur_msgs/lib:/ros2_ws/install/ur_dashboard_msgs/lib:/ros2_ws/install/pilz_industrial_motion_planner/lib:/ros2_ws/install/moveit_visual_tools/lib:/ros2_ws/install/moveit_task_constructor_visualization/lib:/ros2_ws/install/moveit_task_constructor_demo/lib:/ros2_ws/install/moveit_task_constructor_capabilities/lib:/ros2_ws/install/moveit_task_constructor_core/lib:/ros2_ws/install/moveit_ros_control_interface/lib:/ros2_ws/install/moveit_setup_assistant/lib:/ros2_ws/install/moveit_setup_srdf_plugins/lib:/ros2_ws/install/moveit_setup_core_plugins/lib:/ros2_ws/install/moveit_setup_controllers/lib:/ros2_ws/install/moveit_setup_app_plugins/lib:/ros2_ws/install/moveit_setup_framework/lib:/ros2_ws/install/moveit_servo/lib:/ros2_ws/install/moveit_ros_visualization/lib:/ros2_ws/install/moveit_hybrid_planning/lib:/ros2_ws/install/moveit_ros_benchmarks/lib:/ros2_ws/install/moveit_ros_robot_interaction/lib:/ros2_ws/install/moveit_ros_perception/lib:/ros2_ws/install/moveit_planners_chomp/lib:/ros2_ws/install/moveit_chomp_optimizer_adapter/lib:/ros2_ws/install/chomp_motion_planner/lib:/ros2_ws/install/rviz_marker_tools/lib:/ros2_ws/install/rosparam_shortcuts/lib:/ros2_ws/install/moveit_task_constructor_msgs/lib:/usr/lib/x86_64-linux-gnu/gazebo-11/plugins:/opt/ros/humble/opt/rviz_ogre_vendor/lib:/opt/ros/humble/lib/x86_64-linux-gnu:/opt/ros/humble/lib PATH=/ros2_ws/install/moveit_core/bin:/ros2_ws/install/ur_robot_driver/bin:/opt/ros/humble/bin:/usr/local/sbin:/usr/local/bin:/usr/sbin:/usr/bin:/sbin:/bin PYTHONPATH=/ros2_ws/install/moveit_configs_utils/lib/python3.10/site-packages:/ros2_ws/install/launch_param_builder/lib/python3.10/site-packages:/ros2_ws/install/ur_robot_driver/local/lib/python3.10/dist-packages:/ros2_ws/install/ur_msgs/local/lib/python3.10/dist-packages:/ros2_ws/install/ur_moveit_config/local/lib/python3.10/dist-packages:/ros2_ws/install/ur_dashboard_msgs/local/lib/python3.10/dist-packages:/ros2_ws/install/moveit_task_constructor_core/local/lib/python3.10/dist-packages:/ros2_ws/install/srdfdom/local/lib/python3.10/dist-packages:/ros2_ws/install/moveit_task_constructor_msgs/local/lib/python3.10/dist-packages:/opt/ros/humble/lib/python3.10/site-packages:/opt/ros/humble/local/lib/python3.10/dist-packages /usr/bin/cmake --install /ros2_ws/build/pilz_industrial_motion_planner
