[0.059s] Invoking command in '/ros2_ws/build/moveit_task_constructor_core': AMENT_PREFIX_PATH=/ros2_ws/install/moveit_planners:/ros2_ws/install/pilz_industrial_motion_planner:/ros2_ws/install/moveit_resources_prbt_pg70_support:/ros2_ws/install/moveit_ros_planning_interface:/ros2_ws/install/moveit_resources_prbt_moveit_config:/ros2_ws/install/moveit_ros_move_group:/ros2_ws/install/moveit_ros_warehouse:/ros2_ws/install/moveit_planners_ompl:/ros2_ws/install/moveit_kinematics:/ros2_ws/install/moveit_ros_planning:/ros2_ws/install/moveit_planners_chomp:/ros2_ws/install/pilz_industrial_motion_planner_testutils:/ros2_ws/install/moveit_simple_controller_manager:/ros2_ws/install/moveit_ros_occupancy_map_monitor:/ros2_ws/install/moveit_resources_prbt_ikfast_manipulator_plugin:/ros2_ws/install/chomp_motion_planner:/ros2_ws/install/moveit_core:/ros2_ws/install/rviz_marker_tools:/ros2_ws/install/moveit_resources_panda_moveit_config:/ros2_ws/install/moveit_resources_fanuc_moveit_config:/ros2_ws/install/moveit_configs_utils:/ros2_ws/install/srdfdom:/ros2_ws/install/moveit_task_constructor_msgs:/ros2_ws/install/moveit_resources_prbt_support:/ros2_ws/install/moveit_resources_pr2_description:/ros2_ws/install/moveit_resources_panda_description:/ros2_ws/install/moveit_resources_fanuc_description:/ros2_ws/install/moveit_common:/ros2_ws/install/launch_param_builder:${AMENT_PREFIX_PATH} CMAKE_PREFIX_PATH=/ros2_ws/install/moveit_planners:/ros2_ws/install/pilz_industrial_motion_planner:/ros2_ws/install/moveit_resources_prbt_pg70_support:/ros2_ws/install/moveit_ros_planning_interface:/ros2_ws/install/moveit_resources_prbt_moveit_config:/ros2_ws/install/moveit_ros_move_group:/ros2_ws/install/moveit_ros_warehouse:/ros2_ws/install/moveit_planners_ompl:/ros2_ws/install/moveit_kinematics:/ros2_ws/install/moveit_ros_planning:/ros2_ws/install/moveit_planners_chomp:/ros2_ws/install/pilz_industrial_motion_planner_testutils:/ros2_ws/install/moveit_simple_controller_manager:/ros2_ws/install/moveit_ros_occupancy_map_monitor:/ros2_ws/install/moveit_resources_prbt_ikfast_manipulator_plugin:/ros2_ws/install/chomp_motion_planner:/ros2_ws/install/moveit_core:/ros2_ws/install/rviz_marker_tools:/ros2_ws/install/moveit_resources_panda_moveit_config:/ros2_ws/install/moveit_resources_fanuc_moveit_config:/ros2_ws/install/srdfdom:/ros2_ws/install/moveit_task_constructor_msgs:/ros2_ws/install/moveit_resources_prbt_support:/ros2_ws/install/moveit_resources_pr2_description:/ros2_ws/install/moveit_resources_panda_description:/ros2_ws/install/moveit_resources_fanuc_description:/ros2_ws/install/moveit_common:/opt/ros/humble LD_LIBRARY_PATH=/ros2_ws/install/pilz_industrial_motion_planner/lib:/ros2_ws/install/moveit_ros_planning_interface/lib:/ros2_ws/install/moveit_ros_move_group/lib:/ros2_ws/install/moveit_ros_warehouse/lib:/ros2_ws/install/moveit_planners_ompl/lib:/ros2_ws/install/moveit_kinematics/lib:/ros2_ws/install/moveit_ros_planning/lib:/ros2_ws/install/moveit_planners_chomp/lib:/ros2_ws/install/pilz_industrial_motion_planner_testutils/lib:/ros2_ws/install/moveit_simple_controller_manager/lib:/ros2_ws/install/moveit_ros_occupancy_map_monitor/lib:/ros2_ws/install/moveit_resources_prbt_ikfast_manipulator_plugin/lib:/ros2_ws/install/chomp_motion_planner/lib:/ros2_ws/install/moveit_core/lib:/ros2_ws/install/rviz_marker_tools/lib:/ros2_ws/install/srdfdom/lib:/ros2_ws/install/moveit_task_constructor_msgs/lib:${LD_LIBRARY_PATH} PATH=/ros2_ws/install/moveit_core/bin:${PATH} PYTHONPATH=/ros2_ws/install/moveit_configs_utils/lib/python3.10/site-packages:/ros2_ws/install/srdfdom/local/lib/python3.10/dist-packages:/ros2_ws/install/moveit_task_constructor_msgs/local/lib/python3.10/dist-packages:/ros2_ws/install/launch_param_builder/lib/python3.10/site-packages:${PYTHONPATH} /usr/bin/cmake --build /ros2_ws/build/moveit_task_constructor_core -- -j8 -l8
[0.247s] [  3%] Built target gmock
[0.253s] [  5%] Built target gtest
[0.254s] [  8%] Built target gtest_main
[0.255s] [ 10%] Built target gmock_main
[0.278s] [ 10%] Built target ament_cmake_python_copy_moveit
[0.528s] [ 29%] Built target moveit_task_constructor_core
[0.793s] [ 34%] Built target gtest_utils
[0.999s] [ 55%] Built target moveit_task_constructor_core_stages
[1.342s] [ 57%] Built target moveit_task_constructor_core_stage_plugins
[1.365s] [ 60%] Built target moveit_task_constructor_core-test-stage
[1.374s] [ 62%] Built target moveit_task_constructor_core-test-serial
[1.375s] [ 64%] Built target moveit_task_constructor_core-test-pruning
[1.410s] [ 67%] Built target moveit_task_constructor_core-test-mockups
[1.488s] [ 69%] Built target moveit_task_constructor_core-test-container
[1.530s] [ 76%] Built target pymoveit_mtc
[1.669s] [ 78%] Built target moveit_task_constructor_core-test-properties
[1.756s] [ 81%] Built target moveit_task_constructor_core-test-interface-state
[1.764s] [ 83%] Built target moveit_task_constructor_core-test-cost-queue
[1.820s] [ 85%] Built target moveit_task_constructor_core-test-cost-terms
[1.836s] [ 88%] Built target moveit_task_constructor_core-test-fallback
[1.843s] [ 90%] Built target moveit_task_constructor_core-test-move-relative
[1.910s] [ 92%] Built target moveit_task_constructor_core-test-move-to
[1.929s] [ 95%] Built target pick_ur5
[2.009s] [ 97%] Built target pick_pr2
[2.015s] running egg_info
[2.020s] writing moveit.egg-info/PKG-INFO
[2.028s] writing dependency_links to moveit.egg-info/dependency_links.txt
[2.029s] writing top-level names to moveit.egg-info/top_level.txt
[2.029s] [100%] Built target pick_pa10
[2.039s] reading manifest file 'moveit.egg-info/SOURCES.txt'
[2.041s] writing manifest file 'moveit.egg-info/SOURCES.txt'
[2.182s] [100%] Built target ament_cmake_python_build_moveit_egg
[2.278s] Invoked command in '/ros2_ws/build/moveit_task_constructor_core' returned '0': AMENT_PREFIX_PATH=/ros2_ws/install/moveit_planners:/ros2_ws/install/pilz_industrial_motion_planner:/ros2_ws/install/moveit_resources_prbt_pg70_support:/ros2_ws/install/moveit_ros_planning_interface:/ros2_ws/install/moveit_resources_prbt_moveit_config:/ros2_ws/install/moveit_ros_move_group:/ros2_ws/install/moveit_ros_warehouse:/ros2_ws/install/moveit_planners_ompl:/ros2_ws/install/moveit_kinematics:/ros2_ws/install/moveit_ros_planning:/ros2_ws/install/moveit_planners_chomp:/ros2_ws/install/pilz_industrial_motion_planner_testutils:/ros2_ws/install/moveit_simple_controller_manager:/ros2_ws/install/moveit_ros_occupancy_map_monitor:/ros2_ws/install/moveit_resources_prbt_ikfast_manipulator_plugin:/ros2_ws/install/chomp_motion_planner:/ros2_ws/install/moveit_core:/ros2_ws/install/rviz_marker_tools:/ros2_ws/install/moveit_resources_panda_moveit_config:/ros2_ws/install/moveit_resources_fanuc_moveit_config:/ros2_ws/install/moveit_configs_utils:/ros2_ws/install/srdfdom:/ros2_ws/install/moveit_task_constructor_msgs:/ros2_ws/install/moveit_resources_prbt_support:/ros2_ws/install/moveit_resources_pr2_description:/ros2_ws/install/moveit_resources_panda_description:/ros2_ws/install/moveit_resources_fanuc_description:/ros2_ws/install/moveit_common:/ros2_ws/install/launch_param_builder:${AMENT_PREFIX_PATH} CMAKE_PREFIX_PATH=/ros2_ws/install/moveit_planners:/ros2_ws/install/pilz_industrial_motion_planner:/ros2_ws/install/moveit_resources_prbt_pg70_support:/ros2_ws/install/moveit_ros_planning_interface:/ros2_ws/install/moveit_resources_prbt_moveit_config:/ros2_ws/install/moveit_ros_move_group:/ros2_ws/install/moveit_ros_warehouse:/ros2_ws/install/moveit_planners_ompl:/ros2_ws/install/moveit_kinematics:/ros2_ws/install/moveit_ros_planning:/ros2_ws/install/moveit_planners_chomp:/ros2_ws/install/pilz_industrial_motion_planner_testutils:/ros2_ws/install/moveit_simple_controller_manager:/ros2_ws/install/moveit_ros_occupancy_map_monitor:/ros2_ws/install/moveit_resources_prbt_ikfast_manipulator_plugin:/ros2_ws/install/chomp_motion_planner:/ros2_ws/install/moveit_core:/ros2_ws/install/rviz_marker_tools:/ros2_ws/install/moveit_resources_panda_moveit_config:/ros2_ws/install/moveit_resources_fanuc_moveit_config:/ros2_ws/install/srdfdom:/ros2_ws/install/moveit_task_constructor_msgs:/ros2_ws/install/moveit_resources_prbt_support:/ros2_ws/install/moveit_resources_pr2_description:/ros2_ws/install/moveit_resources_panda_description:/ros2_ws/install/moveit_resources_fanuc_description:/ros2_ws/install/moveit_common:/opt/ros/humble LD_LIBRARY_PATH=/ros2_ws/install/pilz_industrial_motion_planner/lib:/ros2_ws/install/moveit_ros_planning_interface/lib:/ros2_ws/install/moveit_ros_move_group/lib:/ros2_ws/install/moveit_ros_warehouse/lib:/ros2_ws/install/moveit_planners_ompl/lib:/ros2_ws/install/moveit_kinematics/lib:/ros2_ws/install/moveit_ros_planning/lib:/ros2_ws/install/moveit_planners_chomp/lib:/ros2_ws/install/pilz_industrial_motion_planner_testutils/lib:/ros2_ws/install/moveit_simple_controller_manager/lib:/ros2_ws/install/moveit_ros_occupancy_map_monitor/lib:/ros2_ws/install/moveit_resources_prbt_ikfast_manipulator_plugin/lib:/ros2_ws/install/chomp_motion_planner/lib:/ros2_ws/install/moveit_core/lib:/ros2_ws/install/rviz_marker_tools/lib:/ros2_ws/install/srdfdom/lib:/ros2_ws/install/moveit_task_constructor_msgs/lib:${LD_LIBRARY_PATH} PATH=/ros2_ws/install/moveit_core/bin:${PATH} PYTHONPATH=/ros2_ws/install/moveit_configs_utils/lib/python3.10/site-packages:/ros2_ws/install/srdfdom/local/lib/python3.10/dist-packages:/ros2_ws/install/moveit_task_constructor_msgs/local/lib/python3.10/dist-packages:/ros2_ws/install/launch_param_builder/lib/python3.10/site-packages:${PYTHONPATH} /usr/bin/cmake --build /ros2_ws/build/moveit_task_constructor_core -- -j8 -l8
[2.286s] Invoking command in '/ros2_ws/build/moveit_task_constructor_core': AMENT_PREFIX_PATH=/ros2_ws/install/moveit_planners:/ros2_ws/install/pilz_industrial_motion_planner:/ros2_ws/install/moveit_resources_prbt_pg70_support:/ros2_ws/install/moveit_ros_planning_interface:/ros2_ws/install/moveit_resources_prbt_moveit_config:/ros2_ws/install/moveit_ros_move_group:/ros2_ws/install/moveit_ros_warehouse:/ros2_ws/install/moveit_planners_ompl:/ros2_ws/install/moveit_kinematics:/ros2_ws/install/moveit_ros_planning:/ros2_ws/install/moveit_planners_chomp:/ros2_ws/install/pilz_industrial_motion_planner_testutils:/ros2_ws/install/moveit_simple_controller_manager:/ros2_ws/install/moveit_ros_occupancy_map_monitor:/ros2_ws/install/moveit_resources_prbt_ikfast_manipulator_plugin:/ros2_ws/install/chomp_motion_planner:/ros2_ws/install/moveit_core:/ros2_ws/install/rviz_marker_tools:/ros2_ws/install/moveit_resources_panda_moveit_config:/ros2_ws/install/moveit_resources_fanuc_moveit_config:/ros2_ws/install/moveit_configs_utils:/ros2_ws/install/srdfdom:/ros2_ws/install/moveit_task_constructor_msgs:/ros2_ws/install/moveit_resources_prbt_support:/ros2_ws/install/moveit_resources_pr2_description:/ros2_ws/install/moveit_resources_panda_description:/ros2_ws/install/moveit_resources_fanuc_description:/ros2_ws/install/moveit_common:/ros2_ws/install/launch_param_builder:${AMENT_PREFIX_PATH} CMAKE_PREFIX_PATH=/ros2_ws/install/moveit_planners:/ros2_ws/install/pilz_industrial_motion_planner:/ros2_ws/install/moveit_resources_prbt_pg70_support:/ros2_ws/install/moveit_ros_planning_interface:/ros2_ws/install/moveit_resources_prbt_moveit_config:/ros2_ws/install/moveit_ros_move_group:/ros2_ws/install/moveit_ros_warehouse:/ros2_ws/install/moveit_planners_ompl:/ros2_ws/install/moveit_kinematics:/ros2_ws/install/moveit_ros_planning:/ros2_ws/install/moveit_planners_chomp:/ros2_ws/install/pilz_industrial_motion_planner_testutils:/ros2_ws/install/moveit_simple_controller_manager:/ros2_ws/install/moveit_ros_occupancy_map_monitor:/ros2_ws/install/moveit_resources_prbt_ikfast_manipulator_plugin:/ros2_ws/install/chomp_motion_planner:/ros2_ws/install/moveit_core:/ros2_ws/install/rviz_marker_tools:/ros2_ws/install/moveit_resources_panda_moveit_config:/ros2_ws/install/moveit_resources_fanuc_moveit_config:/ros2_ws/install/srdfdom:/ros2_ws/install/moveit_task_constructor_msgs:/ros2_ws/install/moveit_resources_prbt_support:/ros2_ws/install/moveit_resources_pr2_description:/ros2_ws/install/moveit_resources_panda_description:/ros2_ws/install/moveit_resources_fanuc_description:/ros2_ws/install/moveit_common:/opt/ros/humble LD_LIBRARY_PATH=/ros2_ws/install/pilz_industrial_motion_planner/lib:/ros2_ws/install/moveit_ros_planning_interface/lib:/ros2_ws/install/moveit_ros_move_group/lib:/ros2_ws/install/moveit_ros_warehouse/lib:/ros2_ws/install/moveit_planners_ompl/lib:/ros2_ws/install/moveit_kinematics/lib:/ros2_ws/install/moveit_ros_planning/lib:/ros2_ws/install/moveit_planners_chomp/lib:/ros2_ws/install/pilz_industrial_motion_planner_testutils/lib:/ros2_ws/install/moveit_simple_controller_manager/lib:/ros2_ws/install/moveit_ros_occupancy_map_monitor/lib:/ros2_ws/install/moveit_resources_prbt_ikfast_manipulator_plugin/lib:/ros2_ws/install/chomp_motion_planner/lib:/ros2_ws/install/moveit_core/lib:/ros2_ws/install/rviz_marker_tools/lib:/ros2_ws/install/srdfdom/lib:/ros2_ws/install/moveit_task_constructor_msgs/lib:${LD_LIBRARY_PATH} PATH=/ros2_ws/install/moveit_core/bin:${PATH} PYTHONPATH=/ros2_ws/install/moveit_configs_utils/lib/python3.10/site-packages:/ros2_ws/install/srdfdom/local/lib/python3.10/dist-packages:/ros2_ws/install/moveit_task_constructor_msgs/local/lib/python3.10/dist-packages:/ros2_ws/install/launch_param_builder/lib/python3.10/site-packages:${PYTHONPATH} /usr/bin/cmake --install /ros2_ws/build/moveit_task_constructor_core
[2.343s] -- Install configuration: "Release"
[2.346s] -- Up-to-date: /ros2_ws/install/moveit_task_constructor_core/lib/libmoveit_task_constructor_core_stages.so
[2.349s] -- Up-to-date: /ros2_ws/install/moveit_task_constructor_core/lib/libmoveit_task_constructor_core_stage_plugins.so
[2.353s] -- Up-to-date: /ros2_ws/install/moveit_task_constructor_core/lib/libmoveit_task_constructor_core.so
[2.355s] -- Up-to-date: /ros2_ws/install/moveit_task_constructor_core/share/moveit_task_constructor_core/environment/pythonpath.sh
[2.356s] -- Up-to-date: /ros2_ws/install/moveit_task_constructor_core/share/moveit_task_constructor_core/environment/pythonpath.dsv
[2.356s] -- Up-to-date: /ros2_ws/install/moveit_task_constructor_core/local/lib/python3.10/dist-packages/moveit-0.1.3-py3.10.egg-info
[2.357s] -- Installing: /ros2_ws/install/moveit_task_constructor_core/local/lib/python3.10/dist-packages/moveit-0.1.3-py3.10.egg-info/dependency_links.txt
[2.358s] -- Installing: /ros2_ws/install/moveit_task_constructor_core/local/lib/python3.10/dist-packages/moveit-0.1.3-py3.10.egg-info/top_level.txt
[2.359s] -- Installing: /ros2_ws/install/moveit_task_constructor_core/local/lib/python3.10/dist-packages/moveit-0.1.3-py3.10.egg-info/SOURCES.txt
[2.359s] -- Installing: /ros2_ws/install/moveit_task_constructor_core/local/lib/python3.10/dist-packages/moveit-0.1.3-py3.10.egg-info/PKG-INFO
[2.360s] -- Up-to-date: /ros2_ws/install/moveit_task_constructor_core/local/lib/python3.10/dist-packages/moveit
[2.361s] -- Up-to-date: /ros2_ws/install/moveit_task_constructor_core/local/lib/python3.10/dist-packages/moveit/task_constructor
[2.361s] -- Up-to-date: /ros2_ws/install/moveit_task_constructor_core/local/lib/python3.10/dist-packages/moveit/task_constructor/stages.py
[2.362s] -- Up-to-date: /ros2_ws/install/moveit_task_constructor_core/local/lib/python3.10/dist-packages/moveit/task_constructor/core.py
[2.362s] -- Up-to-date: /ros2_ws/install/moveit_task_constructor_core/local/lib/python3.10/dist-packages/moveit/task_constructor/__init__.py
[2.363s] -- Up-to-date: /ros2_ws/install/moveit_task_constructor_core/local/lib/python3.10/dist-packages/moveit/__init__.py
[2.595s] Listing '/ros2_ws/install/moveit_task_constructor_core/local/lib/python3.10/dist-packages/moveit'...
[2.596s] Listing '/ros2_ws/install/moveit_task_constructor_core/local/lib/python3.10/dist-packages/moveit/task_constructor'...
[2.650s] -- Up-to-date: /ros2_ws/install/moveit_task_constructor_core/include/moveit/python/pybind11
[2.656s] -- Up-to-date: /ros2_ws/install/moveit_task_constructor_core/include/moveit/python/pybind11/numpy.h
[2.657s] -- Up-to-date: /ros2_ws/install/moveit_task_constructor_core/include/moveit/python/pybind11/typing.h
[2.657s] -- Up-to-date: /ros2_ws/install/moveit_task_constructor_core/include/moveit/python/pybind11/gil.h
[2.658s] -- Up-to-date: /ros2_ws/install/moveit_task_constructor_core/include/moveit/python/pybind11/trampoline_self_life_support.h
[2.658s] -- Up-to-date: /ros2_ws/install/moveit_task_constructor_core/include/moveit/python/pybind11/eval.h
[2.659s] -- Up-to-date: /ros2_ws/install/moveit_task_constructor_core/include/moveit/python/pybind11/chrono.h
[2.659s] -- Up-to-date: /ros2_ws/install/moveit_task_constructor_core/include/moveit/python/pybind11/type_caster_pyobject_ptr.h
[2.660s] -- Up-to-date: /ros2_ws/install/moveit_task_constructor_core/include/moveit/python/pybind11/pybind11.h
[2.673s] -- Up-to-date: /ros2_ws/install/moveit_task_constructor_core/include/moveit/python/pybind11/complex.h
[2.674s] -- Up-to-date: /ros2_ws/install/moveit_task_constructor_core/include/moveit/python/pybind11/eigen
[2.675s] -- Up-to-date: /ros2_ws/install/moveit_task_constructor_core/include/moveit/python/pybind11/eigen/common.h
[2.675s] -- Up-to-date: /ros2_ws/install/moveit_task_constructor_core/include/moveit/python/pybind11/eigen/matrix.h
[2.676s] -- Up-to-date: /ros2_ws/install/moveit_task_constructor_core/include/moveit/python/pybind11/eigen/tensor.h
[2.685s] -- Up-to-date: /ros2_ws/install/moveit_task_constructor_core/include/moveit/python/pybind11/iostream.h
[2.685s] -- Up-to-date: /ros2_ws/install/moveit_task_constructor_core/include/moveit/python/pybind11/eigen.h
[2.686s] -- Up-to-date: /ros2_ws/install/moveit_task_constructor_core/include/moveit/python/pybind11/buffer_info.h
[2.687s] -- Up-to-date: /ros2_ws/install/moveit_task_constructor_core/include/moveit/python/pybind11/smart_holder.h
[2.687s] -- Up-to-date: /ros2_ws/install/moveit_task_constructor_core/include/moveit/python/pybind11/gil_safe_call_once.h
[2.688s] -- Up-to-date: /ros2_ws/install/moveit_task_constructor_core/include/moveit/python/pybind11/stl
[2.697s] -- Up-to-date: /ros2_ws/install/moveit_task_constructor_core/include/moveit/python/pybind11/stl/filesystem.h
[2.698s] -- Up-to-date: /ros2_ws/install/moveit_task_constructor_core/include/moveit/python/pybind11/embed.h
[2.698s] -- Up-to-date: /ros2_ws/install/moveit_task_constructor_core/include/moveit/python/pybind11/common.h
[2.699s] -- Up-to-date: /ros2_ws/install/moveit_task_constructor_core/include/moveit/python/pybind11/cast.h
[2.699s] -- Up-to-date: /ros2_ws/install/moveit_task_constructor_core/include/moveit/python/pybind11/pytypes.h
[2.700s] -- Up-to-date: /ros2_ws/install/moveit_task_constructor_core/include/moveit/python/pybind11/functional.h
[2.707s] -- Up-to-date: /ros2_ws/install/moveit_task_constructor_core/include/moveit/python/pybind11/detail
[2.707s] -- Up-to-date: /ros2_ws/install/moveit_task_constructor_core/include/moveit/python/pybind11/detail/typeid.h
[2.708s] -- Up-to-date: /ros2_ws/install/moveit_task_constructor_core/include/moveit/python/pybind11/detail/type_caster_odr_guard.h
[2.708s] -- Up-to-date: /ros2_ws/install/moveit_task_constructor_core/include/moveit/python/pybind11/detail/dynamic_raw_ptr_cast_if_possible.h
[2.709s] -- Up-to-date: /ros2_ws/install/moveit_task_constructor_core/include/moveit/python/pybind11/detail/smart_holder_type_casters.h
[2.715s] -- Up-to-date: /ros2_ws/install/moveit_task_constructor_core/include/moveit/python/pybind11/detail/type_caster_base.h
[2.718s] -- Up-to-date: /ros2_ws/install/moveit_task_constructor_core/include/moveit/python/pybind11/detail/class.h
[2.721s] -- Up-to-date: /ros2_ws/install/moveit_task_constructor_core/include/moveit/python/pybind11/detail/smart_holder_poc.h
[2.721s] -- Up-to-date: /ros2_ws/install/moveit_task_constructor_core/include/moveit/python/pybind11/detail/descr.h
[2.722s] -- Up-to-date: /ros2_ws/install/moveit_task_constructor_core/include/moveit/python/pybind11/detail/common.h
[2.722s] -- Up-to-date: /ros2_ws/install/moveit_task_constructor_core/include/moveit/python/pybind11/detail/init.h
[2.723s] -- Up-to-date: /ros2_ws/install/moveit_task_constructor_core/include/moveit/python/pybind11/detail/internals.h
[2.729s] -- Up-to-date: /ros2_ws/install/moveit_task_constructor_core/include/moveit/python/pybind11/detail/smart_holder_sfinae_hooks_only.h
[2.732s] -- Up-to-date: /ros2_ws/install/moveit_task_constructor_core/include/moveit/python/pybind11/options.h
[2.732s] -- Up-to-date: /ros2_ws/install/moveit_task_constructor_core/include/moveit/python/pybind11/stl.h
[2.733s] -- Up-to-date: /ros2_ws/install/moveit_task_constructor_core/include/moveit/python/pybind11/stl_bind.h
[2.734s] -- Up-to-date: /ros2_ws/install/moveit_task_constructor_core/include/moveit/python/pybind11/attr.h
[2.734s] -- Up-to-date: /ros2_ws/install/moveit_task_constructor_core/include/moveit/python/pybind11/operators.h
[2.735s] -- Up-to-date: /ros2_ws/install/moveit_task_constructor_core/share/moveit_task_constructor_core/cmake/pybind11Config.cmake
[2.735s] -- Up-to-date: /ros2_ws/install/moveit_task_constructor_core/share/moveit_task_constructor_core/cmake/pybind11ConfigVersion.cmake
[2.735s] -- Up-to-date: /ros2_ws/install/moveit_task_constructor_core/share/moveit_task_constructor_core/cmake/FindPythonLibsNew.cmake
[2.736s] -- Up-to-date: /ros2_ws/install/moveit_task_constructor_core/share/moveit_task_constructor_core/cmake/pybind11Common.cmake
[2.736s] -- Up-to-date: /ros2_ws/install/moveit_task_constructor_core/share/moveit_task_constructor_core/cmake/pybind11Tools.cmake
[2.737s] -- Up-to-date: /ros2_ws/install/moveit_task_constructor_core/share/moveit_task_constructor_core/cmake/pybind11NewTools.cmake
[2.743s] -- Up-to-date: /ros2_ws/install/moveit_task_constructor_core/share/moveit_task_constructor_core/cmake/pybind11Targets.cmake
[2.743s] -- Up-to-date: /ros2_ws/install/moveit_task_constructor_core/share/pkgconfig/pybind11.pc
[2.744s] -- Up-to-date: /ros2_ws/install/moveit_task_constructor_core/local/lib/python3.10/dist-packages/pymoveit_mtc.cpython-310-x86_64-linux-gnu.so
[2.749s] -- Up-to-date: /ros2_ws/install/moveit_task_constructor_core/include
[2.749s] -- Up-to-date: /ros2_ws/install/moveit_task_constructor_core/include/moveit
[2.750s] -- Up-to-date: /ros2_ws/install/moveit_task_constructor_core/include/moveit/python
[2.750s] -- Up-to-date: /ros2_ws/install/moveit_task_constructor_core/include/moveit/python/task_constructor
[2.750s] -- Up-to-date: /ros2_ws/install/moveit_task_constructor_core/include/moveit/python/task_constructor/properties.h
[2.751s] -- Up-to-date: /ros2_ws/install/moveit_task_constructor_core/include/moveit/task_constructor
[2.751s] -- Up-to-date: /ros2_ws/install/moveit_task_constructor_core/include/moveit/task_constructor/container.h
[2.752s] -- Up-to-date: /ros2_ws/install/moveit_task_constructor_core/include/moveit/task_constructor/cost_terms.h
[2.758s] -- Up-to-date: /ros2_ws/install/moveit_task_constructor_core/include/moveit/task_constructor/stages.h
[2.759s] -- Up-to-date: /ros2_ws/install/moveit_task_constructor_core/include/moveit/task_constructor/utils.h
[2.759s] -- Up-to-date: /ros2_ws/install/moveit_task_constructor_core/include/moveit/task_constructor/task.h
[2.760s] -- Up-to-date: /ros2_ws/install/moveit_task_constructor_core/include/moveit/task_constructor/moveit_compat.h
[2.760s] -- Up-to-date: /ros2_ws/install/moveit_task_constructor_core/include/moveit/task_constructor/solvers.h
[2.761s] -- Up-to-date: /ros2_ws/install/moveit_task_constructor_core/include/moveit/task_constructor/type_traits.h
[2.761s] -- Up-to-date: /ros2_ws/install/moveit_task_constructor_core/include/moveit/task_constructor/stages
[2.762s] -- Up-to-date: /ros2_ws/install/moveit_task_constructor_core/include/moveit/task_constructor/stages/generate_place_pose.h
[2.763s] -- Up-to-date: /ros2_ws/install/moveit_task_constructor_core/include/moveit/task_constructor/stages/simple_grasp.h
[2.764s] -- Up-to-date: /ros2_ws/install/moveit_task_constructor_core/include/moveit/task_constructor/stages/modify_planning_scene.h
[2.764s] -- Up-to-date: /ros2_ws/install/moveit_task_constructor_core/include/moveit/task_constructor/stages/connect.h
[2.765s] -- Up-to-date: /ros2_ws/install/moveit_task_constructor_core/include/moveit/task_constructor/stages/fixed_state.h
[2.766s] -- Up-to-date: /ros2_ws/install/moveit_task_constructor_core/include/moveit/task_constructor/stages/pick.h
[2.769s] -- Up-to-date: /ros2_ws/install/moveit_task_constructor_core/include/moveit/task_constructor/stages/fix_collision_objects.h
[2.769s] -- Up-to-date: /ros2_ws/install/moveit_task_constructor_core/include/moveit/task_constructor/stages/move_relative.h
[2.770s] -- Up-to-date: /ros2_ws/install/moveit_task_constructor_core/include/moveit/task_constructor/stages/generate_pose.h
[2.771s] -- Up-to-date: /ros2_ws/install/moveit_task_constructor_core/include/moveit/task_constructor/stages/predicate_filter.h
[2.771s] -- Up-to-date: /ros2_ws/install/moveit_task_constructor_core/include/moveit/task_constructor/stages/noop.h
[2.772s] -- Up-to-date: /ros2_ws/install/moveit_task_constructor_core/include/moveit/task_constructor/stages/fixed_cartesian_poses.h
[2.777s] -- Up-to-date: /ros2_ws/install/moveit_task_constructor_core/include/moveit/task_constructor/stages/generate_grasp_pose.h
[2.778s] -- Up-to-date: /ros2_ws/install/moveit_task_constructor_core/include/moveit/task_constructor/stages/generate_random_pose.h
[2.778s] -- Up-to-date: /ros2_ws/install/moveit_task_constructor_core/include/moveit/task_constructor/stages/current_state.h
[2.779s] -- Up-to-date: /ros2_ws/install/moveit_task_constructor_core/include/moveit/task_constructor/stages/move_to.h
[2.779s] -- Up-to-date: /ros2_ws/install/moveit_task_constructor_core/include/moveit/task_constructor/stages/compute_ik.h
[2.780s] -- Up-to-date: /ros2_ws/install/moveit_task_constructor_core/include/moveit/task_constructor/stages/passthrough.h
[2.780s] -- Up-to-date: /ros2_ws/install/moveit_task_constructor_core/include/moveit/task_constructor/merge.h
[2.781s] -- Up-to-date: /ros2_ws/install/moveit_task_constructor_core/include/moveit/task_constructor/properties.h
[2.781s] -- Up-to-date: /ros2_ws/install/moveit_task_constructor_core/include/moveit/task_constructor/solvers
[2.781s] -- Up-to-date: /ros2_ws/install/moveit_task_constructor_core/include/moveit/task_constructor/solvers/joint_interpolation.h
[2.782s] -- Up-to-date: /ros2_ws/install/moveit_task_constructor_core/include/moveit/task_constructor/solvers/multi_planner.h
[2.782s] -- Up-to-date: /ros2_ws/install/moveit_task_constructor_core/include/moveit/task_constructor/solvers/pipeline_planner.h
[2.783s] -- Up-to-date: /ros2_ws/install/moveit_task_constructor_core/include/moveit/task_constructor/solvers/planner_interface.h
[2.783s] -- Up-to-date: /ros2_ws/install/moveit_task_constructor_core/include/moveit/task_constructor/solvers/cartesian_path.h
[2.784s] -- Up-to-date: /ros2_ws/install/moveit_task_constructor_core/include/moveit/task_constructor/storage.h
[2.784s] -- Up-to-date: /ros2_ws/install/moveit_task_constructor_core/include/moveit/task_constructor/trajectory_execution_info.h
[2.785s] -- Up-to-date: /ros2_ws/install/moveit_task_constructor_core/include/moveit/task_constructor/introspection.h
[2.786s] -- Up-to-date: /ros2_ws/install/moveit_task_constructor_core/include/moveit/task_constructor/marker_tools.h
[2.786s] -- Up-to-date: /ros2_ws/install/moveit_task_constructor_core/include/moveit/task_constructor/stage.h
[2.787s] -- Up-to-date: /ros2_ws/install/moveit_task_constructor_core/include/moveit/task_constructor/cost_queue.h
[2.787s] -- Up-to-date: /ros2_ws/install/moveit_task_constructor_core/share/moveit_task_constructor_core/motion_planning_stages_plugin_description.xml
[2.788s] -- Up-to-date: /ros2_ws/install/moveit_task_constructor_core/share/moveit_task_constructor_core/environment/library_path.sh
[2.788s] -- Up-to-date: /ros2_ws/install/moveit_task_constructor_core/share/moveit_task_constructor_core/environment/library_path.dsv
[2.790s] -- Up-to-date: /ros2_ws/install/moveit_task_constructor_core/share/ament_index/resource_index/package_run_dependencies/moveit_task_constructor_core
[2.793s] -- Up-to-date: /ros2_ws/install/moveit_task_constructor_core/share/ament_index/resource_index/parent_prefix_path/moveit_task_constructor_core
[2.794s] -- Up-to-date: /ros2_ws/install/moveit_task_constructor_core/share/moveit_task_constructor_core/environment/ament_prefix_path.sh
[2.794s] -- Up-to-date: /ros2_ws/install/moveit_task_constructor_core/share/moveit_task_constructor_core/environment/ament_prefix_path.dsv
[2.795s] -- Up-to-date: /ros2_ws/install/moveit_task_constructor_core/share/moveit_task_constructor_core/environment/path.sh
[2.795s] -- Up-to-date: /ros2_ws/install/moveit_task_constructor_core/share/moveit_task_constructor_core/environment/path.dsv
[2.796s] -- Up-to-date: /ros2_ws/install/moveit_task_constructor_core/share/moveit_task_constructor_core/local_setup.bash
[2.796s] -- Up-to-date: /ros2_ws/install/moveit_task_constructor_core/share/moveit_task_constructor_core/local_setup.sh
[2.796s] -- Up-to-date: /ros2_ws/install/moveit_task_constructor_core/share/moveit_task_constructor_core/local_setup.zsh
[2.797s] -- Up-to-date: /ros2_ws/install/moveit_task_constructor_core/share/moveit_task_constructor_core/local_setup.dsv
[2.800s] -- Installing: /ros2_ws/install/moveit_task_constructor_core/share/moveit_task_constructor_core/package.dsv
[2.801s] -- Up-to-date: /ros2_ws/install/moveit_task_constructor_core/share/ament_index/resource_index/packages/moveit_task_constructor_core
[2.801s] -- Up-to-date: /ros2_ws/install/moveit_task_constructor_core/share/ament_index/resource_index/moveit_task_constructor_core__pluginlib__plugin/moveit_task_constructor_core
[2.802s] -- Up-to-date: /ros2_ws/install/moveit_task_constructor_core/share/moveit_task_constructor_core/cmake/moveit_task_constructor_coreTargetsExport.cmake
[2.802s] -- Up-to-date: /ros2_ws/install/moveit_task_constructor_core/share/moveit_task_constructor_core/cmake/moveit_task_constructor_coreTargetsExport-release.cmake
[2.803s] -- Up-to-date: /ros2_ws/install/moveit_task_constructor_core/share/moveit_task_constructor_core/cmake/ament_cmake_export_targets-extras.cmake
[2.803s] -- Up-to-date: /ros2_ws/install/moveit_task_constructor_core/share/moveit_task_constructor_core/cmake/ament_cmake_export_dependencies-extras.cmake
[2.811s] -- Up-to-date: /ros2_ws/install/moveit_task_constructor_core/share/moveit_task_constructor_core/cmake/moveit_task_constructor_coreConfig.cmake
[2.811s] -- Up-to-date: /ros2_ws/install/moveit_task_constructor_core/share/moveit_task_constructor_core/cmake/moveit_task_constructor_coreConfig-version.cmake
[2.812s] -- Up-to-date: /ros2_ws/install/moveit_task_constructor_core/share/moveit_task_constructor_core/package.xml
[2.812s] Invoked command in '/ros2_ws/build/moveit_task_constructor_core' returned '0': AMENT_PREFIX_PATH=/ros2_ws/install/moveit_planners:/ros2_ws/install/pilz_industrial_motion_planner:/ros2_ws/install/moveit_resources_prbt_pg70_support:/ros2_ws/install/moveit_ros_planning_interface:/ros2_ws/install/moveit_resources_prbt_moveit_config:/ros2_ws/install/moveit_ros_move_group:/ros2_ws/install/moveit_ros_warehouse:/ros2_ws/install/moveit_planners_ompl:/ros2_ws/install/moveit_kinematics:/ros2_ws/install/moveit_ros_planning:/ros2_ws/install/moveit_planners_chomp:/ros2_ws/install/pilz_industrial_motion_planner_testutils:/ros2_ws/install/moveit_simple_controller_manager:/ros2_ws/install/moveit_ros_occupancy_map_monitor:/ros2_ws/install/moveit_resources_prbt_ikfast_manipulator_plugin:/ros2_ws/install/chomp_motion_planner:/ros2_ws/install/moveit_core:/ros2_ws/install/rviz_marker_tools:/ros2_ws/install/moveit_resources_panda_moveit_config:/ros2_ws/install/moveit_resources_fanuc_moveit_config:/ros2_ws/install/moveit_configs_utils:/ros2_ws/install/srdfdom:/ros2_ws/install/moveit_task_constructor_msgs:/ros2_ws/install/moveit_resources_prbt_support:/ros2_ws/install/moveit_resources_pr2_description:/ros2_ws/install/moveit_resources_panda_description:/ros2_ws/install/moveit_resources_fanuc_description:/ros2_ws/install/moveit_common:/ros2_ws/install/launch_param_builder:${AMENT_PREFIX_PATH} CMAKE_PREFIX_PATH=/ros2_ws/install/moveit_planners:/ros2_ws/install/pilz_industrial_motion_planner:/ros2_ws/install/moveit_resources_prbt_pg70_support:/ros2_ws/install/moveit_ros_planning_interface:/ros2_ws/install/moveit_resources_prbt_moveit_config:/ros2_ws/install/moveit_ros_move_group:/ros2_ws/install/moveit_ros_warehouse:/ros2_ws/install/moveit_planners_ompl:/ros2_ws/install/moveit_kinematics:/ros2_ws/install/moveit_ros_planning:/ros2_ws/install/moveit_planners_chomp:/ros2_ws/install/pilz_industrial_motion_planner_testutils:/ros2_ws/install/moveit_simple_controller_manager:/ros2_ws/install/moveit_ros_occupancy_map_monitor:/ros2_ws/install/moveit_resources_prbt_ikfast_manipulator_plugin:/ros2_ws/install/chomp_motion_planner:/ros2_ws/install/moveit_core:/ros2_ws/install/rviz_marker_tools:/ros2_ws/install/moveit_resources_panda_moveit_config:/ros2_ws/install/moveit_resources_fanuc_moveit_config:/ros2_ws/install/srdfdom:/ros2_ws/install/moveit_task_constructor_msgs:/ros2_ws/install/moveit_resources_prbt_support:/ros2_ws/install/moveit_resources_pr2_description:/ros2_ws/install/moveit_resources_panda_description:/ros2_ws/install/moveit_resources_fanuc_description:/ros2_ws/install/moveit_common:/opt/ros/humble LD_LIBRARY_PATH=/ros2_ws/install/pilz_industrial_motion_planner/lib:/ros2_ws/install/moveit_ros_planning_interface/lib:/ros2_ws/install/moveit_ros_move_group/lib:/ros2_ws/install/moveit_ros_warehouse/lib:/ros2_ws/install/moveit_planners_ompl/lib:/ros2_ws/install/moveit_kinematics/lib:/ros2_ws/install/moveit_ros_planning/lib:/ros2_ws/install/moveit_planners_chomp/lib:/ros2_ws/install/pilz_industrial_motion_planner_testutils/lib:/ros2_ws/install/moveit_simple_controller_manager/lib:/ros2_ws/install/moveit_ros_occupancy_map_monitor/lib:/ros2_ws/install/moveit_resources_prbt_ikfast_manipulator_plugin/lib:/ros2_ws/install/chomp_motion_planner/lib:/ros2_ws/install/moveit_core/lib:/ros2_ws/install/rviz_marker_tools/lib:/ros2_ws/install/srdfdom/lib:/ros2_ws/install/moveit_task_constructor_msgs/lib:${LD_LIBRARY_PATH} PATH=/ros2_ws/install/moveit_core/bin:${PATH} PYTHONPATH=/ros2_ws/install/moveit_configs_utils/lib/python3.10/site-packages:/ros2_ws/install/srdfdom/local/lib/python3.10/dist-packages:/ros2_ws/install/moveit_task_constructor_msgs/local/lib/python3.10/dist-packages:/ros2_ws/install/launch_param_builder/lib/python3.10/site-packages:${PYTHONPATH} /usr/bin/cmake --install /ros2_ws/build/moveit_task_constructor_core
