[0.290s] Invoking command in '/ros2_ws/build/moveit_plugins': AMENT_PREFIX_PATH=/ros2_ws/install/moveit_simple_controller_manager:/ros2_ws/install/moveit_core:/ros2_ws/install/moveit_resources_panda_moveit_config:/ros2_ws/install/srdfdom:/ros2_ws/install/moveit_resources_pr2_description:/ros2_ws/install/moveit_resources_panda_description:/ros2_ws/install/moveit_common:${AMENT_PREFIX_PATH} CMAKE_PREFIX_PATH=/ros2_ws/install/moveit_simple_controller_manager:/ros2_ws/install/moveit_core:/ros2_ws/install/moveit_resources_panda_moveit_config:/ros2_ws/install/srdfdom:/ros2_ws/install/moveit_resources_pr2_description:/ros2_ws/install/moveit_resources_panda_description:/ros2_ws/install/moveit_common:/opt/ros/humble LD_LIBRARY_PATH=/ros2_ws/install/moveit_simple_controller_manager/lib:/ros2_ws/install/moveit_core/lib:/ros2_ws/install/srdfdom/lib:${LD_LIBRARY_PATH} PATH=/ros2_ws/install/moveit_core/bin:${PATH} PYTHONPATH=/ros2_ws/install/srdfdom/local/lib/python3.10/dist-packages:${PYTHONPATH} /usr/bin/cmake --build /ros2_ws/build/moveit_plugins -- -j8 -l8
[0.645s] Invoked command in '/ros2_ws/build/moveit_plugins' returned '0': AMENT_PREFIX_PATH=/ros2_ws/install/moveit_simple_controller_manager:/ros2_ws/install/moveit_core:/ros2_ws/install/moveit_resources_panda_moveit_config:/ros2_ws/install/srdfdom:/ros2_ws/install/moveit_resources_pr2_description:/ros2_ws/install/moveit_resources_panda_description:/ros2_ws/install/moveit_common:${AMENT_PREFIX_PATH} CMAKE_PREFIX_PATH=/ros2_ws/install/moveit_simple_controller_manager:/ros2_ws/install/moveit_core:/ros2_ws/install/moveit_resources_panda_moveit_config:/ros2_ws/install/srdfdom:/ros2_ws/install/moveit_resources_pr2_description:/ros2_ws/install/moveit_resources_panda_description:/ros2_ws/install/moveit_common:/opt/ros/humble LD_LIBRARY_PATH=/ros2_ws/install/moveit_simple_controller_manager/lib:/ros2_ws/install/moveit_core/lib:/ros2_ws/install/srdfdom/lib:${LD_LIBRARY_PATH} PATH=/ros2_ws/install/moveit_core/bin:${PATH} PYTHONPATH=/ros2_ws/install/srdfdom/local/lib/python3.10/dist-packages:${PYTHONPATH} /usr/bin/cmake --build /ros2_ws/build/moveit_plugins -- -j8 -l8
[0.655s] Invoking command in '/ros2_ws/build/moveit_plugins': AMENT_PREFIX_PATH=/ros2_ws/install/moveit_simple_controller_manager:/ros2_ws/install/moveit_core:/ros2_ws/install/moveit_resources_panda_moveit_config:/ros2_ws/install/srdfdom:/ros2_ws/install/moveit_resources_pr2_description:/ros2_ws/install/moveit_resources_panda_description:/ros2_ws/install/moveit_common:${AMENT_PREFIX_PATH} CMAKE_PREFIX_PATH=/ros2_ws/install/moveit_simple_controller_manager:/ros2_ws/install/moveit_core:/ros2_ws/install/moveit_resources_panda_moveit_config:/ros2_ws/install/srdfdom:/ros2_ws/install/moveit_resources_pr2_description:/ros2_ws/install/moveit_resources_panda_description:/ros2_ws/install/moveit_common:/opt/ros/humble LD_LIBRARY_PATH=/ros2_ws/install/moveit_simple_controller_manager/lib:/ros2_ws/install/moveit_core/lib:/ros2_ws/install/srdfdom/lib:${LD_LIBRARY_PATH} PATH=/ros2_ws/install/moveit_core/bin:${PATH} PYTHONPATH=/ros2_ws/install/srdfdom/local/lib/python3.10/dist-packages:${PYTHONPATH} /usr/bin/cmake --install /ros2_ws/build/moveit_plugins
[0.705s] -- Install configuration: ""
[0.706s] -- Up-to-date: /ros2_ws/install/moveit_plugins/share/ament_index/resource_index/package_run_dependencies/moveit_plugins
[0.707s] -- Up-to-date: /ros2_ws/install/moveit_plugins/share/ament_index/resource_index/parent_prefix_path/moveit_plugins
[0.707s] -- Up-to-date: /ros2_ws/install/moveit_plugins/share/moveit_plugins/environment/ament_prefix_path.sh
[0.708s] -- Up-to-date: /ros2_ws/install/moveit_plugins/share/moveit_plugins/environment/ament_prefix_path.dsv
[0.708s] -- Up-to-date: /ros2_ws/install/moveit_plugins/share/moveit_plugins/environment/path.sh
[0.709s] -- Up-to-date: /ros2_ws/install/moveit_plugins/share/moveit_plugins/environment/path.dsv
[0.709s] -- Up-to-date: /ros2_ws/install/moveit_plugins/share/moveit_plugins/local_setup.bash
[0.710s] -- Up-to-date: /ros2_ws/install/moveit_plugins/share/moveit_plugins/local_setup.sh
[0.710s] -- Up-to-date: /ros2_ws/install/moveit_plugins/share/moveit_plugins/local_setup.zsh
[0.712s] -- Up-to-date: /ros2_ws/install/moveit_plugins/share/moveit_plugins/local_setup.dsv
[0.718s] -- Installing: /ros2_ws/install/moveit_plugins/share/moveit_plugins/package.dsv
[0.719s] -- Up-to-date: /ros2_ws/install/moveit_plugins/share/ament_index/resource_index/packages/moveit_plugins
[0.721s] -- Up-to-date: /ros2_ws/install/moveit_plugins/share/moveit_plugins/cmake/moveit_pluginsConfig.cmake
[0.721s] -- Up-to-date: /ros2_ws/install/moveit_plugins/share/moveit_plugins/cmake/moveit_pluginsConfig-version.cmake
[0.722s] -- Up-to-date: /ros2_ws/install/moveit_plugins/share/moveit_plugins/package.xml
[0.723s] Invoked command in '/ros2_ws/build/moveit_plugins' returned '0': AMENT_PREFIX_PATH=/ros2_ws/install/moveit_simple_controller_manager:/ros2_ws/install/moveit_core:/ros2_ws/install/moveit_resources_panda_moveit_config:/ros2_ws/install/srdfdom:/ros2_ws/install/moveit_resources_pr2_description:/ros2_ws/install/moveit_resources_panda_description:/ros2_ws/install/moveit_common:${AMENT_PREFIX_PATH} CMAKE_PREFIX_PATH=/ros2_ws/install/moveit_simple_controller_manager:/ros2_ws/install/moveit_core:/ros2_ws/install/moveit_resources_panda_moveit_config:/ros2_ws/install/srdfdom:/ros2_ws/install/moveit_resources_pr2_description:/ros2_ws/install/moveit_resources_panda_description:/ros2_ws/install/moveit_common:/opt/ros/humble LD_LIBRARY_PATH=/ros2_ws/install/moveit_simple_controller_manager/lib:/ros2_ws/install/moveit_core/lib:/ros2_ws/install/srdfdom/lib:${LD_LIBRARY_PATH} PATH=/ros2_ws/install/moveit_core/bin:${PATH} PYTHONPATH=/ros2_ws/install/srdfdom/local/lib/python3.10/dist-packages:${PYTHONPATH} /usr/bin/cmake --install /ros2_ws/build/moveit_plugins
