[0.013s] Invoking command in '/ros2_ws/build/rosparam_shortcuts': CMAKE_PREFIX_PATH=${CMAKE_PREFIX_PATH}:/ros2_ws/install/moveit_configs_utils:/ros2_ws/install/launch_param_builder:/opt/ros/humble /usr/bin/cmake --build /ros2_ws/build/rosparam_shortcuts
[0.105s] [ 23%] Built target rosparam_shortcuts
[0.141s] [ 38%] Built target gtest
[0.181s] [ 53%] Built target rosparam_shortcuts_node_parameters_example
[0.221s] [ 69%] Built target rosparam_shortcuts_example
[0.256s] [ 84%] Built target gtest_main
[0.296s] [100%] Built target test_node_parameters
[0.311s] Invoked command in '/ros2_ws/build/rosparam_shortcuts' returned '0': CMAKE_PREFIX_PATH=${CMAKE_PREFIX_PATH}:/ros2_ws/install/moveit_configs_utils:/ros2_ws/install/launch_param_builder:/opt/ros/humble /usr/bin/cmake --build /ros2_ws/build/rosparam_shortcuts
[0.313s] Invoking command in '/ros2_ws/build/rosparam_shortcuts': CMAKE_PREFIX_PATH=${CMAKE_PREFIX_PATH}:/ros2_ws/install/moveit_configs_utils:/ros2_ws/install/launch_param_builder:/opt/ros/humble /usr/bin/cmake --install /ros2_ws/build/rosparam_shortcuts
[0.324s] -- Install configuration: ""
[0.325s] -- Up-to-date: /ros2_ws/install/rosparam_shortcuts/lib/librosparam_shortcuts.so
[0.326s] -- Up-to-date: /ros2_ws/install/rosparam_shortcuts/lib/rosparam_shortcuts/example
[0.327s] -- Up-to-date: /ros2_ws/install/rosparam_shortcuts/lib/rosparam_shortcuts/node_parameters_example
[0.327s] -- Up-to-date: /ros2_ws/install/rosparam_shortcuts/include
[0.327s] -- Up-to-date: /ros2_ws/install/rosparam_shortcuts/include/rosparam_shortcuts
[0.328s] -- Up-to-date: /ros2_ws/install/rosparam_shortcuts/include/rosparam_shortcuts/rosparam_shortcuts.h
[0.328s] -- Up-to-date: /ros2_ws/install/rosparam_shortcuts/include/rosparam_shortcuts/node_parameters.h
[0.328s] -- Up-to-date: /ros2_ws/install/rosparam_shortcuts/share/rosparam_shortcuts/launch
[0.328s] -- Up-to-date: /ros2_ws/install/rosparam_shortcuts/share/rosparam_shortcuts/launch/example.launch.py
[0.328s] -- Up-to-date: /ros2_ws/install/rosparam_shortcuts/share/rosparam_shortcuts/config
[0.328s] -- Up-to-date: /ros2_ws/install/rosparam_shortcuts/share/rosparam_shortcuts/config/example.yaml
[0.328s] -- Up-to-date: /ros2_ws/install/rosparam_shortcuts/share/rosparam_shortcuts/environment/library_path.sh
[0.328s] -- Up-to-date: /ros2_ws/install/rosparam_shortcuts/share/rosparam_shortcuts/environment/library_path.dsv
[0.329s] -- Up-to-date: /ros2_ws/install/rosparam_shortcuts/share/ament_index/resource_index/package_run_dependencies/rosparam_shortcuts
[0.329s] -- Up-to-date: /ros2_ws/install/rosparam_shortcuts/share/ament_index/resource_index/parent_prefix_path/rosparam_shortcuts
[0.329s] -- Up-to-date: /ros2_ws/install/rosparam_shortcuts/share/rosparam_shortcuts/environment/ament_prefix_path.sh
[0.329s] -- Up-to-date: /ros2_ws/install/rosparam_shortcuts/share/rosparam_shortcuts/environment/ament_prefix_path.dsv
[0.329s] -- Up-to-date: /ros2_ws/install/rosparam_shortcuts/share/rosparam_shortcuts/environment/path.sh
[0.329s] -- Up-to-date: /ros2_ws/install/rosparam_shortcuts/share/rosparam_shortcuts/environment/path.dsv
[0.329s] -- Up-to-date: /ros2_ws/install/rosparam_shortcuts/share/rosparam_shortcuts/local_setup.bash
[0.329s] -- Up-to-date: /ros2_ws/install/rosparam_shortcuts/share/rosparam_shortcuts/local_setup.sh
[0.330s] -- Up-to-date: /ros2_ws/install/rosparam_shortcuts/share/rosparam_shortcuts/local_setup.zsh
[0.330s] -- Up-to-date: /ros2_ws/install/rosparam_shortcuts/share/rosparam_shortcuts/local_setup.dsv
[0.330s] -- Installing: /ros2_ws/install/rosparam_shortcuts/share/rosparam_shortcuts/package.dsv
[0.330s] -- Up-to-date: /ros2_ws/install/rosparam_shortcuts/share/ament_index/resource_index/packages/rosparam_shortcuts
[0.331s] -- Up-to-date: /ros2_ws/install/rosparam_shortcuts/share/rosparam_shortcuts/cmake/export_rosparam_shortcutsExport.cmake
[0.331s] -- Up-to-date: /ros2_ws/install/rosparam_shortcuts/share/rosparam_shortcuts/cmake/export_rosparam_shortcutsExport-noconfig.cmake
[0.331s] -- Up-to-date: /ros2_ws/install/rosparam_shortcuts/share/rosparam_shortcuts/cmake/ament_cmake_export_targets-extras.cmake
[0.331s] -- Up-to-date: /ros2_ws/install/rosparam_shortcuts/share/rosparam_shortcuts/cmake/ament_cmake_export_dependencies-extras.cmake
[0.331s] -- Up-to-date: /ros2_ws/install/rosparam_shortcuts/share/rosparam_shortcuts/cmake/rosparam_shortcutsConfig.cmake
[0.332s] -- Up-to-date: /ros2_ws/install/rosparam_shortcuts/share/rosparam_shortcuts/cmake/rosparam_shortcutsConfig-version.cmake
[0.332s] -- Up-to-date: /ros2_ws/install/rosparam_shortcuts/share/rosparam_shortcuts/package.xml
[0.334s] Invoked command in '/ros2_ws/build/rosparam_shortcuts' returned '0': CMAKE_PREFIX_PATH=${CMAKE_PREFIX_PATH}:/ros2_ws/install/moveit_configs_utils:/ros2_ws/install/launch_param_builder:/opt/ros/humble /usr/bin/cmake --install /ros2_ws/build/rosparam_shortcuts
