[0.017s] Invoking command in '/ros2_ws/build/moveit_ros_planning': AMENT_PREFIX_PATH=/ros2_ws/install/moveit_ros_occupancy_map_monitor:/ros2_ws/install/moveit_core:/ros2_ws/install/moveit_resources_panda_moveit_config:/ros2_ws/install/moveit_configs_utils:/ros2_ws/install/srdfdom:/ros2_ws/install/moveit_resources_pr2_description:/ros2_ws/install/moveit_resources_panda_description:/ros2_ws/install/moveit_common:/ros2_ws/install/launch_param_builder:${AMENT_PREFIX_PATH} CMAKE_PREFIX_PATH=/ros2_ws/install/moveit_ros_occupancy_map_monitor:/ros2_ws/install/moveit_core:/ros2_ws/install/moveit_resources_panda_moveit_config:/ros2_ws/install/srdfdom:/ros2_ws/install/moveit_resources_pr2_description:/ros2_ws/install/moveit_resources_panda_description:/ros2_ws/install/moveit_common:/opt/ros/humble LD_LIBRARY_PATH=/ros2_ws/install/moveit_ros_occupancy_map_monitor/lib:/ros2_ws/install/moveit_core/lib:/ros2_ws/install/srdfdom/lib:${LD_LIBRARY_PATH} PATH=/ros2_ws/install/moveit_core/bin:${PATH} PYTHONPATH=/ros2_ws/install/moveit_configs_utils/lib/python3.10/site-packages:/ros2_ws/install/srdfdom/local/lib/python3.10/dist-packages:/ros2_ws/install/launch_param_builder/lib/python3.10/site-packages:${PYTHONPATH} /usr/bin/cmake --build /ros2_ws/build/moveit_ros_planning -- -j8 -l8
[0.096s] [  2%] Built target gmock_main
[0.096s] [  5%] Built target gtest_main
[0.097s] [ 10%] Built target gmock
[0.111s] [ 14%] Built target moveit_rdf_loader
[0.114s] [ 17%] Built target moveit_collision_plugin_loader
[0.115s] [ 20%] Built target moveit_list_request_adapter_plugins
[0.121s] [ 23%] Built target moveit_planning_pipeline
[0.128s] [ 26%] Built target gtest
[0.149s] [ 29%] Built target moveit_kinematics_plugin_loader
[0.152s] [ 45%] Built target moveit_default_planning_request_adapter_plugins
[0.155s] [ 48%] Built target moveit_constraint_sampler_manager_loader
[0.184s] [ 51%] Built target moveit_robot_model_loader
[0.220s] [ 54%] Built target moveit_print_planning_model_info
[0.242s] [ 63%] Built target moveit_planning_scene_monitor
[0.312s] [ 67%] Built target trajectory_monitor_tests
[0.313s] [ 70%] Built target demo_scene
[0.313s] [ 72%] Built target current_state_monitor_tests
[0.313s] [ 75%] Built target moveit_display_random_state
[0.314s] [ 77%] Built target planning_scene_monitor_test
[0.315s] [ 80%] Built target moveit_print_planning_scene_info
[0.317s] [ 83%] Built target moveit_visualize_robot_collision_volume
[0.322s] [ 86%] Built target moveit_evaluate_collision_checking_speed
[0.352s] [ 89%] Built target moveit_trajectory_execution_manager
[0.353s] [ 92%] Built target moveit_publish_scene_from_text
[0.391s] [ 95%] Built target moveit_plan_execution
[0.395s] [100%] Built target moveit_cpp
[0.406s] Invoked command in '/ros2_ws/build/moveit_ros_planning' returned '0': AMENT_PREFIX_PATH=/ros2_ws/install/moveit_ros_occupancy_map_monitor:/ros2_ws/install/moveit_core:/ros2_ws/install/moveit_resources_panda_moveit_config:/ros2_ws/install/moveit_configs_utils:/ros2_ws/install/srdfdom:/ros2_ws/install/moveit_resources_pr2_description:/ros2_ws/install/moveit_resources_panda_description:/ros2_ws/install/moveit_common:/ros2_ws/install/launch_param_builder:${AMENT_PREFIX_PATH} CMAKE_PREFIX_PATH=/ros2_ws/install/moveit_ros_occupancy_map_monitor:/ros2_ws/install/moveit_core:/ros2_ws/install/moveit_resources_panda_moveit_config:/ros2_ws/install/srdfdom:/ros2_ws/install/moveit_resources_pr2_description:/ros2_ws/install/moveit_resources_panda_description:/ros2_ws/install/moveit_common:/opt/ros/humble LD_LIBRARY_PATH=/ros2_ws/install/moveit_ros_occupancy_map_monitor/lib:/ros2_ws/install/moveit_core/lib:/ros2_ws/install/srdfdom/lib:${LD_LIBRARY_PATH} PATH=/ros2_ws/install/moveit_core/bin:${PATH} PYTHONPATH=/ros2_ws/install/moveit_configs_utils/lib/python3.10/site-packages:/ros2_ws/install/srdfdom/local/lib/python3.10/dist-packages:/ros2_ws/install/launch_param_builder/lib/python3.10/site-packages:${PYTHONPATH} /usr/bin/cmake --build /ros2_ws/build/moveit_ros_planning -- -j8 -l8
[0.408s] Invoking command in '/ros2_ws/build/moveit_ros_planning': AMENT_PREFIX_PATH=/ros2_ws/install/moveit_ros_occupancy_map_monitor:/ros2_ws/install/moveit_core:/ros2_ws/install/moveit_resources_panda_moveit_config:/ros2_ws/install/moveit_configs_utils:/ros2_ws/install/srdfdom:/ros2_ws/install/moveit_resources_pr2_description:/ros2_ws/install/moveit_resources_panda_description:/ros2_ws/install/moveit_common:/ros2_ws/install/launch_param_builder:${AMENT_PREFIX_PATH} CMAKE_PREFIX_PATH=/ros2_ws/install/moveit_ros_occupancy_map_monitor:/ros2_ws/install/moveit_core:/ros2_ws/install/moveit_resources_panda_moveit_config:/ros2_ws/install/srdfdom:/ros2_ws/install/moveit_resources_pr2_description:/ros2_ws/install/moveit_resources_panda_description:/ros2_ws/install/moveit_common:/opt/ros/humble LD_LIBRARY_PATH=/ros2_ws/install/moveit_ros_occupancy_map_monitor/lib:/ros2_ws/install/moveit_core/lib:/ros2_ws/install/srdfdom/lib:${LD_LIBRARY_PATH} PATH=/ros2_ws/install/moveit_core/bin:${PATH} PYTHONPATH=/ros2_ws/install/moveit_configs_utils/lib/python3.10/site-packages:/ros2_ws/install/srdfdom/local/lib/python3.10/dist-packages:/ros2_ws/install/launch_param_builder/lib/python3.10/site-packages:${PYTHONPATH} /usr/bin/cmake --install /ros2_ws/build/moveit_ros_planning
[0.416s] -- Install configuration: "Release"
[0.416s] -- Up-to-date: /ros2_ws/install/moveit_ros_planning/include
[0.416s] -- Up-to-date: /ros2_ws/install/moveit_ros_planning/include/moveit
[0.416s] -- Up-to-date: /ros2_ws/install/moveit_ros_planning/include/moveit/rdf_loader
[0.416s] -- Up-to-date: /ros2_ws/install/moveit_ros_planning/include/moveit/rdf_loader/rdf_loader.h
[0.416s] -- Up-to-date: /ros2_ws/install/moveit_ros_planning/include/moveit/rdf_loader/synchronized_string_parameter.h
[0.416s] -- Up-to-date: /ros2_ws/install/moveit_ros_planning/share/moveit_ros_planning/rdf_loader/test/data
[0.416s] -- Up-to-date: /ros2_ws/install/moveit_ros_planning/share/moveit_ros_planning/rdf_loader/test/data/robin.srdf.xacro
[0.416s] -- Up-to-date: /ros2_ws/install/moveit_ros_planning/share/moveit_ros_planning/rdf_loader/test/data/kermit.srdf
[0.416s] -- Up-to-date: /ros2_ws/install/moveit_ros_planning/share/moveit_ros_planning/rdf_loader/test/data/kermit.urdf
[0.417s] -- Up-to-date: /ros2_ws/install/moveit_ros_planning/share/moveit_ros_planning/rdf_loader/test/data/gonzo.urdf
[0.417s] -- Up-to-date: /ros2_ws/install/moveit_ros_planning/share/moveit_ros_planning/rdf_loader/test/data/gonzo.srdf
[0.417s] -- Up-to-date: /ros2_ws/install/moveit_ros_planning/share/moveit_ros_planning/rdf_loader/test/launch
[0.417s] -- Up-to-date: /ros2_ws/install/moveit_ros_planning/share/moveit_ros_planning/rdf_loader/test/launch/test_rdf_integration.test.py
[0.417s] -- Up-to-date: /ros2_ws/install/moveit_ros_planning/include
[0.417s] -- Up-to-date: /ros2_ws/install/moveit_ros_planning/include/moveit
[0.417s] -- Up-to-date: /ros2_ws/install/moveit_ros_planning/include/moveit/collision_plugin_loader
[0.417s] -- Up-to-date: /ros2_ws/install/moveit_ros_planning/include/moveit/collision_plugin_loader/collision_plugin_loader.h
[0.417s] -- Up-to-date: /ros2_ws/install/moveit_ros_planning/include
[0.417s] -- Up-to-date: /ros2_ws/install/moveit_ros_planning/include/moveit
[0.417s] -- Up-to-date: /ros2_ws/install/moveit_ros_planning/include/moveit/kinematics_plugin_loader
[0.417s] -- Up-to-date: /ros2_ws/install/moveit_ros_planning/include/moveit/kinematics_plugin_loader/kinematics_plugin_loader.h
[0.417s] -- Up-to-date: /ros2_ws/install/moveit_ros_planning/include
[0.417s] -- Up-to-date: /ros2_ws/install/moveit_ros_planning/include/moveit
[0.417s] -- Up-to-date: /ros2_ws/install/moveit_ros_planning/include/moveit/robot_model_loader
[0.417s] -- Up-to-date: /ros2_ws/install/moveit_ros_planning/include/moveit/robot_model_loader/robot_model_loader.h
[0.417s] -- Up-to-date: /ros2_ws/install/moveit_ros_planning/include
[0.418s] -- Up-to-date: /ros2_ws/install/moveit_ros_planning/include/moveit
[0.418s] -- Up-to-date: /ros2_ws/install/moveit_ros_planning/include/moveit/constraint_sampler_manager_loader
[0.418s] -- Up-to-date: /ros2_ws/install/moveit_ros_planning/include/moveit/constraint_sampler_manager_loader/constraint_sampler_manager_loader.h
[0.418s] -- Up-to-date: /ros2_ws/install/moveit_ros_planning/include
[0.418s] -- Up-to-date: /ros2_ws/install/moveit_ros_planning/include/moveit
[0.418s] -- Up-to-date: /ros2_ws/install/moveit_ros_planning/include/moveit/planning_pipeline
[0.418s] -- Up-to-date: /ros2_ws/install/moveit_ros_planning/include/moveit/planning_pipeline/planning_pipeline.h
[0.418s] -- Up-to-date: /ros2_ws/install/moveit_ros_planning/include/moveit_planning_pipeline_export.h
[0.419s] -- Up-to-date: /ros2_ws/install/moveit_ros_planning/lib/moveit_ros_planning/moveit_list_request_adapter_plugins
[0.420s] -- Up-to-date: /ros2_ws/install/moveit_ros_planning/lib/moveit_ros_planning/demo_scene
[0.421s] -- Up-to-date: /ros2_ws/install/moveit_ros_planning/include
[0.421s] -- Up-to-date: /ros2_ws/install/moveit_ros_planning/include/moveit
[0.421s] -- Up-to-date: /ros2_ws/install/moveit_ros_planning/include/moveit/planning_scene_monitor
[0.421s] -- Up-to-date: /ros2_ws/install/moveit_ros_planning/include/moveit/planning_scene_monitor/trajectory_monitor.h
[0.421s] -- Up-to-date: /ros2_ws/install/moveit_ros_planning/include/moveit/planning_scene_monitor/planning_scene_monitor.h
[0.421s] -- Up-to-date: /ros2_ws/install/moveit_ros_planning/include/moveit/planning_scene_monitor/current_state_monitor_middleware_handle.hpp
[0.421s] -- Up-to-date: /ros2_ws/install/moveit_ros_planning/include/moveit/planning_scene_monitor/trajectory_monitor_middleware_handle.hpp
[0.421s] -- Up-to-date: /ros2_ws/install/moveit_ros_planning/include/moveit/planning_scene_monitor/current_state_monitor.h
[0.421s] -- Up-to-date: /ros2_ws/install/moveit_ros_planning/include/moveit_planning_scene_monitor_export.h
[0.422s] -- Up-to-date: /ros2_ws/install/moveit_ros_planning/lib/moveit_ros_planning/moveit_print_planning_model_info
[0.423s] -- Up-to-date: /ros2_ws/install/moveit_ros_planning/lib/moveit_ros_planning/moveit_print_planning_scene_info
[0.424s] -- Up-to-date: /ros2_ws/install/moveit_ros_planning/lib/moveit_ros_planning/moveit_display_random_state
[0.424s] -- Up-to-date: /ros2_ws/install/moveit_ros_planning/lib/moveit_ros_planning/moveit_visualize_robot_collision_volume
[0.426s] -- Up-to-date: /ros2_ws/install/moveit_ros_planning/lib/moveit_ros_planning/moveit_evaluate_collision_checking_speed
[0.427s] -- Up-to-date: /ros2_ws/install/moveit_ros_planning/lib/moveit_ros_planning/moveit_publish_scene_from_text
[0.427s] -- Up-to-date: /ros2_ws/install/moveit_ros_planning/include
[0.427s] -- Up-to-date: /ros2_ws/install/moveit_ros_planning/include/moveit
[0.427s] -- Up-to-date: /ros2_ws/install/moveit_ros_planning/include/moveit/trajectory_execution_manager
[0.428s] -- Up-to-date: /ros2_ws/install/moveit_ros_planning/include/moveit/trajectory_execution_manager/trajectory_execution_manager.h
[0.428s] -- Up-to-date: /ros2_ws/install/moveit_ros_planning/include/moveit_trajectory_execution_manager_export.h
[0.428s] -- Up-to-date: /ros2_ws/install/moveit_ros_planning/include
[0.428s] -- Up-to-date: /ros2_ws/install/moveit_ros_planning/include/moveit
[0.428s] -- Up-to-date: /ros2_ws/install/moveit_ros_planning/include/moveit/plan_execution
[0.428s] -- Up-to-date: /ros2_ws/install/moveit_ros_planning/include/moveit/plan_execution/plan_execution.h
[0.428s] -- Up-to-date: /ros2_ws/install/moveit_ros_planning/include/moveit/plan_execution/plan_representation.h
[0.428s] -- Up-to-date: /ros2_ws/install/moveit_ros_planning/include
[0.428s] -- Up-to-date: /ros2_ws/install/moveit_ros_planning/include/moveit
[0.428s] -- Up-to-date: /ros2_ws/install/moveit_ros_planning/include/moveit/moveit_cpp
[0.428s] -- Up-to-date: /ros2_ws/install/moveit_ros_planning/include/moveit/moveit_cpp/moveit_cpp.h
[0.428s] -- Up-to-date: /ros2_ws/install/moveit_ros_planning/include/moveit/moveit_cpp/planning_component.h
[0.429s] -- Up-to-date: /ros2_ws/install/moveit_ros_planning/lib/libmoveit_rdf_loader.so.2.5.7
[0.429s] -- Up-to-date: /ros2_ws/install/moveit_ros_planning/lib/libmoveit_rdf_loader.so
[0.430s] -- Up-to-date: /ros2_ws/install/moveit_ros_planning/lib/libmoveit_kinematics_plugin_loader.so.2.5.7
[0.430s] -- Up-to-date: /ros2_ws/install/moveit_ros_planning/lib/libmoveit_kinematics_plugin_loader.so
[0.432s] -- Up-to-date: /ros2_ws/install/moveit_ros_planning/lib/libmoveit_robot_model_loader.so.2.5.7
[0.432s] -- Up-to-date: /ros2_ws/install/moveit_ros_planning/lib/libmoveit_robot_model_loader.so
[0.433s] -- Up-to-date: /ros2_ws/install/moveit_ros_planning/lib/libmoveit_constraint_sampler_manager_loader.so.2.5.7
[0.433s] -- Up-to-date: /ros2_ws/install/moveit_ros_planning/lib/libmoveit_constraint_sampler_manager_loader.so
[0.434s] -- Up-to-date: /ros2_ws/install/moveit_ros_planning/lib/libmoveit_planning_pipeline.so.2.5.7
[0.434s] -- Up-to-date: /ros2_ws/install/moveit_ros_planning/lib/libmoveit_planning_pipeline.so
[0.435s] -- Up-to-date: /ros2_ws/install/moveit_ros_planning/lib/libmoveit_trajectory_execution_manager.so.2.5.7
[0.435s] -- Up-to-date: /ros2_ws/install/moveit_ros_planning/lib/libmoveit_trajectory_execution_manager.so
[0.436s] -- Up-to-date: /ros2_ws/install/moveit_ros_planning/lib/libmoveit_plan_execution.so.2.5.7
[0.436s] -- Up-to-date: /ros2_ws/install/moveit_ros_planning/lib/libmoveit_plan_execution.so
[0.437s] -- Up-to-date: /ros2_ws/install/moveit_ros_planning/lib/libmoveit_planning_scene_monitor.so.2.5.7
[0.437s] -- Up-to-date: /ros2_ws/install/moveit_ros_planning/lib/libmoveit_planning_scene_monitor.so
[0.438s] -- Up-to-date: /ros2_ws/install/moveit_ros_planning/lib/libmoveit_collision_plugin_loader.so.2.5.7
[0.438s] -- Up-to-date: /ros2_ws/install/moveit_ros_planning/lib/libmoveit_collision_plugin_loader.so
[0.439s] -- Up-to-date: /ros2_ws/install/moveit_ros_planning/lib/libmoveit_default_planning_request_adapter_plugins.so.2.5.7
[0.439s] -- Up-to-date: /ros2_ws/install/moveit_ros_planning/lib/libmoveit_default_planning_request_adapter_plugins.so
[0.440s] -- Up-to-date: /ros2_ws/install/moveit_ros_planning/lib/libmoveit_cpp.so.2.5.7
[0.440s] -- Up-to-date: /ros2_ws/install/moveit_ros_planning/lib/libmoveit_cpp.so
[0.440s] -- Up-to-date: /ros2_ws/install/moveit_ros_planning/share/moveit_ros_planning/environment/library_path.sh
[0.440s] -- Up-to-date: /ros2_ws/install/moveit_ros_planning/share/moveit_ros_planning/environment/library_path.dsv
[0.440s] -- Up-to-date: /ros2_ws/install/moveit_ros_planning/share/moveit_ros_planning/planning_request_adapters_plugin_description.xml
[0.440s] -- Up-to-date: /ros2_ws/install/moveit_ros_planning/share/ament_index/resource_index/package_run_dependencies/moveit_ros_planning
[0.440s] -- Up-to-date: /ros2_ws/install/moveit_ros_planning/share/ament_index/resource_index/parent_prefix_path/moveit_ros_planning
[0.440s] -- Up-to-date: /ros2_ws/install/moveit_ros_planning/share/moveit_ros_planning/environment/ament_prefix_path.sh
[0.440s] -- Up-to-date: /ros2_ws/install/moveit_ros_planning/share/moveit_ros_planning/environment/ament_prefix_path.dsv
[0.440s] -- Up-to-date: /ros2_ws/install/moveit_ros_planning/share/moveit_ros_planning/environment/path.sh
[0.440s] -- Up-to-date: /ros2_ws/install/moveit_ros_planning/share/moveit_ros_planning/environment/path.dsv
[0.441s] -- Up-to-date: /ros2_ws/install/moveit_ros_planning/share/moveit_ros_planning/local_setup.bash
[0.441s] -- Up-to-date: /ros2_ws/install/moveit_ros_planning/share/moveit_ros_planning/local_setup.sh
[0.441s] -- Up-to-date: /ros2_ws/install/moveit_ros_planning/share/moveit_ros_planning/local_setup.zsh
[0.441s] -- Up-to-date: /ros2_ws/install/moveit_ros_planning/share/moveit_ros_planning/local_setup.dsv
[0.441s] -- Installing: /ros2_ws/install/moveit_ros_planning/share/moveit_ros_planning/package.dsv
[0.441s] -- Up-to-date: /ros2_ws/install/moveit_ros_planning/share/ament_index/resource_index/packages/moveit_ros_planning
[0.441s] -- Up-to-date: /ros2_ws/install/moveit_ros_planning/share/ament_index/resource_index/moveit_core__pluginlib__plugin/moveit_ros_planning
[0.441s] -- Up-to-date: /ros2_ws/install/moveit_ros_planning/share/moveit_ros_planning/cmake/export_moveit_ros_planningExport.cmake
[0.441s] -- Up-to-date: /ros2_ws/install/moveit_ros_planning/share/moveit_ros_planning/cmake/export_moveit_ros_planningExport-release.cmake
[0.442s] -- Up-to-date: /ros2_ws/install/moveit_ros_planning/share/moveit_ros_planning/cmake/ConfigExtras.cmake
[0.442s] -- Up-to-date: /ros2_ws/install/moveit_ros_planning/share/moveit_ros_planning/cmake/ament_cmake_export_targets-extras.cmake
[0.442s] -- Up-to-date: /ros2_ws/install/moveit_ros_planning/share/moveit_ros_planning/cmake/ament_cmake_export_dependencies-extras.cmake
[0.442s] -- Up-to-date: /ros2_ws/install/moveit_ros_planning/share/moveit_ros_planning/cmake/moveit_ros_planningConfig.cmake
[0.442s] -- Up-to-date: /ros2_ws/install/moveit_ros_planning/share/moveit_ros_planning/cmake/moveit_ros_planningConfig-version.cmake
[0.442s] -- Up-to-date: /ros2_ws/install/moveit_ros_planning/share/moveit_ros_planning/package.xml
[0.443s] Invoked command in '/ros2_ws/build/moveit_ros_planning' returned '0': AMENT_PREFIX_PATH=/ros2_ws/install/moveit_ros_occupancy_map_monitor:/ros2_ws/install/moveit_core:/ros2_ws/install/moveit_resources_panda_moveit_config:/ros2_ws/install/moveit_configs_utils:/ros2_ws/install/srdfdom:/ros2_ws/install/moveit_resources_pr2_description:/ros2_ws/install/moveit_resources_panda_description:/ros2_ws/install/moveit_common:/ros2_ws/install/launch_param_builder:${AMENT_PREFIX_PATH} CMAKE_PREFIX_PATH=/ros2_ws/install/moveit_ros_occupancy_map_monitor:/ros2_ws/install/moveit_core:/ros2_ws/install/moveit_resources_panda_moveit_config:/ros2_ws/install/srdfdom:/ros2_ws/install/moveit_resources_pr2_description:/ros2_ws/install/moveit_resources_panda_description:/ros2_ws/install/moveit_common:/opt/ros/humble LD_LIBRARY_PATH=/ros2_ws/install/moveit_ros_occupancy_map_monitor/lib:/ros2_ws/install/moveit_core/lib:/ros2_ws/install/srdfdom/lib:${LD_LIBRARY_PATH} PATH=/ros2_ws/install/moveit_core/bin:${PATH} PYTHONPATH=/ros2_ws/install/moveit_configs_utils/lib/python3.10/site-packages:/ros2_ws/install/srdfdom/local/lib/python3.10/dist-packages:/ros2_ws/install/launch_param_builder/lib/python3.10/site-packages:${PYTHONPATH} /usr/bin/cmake --install /ros2_ws/build/moveit_ros_planning
