[0.073s] Invoking command in '/ros2_ws/build/rviz_marker_tools': AMENT_PREFIX_PATH=/ros2_ws/install/moveit_common:${AMENT_PREFIX_PATH} CMAKE_PREFIX_PATH=/ros2_ws/install/moveit_common:/opt/ros/humble /usr/bin/cmake --build /ros2_ws/build/rviz_marker_tools -- -j8 -l8
[0.273s] [100%] Built target rviz_marker_tools
[0.298s] Invoked command in '/ros2_ws/build/rviz_marker_tools' returned '0': AMENT_PREFIX_PATH=/ros2_ws/install/moveit_common:${AMENT_PREFIX_PATH} CMAKE_PREFIX_PATH=/ros2_ws/install/moveit_common:/opt/ros/humble /usr/bin/cmake --build /ros2_ws/build/rviz_marker_tools -- -j8 -l8
[0.302s] Invoking command in '/ros2_ws/build/rviz_marker_tools': AMENT_PREFIX_PATH=/ros2_ws/install/moveit_common:${AMENT_PREFIX_PATH} CMAKE_PREFIX_PATH=/ros2_ws/install/moveit_common:/opt/ros/humble /usr/bin/cmake --install /ros2_ws/build/rviz_marker_tools
[0.380s] -- Install configuration: "Release"
[0.380s] -- Up-to-date: /ros2_ws/install/rviz_marker_tools/include
[0.380s] -- Up-to-date: /ros2_ws/install/rviz_marker_tools/include/rviz_marker_tools
[0.380s] -- Up-to-date: /ros2_ws/install/rviz_marker_tools/include/rviz_marker_tools/marker_creation.h
[0.380s] -- Up-to-date: /ros2_ws/install/rviz_marker_tools/lib/librviz_marker_tools.so
[0.380s] -- Up-to-date: /ros2_ws/install/rviz_marker_tools/share/rviz_marker_tools/environment/library_path.sh
[0.380s] -- Up-to-date: /ros2_ws/install/rviz_marker_tools/share/rviz_marker_tools/environment/library_path.dsv
[0.380s] -- Up-to-date: /ros2_ws/install/rviz_marker_tools/share/ament_index/resource_index/package_run_dependencies/rviz_marker_tools
[0.380s] -- Up-to-date: /ros2_ws/install/rviz_marker_tools/share/ament_index/resource_index/parent_prefix_path/rviz_marker_tools
[0.381s] -- Up-to-date: /ros2_ws/install/rviz_marker_tools/share/rviz_marker_tools/environment/ament_prefix_path.sh
[0.381s] -- Up-to-date: /ros2_ws/install/rviz_marker_tools/share/rviz_marker_tools/environment/ament_prefix_path.dsv
[0.381s] -- Up-to-date: /ros2_ws/install/rviz_marker_tools/share/rviz_marker_tools/environment/path.sh
[0.381s] -- Up-to-date: /ros2_ws/install/rviz_marker_tools/share/rviz_marker_tools/environment/path.dsv
[0.381s] -- Up-to-date: /ros2_ws/install/rviz_marker_tools/share/rviz_marker_tools/local_setup.bash
[0.381s] -- Up-to-date: /ros2_ws/install/rviz_marker_tools/share/rviz_marker_tools/local_setup.sh
[0.381s] -- Up-to-date: /ros2_ws/install/rviz_marker_tools/share/rviz_marker_tools/local_setup.zsh
[0.381s] -- Up-to-date: /ros2_ws/install/rviz_marker_tools/share/rviz_marker_tools/local_setup.dsv
[0.381s] -- Installing: /ros2_ws/install/rviz_marker_tools/share/rviz_marker_tools/package.dsv
[0.381s] -- Up-to-date: /ros2_ws/install/rviz_marker_tools/share/ament_index/resource_index/packages/rviz_marker_tools
[0.382s] -- Up-to-date: /ros2_ws/install/rviz_marker_tools/share/rviz_marker_tools/cmake/rviz_marker_toolsTargetsExport.cmake
[0.382s] -- Up-to-date: /ros2_ws/install/rviz_marker_tools/share/rviz_marker_tools/cmake/rviz_marker_toolsTargetsExport-release.cmake
[0.382s] -- Up-to-date: /ros2_ws/install/rviz_marker_tools/share/rviz_marker_tools/cmake/ament_cmake_export_targets-extras.cmake
[0.386s] -- Up-to-date: /ros2_ws/install/rviz_marker_tools/share/rviz_marker_tools/cmake/ament_cmake_export_dependencies-extras.cmake
[0.390s] -- Up-to-date: /ros2_ws/install/rviz_marker_tools/share/rviz_marker_tools/cmake/rviz_marker_toolsConfig.cmake
[0.390s] -- Up-to-date: /ros2_ws/install/rviz_marker_tools/share/rviz_marker_tools/cmake/rviz_marker_toolsConfig-version.cmake
[0.391s] -- Up-to-date: /ros2_ws/install/rviz_marker_tools/share/rviz_marker_tools/package.xml
[0.410s] Invoked command in '/ros2_ws/build/rviz_marker_tools' returned '0': AMENT_PREFIX_PATH=/ros2_ws/install/moveit_common:${AMENT_PREFIX_PATH} CMAKE_PREFIX_PATH=/ros2_ws/install/moveit_common:/opt/ros/humble /usr/bin/cmake --install /ros2_ws/build/rviz_marker_tools
