[1.569s] Invoking command in '/ros2_ws/src/launch_param_builder': PYTHONPATH=/ros2_ws/build/launch_param_builder/prefix_override:/usr/lib/python3/dist-packages/colcon_core/task/python/colcon_distutils_commands:/ros2_ws/install/launch_param_builder/lib/python3.10/site-packages:${PYTHONPATH} /usr/bin/python3 -W ignore:setup.py install is deprecated -W ignore:easy_install command is deprecated setup.py egg_info --egg-base ../../build/launch_param_builder build --build-base /ros2_ws/build/launch_param_builder/build install --record /ros2_ws/build/launch_param_builder/install.log --single-version-externally-managed install_data
[2.040s] running egg_info
[2.041s] writing ../../build/launch_param_builder/launch_param_builder.egg-info/PKG-INFO
[2.042s] writing dependency_links to ../../build/launch_param_builder/launch_param_builder.egg-info/dependency_links.txt
[2.042s] writing entry points to ../../build/launch_param_builder/launch_param_builder.egg-info/entry_points.txt
[2.043s] writing requirements to ../../build/launch_param_builder/launch_param_builder.egg-info/requires.txt
[2.043s] writing top-level names to ../../build/launch_param_builder/launch_param_builder.egg-info/top_level.txt
[2.045s] reading manifest file '../../build/launch_param_builder/launch_param_builder.egg-info/SOURCES.txt'
[2.045s] adding license file 'LICENSE'
[2.046s] writing manifest file '../../build/launch_param_builder/launch_param_builder.egg-info/SOURCES.txt'
[2.046s] running build
[2.046s] running build_py
[2.046s] running install
[2.047s] running install_lib
[2.049s] running install_data
[2.050s] running install_egg_info
[2.053s] removing '/ros2_ws/install/launch_param_builder/lib/python3.10/site-packages/launch_param_builder-0.1.1-py3.10.egg-info' (and everything under it)
[2.054s] Copying ../../build/launch_param_builder/launch_param_builder.egg-info to /ros2_ws/install/launch_param_builder/lib/python3.10/site-packages/launch_param_builder-0.1.1-py3.10.egg-info
[2.055s] running install_scripts
[2.091s] writing list of installed files to '/ros2_ws/build/launch_param_builder/install.log'
[2.136s] Invoked command in '/ros2_ws/src/launch_param_builder' returned '0': PYTHONPATH=/ros2_ws/build/launch_param_builder/prefix_override:/usr/lib/python3/dist-packages/colcon_core/task/python/colcon_distutils_commands:/ros2_ws/install/launch_param_builder/lib/python3.10/site-packages:${PYTHONPATH} /usr/bin/python3 -W ignore:setup.py install is deprecated -W ignore:easy_install command is deprecated setup.py egg_info --egg-base ../../build/launch_param_builder build --build-base /ros2_ws/build/launch_param_builder/build install --record /ros2_ws/build/launch_param_builder/install.log --single-version-externally-managed install_data
