[0.058s] Invoking command in '/ros2_ws/build/rviz_marker_tools': AMENT_PREFIX_PATH=/ros2_ws/install/moveit_common:${AMENT_PREFIX_PATH} CMAKE_PREFIX_PATH=/ros2_ws/install/moveit_common:/opt/ros/humble /usr/bin/cmake --build /ros2_ws/build/rviz_marker_tools -- -j8 -l8
[0.273s] [100%] Built target rviz_marker_tools
[0.313s] Invoked command in '/ros2_ws/build/rviz_marker_tools' returned '0': AMENT_PREFIX_PATH=/ros2_ws/install/moveit_common:${AMENT_PREFIX_PATH} CMAKE_PREFIX_PATH=/ros2_ws/install/moveit_common:/opt/ros/humble /usr/bin/cmake --build /ros2_ws/build/rviz_marker_tools -- -j8 -l8
[0.324s] Invoking command in '/ros2_ws/build/rviz_marker_tools': AMENT_PREFIX_PATH=/ros2_ws/install/moveit_common:${AMENT_PREFIX_PATH} CMAKE_PREFIX_PATH=/ros2_ws/install/moveit_common:/opt/ros/humble /usr/bin/cmake --install /ros2_ws/build/rviz_marker_tools
[0.338s] -- Install configuration: "Release"
[0.338s] -- Up-to-date: /ros2_ws/install/rviz_marker_tools/include
[0.338s] -- Up-to-date: /ros2_ws/install/rviz_marker_tools/include/rviz_marker_tools
[0.339s] -- Up-to-date: /ros2_ws/install/rviz_marker_tools/include/rviz_marker_tools/marker_creation.h
[0.339s] -- Up-to-date: /ros2_ws/install/rviz_marker_tools/lib/librviz_marker_tools.so
[0.339s] -- Up-to-date: /ros2_ws/install/rviz_marker_tools/share/rviz_marker_tools/environment/library_path.sh
[0.340s] -- Up-to-date: /ros2_ws/install/rviz_marker_tools/share/rviz_marker_tools/environment/library_path.dsv
[0.341s] -- Up-to-date: /ros2_ws/install/rviz_marker_tools/share/ament_index/resource_index/package_run_dependencies/rviz_marker_tools
[0.341s] -- Up-to-date: /ros2_ws/install/rviz_marker_tools/share/ament_index/resource_index/parent_prefix_path/rviz_marker_tools
[0.341s] -- Up-to-date: /ros2_ws/install/rviz_marker_tools/share/rviz_marker_tools/environment/ament_prefix_path.sh
[0.341s] -- Up-to-date: /ros2_ws/install/rviz_marker_tools/share/rviz_marker_tools/environment/ament_prefix_path.dsv
[0.341s] -- Up-to-date: /ros2_ws/install/rviz_marker_tools/share/rviz_marker_tools/environment/path.sh
[0.341s] -- Up-to-date: /ros2_ws/install/rviz_marker_tools/share/rviz_marker_tools/environment/path.dsv
[0.341s] -- Up-to-date: /ros2_ws/install/rviz_marker_tools/share/rviz_marker_tools/local_setup.bash
[0.342s] -- Up-to-date: /ros2_ws/install/rviz_marker_tools/share/rviz_marker_tools/local_setup.sh
[0.342s] -- Up-to-date: /ros2_ws/install/rviz_marker_tools/share/rviz_marker_tools/local_setup.zsh
[0.342s] -- Up-to-date: /ros2_ws/install/rviz_marker_tools/share/rviz_marker_tools/local_setup.dsv
[0.342s] -- Installing: /ros2_ws/install/rviz_marker_tools/share/rviz_marker_tools/package.dsv
[0.344s] -- Up-to-date: /ros2_ws/install/rviz_marker_tools/share/ament_index/resource_index/packages/rviz_marker_tools
[0.344s] -- Up-to-date: /ros2_ws/install/rviz_marker_tools/share/rviz_marker_tools/cmake/rviz_marker_toolsTargetsExport.cmake
[0.344s] -- Up-to-date: /ros2_ws/install/rviz_marker_tools/share/rviz_marker_tools/cmake/rviz_marker_toolsTargetsExport-release.cmake
[0.344s] -- Up-to-date: /ros2_ws/install/rviz_marker_tools/share/rviz_marker_tools/cmake/ament_cmake_export_targets-extras.cmake
[0.347s] -- Up-to-date: /ros2_ws/install/rviz_marker_tools/share/rviz_marker_tools/cmake/ament_cmake_export_dependencies-extras.cmake
[0.348s] -- Up-to-date: /ros2_ws/install/rviz_marker_tools/share/rviz_marker_tools/cmake/rviz_marker_toolsConfig.cmake
[0.348s] -- Up-to-date: /ros2_ws/install/rviz_marker_tools/share/rviz_marker_tools/cmake/rviz_marker_toolsConfig-version.cmake
[0.348s] -- Up-to-date: /ros2_ws/install/rviz_marker_tools/share/rviz_marker_tools/package.xml
[0.375s] Invoked command in '/ros2_ws/build/rviz_marker_tools' returned '0': AMENT_PREFIX_PATH=/ros2_ws/install/moveit_common:${AMENT_PREFIX_PATH} CMAKE_PREFIX_PATH=/ros2_ws/install/moveit_common:/opt/ros/humble /usr/bin/cmake --install /ros2_ws/build/rviz_marker_tools
