[0.033s] Invoking command in '/ros2_ws/build/moveit_ros_warehouse': AMENT_PREFIX_PATH=/ros2_ws/install/moveit_ros_planning:/ros2_ws/install/moveit_ros_occupancy_map_monitor:/ros2_ws/install/moveit_core:/ros2_ws/install/moveit_resources_panda_moveit_config:/ros2_ws/install/moveit_configs_utils:/ros2_ws/install/srdfdom:/ros2_ws/install/moveit_resources_pr2_description:/ros2_ws/install/moveit_resources_panda_description:/ros2_ws/install/moveit_common:/ros2_ws/install/launch_param_builder:${AMENT_PREFIX_PATH} CMAKE_PREFIX_PATH=/ros2_ws/install/moveit_ros_planning:/ros2_ws/install/moveit_ros_occupancy_map_monitor:/ros2_ws/install/moveit_core:/ros2_ws/install/moveit_resources_panda_moveit_config:/ros2_ws/install/srdfdom:/ros2_ws/install/moveit_resources_pr2_description:/ros2_ws/install/moveit_resources_panda_description:/ros2_ws/install/moveit_common:/opt/ros/humble LD_LIBRARY_PATH=/ros2_ws/install/moveit_ros_planning/lib:/ros2_ws/install/moveit_ros_occupancy_map_monitor/lib:/ros2_ws/install/moveit_core/lib:/ros2_ws/install/srdfdom/lib:${LD_LIBRARY_PATH} PATH=/ros2_ws/install/moveit_core/bin:${PATH} PYTHONPATH=/ros2_ws/install/moveit_configs_utils/lib/python3.10/site-packages:/ros2_ws/install/srdfdom/local/lib/python3.10/dist-packages:/ros2_ws/install/launch_param_builder/lib/python3.10/site-packages:${PYTHONPATH} /usr/bin/cmake --build /ros2_ws/build/moveit_ros_warehouse -- -j8 -l8
[0.234s] [ 40%] Built target moveit_warehouse
[0.341s] [ 50%] Built target moveit_warehouse_services
[0.353s] [ 60%] Built target moveit_warehouse_broadcast
[0.353s] [ 70%] Built target moveit_warehouse_import_from_text
[0.354s] [ 80%] Built target moveit_init_demo_warehouse
[0.374s] [ 90%] Built target moveit_warehouse_save_as_text
[0.374s] [100%] Built target moveit_save_to_warehouse
[0.443s] Invoked command in '/ros2_ws/build/moveit_ros_warehouse' returned '0': AMENT_PREFIX_PATH=/ros2_ws/install/moveit_ros_planning:/ros2_ws/install/moveit_ros_occupancy_map_monitor:/ros2_ws/install/moveit_core:/ros2_ws/install/moveit_resources_panda_moveit_config:/ros2_ws/install/moveit_configs_utils:/ros2_ws/install/srdfdom:/ros2_ws/install/moveit_resources_pr2_description:/ros2_ws/install/moveit_resources_panda_description:/ros2_ws/install/moveit_common:/ros2_ws/install/launch_param_builder:${AMENT_PREFIX_PATH} CMAKE_PREFIX_PATH=/ros2_ws/install/moveit_ros_planning:/ros2_ws/install/moveit_ros_occupancy_map_monitor:/ros2_ws/install/moveit_core:/ros2_ws/install/moveit_resources_panda_moveit_config:/ros2_ws/install/srdfdom:/ros2_ws/install/moveit_resources_pr2_description:/ros2_ws/install/moveit_resources_panda_description:/ros2_ws/install/moveit_common:/opt/ros/humble LD_LIBRARY_PATH=/ros2_ws/install/moveit_ros_planning/lib:/ros2_ws/install/moveit_ros_occupancy_map_monitor/lib:/ros2_ws/install/moveit_core/lib:/ros2_ws/install/srdfdom/lib:${LD_LIBRARY_PATH} PATH=/ros2_ws/install/moveit_core/bin:${PATH} PYTHONPATH=/ros2_ws/install/moveit_configs_utils/lib/python3.10/site-packages:/ros2_ws/install/srdfdom/local/lib/python3.10/dist-packages:/ros2_ws/install/launch_param_builder/lib/python3.10/site-packages:${PYTHONPATH} /usr/bin/cmake --build /ros2_ws/build/moveit_ros_warehouse -- -j8 -l8
[0.445s] Invoking command in '/ros2_ws/build/moveit_ros_warehouse': AMENT_PREFIX_PATH=/ros2_ws/install/moveit_ros_planning:/ros2_ws/install/moveit_ros_occupancy_map_monitor:/ros2_ws/install/moveit_core:/ros2_ws/install/moveit_resources_panda_moveit_config:/ros2_ws/install/moveit_configs_utils:/ros2_ws/install/srdfdom:/ros2_ws/install/moveit_resources_pr2_description:/ros2_ws/install/moveit_resources_panda_description:/ros2_ws/install/moveit_common:/ros2_ws/install/launch_param_builder:${AMENT_PREFIX_PATH} CMAKE_PREFIX_PATH=/ros2_ws/install/moveit_ros_planning:/ros2_ws/install/moveit_ros_occupancy_map_monitor:/ros2_ws/install/moveit_core:/ros2_ws/install/moveit_resources_panda_moveit_config:/ros2_ws/install/srdfdom:/ros2_ws/install/moveit_resources_pr2_description:/ros2_ws/install/moveit_resources_panda_description:/ros2_ws/install/moveit_common:/opt/ros/humble LD_LIBRARY_PATH=/ros2_ws/install/moveit_ros_planning/lib:/ros2_ws/install/moveit_ros_occupancy_map_monitor/lib:/ros2_ws/install/moveit_core/lib:/ros2_ws/install/srdfdom/lib:${LD_LIBRARY_PATH} PATH=/ros2_ws/install/moveit_core/bin:${PATH} PYTHONPATH=/ros2_ws/install/moveit_configs_utils/lib/python3.10/site-packages:/ros2_ws/install/srdfdom/local/lib/python3.10/dist-packages:/ros2_ws/install/launch_param_builder/lib/python3.10/site-packages:${PYTHONPATH} /usr/bin/cmake --install /ros2_ws/build/moveit_ros_warehouse
[0.458s] -- Install configuration: "Release"
[0.458s] -- Up-to-date: /ros2_ws/install/moveit_ros_warehouse/lib/moveit_ros_warehouse/moveit_save_to_warehouse
[0.460s] -- Up-to-date: /ros2_ws/install/moveit_ros_warehouse/lib/moveit_ros_warehouse/moveit_warehouse_broadcast
[0.462s] -- Up-to-date: /ros2_ws/install/moveit_ros_warehouse/lib/moveit_ros_warehouse/moveit_warehouse_import_from_text
[0.467s] -- Up-to-date: /ros2_ws/install/moveit_ros_warehouse/lib/moveit_ros_warehouse/moveit_warehouse_save_as_text
[0.470s] -- Up-to-date: /ros2_ws/install/moveit_ros_warehouse/lib/moveit_ros_warehouse/moveit_init_demo_warehouse
[0.471s] -- Up-to-date: /ros2_ws/install/moveit_ros_warehouse/lib/moveit_ros_warehouse/moveit_warehouse_services
[0.472s] -- Up-to-date: /ros2_ws/install/moveit_ros_warehouse/include
[0.473s] -- Up-to-date: /ros2_ws/install/moveit_ros_warehouse/include/moveit
[0.473s] -- Up-to-date: /ros2_ws/install/moveit_ros_warehouse/include/moveit/warehouse
[0.473s] -- Up-to-date: /ros2_ws/install/moveit_ros_warehouse/include/moveit/warehouse/planning_scene_storage.h
[0.474s] -- Up-to-date: /ros2_ws/install/moveit_ros_warehouse/include/moveit/warehouse/moveit_message_storage.h
[0.474s] -- Up-to-date: /ros2_ws/install/moveit_ros_warehouse/include/moveit/warehouse/planning_scene_world_storage.h
[0.474s] -- Up-to-date: /ros2_ws/install/moveit_ros_warehouse/include/moveit/warehouse/trajectory_constraints_storage.h
[0.475s] -- Up-to-date: /ros2_ws/install/moveit_ros_warehouse/include/moveit/warehouse/warehouse_connector.h
[0.475s] -- Up-to-date: /ros2_ws/install/moveit_ros_warehouse/include/moveit/warehouse/constraints_storage.h
[0.475s] -- Up-to-date: /ros2_ws/install/moveit_ros_warehouse/include/moveit/warehouse/state_storage.h
[0.475s] -- Up-to-date: /ros2_ws/install/moveit_ros_warehouse/include/moveit_warehouse_export.h
[0.478s] -- Up-to-date: /ros2_ws/install/moveit_ros_warehouse/lib/libmoveit_warehouse.so.2.5.7
[0.479s] -- Up-to-date: /ros2_ws/install/moveit_ros_warehouse/lib/libmoveit_warehouse.so
[0.479s] -- Up-to-date: /ros2_ws/install/moveit_ros_warehouse/share/moveit_ros_warehouse/environment/library_path.sh
[0.479s] -- Up-to-date: /ros2_ws/install/moveit_ros_warehouse/share/moveit_ros_warehouse/environment/library_path.dsv
[0.479s] -- Up-to-date: /ros2_ws/install/moveit_ros_warehouse/share/ament_index/resource_index/package_run_dependencies/moveit_ros_warehouse
[0.479s] -- Up-to-date: /ros2_ws/install/moveit_ros_warehouse/share/ament_index/resource_index/parent_prefix_path/moveit_ros_warehouse
[0.482s] -- Up-to-date: /ros2_ws/install/moveit_ros_warehouse/share/moveit_ros_warehouse/environment/ament_prefix_path.sh
[0.482s] -- Up-to-date: /ros2_ws/install/moveit_ros_warehouse/share/moveit_ros_warehouse/environment/ament_prefix_path.dsv
[0.482s] -- Up-to-date: /ros2_ws/install/moveit_ros_warehouse/share/moveit_ros_warehouse/environment/path.sh
[0.483s] -- Up-to-date: /ros2_ws/install/moveit_ros_warehouse/share/moveit_ros_warehouse/environment/path.dsv
[0.483s] -- Up-to-date: /ros2_ws/install/moveit_ros_warehouse/share/moveit_ros_warehouse/local_setup.bash
[0.483s] -- Up-to-date: /ros2_ws/install/moveit_ros_warehouse/share/moveit_ros_warehouse/local_setup.sh
[0.484s] -- Up-to-date: /ros2_ws/install/moveit_ros_warehouse/share/moveit_ros_warehouse/local_setup.zsh
[0.484s] -- Up-to-date: /ros2_ws/install/moveit_ros_warehouse/share/moveit_ros_warehouse/local_setup.dsv
[0.486s] -- Installing: /ros2_ws/install/moveit_ros_warehouse/share/moveit_ros_warehouse/package.dsv
[0.486s] -- Up-to-date: /ros2_ws/install/moveit_ros_warehouse/share/ament_index/resource_index/packages/moveit_ros_warehouse
[0.486s] -- Up-to-date: /ros2_ws/install/moveit_ros_warehouse/share/moveit_ros_warehouse/cmake/export_moveit_ros_warehouseExport.cmake
[0.486s] -- Up-to-date: /ros2_ws/install/moveit_ros_warehouse/share/moveit_ros_warehouse/cmake/export_moveit_ros_warehouseExport-release.cmake
[0.487s] -- Up-to-date: /ros2_ws/install/moveit_ros_warehouse/share/moveit_ros_warehouse/cmake/ConfigExtras.cmake
[0.487s] -- Up-to-date: /ros2_ws/install/moveit_ros_warehouse/share/moveit_ros_warehouse/cmake/ament_cmake_export_targets-extras.cmake
[0.487s] -- Up-to-date: /ros2_ws/install/moveit_ros_warehouse/share/moveit_ros_warehouse/cmake/ament_cmake_export_dependencies-extras.cmake
[0.487s] -- Up-to-date: /ros2_ws/install/moveit_ros_warehouse/share/moveit_ros_warehouse/cmake/moveit_ros_warehouseConfig.cmake
[0.487s] -- Up-to-date: /ros2_ws/install/moveit_ros_warehouse/share/moveit_ros_warehouse/cmake/moveit_ros_warehouseConfig-version.cmake
[0.487s] -- Up-to-date: /ros2_ws/install/moveit_ros_warehouse/share/moveit_ros_warehouse/package.xml
[0.503s] Invoked command in '/ros2_ws/build/moveit_ros_warehouse' returned '0': AMENT_PREFIX_PATH=/ros2_ws/install/moveit_ros_planning:/ros2_ws/install/moveit_ros_occupancy_map_monitor:/ros2_ws/install/moveit_core:/ros2_ws/install/moveit_resources_panda_moveit_config:/ros2_ws/install/moveit_configs_utils:/ros2_ws/install/srdfdom:/ros2_ws/install/moveit_resources_pr2_description:/ros2_ws/install/moveit_resources_panda_description:/ros2_ws/install/moveit_common:/ros2_ws/install/launch_param_builder:${AMENT_PREFIX_PATH} CMAKE_PREFIX_PATH=/ros2_ws/install/moveit_ros_planning:/ros2_ws/install/moveit_ros_occupancy_map_monitor:/ros2_ws/install/moveit_core:/ros2_ws/install/moveit_resources_panda_moveit_config:/ros2_ws/install/srdfdom:/ros2_ws/install/moveit_resources_pr2_description:/ros2_ws/install/moveit_resources_panda_description:/ros2_ws/install/moveit_common:/opt/ros/humble LD_LIBRARY_PATH=/ros2_ws/install/moveit_ros_planning/lib:/ros2_ws/install/moveit_ros_occupancy_map_monitor/lib:/ros2_ws/install/moveit_core/lib:/ros2_ws/install/srdfdom/lib:${LD_LIBRARY_PATH} PATH=/ros2_ws/install/moveit_core/bin:${PATH} PYTHONPATH=/ros2_ws/install/moveit_configs_utils/lib/python3.10/site-packages:/ros2_ws/install/srdfdom/local/lib/python3.10/dist-packages:/ros2_ws/install/launch_param_builder/lib/python3.10/site-packages:${PYTHONPATH} /usr/bin/cmake --install /ros2_ws/build/moveit_ros_warehouse
