[0.861s] Invoking command in '/ros2_ws/src/moveit2/moveit_configs_utils': AMENT_PREFIX_PATH=/ros2_ws/install/srdfdom:/ros2_ws/install/launch_param_builder:${AMENT_PREFIX_PATH} CMAKE_PREFIX_PATH=/ros2_ws/install/srdfdom LD_LIBRARY_PATH=/ros2_ws/install/srdfdom/lib:${LD_LIBRARY_PATH} PYTHONPATH=/ros2_ws/build/moveit_configs_utils/prefix_override:/usr/lib/python3/dist-packages/colcon_core/task/python/colcon_distutils_commands:/ros2_ws/install/moveit_configs_utils/lib/python3.10/site-packages:/ros2_ws/install/srdfdom/local/lib/python3.10/dist-packages:/ros2_ws/install/launch_param_builder/lib/python3.10/site-packages:${PYTHONPATH} /usr/bin/python3 -W ignore:setup.py install is deprecated -W ignore:easy_install command is deprecated setup.py egg_info --egg-base ../../../build/moveit_configs_utils build --build-base /ros2_ws/build/moveit_configs_utils/build install --record /ros2_ws/build/moveit_configs_utils/install.log --single-version-externally-managed install_data
[1.086s] running egg_info
[1.087s] writing ../../../build/moveit_configs_utils/moveit_configs_utils.egg-info/PKG-INFO
[1.087s] writing dependency_links to ../../../build/moveit_configs_utils/moveit_configs_utils.egg-info/dependency_links.txt
[1.087s] writing entry points to ../../../build/moveit_configs_utils/moveit_configs_utils.egg-info/entry_points.txt
[1.087s] writing requirements to ../../../build/moveit_configs_utils/moveit_configs_utils.egg-info/requires.txt
[1.087s] writing top-level names to ../../../build/moveit_configs_utils/moveit_configs_utils.egg-info/top_level.txt
[1.090s] reading manifest file '../../../build/moveit_configs_utils/moveit_configs_utils.egg-info/SOURCES.txt'
[1.091s] writing manifest file '../../../build/moveit_configs_utils/moveit_configs_utils.egg-info/SOURCES.txt'
[1.091s] running build
[1.091s] running build_py
[1.091s] running install
[1.091s] running install_lib
[1.093s] running install_data
[1.093s] running install_egg_info
[1.094s] removing '/ros2_ws/install/moveit_configs_utils/lib/python3.10/site-packages/moveit_configs_utils-2.5.7-py3.10.egg-info' (and everything under it)
[1.095s] Copying ../../../build/moveit_configs_utils/moveit_configs_utils.egg-info to /ros2_ws/install/moveit_configs_utils/lib/python3.10/site-packages/moveit_configs_utils-2.5.7-py3.10.egg-info
[1.096s] running install_scripts
[1.115s] writing list of installed files to '/ros2_ws/build/moveit_configs_utils/install.log'
[1.136s] Invoked command in '/ros2_ws/src/moveit2/moveit_configs_utils' returned '0': AMENT_PREFIX_PATH=/ros2_ws/install/srdfdom:/ros2_ws/install/launch_param_builder:${AMENT_PREFIX_PATH} CMAKE_PREFIX_PATH=/ros2_ws/install/srdfdom LD_LIBRARY_PATH=/ros2_ws/install/srdfdom/lib:${LD_LIBRARY_PATH} PYTHONPATH=/ros2_ws/build/moveit_configs_utils/prefix_override:/usr/lib/python3/dist-packages/colcon_core/task/python/colcon_distutils_commands:/ros2_ws/install/moveit_configs_utils/lib/python3.10/site-packages:/ros2_ws/install/srdfdom/local/lib/python3.10/dist-packages:/ros2_ws/install/launch_param_builder/lib/python3.10/site-packages:${PYTHONPATH} /usr/bin/python3 -W ignore:setup.py install is deprecated -W ignore:easy_install command is deprecated setup.py egg_info --egg-base ../../../build/moveit_configs_utils build --build-base /ros2_ws/build/moveit_configs_utils/build install --record /ros2_ws/build/moveit_configs_utils/install.log --single-version-externally-managed install_data
