[0.014s] Invoking command in '/ros2_ws/build/ur_moveit_config': CMAKE_PREFIX_PATH=${CMAKE_PREFIX_PATH}:/opt/ros/humble /usr/bin/cmake --build /ros2_ws/build/ur_moveit_config -- -j8 -l8
[0.081s] Built target ament_cmake_python_copy_ur_moveit_config
[0.401s] running egg_info
[0.402s] writing ur_moveit_config.egg-info/PKG-INFO
[0.402s] writing dependency_links to ur_moveit_config.egg-info/dependency_links.txt
[0.402s] writing top-level names to ur_moveit_config.egg-info/top_level.txt
[0.404s] reading manifest file 'ur_moveit_config.egg-info/SOURCES.txt'
[0.405s] writing manifest file 'ur_moveit_config.egg-info/SOURCES.txt'
[0.432s] Built target ament_cmake_python_build_ur_moveit_config_egg
[0.445s] Invoked command in '/ros2_ws/build/ur_moveit_config' returned '0': CMAKE_PREFIX_PATH=${CMAKE_PREFIX_PATH}:/opt/ros/humble /usr/bin/cmake --build /ros2_ws/build/ur_moveit_config -- -j8 -l8
[0.456s] Invoking command in '/ros2_ws/build/ur_moveit_config': CMAKE_PREFIX_PATH=${CMAKE_PREFIX_PATH}:/opt/ros/humble /usr/bin/cmake --install /ros2_ws/build/ur_moveit_config
[0.464s] -- Install configuration: "Release"
[0.464s] -- Up-to-date: /ros2_ws/install/ur_moveit_config/share/ur_moveit_config/config
[0.464s] -- Up-to-date: /ros2_ws/install/ur_moveit_config/share/ur_moveit_config/config/ompl_planning.yaml
[0.464s] -- Up-to-date: /ros2_ws/install/ur_moveit_config/share/ur_moveit_config/config/kinematics.yaml
[0.464s] -- Up-to-date: /ros2_ws/install/ur_moveit_config/share/ur_moveit_config/config/ur_servo.yaml
[0.464s] -- Up-to-date: /ros2_ws/install/ur_moveit_config/share/ur_moveit_config/config/joint_limits.yaml
[0.464s] -- Up-to-date: /ros2_ws/install/ur_moveit_config/share/ur_moveit_config/config/controllers.yaml
[0.465s] -- Up-to-date: /ros2_ws/install/ur_moveit_config/share/ur_moveit_config/launch
[0.465s] -- Up-to-date: /ros2_ws/install/ur_moveit_config/share/ur_moveit_config/launch/ur_moveit.launch.py
[0.465s] -- Up-to-date: /ros2_ws/install/ur_moveit_config/share/ur_moveit_config/rviz
[0.465s] -- Up-to-date: /ros2_ws/install/ur_moveit_config/share/ur_moveit_config/rviz/view_robot.rviz
[0.465s] -- Up-to-date: /ros2_ws/install/ur_moveit_config/share/ur_moveit_config/srdf
[0.465s] -- Up-to-date: /ros2_ws/install/ur_moveit_config/share/ur_moveit_config/srdf/ur.srdf.xacro
[0.465s] -- Up-to-date: /ros2_ws/install/ur_moveit_config/share/ur_moveit_config/srdf/ur_macro.srdf.xacro
[0.465s] -- Up-to-date: /ros2_ws/install/ur_moveit_config/share/ur_moveit_config/environment/pythonpath.sh
[0.465s] -- Up-to-date: /ros2_ws/install/ur_moveit_config/share/ur_moveit_config/environment/pythonpath.dsv
[0.466s] -- Up-to-date: /ros2_ws/install/ur_moveit_config/local/lib/python3.10/dist-packages/ur_moveit_config-2.5.1-py3.10.egg-info
[0.466s] -- Installing: /ros2_ws/install/ur_moveit_config/local/lib/python3.10/dist-packages/ur_moveit_config-2.5.1-py3.10.egg-info/dependency_links.txt
[0.466s] -- Installing: /ros2_ws/install/ur_moveit_config/local/lib/python3.10/dist-packages/ur_moveit_config-2.5.1-py3.10.egg-info/top_level.txt
[0.466s] -- Installing: /ros2_ws/install/ur_moveit_config/local/lib/python3.10/dist-packages/ur_moveit_config-2.5.1-py3.10.egg-info/SOURCES.txt
[0.466s] -- Installing: /ros2_ws/install/ur_moveit_config/local/lib/python3.10/dist-packages/ur_moveit_config-2.5.1-py3.10.egg-info/PKG-INFO
[0.466s] -- Up-to-date: /ros2_ws/install/ur_moveit_config/local/lib/python3.10/dist-packages/ur_moveit_config
[0.466s] -- Up-to-date: /ros2_ws/install/ur_moveit_config/local/lib/python3.10/dist-packages/ur_moveit_config/launch_common.py
[0.466s] -- Up-to-date: /ros2_ws/install/ur_moveit_config/local/lib/python3.10/dist-packages/ur_moveit_config/__init__.py
[0.520s] Listing '/ros2_ws/install/ur_moveit_config/local/lib/python3.10/dist-packages/ur_moveit_config'...
[0.526s] -- Up-to-date: /ros2_ws/install/ur_moveit_config/local/lib/python3.10/dist-packages/launch_common.py
[0.541s] -- Up-to-date: /ros2_ws/install/ur_moveit_config/share/ament_index/resource_index/package_run_dependencies/ur_moveit_config
[0.541s] -- Up-to-date: /ros2_ws/install/ur_moveit_config/share/ament_index/resource_index/parent_prefix_path/ur_moveit_config
[0.541s] -- Up-to-date: /ros2_ws/install/ur_moveit_config/share/ur_moveit_config/environment/ament_prefix_path.sh
[0.541s] -- Up-to-date: /ros2_ws/install/ur_moveit_config/share/ur_moveit_config/environment/ament_prefix_path.dsv
[0.541s] -- Up-to-date: /ros2_ws/install/ur_moveit_config/share/ur_moveit_config/environment/path.sh
[0.541s] -- Up-to-date: /ros2_ws/install/ur_moveit_config/share/ur_moveit_config/environment/path.dsv
[0.541s] -- Up-to-date: /ros2_ws/install/ur_moveit_config/share/ur_moveit_config/local_setup.bash
[0.541s] -- Up-to-date: /ros2_ws/install/ur_moveit_config/share/ur_moveit_config/local_setup.sh
[0.541s] -- Up-to-date: /ros2_ws/install/ur_moveit_config/share/ur_moveit_config/local_setup.zsh
[0.541s] -- Up-to-date: /ros2_ws/install/ur_moveit_config/share/ur_moveit_config/local_setup.dsv
[0.542s] -- Installing: /ros2_ws/install/ur_moveit_config/share/ur_moveit_config/package.dsv
[0.542s] -- Up-to-date: /ros2_ws/install/ur_moveit_config/share/ament_index/resource_index/packages/ur_moveit_config
[0.542s] -- Up-to-date: /ros2_ws/install/ur_moveit_config/share/ur_moveit_config/cmake/ur_moveit_configConfig.cmake
[0.542s] -- Up-to-date: /ros2_ws/install/ur_moveit_config/share/ur_moveit_config/cmake/ur_moveit_configConfig-version.cmake
[0.542s] -- Up-to-date: /ros2_ws/install/ur_moveit_config/share/ur_moveit_config/package.xml
[0.544s] Invoked command in '/ros2_ws/build/ur_moveit_config' returned '0': CMAKE_PREFIX_PATH=${CMAKE_PREFIX_PATH}:/opt/ros/humble /usr/bin/cmake --install /ros2_ws/build/ur_moveit_config
