[0.049s] Invoking command in '/ros2_ws/build/moveit_hybrid_planning': AMENT_PREFIX_PATH=/ros2_ws/install/moveit_ros_planning_interface:/ros2_ws/install/moveit_ros_move_group:/ros2_ws/install/moveit_ros_warehouse:/ros2_ws/install/moveit_planners_ompl:/ros2_ws/install/moveit_kinematics:/ros2_ws/install/moveit_ros_planning:/ros2_ws/install/moveit_simple_controller_manager:/ros2_ws/install/moveit_ros_occupancy_map_monitor:/ros2_ws/install/moveit_core:/ros2_ws/install/moveit_resources_panda_moveit_config:/ros2_ws/install/moveit_resources_fanuc_moveit_config:/ros2_ws/install/moveit_configs_utils:/ros2_ws/install/srdfdom:/ros2_ws/install/moveit_resources_pr2_description:/ros2_ws/install/moveit_resources_panda_description:/ros2_ws/install/moveit_resources_fanuc_description:/ros2_ws/install/moveit_common:/ros2_ws/install/launch_param_builder:${AMENT_PREFIX_PATH} CMAKE_PREFIX_PATH=/ros2_ws/install/moveit_ros_planning_interface:/ros2_ws/install/moveit_ros_move_group:/ros2_ws/install/moveit_ros_warehouse:/ros2_ws/install/moveit_planners_ompl:/ros2_ws/install/moveit_kinematics:/ros2_ws/install/moveit_ros_planning:/ros2_ws/install/moveit_simple_controller_manager:/ros2_ws/install/moveit_ros_occupancy_map_monitor:/ros2_ws/install/moveit_core:/ros2_ws/install/moveit_resources_panda_moveit_config:/ros2_ws/install/moveit_resources_fanuc_moveit_config:/ros2_ws/install/srdfdom:/ros2_ws/install/moveit_resources_pr2_description:/ros2_ws/install/moveit_resources_panda_description:/ros2_ws/install/moveit_resources_fanuc_description:/ros2_ws/install/moveit_common:/opt/ros/humble LD_LIBRARY_PATH=/ros2_ws/install/moveit_ros_planning_interface/lib:/ros2_ws/install/moveit_ros_move_group/lib:/ros2_ws/install/moveit_ros_warehouse/lib:/ros2_ws/install/moveit_planners_ompl/lib:/ros2_ws/install/moveit_kinematics/lib:/ros2_ws/install/moveit_ros_planning/lib:/ros2_ws/install/moveit_simple_controller_manager/lib:/ros2_ws/install/moveit_ros_occupancy_map_monitor/lib:/ros2_ws/install/moveit_core/lib:/ros2_ws/install/srdfdom/lib:${LD_LIBRARY_PATH} PATH=/ros2_ws/install/moveit_core/bin:${PATH} PYTHONPATH=/ros2_ws/install/moveit_configs_utils/lib/python3.10/site-packages:/ros2_ws/install/srdfdom/local/lib/python3.10/dist-packages:/ros2_ws/install/launch_param_builder/lib/python3.10/site-packages:${PYTHONPATH} /usr/bin/cmake --build /ros2_ws/build/moveit_hybrid_planning -- -j8 -l8
[0.192s] [ 10%] Built target moveit_hybrid_planning_manager
[0.217s] [ 20%] Built target moveit_local_planner_component
[0.223s] [ 30%] Built target simple_sampler_plugin
[0.243s] [ 40%] Built target moveit_global_planner_component
[0.247s] [ 50%] Built target forward_trajectory_plugin
[0.249s] [ 60%] Built target motion_planning_pipeline_plugin
[0.283s] [ 70%] Built target single_plan_execution_plugin
[0.366s] [ 80%] Built target replan_invalidated_trajectory_plugin
[0.463s] [ 90%] Built target cancel_action
[0.523s] [100%] Built target hybrid_planning_demo_node
[0.556s] Invoked command in '/ros2_ws/build/moveit_hybrid_planning' returned '0': AMENT_PREFIX_PATH=/ros2_ws/install/moveit_ros_planning_interface:/ros2_ws/install/moveit_ros_move_group:/ros2_ws/install/moveit_ros_warehouse:/ros2_ws/install/moveit_planners_ompl:/ros2_ws/install/moveit_kinematics:/ros2_ws/install/moveit_ros_planning:/ros2_ws/install/moveit_simple_controller_manager:/ros2_ws/install/moveit_ros_occupancy_map_monitor:/ros2_ws/install/moveit_core:/ros2_ws/install/moveit_resources_panda_moveit_config:/ros2_ws/install/moveit_resources_fanuc_moveit_config:/ros2_ws/install/moveit_configs_utils:/ros2_ws/install/srdfdom:/ros2_ws/install/moveit_resources_pr2_description:/ros2_ws/install/moveit_resources_panda_description:/ros2_ws/install/moveit_resources_fanuc_description:/ros2_ws/install/moveit_common:/ros2_ws/install/launch_param_builder:${AMENT_PREFIX_PATH} CMAKE_PREFIX_PATH=/ros2_ws/install/moveit_ros_planning_interface:/ros2_ws/install/moveit_ros_move_group:/ros2_ws/install/moveit_ros_warehouse:/ros2_ws/install/moveit_planners_ompl:/ros2_ws/install/moveit_kinematics:/ros2_ws/install/moveit_ros_planning:/ros2_ws/install/moveit_simple_controller_manager:/ros2_ws/install/moveit_ros_occupancy_map_monitor:/ros2_ws/install/moveit_core:/ros2_ws/install/moveit_resources_panda_moveit_config:/ros2_ws/install/moveit_resources_fanuc_moveit_config:/ros2_ws/install/srdfdom:/ros2_ws/install/moveit_resources_pr2_description:/ros2_ws/install/moveit_resources_panda_description:/ros2_ws/install/moveit_resources_fanuc_description:/ros2_ws/install/moveit_common:/opt/ros/humble LD_LIBRARY_PATH=/ros2_ws/install/moveit_ros_planning_interface/lib:/ros2_ws/install/moveit_ros_move_group/lib:/ros2_ws/install/moveit_ros_warehouse/lib:/ros2_ws/install/moveit_planners_ompl/lib:/ros2_ws/install/moveit_kinematics/lib:/ros2_ws/install/moveit_ros_planning/lib:/ros2_ws/install/moveit_simple_controller_manager/lib:/ros2_ws/install/moveit_ros_occupancy_map_monitor/lib:/ros2_ws/install/moveit_core/lib:/ros2_ws/install/srdfdom/lib:${LD_LIBRARY_PATH} PATH=/ros2_ws/install/moveit_core/bin:${PATH} PYTHONPATH=/ros2_ws/install/moveit_configs_utils/lib/python3.10/site-packages:/ros2_ws/install/srdfdom/local/lib/python3.10/dist-packages:/ros2_ws/install/launch_param_builder/lib/python3.10/site-packages:${PYTHONPATH} /usr/bin/cmake --build /ros2_ws/build/moveit_hybrid_planning -- -j8 -l8
[0.559s] Invoking command in '/ros2_ws/build/moveit_hybrid_planning': AMENT_PREFIX_PATH=/ros2_ws/install/moveit_ros_planning_interface:/ros2_ws/install/moveit_ros_move_group:/ros2_ws/install/moveit_ros_warehouse:/ros2_ws/install/moveit_planners_ompl:/ros2_ws/install/moveit_kinematics:/ros2_ws/install/moveit_ros_planning:/ros2_ws/install/moveit_simple_controller_manager:/ros2_ws/install/moveit_ros_occupancy_map_monitor:/ros2_ws/install/moveit_core:/ros2_ws/install/moveit_resources_panda_moveit_config:/ros2_ws/install/moveit_resources_fanuc_moveit_config:/ros2_ws/install/moveit_configs_utils:/ros2_ws/install/srdfdom:/ros2_ws/install/moveit_resources_pr2_description:/ros2_ws/install/moveit_resources_panda_description:/ros2_ws/install/moveit_resources_fanuc_description:/ros2_ws/install/moveit_common:/ros2_ws/install/launch_param_builder:${AMENT_PREFIX_PATH} CMAKE_PREFIX_PATH=/ros2_ws/install/moveit_ros_planning_interface:/ros2_ws/install/moveit_ros_move_group:/ros2_ws/install/moveit_ros_warehouse:/ros2_ws/install/moveit_planners_ompl:/ros2_ws/install/moveit_kinematics:/ros2_ws/install/moveit_ros_planning:/ros2_ws/install/moveit_simple_controller_manager:/ros2_ws/install/moveit_ros_occupancy_map_monitor:/ros2_ws/install/moveit_core:/ros2_ws/install/moveit_resources_panda_moveit_config:/ros2_ws/install/moveit_resources_fanuc_moveit_config:/ros2_ws/install/srdfdom:/ros2_ws/install/moveit_resources_pr2_description:/ros2_ws/install/moveit_resources_panda_description:/ros2_ws/install/moveit_resources_fanuc_description:/ros2_ws/install/moveit_common:/opt/ros/humble LD_LIBRARY_PATH=/ros2_ws/install/moveit_ros_planning_interface/lib:/ros2_ws/install/moveit_ros_move_group/lib:/ros2_ws/install/moveit_ros_warehouse/lib:/ros2_ws/install/moveit_planners_ompl/lib:/ros2_ws/install/moveit_kinematics/lib:/ros2_ws/install/moveit_ros_planning/lib:/ros2_ws/install/moveit_simple_controller_manager/lib:/ros2_ws/install/moveit_ros_occupancy_map_monitor/lib:/ros2_ws/install/moveit_core/lib:/ros2_ws/install/srdfdom/lib:${LD_LIBRARY_PATH} PATH=/ros2_ws/install/moveit_core/bin:${PATH} PYTHONPATH=/ros2_ws/install/moveit_configs_utils/lib/python3.10/site-packages:/ros2_ws/install/srdfdom/local/lib/python3.10/dist-packages:/ros2_ws/install/launch_param_builder/lib/python3.10/site-packages:${PYTHONPATH} /usr/bin/cmake --install /ros2_ws/build/moveit_hybrid_planning
[0.576s] -- Install configuration: "Release"
[0.581s] -- Up-to-date: /ros2_ws/install/moveit_hybrid_planning/lib/libmoveit_global_planner_component.so.2.5.7
[0.581s] -- Up-to-date: /ros2_ws/install/moveit_hybrid_planning/lib/libmoveit_global_planner_component.so
[0.582s] -- Up-to-date: /ros2_ws/install/moveit_hybrid_planning/lib/libmoveit_hybrid_planning_manager.so.2.5.7
[0.583s] -- Up-to-date: /ros2_ws/install/moveit_hybrid_planning/lib/libmoveit_hybrid_planning_manager.so
[0.585s] -- Up-to-date: /ros2_ws/install/moveit_hybrid_planning/lib/libmoveit_local_planner_component.so.2.5.7
[0.585s] -- Up-to-date: /ros2_ws/install/moveit_hybrid_planning/lib/libmoveit_local_planner_component.so
[0.586s] -- Up-to-date: /ros2_ws/install/moveit_hybrid_planning/lib/libforward_trajectory_plugin.so.2.5.7
[0.586s] -- Up-to-date: /ros2_ws/install/moveit_hybrid_planning/lib/libforward_trajectory_plugin.so
[0.588s] -- Up-to-date: /ros2_ws/install/moveit_hybrid_planning/lib/libmotion_planning_pipeline_plugin.so.2.5.7
[0.588s] -- Up-to-date: /ros2_ws/install/moveit_hybrid_planning/lib/libmotion_planning_pipeline_plugin.so
[0.588s] -- Up-to-date: /ros2_ws/install/moveit_hybrid_planning/lib/libreplan_invalidated_trajectory_plugin.so.2.5.7
[0.589s] -- Up-to-date: /ros2_ws/install/moveit_hybrid_planning/lib/libreplan_invalidated_trajectory_plugin.so
[0.592s] -- Up-to-date: /ros2_ws/install/moveit_hybrid_planning/lib/libsimple_sampler_plugin.so.2.5.7
[0.592s] -- Up-to-date: /ros2_ws/install/moveit_hybrid_planning/lib/libsimple_sampler_plugin.so
[0.592s] -- Up-to-date: /ros2_ws/install/moveit_hybrid_planning/lib/libsingle_plan_execution_plugin.so.2.5.7
[0.592s] -- Up-to-date: /ros2_ws/install/moveit_hybrid_planning/lib/libsingle_plan_execution_plugin.so
[0.592s] -- Up-to-date: /ros2_ws/install/moveit_hybrid_planning/lib/moveit_hybrid_planning/cancel_action
[0.593s] -- Up-to-date: /ros2_ws/install/moveit_hybrid_planning/lib/moveit_hybrid_planning/hybrid_planning_demo_node
[0.593s] -- Up-to-date: /ros2_ws/install/moveit_hybrid_planning/include
[0.593s] -- Up-to-date: /ros2_ws/install/moveit_hybrid_planning/include/moveit
[0.594s] -- Up-to-date: /ros2_ws/install/moveit_hybrid_planning/include/moveit/global_planner
[0.594s] -- Up-to-date: /ros2_ws/install/moveit_hybrid_planning/include/moveit/global_planner/global_planner_interface.h
[0.594s] -- Up-to-date: /ros2_ws/install/moveit_hybrid_planning/include/moveit/global_planner/global_planner_component.h
[0.594s] -- Up-to-date: /ros2_ws/install/moveit_hybrid_planning/include
[0.594s] -- Up-to-date: /ros2_ws/install/moveit_hybrid_planning/include/moveit
[0.594s] -- Up-to-date: /ros2_ws/install/moveit_hybrid_planning/include/moveit/global_planner
[0.595s] -- Up-to-date: /ros2_ws/install/moveit_hybrid_planning/include/moveit/global_planner/moveit_planning_pipeline.h
[0.595s] -- Up-to-date: /ros2_ws/install/moveit_hybrid_planning/include
[0.595s] -- Up-to-date: /ros2_ws/install/moveit_hybrid_planning/include/moveit
[0.595s] -- Up-to-date: /ros2_ws/install/moveit_hybrid_planning/include/moveit/hybrid_planning_manager
[0.595s] -- Up-to-date: /ros2_ws/install/moveit_hybrid_planning/include/moveit/hybrid_planning_manager/moveit_error_code_interface.h
[0.595s] -- Up-to-date: /ros2_ws/install/moveit_hybrid_planning/include/moveit/hybrid_planning_manager/hybrid_planning_events.h
[0.595s] -- Up-to-date: /ros2_ws/install/moveit_hybrid_planning/include/moveit/hybrid_planning_manager/hybrid_planning_manager.h
[0.596s] -- Up-to-date: /ros2_ws/install/moveit_hybrid_planning/include/moveit/hybrid_planning_manager/planner_logic_interface.h
[0.596s] -- Up-to-date: /ros2_ws/install/moveit_hybrid_planning/include
[0.596s] -- Up-to-date: /ros2_ws/install/moveit_hybrid_planning/include/moveit
[0.596s] -- Up-to-date: /ros2_ws/install/moveit_hybrid_planning/include/moveit/planner_logic_plugins
[0.596s] -- Up-to-date: /ros2_ws/install/moveit_hybrid_planning/include/moveit/planner_logic_plugins/single_plan_execution.h
[0.596s] -- Up-to-date: /ros2_ws/install/moveit_hybrid_planning/include/moveit/planner_logic_plugins/replan_invalidated_trajectory.h
[0.596s] -- Up-to-date: /ros2_ws/install/moveit_hybrid_planning/include
[0.596s] -- Up-to-date: /ros2_ws/install/moveit_hybrid_planning/include/moveit
[0.596s] -- Up-to-date: /ros2_ws/install/moveit_hybrid_planning/include/moveit/local_planner
[0.597s] -- Up-to-date: /ros2_ws/install/moveit_hybrid_planning/include/moveit/local_planner/local_constraint_solver_interface.h
[0.597s] -- Up-to-date: /ros2_ws/install/moveit_hybrid_planning/include/moveit/local_planner/trajectory_operator_interface.h
[0.597s] -- Up-to-date: /ros2_ws/install/moveit_hybrid_planning/include/moveit/local_planner/local_planner_component.h
[0.597s] -- Up-to-date: /ros2_ws/install/moveit_hybrid_planning/include/moveit/local_planner/feedback_types.h
[0.597s] -- Up-to-date: /ros2_ws/install/moveit_hybrid_planning/include
[0.597s] -- Up-to-date: /ros2_ws/install/moveit_hybrid_planning/include/moveit
[0.598s] -- Up-to-date: /ros2_ws/install/moveit_hybrid_planning/include/moveit/trajectory_operator_plugins
[0.598s] -- Up-to-date: /ros2_ws/install/moveit_hybrid_planning/include/moveit/trajectory_operator_plugins/simple_sampler.h
[0.598s] -- Up-to-date: /ros2_ws/install/moveit_hybrid_planning/include
[0.598s] -- Up-to-date: /ros2_ws/install/moveit_hybrid_planning/include/moveit
[0.598s] -- Up-to-date: /ros2_ws/install/moveit_hybrid_planning/include/moveit/local_constraint_solver_plugins
[0.598s] -- Up-to-date: /ros2_ws/install/moveit_hybrid_planning/include/moveit/local_constraint_solver_plugins/forward_trajectory.h
[0.598s] -- Up-to-date: /ros2_ws/install/moveit_hybrid_planning/share/moveit_hybrid_planning/launch
[0.598s] -- Up-to-date: /ros2_ws/install/moveit_hybrid_planning/share/moveit_hybrid_planning/launch/hybrid_planning_common.py
[0.599s] -- Up-to-date: /ros2_ws/install/moveit_hybrid_planning/share/moveit_hybrid_planning/launch/hybrid_planning_demo.launch.py
[0.599s] -- Up-to-date: /ros2_ws/install/moveit_hybrid_planning/share/moveit_hybrid_planning/launch/test_basic_integration.test.py
[0.599s] -- Up-to-date: /ros2_ws/install/moveit_hybrid_planning/share/moveit_hybrid_planning/config
[0.599s] -- Up-to-date: /ros2_ws/install/moveit_hybrid_planning/share/moveit_hybrid_planning/config/common_hybrid_planning_params.yaml
[0.599s] -- Up-to-date: /ros2_ws/install/moveit_hybrid_planning/share/moveit_hybrid_planning/config/global_planner.yaml
[0.599s] -- Up-to-date: /ros2_ws/install/moveit_hybrid_planning/share/moveit_hybrid_planning/config/demo_controller.yaml
[0.599s] -- Up-to-date: /ros2_ws/install/moveit_hybrid_planning/share/moveit_hybrid_planning/config/local_planner.yaml
[0.599s] -- Up-to-date: /ros2_ws/install/moveit_hybrid_planning/share/moveit_hybrid_planning/config/hybrid_planning_demo.rviz
[0.599s] -- Up-to-date: /ros2_ws/install/moveit_hybrid_planning/share/moveit_hybrid_planning/config/hybrid_planning_manager.yaml
[0.600s] -- Up-to-date: /ros2_ws/install/moveit_hybrid_planning/share/moveit_hybrid_planning/single_plan_execution_plugin.xml
[0.600s] -- Up-to-date: /ros2_ws/install/moveit_hybrid_planning/share/moveit_hybrid_planning/moveit_planning_pipeline_plugin.xml
[0.600s] -- Up-to-date: /ros2_ws/install/moveit_hybrid_planning/share/moveit_hybrid_planning/simple_sampler_plugin.xml
[0.600s] -- Up-to-date: /ros2_ws/install/moveit_hybrid_planning/share/moveit_hybrid_planning/replan_invalidated_trajectory_plugin.xml
[0.600s] -- Up-to-date: /ros2_ws/install/moveit_hybrid_planning/share/moveit_hybrid_planning/forward_trajectory_plugin.xml
[0.600s] -- Up-to-date: /ros2_ws/install/moveit_hybrid_planning/share/moveit_hybrid_planning/environment/library_path.sh
[0.600s] -- Up-to-date: /ros2_ws/install/moveit_hybrid_planning/share/moveit_hybrid_planning/environment/library_path.dsv
[0.600s] -- Up-to-date: /ros2_ws/install/moveit_hybrid_planning/share/ament_index/resource_index/package_run_dependencies/moveit_hybrid_planning
[0.600s] -- Up-to-date: /ros2_ws/install/moveit_hybrid_planning/share/ament_index/resource_index/parent_prefix_path/moveit_hybrid_planning
[0.601s] -- Up-to-date: /ros2_ws/install/moveit_hybrid_planning/share/moveit_hybrid_planning/environment/ament_prefix_path.sh
[0.601s] -- Up-to-date: /ros2_ws/install/moveit_hybrid_planning/share/moveit_hybrid_planning/environment/ament_prefix_path.dsv
[0.601s] -- Up-to-date: /ros2_ws/install/moveit_hybrid_planning/share/moveit_hybrid_planning/environment/path.sh
[0.601s] -- Up-to-date: /ros2_ws/install/moveit_hybrid_planning/share/moveit_hybrid_planning/environment/path.dsv
[0.601s] -- Up-to-date: /ros2_ws/install/moveit_hybrid_planning/share/moveit_hybrid_planning/local_setup.bash
[0.601s] -- Up-to-date: /ros2_ws/install/moveit_hybrid_planning/share/moveit_hybrid_planning/local_setup.sh
[0.601s] -- Up-to-date: /ros2_ws/install/moveit_hybrid_planning/share/moveit_hybrid_planning/local_setup.zsh
[0.602s] -- Up-to-date: /ros2_ws/install/moveit_hybrid_planning/share/moveit_hybrid_planning/local_setup.dsv
[0.602s] -- Installing: /ros2_ws/install/moveit_hybrid_planning/share/moveit_hybrid_planning/package.dsv
[0.602s] -- Up-to-date: /ros2_ws/install/moveit_hybrid_planning/share/ament_index/resource_index/packages/moveit_hybrid_planning
[0.602s] -- Up-to-date: /ros2_ws/install/moveit_hybrid_planning/share/ament_index/resource_index/moveit_hybrid_planning__pluginlib__plugin/moveit_hybrid_planning
[0.602s] -- Up-to-date: /ros2_ws/install/moveit_hybrid_planning/share/ament_index/resource_index/rclcpp_components/moveit_hybrid_planning
[0.602s] -- Up-to-date: /ros2_ws/install/moveit_hybrid_planning/share/moveit_hybrid_planning/cmake/export_moveit_hybrid_planningExport.cmake
[0.603s] -- Up-to-date: /ros2_ws/install/moveit_hybrid_planning/share/moveit_hybrid_planning/cmake/export_moveit_hybrid_planningExport-release.cmake
[0.603s] -- Up-to-date: /ros2_ws/install/moveit_hybrid_planning/share/moveit_hybrid_planning/cmake/ament_cmake_export_include_directories-extras.cmake
[0.603s] -- Up-to-date: /ros2_ws/install/moveit_hybrid_planning/share/moveit_hybrid_planning/cmake/ament_cmake_export_libraries-extras.cmake
[0.603s] -- Up-to-date: /ros2_ws/install/moveit_hybrid_planning/share/moveit_hybrid_planning/cmake/ament_cmake_export_dependencies-extras.cmake
[0.603s] -- Up-to-date: /ros2_ws/install/moveit_hybrid_planning/share/moveit_hybrid_planning/cmake/ament_cmake_export_targets-extras.cmake
[0.603s] -- Up-to-date: /ros2_ws/install/moveit_hybrid_planning/share/moveit_hybrid_planning/cmake/moveit_hybrid_planningConfig.cmake
[0.603s] -- Up-to-date: /ros2_ws/install/moveit_hybrid_planning/share/moveit_hybrid_planning/cmake/moveit_hybrid_planningConfig-version.cmake
[0.604s] -- Up-to-date: /ros2_ws/install/moveit_hybrid_planning/share/moveit_hybrid_planning/package.xml
[0.609s] Invoked command in '/ros2_ws/build/moveit_hybrid_planning' returned '0': AMENT_PREFIX_PATH=/ros2_ws/install/moveit_ros_planning_interface:/ros2_ws/install/moveit_ros_move_group:/ros2_ws/install/moveit_ros_warehouse:/ros2_ws/install/moveit_planners_ompl:/ros2_ws/install/moveit_kinematics:/ros2_ws/install/moveit_ros_planning:/ros2_ws/install/moveit_simple_controller_manager:/ros2_ws/install/moveit_ros_occupancy_map_monitor:/ros2_ws/install/moveit_core:/ros2_ws/install/moveit_resources_panda_moveit_config:/ros2_ws/install/moveit_resources_fanuc_moveit_config:/ros2_ws/install/moveit_configs_utils:/ros2_ws/install/srdfdom:/ros2_ws/install/moveit_resources_pr2_description:/ros2_ws/install/moveit_resources_panda_description:/ros2_ws/install/moveit_resources_fanuc_description:/ros2_ws/install/moveit_common:/ros2_ws/install/launch_param_builder:${AMENT_PREFIX_PATH} CMAKE_PREFIX_PATH=/ros2_ws/install/moveit_ros_planning_interface:/ros2_ws/install/moveit_ros_move_group:/ros2_ws/install/moveit_ros_warehouse:/ros2_ws/install/moveit_planners_ompl:/ros2_ws/install/moveit_kinematics:/ros2_ws/install/moveit_ros_planning:/ros2_ws/install/moveit_simple_controller_manager:/ros2_ws/install/moveit_ros_occupancy_map_monitor:/ros2_ws/install/moveit_core:/ros2_ws/install/moveit_resources_panda_moveit_config:/ros2_ws/install/moveit_resources_fanuc_moveit_config:/ros2_ws/install/srdfdom:/ros2_ws/install/moveit_resources_pr2_description:/ros2_ws/install/moveit_resources_panda_description:/ros2_ws/install/moveit_resources_fanuc_description:/ros2_ws/install/moveit_common:/opt/ros/humble LD_LIBRARY_PATH=/ros2_ws/install/moveit_ros_planning_interface/lib:/ros2_ws/install/moveit_ros_move_group/lib:/ros2_ws/install/moveit_ros_warehouse/lib:/ros2_ws/install/moveit_planners_ompl/lib:/ros2_ws/install/moveit_kinematics/lib:/ros2_ws/install/moveit_ros_planning/lib:/ros2_ws/install/moveit_simple_controller_manager/lib:/ros2_ws/install/moveit_ros_occupancy_map_monitor/lib:/ros2_ws/install/moveit_core/lib:/ros2_ws/install/srdfdom/lib:${LD_LIBRARY_PATH} PATH=/ros2_ws/install/moveit_core/bin:${PATH} PYTHONPATH=/ros2_ws/install/moveit_configs_utils/lib/python3.10/site-packages:/ros2_ws/install/srdfdom/local/lib/python3.10/dist-packages:/ros2_ws/install/launch_param_builder/lib/python3.10/site-packages:${PYTHONPATH} /usr/bin/cmake --install /ros2_ws/build/moveit_hybrid_planning
