[0.030s] Invoking command in '/ros2_ws/build/rosparam_shortcuts': CMAKE_PREFIX_PATH=/opt/ros/humble /usr/bin/cmake --build /ros2_ws/build/rosparam_shortcuts -- -j8 -l8
[0.198s] [ 15%] Built target gtest_main
[0.221s] [ 30%] Built target gtest
[0.227s] [ 53%] Built target rosparam_shortcuts
[0.297s] [ 69%] Built target rosparam_shortcuts_example
[0.304s] [ 84%] Built target test_node_parameters
[0.318s] [100%] Built target rosparam_shortcuts_node_parameters_example
[0.401s] Invoked command in '/ros2_ws/build/rosparam_shortcuts' returned '0': CMAKE_PREFIX_PATH=/opt/ros/humble /usr/bin/cmake --build /ros2_ws/build/rosparam_shortcuts -- -j8 -l8
[0.412s] Invoking command in '/ros2_ws/build/rosparam_shortcuts': CMAKE_PREFIX_PATH=/opt/ros/humble /usr/bin/cmake --install /ros2_ws/build/rosparam_shortcuts
[0.457s] -- Install configuration: ""
[0.457s] -- Up-to-date: /ros2_ws/install/rosparam_shortcuts/lib/librosparam_shortcuts.so
[0.457s] -- Up-to-date: /ros2_ws/install/rosparam_shortcuts/lib/rosparam_shortcuts/example
[0.461s] -- Up-to-date: /ros2_ws/install/rosparam_shortcuts/lib/rosparam_shortcuts/node_parameters_example
[0.461s] -- Up-to-date: /ros2_ws/install/rosparam_shortcuts/include
[0.462s] -- Up-to-date: /ros2_ws/install/rosparam_shortcuts/include/rosparam_shortcuts
[0.462s] -- Up-to-date: /ros2_ws/install/rosparam_shortcuts/include/rosparam_shortcuts/rosparam_shortcuts.h
[0.462s] -- Up-to-date: /ros2_ws/install/rosparam_shortcuts/include/rosparam_shortcuts/node_parameters.h
[0.462s] -- Up-to-date: /ros2_ws/install/rosparam_shortcuts/share/rosparam_shortcuts/launch
[0.462s] -- Up-to-date: /ros2_ws/install/rosparam_shortcuts/share/rosparam_shortcuts/launch/example.launch.py
[0.462s] -- Up-to-date: /ros2_ws/install/rosparam_shortcuts/share/rosparam_shortcuts/config
[0.462s] -- Up-to-date: /ros2_ws/install/rosparam_shortcuts/share/rosparam_shortcuts/config/example.yaml
[0.462s] -- Up-to-date: /ros2_ws/install/rosparam_shortcuts/share/rosparam_shortcuts/environment/library_path.sh
[0.466s] -- Up-to-date: /ros2_ws/install/rosparam_shortcuts/share/rosparam_shortcuts/environment/library_path.dsv
[0.466s] -- Up-to-date: /ros2_ws/install/rosparam_shortcuts/share/ament_index/resource_index/package_run_dependencies/rosparam_shortcuts
[0.467s] -- Up-to-date: /ros2_ws/install/rosparam_shortcuts/share/ament_index/resource_index/parent_prefix_path/rosparam_shortcuts
[0.467s] -- Up-to-date: /ros2_ws/install/rosparam_shortcuts/share/rosparam_shortcuts/environment/ament_prefix_path.sh
[0.467s] -- Up-to-date: /ros2_ws/install/rosparam_shortcuts/share/rosparam_shortcuts/environment/ament_prefix_path.dsv
[0.467s] -- Up-to-date: /ros2_ws/install/rosparam_shortcuts/share/rosparam_shortcuts/environment/path.sh
[0.467s] -- Up-to-date: /ros2_ws/install/rosparam_shortcuts/share/rosparam_shortcuts/environment/path.dsv
[0.467s] -- Up-to-date: /ros2_ws/install/rosparam_shortcuts/share/rosparam_shortcuts/local_setup.bash
[0.468s] -- Up-to-date: /ros2_ws/install/rosparam_shortcuts/share/rosparam_shortcuts/local_setup.sh
[0.468s] -- Up-to-date: /ros2_ws/install/rosparam_shortcuts/share/rosparam_shortcuts/local_setup.zsh
[0.468s] -- Up-to-date: /ros2_ws/install/rosparam_shortcuts/share/rosparam_shortcuts/local_setup.dsv
[0.468s] -- Installing: /ros2_ws/install/rosparam_shortcuts/share/rosparam_shortcuts/package.dsv
[0.468s] -- Up-to-date: /ros2_ws/install/rosparam_shortcuts/share/ament_index/resource_index/packages/rosparam_shortcuts
[0.468s] -- Up-to-date: /ros2_ws/install/rosparam_shortcuts/share/rosparam_shortcuts/cmake/export_rosparam_shortcutsExport.cmake
[0.468s] -- Up-to-date: /ros2_ws/install/rosparam_shortcuts/share/rosparam_shortcuts/cmake/export_rosparam_shortcutsExport-noconfig.cmake
[0.468s] -- Up-to-date: /ros2_ws/install/rosparam_shortcuts/share/rosparam_shortcuts/cmake/ament_cmake_export_targets-extras.cmake
[0.468s] -- Up-to-date: /ros2_ws/install/rosparam_shortcuts/share/rosparam_shortcuts/cmake/ament_cmake_export_dependencies-extras.cmake
[0.469s] -- Up-to-date: /ros2_ws/install/rosparam_shortcuts/share/rosparam_shortcuts/cmake/rosparam_shortcutsConfig.cmake
[0.469s] -- Up-to-date: /ros2_ws/install/rosparam_shortcuts/share/rosparam_shortcuts/cmake/rosparam_shortcutsConfig-version.cmake
[0.469s] -- Up-to-date: /ros2_ws/install/rosparam_shortcuts/share/rosparam_shortcuts/package.xml
[0.471s] Invoked command in '/ros2_ws/build/rosparam_shortcuts' returned '0': CMAKE_PREFIX_PATH=/opt/ros/humble /usr/bin/cmake --install /ros2_ws/build/rosparam_shortcuts
