[0.109s] Invoking command in '/ros2_ws/build/rosparam_shortcuts': CMAKE_PREFIX_PATH=${CMAKE_PREFIX_PATH}:/ros2_ws/install/moveit_configs_utils:/ros2_ws/install/launch_param_builder:/opt/ros/humble /usr/bin/cmake --build /ros2_ws/build/rosparam_shortcuts -- -j8 -l8
[0.233s] -- Found ament_cmake: 1.3.11 (/opt/ros/humble/share/ament_cmake/cmake)
[0.669s] -- Found eigen3_cmake_module: 0.1.1 (/opt/ros/humble/share/eigen3_cmake_module/cmake)
[0.671s] -- Found geometry_msgs: 4.2.4 (/opt/ros/humble/share/geometry_msgs/cmake)
[0.768s] -- Found rosidl_generator_c: 3.1.6 (/opt/ros/humble/share/rosidl_generator_c/cmake)
[0.777s] -- Found rosidl_adapter: 3.1.6 (/opt/ros/humble/share/rosidl_adapter/cmake)
[0.789s] -- Found rosidl_generator_cpp: 3.1.6 (/opt/ros/humble/share/rosidl_generator_cpp/cmake)
[0.832s] -- Using all available rosidl_typesupport_c: rosidl_typesupport_fastrtps_c;rosidl_typesupport_introspection_c
[0.899s] -- Using all available rosidl_typesupport_cpp: rosidl_typesupport_fastrtps_cpp;rosidl_typesupport_introspection_cpp
[1.065s] -- Found rclcpp: 16.0.11 (/opt/ros/humble/share/rclcpp/cmake)
[1.173s] -- Found rmw_implementation_cmake: 6.1.2 (/opt/ros/humble/share/rmw_implementation_cmake/cmake)
[1.189s] -- Found rmw_fastrtps_cpp: 6.2.7 (/opt/ros/humble/share/rmw_fastrtps_cpp/cmake)
[1.546s] -- Using RMW implementation 'rmw_fastrtps_cpp' as default
[1.608s] -- Found tf2_eigen: 0.25.9 (/opt/ros/humble/share/tf2_eigen/cmake)
[1.731s] -- Found ament_lint_auto: 0.12.11 (/opt/ros/humble/share/ament_lint_auto/cmake)
[1.732s] -- Found ament_cmake_gtest: 1.3.11 (/opt/ros/humble/share/ament_cmake_gtest/cmake)
[1.753s] [31mCMake Error at CMakeLists.txt:97 (find_package):
[1.753s]   By not providing "Findros_testing.cmake" in CMAKE_MODULE_PATH this project
[1.754s]   has asked CMake to find a package configuration file provided by
[1.754s]   "ros_testing", but CMake did not find one.
[1.754s] 
[1.754s]   Could not find a package configuration file provided by "ros_testing" with
[1.754s]   any of the following names:
[1.754s] 
[1.754s]     ros_testingConfig.cmake
[1.754s]     ros_testing-config.cmake
[1.754s] 
[1.755s]   Add the installation prefix of "ros_testing" to CMAKE_PREFIX_PATH or set
[1.755s]   "ros_testing_DIR" to a directory containing one of the above files.  If
[1.755s]   "ros_testing" provides a separate development package or SDK, be sure it
[1.755s]   has been installed.
[1.755s] 
[1.755s] [0m
[1.755s] -- Configuring incomplete, errors occurred!
[1.755s] See also "/ros2_ws/build/rosparam_shortcuts/CMakeFiles/CMakeOutput.log".
[1.760s] gmake: *** [Makefile:445: cmake_check_build_system] Error 1
[1.763s] Invoked command in '/ros2_ws/build/rosparam_shortcuts' returned '2': CMAKE_PREFIX_PATH=${CMAKE_PREFIX_PATH}:/ros2_ws/install/moveit_configs_utils:/ros2_ws/install/launch_param_builder:/opt/ros/humble /usr/bin/cmake --build /ros2_ws/build/rosparam_shortcuts -- -j8 -l8
