[0.018s] Invoking command in '/ros2_ws/build/ur': AMENT_PREFIX_PATH=/ros2_ws/install/ur_calibration:/ros2_ws/install/ur_robot_driver:/ros2_ws/install/ur_controllers:${AMENT_PREFIX_PATH} CMAKE_PREFIX_PATH=/ros2_ws/install/ur_calibration:/ros2_ws/install/ur_robot_driver:/ros2_ws/install/ur_controllers:/ros2_ws/install/ur_msgs:/ros2_ws/install/ur_moveit_config:/ros2_ws/install/ur_dashboard_msgs:/opt/ros/humble LD_LIBRARY_PATH=/ros2_ws/install/ur_robot_driver/lib:/ros2_ws/install/ur_controllers/lib:${LD_LIBRARY_PATH} PATH=/ros2_ws/install/ur_robot_driver/bin:${PATH} PYTHONPATH=/ros2_ws/install/ur_robot_driver/local/lib/python3.10/dist-packages:${PYTHONPATH} /usr/bin/cmake /ros2_ws/src/Universal_Robots_ROS2_Driver/ur -DCMAKE_BUILD_TYPE=Release -DCMAKE_INSTALL_PREFIX=/ros2_ws/install/ur
[0.066s] -- The C compiler identification is GNU 11.4.0
[0.118s] -- The CXX compiler identification is GNU 11.4.0
[0.124s] -- Detecting C compiler ABI info
[0.186s] -- Detecting C compiler ABI info - done
[0.193s] -- Check for working C compiler: /usr/bin/cc - skipped
[0.193s] -- Detecting C compile features
[0.193s] -- Detecting C compile features - done
[0.196s] -- Detecting CXX compiler ABI info
[0.269s] -- Detecting CXX compiler ABI info - done
[0.276s] -- Check for working CXX compiler: /usr/bin/c++ - skipped
[0.276s] -- Detecting CXX compile features
[0.277s] -- Detecting CXX compile features - done
[0.280s] -- Found ament_cmake: 1.3.11 (/opt/ros/humble/share/ament_cmake/cmake)
[0.421s] -- Found Python3: /usr/bin/python3 (found version "3.10.12") found components: Interpreter 
[0.521s] -- Found ament_lint_auto: 0.12.11 (/opt/ros/humble/share/ament_lint_auto/cmake)
[0.601s] -- Added test 'lint_cmake' to check CMake code style
[0.602s] -- Added test 'xmllint' to check XML markup files
[0.603s] -- Configuring done
[0.606s] -- Generating done
[0.607s] -- Build files have been written to: /ros2_ws/build/ur
[0.611s] Invoked command in '/ros2_ws/build/ur' returned '0': AMENT_PREFIX_PATH=/ros2_ws/install/ur_calibration:/ros2_ws/install/ur_robot_driver:/ros2_ws/install/ur_controllers:${AMENT_PREFIX_PATH} CMAKE_PREFIX_PATH=/ros2_ws/install/ur_calibration:/ros2_ws/install/ur_robot_driver:/ros2_ws/install/ur_controllers:/ros2_ws/install/ur_msgs:/ros2_ws/install/ur_moveit_config:/ros2_ws/install/ur_dashboard_msgs:/opt/ros/humble LD_LIBRARY_PATH=/ros2_ws/install/ur_robot_driver/lib:/ros2_ws/install/ur_controllers/lib:${LD_LIBRARY_PATH} PATH=/ros2_ws/install/ur_robot_driver/bin:${PATH} PYTHONPATH=/ros2_ws/install/ur_robot_driver/local/lib/python3.10/dist-packages:${PYTHONPATH} /usr/bin/cmake /ros2_ws/src/Universal_Robots_ROS2_Driver/ur -DCMAKE_BUILD_TYPE=Release -DCMAKE_INSTALL_PREFIX=/ros2_ws/install/ur
[0.613s] Invoking command in '/ros2_ws/build/ur': AMENT_PREFIX_PATH=/ros2_ws/install/ur_calibration:/ros2_ws/install/ur_robot_driver:/ros2_ws/install/ur_controllers:${AMENT_PREFIX_PATH} CMAKE_PREFIX_PATH=/ros2_ws/install/ur_calibration:/ros2_ws/install/ur_robot_driver:/ros2_ws/install/ur_controllers:/ros2_ws/install/ur_msgs:/ros2_ws/install/ur_moveit_config:/ros2_ws/install/ur_dashboard_msgs:/opt/ros/humble LD_LIBRARY_PATH=/ros2_ws/install/ur_robot_driver/lib:/ros2_ws/install/ur_controllers/lib:${LD_LIBRARY_PATH} PATH=/ros2_ws/install/ur_robot_driver/bin:${PATH} PYTHONPATH=/ros2_ws/install/ur_robot_driver/local/lib/python3.10/dist-packages:${PYTHONPATH} /usr/bin/cmake --build /ros2_ws/build/ur -- -j8 -l8
[0.646s] Invoked command in '/ros2_ws/build/ur' returned '0': AMENT_PREFIX_PATH=/ros2_ws/install/ur_calibration:/ros2_ws/install/ur_robot_driver:/ros2_ws/install/ur_controllers:${AMENT_PREFIX_PATH} CMAKE_PREFIX_PATH=/ros2_ws/install/ur_calibration:/ros2_ws/install/ur_robot_driver:/ros2_ws/install/ur_controllers:/ros2_ws/install/ur_msgs:/ros2_ws/install/ur_moveit_config:/ros2_ws/install/ur_dashboard_msgs:/opt/ros/humble LD_LIBRARY_PATH=/ros2_ws/install/ur_robot_driver/lib:/ros2_ws/install/ur_controllers/lib:${LD_LIBRARY_PATH} PATH=/ros2_ws/install/ur_robot_driver/bin:${PATH} PYTHONPATH=/ros2_ws/install/ur_robot_driver/local/lib/python3.10/dist-packages:${PYTHONPATH} /usr/bin/cmake --build /ros2_ws/build/ur -- -j8 -l8
[0.648s] Invoking command in '/ros2_ws/build/ur': AMENT_PREFIX_PATH=/ros2_ws/install/ur_calibration:/ros2_ws/install/ur_robot_driver:/ros2_ws/install/ur_controllers:${AMENT_PREFIX_PATH} CMAKE_PREFIX_PATH=/ros2_ws/install/ur_calibration:/ros2_ws/install/ur_robot_driver:/ros2_ws/install/ur_controllers:/ros2_ws/install/ur_msgs:/ros2_ws/install/ur_moveit_config:/ros2_ws/install/ur_dashboard_msgs:/opt/ros/humble LD_LIBRARY_PATH=/ros2_ws/install/ur_robot_driver/lib:/ros2_ws/install/ur_controllers/lib:${LD_LIBRARY_PATH} PATH=/ros2_ws/install/ur_robot_driver/bin:${PATH} PYTHONPATH=/ros2_ws/install/ur_robot_driver/local/lib/python3.10/dist-packages:${PYTHONPATH} /usr/bin/cmake --install /ros2_ws/build/ur
[0.654s] -- Install configuration: "Release"
[0.654s] -- Installing: /ros2_ws/install/ur/share/ament_index/resource_index/package_run_dependencies/ur
[0.655s] -- Installing: /ros2_ws/install/ur/share/ament_index/resource_index/parent_prefix_path/ur
[0.655s] -- Installing: /ros2_ws/install/ur/share/ur/environment/ament_prefix_path.sh
[0.655s] -- Installing: /ros2_ws/install/ur/share/ur/environment/ament_prefix_path.dsv
[0.655s] -- Installing: /ros2_ws/install/ur/share/ur/environment/path.sh
[0.655s] -- Installing: /ros2_ws/install/ur/share/ur/environment/path.dsv
[0.655s] -- Installing: /ros2_ws/install/ur/share/ur/local_setup.bash
[0.655s] -- Installing: /ros2_ws/install/ur/share/ur/local_setup.sh
[0.656s] -- Installing: /ros2_ws/install/ur/share/ur/local_setup.zsh
[0.656s] -- Installing: /ros2_ws/install/ur/share/ur/local_setup.dsv
[0.656s] -- Installing: /ros2_ws/install/ur/share/ur/package.dsv
[0.656s] -- Installing: /ros2_ws/install/ur/share/ament_index/resource_index/packages/ur
[0.656s] -- Installing: /ros2_ws/install/ur/share/ur/cmake/urConfig.cmake
[0.656s] -- Installing: /ros2_ws/install/ur/share/ur/cmake/urConfig-version.cmake
[0.656s] -- Installing: /ros2_ws/install/ur/share/ur/package.xml
[0.658s] Invoked command in '/ros2_ws/build/ur' returned '0': AMENT_PREFIX_PATH=/ros2_ws/install/ur_calibration:/ros2_ws/install/ur_robot_driver:/ros2_ws/install/ur_controllers:${AMENT_PREFIX_PATH} CMAKE_PREFIX_PATH=/ros2_ws/install/ur_calibration:/ros2_ws/install/ur_robot_driver:/ros2_ws/install/ur_controllers:/ros2_ws/install/ur_msgs:/ros2_ws/install/ur_moveit_config:/ros2_ws/install/ur_dashboard_msgs:/opt/ros/humble LD_LIBRARY_PATH=/ros2_ws/install/ur_robot_driver/lib:/ros2_ws/install/ur_controllers/lib:${LD_LIBRARY_PATH} PATH=/ros2_ws/install/ur_robot_driver/bin:${PATH} PYTHONPATH=/ros2_ws/install/ur_robot_driver/local/lib/python3.10/dist-packages:${PYTHONPATH} /usr/bin/cmake --install /ros2_ws/build/ur
