[0.034s] Invoking command in '/ros2_ws/build/moveit_common': CMAKE_PREFIX_PATH=/opt/ros/humble /usr/bin/cmake --build /ros2_ws/build/moveit_common -- -j8 -l8
[0.314s] Invoked command in '/ros2_ws/build/moveit_common' returned '0': CMAKE_PREFIX_PATH=/opt/ros/humble /usr/bin/cmake --build /ros2_ws/build/moveit_common -- -j8 -l8
[0.318s] Invoking command in '/ros2_ws/build/moveit_common': CMAKE_PREFIX_PATH=/opt/ros/humble /usr/bin/cmake --install /ros2_ws/build/moveit_common
[0.335s] -- Install configuration: ""
[0.337s] -- Up-to-date: /ros2_ws/install/moveit_common/share/ament_index/resource_index/package_run_dependencies/moveit_common
[0.338s] -- Up-to-date: /ros2_ws/install/moveit_common/share/ament_index/resource_index/parent_prefix_path/moveit_common
[0.338s] -- Up-to-date: /ros2_ws/install/moveit_common/share/moveit_common/environment/ament_prefix_path.sh
[0.338s] -- Up-to-date: /ros2_ws/install/moveit_common/share/moveit_common/environment/ament_prefix_path.dsv
[0.338s] -- Up-to-date: /ros2_ws/install/moveit_common/share/moveit_common/environment/path.sh
[0.338s] -- Up-to-date: /ros2_ws/install/moveit_common/share/moveit_common/environment/path.dsv
[0.338s] -- Up-to-date: /ros2_ws/install/moveit_common/share/moveit_common/local_setup.bash
[0.338s] -- Up-to-date: /ros2_ws/install/moveit_common/share/moveit_common/local_setup.sh
[0.339s] -- Up-to-date: /ros2_ws/install/moveit_common/share/moveit_common/local_setup.zsh
[0.339s] -- Up-to-date: /ros2_ws/install/moveit_common/share/moveit_common/local_setup.dsv
[0.339s] -- Installing: /ros2_ws/install/moveit_common/share/moveit_common/package.dsv
[0.339s] -- Up-to-date: /ros2_ws/install/moveit_common/share/ament_index/resource_index/packages/moveit_common
[0.339s] -- Up-to-date: /ros2_ws/install/moveit_common/share/moveit_common/cmake/moveit_common-extras.cmake
[0.340s] -- Up-to-date: /ros2_ws/install/moveit_common/share/moveit_common/cmake/moveit_commonConfig.cmake
[0.340s] -- Up-to-date: /ros2_ws/install/moveit_common/share/moveit_common/cmake/moveit_commonConfig-version.cmake
[0.340s] -- Up-to-date: /ros2_ws/install/moveit_common/share/moveit_common/package.xml
[0.340s] -- Up-to-date: /ros2_ws/install/moveit_common/share/moveit_common/cmake
[0.340s] -- Up-to-date: /ros2_ws/install/moveit_common/share/moveit_common/cmake/moveit_package.cmake
[0.419s] Invoked command in '/ros2_ws/build/moveit_common' returned '0': CMAKE_PREFIX_PATH=/opt/ros/humble /usr/bin/cmake --install /ros2_ws/build/moveit_common
