[0.023s] Invoking command in '/ros2_ws/build/moveit_core': CMAKE_PREFIX_PATH=/ros2_ws/install/moveit_resources_panda_moveit_config:/ros2_ws/install/srdfdom:/ros2_ws/install/moveit_resources_pr2_description:/ros2_ws/install/moveit_resources_panda_description:/ros2_ws/install/moveit_common:/ros2_ws/install/ur:/ros2_ws/install/ur_calibration:/ros2_ws/install/ur_robot_driver:/ros2_ws/install/ur_bringup:/ros2_ws/install/ur_controllers:/ros2_ws/install/ur_msgs:/ros2_ws/install/ur_moveit_config:/ros2_ws/install/ur_dashboard_msgs:/ros2_ws/install/pilz_industrial_motion_planner_testutils:/ros2_ws/install/moveit_runtime:/ros2_ws/install/moveit2_tutorials:/ros2_ws/install/moveit:/ros2_ws/install/moveit_planners:/ros2_ws/install/pilz_industrial_motion_planner:/ros2_ws/install/moveit_visual_tools:/ros2_ws/install/moveit_task_constructor_visualization:/ros2_ws/install/moveit_task_constructor_demo:/ros2_ws/install/moveit_task_constructor_capabilities:/ros2_ws/install/moveit_task_constructor_core:/ros2_ws/install/moveit_ros_control_interface:/ros2_ws/install/moveit_plugins:/ros2_ws/install/moveit_simple_controller_manager:/ros2_ws/install/moveit_setup_assistant:/ros2_ws/install/moveit_setup_srdf_plugins:/ros2_ws/install/moveit_setup_core_plugins:/ros2_ws/install/moveit_setup_controllers:/ros2_ws/install/moveit_setup_app_plugins:/ros2_ws/install/moveit_setup_framework:/ros2_ws/install/moveit_servo:/ros2_ws/install/moveit_ros:/ros2_ws/install/moveit_ros_visualization:/ros2_ws/install/moveit_hybrid_planning:/ros2_ws/install/moveit_ros_planning_interface:/ros2_ws/install/moveit_ros_benchmarks:/ros2_ws/install/moveit_ros_warehouse:/ros2_ws/install/moveit_ros_robot_interaction:/ros2_ws/install/moveit_ros_perception:/ros2_ws/install/moveit_resources_prbt_pg70_support:/ros2_ws/install/moveit_resources_prbt_moveit_config:/ros2_ws/install/moveit_ros_move_group:/ros2_ws/install/moveit_planners_ompl:/ros2_ws/install/moveit_ros_planning:/ros2_ws/install/moveit_ros_occupancy_map_monitor:/ros2_ws/install/moveit_resources_prbt_ikfast_manipulator_plugin:/ros2_ws/install/moveit_planners_chomp:/ros2_ws/install/moveit_kinematics:/ros2_ws/install/moveit_chomp_optimizer_adapter:/ros2_ws/install/chomp_motion_planner:/ros2_ws/install/moveit_core:/ros2_ws/install/rviz_marker_tools:/ros2_ws/install/rosparam_shortcuts:/ros2_ws/install/moveit_task_constructor_msgs:/ros2_ws/install/moveit_resources_prbt_support:/ros2_ws/install/moveit_resources:/ros2_ws/install/moveit_resources_fanuc_moveit_config:/ros2_ws/install/moveit_resources_fanuc_description:/ros2_ws/install/moveit_configs_utils:/ros2_ws/install/launch_param_builder:/opt/ros/humble LD_LIBRARY_PATH=/ros2_ws/install/srdfdom/lib:/ros2_ws/install/ur_robot_driver/lib:/ros2_ws/install/ur_controllers/lib:/ros2_ws/install/ur_msgs/lib:/ros2_ws/install/ur_dashboard_msgs/lib:/ros2_ws/install/pilz_industrial_motion_planner_testutils/lib:/ros2_ws/install/pilz_industrial_motion_planner/lib:/ros2_ws/install/moveit_visual_tools/lib:/ros2_ws/install/moveit_task_constructor_visualization/lib:/ros2_ws/install/moveit_task_constructor_demo/lib:/ros2_ws/install/moveit_task_constructor_capabilities/lib:/ros2_ws/install/moveit_task_constructor_core/lib:/ros2_ws/install/moveit_ros_control_interface/lib:/ros2_ws/install/moveit_simple_controller_manager/lib:/ros2_ws/install/moveit_setup_assistant/lib:/ros2_ws/install/moveit_setup_srdf_plugins/lib:/ros2_ws/install/moveit_setup_core_plugins/lib:/ros2_ws/install/moveit_setup_controllers/lib:/ros2_ws/install/moveit_setup_app_plugins/lib:/ros2_ws/install/moveit_setup_framework/lib:/ros2_ws/install/moveit_servo/lib:/ros2_ws/install/moveit_ros_visualization/lib:/ros2_ws/install/moveit_hybrid_planning/lib:/ros2_ws/install/moveit_ros_planning_interface/lib:/ros2_ws/install/moveit_ros_benchmarks/lib:/ros2_ws/install/moveit_ros_warehouse/lib:/ros2_ws/install/moveit_ros_robot_interaction/lib:/ros2_ws/install/moveit_ros_perception/lib:/ros2_ws/install/moveit_ros_move_group/lib:/ros2_ws/install/moveit_planners_ompl/lib:/ros2_ws/install/moveit_ros_planning/lib:/ros2_ws/install/moveit_ros_occupancy_map_monitor/lib:/ros2_ws/install/moveit_resources_prbt_ikfast_manipulator_plugin/lib:/ros2_ws/install/moveit_planners_chomp/lib:/ros2_ws/install/moveit_kinematics/lib:/ros2_ws/install/moveit_chomp_optimizer_adapter/lib:/ros2_ws/install/chomp_motion_planner/lib:/ros2_ws/install/moveit_core/lib:/ros2_ws/install/rviz_marker_tools/lib:/ros2_ws/install/rosparam_shortcuts/lib:/ros2_ws/install/moveit_task_constructor_msgs/lib:/usr/lib/x86_64-linux-gnu/gazebo-11/plugins:/opt/ros/humble/opt/rviz_ogre_vendor/lib:/opt/ros/humble/lib/x86_64-linux-gnu:/opt/ros/humble/lib /usr/bin/cmake --build /ros2_ws/build/moveit_core
[0.132s] [  1%] Built target moveit_transforms
[0.182s] [  3%] Built target moveit_distance_field
[0.219s] [  5%] Built target moveit_utils
[0.253s] [  6%] Built target gtest
[0.286s] [  7%] Built target gtest_main
[0.321s] [  9%] Built target gmock
[0.355s] [ 10%] Built target gmock_main
[0.394s] [ 11%] Built target test_voxel_grid
[0.439s] [ 12%] Built target test_distance_field
[0.475s] [ 13%] Built target moveit_smoothing_base
[0.506s] [ 14%] Built target moveit_butterworth_parameters
[0.543s] [ 15%] Built target test_transforms
[0.574s] [ 17%] Built target moveit_version
[0.615s] [ 18%] Built target moveit_kinematics_base
[0.651s] [ 19%] Built target moveit_exceptions
[0.703s] [ 26%] Built target moveit_robot_model
[0.753s] [ 29%] Built target moveit_robot_state
[0.795s] [ 30%] Built target moveit_butterworth_filter
[0.839s] [ 31%] Built target moveit_robot_trajectory
[0.880s] [ 33%] Built target moveit_dynamics_solver
[0.922s] [ 34%] Built target moveit_kinematics_metrics
[0.964s] [ 35%] Built target test_butterworth_filter
[1.009s] [ 37%] Built target moveit_planning_interface
[1.059s] [ 41%] Built target moveit_trajectory_processing
[1.116s] [ 47%] Built target moveit_collision_detection
[1.160s] [ 48%] Built target moveit_test_utils
[1.197s] [ 50%] Built target test_world_diff
[1.239s] [ 51%] Built target test_all_valid
[1.295s] [ 56%] Built target moveit_collision_detection_bullet
[1.336s] [ 57%] Built target test_robot_model
[1.378s] [ 59%] Built target test_robot_state
[1.420s] [ 60%] Built target test_robot_state_benchmark
[1.462s] [ 61%] Built target test_robot_state_complex
[1.504s] [ 62%] Built target test_aabb
[1.545s] [ 63%] Built target test_cartesian_interpolator
[1.587s] [ 64%] Built target test_robot_trajectory
[1.629s] [ 65%] Built target test_time_parameterization
[1.671s] [ 67%] Built target test_time_optimal_trajectory_generation
[1.714s] [ 68%] Built target test_ruckig_traj_smoothing
[1.759s] [ 69%] Built target test_bullet_collision_detection
[1.803s] [ 70%] Built target test_bullet_collision_detection_panda
[1.850s] [ 72%] Built target test_bullet_continuous_collision_checking
[1.886s] [ 73%] Built target test_world
[1.933s] [ 75%] Built target moveit_collision_detection_fcl
[1.983s] [ 77%] Built target moveit_kinematic_constraints
[2.031s] [ 78%] Built target test_fcl_collision_detection_panda
[2.081s] [ 79%] Built target moveit_planning_scene
[2.123s] [ 80%] Built target test_constraints
[2.166s] [ 81%] Built target test_orientation_constraints
[2.209s] [ 82%] Built target moveit_planning_request_adapter
[2.257s] [ 83%] Built target test_planning_scene
[2.302s] [ 84%] Built target test_collision_objects
[2.402s] [ 85%] Built target test_multi_threaded
[2.472s] [ 86%] Built target collision_detector_bullet_plugin
[2.520s] [ 87%] Built target collision_detector_fcl_plugin
[2.574s] [ 90%] Built target moveit_collision_distance_field
[2.625s] [ 93%] Built target moveit_constraint_samplers
[2.671s] [ 94%] Built target test_collision_distance_field
[2.724s] [ 97%] Built target test_constraint_samplers
[2.770s] [ 98%] Built target test_fcl_collision_detection
[2.817s] [100%] Built target test_fcl_collision_env
[2.832s] Invoked command in '/ros2_ws/build/moveit_core' returned '0': CMAKE_PREFIX_PATH=/ros2_ws/install/moveit_resources_panda_moveit_config:/ros2_ws/install/srdfdom:/ros2_ws/install/moveit_resources_pr2_description:/ros2_ws/install/moveit_resources_panda_description:/ros2_ws/install/moveit_common:/ros2_ws/install/ur:/ros2_ws/install/ur_calibration:/ros2_ws/install/ur_robot_driver:/ros2_ws/install/ur_bringup:/ros2_ws/install/ur_controllers:/ros2_ws/install/ur_msgs:/ros2_ws/install/ur_moveit_config:/ros2_ws/install/ur_dashboard_msgs:/ros2_ws/install/pilz_industrial_motion_planner_testutils:/ros2_ws/install/moveit_runtime:/ros2_ws/install/moveit2_tutorials:/ros2_ws/install/moveit:/ros2_ws/install/moveit_planners:/ros2_ws/install/pilz_industrial_motion_planner:/ros2_ws/install/moveit_visual_tools:/ros2_ws/install/moveit_task_constructor_visualization:/ros2_ws/install/moveit_task_constructor_demo:/ros2_ws/install/moveit_task_constructor_capabilities:/ros2_ws/install/moveit_task_constructor_core:/ros2_ws/install/moveit_ros_control_interface:/ros2_ws/install/moveit_plugins:/ros2_ws/install/moveit_simple_controller_manager:/ros2_ws/install/moveit_setup_assistant:/ros2_ws/install/moveit_setup_srdf_plugins:/ros2_ws/install/moveit_setup_core_plugins:/ros2_ws/install/moveit_setup_controllers:/ros2_ws/install/moveit_setup_app_plugins:/ros2_ws/install/moveit_setup_framework:/ros2_ws/install/moveit_servo:/ros2_ws/install/moveit_ros:/ros2_ws/install/moveit_ros_visualization:/ros2_ws/install/moveit_hybrid_planning:/ros2_ws/install/moveit_ros_planning_interface:/ros2_ws/install/moveit_ros_benchmarks:/ros2_ws/install/moveit_ros_warehouse:/ros2_ws/install/moveit_ros_robot_interaction:/ros2_ws/install/moveit_ros_perception:/ros2_ws/install/moveit_resources_prbt_pg70_support:/ros2_ws/install/moveit_resources_prbt_moveit_config:/ros2_ws/install/moveit_ros_move_group:/ros2_ws/install/moveit_planners_ompl:/ros2_ws/install/moveit_ros_planning:/ros2_ws/install/moveit_ros_occupancy_map_monitor:/ros2_ws/install/moveit_resources_prbt_ikfast_manipulator_plugin:/ros2_ws/install/moveit_planners_chomp:/ros2_ws/install/moveit_kinematics:/ros2_ws/install/moveit_chomp_optimizer_adapter:/ros2_ws/install/chomp_motion_planner:/ros2_ws/install/moveit_core:/ros2_ws/install/rviz_marker_tools:/ros2_ws/install/rosparam_shortcuts:/ros2_ws/install/moveit_task_constructor_msgs:/ros2_ws/install/moveit_resources_prbt_support:/ros2_ws/install/moveit_resources:/ros2_ws/install/moveit_resources_fanuc_moveit_config:/ros2_ws/install/moveit_resources_fanuc_description:/ros2_ws/install/moveit_configs_utils:/ros2_ws/install/launch_param_builder:/opt/ros/humble LD_LIBRARY_PATH=/ros2_ws/install/srdfdom/lib:/ros2_ws/install/ur_robot_driver/lib:/ros2_ws/install/ur_controllers/lib:/ros2_ws/install/ur_msgs/lib:/ros2_ws/install/ur_dashboard_msgs/lib:/ros2_ws/install/pilz_industrial_motion_planner_testutils/lib:/ros2_ws/install/pilz_industrial_motion_planner/lib:/ros2_ws/install/moveit_visual_tools/lib:/ros2_ws/install/moveit_task_constructor_visualization/lib:/ros2_ws/install/moveit_task_constructor_demo/lib:/ros2_ws/install/moveit_task_constructor_capabilities/lib:/ros2_ws/install/moveit_task_constructor_core/lib:/ros2_ws/install/moveit_ros_control_interface/lib:/ros2_ws/install/moveit_simple_controller_manager/lib:/ros2_ws/install/moveit_setup_assistant/lib:/ros2_ws/install/moveit_setup_srdf_plugins/lib:/ros2_ws/install/moveit_setup_core_plugins/lib:/ros2_ws/install/moveit_setup_controllers/lib:/ros2_ws/install/moveit_setup_app_plugins/lib:/ros2_ws/install/moveit_setup_framework/lib:/ros2_ws/install/moveit_servo/lib:/ros2_ws/install/moveit_ros_visualization/lib:/ros2_ws/install/moveit_hybrid_planning/lib:/ros2_ws/install/moveit_ros_planning_interface/lib:/ros2_ws/install/moveit_ros_benchmarks/lib:/ros2_ws/install/moveit_ros_warehouse/lib:/ros2_ws/install/moveit_ros_robot_interaction/lib:/ros2_ws/install/moveit_ros_perception/lib:/ros2_ws/install/moveit_ros_move_group/lib:/ros2_ws/install/moveit_planners_ompl/lib:/ros2_ws/install/moveit_ros_planning/lib:/ros2_ws/install/moveit_ros_occupancy_map_monitor/lib:/ros2_ws/install/moveit_resources_prbt_ikfast_manipulator_plugin/lib:/ros2_ws/install/moveit_planners_chomp/lib:/ros2_ws/install/moveit_kinematics/lib:/ros2_ws/install/moveit_chomp_optimizer_adapter/lib:/ros2_ws/install/chomp_motion_planner/lib:/ros2_ws/install/moveit_core/lib:/ros2_ws/install/rviz_marker_tools/lib:/ros2_ws/install/rosparam_shortcuts/lib:/ros2_ws/install/moveit_task_constructor_msgs/lib:/usr/lib/x86_64-linux-gnu/gazebo-11/plugins:/opt/ros/humble/opt/rviz_ogre_vendor/lib:/opt/ros/humble/lib/x86_64-linux-gnu:/opt/ros/humble/lib /usr/bin/cmake --build /ros2_ws/build/moveit_core
[2.835s] Invoking command in '/ros2_ws/build/moveit_core': CMAKE_PREFIX_PATH=/ros2_ws/install/moveit_resources_panda_moveit_config:/ros2_ws/install/srdfdom:/ros2_ws/install/moveit_resources_pr2_description:/ros2_ws/install/moveit_resources_panda_description:/ros2_ws/install/moveit_common:/ros2_ws/install/ur:/ros2_ws/install/ur_calibration:/ros2_ws/install/ur_robot_driver:/ros2_ws/install/ur_bringup:/ros2_ws/install/ur_controllers:/ros2_ws/install/ur_msgs:/ros2_ws/install/ur_moveit_config:/ros2_ws/install/ur_dashboard_msgs:/ros2_ws/install/pilz_industrial_motion_planner_testutils:/ros2_ws/install/moveit_runtime:/ros2_ws/install/moveit2_tutorials:/ros2_ws/install/moveit:/ros2_ws/install/moveit_planners:/ros2_ws/install/pilz_industrial_motion_planner:/ros2_ws/install/moveit_visual_tools:/ros2_ws/install/moveit_task_constructor_visualization:/ros2_ws/install/moveit_task_constructor_demo:/ros2_ws/install/moveit_task_constructor_capabilities:/ros2_ws/install/moveit_task_constructor_core:/ros2_ws/install/moveit_ros_control_interface:/ros2_ws/install/moveit_plugins:/ros2_ws/install/moveit_simple_controller_manager:/ros2_ws/install/moveit_setup_assistant:/ros2_ws/install/moveit_setup_srdf_plugins:/ros2_ws/install/moveit_setup_core_plugins:/ros2_ws/install/moveit_setup_controllers:/ros2_ws/install/moveit_setup_app_plugins:/ros2_ws/install/moveit_setup_framework:/ros2_ws/install/moveit_servo:/ros2_ws/install/moveit_ros:/ros2_ws/install/moveit_ros_visualization:/ros2_ws/install/moveit_hybrid_planning:/ros2_ws/install/moveit_ros_planning_interface:/ros2_ws/install/moveit_ros_benchmarks:/ros2_ws/install/moveit_ros_warehouse:/ros2_ws/install/moveit_ros_robot_interaction:/ros2_ws/install/moveit_ros_perception:/ros2_ws/install/moveit_resources_prbt_pg70_support:/ros2_ws/install/moveit_resources_prbt_moveit_config:/ros2_ws/install/moveit_ros_move_group:/ros2_ws/install/moveit_planners_ompl:/ros2_ws/install/moveit_ros_planning:/ros2_ws/install/moveit_ros_occupancy_map_monitor:/ros2_ws/install/moveit_resources_prbt_ikfast_manipulator_plugin:/ros2_ws/install/moveit_planners_chomp:/ros2_ws/install/moveit_kinematics:/ros2_ws/install/moveit_chomp_optimizer_adapter:/ros2_ws/install/chomp_motion_planner:/ros2_ws/install/moveit_core:/ros2_ws/install/rviz_marker_tools:/ros2_ws/install/rosparam_shortcuts:/ros2_ws/install/moveit_task_constructor_msgs:/ros2_ws/install/moveit_resources_prbt_support:/ros2_ws/install/moveit_resources:/ros2_ws/install/moveit_resources_fanuc_moveit_config:/ros2_ws/install/moveit_resources_fanuc_description:/ros2_ws/install/moveit_configs_utils:/ros2_ws/install/launch_param_builder:/opt/ros/humble LD_LIBRARY_PATH=/ros2_ws/install/srdfdom/lib:/ros2_ws/install/ur_robot_driver/lib:/ros2_ws/install/ur_controllers/lib:/ros2_ws/install/ur_msgs/lib:/ros2_ws/install/ur_dashboard_msgs/lib:/ros2_ws/install/pilz_industrial_motion_planner_testutils/lib:/ros2_ws/install/pilz_industrial_motion_planner/lib:/ros2_ws/install/moveit_visual_tools/lib:/ros2_ws/install/moveit_task_constructor_visualization/lib:/ros2_ws/install/moveit_task_constructor_demo/lib:/ros2_ws/install/moveit_task_constructor_capabilities/lib:/ros2_ws/install/moveit_task_constructor_core/lib:/ros2_ws/install/moveit_ros_control_interface/lib:/ros2_ws/install/moveit_simple_controller_manager/lib:/ros2_ws/install/moveit_setup_assistant/lib:/ros2_ws/install/moveit_setup_srdf_plugins/lib:/ros2_ws/install/moveit_setup_core_plugins/lib:/ros2_ws/install/moveit_setup_controllers/lib:/ros2_ws/install/moveit_setup_app_plugins/lib:/ros2_ws/install/moveit_setup_framework/lib:/ros2_ws/install/moveit_servo/lib:/ros2_ws/install/moveit_ros_visualization/lib:/ros2_ws/install/moveit_hybrid_planning/lib:/ros2_ws/install/moveit_ros_planning_interface/lib:/ros2_ws/install/moveit_ros_benchmarks/lib:/ros2_ws/install/moveit_ros_warehouse/lib:/ros2_ws/install/moveit_ros_robot_interaction/lib:/ros2_ws/install/moveit_ros_perception/lib:/ros2_ws/install/moveit_ros_move_group/lib:/ros2_ws/install/moveit_planners_ompl/lib:/ros2_ws/install/moveit_ros_planning/lib:/ros2_ws/install/moveit_ros_occupancy_map_monitor/lib:/ros2_ws/install/moveit_resources_prbt_ikfast_manipulator_plugin/lib:/ros2_ws/install/moveit_planners_chomp/lib:/ros2_ws/install/moveit_kinematics/lib:/ros2_ws/install/moveit_chomp_optimizer_adapter/lib:/ros2_ws/install/chomp_motion_planner/lib:/ros2_ws/install/moveit_core/lib:/ros2_ws/install/rviz_marker_tools/lib:/ros2_ws/install/rosparam_shortcuts/lib:/ros2_ws/install/moveit_task_constructor_msgs/lib:/usr/lib/x86_64-linux-gnu/gazebo-11/plugins:/opt/ros/humble/opt/rviz_ogre_vendor/lib:/opt/ros/humble/lib/x86_64-linux-gnu:/opt/ros/humble/lib /usr/bin/cmake --install /ros2_ws/build/moveit_core
[2.846s] -- Install configuration: "Release"
[2.846s] -- Up-to-date: /ros2_ws/install/moveit_core/include/moveit/version.h
[2.847s] -- Up-to-date: /ros2_ws/install/moveit_core/include
[2.847s] -- Up-to-date: /ros2_ws/install/moveit_core/include/moveit
[2.847s] -- Up-to-date: /ros2_ws/install/moveit_core/include/moveit/collision_distance_field
[2.847s] -- Up-to-date: /ros2_ws/install/moveit_core/include/moveit/collision_distance_field/collision_env_hybrid.h
[2.847s] -- Up-to-date: /ros2_ws/install/moveit_core/include/moveit/collision_distance_field/collision_distance_field_types.h
[2.847s] -- Up-to-date: /ros2_ws/install/moveit_core/include/moveit/collision_distance_field/collision_env_distance_field.h
[2.847s] -- Up-to-date: /ros2_ws/install/moveit_core/include/moveit/collision_distance_field/collision_detector_allocator_distance_field.h
[2.847s] -- Up-to-date: /ros2_ws/install/moveit_core/include/moveit/collision_distance_field/collision_common_distance_field.h
[2.847s] -- Up-to-date: /ros2_ws/install/moveit_core/include/moveit/collision_distance_field/collision_detector_allocator_hybrid.h
[2.847s] -- Up-to-date: /ros2_ws/install/moveit_core/include/moveit_collision_distance_field_export.h
[2.848s] -- Up-to-date: /ros2_ws/install/moveit_core/include
[2.848s] -- Up-to-date: /ros2_ws/install/moveit_core/include/moveit
[2.848s] -- Up-to-date: /ros2_ws/install/moveit_core/include/moveit/constraint_samplers
[2.848s] -- Up-to-date: /ros2_ws/install/moveit_core/include/moveit/constraint_samplers/constraint_sampler_tools.h
[2.848s] -- Up-to-date: /ros2_ws/install/moveit_core/include/moveit/constraint_samplers/constraint_sampler_allocator.h
[2.848s] -- Up-to-date: /ros2_ws/install/moveit_core/include/moveit/constraint_samplers/constraint_sampler.h
[2.848s] -- Up-to-date: /ros2_ws/install/moveit_core/include/moveit/constraint_samplers/constraint_sampler_manager.h
[2.848s] -- Up-to-date: /ros2_ws/install/moveit_core/include/moveit/constraint_samplers/default_constraint_samplers.h
[2.848s] -- Up-to-date: /ros2_ws/install/moveit_core/include/moveit/constraint_samplers/union_constraint_sampler.h
[2.848s] -- Up-to-date: /ros2_ws/install/moveit_core/include
[2.848s] -- Up-to-date: /ros2_ws/install/moveit_core/include/moveit
[2.849s] -- Up-to-date: /ros2_ws/install/moveit_core/include/moveit/controller_manager
[2.849s] -- Up-to-date: /ros2_ws/install/moveit_core/include/moveit/controller_manager/controller_manager.h
[2.849s] -- Up-to-date: /ros2_ws/install/moveit_core/include
[2.849s] -- Up-to-date: /ros2_ws/install/moveit_core/include/moveit
[2.849s] -- Up-to-date: /ros2_ws/install/moveit_core/include/moveit/distance_field
[2.849s] -- Up-to-date: /ros2_ws/install/moveit_core/include/moveit/distance_field/voxel_grid.h
[2.850s] -- Up-to-date: /ros2_ws/install/moveit_core/include/moveit/distance_field/propagation_distance_field.h
[2.850s] -- Up-to-date: /ros2_ws/install/moveit_core/include/moveit/distance_field/distance_field.h
[2.850s] -- Up-to-date: /ros2_ws/install/moveit_core/include/moveit/distance_field/find_internal_points.h
[2.850s] -- Up-to-date: /ros2_ws/install/moveit_core/include
[2.850s] -- Up-to-date: /ros2_ws/install/moveit_core/include/moveit
[2.850s] -- Up-to-date: /ros2_ws/install/moveit_core/include/moveit/dynamics_solver
[2.850s] -- Up-to-date: /ros2_ws/install/moveit_core/include/moveit/dynamics_solver/dynamics_solver.h
[2.851s] -- Up-to-date: /ros2_ws/install/moveit_core/include
[2.851s] -- Up-to-date: /ros2_ws/install/moveit_core/include/moveit
[2.851s] -- Up-to-date: /ros2_ws/install/moveit_core/include/moveit/exceptions
[2.851s] -- Up-to-date: /ros2_ws/install/moveit_core/include/moveit/exceptions/exceptions.h
[2.851s] -- Up-to-date: /ros2_ws/install/moveit_core/include
[2.851s] -- Up-to-date: /ros2_ws/install/moveit_core/include/moveit
[2.851s] -- Up-to-date: /ros2_ws/install/moveit_core/include/moveit/kinematics_base
[2.851s] -- Up-to-date: /ros2_ws/install/moveit_core/include/moveit/kinematics_base/kinematics_base.h
[2.851s] -- Up-to-date: /ros2_ws/install/moveit_core/include/moveit_kinematics_base_export.h
[2.851s] -- Up-to-date: /ros2_ws/install/moveit_core/include
[2.851s] -- Up-to-date: /ros2_ws/install/moveit_core/include/moveit
[2.852s] -- Up-to-date: /ros2_ws/install/moveit_core/include/moveit/kinematic_constraints
[2.852s] -- Up-to-date: /ros2_ws/install/moveit_core/include/moveit/kinematic_constraints/kinematic_constraint.h
[2.852s] -- Up-to-date: /ros2_ws/install/moveit_core/include/moveit/kinematic_constraints/utils.h
[2.852s] -- Up-to-date: /ros2_ws/install/moveit_core/include
[2.852s] -- Up-to-date: /ros2_ws/install/moveit_core/include/moveit
[2.852s] -- Up-to-date: /ros2_ws/install/moveit_core/include/moveit/kinematics_metrics
[2.852s] -- Up-to-date: /ros2_ws/install/moveit_core/include/moveit/kinematics_metrics/kinematics_metrics.h
[2.852s] -- Up-to-date: /ros2_ws/install/moveit_core/include
[2.852s] -- Up-to-date: /ros2_ws/install/moveit_core/include/moveit
[2.852s] -- Up-to-date: /ros2_ws/install/moveit_core/include/moveit/macros
[2.853s] -- Up-to-date: /ros2_ws/install/moveit_core/include/moveit/macros/declare_ptr.h
[2.853s] -- Up-to-date: /ros2_ws/install/moveit_core/include/moveit/macros/console_colors.h
[2.853s] -- Up-to-date: /ros2_ws/install/moveit_core/include/moveit/macros/class_forward.h
[2.853s] -- Up-to-date: /ros2_ws/install/moveit_core/include/moveit/macros/deprecation.h
[2.853s] -- Up-to-date: /ros2_ws/install/moveit_core/include/moveit_butterworth_parameters
[2.853s] -- Up-to-date: /ros2_ws/install/moveit_core/include/moveit_butterworth_parameters/moveit_butterworth_parameters.hpp
[2.853s] -- Up-to-date: /ros2_ws/install/moveit_core/include
[2.853s] -- Up-to-date: /ros2_ws/install/moveit_core/include/moveit
[2.853s] -- Up-to-date: /ros2_ws/install/moveit_core/include/moveit/online_signal_smoothing
[2.853s] -- Up-to-date: /ros2_ws/install/moveit_core/include/moveit/online_signal_smoothing/butterworth_filter.h
[2.853s] -- Up-to-date: /ros2_ws/install/moveit_core/include/moveit/online_signal_smoothing/smoothing_base_class.h
[2.854s] -- Up-to-date: /ros2_ws/install/moveit_core/include/moveit_smoothing_base_export.h
[2.854s] -- Up-to-date: /ros2_ws/install/moveit_core/include/moveit_butterworth_filter_export.h
[2.854s] -- Up-to-date: /ros2_ws/install/moveit_core/include
[2.854s] -- Up-to-date: /ros2_ws/install/moveit_core/include/moveit
[2.854s] -- Up-to-date: /ros2_ws/install/moveit_core/include/moveit/planning_interface
[2.854s] -- Up-to-date: /ros2_ws/install/moveit_core/include/moveit/planning_interface/planning_interface.h
[2.854s] -- Up-to-date: /ros2_ws/install/moveit_core/include/moveit/planning_interface/planning_request.h
[2.854s] -- Up-to-date: /ros2_ws/install/moveit_core/include/moveit/planning_interface/planning_response.h
[2.854s] -- Up-to-date: /ros2_ws/install/moveit_core/include
[2.854s] -- Up-to-date: /ros2_ws/install/moveit_core/include/moveit
[2.854s] -- Up-to-date: /ros2_ws/install/moveit_core/include/moveit/planning_request_adapter
[2.855s] -- Up-to-date: /ros2_ws/install/moveit_core/include/moveit/planning_request_adapter/planning_request_adapter.h
[2.855s] -- Up-to-date: /ros2_ws/install/moveit_core/include
[2.855s] -- Up-to-date: /ros2_ws/install/moveit_core/include/moveit
[2.855s] -- Up-to-date: /ros2_ws/install/moveit_core/include/moveit/planning_scene
[2.855s] -- Up-to-date: /ros2_ws/install/moveit_core/include/moveit/planning_scene/planning_scene.h
[2.855s] -- Up-to-date: /ros2_ws/install/moveit_core/include/moveit_planning_scene_export.h
[2.855s] -- Up-to-date: /ros2_ws/install/moveit_core/include
[2.855s] -- Up-to-date: /ros2_ws/install/moveit_core/include/moveit
[2.855s] -- Up-to-date: /ros2_ws/install/moveit_core/include/moveit/robot_model
[2.856s] -- Up-to-date: /ros2_ws/install/moveit_core/include/moveit/robot_model/planar_joint_model.h
[2.856s] -- Up-to-date: /ros2_ws/install/moveit_core/include/moveit/robot_model/robot_model.h
[2.856s] -- Up-to-date: /ros2_ws/install/moveit_core/include/moveit/robot_model/revolute_joint_model.h
[2.856s] -- Up-to-date: /ros2_ws/install/moveit_core/include/moveit/robot_model/fixed_joint_model.h
[2.856s] -- Up-to-date: /ros2_ws/install/moveit_core/include/moveit/robot_model/link_model.h
[2.856s] -- Up-to-date: /ros2_ws/install/moveit_core/include/moveit/robot_model/joint_model_group.h
[2.856s] -- Up-to-date: /ros2_ws/install/moveit_core/include/moveit/robot_model/aabb.h
[2.856s] -- Up-to-date: /ros2_ws/install/moveit_core/include/moveit/robot_model/joint_model.h
[2.856s] -- Up-to-date: /ros2_ws/install/moveit_core/include/moveit/robot_model/prismatic_joint_model.h
[2.856s] -- Up-to-date: /ros2_ws/install/moveit_core/include/moveit/robot_model/floating_joint_model.h
[2.856s] -- Up-to-date: /ros2_ws/install/moveit_core/include
[2.856s] -- Up-to-date: /ros2_ws/install/moveit_core/include/moveit
[2.856s] -- Up-to-date: /ros2_ws/install/moveit_core/include/moveit/robot_state
[2.856s] -- Up-to-date: /ros2_ws/install/moveit_core/include/moveit/robot_state/conversions.h
[2.856s] -- Up-to-date: /ros2_ws/install/moveit_core/include/moveit/robot_state/robot_state.h
[2.856s] -- Up-to-date: /ros2_ws/install/moveit_core/include/moveit/robot_state/attached_body.h
[2.856s] -- Up-to-date: /ros2_ws/install/moveit_core/include/moveit/robot_state/cartesian_interpolator.h
[2.856s] -- Up-to-date: /ros2_ws/install/moveit_core/include
[2.857s] -- Up-to-date: /ros2_ws/install/moveit_core/include/moveit
[2.857s] -- Up-to-date: /ros2_ws/install/moveit_core/include/moveit/robot_trajectory
[2.857s] -- Up-to-date: /ros2_ws/install/moveit_core/include/moveit/robot_trajectory/robot_trajectory.h
[2.857s] -- Up-to-date: /ros2_ws/install/moveit_core/include
[2.857s] -- Up-to-date: /ros2_ws/install/moveit_core/include/moveit
[2.857s] -- Up-to-date: /ros2_ws/install/moveit_core/include/moveit/sensor_manager
[2.858s] -- Up-to-date: /ros2_ws/install/moveit_core/include/moveit/sensor_manager/sensor_manager.h
[2.858s] -- Up-to-date: /ros2_ws/install/moveit_core/include
[2.858s] -- Up-to-date: /ros2_ws/install/moveit_core/include/moveit
[2.858s] -- Up-to-date: /ros2_ws/install/moveit_core/include/moveit/trajectory_processing
[2.858s] -- Up-to-date: /ros2_ws/install/moveit_core/include/moveit/trajectory_processing/iterative_spline_parameterization.h
[2.858s] -- Up-to-date: /ros2_ws/install/moveit_core/include/moveit/trajectory_processing/ruckig_traj_smoothing.h
[2.858s] -- Up-to-date: /ros2_ws/install/moveit_core/include/moveit/trajectory_processing/time_parameterization.h
[2.858s] -- Up-to-date: /ros2_ws/install/moveit_core/include/moveit/trajectory_processing/iterative_time_parameterization.h
[2.858s] -- Up-to-date: /ros2_ws/install/moveit_core/include/moveit/trajectory_processing/time_optimal_trajectory_generation.h
[2.859s] -- Up-to-date: /ros2_ws/install/moveit_core/include/moveit/trajectory_processing/trajectory_tools.h
[2.859s] -- Up-to-date: /ros2_ws/install/moveit_core/include
[2.859s] -- Up-to-date: /ros2_ws/install/moveit_core/include/moveit
[2.859s] -- Up-to-date: /ros2_ws/install/moveit_core/include/moveit/transforms
[2.859s] -- Up-to-date: /ros2_ws/install/moveit_core/include/moveit/transforms/transforms.h
[2.859s] -- Up-to-date: /ros2_ws/install/moveit_core/include
[2.859s] -- Up-to-date: /ros2_ws/install/moveit_core/include/moveit
[2.859s] -- Up-to-date: /ros2_ws/install/moveit_core/include/moveit/utils
[2.859s] -- Up-to-date: /ros2_ws/install/moveit_core/include/moveit/utils/moveit_error_code.h
[2.860s] -- Up-to-date: /ros2_ws/install/moveit_core/include/moveit/utils/rclcpp_utils.h
[2.860s] -- Up-to-date: /ros2_ws/install/moveit_core/include/moveit/utils/robot_model_test_utils.h
[2.860s] -- Up-to-date: /ros2_ws/install/moveit_core/include/moveit/utils/message_checks.h
[2.860s] -- Up-to-date: /ros2_ws/install/moveit_core/include/moveit/utils/lexical_casts.h
[2.860s] -- Up-to-date: /ros2_ws/install/moveit_core/bin/moveit_version
[2.860s] -- Up-to-date: /ros2_ws/install/moveit_core/include
[2.860s] -- Up-to-date: /ros2_ws/install/moveit_core/include/moveit
[2.860s] -- Up-to-date: /ros2_ws/install/moveit_core/include/moveit/collision_detection
[2.861s] -- Up-to-date: /ros2_ws/install/moveit_core/include/moveit/collision_detection/collision_plugin_cache.h
[2.861s] -- Up-to-date: /ros2_ws/install/moveit_core/include/moveit/collision_detection/test_collision_common_panda.h
[2.861s] -- Up-to-date: /ros2_ws/install/moveit_core/include/moveit/collision_detection/collision_tools.h
[2.861s] -- Up-to-date: /ros2_ws/install/moveit_core/include/moveit/collision_detection/world.h
[2.861s] -- Up-to-date: /ros2_ws/install/moveit_core/include/moveit/collision_detection/collision_env.h
[2.861s] -- Up-to-date: /ros2_ws/install/moveit_core/include/moveit/collision_detection/collision_octomap_filter.h
[2.861s] -- Up-to-date: /ros2_ws/install/moveit_core/include/moveit/collision_detection/allvalid
[2.861s] -- Up-to-date: /ros2_ws/install/moveit_core/include/moveit/collision_detection/allvalid/collision_env_allvalid.h
[2.861s] -- Up-to-date: /ros2_ws/install/moveit_core/include/moveit/collision_detection/allvalid/collision_detector_allocator_allvalid.h
[2.861s] -- Up-to-date: /ros2_ws/install/moveit_core/include/moveit/collision_detection/collision_plugin.h
[2.861s] -- Up-to-date: /ros2_ws/install/moveit_core/include/moveit/collision_detection/world_diff.h
[2.861s] -- Up-to-date: /ros2_ws/install/moveit_core/include/moveit/collision_detection/collision_matrix.h
[2.861s] -- Up-to-date: /ros2_ws/install/moveit_core/include/moveit/collision_detection/occupancy_map.h
[2.862s] -- Up-to-date: /ros2_ws/install/moveit_core/include/moveit/collision_detection/test_collision_common_pr2.h
[2.862s] -- Up-to-date: /ros2_ws/install/moveit_core/include/moveit/collision_detection/collision_detector_allocator.h
[2.862s] -- Up-to-date: /ros2_ws/install/moveit_core/include/moveit/collision_detection/collision_common.h
[2.862s] -- Up-to-date: /ros2_ws/install/moveit_core/include/moveit_collision_detection_export.h
[2.862s] -- Up-to-date: /ros2_ws/install/moveit_core/include
[2.862s] -- Up-to-date: /ros2_ws/install/moveit_core/include/moveit
[2.862s] -- Up-to-date: /ros2_ws/install/moveit_core/include/moveit/collision_detection_bullet
[2.862s] -- Up-to-date: /ros2_ws/install/moveit_core/include/moveit/collision_detection_bullet/collision_detector_bullet_plugin_loader.h
[2.862s] -- Up-to-date: /ros2_ws/install/moveit_core/include/moveit/collision_detection_bullet/bullet_integration
[2.862s] -- Up-to-date: /ros2_ws/install/moveit_core/include/moveit/collision_detection_bullet/bullet_integration/bullet_cast_bvh_manager.h
[2.862s] -- Up-to-date: /ros2_ws/install/moveit_core/include/moveit/collision_detection_bullet/bullet_integration/basic_types.h
[2.862s] -- Up-to-date: /ros2_ws/install/moveit_core/include/moveit/collision_detection_bullet/bullet_integration/ros_bullet_utils.h
[2.862s] -- Up-to-date: /ros2_ws/install/moveit_core/include/moveit/collision_detection_bullet/bullet_integration/bullet_discrete_bvh_manager.h
[2.862s] -- Up-to-date: /ros2_ws/install/moveit_core/include/moveit/collision_detection_bullet/bullet_integration/contact_checker_common.h
[2.863s] -- Up-to-date: /ros2_ws/install/moveit_core/include/moveit/collision_detection_bullet/bullet_integration/bullet_utils.h
[2.863s] -- Up-to-date: /ros2_ws/install/moveit_core/include/moveit/collision_detection_bullet/bullet_integration/bullet_bvh_manager.h
[2.863s] -- Up-to-date: /ros2_ws/install/moveit_core/include/moveit/collision_detection_bullet/collision_env_bullet.h
[2.863s] -- Up-to-date: /ros2_ws/install/moveit_core/include/moveit/collision_detection_bullet/collision_detector_allocator_bullet.h
[2.863s] -- Up-to-date: /ros2_ws/install/moveit_core/include/moveit_collision_detection_bullet_export.h
[2.863s] -- Up-to-date: /ros2_ws/install/moveit_core/include
[2.863s] -- Up-to-date: /ros2_ws/install/moveit_core/include/moveit
[2.863s] -- Up-to-date: /ros2_ws/install/moveit_core/include/moveit/collision_detection_fcl
[2.863s] -- Up-to-date: /ros2_ws/install/moveit_core/include/moveit/collision_detection_fcl/fcl_compat.h
[2.863s] -- Up-to-date: /ros2_ws/install/moveit_core/include/moveit/collision_detection_fcl/collision_detector_fcl_plugin_loader.h
[2.863s] -- Up-to-date: /ros2_ws/install/moveit_core/include/moveit/collision_detection_fcl/collision_env_fcl.h
[2.863s] -- Up-to-date: /ros2_ws/install/moveit_core/include/moveit/collision_detection_fcl/collision_detector_allocator_fcl.h
[2.863s] -- Up-to-date: /ros2_ws/install/moveit_core/include/moveit/collision_detection_fcl/collision_common.h
[2.863s] -- Up-to-date: /ros2_ws/install/moveit_core/include/moveit_collision_detection_fcl_export.h
[2.864s] -- Up-to-date: /ros2_ws/install/moveit_core/lib/libcollision_detector_bullet_plugin.so.2.5.7
[2.864s] -- Up-to-date: /ros2_ws/install/moveit_core/lib/libcollision_detector_bullet_plugin.so
[2.864s] -- Up-to-date: /ros2_ws/install/moveit_core/lib/libmoveit_butterworth_filter.so.2.5.7
[2.864s] -- Up-to-date: /ros2_ws/install/moveit_core/lib/libmoveit_butterworth_filter.so
[2.865s] -- Up-to-date: /ros2_ws/install/moveit_core/lib/libmoveit_collision_distance_field.so.2.5.7
[2.866s] -- Up-to-date: /ros2_ws/install/moveit_core/lib/libmoveit_collision_distance_field.so
[2.866s] -- Up-to-date: /ros2_ws/install/moveit_core/lib/libmoveit_collision_detection.so.2.5.7
[2.866s] -- Up-to-date: /ros2_ws/install/moveit_core/lib/libmoveit_collision_detection.so
[2.866s] -- Up-to-date: /ros2_ws/install/moveit_core/lib/libmoveit_collision_detection_fcl.so.2.5.7
[2.867s] -- Up-to-date: /ros2_ws/install/moveit_core/lib/libmoveit_collision_detection_fcl.so
[2.867s] -- Up-to-date: /ros2_ws/install/moveit_core/lib/libmoveit_collision_detection_bullet.so.2.5.7
[2.868s] -- Up-to-date: /ros2_ws/install/moveit_core/lib/libmoveit_collision_detection_bullet.so
[2.868s] -- Up-to-date: /ros2_ws/install/moveit_core/lib/libmoveit_dynamics_solver.so.2.5.7
[2.868s] -- Up-to-date: /ros2_ws/install/moveit_core/lib/libmoveit_dynamics_solver.so
[2.868s] -- Up-to-date: /ros2_ws/install/moveit_core/lib/libmoveit_constraint_samplers.so.2.5.7
[2.868s] -- Up-to-date: /ros2_ws/install/moveit_core/lib/libmoveit_constraint_samplers.so
[2.870s] -- Up-to-date: /ros2_ws/install/moveit_core/lib/libmoveit_distance_field.so.2.5.7
[2.870s] -- Up-to-date: /ros2_ws/install/moveit_core/lib/libmoveit_distance_field.so
[2.870s] -- Up-to-date: /ros2_ws/install/moveit_core/lib/libmoveit_exceptions.so.2.5.7
[2.870s] -- Up-to-date: /ros2_ws/install/moveit_core/lib/libmoveit_exceptions.so
[2.870s] -- Up-to-date: /ros2_ws/install/moveit_core/lib/libmoveit_kinematics_base.so
[2.871s] -- Up-to-date: /ros2_ws/install/moveit_core/lib/libmoveit_kinematic_constraints.so.2.5.7
[2.871s] -- Up-to-date: /ros2_ws/install/moveit_core/lib/libmoveit_kinematic_constraints.so
[2.871s] -- Up-to-date: /ros2_ws/install/moveit_core/lib/libmoveit_kinematics_metrics.so.2.5.7
[2.871s] -- Up-to-date: /ros2_ws/install/moveit_core/lib/libmoveit_kinematics_metrics.so
[2.871s] -- Up-to-date: /ros2_ws/install/moveit_core/lib/libmoveit_planning_interface.so.2.5.7
[2.872s] -- Up-to-date: /ros2_ws/install/moveit_core/lib/libmoveit_planning_interface.so
[2.872s] -- Up-to-date: /ros2_ws/install/moveit_core/lib/libmoveit_planning_scene.so.2.5.7
[2.872s] -- Up-to-date: /ros2_ws/install/moveit_core/lib/libmoveit_planning_scene.so
[2.872s] -- Up-to-date: /ros2_ws/install/moveit_core/lib/libmoveit_planning_request_adapter.so.2.5.7
[2.873s] -- Up-to-date: /ros2_ws/install/moveit_core/lib/libmoveit_planning_request_adapter.so
[2.873s] -- Up-to-date: /ros2_ws/install/moveit_core/lib/libmoveit_robot_model.so.2.5.7
[2.873s] -- Up-to-date: /ros2_ws/install/moveit_core/lib/libmoveit_robot_model.so
[2.873s] -- Up-to-date: /ros2_ws/install/moveit_core/lib/libmoveit_robot_state.so.2.5.7
[2.874s] -- Up-to-date: /ros2_ws/install/moveit_core/lib/libmoveit_robot_state.so
[2.874s] -- Up-to-date: /ros2_ws/install/moveit_core/lib/libmoveit_robot_trajectory.so.2.5.7
[2.874s] -- Up-to-date: /ros2_ws/install/moveit_core/lib/libmoveit_robot_trajectory.so
[2.874s] -- Up-to-date: /ros2_ws/install/moveit_core/lib/libmoveit_smoothing_base.so.2.5.7
[2.874s] -- Up-to-date: /ros2_ws/install/moveit_core/lib/libmoveit_smoothing_base.so
[2.875s] -- Up-to-date: /ros2_ws/install/moveit_core/lib/libmoveit_test_utils.so.2.5.7
[2.875s] -- Up-to-date: /ros2_ws/install/moveit_core/lib/libmoveit_test_utils.so
[2.876s] -- Up-to-date: /ros2_ws/install/moveit_core/lib/libmoveit_trajectory_processing.so.2.5.7
[2.876s] -- Up-to-date: /ros2_ws/install/moveit_core/lib/libmoveit_trajectory_processing.so
[2.876s] -- Up-to-date: /ros2_ws/install/moveit_core/lib/libmoveit_transforms.so.2.5.7
[2.876s] -- Up-to-date: /ros2_ws/install/moveit_core/lib/libmoveit_transforms.so
[2.876s] -- Up-to-date: /ros2_ws/install/moveit_core/lib/libmoveit_utils.so.2.5.7
[2.876s] -- Up-to-date: /ros2_ws/install/moveit_core/lib/libmoveit_utils.so
[2.877s] -- Up-to-date: /ros2_ws/install/moveit_core/share/moveit_core/environment/library_path.sh
[2.877s] -- Up-to-date: /ros2_ws/install/moveit_core/share/moveit_core/environment/library_path.dsv
[2.877s] -- Up-to-date: /ros2_ws/install/moveit_core/share/moveit_core/collision_detector_fcl_description.xml
[2.877s] -- Up-to-date: /ros2_ws/install/moveit_core/share/moveit_core/collision_detector_bullet_description.xml
[2.877s] -- Up-to-date: /ros2_ws/install/moveit_core/share/moveit_core/filter_plugin_butterworth.xml
[2.877s] -- Up-to-date: /ros2_ws/install/moveit_core/share/ament_index/resource_index/package_run_dependencies/moveit_core
[2.877s] -- Up-to-date: /ros2_ws/install/moveit_core/share/ament_index/resource_index/parent_prefix_path/moveit_core
[2.877s] -- Up-to-date: /ros2_ws/install/moveit_core/share/moveit_core/environment/ament_prefix_path.sh
[2.877s] -- Up-to-date: /ros2_ws/install/moveit_core/share/moveit_core/environment/ament_prefix_path.dsv
[2.877s] -- Up-to-date: /ros2_ws/install/moveit_core/share/moveit_core/environment/path.sh
[2.878s] -- Up-to-date: /ros2_ws/install/moveit_core/share/moveit_core/environment/path.dsv
[2.878s] -- Up-to-date: /ros2_ws/install/moveit_core/share/moveit_core/local_setup.bash
[2.878s] -- Up-to-date: /ros2_ws/install/moveit_core/share/moveit_core/local_setup.sh
[2.878s] -- Up-to-date: /ros2_ws/install/moveit_core/share/moveit_core/local_setup.zsh
[2.878s] -- Up-to-date: /ros2_ws/install/moveit_core/share/moveit_core/local_setup.dsv
[2.878s] -- Installing: /ros2_ws/install/moveit_core/share/moveit_core/package.dsv
[2.878s] -- Up-to-date: /ros2_ws/install/moveit_core/share/ament_index/resource_index/packages/moveit_core
[2.878s] -- Up-to-date: /ros2_ws/install/moveit_core/share/ament_index/resource_index/moveit_core__pluginlib__plugin/moveit_core
[2.880s] -- Up-to-date: /ros2_ws/install/moveit_core/share/moveit_core/cmake/export_moveit_coreExport.cmake
[2.880s] -- Up-to-date: /ros2_ws/install/moveit_core/share/moveit_core/cmake/export_moveit_coreExport-release.cmake
[2.880s] -- Up-to-date: /ros2_ws/install/moveit_core/share/moveit_core/cmake/ConfigExtras.cmake
[2.880s] -- Up-to-date: /ros2_ws/install/moveit_core/share/moveit_core/cmake/ament_cmake_export_targets-extras.cmake
[2.881s] -- Up-to-date: /ros2_ws/install/moveit_core/share/moveit_core/cmake/ament_cmake_export_dependencies-extras.cmake
[2.881s] -- Up-to-date: /ros2_ws/install/moveit_core/share/moveit_core/cmake/moveit_coreConfig.cmake
[2.881s] -- Up-to-date: /ros2_ws/install/moveit_core/share/moveit_core/cmake/moveit_coreConfig-version.cmake
[2.881s] -- Up-to-date: /ros2_ws/install/moveit_core/share/moveit_core/package.xml
[2.882s] Invoked command in '/ros2_ws/build/moveit_core' returned '0': CMAKE_PREFIX_PATH=/ros2_ws/install/moveit_resources_panda_moveit_config:/ros2_ws/install/srdfdom:/ros2_ws/install/moveit_resources_pr2_description:/ros2_ws/install/moveit_resources_panda_description:/ros2_ws/install/moveit_common:/ros2_ws/install/ur:/ros2_ws/install/ur_calibration:/ros2_ws/install/ur_robot_driver:/ros2_ws/install/ur_bringup:/ros2_ws/install/ur_controllers:/ros2_ws/install/ur_msgs:/ros2_ws/install/ur_moveit_config:/ros2_ws/install/ur_dashboard_msgs:/ros2_ws/install/pilz_industrial_motion_planner_testutils:/ros2_ws/install/moveit_runtime:/ros2_ws/install/moveit2_tutorials:/ros2_ws/install/moveit:/ros2_ws/install/moveit_planners:/ros2_ws/install/pilz_industrial_motion_planner:/ros2_ws/install/moveit_visual_tools:/ros2_ws/install/moveit_task_constructor_visualization:/ros2_ws/install/moveit_task_constructor_demo:/ros2_ws/install/moveit_task_constructor_capabilities:/ros2_ws/install/moveit_task_constructor_core:/ros2_ws/install/moveit_ros_control_interface:/ros2_ws/install/moveit_plugins:/ros2_ws/install/moveit_simple_controller_manager:/ros2_ws/install/moveit_setup_assistant:/ros2_ws/install/moveit_setup_srdf_plugins:/ros2_ws/install/moveit_setup_core_plugins:/ros2_ws/install/moveit_setup_controllers:/ros2_ws/install/moveit_setup_app_plugins:/ros2_ws/install/moveit_setup_framework:/ros2_ws/install/moveit_servo:/ros2_ws/install/moveit_ros:/ros2_ws/install/moveit_ros_visualization:/ros2_ws/install/moveit_hybrid_planning:/ros2_ws/install/moveit_ros_planning_interface:/ros2_ws/install/moveit_ros_benchmarks:/ros2_ws/install/moveit_ros_warehouse:/ros2_ws/install/moveit_ros_robot_interaction:/ros2_ws/install/moveit_ros_perception:/ros2_ws/install/moveit_resources_prbt_pg70_support:/ros2_ws/install/moveit_resources_prbt_moveit_config:/ros2_ws/install/moveit_ros_move_group:/ros2_ws/install/moveit_planners_ompl:/ros2_ws/install/moveit_ros_planning:/ros2_ws/install/moveit_ros_occupancy_map_monitor:/ros2_ws/install/moveit_resources_prbt_ikfast_manipulator_plugin:/ros2_ws/install/moveit_planners_chomp:/ros2_ws/install/moveit_kinematics:/ros2_ws/install/moveit_chomp_optimizer_adapter:/ros2_ws/install/chomp_motion_planner:/ros2_ws/install/moveit_core:/ros2_ws/install/rviz_marker_tools:/ros2_ws/install/rosparam_shortcuts:/ros2_ws/install/moveit_task_constructor_msgs:/ros2_ws/install/moveit_resources_prbt_support:/ros2_ws/install/moveit_resources:/ros2_ws/install/moveit_resources_fanuc_moveit_config:/ros2_ws/install/moveit_resources_fanuc_description:/ros2_ws/install/moveit_configs_utils:/ros2_ws/install/launch_param_builder:/opt/ros/humble LD_LIBRARY_PATH=/ros2_ws/install/srdfdom/lib:/ros2_ws/install/ur_robot_driver/lib:/ros2_ws/install/ur_controllers/lib:/ros2_ws/install/ur_msgs/lib:/ros2_ws/install/ur_dashboard_msgs/lib:/ros2_ws/install/pilz_industrial_motion_planner_testutils/lib:/ros2_ws/install/pilz_industrial_motion_planner/lib:/ros2_ws/install/moveit_visual_tools/lib:/ros2_ws/install/moveit_task_constructor_visualization/lib:/ros2_ws/install/moveit_task_constructor_demo/lib:/ros2_ws/install/moveit_task_constructor_capabilities/lib:/ros2_ws/install/moveit_task_constructor_core/lib:/ros2_ws/install/moveit_ros_control_interface/lib:/ros2_ws/install/moveit_simple_controller_manager/lib:/ros2_ws/install/moveit_setup_assistant/lib:/ros2_ws/install/moveit_setup_srdf_plugins/lib:/ros2_ws/install/moveit_setup_core_plugins/lib:/ros2_ws/install/moveit_setup_controllers/lib:/ros2_ws/install/moveit_setup_app_plugins/lib:/ros2_ws/install/moveit_setup_framework/lib:/ros2_ws/install/moveit_servo/lib:/ros2_ws/install/moveit_ros_visualization/lib:/ros2_ws/install/moveit_hybrid_planning/lib:/ros2_ws/install/moveit_ros_planning_interface/lib:/ros2_ws/install/moveit_ros_benchmarks/lib:/ros2_ws/install/moveit_ros_warehouse/lib:/ros2_ws/install/moveit_ros_robot_interaction/lib:/ros2_ws/install/moveit_ros_perception/lib:/ros2_ws/install/moveit_ros_move_group/lib:/ros2_ws/install/moveit_planners_ompl/lib:/ros2_ws/install/moveit_ros_planning/lib:/ros2_ws/install/moveit_ros_occupancy_map_monitor/lib:/ros2_ws/install/moveit_resources_prbt_ikfast_manipulator_plugin/lib:/ros2_ws/install/moveit_planners_chomp/lib:/ros2_ws/install/moveit_kinematics/lib:/ros2_ws/install/moveit_chomp_optimizer_adapter/lib:/ros2_ws/install/chomp_motion_planner/lib:/ros2_ws/install/moveit_core/lib:/ros2_ws/install/rviz_marker_tools/lib:/ros2_ws/install/rosparam_shortcuts/lib:/ros2_ws/install/moveit_task_constructor_msgs/lib:/usr/lib/x86_64-linux-gnu/gazebo-11/plugins:/opt/ros/humble/opt/rviz_ogre_vendor/lib:/opt/ros/humble/lib/x86_64-linux-gnu:/opt/ros/humble/lib /usr/bin/cmake --install /ros2_ws/build/moveit_core
