[0.061s] Invoking command in '/ros2_ws/build/moveit_core': AMENT_PREFIX_PATH=/ros2_ws/install/moveit_resources_panda_moveit_config:/ros2_ws/install/srdfdom:/ros2_ws/install/moveit_resources_pr2_description:/ros2_ws/install/moveit_resources_panda_description:/ros2_ws/install/moveit_common:${AMENT_PREFIX_PATH} CMAKE_PREFIX_PATH=/ros2_ws/install/moveit_resources_panda_moveit_config:/ros2_ws/install/srdfdom:/ros2_ws/install/moveit_resources_pr2_description:/ros2_ws/install/moveit_resources_panda_description:/ros2_ws/install/moveit_common:/opt/ros/humble LD_LIBRARY_PATH=/ros2_ws/install/srdfdom/lib:${LD_LIBRARY_PATH} PYTHONPATH=/ros2_ws/install/srdfdom/local/lib/python3.10/dist-packages:${PYTHONPATH} /usr/bin/cmake --build /ros2_ws/build/moveit_core -- -j8 -l8
[0.254s] [  1%] Built target moveit_exceptions
[0.256s] [  2%] Built target gtest
[0.260s] [  3%] Built target gtest_main
[0.262s] [  5%] Built target moveit_utils
[0.263s] [  7%] Built target gmock
[0.275s] [  8%] Built target moveit_transforms
[0.275s] [  9%] Built target moveit_kinematics_base
[0.319s] [ 11%] Built target moveit_distance_field
[0.334s] [ 12%] Built target gmock_main
[0.346s] [ 13%] Built target moveit_butterworth_parameters
[0.372s] [ 14%] Built target moveit_smoothing_base
[0.397s] [ 16%] Built target moveit_version
[0.401s] [ 17%] Built target test_transforms
[0.414s] [ 24%] Built target moveit_robot_model
[0.415s] [ 25%] Built target test_voxel_grid
[0.415s] [ 26%] Built target test_distance_field
[0.451s] [ 27%] Built target moveit_butterworth_filter
[0.453s] [ 28%] Built target moveit_test_utils
[0.462s] [ 31%] Built target moveit_robot_state
[0.526s] [ 33%] Built target moveit_dynamics_solver
[0.543s] [ 34%] Built target test_robot_model
[0.544s] [ 35%] Built target test_butterworth_filter
[0.550s] [ 36%] Built target moveit_kinematics_metrics
[0.550s] [ 37%] Built target moveit_robot_trajectory
[0.550s] [ 38%] Built target test_robot_state_benchmark
[0.556s] [ 40%] Built target test_robot_state
[0.582s] [ 46%] Built target moveit_collision_detection
[0.595s] [ 47%] Built target test_robot_state_complex
[0.631s] [ 48%] Built target test_aabb
[0.631s] [ 49%] Built target test_cartesian_interpolator
[0.637s] [ 53%] Built target moveit_trajectory_processing
[0.639s] [ 55%] Built target moveit_planning_interface
[0.651s] [ 56%] Built target test_robot_trajectory
[0.667s] [ 57%] Built target test_world
[0.669s] [ 59%] Built target test_world_diff
[0.702s] [ 61%] Built target moveit_collision_detection_fcl
[0.722s] [ 62%] Built target test_all_valid
[0.743s] [ 63%] Built target test_time_parameterization
[0.743s] [ 68%] Built target moveit_collision_detection_bullet
[0.743s] [ 70%] Built target test_time_optimal_trajectory_generation
[0.754s] [ 71%] Built target test_ruckig_traj_smoothing
[0.762s] [ 73%] Built target moveit_kinematic_constraints
[0.776s] [ 75%] Built target test_fcl_collision_env
[0.793s] [ 76%] Built target test_fcl_collision_detection_panda
[0.794s] [ 77%] Built target test_fcl_collision_detection
[0.817s] [ 78%] Built target test_bullet_collision_detection
[0.820s] [ 79%] Built target test_bullet_collision_detection_panda
[0.829s] [ 81%] Built target test_bullet_continuous_collision_checking
[0.830s] [ 82%] Built target test_constraints
[0.837s] [ 83%] Built target test_orientation_constraints
[0.845s] [ 84%] Built target moveit_planning_scene
[0.920s] [ 85%] Built target collision_detector_bullet_plugin
[0.920s] [ 86%] Built target test_planning_scene
[0.920s] [ 87%] Built target test_multi_threaded
[0.920s] [ 88%] Built target moveit_planning_request_adapter
[0.926s] [ 91%] Built target moveit_constraint_samplers
[0.926s] [ 92%] Built target test_collision_objects
[0.928s] [ 93%] Built target collision_detector_fcl_plugin
[0.935s] [ 96%] Built target moveit_collision_distance_field
[0.989s] [ 99%] Built target test_constraint_samplers
[0.997s] [100%] Built target test_collision_distance_field
[1.014s] Invoked command in '/ros2_ws/build/moveit_core' returned '0': AMENT_PREFIX_PATH=/ros2_ws/install/moveit_resources_panda_moveit_config:/ros2_ws/install/srdfdom:/ros2_ws/install/moveit_resources_pr2_description:/ros2_ws/install/moveit_resources_panda_description:/ros2_ws/install/moveit_common:${AMENT_PREFIX_PATH} CMAKE_PREFIX_PATH=/ros2_ws/install/moveit_resources_panda_moveit_config:/ros2_ws/install/srdfdom:/ros2_ws/install/moveit_resources_pr2_description:/ros2_ws/install/moveit_resources_panda_description:/ros2_ws/install/moveit_common:/opt/ros/humble LD_LIBRARY_PATH=/ros2_ws/install/srdfdom/lib:${LD_LIBRARY_PATH} PYTHONPATH=/ros2_ws/install/srdfdom/local/lib/python3.10/dist-packages:${PYTHONPATH} /usr/bin/cmake --build /ros2_ws/build/moveit_core -- -j8 -l8
[1.016s] Invoking command in '/ros2_ws/build/moveit_core': AMENT_PREFIX_PATH=/ros2_ws/install/moveit_resources_panda_moveit_config:/ros2_ws/install/srdfdom:/ros2_ws/install/moveit_resources_pr2_description:/ros2_ws/install/moveit_resources_panda_description:/ros2_ws/install/moveit_common:${AMENT_PREFIX_PATH} CMAKE_PREFIX_PATH=/ros2_ws/install/moveit_resources_panda_moveit_config:/ros2_ws/install/srdfdom:/ros2_ws/install/moveit_resources_pr2_description:/ros2_ws/install/moveit_resources_panda_description:/ros2_ws/install/moveit_common:/opt/ros/humble LD_LIBRARY_PATH=/ros2_ws/install/srdfdom/lib:${LD_LIBRARY_PATH} PYTHONPATH=/ros2_ws/install/srdfdom/local/lib/python3.10/dist-packages:${PYTHONPATH} /usr/bin/cmake --install /ros2_ws/build/moveit_core
[1.024s] -- Install configuration: "Release"
[1.024s] -- Up-to-date: /ros2_ws/install/moveit_core/include/moveit/version.h
[1.024s] -- Up-to-date: /ros2_ws/install/moveit_core/include
[1.025s] -- Up-to-date: /ros2_ws/install/moveit_core/include/moveit
[1.025s] -- Up-to-date: /ros2_ws/install/moveit_core/include/moveit/collision_distance_field
[1.025s] -- Up-to-date: /ros2_ws/install/moveit_core/include/moveit/collision_distance_field/collision_env_hybrid.h
[1.025s] -- Up-to-date: /ros2_ws/install/moveit_core/include/moveit/collision_distance_field/collision_distance_field_types.h
[1.025s] -- Up-to-date: /ros2_ws/install/moveit_core/include/moveit/collision_distance_field/collision_env_distance_field.h
[1.026s] -- Up-to-date: /ros2_ws/install/moveit_core/include/moveit/collision_distance_field/collision_detector_allocator_distance_field.h
[1.026s] -- Up-to-date: /ros2_ws/install/moveit_core/include/moveit/collision_distance_field/collision_common_distance_field.h
[1.026s] -- Up-to-date: /ros2_ws/install/moveit_core/include/moveit/collision_distance_field/collision_detector_allocator_hybrid.h
[1.026s] -- Up-to-date: /ros2_ws/install/moveit_core/include/moveit_collision_distance_field_export.h
[1.026s] -- Up-to-date: /ros2_ws/install/moveit_core/include
[1.026s] -- Up-to-date: /ros2_ws/install/moveit_core/include/moveit
[1.026s] -- Up-to-date: /ros2_ws/install/moveit_core/include/moveit/constraint_samplers
[1.026s] -- Up-to-date: /ros2_ws/install/moveit_core/include/moveit/constraint_samplers/constraint_sampler_tools.h
[1.026s] -- Up-to-date: /ros2_ws/install/moveit_core/include/moveit/constraint_samplers/constraint_sampler_allocator.h
[1.026s] -- Up-to-date: /ros2_ws/install/moveit_core/include/moveit/constraint_samplers/constraint_sampler.h
[1.026s] -- Up-to-date: /ros2_ws/install/moveit_core/include/moveit/constraint_samplers/constraint_sampler_manager.h
[1.026s] -- Up-to-date: /ros2_ws/install/moveit_core/include/moveit/constraint_samplers/default_constraint_samplers.h
[1.027s] -- Up-to-date: /ros2_ws/install/moveit_core/include/moveit/constraint_samplers/union_constraint_sampler.h
[1.027s] -- Up-to-date: /ros2_ws/install/moveit_core/include
[1.027s] -- Up-to-date: /ros2_ws/install/moveit_core/include/moveit
[1.027s] -- Up-to-date: /ros2_ws/install/moveit_core/include/moveit/controller_manager
[1.027s] -- Up-to-date: /ros2_ws/install/moveit_core/include/moveit/controller_manager/controller_manager.h
[1.027s] -- Up-to-date: /ros2_ws/install/moveit_core/include
[1.027s] -- Up-to-date: /ros2_ws/install/moveit_core/include/moveit
[1.027s] -- Up-to-date: /ros2_ws/install/moveit_core/include/moveit/distance_field
[1.027s] -- Up-to-date: /ros2_ws/install/moveit_core/include/moveit/distance_field/voxel_grid.h
[1.028s] -- Up-to-date: /ros2_ws/install/moveit_core/include/moveit/distance_field/propagation_distance_field.h
[1.028s] -- Up-to-date: /ros2_ws/install/moveit_core/include/moveit/distance_field/distance_field.h
[1.028s] -- Up-to-date: /ros2_ws/install/moveit_core/include/moveit/distance_field/find_internal_points.h
[1.028s] -- Up-to-date: /ros2_ws/install/moveit_core/include
[1.028s] -- Up-to-date: /ros2_ws/install/moveit_core/include/moveit
[1.028s] -- Up-to-date: /ros2_ws/install/moveit_core/include/moveit/dynamics_solver
[1.029s] -- Up-to-date: /ros2_ws/install/moveit_core/include/moveit/dynamics_solver/dynamics_solver.h
[1.029s] -- Up-to-date: /ros2_ws/install/moveit_core/include
[1.029s] -- Up-to-date: /ros2_ws/install/moveit_core/include/moveit
[1.029s] -- Up-to-date: /ros2_ws/install/moveit_core/include/moveit/exceptions
[1.030s] -- Up-to-date: /ros2_ws/install/moveit_core/include/moveit/exceptions/exceptions.h
[1.030s] -- Up-to-date: /ros2_ws/install/moveit_core/include
[1.030s] -- Up-to-date: /ros2_ws/install/moveit_core/include/moveit
[1.030s] -- Up-to-date: /ros2_ws/install/moveit_core/include/moveit/kinematics_base
[1.030s] -- Up-to-date: /ros2_ws/install/moveit_core/include/moveit/kinematics_base/kinematics_base.h
[1.030s] -- Up-to-date: /ros2_ws/install/moveit_core/include/moveit_kinematics_base_export.h
[1.031s] -- Up-to-date: /ros2_ws/install/moveit_core/include
[1.031s] -- Up-to-date: /ros2_ws/install/moveit_core/include/moveit
[1.031s] -- Up-to-date: /ros2_ws/install/moveit_core/include/moveit/kinematic_constraints
[1.031s] -- Up-to-date: /ros2_ws/install/moveit_core/include/moveit/kinematic_constraints/kinematic_constraint.h
[1.031s] -- Up-to-date: /ros2_ws/install/moveit_core/include/moveit/kinematic_constraints/utils.h
[1.031s] -- Up-to-date: /ros2_ws/install/moveit_core/include
[1.031s] -- Up-to-date: /ros2_ws/install/moveit_core/include/moveit
[1.031s] -- Up-to-date: /ros2_ws/install/moveit_core/include/moveit/kinematics_metrics
[1.032s] -- Up-to-date: /ros2_ws/install/moveit_core/include/moveit/kinematics_metrics/kinematics_metrics.h
[1.032s] -- Up-to-date: /ros2_ws/install/moveit_core/include
[1.032s] -- Up-to-date: /ros2_ws/install/moveit_core/include/moveit
[1.032s] -- Up-to-date: /ros2_ws/install/moveit_core/include/moveit/macros
[1.032s] -- Up-to-date: /ros2_ws/install/moveit_core/include/moveit/macros/declare_ptr.h
[1.032s] -- Up-to-date: /ros2_ws/install/moveit_core/include/moveit/macros/console_colors.h
[1.032s] -- Up-to-date: /ros2_ws/install/moveit_core/include/moveit/macros/class_forward.h
[1.033s] -- Up-to-date: /ros2_ws/install/moveit_core/include/moveit/macros/deprecation.h
[1.033s] -- Up-to-date: /ros2_ws/install/moveit_core/include/moveit_butterworth_parameters
[1.033s] -- Up-to-date: /ros2_ws/install/moveit_core/include/moveit_butterworth_parameters/moveit_butterworth_parameters.hpp
[1.033s] -- Up-to-date: /ros2_ws/install/moveit_core/include
[1.033s] -- Up-to-date: /ros2_ws/install/moveit_core/include/moveit
[1.033s] -- Up-to-date: /ros2_ws/install/moveit_core/include/moveit/online_signal_smoothing
[1.033s] -- Up-to-date: /ros2_ws/install/moveit_core/include/moveit/online_signal_smoothing/butterworth_filter.h
[1.033s] -- Up-to-date: /ros2_ws/install/moveit_core/include/moveit/online_signal_smoothing/smoothing_base_class.h
[1.034s] -- Up-to-date: /ros2_ws/install/moveit_core/include/moveit_smoothing_base_export.h
[1.034s] -- Up-to-date: /ros2_ws/install/moveit_core/include/moveit_butterworth_filter_export.h
[1.034s] -- Up-to-date: /ros2_ws/install/moveit_core/include
[1.034s] -- Up-to-date: /ros2_ws/install/moveit_core/include/moveit
[1.034s] -- Up-to-date: /ros2_ws/install/moveit_core/include/moveit/planning_interface
[1.034s] -- Up-to-date: /ros2_ws/install/moveit_core/include/moveit/planning_interface/planning_interface.h
[1.034s] -- Up-to-date: /ros2_ws/install/moveit_core/include/moveit/planning_interface/planning_request.h
[1.034s] -- Up-to-date: /ros2_ws/install/moveit_core/include/moveit/planning_interface/planning_response.h
[1.035s] -- Up-to-date: /ros2_ws/install/moveit_core/include
[1.035s] -- Up-to-date: /ros2_ws/install/moveit_core/include/moveit
[1.035s] -- Up-to-date: /ros2_ws/install/moveit_core/include/moveit/planning_request_adapter
[1.035s] -- Up-to-date: /ros2_ws/install/moveit_core/include/moveit/planning_request_adapter/planning_request_adapter.h
[1.035s] -- Up-to-date: /ros2_ws/install/moveit_core/include
[1.035s] -- Up-to-date: /ros2_ws/install/moveit_core/include/moveit
[1.035s] -- Up-to-date: /ros2_ws/install/moveit_core/include/moveit/planning_scene
[1.036s] -- Up-to-date: /ros2_ws/install/moveit_core/include/moveit/planning_scene/planning_scene.h
[1.036s] -- Up-to-date: /ros2_ws/install/moveit_core/include/moveit_planning_scene_export.h
[1.036s] -- Up-to-date: /ros2_ws/install/moveit_core/include
[1.036s] -- Up-to-date: /ros2_ws/install/moveit_core/include/moveit
[1.036s] -- Up-to-date: /ros2_ws/install/moveit_core/include/moveit/robot_model
[1.036s] -- Up-to-date: /ros2_ws/install/moveit_core/include/moveit/robot_model/planar_joint_model.h
[1.036s] -- Up-to-date: /ros2_ws/install/moveit_core/include/moveit/robot_model/robot_model.h
[1.036s] -- Up-to-date: /ros2_ws/install/moveit_core/include/moveit/robot_model/revolute_joint_model.h
[1.036s] -- Up-to-date: /ros2_ws/install/moveit_core/include/moveit/robot_model/fixed_joint_model.h
[1.037s] -- Up-to-date: /ros2_ws/install/moveit_core/include/moveit/robot_model/link_model.h
[1.037s] -- Up-to-date: /ros2_ws/install/moveit_core/include/moveit/robot_model/joint_model_group.h
[1.037s] -- Up-to-date: /ros2_ws/install/moveit_core/include/moveit/robot_model/aabb.h
[1.037s] -- Up-to-date: /ros2_ws/install/moveit_core/include/moveit/robot_model/joint_model.h
[1.037s] -- Up-to-date: /ros2_ws/install/moveit_core/include/moveit/robot_model/prismatic_joint_model.h
[1.037s] -- Up-to-date: /ros2_ws/install/moveit_core/include/moveit/robot_model/floating_joint_model.h
[1.037s] -- Up-to-date: /ros2_ws/install/moveit_core/include
[1.037s] -- Up-to-date: /ros2_ws/install/moveit_core/include/moveit
[1.037s] -- Up-to-date: /ros2_ws/install/moveit_core/include/moveit/robot_state
[1.038s] -- Up-to-date: /ros2_ws/install/moveit_core/include/moveit/robot_state/conversions.h
[1.038s] -- Up-to-date: /ros2_ws/install/moveit_core/include/moveit/robot_state/robot_state.h
[1.038s] -- Up-to-date: /ros2_ws/install/moveit_core/include/moveit/robot_state/attached_body.h
[1.038s] -- Up-to-date: /ros2_ws/install/moveit_core/include/moveit/robot_state/cartesian_interpolator.h
[1.038s] -- Up-to-date: /ros2_ws/install/moveit_core/include
[1.038s] -- Up-to-date: /ros2_ws/install/moveit_core/include/moveit
[1.038s] -- Up-to-date: /ros2_ws/install/moveit_core/include/moveit/robot_trajectory
[1.038s] -- Up-to-date: /ros2_ws/install/moveit_core/include/moveit/robot_trajectory/robot_trajectory.h
[1.038s] -- Up-to-date: /ros2_ws/install/moveit_core/include
[1.038s] -- Up-to-date: /ros2_ws/install/moveit_core/include/moveit
[1.038s] -- Up-to-date: /ros2_ws/install/moveit_core/include/moveit/sensor_manager
[1.038s] -- Up-to-date: /ros2_ws/install/moveit_core/include/moveit/sensor_manager/sensor_manager.h
[1.038s] -- Up-to-date: /ros2_ws/install/moveit_core/include
[1.038s] -- Up-to-date: /ros2_ws/install/moveit_core/include/moveit
[1.038s] -- Up-to-date: /ros2_ws/install/moveit_core/include/moveit/trajectory_processing
[1.038s] -- Up-to-date: /ros2_ws/install/moveit_core/include/moveit/trajectory_processing/iterative_spline_parameterization.h
[1.038s] -- Up-to-date: /ros2_ws/install/moveit_core/include/moveit/trajectory_processing/ruckig_traj_smoothing.h
[1.039s] -- Up-to-date: /ros2_ws/install/moveit_core/include/moveit/trajectory_processing/time_parameterization.h
[1.039s] -- Up-to-date: /ros2_ws/install/moveit_core/include/moveit/trajectory_processing/iterative_time_parameterization.h
[1.039s] -- Up-to-date: /ros2_ws/install/moveit_core/include/moveit/trajectory_processing/time_optimal_trajectory_generation.h
[1.039s] -- Up-to-date: /ros2_ws/install/moveit_core/include/moveit/trajectory_processing/trajectory_tools.h
[1.039s] -- Up-to-date: /ros2_ws/install/moveit_core/include
[1.039s] -- Up-to-date: /ros2_ws/install/moveit_core/include/moveit
[1.039s] -- Up-to-date: /ros2_ws/install/moveit_core/include/moveit/transforms
[1.039s] -- Up-to-date: /ros2_ws/install/moveit_core/include/moveit/transforms/transforms.h
[1.039s] -- Up-to-date: /ros2_ws/install/moveit_core/include
[1.039s] -- Up-to-date: /ros2_ws/install/moveit_core/include/moveit
[1.039s] -- Up-to-date: /ros2_ws/install/moveit_core/include/moveit/utils
[1.039s] -- Up-to-date: /ros2_ws/install/moveit_core/include/moveit/utils/moveit_error_code.h
[1.039s] -- Up-to-date: /ros2_ws/install/moveit_core/include/moveit/utils/rclcpp_utils.h
[1.039s] -- Up-to-date: /ros2_ws/install/moveit_core/include/moveit/utils/robot_model_test_utils.h
[1.040s] -- Up-to-date: /ros2_ws/install/moveit_core/include/moveit/utils/message_checks.h
[1.040s] -- Up-to-date: /ros2_ws/install/moveit_core/include/moveit/utils/lexical_casts.h
[1.040s] -- Up-to-date: /ros2_ws/install/moveit_core/bin/moveit_version
[1.040s] -- Up-to-date: /ros2_ws/install/moveit_core/include
[1.041s] -- Up-to-date: /ros2_ws/install/moveit_core/include/moveit
[1.041s] -- Up-to-date: /ros2_ws/install/moveit_core/include/moveit/collision_detection
[1.041s] -- Up-to-date: /ros2_ws/install/moveit_core/include/moveit/collision_detection/collision_plugin_cache.h
[1.041s] -- Up-to-date: /ros2_ws/install/moveit_core/include/moveit/collision_detection/test_collision_common_panda.h
[1.041s] -- Up-to-date: /ros2_ws/install/moveit_core/include/moveit/collision_detection/collision_tools.h
[1.041s] -- Up-to-date: /ros2_ws/install/moveit_core/include/moveit/collision_detection/world.h
[1.042s] -- Up-to-date: /ros2_ws/install/moveit_core/include/moveit/collision_detection/collision_env.h
[1.042s] -- Up-to-date: /ros2_ws/install/moveit_core/include/moveit/collision_detection/collision_octomap_filter.h
[1.042s] -- Up-to-date: /ros2_ws/install/moveit_core/include/moveit/collision_detection/allvalid
[1.042s] -- Up-to-date: /ros2_ws/install/moveit_core/include/moveit/collision_detection/allvalid/collision_env_allvalid.h
[1.042s] -- Up-to-date: /ros2_ws/install/moveit_core/include/moveit/collision_detection/allvalid/collision_detector_allocator_allvalid.h
[1.042s] -- Up-to-date: /ros2_ws/install/moveit_core/include/moveit/collision_detection/collision_plugin.h
[1.042s] -- Up-to-date: /ros2_ws/install/moveit_core/include/moveit/collision_detection/world_diff.h
[1.042s] -- Up-to-date: /ros2_ws/install/moveit_core/include/moveit/collision_detection/collision_matrix.h
[1.042s] -- Up-to-date: /ros2_ws/install/moveit_core/include/moveit/collision_detection/occupancy_map.h
[1.042s] -- Up-to-date: /ros2_ws/install/moveit_core/include/moveit/collision_detection/test_collision_common_pr2.h
[1.042s] -- Up-to-date: /ros2_ws/install/moveit_core/include/moveit/collision_detection/collision_detector_allocator.h
[1.042s] -- Up-to-date: /ros2_ws/install/moveit_core/include/moveit/collision_detection/collision_common.h
[1.042s] -- Up-to-date: /ros2_ws/install/moveit_core/include/moveit_collision_detection_export.h
[1.042s] -- Up-to-date: /ros2_ws/install/moveit_core/include
[1.042s] -- Up-to-date: /ros2_ws/install/moveit_core/include/moveit
[1.043s] -- Up-to-date: /ros2_ws/install/moveit_core/include/moveit/collision_detection_bullet
[1.043s] -- Up-to-date: /ros2_ws/install/moveit_core/include/moveit/collision_detection_bullet/collision_detector_bullet_plugin_loader.h
[1.043s] -- Up-to-date: /ros2_ws/install/moveit_core/include/moveit/collision_detection_bullet/bullet_integration
[1.043s] -- Up-to-date: /ros2_ws/install/moveit_core/include/moveit/collision_detection_bullet/bullet_integration/bullet_cast_bvh_manager.h
[1.043s] -- Up-to-date: /ros2_ws/install/moveit_core/include/moveit/collision_detection_bullet/bullet_integration/basic_types.h
[1.043s] -- Up-to-date: /ros2_ws/install/moveit_core/include/moveit/collision_detection_bullet/bullet_integration/ros_bullet_utils.h
[1.043s] -- Up-to-date: /ros2_ws/install/moveit_core/include/moveit/collision_detection_bullet/bullet_integration/bullet_discrete_bvh_manager.h
[1.043s] -- Up-to-date: /ros2_ws/install/moveit_core/include/moveit/collision_detection_bullet/bullet_integration/contact_checker_common.h
[1.043s] -- Up-to-date: /ros2_ws/install/moveit_core/include/moveit/collision_detection_bullet/bullet_integration/bullet_utils.h
[1.043s] -- Up-to-date: /ros2_ws/install/moveit_core/include/moveit/collision_detection_bullet/bullet_integration/bullet_bvh_manager.h
[1.043s] -- Up-to-date: /ros2_ws/install/moveit_core/include/moveit/collision_detection_bullet/collision_env_bullet.h
[1.043s] -- Up-to-date: /ros2_ws/install/moveit_core/include/moveit/collision_detection_bullet/collision_detector_allocator_bullet.h
[1.043s] -- Up-to-date: /ros2_ws/install/moveit_core/include/moveit_collision_detection_bullet_export.h
[1.043s] -- Up-to-date: /ros2_ws/install/moveit_core/include
[1.043s] -- Up-to-date: /ros2_ws/install/moveit_core/include/moveit
[1.043s] -- Up-to-date: /ros2_ws/install/moveit_core/include/moveit/collision_detection_fcl
[1.043s] -- Up-to-date: /ros2_ws/install/moveit_core/include/moveit/collision_detection_fcl/fcl_compat.h
[1.044s] -- Up-to-date: /ros2_ws/install/moveit_core/include/moveit/collision_detection_fcl/collision_detector_fcl_plugin_loader.h
[1.044s] -- Up-to-date: /ros2_ws/install/moveit_core/include/moveit/collision_detection_fcl/collision_env_fcl.h
[1.044s] -- Up-to-date: /ros2_ws/install/moveit_core/include/moveit/collision_detection_fcl/collision_detector_allocator_fcl.h
[1.044s] -- Up-to-date: /ros2_ws/install/moveit_core/include/moveit/collision_detection_fcl/collision_common.h
[1.044s] -- Up-to-date: /ros2_ws/install/moveit_core/include/moveit_collision_detection_fcl_export.h
[1.044s] -- Up-to-date: /ros2_ws/install/moveit_core/lib/libcollision_detector_bullet_plugin.so.2.5.7
[1.044s] -- Up-to-date: /ros2_ws/install/moveit_core/lib/libcollision_detector_bullet_plugin.so
[1.045s] -- Up-to-date: /ros2_ws/install/moveit_core/lib/libmoveit_butterworth_filter.so.2.5.7
[1.045s] -- Up-to-date: /ros2_ws/install/moveit_core/lib/libmoveit_butterworth_filter.so
[1.046s] -- Up-to-date: /ros2_ws/install/moveit_core/lib/libmoveit_collision_distance_field.so.2.5.7
[1.046s] -- Up-to-date: /ros2_ws/install/moveit_core/lib/libmoveit_collision_distance_field.so
[1.047s] -- Up-to-date: /ros2_ws/install/moveit_core/lib/libmoveit_collision_detection.so.2.5.7
[1.048s] -- Up-to-date: /ros2_ws/install/moveit_core/lib/libmoveit_collision_detection.so
[1.049s] -- Up-to-date: /ros2_ws/install/moveit_core/lib/libmoveit_collision_detection_fcl.so.2.5.7
[1.049s] -- Up-to-date: /ros2_ws/install/moveit_core/lib/libmoveit_collision_detection_fcl.so
[1.050s] -- Up-to-date: /ros2_ws/install/moveit_core/lib/libmoveit_collision_detection_bullet.so.2.5.7
[1.050s] -- Up-to-date: /ros2_ws/install/moveit_core/lib/libmoveit_collision_detection_bullet.so
[1.051s] -- Up-to-date: /ros2_ws/install/moveit_core/lib/libmoveit_dynamics_solver.so.2.5.7
[1.052s] -- Up-to-date: /ros2_ws/install/moveit_core/lib/libmoveit_dynamics_solver.so
[1.052s] -- Up-to-date: /ros2_ws/install/moveit_core/lib/libmoveit_constraint_samplers.so.2.5.7
[1.052s] -- Up-to-date: /ros2_ws/install/moveit_core/lib/libmoveit_constraint_samplers.so
[1.053s] -- Up-to-date: /ros2_ws/install/moveit_core/lib/libmoveit_distance_field.so.2.5.7
[1.054s] -- Up-to-date: /ros2_ws/install/moveit_core/lib/libmoveit_distance_field.so
[1.055s] -- Up-to-date: /ros2_ws/install/moveit_core/lib/libmoveit_exceptions.so.2.5.7
[1.055s] -- Up-to-date: /ros2_ws/install/moveit_core/lib/libmoveit_exceptions.so
[1.056s] -- Up-to-date: /ros2_ws/install/moveit_core/lib/libmoveit_kinematics_base.so
[1.058s] -- Up-to-date: /ros2_ws/install/moveit_core/lib/libmoveit_kinematic_constraints.so.2.5.7
[1.058s] -- Up-to-date: /ros2_ws/install/moveit_core/lib/libmoveit_kinematic_constraints.so
[1.058s] -- Up-to-date: /ros2_ws/install/moveit_core/lib/libmoveit_kinematics_metrics.so.2.5.7
[1.059s] -- Up-to-date: /ros2_ws/install/moveit_core/lib/libmoveit_kinematics_metrics.so
[1.059s] -- Up-to-date: /ros2_ws/install/moveit_core/lib/libmoveit_planning_interface.so.2.5.7
[1.059s] -- Up-to-date: /ros2_ws/install/moveit_core/lib/libmoveit_planning_interface.so
[1.060s] -- Up-to-date: /ros2_ws/install/moveit_core/lib/libmoveit_planning_scene.so.2.5.7
[1.060s] -- Up-to-date: /ros2_ws/install/moveit_core/lib/libmoveit_planning_scene.so
[1.061s] -- Up-to-date: /ros2_ws/install/moveit_core/lib/libmoveit_planning_request_adapter.so.2.5.7
[1.061s] -- Up-to-date: /ros2_ws/install/moveit_core/lib/libmoveit_planning_request_adapter.so
[1.064s] -- Up-to-date: /ros2_ws/install/moveit_core/lib/libmoveit_robot_model.so.2.5.7
[1.064s] -- Up-to-date: /ros2_ws/install/moveit_core/lib/libmoveit_robot_model.so
[1.064s] -- Up-to-date: /ros2_ws/install/moveit_core/lib/libmoveit_robot_state.so.2.5.7
[1.064s] -- Up-to-date: /ros2_ws/install/moveit_core/lib/libmoveit_robot_state.so
[1.065s] -- Up-to-date: /ros2_ws/install/moveit_core/lib/libmoveit_robot_trajectory.so.2.5.7
[1.065s] -- Up-to-date: /ros2_ws/install/moveit_core/lib/libmoveit_robot_trajectory.so
[1.065s] -- Up-to-date: /ros2_ws/install/moveit_core/lib/libmoveit_smoothing_base.so.2.5.7
[1.065s] -- Up-to-date: /ros2_ws/install/moveit_core/lib/libmoveit_smoothing_base.so
[1.067s] -- Up-to-date: /ros2_ws/install/moveit_core/lib/libmoveit_test_utils.so.2.5.7
[1.067s] -- Up-to-date: /ros2_ws/install/moveit_core/lib/libmoveit_test_utils.so
[1.067s] -- Up-to-date: /ros2_ws/install/moveit_core/lib/libmoveit_trajectory_processing.so.2.5.7
[1.068s] -- Up-to-date: /ros2_ws/install/moveit_core/lib/libmoveit_trajectory_processing.so
[1.069s] -- Up-to-date: /ros2_ws/install/moveit_core/lib/libmoveit_transforms.so.2.5.7
[1.069s] -- Up-to-date: /ros2_ws/install/moveit_core/lib/libmoveit_transforms.so
[1.070s] -- Up-to-date: /ros2_ws/install/moveit_core/lib/libmoveit_utils.so.2.5.7
[1.070s] -- Up-to-date: /ros2_ws/install/moveit_core/lib/libmoveit_utils.so
[1.070s] -- Up-to-date: /ros2_ws/install/moveit_core/share/moveit_core/environment/library_path.sh
[1.070s] -- Up-to-date: /ros2_ws/install/moveit_core/share/moveit_core/environment/library_path.dsv
[1.070s] -- Up-to-date: /ros2_ws/install/moveit_core/share/moveit_core/collision_detector_fcl_description.xml
[1.070s] -- Up-to-date: /ros2_ws/install/moveit_core/share/moveit_core/collision_detector_bullet_description.xml
[1.070s] -- Up-to-date: /ros2_ws/install/moveit_core/share/moveit_core/filter_plugin_butterworth.xml
[1.070s] -- Up-to-date: /ros2_ws/install/moveit_core/share/ament_index/resource_index/package_run_dependencies/moveit_core
[1.070s] -- Up-to-date: /ros2_ws/install/moveit_core/share/ament_index/resource_index/parent_prefix_path/moveit_core
[1.070s] -- Up-to-date: /ros2_ws/install/moveit_core/share/moveit_core/environment/ament_prefix_path.sh
[1.070s] -- Up-to-date: /ros2_ws/install/moveit_core/share/moveit_core/environment/ament_prefix_path.dsv
[1.070s] -- Up-to-date: /ros2_ws/install/moveit_core/share/moveit_core/environment/path.sh
[1.071s] -- Up-to-date: /ros2_ws/install/moveit_core/share/moveit_core/environment/path.dsv
[1.071s] -- Up-to-date: /ros2_ws/install/moveit_core/share/moveit_core/local_setup.bash
[1.071s] -- Up-to-date: /ros2_ws/install/moveit_core/share/moveit_core/local_setup.sh
[1.071s] -- Up-to-date: /ros2_ws/install/moveit_core/share/moveit_core/local_setup.zsh
[1.071s] -- Up-to-date: /ros2_ws/install/moveit_core/share/moveit_core/local_setup.dsv
[1.071s] -- Installing: /ros2_ws/install/moveit_core/share/moveit_core/package.dsv
[1.071s] -- Up-to-date: /ros2_ws/install/moveit_core/share/ament_index/resource_index/packages/moveit_core
[1.071s] -- Up-to-date: /ros2_ws/install/moveit_core/share/ament_index/resource_index/moveit_core__pluginlib__plugin/moveit_core
[1.073s] -- Up-to-date: /ros2_ws/install/moveit_core/share/moveit_core/cmake/export_moveit_coreExport.cmake
[1.073s] -- Up-to-date: /ros2_ws/install/moveit_core/share/moveit_core/cmake/export_moveit_coreExport-release.cmake
[1.073s] -- Up-to-date: /ros2_ws/install/moveit_core/share/moveit_core/cmake/ConfigExtras.cmake
[1.073s] -- Up-to-date: /ros2_ws/install/moveit_core/share/moveit_core/cmake/ament_cmake_export_targets-extras.cmake
[1.073s] -- Up-to-date: /ros2_ws/install/moveit_core/share/moveit_core/cmake/ament_cmake_export_dependencies-extras.cmake
[1.073s] -- Up-to-date: /ros2_ws/install/moveit_core/share/moveit_core/cmake/moveit_coreConfig.cmake
[1.073s] -- Up-to-date: /ros2_ws/install/moveit_core/share/moveit_core/cmake/moveit_coreConfig-version.cmake
[1.073s] -- Up-to-date: /ros2_ws/install/moveit_core/share/moveit_core/package.xml
[1.076s] Invoked command in '/ros2_ws/build/moveit_core' returned '0': AMENT_PREFIX_PATH=/ros2_ws/install/moveit_resources_panda_moveit_config:/ros2_ws/install/srdfdom:/ros2_ws/install/moveit_resources_pr2_description:/ros2_ws/install/moveit_resources_panda_description:/ros2_ws/install/moveit_common:${AMENT_PREFIX_PATH} CMAKE_PREFIX_PATH=/ros2_ws/install/moveit_resources_panda_moveit_config:/ros2_ws/install/srdfdom:/ros2_ws/install/moveit_resources_pr2_description:/ros2_ws/install/moveit_resources_panda_description:/ros2_ws/install/moveit_common:/opt/ros/humble LD_LIBRARY_PATH=/ros2_ws/install/srdfdom/lib:${LD_LIBRARY_PATH} PYTHONPATH=/ros2_ws/install/srdfdom/local/lib/python3.10/dist-packages:${PYTHONPATH} /usr/bin/cmake --install /ros2_ws/build/moveit_core
