[0.018s] Invoking command in '/ros2_ws/build/moveit_ros_planning': AMENT_PREFIX_PATH=/ros2_ws/install/moveit_ros_occupancy_map_monitor:/ros2_ws/install/moveit_core:/ros2_ws/install/moveit_resources_panda_moveit_config:/ros2_ws/install/moveit_configs_utils:/ros2_ws/install/srdfdom:/ros2_ws/install/moveit_resources_pr2_description:/ros2_ws/install/moveit_resources_panda_description:/ros2_ws/install/moveit_common:/ros2_ws/install/launch_param_builder:${AMENT_PREFIX_PATH} CMAKE_PREFIX_PATH=/ros2_ws/install/moveit_ros_occupancy_map_monitor:/ros2_ws/install/moveit_core:/ros2_ws/install/moveit_resources_panda_moveit_config:/ros2_ws/install/srdfdom:/ros2_ws/install/moveit_resources_pr2_description:/ros2_ws/install/moveit_resources_panda_description:/ros2_ws/install/moveit_common:/ros2_ws/install/ur:/ros2_ws/install/ur_calibration:/ros2_ws/install/ur_robot_driver:/ros2_ws/install/ur_bringup:/ros2_ws/install/ur_controllers:/ros2_ws/install/ur_msgs:/ros2_ws/install/ur_moveit_config:/ros2_ws/install/ur_dashboard_msgs:/opt/ros/humble LD_LIBRARY_PATH=/ros2_ws/install/moveit_ros_occupancy_map_monitor/lib:/ros2_ws/install/moveit_core/lib:/ros2_ws/install/srdfdom/lib:${LD_LIBRARY_PATH} PATH=/ros2_ws/install/moveit_core/bin:${PATH} PYTHONPATH=/ros2_ws/install/moveit_configs_utils/lib/python3.10/site-packages:/ros2_ws/install/srdfdom/local/lib/python3.10/dist-packages:/ros2_ws/install/launch_param_builder/lib/python3.10/site-packages:${PYTHONPATH} /usr/bin/cmake /ros2_ws/src/moveit2/moveit_ros/planning -DCMAKE_INSTALL_PREFIX=/ros2_ws/install/moveit_ros_planning
[0.070s] -- The C compiler identification is GNU 11.4.0
[0.126s] -- The CXX compiler identification is GNU 11.4.0
[0.133s] -- Detecting C compiler ABI info
[0.202s] -- Detecting C compiler ABI info - done
[0.210s] -- Check for working C compiler: /usr/bin/cc - skipped
[0.210s] -- Detecting C compile features
[0.210s] -- Detecting C compile features - done
[0.213s] -- Detecting CXX compiler ABI info
[0.289s] -- Detecting CXX compiler ABI info - done
[0.296s] -- Check for working CXX compiler: /usr/bin/c++ - skipped
[0.296s] -- Detecting CXX compile features
[0.297s] -- Detecting CXX compile features - done
[0.298s] -- Found moveit_common: 2.5.7 (/ros2_ws/install/moveit_common/share/moveit_common/cmake)
[0.302s] -- Found ament_cmake: 1.3.11 (/opt/ros/humble/share/ament_cmake/cmake)
[0.457s] -- Found Python3: /usr/bin/python3 (found version "3.10.12") found components: Interpreter 
[0.631s] [0mmoveit_ros_planning: You did not request a specific build type: Choosing 'Release' for maximum performance[0m
[0.634s] -- Found moveit_msgs: 2.2.1 (/opt/ros/humble/share/moveit_msgs/cmake)
[0.687s] -- Found rosidl_generator_c: 3.1.6 (/opt/ros/humble/share/rosidl_generator_c/cmake)
[0.696s] -- Found rosidl_adapter: 3.1.6 (/opt/ros/humble/share/rosidl_adapter/cmake)
[0.708s] -- Found rosidl_generator_cpp: 3.1.6 (/opt/ros/humble/share/rosidl_generator_cpp/cmake)
[0.724s] -- Using all available rosidl_typesupport_c: rosidl_typesupport_fastrtps_c;rosidl_typesupport_introspection_c
[0.745s] -- Using all available rosidl_typesupport_cpp: rosidl_typesupport_fastrtps_cpp;rosidl_typesupport_introspection_cpp
[0.955s] -- Found pluginlib: 5.1.0 (/opt/ros/humble/share/pluginlib/cmake)
[0.996s] -- Found rclcpp: 16.0.11 (/opt/ros/humble/share/rclcpp/cmake)
[1.048s] -- Found rmw_implementation_cmake: 6.1.2 (/opt/ros/humble/share/rmw_implementation_cmake/cmake)
[1.052s] -- Found rmw_fastrtps_cpp: 6.2.7 (/opt/ros/humble/share/rmw_fastrtps_cpp/cmake)
[1.087s] -- Found TinyXML2 via Config file: TinyXML2_DIR-NOTFOUND
[1.136s] -- Found OpenSSL: /usr/lib/x86_64-linux-gnu/libcrypto.so (found version "3.0.2")  
[1.139s] -- Found TinyXML2 via Config file: TinyXML2_DIR-NOTFOUND
[1.152s] -- Found FastRTPS: /opt/ros/humble/include  
[1.155s] -- Found TinyXML2 via Config file: TinyXML2_DIR-NOTFOUND
[1.163s] -- Found TinyXML2 via Config file: TinyXML2_DIR-NOTFOUND
[1.173s] -- Using RMW implementation 'rmw_fastrtps_cpp' as default
[1.186s] -- Looking for pthread.h
[1.276s] -- Looking for pthread.h - found
[1.276s] -- Performing Test CMAKE_HAVE_LIBC_PTHREAD
[1.368s] -- Performing Test CMAKE_HAVE_LIBC_PTHREAD - Success
[1.369s] -- Found Threads: TRUE  
[1.421s] -- Found message_filters: 4.3.5 (/opt/ros/humble/share/message_filters/cmake)
[1.425s] -- Found srdfdom: 2.0.7 (/ros2_ws/install/srdfdom/share/srdfdom/cmake)
[1.448s] -- Found tf2: 0.25.9 (/opt/ros/humble/share/tf2/cmake)
[1.456s] -- Found tf2_geometry_msgs: 0.25.9 (/opt/ros/humble/share/tf2_geometry_msgs/cmake)
[1.480s] -- Found eigen3_cmake_module: 0.1.1 (/opt/ros/humble/share/eigen3_cmake_module/cmake)
[1.482s] -- Found Eigen3: TRUE (found version "3.4.0") 
[1.482s] -- Ensuring Eigen3 include directory is part of orocos-kdl CMake target
[1.566s] -- Found tf2_eigen: 0.25.9 (/opt/ros/humble/share/tf2_eigen/cmake)
[1.571s] -- Found moveit_core: 2.5.7 (/ros2_ws/install/moveit_core/share/moveit_core/cmake)
[1.633s] -- Found Boost: /usr/lib/x86_64-linux-gnu/cmake/Boost-1.74.0/BoostConfig.cmake (found version "1.74.0") found components: chrono date_time filesystem iostreams program_options regex serialization system thread 
[1.682s] -- Found parameter_traits: 0.3.9 (/opt/ros/humble/share/parameter_traits/cmake)
[1.706s] -- Found rclcpp_lifecycle: 16.0.11 (/opt/ros/humble/share/rclcpp_lifecycle/cmake)
[1.739s] -- Found Boost: /usr/lib/x86_64-linux-gnu/cmake/Boost-1.74.0/BoostConfig.cmake (found version "1.74.0") found components: filesystem 
[1.837s] -- library: /usr/lib/x86_64-linux-gnu/libcurl.so
[1.898s] -- Found moveit_ros_occupancy_map_monitor: 2.5.7 (/ros2_ws/install/moveit_ros_occupancy_map_monitor/share/moveit_ros_occupancy_map_monitor/cmake)
[1.914s] -- Found Boost: /usr/lib/x86_64-linux-gnu/cmake/Boost-1.74.0/BoostConfig.cmake (found version "1.74.0") found components: system filesystem date_time program_options thread chrono 
[1.954s] -- Performing Test COMPILER_HAS_HIDDEN_VISIBILITY
[2.054s] -- Performing Test COMPILER_HAS_HIDDEN_VISIBILITY - Success
[2.054s] -- Performing Test COMPILER_HAS_HIDDEN_INLINE_VISIBILITY
[2.151s] -- Performing Test COMPILER_HAS_HIDDEN_INLINE_VISIBILITY - Success
[2.152s] -- Performing Test COMPILER_HAS_DEPRECATED_ATTR
[2.249s] -- Performing Test COMPILER_HAS_DEPRECATED_ATTR - Success
[2.285s] -- Found ament_cmake_gtest: 1.3.11 (/opt/ros/humble/share/ament_cmake_gtest/cmake)
[2.290s] -- Found ament_cmake_gmock: 1.3.11 (/opt/ros/humble/share/ament_cmake_gmock/cmake)
[2.294s] -- Found ros_testing: 0.4.0 (/opt/ros/humble/share/ros_testing/cmake)
[2.297s] -- Found launch_testing_ament_cmake: 1.0.7 (/opt/ros/humble/share/launch_testing_ament_cmake/cmake)
[2.301s] -- Found python_cmake_module: 0.10.0 (/opt/ros/humble/share/python_cmake_module/cmake)
[2.322s] -- Found PythonInterp: /usr/bin/python3 (found suitable version "3.10.12", minimum required is "3.6") 
[2.326s] -- Found PythonLibs: /usr/lib/x86_64-linux-gnu/libpython3.10.so (found suitable version "3.10.12", minimum required is "3.5") 
[2.326s] -- Using PYTHON_EXECUTABLE: /usr/bin/python3
[2.326s] -- Using PYTHON_INCLUDE_DIRS: /usr/include/python3.10
[2.326s] -- Using PYTHON_LIBRARIES: /usr/lib/x86_64-linux-gnu/libpython3.10.so
[2.347s] -- Found PythonExtra: .so  
[2.351s] -- Found gmock sources under '/opt/ros/humble/src/gmock_vendor': C++ tests using 'Google Mock' will be built
[2.358s] -- Found gtest sources under '/opt/ros/humble/src/gtest_vendor': C++ tests using 'Google Test' will be built
[2.404s] -- Found ament_lint_auto: 0.12.11 (/opt/ros/humble/share/ament_lint_auto/cmake)
[2.443s] -- Found launch_testing_ament_cmake: 1.0.7 (/opt/ros/humble/share/launch_testing_ament_cmake/cmake)
[2.444s] -- Found python_cmake_module: 0.10.0 (/opt/ros/humble/share/python_cmake_module/cmake)
[2.466s] -- Using PYTHON_EXECUTABLE: /usr/bin/python3
[2.466s] -- Using PYTHON_INCLUDE_DIRS: /usr/include/python3.10
[2.466s] -- Using PYTHON_LIBRARIES: /usr/lib/x86_64-linux-gnu/libpython3.10.so
[2.480s] -- Added test 'cppcheck' to perform static code analysis on C / C++ code
[2.481s] -- Configured cppcheck include dirs: /ros2_ws/src/moveit2/moveit_ros/planning/rdf_loader/include;/ros2_ws/src/moveit2/moveit_ros/planning/kinematics_plugin_loader/include;/ros2_ws/src/moveit2/moveit_ros/planning/robot_model_loader/include;/ros2_ws/src/moveit2/moveit_ros/planning/constraint_sampler_manager_loader/include;/ros2_ws/src/moveit2/moveit_ros/planning/planning_pipeline/include;/ros2_ws/src/moveit2/moveit_ros/planning/planning_scene_monitor/include;/ros2_ws/src/moveit2/moveit_ros/planning/trajectory_execution_manager/include;/ros2_ws/src/moveit2/moveit_ros/planning/plan_execution/include;/ros2_ws/src/moveit2/moveit_ros/planning/collision_plugin_loader/include;/ros2_ws/src/moveit2/moveit_ros/planning/moveit_cpp/include
[2.481s] -- Configured cppcheck exclude dirs and/or files: 
[2.484s] -- Added test 'lint_cmake' to check CMake code style
[2.486s] -- Added test 'pep257' to check Python code against some of the docstring style conventions in PEP 257
[2.488s] -- Added test 'xmllint' to check XML markup files
[2.491s] -- Configuring done
[2.903s] -- Generating done
[2.997s] -- Build files have been written to: /ros2_ws/build/moveit_ros_planning
[3.019s] Invoked command in '/ros2_ws/build/moveit_ros_planning' returned '0': AMENT_PREFIX_PATH=/ros2_ws/install/moveit_ros_occupancy_map_monitor:/ros2_ws/install/moveit_core:/ros2_ws/install/moveit_resources_panda_moveit_config:/ros2_ws/install/moveit_configs_utils:/ros2_ws/install/srdfdom:/ros2_ws/install/moveit_resources_pr2_description:/ros2_ws/install/moveit_resources_panda_description:/ros2_ws/install/moveit_common:/ros2_ws/install/launch_param_builder:${AMENT_PREFIX_PATH} CMAKE_PREFIX_PATH=/ros2_ws/install/moveit_ros_occupancy_map_monitor:/ros2_ws/install/moveit_core:/ros2_ws/install/moveit_resources_panda_moveit_config:/ros2_ws/install/srdfdom:/ros2_ws/install/moveit_resources_pr2_description:/ros2_ws/install/moveit_resources_panda_description:/ros2_ws/install/moveit_common:/ros2_ws/install/ur:/ros2_ws/install/ur_calibration:/ros2_ws/install/ur_robot_driver:/ros2_ws/install/ur_bringup:/ros2_ws/install/ur_controllers:/ros2_ws/install/ur_msgs:/ros2_ws/install/ur_moveit_config:/ros2_ws/install/ur_dashboard_msgs:/opt/ros/humble LD_LIBRARY_PATH=/ros2_ws/install/moveit_ros_occupancy_map_monitor/lib:/ros2_ws/install/moveit_core/lib:/ros2_ws/install/srdfdom/lib:${LD_LIBRARY_PATH} PATH=/ros2_ws/install/moveit_core/bin:${PATH} PYTHONPATH=/ros2_ws/install/moveit_configs_utils/lib/python3.10/site-packages:/ros2_ws/install/srdfdom/local/lib/python3.10/dist-packages:/ros2_ws/install/launch_param_builder/lib/python3.10/site-packages:${PYTHONPATH} /usr/bin/cmake /ros2_ws/src/moveit2/moveit_ros/planning -DCMAKE_INSTALL_PREFIX=/ros2_ws/install/moveit_ros_planning
[3.021s] Invoking command in '/ros2_ws/build/moveit_ros_planning': AMENT_PREFIX_PATH=/ros2_ws/install/moveit_ros_occupancy_map_monitor:/ros2_ws/install/moveit_core:/ros2_ws/install/moveit_resources_panda_moveit_config:/ros2_ws/install/moveit_configs_utils:/ros2_ws/install/srdfdom:/ros2_ws/install/moveit_resources_pr2_description:/ros2_ws/install/moveit_resources_panda_description:/ros2_ws/install/moveit_common:/ros2_ws/install/launch_param_builder:${AMENT_PREFIX_PATH} CMAKE_PREFIX_PATH=/ros2_ws/install/moveit_ros_occupancy_map_monitor:/ros2_ws/install/moveit_core:/ros2_ws/install/moveit_resources_panda_moveit_config:/ros2_ws/install/srdfdom:/ros2_ws/install/moveit_resources_pr2_description:/ros2_ws/install/moveit_resources_panda_description:/ros2_ws/install/moveit_common:/ros2_ws/install/ur:/ros2_ws/install/ur_calibration:/ros2_ws/install/ur_robot_driver:/ros2_ws/install/ur_bringup:/ros2_ws/install/ur_controllers:/ros2_ws/install/ur_msgs:/ros2_ws/install/ur_moveit_config:/ros2_ws/install/ur_dashboard_msgs:/opt/ros/humble LD_LIBRARY_PATH=/ros2_ws/install/moveit_ros_occupancy_map_monitor/lib:/ros2_ws/install/moveit_core/lib:/ros2_ws/install/srdfdom/lib:${LD_LIBRARY_PATH} PATH=/ros2_ws/install/moveit_core/bin:${PATH} PYTHONPATH=/ros2_ws/install/moveit_configs_utils/lib/python3.10/site-packages:/ros2_ws/install/srdfdom/local/lib/python3.10/dist-packages:/ros2_ws/install/launch_param_builder/lib/python3.10/site-packages:${PYTHONPATH} /usr/bin/cmake --build /ros2_ws/build/moveit_ros_planning
[3.074s] [  1%] [32mBuilding CXX object rdf_loader/CMakeFiles/moveit_rdf_loader.dir/src/rdf_loader.cpp.o[0m
[6.873s] [  2%] [32mBuilding CXX object rdf_loader/CMakeFiles/moveit_rdf_loader.dir/src/synchronized_string_parameter.cpp.o[0m
[17.092s] [  4%] [32m[1mLinking CXX shared library libmoveit_rdf_loader.so[0m
[17.348s] [  4%] Built target moveit_rdf_loader
[17.369s] [  5%] [32mBuilding CXX object planning_request_adapter_plugins/CMakeFiles/moveit_default_planning_request_adapter_plugins.dir/src/empty.cpp.o[0m
[23.986s] [  7%] [32mBuilding CXX object planning_request_adapter_plugins/CMakeFiles/moveit_default_planning_request_adapter_plugins.dir/src/fix_start_state_bounds.cpp.o[0m
[32.815s] [  8%] [32mBuilding CXX object planning_request_adapter_plugins/CMakeFiles/moveit_default_planning_request_adapter_plugins.dir/src/fix_start_state_collision.cpp.o[0m
[41.290s] [ 10%] [32mBuilding CXX object planning_request_adapter_plugins/CMakeFiles/moveit_default_planning_request_adapter_plugins.dir/src/fix_start_state_path_constraints.cpp.o[0m
[49.073s] [ 11%] [32mBuilding CXX object planning_request_adapter_plugins/CMakeFiles/moveit_default_planning_request_adapter_plugins.dir/src/fix_workspace_bounds.cpp.o[0m
[56.895s] [ 13%] [32mBuilding CXX object planning_request_adapter_plugins/CMakeFiles/moveit_default_planning_request_adapter_plugins.dir/src/add_time_parameterization.cpp.o[0m
[62.960s] [ 14%] [32mBuilding CXX object planning_request_adapter_plugins/CMakeFiles/moveit_default_planning_request_adapter_plugins.dir/src/add_ruckig_traj_smoothing.cpp.o[0m
[69.688s] [ 16%] [32mBuilding CXX object planning_request_adapter_plugins/CMakeFiles/moveit_default_planning_request_adapter_plugins.dir/src/add_iterative_spline_parameterization.cpp.o[0m
[75.755s] [ 17%] [32mBuilding CXX object planning_request_adapter_plugins/CMakeFiles/moveit_default_planning_request_adapter_plugins.dir/src/add_time_optimal_parameterization.cpp.o[0m
[82.003s] [ 19%] [32mBuilding CXX object planning_request_adapter_plugins/CMakeFiles/moveit_default_planning_request_adapter_plugins.dir/src/resolve_constraint_frames.cpp.o[0m
[89.671s] [ 20%] [32m[1mLinking CXX shared library libmoveit_default_planning_request_adapter_plugins.so[0m
[89.871s] [ 20%] Built target moveit_default_planning_request_adapter_plugins
[89.892s] [ 22%] [32mBuilding CXX object planning_request_adapter_plugins/CMakeFiles/moveit_list_request_adapter_plugins.dir/src/list.cpp.o[0m
[100.680s] [ 23%] [32m[1mLinking CXX executable moveit_list_request_adapter_plugins[0m
[100.870s] [ 23%] Built target moveit_list_request_adapter_plugins
[100.890s] [ 25%] [32mBuilding CXX object gmock/CMakeFiles/gmock_main.dir/src/gmock_main.cc.o[0m
[102.105s] [ 26%] [32m[1mLinking CXX static library libgmock_main.a[0m
[102.135s] [ 26%] Built target gmock_main
[102.155s] [ 27%] [32mBuilding CXX object gmock/CMakeFiles/gmock.dir/opt/ros/humble/src/gtest_vendor/src/gtest-all.cc.o[0m
[109.428s] [ 29%] [32mBuilding CXX object gmock/CMakeFiles/gmock.dir/src/gmock-all.cc.o[0m
[112.162s] [ 30%] [32m[1mLinking CXX static library libgmock.a[0m
[112.202s] [ 30%] Built target gmock
[112.222s] [ 32%] [32mBuilding CXX object gtest/CMakeFiles/gtest_main.dir/src/gtest_main.cc.o[0m
[113.156s] [ 33%] [32m[1mLinking CXX static library libgtest_main.a[0m
[113.188s] [ 33%] Built target gtest_main
[113.208s] [ 35%] [32mBuilding CXX object gtest/CMakeFiles/gtest.dir/src/gtest-all.cc.o[0m
[119.851s] [ 36%] [32m[1mLinking CXX static library libgtest.a[0m
[119.888s] [ 36%] Built target gtest
[119.909s] [ 38%] [32mBuilding CXX object kinematics_plugin_loader/CMakeFiles/moveit_kinematics_plugin_loader.dir/src/kinematics_plugin_loader.cpp.o[0m
[131.172s] [ 39%] [32m[1mLinking CXX shared library libmoveit_kinematics_plugin_loader.so[0m
[131.366s] [ 39%] Built target moveit_kinematics_plugin_loader
[131.387s] [ 41%] [32mBuilding CXX object constraint_sampler_manager_loader/CMakeFiles/moveit_constraint_sampler_manager_loader.dir/src/constraint_sampler_manager_loader.cpp.o[0m
[143.450s] [ 42%] [32m[1mLinking CXX shared library libmoveit_constraint_sampler_manager_loader.so[0m
[143.687s] [ 42%] Built target moveit_constraint_sampler_manager_loader
[143.708s] [ 44%] [32mBuilding CXX object robot_model_loader/CMakeFiles/moveit_robot_model_loader.dir/src/robot_model_loader.cpp.o[0m
[149.787s] [ 45%] [32m[1mLinking CXX shared library libmoveit_robot_model_loader.so[0m
[149.972s] [ 45%] Built target moveit_robot_model_loader
[149.993s] [ 47%] [32mBuilding CXX object planning_pipeline/CMakeFiles/moveit_planning_pipeline.dir/src/planning_pipeline.cpp.o[0m
[166.437s] [ 48%] [32m[1mLinking CXX shared library libmoveit_planning_pipeline.so[0m
[166.669s] [ 48%] Built target moveit_planning_pipeline
[166.690s] [ 50%] [32mBuilding CXX object planning_components_tools/CMakeFiles/moveit_print_planning_model_info.dir/src/print_planning_model_info.cpp.o[0m
[171.954s] [ 51%] [32m[1mLinking CXX executable moveit_print_planning_model_info[0m
[172.205s] [ 51%] Built target moveit_print_planning_model_info
[172.226s] [ 52%] [32mBuilding CXX object collision_plugin_loader/CMakeFiles/moveit_collision_plugin_loader.dir/src/collision_plugin_loader.cpp.o[0m
[179.195s] [ 54%] [32m[1mLinking CXX shared library libmoveit_collision_plugin_loader.so[0m
[179.375s] [ 54%] Built target moveit_collision_plugin_loader
[179.396s] [ 55%] [32mBuilding CXX object planning_scene_monitor/CMakeFiles/moveit_planning_scene_monitor.dir/src/planning_scene_monitor.cpp.o[0m
[210.501s] [ 57%] [32mBuilding CXX object planning_scene_monitor/CMakeFiles/moveit_planning_scene_monitor.dir/src/trajectory_monitor.cpp.o[0m
[217.767s] [ 58%] [32mBuilding CXX object planning_scene_monitor/CMakeFiles/moveit_planning_scene_monitor.dir/src/trajectory_monitor_middleware_handle.cpp.o[0m
[224.814s] [ 60%] [32mBuilding CXX object planning_scene_monitor/CMakeFiles/moveit_planning_scene_monitor.dir/src/current_state_monitor_middleware_handle.cpp.o[0m
[240.176s] [ 61%] [32mBuilding CXX object planning_scene_monitor/CMakeFiles/moveit_planning_scene_monitor.dir/src/current_state_monitor.cpp.o[0m
[249.812s] [ 63%] [32m[1mLinking CXX shared library libmoveit_planning_scene_monitor.so[0m
[250.241s] [ 63%] Built target moveit_planning_scene_monitor
[250.261s] [ 64%] [32mBuilding CXX object planning_scene_monitor/CMakeFiles/demo_scene.dir/demos/demo_scene.cpp.o[0m
[261.483s] [ 66%] [32m[1mLinking CXX executable demo_scene[0m
[261.667s] [ 66%] Built target demo_scene
[261.688s] [ 67%] [32mBuilding CXX object planning_scene_monitor/CMakeFiles/planning_scene_monitor_test.dir/test/planning_scene_monitor_test.cpp.o[0m
[272.959s] [ 69%] [32m[1mLinking CXX executable planning_scene_monitor_test[0m
[273.292s] [ 69%] Built target planning_scene_monitor_test
[273.314s] [ 70%] [32mBuilding CXX object planning_components_tools/CMakeFiles/moveit_print_planning_scene_info.dir/src/print_planning_scene_info.cpp.o[0m
[281.574s] [ 72%] [32m[1mLinking CXX executable moveit_print_planning_scene_info[0m
[281.867s] [ 72%] Built target moveit_print_planning_scene_info
[281.888s] [ 73%] [32mBuilding CXX object planning_components_tools/CMakeFiles/moveit_display_random_state.dir/src/display_random_state.cpp.o[0m
[292.699s] [ 75%] [32m[1mLinking CXX executable moveit_display_random_state[0m
[293.011s] [ 75%] Built target moveit_display_random_state
[293.033s] [ 76%] [32mBuilding CXX object planning_components_tools/CMakeFiles/moveit_visualize_robot_collision_volume.dir/src/visualize_robot_collision_volume.cpp.o[0m
[304.760s] [ 77%] [32m[1mLinking CXX executable moveit_visualize_robot_collision_volume[0m
[305.074s] [ 77%] Built target moveit_visualize_robot_collision_volume
[305.096s] [ 79%] [32mBuilding CXX object planning_components_tools/CMakeFiles/moveit_evaluate_collision_checking_speed.dir/src/evaluate_collision_checking_speed.cpp.o[0m
[315.175s] [ 80%] [32m[1mLinking CXX executable moveit_evaluate_collision_checking_speed[0m
[315.507s] [ 80%] Built target moveit_evaluate_collision_checking_speed
[315.529s] [ 82%] [32mBuilding CXX object planning_components_tools/CMakeFiles/moveit_publish_scene_from_text.dir/src/publish_scene_from_text.cpp.o[0m
[326.853s] [ 83%] [32m[1mLinking CXX executable moveit_publish_scene_from_text[0m
[327.193s] [ 83%] Built target moveit_publish_scene_from_text
[327.215s] [ 85%] [32mBuilding CXX object trajectory_execution_manager/CMakeFiles/moveit_trajectory_execution_manager.dir/src/trajectory_execution_manager.cpp.o[0m
[349.659s] [ 86%] [32m[1mLinking CXX shared library libmoveit_trajectory_execution_manager.so[0m
[349.951s] [ 86%] Built target moveit_trajectory_execution_manager
[349.972s] [ 88%] [32mBuilding CXX object planning_scene_monitor/CMakeFiles/trajectory_monitor_tests.dir/test/trajectory_monitor_tests.cpp.o[0m
[360.539s] [ 89%] [32m[1mLinking CXX executable trajectory_monitor_tests[0m
[360.932s] [ 89%] Built target trajectory_monitor_tests
[360.952s] [ 91%] [32mBuilding CXX object moveit_cpp/CMakeFiles/moveit_cpp.dir/src/moveit_cpp.cpp.o[0m
[375.103s] [ 92%] [32mBuilding CXX object moveit_cpp/CMakeFiles/moveit_cpp.dir/src/planning_component.cpp.o[0m
[386.129s] [ 94%] [32m[1mLinking CXX shared library libmoveit_cpp.so[0m
[386.399s] [ 94%] Built target moveit_cpp
[386.420s] [ 95%] [32mBuilding CXX object plan_execution/CMakeFiles/moveit_plan_execution.dir/src/plan_execution.cpp.o[0m
[396.283s] [ 97%] [32m[1mLinking CXX shared library libmoveit_plan_execution.so[0m
[396.541s] [ 97%] Built target moveit_plan_execution
[396.562s] [ 98%] [32mBuilding CXX object planning_scene_monitor/CMakeFiles/current_state_monitor_tests.dir/test/current_state_monitor_tests.cpp.o[0m
[407.911s] [100%] [32m[1mLinking CXX executable current_state_monitor_tests[0m
[408.314s] [100%] Built target current_state_monitor_tests
[408.327s] Invoked command in '/ros2_ws/build/moveit_ros_planning' returned '0': AMENT_PREFIX_PATH=/ros2_ws/install/moveit_ros_occupancy_map_monitor:/ros2_ws/install/moveit_core:/ros2_ws/install/moveit_resources_panda_moveit_config:/ros2_ws/install/moveit_configs_utils:/ros2_ws/install/srdfdom:/ros2_ws/install/moveit_resources_pr2_description:/ros2_ws/install/moveit_resources_panda_description:/ros2_ws/install/moveit_common:/ros2_ws/install/launch_param_builder:${AMENT_PREFIX_PATH} CMAKE_PREFIX_PATH=/ros2_ws/install/moveit_ros_occupancy_map_monitor:/ros2_ws/install/moveit_core:/ros2_ws/install/moveit_resources_panda_moveit_config:/ros2_ws/install/srdfdom:/ros2_ws/install/moveit_resources_pr2_description:/ros2_ws/install/moveit_resources_panda_description:/ros2_ws/install/moveit_common:/ros2_ws/install/ur:/ros2_ws/install/ur_calibration:/ros2_ws/install/ur_robot_driver:/ros2_ws/install/ur_bringup:/ros2_ws/install/ur_controllers:/ros2_ws/install/ur_msgs:/ros2_ws/install/ur_moveit_config:/ros2_ws/install/ur_dashboard_msgs:/opt/ros/humble LD_LIBRARY_PATH=/ros2_ws/install/moveit_ros_occupancy_map_monitor/lib:/ros2_ws/install/moveit_core/lib:/ros2_ws/install/srdfdom/lib:${LD_LIBRARY_PATH} PATH=/ros2_ws/install/moveit_core/bin:${PATH} PYTHONPATH=/ros2_ws/install/moveit_configs_utils/lib/python3.10/site-packages:/ros2_ws/install/srdfdom/local/lib/python3.10/dist-packages:/ros2_ws/install/launch_param_builder/lib/python3.10/site-packages:${PYTHONPATH} /usr/bin/cmake --build /ros2_ws/build/moveit_ros_planning
[408.329s] Invoking command in '/ros2_ws/build/moveit_ros_planning': AMENT_PREFIX_PATH=/ros2_ws/install/moveit_ros_occupancy_map_monitor:/ros2_ws/install/moveit_core:/ros2_ws/install/moveit_resources_panda_moveit_config:/ros2_ws/install/moveit_configs_utils:/ros2_ws/install/srdfdom:/ros2_ws/install/moveit_resources_pr2_description:/ros2_ws/install/moveit_resources_panda_description:/ros2_ws/install/moveit_common:/ros2_ws/install/launch_param_builder:${AMENT_PREFIX_PATH} CMAKE_PREFIX_PATH=/ros2_ws/install/moveit_ros_occupancy_map_monitor:/ros2_ws/install/moveit_core:/ros2_ws/install/moveit_resources_panda_moveit_config:/ros2_ws/install/srdfdom:/ros2_ws/install/moveit_resources_pr2_description:/ros2_ws/install/moveit_resources_panda_description:/ros2_ws/install/moveit_common:/ros2_ws/install/ur:/ros2_ws/install/ur_calibration:/ros2_ws/install/ur_robot_driver:/ros2_ws/install/ur_bringup:/ros2_ws/install/ur_controllers:/ros2_ws/install/ur_msgs:/ros2_ws/install/ur_moveit_config:/ros2_ws/install/ur_dashboard_msgs:/opt/ros/humble LD_LIBRARY_PATH=/ros2_ws/install/moveit_ros_occupancy_map_monitor/lib:/ros2_ws/install/moveit_core/lib:/ros2_ws/install/srdfdom/lib:${LD_LIBRARY_PATH} PATH=/ros2_ws/install/moveit_core/bin:${PATH} PYTHONPATH=/ros2_ws/install/moveit_configs_utils/lib/python3.10/site-packages:/ros2_ws/install/srdfdom/local/lib/python3.10/dist-packages:/ros2_ws/install/launch_param_builder/lib/python3.10/site-packages:${PYTHONPATH} /usr/bin/cmake --install /ros2_ws/build/moveit_ros_planning
[408.336s] -- Install configuration: "Release"
[408.336s] -- Installing: /ros2_ws/install/moveit_ros_planning/include
[408.337s] -- Installing: /ros2_ws/install/moveit_ros_planning/include/moveit
[408.337s] -- Installing: /ros2_ws/install/moveit_ros_planning/include/moveit/rdf_loader
[408.337s] -- Installing: /ros2_ws/install/moveit_ros_planning/include/moveit/rdf_loader/rdf_loader.h
[408.337s] -- Installing: /ros2_ws/install/moveit_ros_planning/include/moveit/rdf_loader/synchronized_string_parameter.h
[408.337s] -- Installing: /ros2_ws/install/moveit_ros_planning/share/moveit_ros_planning/rdf_loader/test/data
[408.337s] -- Installing: /ros2_ws/install/moveit_ros_planning/share/moveit_ros_planning/rdf_loader/test/data/robin.srdf.xacro
[408.337s] -- Installing: /ros2_ws/install/moveit_ros_planning/share/moveit_ros_planning/rdf_loader/test/data/kermit.srdf
[408.337s] -- Installing: /ros2_ws/install/moveit_ros_planning/share/moveit_ros_planning/rdf_loader/test/data/kermit.urdf
[408.337s] -- Installing: /ros2_ws/install/moveit_ros_planning/share/moveit_ros_planning/rdf_loader/test/data/gonzo.urdf
[408.337s] -- Installing: /ros2_ws/install/moveit_ros_planning/share/moveit_ros_planning/rdf_loader/test/data/gonzo.srdf
[408.338s] -- Installing: /ros2_ws/install/moveit_ros_planning/share/moveit_ros_planning/rdf_loader/test/launch
[408.338s] -- Installing: /ros2_ws/install/moveit_ros_planning/share/moveit_ros_planning/rdf_loader/test/launch/test_rdf_integration.test.py
[408.338s] -- Up-to-date: /ros2_ws/install/moveit_ros_planning/include
[408.338s] -- Up-to-date: /ros2_ws/install/moveit_ros_planning/include/moveit
[408.338s] -- Installing: /ros2_ws/install/moveit_ros_planning/include/moveit/collision_plugin_loader
[408.338s] -- Installing: /ros2_ws/install/moveit_ros_planning/include/moveit/collision_plugin_loader/collision_plugin_loader.h
[408.338s] -- Up-to-date: /ros2_ws/install/moveit_ros_planning/include
[408.338s] -- Up-to-date: /ros2_ws/install/moveit_ros_planning/include/moveit
[408.338s] -- Installing: /ros2_ws/install/moveit_ros_planning/include/moveit/kinematics_plugin_loader
[408.338s] -- Installing: /ros2_ws/install/moveit_ros_planning/include/moveit/kinematics_plugin_loader/kinematics_plugin_loader.h
[408.338s] -- Up-to-date: /ros2_ws/install/moveit_ros_planning/include
[408.338s] -- Up-to-date: /ros2_ws/install/moveit_ros_planning/include/moveit
[408.339s] -- Installing: /ros2_ws/install/moveit_ros_planning/include/moveit/robot_model_loader
[408.339s] -- Installing: /ros2_ws/install/moveit_ros_planning/include/moveit/robot_model_loader/robot_model_loader.h
[408.339s] -- Up-to-date: /ros2_ws/install/moveit_ros_planning/include
[408.339s] -- Up-to-date: /ros2_ws/install/moveit_ros_planning/include/moveit
[408.339s] -- Installing: /ros2_ws/install/moveit_ros_planning/include/moveit/constraint_sampler_manager_loader
[408.339s] -- Installing: /ros2_ws/install/moveit_ros_planning/include/moveit/constraint_sampler_manager_loader/constraint_sampler_manager_loader.h
[408.339s] -- Up-to-date: /ros2_ws/install/moveit_ros_planning/include
[408.339s] -- Up-to-date: /ros2_ws/install/moveit_ros_planning/include/moveit
[408.339s] -- Installing: /ros2_ws/install/moveit_ros_planning/include/moveit/planning_pipeline
[408.339s] -- Installing: /ros2_ws/install/moveit_ros_planning/include/moveit/planning_pipeline/planning_pipeline.h
[408.339s] -- Installing: /ros2_ws/install/moveit_ros_planning/include/moveit_planning_pipeline_export.h
[408.340s] -- Installing: /ros2_ws/install/moveit_ros_planning/lib/moveit_ros_planning/moveit_list_request_adapter_plugins
[408.340s] -- Set runtime path of "/ros2_ws/install/moveit_ros_planning/lib/moveit_ros_planning/moveit_list_request_adapter_plugins" to ""
[408.340s] -- Installing: /ros2_ws/install/moveit_ros_planning/lib/moveit_ros_planning/demo_scene
[408.341s] -- Set runtime path of "/ros2_ws/install/moveit_ros_planning/lib/moveit_ros_planning/demo_scene" to ""
[408.341s] -- Up-to-date: /ros2_ws/install/moveit_ros_planning/include
[408.341s] -- Up-to-date: /ros2_ws/install/moveit_ros_planning/include/moveit
[408.341s] -- Installing: /ros2_ws/install/moveit_ros_planning/include/moveit/planning_scene_monitor
[408.341s] -- Installing: /ros2_ws/install/moveit_ros_planning/include/moveit/planning_scene_monitor/trajectory_monitor.h
[408.341s] -- Installing: /ros2_ws/install/moveit_ros_planning/include/moveit/planning_scene_monitor/planning_scene_monitor.h
[408.341s] -- Installing: /ros2_ws/install/moveit_ros_planning/include/moveit/planning_scene_monitor/current_state_monitor_middleware_handle.hpp
[408.341s] -- Installing: /ros2_ws/install/moveit_ros_planning/include/moveit/planning_scene_monitor/trajectory_monitor_middleware_handle.hpp
[408.342s] -- Installing: /ros2_ws/install/moveit_ros_planning/include/moveit/planning_scene_monitor/current_state_monitor.h
[408.342s] -- Installing: /ros2_ws/install/moveit_ros_planning/include/moveit_planning_scene_monitor_export.h
[408.342s] -- Installing: /ros2_ws/install/moveit_ros_planning/lib/moveit_ros_planning/moveit_print_planning_model_info
[408.343s] -- Set runtime path of "/ros2_ws/install/moveit_ros_planning/lib/moveit_ros_planning/moveit_print_planning_model_info" to ""
[408.343s] -- Installing: /ros2_ws/install/moveit_ros_planning/lib/moveit_ros_planning/moveit_print_planning_scene_info
[408.343s] -- Set runtime path of "/ros2_ws/install/moveit_ros_planning/lib/moveit_ros_planning/moveit_print_planning_scene_info" to ""
[408.343s] -- Installing: /ros2_ws/install/moveit_ros_planning/lib/moveit_ros_planning/moveit_display_random_state
[408.344s] -- Set runtime path of "/ros2_ws/install/moveit_ros_planning/lib/moveit_ros_planning/moveit_display_random_state" to ""
[408.344s] -- Installing: /ros2_ws/install/moveit_ros_planning/lib/moveit_ros_planning/moveit_visualize_robot_collision_volume
[408.344s] -- Set runtime path of "/ros2_ws/install/moveit_ros_planning/lib/moveit_ros_planning/moveit_visualize_robot_collision_volume" to ""
[408.344s] -- Installing: /ros2_ws/install/moveit_ros_planning/lib/moveit_ros_planning/moveit_evaluate_collision_checking_speed
[408.345s] -- Set runtime path of "/ros2_ws/install/moveit_ros_planning/lib/moveit_ros_planning/moveit_evaluate_collision_checking_speed" to ""
[408.345s] -- Installing: /ros2_ws/install/moveit_ros_planning/lib/moveit_ros_planning/moveit_publish_scene_from_text
[408.345s] -- Set runtime path of "/ros2_ws/install/moveit_ros_planning/lib/moveit_ros_planning/moveit_publish_scene_from_text" to ""
[408.346s] -- Up-to-date: /ros2_ws/install/moveit_ros_planning/include
[408.346s] -- Up-to-date: /ros2_ws/install/moveit_ros_planning/include/moveit
[408.346s] -- Installing: /ros2_ws/install/moveit_ros_planning/include/moveit/trajectory_execution_manager
[408.346s] -- Installing: /ros2_ws/install/moveit_ros_planning/include/moveit/trajectory_execution_manager/trajectory_execution_manager.h
[408.346s] -- Installing: /ros2_ws/install/moveit_ros_planning/include/moveit_trajectory_execution_manager_export.h
[408.346s] -- Up-to-date: /ros2_ws/install/moveit_ros_planning/include
[408.346s] -- Up-to-date: /ros2_ws/install/moveit_ros_planning/include/moveit
[408.346s] -- Installing: /ros2_ws/install/moveit_ros_planning/include/moveit/plan_execution
[408.346s] -- Installing: /ros2_ws/install/moveit_ros_planning/include/moveit/plan_execution/plan_execution.h
[408.346s] -- Installing: /ros2_ws/install/moveit_ros_planning/include/moveit/plan_execution/plan_representation.h
[408.347s] -- Up-to-date: /ros2_ws/install/moveit_ros_planning/include
[408.347s] -- Up-to-date: /ros2_ws/install/moveit_ros_planning/include/moveit
[408.347s] -- Installing: /ros2_ws/install/moveit_ros_planning/include/moveit/moveit_cpp
[408.347s] -- Installing: /ros2_ws/install/moveit_ros_planning/include/moveit/moveit_cpp/moveit_cpp.h
[408.347s] -- Installing: /ros2_ws/install/moveit_ros_planning/include/moveit/moveit_cpp/planning_component.h
[408.347s] -- Installing: /ros2_ws/install/moveit_ros_planning/lib/libmoveit_rdf_loader.so.2.5.7
[408.348s] -- Set runtime path of "/ros2_ws/install/moveit_ros_planning/lib/libmoveit_rdf_loader.so.2.5.7" to ""
[408.348s] -- Installing: /ros2_ws/install/moveit_ros_planning/lib/libmoveit_rdf_loader.so
[408.348s] -- Installing: /ros2_ws/install/moveit_ros_planning/lib/libmoveit_kinematics_plugin_loader.so.2.5.7
[408.349s] -- Set runtime path of "/ros2_ws/install/moveit_ros_planning/lib/libmoveit_kinematics_plugin_loader.so.2.5.7" to ""
[408.349s] -- Installing: /ros2_ws/install/moveit_ros_planning/lib/libmoveit_kinematics_plugin_loader.so
[408.349s] -- Installing: /ros2_ws/install/moveit_ros_planning/lib/libmoveit_robot_model_loader.so.2.5.7
[408.350s] -- Set runtime path of "/ros2_ws/install/moveit_ros_planning/lib/libmoveit_robot_model_loader.so.2.5.7" to ""
[408.350s] -- Installing: /ros2_ws/install/moveit_ros_planning/lib/libmoveit_robot_model_loader.so
[408.350s] -- Installing: /ros2_ws/install/moveit_ros_planning/lib/libmoveit_constraint_sampler_manager_loader.so.2.5.7
[408.350s] -- Set runtime path of "/ros2_ws/install/moveit_ros_planning/lib/libmoveit_constraint_sampler_manager_loader.so.2.5.7" to ""
[408.350s] -- Installing: /ros2_ws/install/moveit_ros_planning/lib/libmoveit_constraint_sampler_manager_loader.so
[408.350s] -- Installing: /ros2_ws/install/moveit_ros_planning/lib/libmoveit_planning_pipeline.so.2.5.7
[408.351s] -- Set runtime path of "/ros2_ws/install/moveit_ros_planning/lib/libmoveit_planning_pipeline.so.2.5.7" to ""
[408.352s] -- Installing: /ros2_ws/install/moveit_ros_planning/lib/libmoveit_planning_pipeline.so
[408.352s] -- Installing: /ros2_ws/install/moveit_ros_planning/lib/libmoveit_trajectory_execution_manager.so.2.5.7
[408.353s] -- Set runtime path of "/ros2_ws/install/moveit_ros_planning/lib/libmoveit_trajectory_execution_manager.so.2.5.7" to ""
[408.353s] -- Installing: /ros2_ws/install/moveit_ros_planning/lib/libmoveit_trajectory_execution_manager.so
[408.353s] -- Installing: /ros2_ws/install/moveit_ros_planning/lib/libmoveit_plan_execution.so.2.5.7
[408.354s] -- Set runtime path of "/ros2_ws/install/moveit_ros_planning/lib/libmoveit_plan_execution.so.2.5.7" to ""
[408.354s] -- Installing: /ros2_ws/install/moveit_ros_planning/lib/libmoveit_plan_execution.so
[408.354s] -- Installing: /ros2_ws/install/moveit_ros_planning/lib/libmoveit_planning_scene_monitor.so.2.5.7
[408.357s] -- Set runtime path of "/ros2_ws/install/moveit_ros_planning/lib/libmoveit_planning_scene_monitor.so.2.5.7" to ""
[408.357s] -- Installing: /ros2_ws/install/moveit_ros_planning/lib/libmoveit_planning_scene_monitor.so
[408.357s] -- Installing: /ros2_ws/install/moveit_ros_planning/lib/libmoveit_collision_plugin_loader.so.2.5.7
[408.358s] -- Set runtime path of "/ros2_ws/install/moveit_ros_planning/lib/libmoveit_collision_plugin_loader.so.2.5.7" to ""
[408.358s] -- Installing: /ros2_ws/install/moveit_ros_planning/lib/libmoveit_collision_plugin_loader.so
[408.358s] -- Installing: /ros2_ws/install/moveit_ros_planning/lib/libmoveit_default_planning_request_adapter_plugins.so.2.5.7
[408.358s] -- Set runtime path of "/ros2_ws/install/moveit_ros_planning/lib/libmoveit_default_planning_request_adapter_plugins.so.2.5.7" to ""
[408.358s] -- Installing: /ros2_ws/install/moveit_ros_planning/lib/libmoveit_default_planning_request_adapter_plugins.so
[408.359s] -- Installing: /ros2_ws/install/moveit_ros_planning/lib/libmoveit_cpp.so.2.5.7
[408.359s] -- Set runtime path of "/ros2_ws/install/moveit_ros_planning/lib/libmoveit_cpp.so.2.5.7" to ""
[408.359s] -- Installing: /ros2_ws/install/moveit_ros_planning/lib/libmoveit_cpp.so
[408.359s] -- Installing: /ros2_ws/install/moveit_ros_planning/share/moveit_ros_planning/environment/library_path.sh
[408.360s] -- Installing: /ros2_ws/install/moveit_ros_planning/share/moveit_ros_planning/environment/library_path.dsv
[408.360s] -- Installing: /ros2_ws/install/moveit_ros_planning/share/moveit_ros_planning/planning_request_adapters_plugin_description.xml
[408.360s] -- Installing: /ros2_ws/install/moveit_ros_planning/share/ament_index/resource_index/package_run_dependencies/moveit_ros_planning
[408.360s] -- Installing: /ros2_ws/install/moveit_ros_planning/share/ament_index/resource_index/parent_prefix_path/moveit_ros_planning
[408.360s] -- Installing: /ros2_ws/install/moveit_ros_planning/share/moveit_ros_planning/environment/ament_prefix_path.sh
[408.360s] -- Installing: /ros2_ws/install/moveit_ros_planning/share/moveit_ros_planning/environment/ament_prefix_path.dsv
[408.360s] -- Installing: /ros2_ws/install/moveit_ros_planning/share/moveit_ros_planning/environment/path.sh
[408.360s] -- Installing: /ros2_ws/install/moveit_ros_planning/share/moveit_ros_planning/environment/path.dsv
[408.361s] -- Installing: /ros2_ws/install/moveit_ros_planning/share/moveit_ros_planning/local_setup.bash
[408.361s] -- Installing: /ros2_ws/install/moveit_ros_planning/share/moveit_ros_planning/local_setup.sh
[408.361s] -- Installing: /ros2_ws/install/moveit_ros_planning/share/moveit_ros_planning/local_setup.zsh
[408.361s] -- Installing: /ros2_ws/install/moveit_ros_planning/share/moveit_ros_planning/local_setup.dsv
[408.361s] -- Installing: /ros2_ws/install/moveit_ros_planning/share/moveit_ros_planning/package.dsv
[408.361s] -- Installing: /ros2_ws/install/moveit_ros_planning/share/ament_index/resource_index/packages/moveit_ros_planning
[408.361s] -- Installing: /ros2_ws/install/moveit_ros_planning/share/ament_index/resource_index/moveit_core__pluginlib__plugin/moveit_ros_planning
[408.361s] -- Installing: /ros2_ws/install/moveit_ros_planning/share/moveit_ros_planning/cmake/export_moveit_ros_planningExport.cmake
[408.362s] -- Installing: /ros2_ws/install/moveit_ros_planning/share/moveit_ros_planning/cmake/export_moveit_ros_planningExport-release.cmake
[408.362s] -- Installing: /ros2_ws/install/moveit_ros_planning/share/moveit_ros_planning/cmake/ConfigExtras.cmake
[408.362s] -- Installing: /ros2_ws/install/moveit_ros_planning/share/moveit_ros_planning/cmake/ament_cmake_export_targets-extras.cmake
[408.362s] -- Installing: /ros2_ws/install/moveit_ros_planning/share/moveit_ros_planning/cmake/ament_cmake_export_dependencies-extras.cmake
[408.362s] -- Installing: /ros2_ws/install/moveit_ros_planning/share/moveit_ros_planning/cmake/moveit_ros_planningConfig.cmake
[408.362s] -- Installing: /ros2_ws/install/moveit_ros_planning/share/moveit_ros_planning/cmake/moveit_ros_planningConfig-version.cmake
[408.362s] -- Installing: /ros2_ws/install/moveit_ros_planning/share/moveit_ros_planning/package.xml
[408.365s] Invoked command in '/ros2_ws/build/moveit_ros_planning' returned '0': AMENT_PREFIX_PATH=/ros2_ws/install/moveit_ros_occupancy_map_monitor:/ros2_ws/install/moveit_core:/ros2_ws/install/moveit_resources_panda_moveit_config:/ros2_ws/install/moveit_configs_utils:/ros2_ws/install/srdfdom:/ros2_ws/install/moveit_resources_pr2_description:/ros2_ws/install/moveit_resources_panda_description:/ros2_ws/install/moveit_common:/ros2_ws/install/launch_param_builder:${AMENT_PREFIX_PATH} CMAKE_PREFIX_PATH=/ros2_ws/install/moveit_ros_occupancy_map_monitor:/ros2_ws/install/moveit_core:/ros2_ws/install/moveit_resources_panda_moveit_config:/ros2_ws/install/srdfdom:/ros2_ws/install/moveit_resources_pr2_description:/ros2_ws/install/moveit_resources_panda_description:/ros2_ws/install/moveit_common:/ros2_ws/install/ur:/ros2_ws/install/ur_calibration:/ros2_ws/install/ur_robot_driver:/ros2_ws/install/ur_bringup:/ros2_ws/install/ur_controllers:/ros2_ws/install/ur_msgs:/ros2_ws/install/ur_moveit_config:/ros2_ws/install/ur_dashboard_msgs:/opt/ros/humble LD_LIBRARY_PATH=/ros2_ws/install/moveit_ros_occupancy_map_monitor/lib:/ros2_ws/install/moveit_core/lib:/ros2_ws/install/srdfdom/lib:${LD_LIBRARY_PATH} PATH=/ros2_ws/install/moveit_core/bin:${PATH} PYTHONPATH=/ros2_ws/install/moveit_configs_utils/lib/python3.10/site-packages:/ros2_ws/install/srdfdom/local/lib/python3.10/dist-packages:/ros2_ws/install/launch_param_builder/lib/python3.10/site-packages:${PYTHONPATH} /usr/bin/cmake --install /ros2_ws/build/moveit_ros_planning
