[0.023s] Invoking command in '/ros2_ws/build/moveit_planners_ompl': AMENT_PREFIX_PATH=/ros2_ws/install/moveit_ros_planning:/ros2_ws/install/moveit_ros_occupancy_map_monitor:/ros2_ws/install/moveit_core:/ros2_ws/install/moveit_resources_panda_moveit_config:/ros2_ws/install/moveit_resources_fanuc_moveit_config:/ros2_ws/install/moveit_configs_utils:/ros2_ws/install/srdfdom:/ros2_ws/install/moveit_resources_pr2_description:/ros2_ws/install/moveit_resources_panda_description:/ros2_ws/install/moveit_resources_fanuc_description:/ros2_ws/install/moveit_common:/ros2_ws/install/launch_param_builder:${AMENT_PREFIX_PATH} CMAKE_PREFIX_PATH=/ros2_ws/install/moveit_ros_planning:/ros2_ws/install/moveit_ros_occupancy_map_monitor:/ros2_ws/install/moveit_core:/ros2_ws/install/moveit_resources_panda_moveit_config:/ros2_ws/install/moveit_resources_fanuc_moveit_config:/ros2_ws/install/srdfdom:/ros2_ws/install/moveit_resources_pr2_description:/ros2_ws/install/moveit_resources_panda_description:/ros2_ws/install/moveit_resources_fanuc_description:/ros2_ws/install/moveit_common:/ros2_ws/install/ur:/ros2_ws/install/ur_calibration:/ros2_ws/install/ur_robot_driver:/ros2_ws/install/ur_bringup:/ros2_ws/install/ur_controllers:/ros2_ws/install/ur_msgs:/ros2_ws/install/ur_moveit_config:/ros2_ws/install/ur_dashboard_msgs:/opt/ros/humble LD_LIBRARY_PATH=/ros2_ws/install/moveit_ros_planning/lib:/ros2_ws/install/moveit_ros_occupancy_map_monitor/lib:/ros2_ws/install/moveit_core/lib:/ros2_ws/install/srdfdom/lib:${LD_LIBRARY_PATH} PATH=/ros2_ws/install/moveit_core/bin:${PATH} PYTHONPATH=/ros2_ws/install/moveit_configs_utils/lib/python3.10/site-packages:/ros2_ws/install/srdfdom/local/lib/python3.10/dist-packages:/ros2_ws/install/launch_param_builder/lib/python3.10/site-packages:${PYTHONPATH} /usr/bin/cmake /ros2_ws/src/moveit2/moveit_planners/ompl -DCMAKE_INSTALL_PREFIX=/ros2_ws/install/moveit_planners_ompl
[0.073s] -- The C compiler identification is GNU 11.4.0
[0.125s] -- The CXX compiler identification is GNU 11.4.0
[0.133s] -- Detecting C compiler ABI info
[0.205s] -- Detecting C compiler ABI info - done
[0.213s] -- Check for working C compiler: /usr/bin/cc - skipped
[0.213s] -- Detecting C compile features
[0.213s] -- Detecting C compile features - done
[0.216s] -- Detecting CXX compiler ABI info
[0.292s] -- Detecting CXX compiler ABI info - done
[0.299s] -- Check for working CXX compiler: /usr/bin/c++ - skipped
[0.300s] -- Detecting CXX compile features
[0.300s] -- Detecting CXX compile features - done
[0.302s] -- Found moveit_common: 2.5.7 (/ros2_ws/install/moveit_common/share/moveit_common/cmake)
[0.306s] -- Found ament_cmake: 1.3.11 (/opt/ros/humble/share/ament_cmake/cmake)
[0.460s] -- Found Python3: /usr/bin/python3 (found version "3.10.12") found components: Interpreter 
[0.644s] [0mmoveit_planners_ompl: You did not request a specific build type: Choosing 'Release' for maximum performance[0m
[0.872s] -- Found Boost: /usr/lib/x86_64-linux-gnu/cmake/Boost-1.74.0/BoostConfig.cmake (found version "1.74.0") found components: system filesystem date_time thread serialization 
[0.874s] -- Found moveit_core: 2.5.7 (/ros2_ws/install/moveit_core/share/moveit_core/cmake)
[0.896s] -- Found Boost: /usr/lib/x86_64-linux-gnu/cmake/Boost-1.74.0/BoostConfig.cmake (found version "1.74.0") found components: chrono date_time filesystem iostreams program_options regex serialization system thread 
[0.969s] -- Found parameter_traits: 0.3.9 (/opt/ros/humble/share/parameter_traits/cmake)
[1.032s] -- Found rosidl_generator_c: 3.1.6 (/opt/ros/humble/share/rosidl_generator_c/cmake)
[1.041s] -- Found rosidl_adapter: 3.1.6 (/opt/ros/humble/share/rosidl_adapter/cmake)
[1.054s] -- Found rosidl_generator_cpp: 3.1.6 (/opt/ros/humble/share/rosidl_generator_cpp/cmake)
[1.071s] -- Using all available rosidl_typesupport_c: rosidl_typesupport_fastrtps_c;rosidl_typesupport_introspection_c
[1.095s] -- Using all available rosidl_typesupport_cpp: rosidl_typesupport_fastrtps_cpp;rosidl_typesupport_introspection_cpp
[1.162s] -- Found rmw_implementation_cmake: 6.1.2 (/opt/ros/humble/share/rmw_implementation_cmake/cmake)
[1.168s] -- Found rmw_fastrtps_cpp: 6.2.7 (/opt/ros/humble/share/rmw_fastrtps_cpp/cmake)
[1.269s] -- Found OpenSSL: /usr/lib/x86_64-linux-gnu/libcrypto.so (found version "3.0.2")  
[1.296s] -- Found FastRTPS: /opt/ros/humble/include  
[1.345s] -- Using RMW implementation 'rmw_fastrtps_cpp' as default
[1.360s] -- Found Threads: TRUE  
[1.432s] -- Found Eigen3: TRUE (found version "3.4.0") 
[1.437s] -- Found rclcpp_lifecycle: 16.0.11 (/opt/ros/humble/share/rclcpp_lifecycle/cmake)
[1.468s] -- Found Boost: /usr/lib/x86_64-linux-gnu/cmake/Boost-1.74.0/BoostConfig.cmake (found version "1.74.0") found components: filesystem 
[1.589s] -- library: /usr/lib/x86_64-linux-gnu/libcurl.so
[1.668s] -- Ensuring Eigen3 include directory is part of orocos-kdl CMake target
[1.970s] -- Found moveit_ros_planning: 2.5.7 (/ros2_ws/install/moveit_ros_planning/share/moveit_ros_planning/cmake)
[1.975s] -- Found Boost: /usr/lib/x86_64-linux-gnu/cmake/Boost-1.74.0/BoostConfig.cmake (found version "1.74.0") found components: system filesystem date_time program_options thread chrono 
[2.012s] -- Found ompl: /opt/ros/humble/include/ompl-1.6;/usr/include;/usr/include/eigen3  
[2.315s] -- Found OpenMP_C: -fopenmp (found version "4.5") 
[2.418s] -- Found OpenMP_CXX: -fopenmp (found version "4.5") 
[2.419s] -- Found OpenMP: TRUE (found version "4.5")  
[2.436s] -- Found ament_cmake_gtest: 1.3.11 (/opt/ros/humble/share/ament_cmake_gtest/cmake)
[2.442s] -- Found gtest sources under '/opt/ros/humble/src/gtest_vendor': C++ tests using 'Google Test' will be built
[2.488s] -- Found ament_lint_auto: 0.12.11 (/opt/ros/humble/share/ament_lint_auto/cmake)
[2.537s] -- Added test 'cppcheck' to perform static code analysis on C / C++ code
[2.537s] -- Configured cppcheck include dirs: /ros2_ws/src/moveit2/moveit_planners/ompl/ompl_interface/include
[2.538s] -- Configured cppcheck exclude dirs and/or files: 
[2.539s] -- Added test 'lint_cmake' to check CMake code style
[2.541s] -- Added test 'xmllint' to check XML markup files
[2.543s] -- Configuring done
[2.722s] -- Generating done
[2.761s] -- Build files have been written to: /ros2_ws/build/moveit_planners_ompl
[2.774s] Invoked command in '/ros2_ws/build/moveit_planners_ompl' returned '0': AMENT_PREFIX_PATH=/ros2_ws/install/moveit_ros_planning:/ros2_ws/install/moveit_ros_occupancy_map_monitor:/ros2_ws/install/moveit_core:/ros2_ws/install/moveit_resources_panda_moveit_config:/ros2_ws/install/moveit_resources_fanuc_moveit_config:/ros2_ws/install/moveit_configs_utils:/ros2_ws/install/srdfdom:/ros2_ws/install/moveit_resources_pr2_description:/ros2_ws/install/moveit_resources_panda_description:/ros2_ws/install/moveit_resources_fanuc_description:/ros2_ws/install/moveit_common:/ros2_ws/install/launch_param_builder:${AMENT_PREFIX_PATH} CMAKE_PREFIX_PATH=/ros2_ws/install/moveit_ros_planning:/ros2_ws/install/moveit_ros_occupancy_map_monitor:/ros2_ws/install/moveit_core:/ros2_ws/install/moveit_resources_panda_moveit_config:/ros2_ws/install/moveit_resources_fanuc_moveit_config:/ros2_ws/install/srdfdom:/ros2_ws/install/moveit_resources_pr2_description:/ros2_ws/install/moveit_resources_panda_description:/ros2_ws/install/moveit_resources_fanuc_description:/ros2_ws/install/moveit_common:/ros2_ws/install/ur:/ros2_ws/install/ur_calibration:/ros2_ws/install/ur_robot_driver:/ros2_ws/install/ur_bringup:/ros2_ws/install/ur_controllers:/ros2_ws/install/ur_msgs:/ros2_ws/install/ur_moveit_config:/ros2_ws/install/ur_dashboard_msgs:/opt/ros/humble LD_LIBRARY_PATH=/ros2_ws/install/moveit_ros_planning/lib:/ros2_ws/install/moveit_ros_occupancy_map_monitor/lib:/ros2_ws/install/moveit_core/lib:/ros2_ws/install/srdfdom/lib:${LD_LIBRARY_PATH} PATH=/ros2_ws/install/moveit_core/bin:${PATH} PYTHONPATH=/ros2_ws/install/moveit_configs_utils/lib/python3.10/site-packages:/ros2_ws/install/srdfdom/local/lib/python3.10/dist-packages:/ros2_ws/install/launch_param_builder/lib/python3.10/site-packages:${PYTHONPATH} /usr/bin/cmake /ros2_ws/src/moveit2/moveit_planners/ompl -DCMAKE_INSTALL_PREFIX=/ros2_ws/install/moveit_planners_ompl
[2.776s] Invoking command in '/ros2_ws/build/moveit_planners_ompl': AMENT_PREFIX_PATH=/ros2_ws/install/moveit_ros_planning:/ros2_ws/install/moveit_ros_occupancy_map_monitor:/ros2_ws/install/moveit_core:/ros2_ws/install/moveit_resources_panda_moveit_config:/ros2_ws/install/moveit_resources_fanuc_moveit_config:/ros2_ws/install/moveit_configs_utils:/ros2_ws/install/srdfdom:/ros2_ws/install/moveit_resources_pr2_description:/ros2_ws/install/moveit_resources_panda_description:/ros2_ws/install/moveit_resources_fanuc_description:/ros2_ws/install/moveit_common:/ros2_ws/install/launch_param_builder:${AMENT_PREFIX_PATH} CMAKE_PREFIX_PATH=/ros2_ws/install/moveit_ros_planning:/ros2_ws/install/moveit_ros_occupancy_map_monitor:/ros2_ws/install/moveit_core:/ros2_ws/install/moveit_resources_panda_moveit_config:/ros2_ws/install/moveit_resources_fanuc_moveit_config:/ros2_ws/install/srdfdom:/ros2_ws/install/moveit_resources_pr2_description:/ros2_ws/install/moveit_resources_panda_description:/ros2_ws/install/moveit_resources_fanuc_description:/ros2_ws/install/moveit_common:/ros2_ws/install/ur:/ros2_ws/install/ur_calibration:/ros2_ws/install/ur_robot_driver:/ros2_ws/install/ur_bringup:/ros2_ws/install/ur_controllers:/ros2_ws/install/ur_msgs:/ros2_ws/install/ur_moveit_config:/ros2_ws/install/ur_dashboard_msgs:/opt/ros/humble LD_LIBRARY_PATH=/ros2_ws/install/moveit_ros_planning/lib:/ros2_ws/install/moveit_ros_occupancy_map_monitor/lib:/ros2_ws/install/moveit_core/lib:/ros2_ws/install/srdfdom/lib:${LD_LIBRARY_PATH} PATH=/ros2_ws/install/moveit_core/bin:${PATH} PYTHONPATH=/ros2_ws/install/moveit_configs_utils/lib/python3.10/site-packages:/ros2_ws/install/srdfdom/local/lib/python3.10/dist-packages:/ros2_ws/install/launch_param_builder/lib/python3.10/site-packages:${PYTHONPATH} /usr/bin/cmake --build /ros2_ws/build/moveit_planners_ompl
[2.830s] [  2%] [32mBuilding CXX object ompl_interface/CMakeFiles/moveit_ompl_interface.dir/src/ompl_interface.cpp.o[0m
[13.070s] [  4%] [32mBuilding CXX object ompl_interface/CMakeFiles/moveit_ompl_interface.dir/src/planning_context_manager.cpp.o[0m
[28.565s] [  7%] [32mBuilding CXX object ompl_interface/CMakeFiles/moveit_ompl_interface.dir/src/model_based_planning_context.cpp.o[0m
[42.196s] [  9%] [32mBuilding CXX object ompl_interface/CMakeFiles/moveit_ompl_interface.dir/src/parameterization/model_based_state_space.cpp.o[0m
[50.080s] [ 12%] [32mBuilding CXX object ompl_interface/CMakeFiles/moveit_ompl_interface.dir/src/parameterization/model_based_state_space_factory.cpp.o[0m
[56.836s] [ 14%] [32mBuilding CXX object ompl_interface/CMakeFiles/moveit_ompl_interface.dir/src/parameterization/joint_space/constrained_planning_state_space.cpp.o[0m
[64.488s] [ 17%] [32mBuilding CXX object ompl_interface/CMakeFiles/moveit_ompl_interface.dir/src/parameterization/joint_space/constrained_planning_state_space_factory.cpp.o[0m
[71.917s] [ 19%] [32mBuilding CXX object ompl_interface/CMakeFiles/moveit_ompl_interface.dir/src/parameterization/joint_space/joint_model_state_space.cpp.o[0m
[79.221s] [ 21%] [32mBuilding CXX object ompl_interface/CMakeFiles/moveit_ompl_interface.dir/src/parameterization/joint_space/joint_model_state_space_factory.cpp.o[0m
[85.936s] [ 24%] [32mBuilding CXX object ompl_interface/CMakeFiles/moveit_ompl_interface.dir/src/parameterization/work_space/pose_model_state_space.cpp.o[0m
[94.123s] [ 26%] [32mBuilding CXX object ompl_interface/CMakeFiles/moveit_ompl_interface.dir/src/parameterization/work_space/pose_model_state_space_factory.cpp.o[0m
[101.585s] [ 29%] [32mBuilding CXX object ompl_interface/CMakeFiles/moveit_ompl_interface.dir/src/detail/ompl_constraints.cpp.o[0m
[111.361s] [ 31%] [32mBuilding CXX object ompl_interface/CMakeFiles/moveit_ompl_interface.dir/src/detail/threadsafe_state_storage.cpp.o[0m
[115.675s] [ 34%] [32mBuilding CXX object ompl_interface/CMakeFiles/moveit_ompl_interface.dir/src/detail/state_validity_checker.cpp.o[0m
[123.563s] [ 36%] [32mBuilding CXX object ompl_interface/CMakeFiles/moveit_ompl_interface.dir/src/detail/projection_evaluators.cpp.o[0m
[131.169s] [ 39%] [32mBuilding CXX object ompl_interface/CMakeFiles/moveit_ompl_interface.dir/src/detail/goal_union.cpp.o[0m
[133.034s] [ 41%] [32mBuilding CXX object ompl_interface/CMakeFiles/moveit_ompl_interface.dir/src/detail/constraints_library.cpp.o[0m
[145.141s] [ 43%] [32mBuilding CXX object ompl_interface/CMakeFiles/moveit_ompl_interface.dir/src/detail/constrained_sampler.cpp.o[0m
[153.444s] [ 46%] [32mBuilding CXX object ompl_interface/CMakeFiles/moveit_ompl_interface.dir/src/detail/constrained_valid_state_sampler.cpp.o[0m
[161.735s] [ 48%] [32mBuilding CXX object ompl_interface/CMakeFiles/moveit_ompl_interface.dir/src/detail/constrained_goal_sampler.cpp.o[0m
[169.360s] [ 51%] [32m[1mLinking CXX shared library libmoveit_ompl_interface.so[0m
[169.817s] [ 51%] Built target moveit_ompl_interface
[169.837s] [ 53%] [32mBuilding CXX object gtest/CMakeFiles/gtest.dir/src/gtest-all.cc.o[0m
[176.507s] [ 56%] [32m[1mLinking CXX static library libgtest.a[0m
[176.544s] [ 56%] Built target gtest
[176.566s] [ 58%] [32mBuilding CXX object ompl_interface/CMakeFiles/moveit_ompl_planner_plugin.dir/src/ompl_planner_manager.cpp.o[0m
[186.146s] [ 60%] [32m[1mLinking CXX shared library libmoveit_ompl_planner_plugin.so[0m
[186.472s] [ 60%] Built target moveit_ompl_planner_plugin
[186.493s] [ 63%] [32mBuilding CXX object ompl_interface/CMakeFiles/moveit_generate_state_database.dir/scripts/generate_state_database.cpp.o[0m
[199.215s] [ 65%] [32m[1mLinking CXX executable generate_state_database[0m
[199.607s] [ 65%] Built target moveit_generate_state_database
[199.627s] [ 68%] [32mBuilding CXX object gtest/CMakeFiles/gtest_main.dir/src/gtest_main.cc.o[0m
[200.555s] [ 70%] [32m[1mLinking CXX static library libgtest_main.a[0m
[200.585s] [ 70%] Built target gtest_main
[200.607s] [ 73%] [32mBuilding CXX object ompl_interface/CMakeFiles/test_state_space.dir/test/test_state_space.cpp.o[0m
[209.386s] [ 75%] [32m[1mLinking CXX executable test_state_space[0m
[209.829s] [ 75%] Built target test_state_space
[209.851s] [ 78%] [32mBuilding CXX object ompl_interface/CMakeFiles/test_constrained_planning_state_space.dir/test/test_constrained_planning_state_space.cpp.o[0m
[218.782s] [ 80%] [32m[1mLinking CXX executable test_constrained_planning_state_space[0m
[219.233s] [ 80%] Built target test_constrained_planning_state_space
[219.255s] [ 82%] [32mBuilding CXX object ompl_interface/CMakeFiles/test_constrained_state_validity_checker.dir/test/test_constrained_state_validity_checker.cpp.o[0m
[230.180s] [ 85%] [32m[1mLinking CXX executable test_constrained_state_validity_checker[0m
[230.654s] [ 85%] Built target test_constrained_state_validity_checker
[230.676s] [ 87%] [32mBuilding CXX object ompl_interface/CMakeFiles/test_threadsafe_state_storage.dir/test/test_threadsafe_state_storage.cpp.o[0m
[236.044s] [ 90%] [32m[1mLinking CXX executable test_threadsafe_state_storage[0m
[236.434s] [ 90%] Built target test_threadsafe_state_storage
[236.455s] [ 92%] [32mBuilding CXX object ompl_interface/CMakeFiles/test_planning_context_manager.dir/test/test_planning_context_manager.cpp.o[0m
[248.824s] [ 95%] [32m[1mLinking CXX executable test_planning_context_manager[0m
[249.255s] [ 95%] Built target test_planning_context_manager
[249.276s] [ 97%] [32mBuilding CXX object ompl_interface/CMakeFiles/test_state_validity_checker.dir/test/test_state_validity_checker.cpp.o[0m
[259.069s] [100%] [32m[1mLinking CXX executable test_state_validity_checker[0m
[259.544s] [100%] Built target test_state_validity_checker
[259.556s] Invoked command in '/ros2_ws/build/moveit_planners_ompl' returned '0': AMENT_PREFIX_PATH=/ros2_ws/install/moveit_ros_planning:/ros2_ws/install/moveit_ros_occupancy_map_monitor:/ros2_ws/install/moveit_core:/ros2_ws/install/moveit_resources_panda_moveit_config:/ros2_ws/install/moveit_resources_fanuc_moveit_config:/ros2_ws/install/moveit_configs_utils:/ros2_ws/install/srdfdom:/ros2_ws/install/moveit_resources_pr2_description:/ros2_ws/install/moveit_resources_panda_description:/ros2_ws/install/moveit_resources_fanuc_description:/ros2_ws/install/moveit_common:/ros2_ws/install/launch_param_builder:${AMENT_PREFIX_PATH} CMAKE_PREFIX_PATH=/ros2_ws/install/moveit_ros_planning:/ros2_ws/install/moveit_ros_occupancy_map_monitor:/ros2_ws/install/moveit_core:/ros2_ws/install/moveit_resources_panda_moveit_config:/ros2_ws/install/moveit_resources_fanuc_moveit_config:/ros2_ws/install/srdfdom:/ros2_ws/install/moveit_resources_pr2_description:/ros2_ws/install/moveit_resources_panda_description:/ros2_ws/install/moveit_resources_fanuc_description:/ros2_ws/install/moveit_common:/ros2_ws/install/ur:/ros2_ws/install/ur_calibration:/ros2_ws/install/ur_robot_driver:/ros2_ws/install/ur_bringup:/ros2_ws/install/ur_controllers:/ros2_ws/install/ur_msgs:/ros2_ws/install/ur_moveit_config:/ros2_ws/install/ur_dashboard_msgs:/opt/ros/humble LD_LIBRARY_PATH=/ros2_ws/install/moveit_ros_planning/lib:/ros2_ws/install/moveit_ros_occupancy_map_monitor/lib:/ros2_ws/install/moveit_core/lib:/ros2_ws/install/srdfdom/lib:${LD_LIBRARY_PATH} PATH=/ros2_ws/install/moveit_core/bin:${PATH} PYTHONPATH=/ros2_ws/install/moveit_configs_utils/lib/python3.10/site-packages:/ros2_ws/install/srdfdom/local/lib/python3.10/dist-packages:/ros2_ws/install/launch_param_builder/lib/python3.10/site-packages:${PYTHONPATH} /usr/bin/cmake --build /ros2_ws/build/moveit_planners_ompl
[259.557s] Invoking command in '/ros2_ws/build/moveit_planners_ompl': AMENT_PREFIX_PATH=/ros2_ws/install/moveit_ros_planning:/ros2_ws/install/moveit_ros_occupancy_map_monitor:/ros2_ws/install/moveit_core:/ros2_ws/install/moveit_resources_panda_moveit_config:/ros2_ws/install/moveit_resources_fanuc_moveit_config:/ros2_ws/install/moveit_configs_utils:/ros2_ws/install/srdfdom:/ros2_ws/install/moveit_resources_pr2_description:/ros2_ws/install/moveit_resources_panda_description:/ros2_ws/install/moveit_resources_fanuc_description:/ros2_ws/install/moveit_common:/ros2_ws/install/launch_param_builder:${AMENT_PREFIX_PATH} CMAKE_PREFIX_PATH=/ros2_ws/install/moveit_ros_planning:/ros2_ws/install/moveit_ros_occupancy_map_monitor:/ros2_ws/install/moveit_core:/ros2_ws/install/moveit_resources_panda_moveit_config:/ros2_ws/install/moveit_resources_fanuc_moveit_config:/ros2_ws/install/srdfdom:/ros2_ws/install/moveit_resources_pr2_description:/ros2_ws/install/moveit_resources_panda_description:/ros2_ws/install/moveit_resources_fanuc_description:/ros2_ws/install/moveit_common:/ros2_ws/install/ur:/ros2_ws/install/ur_calibration:/ros2_ws/install/ur_robot_driver:/ros2_ws/install/ur_bringup:/ros2_ws/install/ur_controllers:/ros2_ws/install/ur_msgs:/ros2_ws/install/ur_moveit_config:/ros2_ws/install/ur_dashboard_msgs:/opt/ros/humble LD_LIBRARY_PATH=/ros2_ws/install/moveit_ros_planning/lib:/ros2_ws/install/moveit_ros_occupancy_map_monitor/lib:/ros2_ws/install/moveit_core/lib:/ros2_ws/install/srdfdom/lib:${LD_LIBRARY_PATH} PATH=/ros2_ws/install/moveit_core/bin:${PATH} PYTHONPATH=/ros2_ws/install/moveit_configs_utils/lib/python3.10/site-packages:/ros2_ws/install/srdfdom/local/lib/python3.10/dist-packages:/ros2_ws/install/launch_param_builder/lib/python3.10/site-packages:${PYTHONPATH} /usr/bin/cmake --install /ros2_ws/build/moveit_planners_ompl
[259.565s] -- Install configuration: "Release"
[259.565s] -- Installing: /ros2_ws/install/moveit_planners_ompl/lib/moveit_planners_ompl/generate_state_database
[259.566s] -- Set runtime path of "/ros2_ws/install/moveit_planners_ompl/lib/moveit_planners_ompl/generate_state_database" to ""
[259.566s] -- Installing: /ros2_ws/install/moveit_planners_ompl/include
[259.566s] -- Installing: /ros2_ws/install/moveit_planners_ompl/include/moveit
[259.566s] -- Installing: /ros2_ws/install/moveit_planners_ompl/include/moveit/ompl_interface
[259.566s] -- Installing: /ros2_ws/install/moveit_planners_ompl/include/moveit/ompl_interface/model_based_planning_context.h
[259.566s] -- Installing: /ros2_ws/install/moveit_planners_ompl/include/moveit/ompl_interface/detail
[259.566s] -- Installing: /ros2_ws/install/moveit_planners_ompl/include/moveit/ompl_interface/detail/threadsafe_state_storage.h
[259.566s] -- Installing: /ros2_ws/install/moveit_planners_ompl/include/moveit/ompl_interface/detail/goal_union.h
[259.567s] -- Installing: /ros2_ws/install/moveit_planners_ompl/include/moveit/ompl_interface/detail/constraints_library.h
[259.567s] -- Installing: /ros2_ws/install/moveit_planners_ompl/include/moveit/ompl_interface/detail/constraint_approximations.h
[259.567s] -- Installing: /ros2_ws/install/moveit_planners_ompl/include/moveit/ompl_interface/detail/projection_evaluators.h
[259.567s] -- Installing: /ros2_ws/install/moveit_planners_ompl/include/moveit/ompl_interface/detail/constrained_valid_state_sampler.h
[259.567s] -- Installing: /ros2_ws/install/moveit_planners_ompl/include/moveit/ompl_interface/detail/constrained_sampler.h
[259.567s] -- Installing: /ros2_ws/install/moveit_planners_ompl/include/moveit/ompl_interface/detail/state_validity_checker.h
[259.567s] -- Installing: /ros2_ws/install/moveit_planners_ompl/include/moveit/ompl_interface/detail/constrained_goal_sampler.h
[259.567s] -- Installing: /ros2_ws/install/moveit_planners_ompl/include/moveit/ompl_interface/detail/ompl_constraints.h
[259.567s] -- Installing: /ros2_ws/install/moveit_planners_ompl/include/moveit/ompl_interface/ompl_interface.h
[259.568s] -- Installing: /ros2_ws/install/moveit_planners_ompl/include/moveit/ompl_interface/planning_context_manager.h
[259.568s] -- Installing: /ros2_ws/install/moveit_planners_ompl/include/moveit/ompl_interface/parameterization
[259.568s] -- Installing: /ros2_ws/install/moveit_planners_ompl/include/moveit/ompl_interface/parameterization/work_space
[259.568s] -- Installing: /ros2_ws/install/moveit_planners_ompl/include/moveit/ompl_interface/parameterization/work_space/pose_model_state_space_factory.h
[259.568s] -- Installing: /ros2_ws/install/moveit_planners_ompl/include/moveit/ompl_interface/parameterization/work_space/pose_model_state_space.h
[259.568s] -- Installing: /ros2_ws/install/moveit_planners_ompl/include/moveit/ompl_interface/parameterization/model_based_state_space.h
[259.568s] -- Installing: /ros2_ws/install/moveit_planners_ompl/include/moveit/ompl_interface/parameterization/model_based_state_space_factory.h
[259.568s] -- Installing: /ros2_ws/install/moveit_planners_ompl/include/moveit/ompl_interface/parameterization/joint_space
[259.568s] -- Installing: /ros2_ws/install/moveit_planners_ompl/include/moveit/ompl_interface/parameterization/joint_space/constrained_planning_state_space_factory.h
[259.568s] -- Installing: /ros2_ws/install/moveit_planners_ompl/include/moveit/ompl_interface/parameterization/joint_space/constrained_planning_state_space.h
[259.569s] -- Installing: /ros2_ws/install/moveit_planners_ompl/include/moveit/ompl_interface/parameterization/joint_space/joint_model_state_space_factory.h
[259.569s] -- Installing: /ros2_ws/install/moveit_planners_ompl/include/moveit/ompl_interface/parameterization/joint_space/joint_model_state_space.h
[259.569s] -- Installing: /ros2_ws/install/moveit_planners_ompl/lib/libmoveit_ompl_interface.so.2.5.7
[259.571s] -- Set runtime path of "/ros2_ws/install/moveit_planners_ompl/lib/libmoveit_ompl_interface.so.2.5.7" to ""
[259.571s] -- Installing: /ros2_ws/install/moveit_planners_ompl/lib/libmoveit_ompl_interface.so
[259.571s] -- Installing: /ros2_ws/install/moveit_planners_ompl/lib/libmoveit_ompl_planner_plugin.so.2.5.7
[259.572s] -- Set runtime path of "/ros2_ws/install/moveit_planners_ompl/lib/libmoveit_ompl_planner_plugin.so.2.5.7" to ""
[259.572s] -- Installing: /ros2_ws/install/moveit_planners_ompl/lib/libmoveit_ompl_planner_plugin.so
[259.572s] -- Installing: /ros2_ws/install/moveit_planners_ompl/share/moveit_planners_ompl/environment/library_path.sh
[259.573s] -- Installing: /ros2_ws/install/moveit_planners_ompl/share/moveit_planners_ompl/environment/library_path.dsv
[259.573s] -- Installing: /ros2_ws/install/moveit_planners_ompl/share/moveit_planners_ompl/ompl_interface_plugin_description.xml
[259.573s] -- Installing: /ros2_ws/install/moveit_planners_ompl/share/ament_index/resource_index/package_run_dependencies/moveit_planners_ompl
[259.573s] -- Installing: /ros2_ws/install/moveit_planners_ompl/share/ament_index/resource_index/parent_prefix_path/moveit_planners_ompl
[259.573s] -- Installing: /ros2_ws/install/moveit_planners_ompl/share/moveit_planners_ompl/environment/ament_prefix_path.sh
[259.573s] -- Installing: /ros2_ws/install/moveit_planners_ompl/share/moveit_planners_ompl/environment/ament_prefix_path.dsv
[259.574s] -- Installing: /ros2_ws/install/moveit_planners_ompl/share/moveit_planners_ompl/environment/path.sh
[259.574s] -- Installing: /ros2_ws/install/moveit_planners_ompl/share/moveit_planners_ompl/environment/path.dsv
[259.574s] -- Installing: /ros2_ws/install/moveit_planners_ompl/share/moveit_planners_ompl/local_setup.bash
[259.574s] -- Installing: /ros2_ws/install/moveit_planners_ompl/share/moveit_planners_ompl/local_setup.sh
[259.574s] -- Installing: /ros2_ws/install/moveit_planners_ompl/share/moveit_planners_ompl/local_setup.zsh
[259.574s] -- Installing: /ros2_ws/install/moveit_planners_ompl/share/moveit_planners_ompl/local_setup.dsv
[259.574s] -- Installing: /ros2_ws/install/moveit_planners_ompl/share/moveit_planners_ompl/package.dsv
[259.575s] -- Installing: /ros2_ws/install/moveit_planners_ompl/share/ament_index/resource_index/packages/moveit_planners_ompl
[259.575s] -- Installing: /ros2_ws/install/moveit_planners_ompl/share/ament_index/resource_index/moveit_core__pluginlib__plugin/moveit_planners_ompl
[259.575s] -- Installing: /ros2_ws/install/moveit_planners_ompl/share/moveit_planners_ompl/cmake/export_moveit_planners_omplExport.cmake
[259.575s] -- Installing: /ros2_ws/install/moveit_planners_ompl/share/moveit_planners_ompl/cmake/export_moveit_planners_omplExport-release.cmake
[259.575s] -- Installing: /ros2_ws/install/moveit_planners_ompl/share/moveit_planners_ompl/cmake/ament_cmake_export_targets-extras.cmake
[259.576s] -- Installing: /ros2_ws/install/moveit_planners_ompl/share/moveit_planners_ompl/cmake/ament_cmake_export_dependencies-extras.cmake
[259.576s] -- Installing: /ros2_ws/install/moveit_planners_ompl/share/moveit_planners_ompl/cmake/moveit_planners_omplConfig.cmake
[259.576s] -- Installing: /ros2_ws/install/moveit_planners_ompl/share/moveit_planners_ompl/cmake/moveit_planners_omplConfig-version.cmake
[259.576s] -- Installing: /ros2_ws/install/moveit_planners_ompl/share/moveit_planners_ompl/package.xml
[259.578s] Invoked command in '/ros2_ws/build/moveit_planners_ompl' returned '0': AMENT_PREFIX_PATH=/ros2_ws/install/moveit_ros_planning:/ros2_ws/install/moveit_ros_occupancy_map_monitor:/ros2_ws/install/moveit_core:/ros2_ws/install/moveit_resources_panda_moveit_config:/ros2_ws/install/moveit_resources_fanuc_moveit_config:/ros2_ws/install/moveit_configs_utils:/ros2_ws/install/srdfdom:/ros2_ws/install/moveit_resources_pr2_description:/ros2_ws/install/moveit_resources_panda_description:/ros2_ws/install/moveit_resources_fanuc_description:/ros2_ws/install/moveit_common:/ros2_ws/install/launch_param_builder:${AMENT_PREFIX_PATH} CMAKE_PREFIX_PATH=/ros2_ws/install/moveit_ros_planning:/ros2_ws/install/moveit_ros_occupancy_map_monitor:/ros2_ws/install/moveit_core:/ros2_ws/install/moveit_resources_panda_moveit_config:/ros2_ws/install/moveit_resources_fanuc_moveit_config:/ros2_ws/install/srdfdom:/ros2_ws/install/moveit_resources_pr2_description:/ros2_ws/install/moveit_resources_panda_description:/ros2_ws/install/moveit_resources_fanuc_description:/ros2_ws/install/moveit_common:/ros2_ws/install/ur:/ros2_ws/install/ur_calibration:/ros2_ws/install/ur_robot_driver:/ros2_ws/install/ur_bringup:/ros2_ws/install/ur_controllers:/ros2_ws/install/ur_msgs:/ros2_ws/install/ur_moveit_config:/ros2_ws/install/ur_dashboard_msgs:/opt/ros/humble LD_LIBRARY_PATH=/ros2_ws/install/moveit_ros_planning/lib:/ros2_ws/install/moveit_ros_occupancy_map_monitor/lib:/ros2_ws/install/moveit_core/lib:/ros2_ws/install/srdfdom/lib:${LD_LIBRARY_PATH} PATH=/ros2_ws/install/moveit_core/bin:${PATH} PYTHONPATH=/ros2_ws/install/moveit_configs_utils/lib/python3.10/site-packages:/ros2_ws/install/srdfdom/local/lib/python3.10/dist-packages:/ros2_ws/install/launch_param_builder/lib/python3.10/site-packages:${PYTHONPATH} /usr/bin/cmake --install /ros2_ws/build/moveit_planners_ompl
