[0.081s] Invoking command in '/ros2_ws/build/moveit_ros_planning': AMENT_PREFIX_PATH=/ros2_ws/install/moveit_ros_occupancy_map_monitor:/ros2_ws/install/moveit_core:/ros2_ws/install/moveit_resources_panda_moveit_config:/ros2_ws/install/moveit_configs_utils:/ros2_ws/install/srdfdom:/ros2_ws/install/moveit_resources_pr2_description:/ros2_ws/install/moveit_resources_panda_description:/ros2_ws/install/moveit_common:/ros2_ws/install/launch_param_builder:${AMENT_PREFIX_PATH} CMAKE_PREFIX_PATH=/ros2_ws/install/moveit_ros_occupancy_map_monitor:/ros2_ws/install/moveit_core:/ros2_ws/install/moveit_resources_panda_moveit_config:/ros2_ws/install/srdfdom:/ros2_ws/install/moveit_resources_pr2_description:/ros2_ws/install/moveit_resources_panda_description:/ros2_ws/install/moveit_common:/opt/ros/humble LD_LIBRARY_PATH=/ros2_ws/install/moveit_ros_occupancy_map_monitor/lib:/ros2_ws/install/moveit_core/lib:/ros2_ws/install/srdfdom/lib:${LD_LIBRARY_PATH} PATH=/ros2_ws/install/moveit_core/bin:${PATH} PYTHONPATH=/ros2_ws/install/moveit_configs_utils/lib/python3.10/site-packages:/ros2_ws/install/srdfdom/local/lib/python3.10/dist-packages:/ros2_ws/install/launch_param_builder/lib/python3.10/site-packages:${PYTHONPATH} /usr/bin/cmake --build /ros2_ws/build/moveit_ros_planning -- -j8 -l8
[0.383s] [  4%] Built target gmock
[0.388s] [  7%] Built target gtest_main
[0.408s] [ 10%] Built target gmock_main
[0.430s] [ 14%] Built target moveit_rdf_loader
[0.452s] [ 17%] Built target moveit_collision_plugin_loader
[0.467s] [ 20%] Built target moveit_list_request_adapter_plugins
[0.480s] [ 23%] Built target moveit_planning_pipeline
[0.517s] [ 26%] Built target gtest
[0.588s] [ 29%] Built target moveit_kinematics_plugin_loader
[0.598s] [ 32%] Built target moveit_constraint_sampler_manager_loader
[0.600s] [ 48%] Built target moveit_default_planning_request_adapter_plugins
[0.723s] [ 51%] Built target moveit_robot_model_loader
[0.859s] [ 54%] Built target moveit_print_planning_model_info
[0.951s] [ 63%] Built target moveit_planning_scene_monitor
[1.232s] [ 66%] Built target demo_scene
[1.232s] [ 69%] Built target trajectory_monitor_tests
[1.239s] [ 72%] Built target moveit_print_planning_scene_info
[1.242s] [ 75%] Built target planning_scene_monitor_test
[1.247s] [ 77%] Built target current_state_monitor_tests
[1.255s] [ 80%] Built target moveit_display_random_state
[1.257s] [ 83%] Built target moveit_visualize_robot_collision_volume
[1.269s] [ 86%] Built target moveit_evaluate_collision_checking_speed
[1.406s] [ 89%] Built target moveit_trajectory_execution_manager
[1.409s] [ 92%] Built target moveit_publish_scene_from_text
[1.575s] [ 95%] Built target moveit_plan_execution
[1.595s] [100%] Built target moveit_cpp
[1.634s] Invoked command in '/ros2_ws/build/moveit_ros_planning' returned '0': AMENT_PREFIX_PATH=/ros2_ws/install/moveit_ros_occupancy_map_monitor:/ros2_ws/install/moveit_core:/ros2_ws/install/moveit_resources_panda_moveit_config:/ros2_ws/install/moveit_configs_utils:/ros2_ws/install/srdfdom:/ros2_ws/install/moveit_resources_pr2_description:/ros2_ws/install/moveit_resources_panda_description:/ros2_ws/install/moveit_common:/ros2_ws/install/launch_param_builder:${AMENT_PREFIX_PATH} CMAKE_PREFIX_PATH=/ros2_ws/install/moveit_ros_occupancy_map_monitor:/ros2_ws/install/moveit_core:/ros2_ws/install/moveit_resources_panda_moveit_config:/ros2_ws/install/srdfdom:/ros2_ws/install/moveit_resources_pr2_description:/ros2_ws/install/moveit_resources_panda_description:/ros2_ws/install/moveit_common:/opt/ros/humble LD_LIBRARY_PATH=/ros2_ws/install/moveit_ros_occupancy_map_monitor/lib:/ros2_ws/install/moveit_core/lib:/ros2_ws/install/srdfdom/lib:${LD_LIBRARY_PATH} PATH=/ros2_ws/install/moveit_core/bin:${PATH} PYTHONPATH=/ros2_ws/install/moveit_configs_utils/lib/python3.10/site-packages:/ros2_ws/install/srdfdom/local/lib/python3.10/dist-packages:/ros2_ws/install/launch_param_builder/lib/python3.10/site-packages:${PYTHONPATH} /usr/bin/cmake --build /ros2_ws/build/moveit_ros_planning -- -j8 -l8
[1.645s] Invoking command in '/ros2_ws/build/moveit_ros_planning': AMENT_PREFIX_PATH=/ros2_ws/install/moveit_ros_occupancy_map_monitor:/ros2_ws/install/moveit_core:/ros2_ws/install/moveit_resources_panda_moveit_config:/ros2_ws/install/moveit_configs_utils:/ros2_ws/install/srdfdom:/ros2_ws/install/moveit_resources_pr2_description:/ros2_ws/install/moveit_resources_panda_description:/ros2_ws/install/moveit_common:/ros2_ws/install/launch_param_builder:${AMENT_PREFIX_PATH} CMAKE_PREFIX_PATH=/ros2_ws/install/moveit_ros_occupancy_map_monitor:/ros2_ws/install/moveit_core:/ros2_ws/install/moveit_resources_panda_moveit_config:/ros2_ws/install/srdfdom:/ros2_ws/install/moveit_resources_pr2_description:/ros2_ws/install/moveit_resources_panda_description:/ros2_ws/install/moveit_common:/opt/ros/humble LD_LIBRARY_PATH=/ros2_ws/install/moveit_ros_occupancy_map_monitor/lib:/ros2_ws/install/moveit_core/lib:/ros2_ws/install/srdfdom/lib:${LD_LIBRARY_PATH} PATH=/ros2_ws/install/moveit_core/bin:${PATH} PYTHONPATH=/ros2_ws/install/moveit_configs_utils/lib/python3.10/site-packages:/ros2_ws/install/srdfdom/local/lib/python3.10/dist-packages:/ros2_ws/install/launch_param_builder/lib/python3.10/site-packages:${PYTHONPATH} /usr/bin/cmake --install /ros2_ws/build/moveit_ros_planning
[1.660s] -- Install configuration: "Release"
[1.661s] -- Up-to-date: /ros2_ws/install/moveit_ros_planning/include
[1.661s] -- Up-to-date: /ros2_ws/install/moveit_ros_planning/include/moveit
[1.661s] -- Up-to-date: /ros2_ws/install/moveit_ros_planning/include/moveit/rdf_loader
[1.661s] -- Up-to-date: /ros2_ws/install/moveit_ros_planning/include/moveit/rdf_loader/rdf_loader.h
[1.662s] -- Up-to-date: /ros2_ws/install/moveit_ros_planning/include/moveit/rdf_loader/synchronized_string_parameter.h
[1.662s] -- Up-to-date: /ros2_ws/install/moveit_ros_planning/share/moveit_ros_planning/rdf_loader/test/data
[1.662s] -- Up-to-date: /ros2_ws/install/moveit_ros_planning/share/moveit_ros_planning/rdf_loader/test/data/robin.srdf.xacro
[1.662s] -- Up-to-date: /ros2_ws/install/moveit_ros_planning/share/moveit_ros_planning/rdf_loader/test/data/kermit.srdf
[1.662s] -- Up-to-date: /ros2_ws/install/moveit_ros_planning/share/moveit_ros_planning/rdf_loader/test/data/kermit.urdf
[1.662s] -- Up-to-date: /ros2_ws/install/moveit_ros_planning/share/moveit_ros_planning/rdf_loader/test/data/gonzo.urdf
[1.662s] -- Up-to-date: /ros2_ws/install/moveit_ros_planning/share/moveit_ros_planning/rdf_loader/test/data/gonzo.srdf
[1.662s] -- Up-to-date: /ros2_ws/install/moveit_ros_planning/share/moveit_ros_planning/rdf_loader/test/launch
[1.662s] -- Up-to-date: /ros2_ws/install/moveit_ros_planning/share/moveit_ros_planning/rdf_loader/test/launch/test_rdf_integration.test.py
[1.662s] -- Up-to-date: /ros2_ws/install/moveit_ros_planning/include
[1.663s] -- Up-to-date: /ros2_ws/install/moveit_ros_planning/include/moveit
[1.663s] -- Up-to-date: /ros2_ws/install/moveit_ros_planning/include/moveit/collision_plugin_loader
[1.663s] -- Up-to-date: /ros2_ws/install/moveit_ros_planning/include/moveit/collision_plugin_loader/collision_plugin_loader.h
[1.664s] -- Up-to-date: /ros2_ws/install/moveit_ros_planning/include
[1.664s] -- Up-to-date: /ros2_ws/install/moveit_ros_planning/include/moveit
[1.664s] -- Up-to-date: /ros2_ws/install/moveit_ros_planning/include/moveit/kinematics_plugin_loader
[1.664s] -- Up-to-date: /ros2_ws/install/moveit_ros_planning/include/moveit/kinematics_plugin_loader/kinematics_plugin_loader.h
[1.664s] -- Up-to-date: /ros2_ws/install/moveit_ros_planning/include
[1.664s] -- Up-to-date: /ros2_ws/install/moveit_ros_planning/include/moveit
[1.665s] -- Up-to-date: /ros2_ws/install/moveit_ros_planning/include/moveit/robot_model_loader
[1.665s] -- Up-to-date: /ros2_ws/install/moveit_ros_planning/include/moveit/robot_model_loader/robot_model_loader.h
[1.665s] -- Up-to-date: /ros2_ws/install/moveit_ros_planning/include
[1.665s] -- Up-to-date: /ros2_ws/install/moveit_ros_planning/include/moveit
[1.666s] -- Up-to-date: /ros2_ws/install/moveit_ros_planning/include/moveit/constraint_sampler_manager_loader
[1.666s] -- Up-to-date: /ros2_ws/install/moveit_ros_planning/include/moveit/constraint_sampler_manager_loader/constraint_sampler_manager_loader.h
[1.666s] -- Up-to-date: /ros2_ws/install/moveit_ros_planning/include
[1.666s] -- Up-to-date: /ros2_ws/install/moveit_ros_planning/include/moveit
[1.667s] -- Up-to-date: /ros2_ws/install/moveit_ros_planning/include/moveit/planning_pipeline
[1.667s] -- Up-to-date: /ros2_ws/install/moveit_ros_planning/include/moveit/planning_pipeline/planning_pipeline.h
[1.667s] -- Up-to-date: /ros2_ws/install/moveit_ros_planning/include/moveit_planning_pipeline_export.h
[1.668s] -- Up-to-date: /ros2_ws/install/moveit_ros_planning/lib/moveit_ros_planning/moveit_list_request_adapter_plugins
[1.670s] -- Up-to-date: /ros2_ws/install/moveit_ros_planning/lib/moveit_ros_planning/demo_scene
[1.670s] -- Up-to-date: /ros2_ws/install/moveit_ros_planning/include
[1.670s] -- Up-to-date: /ros2_ws/install/moveit_ros_planning/include/moveit
[1.670s] -- Up-to-date: /ros2_ws/install/moveit_ros_planning/include/moveit/planning_scene_monitor
[1.670s] -- Up-to-date: /ros2_ws/install/moveit_ros_planning/include/moveit/planning_scene_monitor/trajectory_monitor.h
[1.671s] -- Up-to-date: /ros2_ws/install/moveit_ros_planning/include/moveit/planning_scene_monitor/planning_scene_monitor.h
[1.671s] -- Up-to-date: /ros2_ws/install/moveit_ros_planning/include/moveit/planning_scene_monitor/current_state_monitor_middleware_handle.hpp
[1.671s] -- Up-to-date: /ros2_ws/install/moveit_ros_planning/include/moveit/planning_scene_monitor/trajectory_monitor_middleware_handle.hpp
[1.671s] -- Up-to-date: /ros2_ws/install/moveit_ros_planning/include/moveit/planning_scene_monitor/current_state_monitor.h
[1.671s] -- Up-to-date: /ros2_ws/install/moveit_ros_planning/include/moveit_planning_scene_monitor_export.h
[1.672s] -- Up-to-date: /ros2_ws/install/moveit_ros_planning/lib/moveit_ros_planning/moveit_print_planning_model_info
[1.673s] -- Up-to-date: /ros2_ws/install/moveit_ros_planning/lib/moveit_ros_planning/moveit_print_planning_scene_info
[1.673s] -- Up-to-date: /ros2_ws/install/moveit_ros_planning/lib/moveit_ros_planning/moveit_display_random_state
[1.674s] -- Up-to-date: /ros2_ws/install/moveit_ros_planning/lib/moveit_ros_planning/moveit_visualize_robot_collision_volume
[1.676s] -- Up-to-date: /ros2_ws/install/moveit_ros_planning/lib/moveit_ros_planning/moveit_evaluate_collision_checking_speed
[1.677s] -- Up-to-date: /ros2_ws/install/moveit_ros_planning/lib/moveit_ros_planning/moveit_publish_scene_from_text
[1.677s] -- Up-to-date: /ros2_ws/install/moveit_ros_planning/include
[1.677s] -- Up-to-date: /ros2_ws/install/moveit_ros_planning/include/moveit
[1.678s] -- Up-to-date: /ros2_ws/install/moveit_ros_planning/include/moveit/trajectory_execution_manager
[1.678s] -- Up-to-date: /ros2_ws/install/moveit_ros_planning/include/moveit/trajectory_execution_manager/trajectory_execution_manager.h
[1.678s] -- Up-to-date: /ros2_ws/install/moveit_ros_planning/include/moveit_trajectory_execution_manager_export.h
[1.678s] -- Up-to-date: /ros2_ws/install/moveit_ros_planning/include
[1.678s] -- Up-to-date: /ros2_ws/install/moveit_ros_planning/include/moveit
[1.679s] -- Up-to-date: /ros2_ws/install/moveit_ros_planning/include/moveit/plan_execution
[1.679s] -- Up-to-date: /ros2_ws/install/moveit_ros_planning/include/moveit/plan_execution/plan_execution.h
[1.679s] -- Up-to-date: /ros2_ws/install/moveit_ros_planning/include/moveit/plan_execution/plan_representation.h
[1.679s] -- Up-to-date: /ros2_ws/install/moveit_ros_planning/include
[1.679s] -- Up-to-date: /ros2_ws/install/moveit_ros_planning/include/moveit
[1.679s] -- Up-to-date: /ros2_ws/install/moveit_ros_planning/include/moveit/moveit_cpp
[1.679s] -- Up-to-date: /ros2_ws/install/moveit_ros_planning/include/moveit/moveit_cpp/moveit_cpp.h
[1.679s] -- Up-to-date: /ros2_ws/install/moveit_ros_planning/include/moveit/moveit_cpp/planning_component.h
[1.680s] -- Up-to-date: /ros2_ws/install/moveit_ros_planning/lib/libmoveit_rdf_loader.so.2.5.7
[1.680s] -- Up-to-date: /ros2_ws/install/moveit_ros_planning/lib/libmoveit_rdf_loader.so
[1.681s] -- Up-to-date: /ros2_ws/install/moveit_ros_planning/lib/libmoveit_kinematics_plugin_loader.so.2.5.7
[1.681s] -- Up-to-date: /ros2_ws/install/moveit_ros_planning/lib/libmoveit_kinematics_plugin_loader.so
[1.682s] -- Up-to-date: /ros2_ws/install/moveit_ros_planning/lib/libmoveit_robot_model_loader.so.2.5.7
[1.682s] -- Up-to-date: /ros2_ws/install/moveit_ros_planning/lib/libmoveit_robot_model_loader.so
[1.683s] -- Up-to-date: /ros2_ws/install/moveit_ros_planning/lib/libmoveit_constraint_sampler_manager_loader.so.2.5.7
[1.683s] -- Up-to-date: /ros2_ws/install/moveit_ros_planning/lib/libmoveit_constraint_sampler_manager_loader.so
[1.684s] -- Up-to-date: /ros2_ws/install/moveit_ros_planning/lib/libmoveit_planning_pipeline.so.2.5.7
[1.684s] -- Up-to-date: /ros2_ws/install/moveit_ros_planning/lib/libmoveit_planning_pipeline.so
[1.685s] -- Up-to-date: /ros2_ws/install/moveit_ros_planning/lib/libmoveit_trajectory_execution_manager.so.2.5.7
[1.685s] -- Up-to-date: /ros2_ws/install/moveit_ros_planning/lib/libmoveit_trajectory_execution_manager.so
[1.686s] -- Up-to-date: /ros2_ws/install/moveit_ros_planning/lib/libmoveit_plan_execution.so.2.5.7
[1.686s] -- Up-to-date: /ros2_ws/install/moveit_ros_planning/lib/libmoveit_plan_execution.so
[1.687s] -- Up-to-date: /ros2_ws/install/moveit_ros_planning/lib/libmoveit_planning_scene_monitor.so.2.5.7
[1.687s] -- Up-to-date: /ros2_ws/install/moveit_ros_planning/lib/libmoveit_planning_scene_monitor.so
[1.688s] -- Up-to-date: /ros2_ws/install/moveit_ros_planning/lib/libmoveit_collision_plugin_loader.so.2.5.7
[1.688s] -- Up-to-date: /ros2_ws/install/moveit_ros_planning/lib/libmoveit_collision_plugin_loader.so
[1.689s] -- Up-to-date: /ros2_ws/install/moveit_ros_planning/lib/libmoveit_default_planning_request_adapter_plugins.so.2.5.7
[1.689s] -- Up-to-date: /ros2_ws/install/moveit_ros_planning/lib/libmoveit_default_planning_request_adapter_plugins.so
[1.690s] -- Up-to-date: /ros2_ws/install/moveit_ros_planning/lib/libmoveit_cpp.so.2.5.7
[1.690s] -- Up-to-date: /ros2_ws/install/moveit_ros_planning/lib/libmoveit_cpp.so
[1.690s] -- Up-to-date: /ros2_ws/install/moveit_ros_planning/share/moveit_ros_planning/environment/library_path.sh
[1.690s] -- Up-to-date: /ros2_ws/install/moveit_ros_planning/share/moveit_ros_planning/environment/library_path.dsv
[1.690s] -- Up-to-date: /ros2_ws/install/moveit_ros_planning/share/moveit_ros_planning/planning_request_adapters_plugin_description.xml
[1.690s] -- Up-to-date: /ros2_ws/install/moveit_ros_planning/share/ament_index/resource_index/package_run_dependencies/moveit_ros_planning
[1.690s] -- Up-to-date: /ros2_ws/install/moveit_ros_planning/share/ament_index/resource_index/parent_prefix_path/moveit_ros_planning
[1.690s] -- Up-to-date: /ros2_ws/install/moveit_ros_planning/share/moveit_ros_planning/environment/ament_prefix_path.sh
[1.690s] -- Up-to-date: /ros2_ws/install/moveit_ros_planning/share/moveit_ros_planning/environment/ament_prefix_path.dsv
[1.690s] -- Up-to-date: /ros2_ws/install/moveit_ros_planning/share/moveit_ros_planning/environment/path.sh
[1.691s] -- Up-to-date: /ros2_ws/install/moveit_ros_planning/share/moveit_ros_planning/environment/path.dsv
[1.691s] -- Up-to-date: /ros2_ws/install/moveit_ros_planning/share/moveit_ros_planning/local_setup.bash
[1.691s] -- Up-to-date: /ros2_ws/install/moveit_ros_planning/share/moveit_ros_planning/local_setup.sh
[1.691s] -- Up-to-date: /ros2_ws/install/moveit_ros_planning/share/moveit_ros_planning/local_setup.zsh
[1.691s] -- Up-to-date: /ros2_ws/install/moveit_ros_planning/share/moveit_ros_planning/local_setup.dsv
[1.691s] -- Installing: /ros2_ws/install/moveit_ros_planning/share/moveit_ros_planning/package.dsv
[1.691s] -- Up-to-date: /ros2_ws/install/moveit_ros_planning/share/ament_index/resource_index/packages/moveit_ros_planning
[1.691s] -- Up-to-date: /ros2_ws/install/moveit_ros_planning/share/ament_index/resource_index/moveit_core__pluginlib__plugin/moveit_ros_planning
[1.691s] -- Up-to-date: /ros2_ws/install/moveit_ros_planning/share/moveit_ros_planning/cmake/export_moveit_ros_planningExport.cmake
[1.691s] -- Up-to-date: /ros2_ws/install/moveit_ros_planning/share/moveit_ros_planning/cmake/export_moveit_ros_planningExport-release.cmake
[1.692s] -- Up-to-date: /ros2_ws/install/moveit_ros_planning/share/moveit_ros_planning/cmake/ConfigExtras.cmake
[1.692s] -- Up-to-date: /ros2_ws/install/moveit_ros_planning/share/moveit_ros_planning/cmake/ament_cmake_export_targets-extras.cmake
[1.692s] -- Up-to-date: /ros2_ws/install/moveit_ros_planning/share/moveit_ros_planning/cmake/ament_cmake_export_dependencies-extras.cmake
[1.692s] -- Up-to-date: /ros2_ws/install/moveit_ros_planning/share/moveit_ros_planning/cmake/moveit_ros_planningConfig.cmake
[1.692s] -- Up-to-date: /ros2_ws/install/moveit_ros_planning/share/moveit_ros_planning/cmake/moveit_ros_planningConfig-version.cmake
[1.692s] -- Up-to-date: /ros2_ws/install/moveit_ros_planning/share/moveit_ros_planning/package.xml
[1.694s] Invoked command in '/ros2_ws/build/moveit_ros_planning' returned '0': AMENT_PREFIX_PATH=/ros2_ws/install/moveit_ros_occupancy_map_monitor:/ros2_ws/install/moveit_core:/ros2_ws/install/moveit_resources_panda_moveit_config:/ros2_ws/install/moveit_configs_utils:/ros2_ws/install/srdfdom:/ros2_ws/install/moveit_resources_pr2_description:/ros2_ws/install/moveit_resources_panda_description:/ros2_ws/install/moveit_common:/ros2_ws/install/launch_param_builder:${AMENT_PREFIX_PATH} CMAKE_PREFIX_PATH=/ros2_ws/install/moveit_ros_occupancy_map_monitor:/ros2_ws/install/moveit_core:/ros2_ws/install/moveit_resources_panda_moveit_config:/ros2_ws/install/srdfdom:/ros2_ws/install/moveit_resources_pr2_description:/ros2_ws/install/moveit_resources_panda_description:/ros2_ws/install/moveit_common:/opt/ros/humble LD_LIBRARY_PATH=/ros2_ws/install/moveit_ros_occupancy_map_monitor/lib:/ros2_ws/install/moveit_core/lib:/ros2_ws/install/srdfdom/lib:${LD_LIBRARY_PATH} PATH=/ros2_ws/install/moveit_core/bin:${PATH} PYTHONPATH=/ros2_ws/install/moveit_configs_utils/lib/python3.10/site-packages:/ros2_ws/install/srdfdom/local/lib/python3.10/dist-packages:/ros2_ws/install/launch_param_builder/lib/python3.10/site-packages:${PYTHONPATH} /usr/bin/cmake --install /ros2_ws/build/moveit_ros_planning
