[0.141s] DEBUG:colcon:Command line arguments: ['/usr/bin/colcon', 'build', '--cmake-args', '-DCMAKE_BUILD_TYPE=Release']
[0.141s] DEBUG:colcon:Parsed command line arguments: Namespace(log_base=None, log_level=None, verb_name='build', build_base='build', install_base='install', merge_install=False, symlink_install=False, test_result_base=None, continue_on_error=False, executor='parallel', parallel_workers=8, event_handlers=None, ignore_user_meta=False, metas=['./colcon.meta'], base_paths=['.'], packages_ignore=None, packages_ignore_regex=None, paths=None, packages_up_to=None, packages_up_to_regex=None, packages_above=None, packages_above_and_dependencies=None, packages_above_depth=None, packages_select_by_dep=None, packages_skip_by_dep=None, packages_skip_up_to=None, packages_select_build_failed=False, packages_skip_build_finished=False, packages_select_test_failures=False, packages_skip_test_passed=False, packages_select=None, packages_skip=None, packages_select_regex=None, packages_skip_regex=None, packages_start=None, packages_end=None, allow_overriding=[], cmake_args=['-DCMAKE_BUILD_TYPE=Release'], cmake_target=None, cmake_target_skip_unavailable=False, cmake_clean_cache=False, cmake_clean_first=False, cmake_force_configure=False, ament_cmake_args=None, catkin_cmake_args=None, catkin_skip_building_tests=False, mixin_files=None, mixin=None, verb_parser=<colcon_mixin.mixin.mixin_argument.MixinArgumentDecorator object at 0x7b568b8411b0>, verb_extension=<colcon_core.verb.build.BuildVerb object at 0x7b568b840ca0>, main=<bound method BuildVerb.main of <colcon_core.verb.build.BuildVerb object at 0x7b568b840ca0>>, mixin_verb=('build',))
[0.287s] Level 1:colcon.colcon_core.package_discovery:discover_packages(colcon_meta) check parameters
[0.287s] Level 1:colcon.colcon_core.package_discovery:discover_packages(recursive) check parameters
[0.287s] Level 1:colcon.colcon_core.package_discovery:discover_packages(ignore) check parameters
[0.287s] Level 1:colcon.colcon_core.package_discovery:discover_packages(path) check parameters
[0.287s] Level 1:colcon.colcon_core.package_discovery:discover_packages(colcon_meta) discover
[0.287s] Level 1:colcon.colcon_core.package_discovery:discover_packages(recursive) discover
[0.287s] INFO:colcon.colcon_core.package_discovery:Crawling recursively for packages in '/ros2_ws'
[0.288s] Level 1:colcon.colcon_core.package_identification:_identify(.) by extensions ['ignore', 'ignore_ament_install']
[0.288s] Level 1:colcon.colcon_core.package_identification:_identify(.) by extension 'ignore'
[0.288s] Level 1:colcon.colcon_core.package_identification:_identify(.) by extension 'ignore_ament_install'
[0.288s] Level 1:colcon.colcon_core.package_identification:_identify(.) by extensions ['colcon_pkg']
[0.288s] Level 1:colcon.colcon_core.package_identification:_identify(.) by extension 'colcon_pkg'
[0.288s] Level 1:colcon.colcon_core.package_identification:_identify(.) by extensions ['colcon_meta']
[0.288s] Level 1:colcon.colcon_core.package_identification:_identify(.) by extension 'colcon_meta'
[0.288s] Level 1:colcon.colcon_core.package_identification:_identify(.) by extensions ['ros']
[0.288s] Level 1:colcon.colcon_core.package_identification:_identify(.) by extension 'ros'
[0.306s] Level 1:colcon.colcon_core.package_identification:_identify(.) by extensions ['cmake', 'python']
[0.306s] Level 1:colcon.colcon_core.package_identification:_identify(.) by extension 'cmake'
[0.307s] Level 1:colcon.colcon_core.package_identification:_identify(.) by extension 'python'
[0.307s] Level 1:colcon.colcon_core.package_identification:_identify(.) by extensions ['python_setup_py']
[0.307s] Level 1:colcon.colcon_core.package_identification:_identify(.) by extension 'python_setup_py'
[0.307s] Level 1:colcon.colcon_core.package_identification:_identify(build) by extensions ['ignore', 'ignore_ament_install']
[0.307s] Level 1:colcon.colcon_core.package_identification:_identify(build) by extension 'ignore'
[0.307s] Level 1:colcon.colcon_core.package_identification:_identify(build) ignored
[0.307s] Level 1:colcon.colcon_core.package_identification:_identify(install) by extensions ['ignore', 'ignore_ament_install']
[0.307s] Level 1:colcon.colcon_core.package_identification:_identify(install) by extension 'ignore'
[0.307s] Level 1:colcon.colcon_core.package_identification:_identify(install) ignored
[0.308s] Level 1:colcon.colcon_core.package_identification:_identify(log) by extensions ['ignore', 'ignore_ament_install']
[0.308s] Level 1:colcon.colcon_core.package_identification:_identify(log) by extension 'ignore'
[0.308s] Level 1:colcon.colcon_core.package_identification:_identify(log) ignored
[0.308s] Level 1:colcon.colcon_core.package_identification:_identify(src) by extensions ['ignore', 'ignore_ament_install']
[0.308s] Level 1:colcon.colcon_core.package_identification:_identify(src) by extension 'ignore'
[0.308s] Level 1:colcon.colcon_core.package_identification:_identify(src) by extension 'ignore_ament_install'
[0.308s] Level 1:colcon.colcon_core.package_identification:_identify(src) by extensions ['colcon_pkg']
[0.308s] Level 1:colcon.colcon_core.package_identification:_identify(src) by extension 'colcon_pkg'
[0.308s] Level 1:colcon.colcon_core.package_identification:_identify(src) by extensions ['colcon_meta']
[0.308s] Level 1:colcon.colcon_core.package_identification:_identify(src) by extension 'colcon_meta'
[0.308s] Level 1:colcon.colcon_core.package_identification:_identify(src) by extensions ['ros']
[0.308s] Level 1:colcon.colcon_core.package_identification:_identify(src) by extension 'ros'
[0.309s] Level 1:colcon.colcon_core.package_identification:_identify(src) by extensions ['cmake', 'python']
[0.309s] Level 1:colcon.colcon_core.package_identification:_identify(src) by extension 'cmake'
[0.309s] Level 1:colcon.colcon_core.package_identification:_identify(src) by extension 'python'
[0.309s] Level 1:colcon.colcon_core.package_identification:_identify(src) by extensions ['python_setup_py']
[0.309s] Level 1:colcon.colcon_core.package_identification:_identify(src) by extension 'python_setup_py'
[0.309s] Level 1:colcon.colcon_core.package_identification:_identify(src/Universal_Robots_ROS2_Driver) by extensions ['ignore', 'ignore_ament_install']
[0.309s] Level 1:colcon.colcon_core.package_identification:_identify(src/Universal_Robots_ROS2_Driver) by extension 'ignore'
[0.309s] Level 1:colcon.colcon_core.package_identification:_identify(src/Universal_Robots_ROS2_Driver) by extension 'ignore_ament_install'
[0.309s] Level 1:colcon.colcon_core.package_identification:_identify(src/Universal_Robots_ROS2_Driver) by extensions ['colcon_pkg']
[0.309s] Level 1:colcon.colcon_core.package_identification:_identify(src/Universal_Robots_ROS2_Driver) by extension 'colcon_pkg'
[0.309s] Level 1:colcon.colcon_core.package_identification:_identify(src/Universal_Robots_ROS2_Driver) by extensions ['colcon_meta']
[0.310s] Level 1:colcon.colcon_core.package_identification:_identify(src/Universal_Robots_ROS2_Driver) by extension 'colcon_meta'
[0.310s] Level 1:colcon.colcon_core.package_identification:_identify(src/Universal_Robots_ROS2_Driver) by extensions ['ros']
[0.310s] Level 1:colcon.colcon_core.package_identification:_identify(src/Universal_Robots_ROS2_Driver) by extension 'ros'
[0.310s] Level 1:colcon.colcon_core.package_identification:_identify(src/Universal_Robots_ROS2_Driver) by extensions ['cmake', 'python']
[0.310s] Level 1:colcon.colcon_core.package_identification:_identify(src/Universal_Robots_ROS2_Driver) by extension 'cmake'
[0.310s] Level 1:colcon.colcon_core.package_identification:_identify(src/Universal_Robots_ROS2_Driver) by extension 'python'
[0.310s] Level 1:colcon.colcon_core.package_identification:_identify(src/Universal_Robots_ROS2_Driver) by extensions ['python_setup_py']
[0.310s] Level 1:colcon.colcon_core.package_identification:_identify(src/Universal_Robots_ROS2_Driver) by extension 'python_setup_py'
[0.310s] Level 1:colcon.colcon_core.package_identification:_identify(src/Universal_Robots_ROS2_Driver/ur) by extensions ['ignore', 'ignore_ament_install']
[0.310s] Level 1:colcon.colcon_core.package_identification:_identify(src/Universal_Robots_ROS2_Driver/ur) by extension 'ignore'
[0.310s] Level 1:colcon.colcon_core.package_identification:_identify(src/Universal_Robots_ROS2_Driver/ur) by extension 'ignore_ament_install'
[0.310s] Level 1:colcon.colcon_core.package_identification:_identify(src/Universal_Robots_ROS2_Driver/ur) by extensions ['colcon_pkg']
[0.310s] Level 1:colcon.colcon_core.package_identification:_identify(src/Universal_Robots_ROS2_Driver/ur) by extension 'colcon_pkg'
[0.310s] Level 1:colcon.colcon_core.package_identification:_identify(src/Universal_Robots_ROS2_Driver/ur) by extensions ['colcon_meta']
[0.310s] Level 1:colcon.colcon_core.package_identification:_identify(src/Universal_Robots_ROS2_Driver/ur) by extension 'colcon_meta'
[0.310s] Level 1:colcon.colcon_core.package_identification:_identify(src/Universal_Robots_ROS2_Driver/ur) by extensions ['ros']
[0.310s] Level 1:colcon.colcon_core.package_identification:_identify(src/Universal_Robots_ROS2_Driver/ur) by extension 'ros'
[0.313s] DEBUG:colcon.colcon_core.package_identification:Package 'src/Universal_Robots_ROS2_Driver/ur' with type 'ros.ament_cmake' and name 'ur'
[0.313s] Level 1:colcon.colcon_core.package_identification:_identify(src/Universal_Robots_ROS2_Driver/ur_bringup) by extensions ['ignore', 'ignore_ament_install']
[0.313s] Level 1:colcon.colcon_core.package_identification:_identify(src/Universal_Robots_ROS2_Driver/ur_bringup) by extension 'ignore'
[0.313s] Level 1:colcon.colcon_core.package_identification:_identify(src/Universal_Robots_ROS2_Driver/ur_bringup) by extension 'ignore_ament_install'
[0.313s] Level 1:colcon.colcon_core.package_identification:_identify(src/Universal_Robots_ROS2_Driver/ur_bringup) by extensions ['colcon_pkg']
[0.313s] Level 1:colcon.colcon_core.package_identification:_identify(src/Universal_Robots_ROS2_Driver/ur_bringup) by extension 'colcon_pkg'
[0.313s] Level 1:colcon.colcon_core.package_identification:_identify(src/Universal_Robots_ROS2_Driver/ur_bringup) by extensions ['colcon_meta']
[0.313s] Level 1:colcon.colcon_core.package_identification:_identify(src/Universal_Robots_ROS2_Driver/ur_bringup) by extension 'colcon_meta'
[0.313s] Level 1:colcon.colcon_core.package_identification:_identify(src/Universal_Robots_ROS2_Driver/ur_bringup) by extensions ['ros']
[0.313s] Level 1:colcon.colcon_core.package_identification:_identify(src/Universal_Robots_ROS2_Driver/ur_bringup) by extension 'ros'
[0.314s] DEBUG:colcon.colcon_core.package_identification:Package 'src/Universal_Robots_ROS2_Driver/ur_bringup' with type 'ros.ament_cmake' and name 'ur_bringup'
[0.314s] Level 1:colcon.colcon_core.package_identification:_identify(src/Universal_Robots_ROS2_Driver/ur_calibration) by extensions ['ignore', 'ignore_ament_install']
[0.314s] Level 1:colcon.colcon_core.package_identification:_identify(src/Universal_Robots_ROS2_Driver/ur_calibration) by extension 'ignore'
[0.314s] Level 1:colcon.colcon_core.package_identification:_identify(src/Universal_Robots_ROS2_Driver/ur_calibration) by extension 'ignore_ament_install'
[0.314s] Level 1:colcon.colcon_core.package_identification:_identify(src/Universal_Robots_ROS2_Driver/ur_calibration) by extensions ['colcon_pkg']
[0.314s] Level 1:colcon.colcon_core.package_identification:_identify(src/Universal_Robots_ROS2_Driver/ur_calibration) by extension 'colcon_pkg'
[0.315s] Level 1:colcon.colcon_core.package_identification:_identify(src/Universal_Robots_ROS2_Driver/ur_calibration) by extensions ['colcon_meta']
[0.315s] Level 1:colcon.colcon_core.package_identification:_identify(src/Universal_Robots_ROS2_Driver/ur_calibration) by extension 'colcon_meta'
[0.315s] Level 1:colcon.colcon_core.package_identification:_identify(src/Universal_Robots_ROS2_Driver/ur_calibration) by extensions ['ros']
[0.315s] Level 1:colcon.colcon_core.package_identification:_identify(src/Universal_Robots_ROS2_Driver/ur_calibration) by extension 'ros'
[0.315s] DEBUG:colcon.colcon_core.package_identification:Package 'src/Universal_Robots_ROS2_Driver/ur_calibration' with type 'ros.ament_cmake' and name 'ur_calibration'
[0.316s] Level 1:colcon.colcon_core.package_identification:_identify(src/Universal_Robots_ROS2_Driver/ur_controllers) by extensions ['ignore', 'ignore_ament_install']
[0.316s] Level 1:colcon.colcon_core.package_identification:_identify(src/Universal_Robots_ROS2_Driver/ur_controllers) by extension 'ignore'
[0.316s] Level 1:colcon.colcon_core.package_identification:_identify(src/Universal_Robots_ROS2_Driver/ur_controllers) by extension 'ignore_ament_install'
[0.316s] Level 1:colcon.colcon_core.package_identification:_identify(src/Universal_Robots_ROS2_Driver/ur_controllers) by extensions ['colcon_pkg']
[0.316s] Level 1:colcon.colcon_core.package_identification:_identify(src/Universal_Robots_ROS2_Driver/ur_controllers) by extension 'colcon_pkg'
[0.316s] Level 1:colcon.colcon_core.package_identification:_identify(src/Universal_Robots_ROS2_Driver/ur_controllers) by extensions ['colcon_meta']
[0.316s] Level 1:colcon.colcon_core.package_identification:_identify(src/Universal_Robots_ROS2_Driver/ur_controllers) by extension 'colcon_meta'
[0.316s] Level 1:colcon.colcon_core.package_identification:_identify(src/Universal_Robots_ROS2_Driver/ur_controllers) by extensions ['ros']
[0.316s] Level 1:colcon.colcon_core.package_identification:_identify(src/Universal_Robots_ROS2_Driver/ur_controllers) by extension 'ros'
[0.318s] DEBUG:colcon.colcon_core.package_identification:Package 'src/Universal_Robots_ROS2_Driver/ur_controllers' with type 'ros.ament_cmake' and name 'ur_controllers'
[0.318s] Level 1:colcon.colcon_core.package_identification:_identify(src/Universal_Robots_ROS2_Driver/ur_dashboard_msgs) by extensions ['ignore', 'ignore_ament_install']
[0.318s] Level 1:colcon.colcon_core.package_identification:_identify(src/Universal_Robots_ROS2_Driver/ur_dashboard_msgs) by extension 'ignore'
[0.318s] Level 1:colcon.colcon_core.package_identification:_identify(src/Universal_Robots_ROS2_Driver/ur_dashboard_msgs) by extension 'ignore_ament_install'
[0.318s] Level 1:colcon.colcon_core.package_identification:_identify(src/Universal_Robots_ROS2_Driver/ur_dashboard_msgs) by extensions ['colcon_pkg']
[0.318s] Level 1:colcon.colcon_core.package_identification:_identify(src/Universal_Robots_ROS2_Driver/ur_dashboard_msgs) by extension 'colcon_pkg'
[0.318s] Level 1:colcon.colcon_core.package_identification:_identify(src/Universal_Robots_ROS2_Driver/ur_dashboard_msgs) by extensions ['colcon_meta']
[0.318s] Level 1:colcon.colcon_core.package_identification:_identify(src/Universal_Robots_ROS2_Driver/ur_dashboard_msgs) by extension 'colcon_meta'
[0.318s] Level 1:colcon.colcon_core.package_identification:_identify(src/Universal_Robots_ROS2_Driver/ur_dashboard_msgs) by extensions ['ros']
[0.318s] Level 1:colcon.colcon_core.package_identification:_identify(src/Universal_Robots_ROS2_Driver/ur_dashboard_msgs) by extension 'ros'
[0.319s] DEBUG:colcon.colcon_core.package_identification:Package 'src/Universal_Robots_ROS2_Driver/ur_dashboard_msgs' with type 'ros.ament_cmake' and name 'ur_dashboard_msgs'
[0.319s] Level 1:colcon.colcon_core.package_identification:_identify(src/Universal_Robots_ROS2_Driver/ur_moveit_config) by extensions ['ignore', 'ignore_ament_install']
[0.319s] Level 1:colcon.colcon_core.package_identification:_identify(src/Universal_Robots_ROS2_Driver/ur_moveit_config) by extension 'ignore'
[0.319s] Level 1:colcon.colcon_core.package_identification:_identify(src/Universal_Robots_ROS2_Driver/ur_moveit_config) by extension 'ignore_ament_install'
[0.319s] Level 1:colcon.colcon_core.package_identification:_identify(src/Universal_Robots_ROS2_Driver/ur_moveit_config) by extensions ['colcon_pkg']
[0.320s] Level 1:colcon.colcon_core.package_identification:_identify(src/Universal_Robots_ROS2_Driver/ur_moveit_config) by extension 'colcon_pkg'
[0.320s] Level 1:colcon.colcon_core.package_identification:_identify(src/Universal_Robots_ROS2_Driver/ur_moveit_config) by extensions ['colcon_meta']
[0.320s] Level 1:colcon.colcon_core.package_identification:_identify(src/Universal_Robots_ROS2_Driver/ur_moveit_config) by extension 'colcon_meta'
[0.320s] Level 1:colcon.colcon_core.package_identification:_identify(src/Universal_Robots_ROS2_Driver/ur_moveit_config) by extensions ['ros']
[0.320s] Level 1:colcon.colcon_core.package_identification:_identify(src/Universal_Robots_ROS2_Driver/ur_moveit_config) by extension 'ros'
[0.320s] DEBUG:colcon.colcon_core.package_identification:Package 'src/Universal_Robots_ROS2_Driver/ur_moveit_config' with type 'ros.ament_cmake' and name 'ur_moveit_config'
[0.320s] Level 1:colcon.colcon_core.package_identification:_identify(src/Universal_Robots_ROS2_Driver/ur_robot_driver) by extensions ['ignore', 'ignore_ament_install']
[0.320s] Level 1:colcon.colcon_core.package_identification:_identify(src/Universal_Robots_ROS2_Driver/ur_robot_driver) by extension 'ignore'
[0.320s] Level 1:colcon.colcon_core.package_identification:_identify(src/Universal_Robots_ROS2_Driver/ur_robot_driver) by extension 'ignore_ament_install'
[0.321s] Level 1:colcon.colcon_core.package_identification:_identify(src/Universal_Robots_ROS2_Driver/ur_robot_driver) by extensions ['colcon_pkg']
[0.321s] Level 1:colcon.colcon_core.package_identification:_identify(src/Universal_Robots_ROS2_Driver/ur_robot_driver) by extension 'colcon_pkg'
[0.321s] Level 1:colcon.colcon_core.package_identification:_identify(src/Universal_Robots_ROS2_Driver/ur_robot_driver) by extensions ['colcon_meta']
[0.321s] Level 1:colcon.colcon_core.package_identification:_identify(src/Universal_Robots_ROS2_Driver/ur_robot_driver) by extension 'colcon_meta'
[0.321s] Level 1:colcon.colcon_core.package_identification:_identify(src/Universal_Robots_ROS2_Driver/ur_robot_driver) by extensions ['ros']
[0.321s] Level 1:colcon.colcon_core.package_identification:_identify(src/Universal_Robots_ROS2_Driver/ur_robot_driver) by extension 'ros'
[0.323s] DEBUG:colcon.colcon_core.package_identification:Package 'src/Universal_Robots_ROS2_Driver/ur_robot_driver' with type 'ros.ament_cmake' and name 'ur_robot_driver'
[0.323s] Level 1:colcon.colcon_core.package_identification:_identify(src/ur_msgs) by extensions ['ignore', 'ignore_ament_install']
[0.323s] Level 1:colcon.colcon_core.package_identification:_identify(src/ur_msgs) by extension 'ignore'
[0.323s] Level 1:colcon.colcon_core.package_identification:_identify(src/ur_msgs) by extension 'ignore_ament_install'
[0.323s] Level 1:colcon.colcon_core.package_identification:_identify(src/ur_msgs) by extensions ['colcon_pkg']
[0.323s] Level 1:colcon.colcon_core.package_identification:_identify(src/ur_msgs) by extension 'colcon_pkg'
[0.323s] Level 1:colcon.colcon_core.package_identification:_identify(src/ur_msgs) by extensions ['colcon_meta']
[0.323s] Level 1:colcon.colcon_core.package_identification:_identify(src/ur_msgs) by extension 'colcon_meta'
[0.323s] Level 1:colcon.colcon_core.package_identification:_identify(src/ur_msgs) by extensions ['ros']
[0.323s] Level 1:colcon.colcon_core.package_identification:_identify(src/ur_msgs) by extension 'ros'
[0.324s] DEBUG:colcon.colcon_core.package_identification:Package 'src/ur_msgs' with type 'ros.ament_cmake' and name 'ur_msgs'
[0.324s] Level 1:colcon.colcon_core.package_discovery:discover_packages(recursive) using defaults
[0.324s] Level 1:colcon.colcon_core.package_discovery:discover_packages(ignore) discover
[0.324s] Level 1:colcon.colcon_core.package_discovery:discover_packages(ignore) using defaults
[0.324s] Level 1:colcon.colcon_core.package_discovery:discover_packages(path) discover
[0.324s] Level 1:colcon.colcon_core.package_discovery:discover_packages(path) using defaults
[0.356s] Level 1:colcon.colcon_core.package_discovery:discover_packages(prefix_path) check parameters
[0.356s] Level 1:colcon.colcon_core.package_discovery:discover_packages(prefix_path) discover
[0.358s] DEBUG:colcon.colcon_installed_package_information.package_discovery:Found 8 installed packages in /ros2_ws/install
[0.360s] DEBUG:colcon.colcon_installed_package_information.package_discovery:Found 338 installed packages in /opt/ros/humble
[0.362s] Level 1:colcon.colcon_core.package_discovery:discover_packages(prefix_path) using defaults
[0.460s] Level 5:colcon.colcon_core.verb:set package 'ur_dashboard_msgs' build argument 'cmake_args' from command line to '['-DCMAKE_BUILD_TYPE=Release']'
[0.460s] Level 5:colcon.colcon_core.verb:set package 'ur_dashboard_msgs' build argument 'cmake_target' from command line to 'None'
[0.460s] Level 5:colcon.colcon_core.verb:set package 'ur_dashboard_msgs' build argument 'cmake_target_skip_unavailable' from command line to 'False'
[0.460s] Level 5:colcon.colcon_core.verb:set package 'ur_dashboard_msgs' build argument 'cmake_clean_cache' from command line to 'False'
[0.460s] Level 5:colcon.colcon_core.verb:set package 'ur_dashboard_msgs' build argument 'cmake_clean_first' from command line to 'False'
[0.460s] Level 5:colcon.colcon_core.verb:set package 'ur_dashboard_msgs' build argument 'cmake_force_configure' from command line to 'False'
[0.460s] Level 5:colcon.colcon_core.verb:set package 'ur_dashboard_msgs' build argument 'ament_cmake_args' from command line to 'None'
[0.460s] Level 5:colcon.colcon_core.verb:set package 'ur_dashboard_msgs' build argument 'catkin_cmake_args' from command line to 'None'
[0.460s] Level 5:colcon.colcon_core.verb:set package 'ur_dashboard_msgs' build argument 'catkin_skip_building_tests' from command line to 'False'
[0.460s] DEBUG:colcon.colcon_core.verb:Building package 'ur_dashboard_msgs' with the following arguments: {'ament_cmake_args': None, 'build_base': '/ros2_ws/build/ur_dashboard_msgs', 'catkin_cmake_args': None, 'catkin_skip_building_tests': False, 'cmake_args': ['-DCMAKE_BUILD_TYPE=Release'], 'cmake_clean_cache': False, 'cmake_clean_first': False, 'cmake_force_configure': False, 'cmake_target': None, 'cmake_target_skip_unavailable': False, 'install_base': '/ros2_ws/install/ur_dashboard_msgs', 'merge_install': False, 'path': '/ros2_ws/src/Universal_Robots_ROS2_Driver/ur_dashboard_msgs', 'symlink_install': False, 'test_result_base': None}
[0.461s] Level 5:colcon.colcon_core.verb:set package 'ur_moveit_config' build argument 'cmake_args' from command line to '['-DCMAKE_BUILD_TYPE=Release']'
[0.461s] Level 5:colcon.colcon_core.verb:set package 'ur_moveit_config' build argument 'cmake_target' from command line to 'None'
[0.461s] Level 5:colcon.colcon_core.verb:set package 'ur_moveit_config' build argument 'cmake_target_skip_unavailable' from command line to 'False'
[0.461s] Level 5:colcon.colcon_core.verb:set package 'ur_moveit_config' build argument 'cmake_clean_cache' from command line to 'False'
[0.461s] Level 5:colcon.colcon_core.verb:set package 'ur_moveit_config' build argument 'cmake_clean_first' from command line to 'False'
[0.461s] Level 5:colcon.colcon_core.verb:set package 'ur_moveit_config' build argument 'cmake_force_configure' from command line to 'False'
[0.461s] Level 5:colcon.colcon_core.verb:set package 'ur_moveit_config' build argument 'ament_cmake_args' from command line to 'None'
[0.461s] Level 5:colcon.colcon_core.verb:set package 'ur_moveit_config' build argument 'catkin_cmake_args' from command line to 'None'
[0.461s] Level 5:colcon.colcon_core.verb:set package 'ur_moveit_config' build argument 'catkin_skip_building_tests' from command line to 'False'
[0.461s] DEBUG:colcon.colcon_core.verb:Building package 'ur_moveit_config' with the following arguments: {'ament_cmake_args': None, 'build_base': '/ros2_ws/build/ur_moveit_config', 'catkin_cmake_args': None, 'catkin_skip_building_tests': False, 'cmake_args': ['-DCMAKE_BUILD_TYPE=Release'], 'cmake_clean_cache': False, 'cmake_clean_first': False, 'cmake_force_configure': False, 'cmake_target': None, 'cmake_target_skip_unavailable': False, 'install_base': '/ros2_ws/install/ur_moveit_config', 'merge_install': False, 'path': '/ros2_ws/src/Universal_Robots_ROS2_Driver/ur_moveit_config', 'symlink_install': False, 'test_result_base': None}
[0.461s] Level 5:colcon.colcon_core.verb:set package 'ur_msgs' build argument 'cmake_args' from command line to '['-DCMAKE_BUILD_TYPE=Release']'
[0.461s] Level 5:colcon.colcon_core.verb:set package 'ur_msgs' build argument 'cmake_target' from command line to 'None'
[0.461s] Level 5:colcon.colcon_core.verb:set package 'ur_msgs' build argument 'cmake_target_skip_unavailable' from command line to 'False'
[0.461s] Level 5:colcon.colcon_core.verb:set package 'ur_msgs' build argument 'cmake_clean_cache' from command line to 'False'
[0.461s] Level 5:colcon.colcon_core.verb:set package 'ur_msgs' build argument 'cmake_clean_first' from command line to 'False'
[0.461s] Level 5:colcon.colcon_core.verb:set package 'ur_msgs' build argument 'cmake_force_configure' from command line to 'False'
[0.461s] Level 5:colcon.colcon_core.verb:set package 'ur_msgs' build argument 'ament_cmake_args' from command line to 'None'
[0.461s] Level 5:colcon.colcon_core.verb:set package 'ur_msgs' build argument 'catkin_cmake_args' from command line to 'None'
[0.461s] Level 5:colcon.colcon_core.verb:set package 'ur_msgs' build argument 'catkin_skip_building_tests' from command line to 'False'
[0.461s] DEBUG:colcon.colcon_core.verb:Building package 'ur_msgs' with the following arguments: {'ament_cmake_args': None, 'build_base': '/ros2_ws/build/ur_msgs', 'catkin_cmake_args': None, 'catkin_skip_building_tests': False, 'cmake_args': ['-DCMAKE_BUILD_TYPE=Release'], 'cmake_clean_cache': False, 'cmake_clean_first': False, 'cmake_force_configure': False, 'cmake_target': None, 'cmake_target_skip_unavailable': False, 'install_base': '/ros2_ws/install/ur_msgs', 'merge_install': False, 'path': '/ros2_ws/src/ur_msgs', 'symlink_install': False, 'test_result_base': None}
[0.462s] Level 5:colcon.colcon_core.verb:set package 'ur_controllers' build argument 'cmake_args' from command line to '['-DCMAKE_BUILD_TYPE=Release']'
[0.462s] Level 5:colcon.colcon_core.verb:set package 'ur_controllers' build argument 'cmake_target' from command line to 'None'
[0.462s] Level 5:colcon.colcon_core.verb:set package 'ur_controllers' build argument 'cmake_target_skip_unavailable' from command line to 'False'
[0.462s] Level 5:colcon.colcon_core.verb:set package 'ur_controllers' build argument 'cmake_clean_cache' from command line to 'False'
[0.462s] Level 5:colcon.colcon_core.verb:set package 'ur_controllers' build argument 'cmake_clean_first' from command line to 'False'
[0.462s] Level 5:colcon.colcon_core.verb:set package 'ur_controllers' build argument 'cmake_force_configure' from command line to 'False'
[0.462s] Level 5:colcon.colcon_core.verb:set package 'ur_controllers' build argument 'ament_cmake_args' from command line to 'None'
[0.462s] Level 5:colcon.colcon_core.verb:set package 'ur_controllers' build argument 'catkin_cmake_args' from command line to 'None'
[0.462s] Level 5:colcon.colcon_core.verb:set package 'ur_controllers' build argument 'catkin_skip_building_tests' from command line to 'False'
[0.462s] DEBUG:colcon.colcon_core.verb:Building package 'ur_controllers' with the following arguments: {'ament_cmake_args': None, 'build_base': '/ros2_ws/build/ur_controllers', 'catkin_cmake_args': None, 'catkin_skip_building_tests': False, 'cmake_args': ['-DCMAKE_BUILD_TYPE=Release'], 'cmake_clean_cache': False, 'cmake_clean_first': False, 'cmake_force_configure': False, 'cmake_target': None, 'cmake_target_skip_unavailable': False, 'install_base': '/ros2_ws/install/ur_controllers', 'merge_install': False, 'path': '/ros2_ws/src/Universal_Robots_ROS2_Driver/ur_controllers', 'symlink_install': False, 'test_result_base': None}
[0.462s] Level 5:colcon.colcon_core.verb:set package 'ur_bringup' build argument 'cmake_args' from command line to '['-DCMAKE_BUILD_TYPE=Release']'
[0.462s] Level 5:colcon.colcon_core.verb:set package 'ur_bringup' build argument 'cmake_target' from command line to 'None'
[0.462s] Level 5:colcon.colcon_core.verb:set package 'ur_bringup' build argument 'cmake_target_skip_unavailable' from command line to 'False'
[0.462s] Level 5:colcon.colcon_core.verb:set package 'ur_bringup' build argument 'cmake_clean_cache' from command line to 'False'
[0.462s] Level 5:colcon.colcon_core.verb:set package 'ur_bringup' build argument 'cmake_clean_first' from command line to 'False'
[0.462s] Level 5:colcon.colcon_core.verb:set package 'ur_bringup' build argument 'cmake_force_configure' from command line to 'False'
[0.462s] Level 5:colcon.colcon_core.verb:set package 'ur_bringup' build argument 'ament_cmake_args' from command line to 'None'
[0.462s] Level 5:colcon.colcon_core.verb:set package 'ur_bringup' build argument 'catkin_cmake_args' from command line to 'None'
[0.462s] Level 5:colcon.colcon_core.verb:set package 'ur_bringup' build argument 'catkin_skip_building_tests' from command line to 'False'
[0.462s] DEBUG:colcon.colcon_core.verb:Building package 'ur_bringup' with the following arguments: {'ament_cmake_args': None, 'build_base': '/ros2_ws/build/ur_bringup', 'catkin_cmake_args': None, 'catkin_skip_building_tests': False, 'cmake_args': ['-DCMAKE_BUILD_TYPE=Release'], 'cmake_clean_cache': False, 'cmake_clean_first': False, 'cmake_force_configure': False, 'cmake_target': None, 'cmake_target_skip_unavailable': False, 'install_base': '/ros2_ws/install/ur_bringup', 'merge_install': False, 'path': '/ros2_ws/src/Universal_Robots_ROS2_Driver/ur_bringup', 'symlink_install': False, 'test_result_base': None}
[0.463s] Level 5:colcon.colcon_core.verb:set package 'ur_robot_driver' build argument 'cmake_args' from command line to '['-DCMAKE_BUILD_TYPE=Release']'
[0.463s] Level 5:colcon.colcon_core.verb:set package 'ur_robot_driver' build argument 'cmake_target' from command line to 'None'
[0.463s] Level 5:colcon.colcon_core.verb:set package 'ur_robot_driver' build argument 'cmake_target_skip_unavailable' from command line to 'False'
[0.463s] Level 5:colcon.colcon_core.verb:set package 'ur_robot_driver' build argument 'cmake_clean_cache' from command line to 'False'
[0.463s] Level 5:colcon.colcon_core.verb:set package 'ur_robot_driver' build argument 'cmake_clean_first' from command line to 'False'
[0.463s] Level 5:colcon.colcon_core.verb:set package 'ur_robot_driver' build argument 'cmake_force_configure' from command line to 'False'
[0.463s] Level 5:colcon.colcon_core.verb:set package 'ur_robot_driver' build argument 'ament_cmake_args' from command line to 'None'
[0.463s] Level 5:colcon.colcon_core.verb:set package 'ur_robot_driver' build argument 'catkin_cmake_args' from command line to 'None'
[0.463s] Level 5:colcon.colcon_core.verb:set package 'ur_robot_driver' build argument 'catkin_skip_building_tests' from command line to 'False'
[0.463s] DEBUG:colcon.colcon_core.verb:Building package 'ur_robot_driver' with the following arguments: {'ament_cmake_args': None, 'build_base': '/ros2_ws/build/ur_robot_driver', 'catkin_cmake_args': None, 'catkin_skip_building_tests': False, 'cmake_args': ['-DCMAKE_BUILD_TYPE=Release'], 'cmake_clean_cache': False, 'cmake_clean_first': False, 'cmake_force_configure': False, 'cmake_target': None, 'cmake_target_skip_unavailable': False, 'install_base': '/ros2_ws/install/ur_robot_driver', 'merge_install': False, 'path': '/ros2_ws/src/Universal_Robots_ROS2_Driver/ur_robot_driver', 'symlink_install': False, 'test_result_base': None}
[0.463s] Level 5:colcon.colcon_core.verb:set package 'ur_calibration' build argument 'cmake_args' from command line to '['-DCMAKE_BUILD_TYPE=Release']'
[0.463s] Level 5:colcon.colcon_core.verb:set package 'ur_calibration' build argument 'cmake_target' from command line to 'None'
[0.463s] Level 5:colcon.colcon_core.verb:set package 'ur_calibration' build argument 'cmake_target_skip_unavailable' from command line to 'False'
[0.463s] Level 5:colcon.colcon_core.verb:set package 'ur_calibration' build argument 'cmake_clean_cache' from command line to 'False'
[0.463s] Level 5:colcon.colcon_core.verb:set package 'ur_calibration' build argument 'cmake_clean_first' from command line to 'False'
[0.463s] Level 5:colcon.colcon_core.verb:set package 'ur_calibration' build argument 'cmake_force_configure' from command line to 'False'
[0.463s] Level 5:colcon.colcon_core.verb:set package 'ur_calibration' build argument 'ament_cmake_args' from command line to 'None'
[0.463s] Level 5:colcon.colcon_core.verb:set package 'ur_calibration' build argument 'catkin_cmake_args' from command line to 'None'
[0.463s] Level 5:colcon.colcon_core.verb:set package 'ur_calibration' build argument 'catkin_skip_building_tests' from command line to 'False'
[0.463s] DEBUG:colcon.colcon_core.verb:Building package 'ur_calibration' with the following arguments: {'ament_cmake_args': None, 'build_base': '/ros2_ws/build/ur_calibration', 'catkin_cmake_args': None, 'catkin_skip_building_tests': False, 'cmake_args': ['-DCMAKE_BUILD_TYPE=Release'], 'cmake_clean_cache': False, 'cmake_clean_first': False, 'cmake_force_configure': False, 'cmake_target': None, 'cmake_target_skip_unavailable': False, 'install_base': '/ros2_ws/install/ur_calibration', 'merge_install': False, 'path': '/ros2_ws/src/Universal_Robots_ROS2_Driver/ur_calibration', 'symlink_install': False, 'test_result_base': None}
[0.464s] Level 5:colcon.colcon_core.verb:set package 'ur' build argument 'cmake_args' from command line to '['-DCMAKE_BUILD_TYPE=Release']'
[0.464s] Level 5:colcon.colcon_core.verb:set package 'ur' build argument 'cmake_target' from command line to 'None'
[0.464s] Level 5:colcon.colcon_core.verb:set package 'ur' build argument 'cmake_target_skip_unavailable' from command line to 'False'
[0.464s] Level 5:colcon.colcon_core.verb:set package 'ur' build argument 'cmake_clean_cache' from command line to 'False'
[0.464s] Level 5:colcon.colcon_core.verb:set package 'ur' build argument 'cmake_clean_first' from command line to 'False'
[0.464s] Level 5:colcon.colcon_core.verb:set package 'ur' build argument 'cmake_force_configure' from command line to 'False'
[0.464s] Level 5:colcon.colcon_core.verb:set package 'ur' build argument 'ament_cmake_args' from command line to 'None'
[0.464s] Level 5:colcon.colcon_core.verb:set package 'ur' build argument 'catkin_cmake_args' from command line to 'None'
[0.464s] Level 5:colcon.colcon_core.verb:set package 'ur' build argument 'catkin_skip_building_tests' from command line to 'False'
[0.464s] DEBUG:colcon.colcon_core.verb:Building package 'ur' with the following arguments: {'ament_cmake_args': None, 'build_base': '/ros2_ws/build/ur', 'catkin_cmake_args': None, 'catkin_skip_building_tests': False, 'cmake_args': ['-DCMAKE_BUILD_TYPE=Release'], 'cmake_clean_cache': False, 'cmake_clean_first': False, 'cmake_force_configure': False, 'cmake_target': None, 'cmake_target_skip_unavailable': False, 'install_base': '/ros2_ws/install/ur', 'merge_install': False, 'path': '/ros2_ws/src/Universal_Robots_ROS2_Driver/ur', 'symlink_install': False, 'test_result_base': None}
[0.464s] INFO:colcon.colcon_core.executor:Executing jobs using 'parallel' executor
[0.465s] DEBUG:colcon.colcon_parallel_executor.executor.parallel:run_until_complete
[0.465s] INFO:colcon.colcon_ros.task.ament_cmake.build:Building ROS package in '/ros2_ws/src/Universal_Robots_ROS2_Driver/ur_dashboard_msgs' with build type 'ament_cmake'
[0.465s] INFO:colcon.colcon_cmake.task.cmake.build:Building CMake package in '/ros2_ws/src/Universal_Robots_ROS2_Driver/ur_dashboard_msgs'
[0.468s] INFO:colcon.colcon_core.plugin_system:Skipping extension 'colcon_core.shell.bat': Not used on non-Windows systems
[0.468s] INFO:colcon.colcon_core.shell:Skip shell extension 'powershell' for command environment: Not usable outside of PowerShell
[0.468s] DEBUG:colcon.colcon_core.shell:Skip shell extension 'dsv' for command environment
[0.472s] INFO:colcon.colcon_ros.task.ament_cmake.build:Building ROS package in '/ros2_ws/src/ur_msgs' with build type 'ament_cmake'
[0.472s] INFO:colcon.colcon_cmake.task.cmake.build:Building CMake package in '/ros2_ws/src/ur_msgs'
[0.472s] INFO:colcon.colcon_core.shell:Skip shell extension 'powershell' for command environment: Not usable outside of PowerShell
[0.472s] DEBUG:colcon.colcon_core.shell:Skip shell extension 'dsv' for command environment
[0.477s] INFO:colcon.colcon_ros.task.ament_cmake.build:Building ROS package in '/ros2_ws/src/Universal_Robots_ROS2_Driver/ur_moveit_config' with build type 'ament_cmake'
[0.477s] INFO:colcon.colcon_cmake.task.cmake.build:Building CMake package in '/ros2_ws/src/Universal_Robots_ROS2_Driver/ur_moveit_config'
[0.477s] INFO:colcon.colcon_core.shell:Skip shell extension 'powershell' for command environment: Not usable outside of PowerShell
[0.477s] DEBUG:colcon.colcon_core.shell:Skip shell extension 'dsv' for command environment
[0.484s] DEBUG:colcon.colcon_core.event_handler.log_command:Invoking command in '/ros2_ws/build/ur_dashboard_msgs': CMAKE_PREFIX_PATH=${CMAKE_PREFIX_PATH}:/opt/ros/humble /usr/bin/cmake --build /ros2_ws/build/ur_dashboard_msgs -- -j8 -l8
[0.488s] DEBUG:colcon.colcon_core.event_handler.log_command:Invoking command in '/ros2_ws/build/ur_msgs': CMAKE_PREFIX_PATH=${CMAKE_PREFIX_PATH}:/opt/ros/humble /usr/bin/cmake --build /ros2_ws/build/ur_msgs -- -j8 -l8
[0.492s] DEBUG:colcon.colcon_core.event_handler.log_command:Invoking command in '/ros2_ws/build/ur_moveit_config': CMAKE_PREFIX_PATH=${CMAKE_PREFIX_PATH}:/opt/ros/humble /usr/bin/cmake --build /ros2_ws/build/ur_moveit_config -- -j8 -l8
[0.939s] DEBUG:colcon.colcon_core.event_handler.log_command:Invoked command in '/ros2_ws/build/ur_msgs' returned '0': CMAKE_PREFIX_PATH=${CMAKE_PREFIX_PATH}:/opt/ros/humble /usr/bin/cmake --build /ros2_ws/build/ur_msgs -- -j8 -l8
[0.949s] DEBUG:colcon.colcon_core.event_handler.log_command:Invoking command in '/ros2_ws/build/ur_msgs': CMAKE_PREFIX_PATH=${CMAKE_PREFIX_PATH}:/opt/ros/humble /usr/bin/cmake --install /ros2_ws/build/ur_msgs
[0.950s] DEBUG:colcon.colcon_core.event_handler.log_command:Invoked command in '/ros2_ws/build/ur_moveit_config' returned '0': CMAKE_PREFIX_PATH=${CMAKE_PREFIX_PATH}:/opt/ros/humble /usr/bin/cmake --build /ros2_ws/build/ur_moveit_config -- -j8 -l8
[0.952s] DEBUG:colcon.colcon_core.event_handler.log_command:Invoking command in '/ros2_ws/build/ur_moveit_config': CMAKE_PREFIX_PATH=${CMAKE_PREFIX_PATH}:/opt/ros/humble /usr/bin/cmake --install /ros2_ws/build/ur_moveit_config
[0.981s] DEBUG:colcon.colcon_core.event_handler.log_command:Invoked command in '/ros2_ws/build/ur_dashboard_msgs' returned '0': CMAKE_PREFIX_PATH=${CMAKE_PREFIX_PATH}:/opt/ros/humble /usr/bin/cmake --build /ros2_ws/build/ur_dashboard_msgs -- -j8 -l8
[0.983s] DEBUG:colcon.colcon_core.event_handler.log_command:Invoking command in '/ros2_ws/build/ur_dashboard_msgs': CMAKE_PREFIX_PATH=${CMAKE_PREFIX_PATH}:/opt/ros/humble /usr/bin/cmake --install /ros2_ws/build/ur_dashboard_msgs
[1.026s] Level 1:colcon.colcon_core.environment:create_environment_scripts_only(ur_msgs)
[1.027s] DEBUG:colcon.colcon_core.event_handler.log_command:Invoked command in '/ros2_ws/build/ur_msgs' returned '0': CMAKE_PREFIX_PATH=${CMAKE_PREFIX_PATH}:/opt/ros/humble /usr/bin/cmake --install /ros2_ws/build/ur_msgs
[1.030s] Level 1:colcon.colcon_core.environment:checking '/ros2_ws/install/ur_msgs' for CMake module files
[1.031s] Level 1:colcon.colcon_core.environment:checking '/ros2_ws/install/ur_msgs' for CMake config files
[1.032s] Level 1:colcon.colcon_core.shell:create_environment_hook('ur_msgs', 'cmake_prefix_path')
[1.033s] INFO:colcon.colcon_core.shell:Creating environment hook '/ros2_ws/install/ur_msgs/share/ur_msgs/hook/cmake_prefix_path.ps1'
[1.034s] INFO:colcon.colcon_core.shell:Creating environment descriptor '/ros2_ws/install/ur_msgs/share/ur_msgs/hook/cmake_prefix_path.dsv'
[1.034s] INFO:colcon.colcon_core.shell:Creating environment hook '/ros2_ws/install/ur_msgs/share/ur_msgs/hook/cmake_prefix_path.sh'
[1.035s] Level 1:colcon.colcon_core.environment:checking '/ros2_ws/install/ur_msgs/lib'
[1.036s] Level 1:colcon.colcon_core.shell:create_environment_hook('ur_msgs', 'ld_library_path_lib')
[1.036s] INFO:colcon.colcon_core.shell:Creating environment hook '/ros2_ws/install/ur_msgs/share/ur_msgs/hook/ld_library_path_lib.ps1'
[1.037s] INFO:colcon.colcon_core.shell:Creating environment descriptor '/ros2_ws/install/ur_msgs/share/ur_msgs/hook/ld_library_path_lib.dsv'
[1.037s] INFO:colcon.colcon_core.shell:Creating environment hook '/ros2_ws/install/ur_msgs/share/ur_msgs/hook/ld_library_path_lib.sh'
[1.038s] Level 1:colcon.colcon_core.environment:checking '/ros2_ws/install/ur_msgs/bin'
[1.038s] Level 1:colcon.colcon_core.environment:checking '/ros2_ws/install/ur_msgs/lib/pkgconfig/ur_msgs.pc'
[1.038s] Level 1:colcon.colcon_core.environment:checking '/ros2_ws/install/ur_msgs/lib/python3.10/site-packages'
[1.039s] Level 1:colcon.colcon_core.environment:checking '/ros2_ws/install/ur_msgs/bin'
[1.039s] INFO:colcon.colcon_core.shell:Creating package script '/ros2_ws/install/ur_msgs/share/ur_msgs/package.ps1'
[1.040s] INFO:colcon.colcon_core.shell:Creating package descriptor '/ros2_ws/install/ur_msgs/share/ur_msgs/package.dsv'
[1.041s] INFO:colcon.colcon_core.shell:Creating package script '/ros2_ws/install/ur_msgs/share/ur_msgs/package.sh'
[1.043s] INFO:colcon.colcon_core.shell:Creating package script '/ros2_ws/install/ur_msgs/share/ur_msgs/package.bash'
[1.044s] INFO:colcon.colcon_core.shell:Creating package script '/ros2_ws/install/ur_msgs/share/ur_msgs/package.zsh'
[1.044s] Level 1:colcon.colcon_core.environment:create_file_with_runtime_dependencies(/ros2_ws/install/ur_msgs/share/colcon-core/packages/ur_msgs)
[1.045s] Level 1:colcon.colcon_core.environment:create_environment_scripts_only(ur_msgs)
[1.045s] Level 1:colcon.colcon_core.environment:checking '/ros2_ws/install/ur_msgs' for CMake module files
[1.051s] Level 1:colcon.colcon_core.environment:checking '/ros2_ws/install/ur_msgs' for CMake config files
[1.051s] Level 1:colcon.colcon_core.shell:create_environment_hook('ur_msgs', 'cmake_prefix_path')
[1.052s] INFO:colcon.colcon_core.shell:Creating environment hook '/ros2_ws/install/ur_msgs/share/ur_msgs/hook/cmake_prefix_path.ps1'
[1.052s] INFO:colcon.colcon_core.shell:Creating environment descriptor '/ros2_ws/install/ur_msgs/share/ur_msgs/hook/cmake_prefix_path.dsv'
[1.052s] INFO:colcon.colcon_core.shell:Creating environment hook '/ros2_ws/install/ur_msgs/share/ur_msgs/hook/cmake_prefix_path.sh'
[1.053s] Level 1:colcon.colcon_core.environment:checking '/ros2_ws/install/ur_msgs/lib'
[1.053s] Level 1:colcon.colcon_core.shell:create_environment_hook('ur_msgs', 'ld_library_path_lib')
[1.053s] INFO:colcon.colcon_core.shell:Creating environment hook '/ros2_ws/install/ur_msgs/share/ur_msgs/hook/ld_library_path_lib.ps1'
[1.053s] INFO:colcon.colcon_core.shell:Creating environment descriptor '/ros2_ws/install/ur_msgs/share/ur_msgs/hook/ld_library_path_lib.dsv'
[1.054s] INFO:colcon.colcon_core.shell:Creating environment hook '/ros2_ws/install/ur_msgs/share/ur_msgs/hook/ld_library_path_lib.sh'
[1.054s] Level 1:colcon.colcon_core.environment:checking '/ros2_ws/install/ur_msgs/bin'
[1.054s] Level 1:colcon.colcon_core.environment:checking '/ros2_ws/install/ur_msgs/lib/pkgconfig/ur_msgs.pc'
[1.054s] Level 1:colcon.colcon_core.environment:checking '/ros2_ws/install/ur_msgs/lib/python3.10/site-packages'
[1.054s] Level 1:colcon.colcon_core.environment:checking '/ros2_ws/install/ur_msgs/bin'
[1.055s] INFO:colcon.colcon_core.shell:Creating package script '/ros2_ws/install/ur_msgs/share/ur_msgs/package.ps1'
[1.055s] INFO:colcon.colcon_core.shell:Creating package descriptor '/ros2_ws/install/ur_msgs/share/ur_msgs/package.dsv'
[1.055s] INFO:colcon.colcon_core.shell:Creating package script '/ros2_ws/install/ur_msgs/share/ur_msgs/package.sh'
[1.056s] INFO:colcon.colcon_core.shell:Creating package script '/ros2_ws/install/ur_msgs/share/ur_msgs/package.bash'
[1.056s] INFO:colcon.colcon_core.shell:Creating package script '/ros2_ws/install/ur_msgs/share/ur_msgs/package.zsh'
[1.056s] Level 1:colcon.colcon_core.environment:create_file_with_runtime_dependencies(/ros2_ws/install/ur_msgs/share/colcon-core/packages/ur_msgs)
[1.057s] Level 1:colcon.colcon_core.environment:create_environment_scripts_only(ur_dashboard_msgs)
[1.058s] Level 1:colcon.colcon_core.environment:checking '/ros2_ws/install/ur_dashboard_msgs' for CMake module files
[1.058s] DEBUG:colcon.colcon_core.event_handler.log_command:Invoked command in '/ros2_ws/build/ur_dashboard_msgs' returned '0': CMAKE_PREFIX_PATH=${CMAKE_PREFIX_PATH}:/opt/ros/humble /usr/bin/cmake --install /ros2_ws/build/ur_dashboard_msgs
[1.059s] Level 1:colcon.colcon_core.environment:checking '/ros2_ws/install/ur_dashboard_msgs' for CMake config files
[1.060s] Level 1:colcon.colcon_core.shell:create_environment_hook('ur_dashboard_msgs', 'cmake_prefix_path')
[1.060s] INFO:colcon.colcon_core.shell:Creating environment hook '/ros2_ws/install/ur_dashboard_msgs/share/ur_dashboard_msgs/hook/cmake_prefix_path.ps1'
[1.060s] INFO:colcon.colcon_core.shell:Creating environment descriptor '/ros2_ws/install/ur_dashboard_msgs/share/ur_dashboard_msgs/hook/cmake_prefix_path.dsv'
[1.060s] INFO:colcon.colcon_core.shell:Creating environment hook '/ros2_ws/install/ur_dashboard_msgs/share/ur_dashboard_msgs/hook/cmake_prefix_path.sh'
[1.061s] Level 1:colcon.colcon_core.environment:checking '/ros2_ws/install/ur_dashboard_msgs/lib'
[1.061s] Level 1:colcon.colcon_core.shell:create_environment_hook('ur_dashboard_msgs', 'ld_library_path_lib')
[1.061s] INFO:colcon.colcon_core.shell:Creating environment hook '/ros2_ws/install/ur_dashboard_msgs/share/ur_dashboard_msgs/hook/ld_library_path_lib.ps1'
[1.061s] INFO:colcon.colcon_core.shell:Creating environment descriptor '/ros2_ws/install/ur_dashboard_msgs/share/ur_dashboard_msgs/hook/ld_library_path_lib.dsv'
[1.062s] INFO:colcon.colcon_core.shell:Creating environment hook '/ros2_ws/install/ur_dashboard_msgs/share/ur_dashboard_msgs/hook/ld_library_path_lib.sh'
[1.062s] Level 1:colcon.colcon_core.environment:checking '/ros2_ws/install/ur_dashboard_msgs/bin'
[1.062s] Level 1:colcon.colcon_core.environment:checking '/ros2_ws/install/ur_dashboard_msgs/lib/pkgconfig/ur_dashboard_msgs.pc'
[1.062s] Level 1:colcon.colcon_core.environment:checking '/ros2_ws/install/ur_dashboard_msgs/lib/python3.10/site-packages'
[1.062s] Level 1:colcon.colcon_core.environment:checking '/ros2_ws/install/ur_dashboard_msgs/bin'
[1.063s] INFO:colcon.colcon_core.shell:Creating package script '/ros2_ws/install/ur_dashboard_msgs/share/ur_dashboard_msgs/package.ps1'
[1.063s] INFO:colcon.colcon_core.shell:Creating package descriptor '/ros2_ws/install/ur_dashboard_msgs/share/ur_dashboard_msgs/package.dsv'
[1.063s] INFO:colcon.colcon_core.shell:Creating package script '/ros2_ws/install/ur_dashboard_msgs/share/ur_dashboard_msgs/package.sh'
[1.064s] INFO:colcon.colcon_core.shell:Creating package script '/ros2_ws/install/ur_dashboard_msgs/share/ur_dashboard_msgs/package.bash'
[1.064s] INFO:colcon.colcon_core.shell:Creating package script '/ros2_ws/install/ur_dashboard_msgs/share/ur_dashboard_msgs/package.zsh'
[1.064s] Level 1:colcon.colcon_core.environment:create_file_with_runtime_dependencies(/ros2_ws/install/ur_dashboard_msgs/share/colcon-core/packages/ur_dashboard_msgs)
[1.065s] Level 1:colcon.colcon_core.environment:create_environment_scripts_only(ur_dashboard_msgs)
[1.065s] Level 1:colcon.colcon_core.environment:checking '/ros2_ws/install/ur_dashboard_msgs' for CMake module files
[1.065s] Level 1:colcon.colcon_core.environment:checking '/ros2_ws/install/ur_dashboard_msgs' for CMake config files
[1.066s] Level 1:colcon.colcon_core.shell:create_environment_hook('ur_dashboard_msgs', 'cmake_prefix_path')
[1.066s] INFO:colcon.colcon_core.shell:Creating environment hook '/ros2_ws/install/ur_dashboard_msgs/share/ur_dashboard_msgs/hook/cmake_prefix_path.ps1'
[1.067s] INFO:colcon.colcon_core.shell:Creating environment descriptor '/ros2_ws/install/ur_dashboard_msgs/share/ur_dashboard_msgs/hook/cmake_prefix_path.dsv'
[1.067s] INFO:colcon.colcon_core.shell:Creating environment hook '/ros2_ws/install/ur_dashboard_msgs/share/ur_dashboard_msgs/hook/cmake_prefix_path.sh'
[1.067s] Level 1:colcon.colcon_core.environment:checking '/ros2_ws/install/ur_dashboard_msgs/lib'
[1.067s] Level 1:colcon.colcon_core.shell:create_environment_hook('ur_dashboard_msgs', 'ld_library_path_lib')
[1.068s] INFO:colcon.colcon_core.shell:Creating environment hook '/ros2_ws/install/ur_dashboard_msgs/share/ur_dashboard_msgs/hook/ld_library_path_lib.ps1'
[1.068s] INFO:colcon.colcon_core.shell:Creating environment descriptor '/ros2_ws/install/ur_dashboard_msgs/share/ur_dashboard_msgs/hook/ld_library_path_lib.dsv'
[1.068s] INFO:colcon.colcon_core.shell:Creating environment hook '/ros2_ws/install/ur_dashboard_msgs/share/ur_dashboard_msgs/hook/ld_library_path_lib.sh'
[1.069s] Level 1:colcon.colcon_core.environment:checking '/ros2_ws/install/ur_dashboard_msgs/bin'
[1.069s] Level 1:colcon.colcon_core.environment:checking '/ros2_ws/install/ur_dashboard_msgs/lib/pkgconfig/ur_dashboard_msgs.pc'
[1.069s] Level 1:colcon.colcon_core.environment:checking '/ros2_ws/install/ur_dashboard_msgs/lib/python3.10/site-packages'
[1.069s] Level 1:colcon.colcon_core.environment:checking '/ros2_ws/install/ur_dashboard_msgs/bin'
[1.069s] INFO:colcon.colcon_core.shell:Creating package script '/ros2_ws/install/ur_dashboard_msgs/share/ur_dashboard_msgs/package.ps1'
[1.070s] INFO:colcon.colcon_core.shell:Creating package descriptor '/ros2_ws/install/ur_dashboard_msgs/share/ur_dashboard_msgs/package.dsv'
[1.070s] INFO:colcon.colcon_core.shell:Creating package script '/ros2_ws/install/ur_dashboard_msgs/share/ur_dashboard_msgs/package.sh'
[1.070s] INFO:colcon.colcon_core.shell:Creating package script '/ros2_ws/install/ur_dashboard_msgs/share/ur_dashboard_msgs/package.bash'
[1.071s] INFO:colcon.colcon_core.shell:Creating package script '/ros2_ws/install/ur_dashboard_msgs/share/ur_dashboard_msgs/package.zsh'
[1.071s] Level 1:colcon.colcon_core.environment:create_file_with_runtime_dependencies(/ros2_ws/install/ur_dashboard_msgs/share/colcon-core/packages/ur_dashboard_msgs)
[1.071s] INFO:colcon.colcon_ros.task.ament_cmake.build:Building ROS package in '/ros2_ws/src/Universal_Robots_ROS2_Driver/ur_controllers' with build type 'ament_cmake'
[1.072s] INFO:colcon.colcon_cmake.task.cmake.build:Building CMake package in '/ros2_ws/src/Universal_Robots_ROS2_Driver/ur_controllers'
[1.072s] INFO:colcon.colcon_core.shell:Skip shell extension 'powershell' for command environment: Not usable outside of PowerShell
[1.072s] DEBUG:colcon.colcon_core.shell:Skip shell extension 'dsv' for command environment
[1.075s] Level 1:colcon.colcon_core.environment:create_environment_scripts_only(ur_moveit_config)
[1.076s] Level 1:colcon.colcon_core.environment:checking '/ros2_ws/install/ur_moveit_config' for CMake module files
[1.076s] DEBUG:colcon.colcon_core.event_handler.log_command:Invoked command in '/ros2_ws/build/ur_moveit_config' returned '0': CMAKE_PREFIX_PATH=${CMAKE_PREFIX_PATH}:/opt/ros/humble /usr/bin/cmake --install /ros2_ws/build/ur_moveit_config
[1.076s] Level 1:colcon.colcon_core.environment:checking '/ros2_ws/install/ur_moveit_config' for CMake config files
[1.077s] Level 1:colcon.colcon_core.shell:create_environment_hook('ur_moveit_config', 'cmake_prefix_path')
[1.077s] INFO:colcon.colcon_core.shell:Creating environment hook '/ros2_ws/install/ur_moveit_config/share/ur_moveit_config/hook/cmake_prefix_path.ps1'
[1.078s] INFO:colcon.colcon_core.shell:Creating environment descriptor '/ros2_ws/install/ur_moveit_config/share/ur_moveit_config/hook/cmake_prefix_path.dsv'
[1.078s] INFO:colcon.colcon_core.shell:Creating environment hook '/ros2_ws/install/ur_moveit_config/share/ur_moveit_config/hook/cmake_prefix_path.sh'
[1.078s] Level 1:colcon.colcon_core.environment:checking '/ros2_ws/install/ur_moveit_config/bin'
[1.078s] Level 1:colcon.colcon_core.environment:checking '/ros2_ws/install/ur_moveit_config/lib/pkgconfig/ur_moveit_config.pc'
[1.079s] Level 1:colcon.colcon_core.environment:checking '/ros2_ws/install/ur_moveit_config/lib/python3.10/site-packages'
[1.079s] Level 1:colcon.colcon_core.environment:checking '/ros2_ws/install/ur_moveit_config/bin'
[1.079s] INFO:colcon.colcon_core.shell:Creating package script '/ros2_ws/install/ur_moveit_config/share/ur_moveit_config/package.ps1'
[1.079s] INFO:colcon.colcon_core.shell:Creating package descriptor '/ros2_ws/install/ur_moveit_config/share/ur_moveit_config/package.dsv'
[1.080s] INFO:colcon.colcon_core.shell:Creating package script '/ros2_ws/install/ur_moveit_config/share/ur_moveit_config/package.sh'
[1.080s] INFO:colcon.colcon_core.shell:Creating package script '/ros2_ws/install/ur_moveit_config/share/ur_moveit_config/package.bash'
[1.080s] INFO:colcon.colcon_core.shell:Creating package script '/ros2_ws/install/ur_moveit_config/share/ur_moveit_config/package.zsh'
[1.081s] Level 1:colcon.colcon_core.environment:create_file_with_runtime_dependencies(/ros2_ws/install/ur_moveit_config/share/colcon-core/packages/ur_moveit_config)
[1.081s] Level 1:colcon.colcon_core.environment:create_environment_scripts_only(ur_moveit_config)
[1.081s] Level 1:colcon.colcon_core.environment:checking '/ros2_ws/install/ur_moveit_config' for CMake module files
[1.082s] Level 1:colcon.colcon_core.environment:checking '/ros2_ws/install/ur_moveit_config' for CMake config files
[1.082s] Level 1:colcon.colcon_core.shell:create_environment_hook('ur_moveit_config', 'cmake_prefix_path')
[1.082s] INFO:colcon.colcon_core.shell:Creating environment hook '/ros2_ws/install/ur_moveit_config/share/ur_moveit_config/hook/cmake_prefix_path.ps1'
[1.083s] INFO:colcon.colcon_core.shell:Creating environment descriptor '/ros2_ws/install/ur_moveit_config/share/ur_moveit_config/hook/cmake_prefix_path.dsv'
[1.083s] INFO:colcon.colcon_core.shell:Creating environment hook '/ros2_ws/install/ur_moveit_config/share/ur_moveit_config/hook/cmake_prefix_path.sh'
[1.083s] Level 1:colcon.colcon_core.environment:checking '/ros2_ws/install/ur_moveit_config/bin'
[1.083s] Level 1:colcon.colcon_core.environment:checking '/ros2_ws/install/ur_moveit_config/lib/pkgconfig/ur_moveit_config.pc'
[1.083s] Level 1:colcon.colcon_core.environment:checking '/ros2_ws/install/ur_moveit_config/lib/python3.10/site-packages'
[1.084s] Level 1:colcon.colcon_core.environment:checking '/ros2_ws/install/ur_moveit_config/bin'
[1.084s] INFO:colcon.colcon_core.shell:Creating package script '/ros2_ws/install/ur_moveit_config/share/ur_moveit_config/package.ps1'
[1.084s] INFO:colcon.colcon_core.shell:Creating package descriptor '/ros2_ws/install/ur_moveit_config/share/ur_moveit_config/package.dsv'
[1.085s] INFO:colcon.colcon_core.shell:Creating package script '/ros2_ws/install/ur_moveit_config/share/ur_moveit_config/package.sh'
[1.085s] INFO:colcon.colcon_core.shell:Creating package script '/ros2_ws/install/ur_moveit_config/share/ur_moveit_config/package.bash'
[1.085s] INFO:colcon.colcon_core.shell:Creating package script '/ros2_ws/install/ur_moveit_config/share/ur_moveit_config/package.zsh'
[1.086s] Level 1:colcon.colcon_core.environment:create_file_with_runtime_dependencies(/ros2_ws/install/ur_moveit_config/share/colcon-core/packages/ur_moveit_config)
[1.089s] DEBUG:colcon.colcon_core.event_handler.log_command:Invoking command in '/ros2_ws/build/ur_controllers': CMAKE_PREFIX_PATH=/ros2_ws/install/ur_msgs:/ros2_ws/install/ur_dashboard_msgs:/ros2_ws/install/ur_moveit_config:/opt/ros/humble /usr/bin/cmake --build /ros2_ws/build/ur_controllers -- -j8 -l8
[1.235s] DEBUG:colcon.colcon_core.event_handler.log_command:Invoked command in '/ros2_ws/build/ur_controllers' returned '0': CMAKE_PREFIX_PATH=/ros2_ws/install/ur_msgs:/ros2_ws/install/ur_dashboard_msgs:/ros2_ws/install/ur_moveit_config:/opt/ros/humble /usr/bin/cmake --build /ros2_ws/build/ur_controllers -- -j8 -l8
[1.237s] DEBUG:colcon.colcon_core.event_handler.log_command:Invoking command in '/ros2_ws/build/ur_controllers': CMAKE_PREFIX_PATH=/ros2_ws/install/ur_msgs:/ros2_ws/install/ur_dashboard_msgs:/ros2_ws/install/ur_moveit_config:/opt/ros/humble /usr/bin/cmake --install /ros2_ws/build/ur_controllers
[1.248s] Level 1:colcon.colcon_core.environment:create_environment_scripts_only(ur_controllers)
[1.248s] Level 1:colcon.colcon_core.environment:checking '/ros2_ws/install/ur_controllers' for CMake module files
[1.249s] DEBUG:colcon.colcon_core.event_handler.log_command:Invoked command in '/ros2_ws/build/ur_controllers' returned '0': CMAKE_PREFIX_PATH=/ros2_ws/install/ur_msgs:/ros2_ws/install/ur_dashboard_msgs:/ros2_ws/install/ur_moveit_config:/opt/ros/humble /usr/bin/cmake --install /ros2_ws/build/ur_controllers
[1.249s] Level 1:colcon.colcon_core.environment:checking '/ros2_ws/install/ur_controllers' for CMake config files
[1.249s] Level 1:colcon.colcon_core.shell:create_environment_hook('ur_controllers', 'cmake_prefix_path')
[1.250s] INFO:colcon.colcon_core.shell:Creating environment hook '/ros2_ws/install/ur_controllers/share/ur_controllers/hook/cmake_prefix_path.ps1'
[1.250s] INFO:colcon.colcon_core.shell:Creating environment descriptor '/ros2_ws/install/ur_controllers/share/ur_controllers/hook/cmake_prefix_path.dsv'
[1.250s] INFO:colcon.colcon_core.shell:Creating environment hook '/ros2_ws/install/ur_controllers/share/ur_controllers/hook/cmake_prefix_path.sh'
[1.251s] Level 1:colcon.colcon_core.environment:checking '/ros2_ws/install/ur_controllers/lib'
[1.251s] Level 1:colcon.colcon_core.shell:create_environment_hook('ur_controllers', 'ld_library_path_lib')
[1.251s] INFO:colcon.colcon_core.shell:Creating environment hook '/ros2_ws/install/ur_controllers/share/ur_controllers/hook/ld_library_path_lib.ps1'
[1.251s] INFO:colcon.colcon_core.shell:Creating environment descriptor '/ros2_ws/install/ur_controllers/share/ur_controllers/hook/ld_library_path_lib.dsv'
[1.252s] INFO:colcon.colcon_core.shell:Creating environment hook '/ros2_ws/install/ur_controllers/share/ur_controllers/hook/ld_library_path_lib.sh'
[1.252s] Level 1:colcon.colcon_core.environment:checking '/ros2_ws/install/ur_controllers/bin'
[1.252s] Level 1:colcon.colcon_core.environment:checking '/ros2_ws/install/ur_controllers/lib/pkgconfig/ur_controllers.pc'
[1.252s] Level 1:colcon.colcon_core.environment:checking '/ros2_ws/install/ur_controllers/lib/python3.10/site-packages'
[1.252s] Level 1:colcon.colcon_core.environment:checking '/ros2_ws/install/ur_controllers/bin'
[1.253s] INFO:colcon.colcon_core.shell:Creating package script '/ros2_ws/install/ur_controllers/share/ur_controllers/package.ps1'
[1.253s] INFO:colcon.colcon_core.shell:Creating package descriptor '/ros2_ws/install/ur_controllers/share/ur_controllers/package.dsv'
[1.253s] INFO:colcon.colcon_core.shell:Creating package script '/ros2_ws/install/ur_controllers/share/ur_controllers/package.sh'
[1.254s] INFO:colcon.colcon_core.shell:Creating package script '/ros2_ws/install/ur_controllers/share/ur_controllers/package.bash'
[1.254s] INFO:colcon.colcon_core.shell:Creating package script '/ros2_ws/install/ur_controllers/share/ur_controllers/package.zsh'
[1.254s] Level 1:colcon.colcon_core.environment:create_file_with_runtime_dependencies(/ros2_ws/install/ur_controllers/share/colcon-core/packages/ur_controllers)
[1.255s] Level 1:colcon.colcon_core.environment:create_environment_scripts_only(ur_controllers)
[1.255s] Level 1:colcon.colcon_core.environment:checking '/ros2_ws/install/ur_controllers' for CMake module files
[1.255s] Level 1:colcon.colcon_core.environment:checking '/ros2_ws/install/ur_controllers' for CMake config files
[1.256s] Level 1:colcon.colcon_core.shell:create_environment_hook('ur_controllers', 'cmake_prefix_path')
[1.256s] INFO:colcon.colcon_core.shell:Creating environment hook '/ros2_ws/install/ur_controllers/share/ur_controllers/hook/cmake_prefix_path.ps1'
[1.256s] INFO:colcon.colcon_core.shell:Creating environment descriptor '/ros2_ws/install/ur_controllers/share/ur_controllers/hook/cmake_prefix_path.dsv'
[1.256s] INFO:colcon.colcon_core.shell:Creating environment hook '/ros2_ws/install/ur_controllers/share/ur_controllers/hook/cmake_prefix_path.sh'
[1.257s] Level 1:colcon.colcon_core.environment:checking '/ros2_ws/install/ur_controllers/lib'
[1.257s] Level 1:colcon.colcon_core.shell:create_environment_hook('ur_controllers', 'ld_library_path_lib')
[1.257s] INFO:colcon.colcon_core.shell:Creating environment hook '/ros2_ws/install/ur_controllers/share/ur_controllers/hook/ld_library_path_lib.ps1'
[1.257s] INFO:colcon.colcon_core.shell:Creating environment descriptor '/ros2_ws/install/ur_controllers/share/ur_controllers/hook/ld_library_path_lib.dsv'
[1.258s] INFO:colcon.colcon_core.shell:Creating environment hook '/ros2_ws/install/ur_controllers/share/ur_controllers/hook/ld_library_path_lib.sh'
[1.258s] Level 1:colcon.colcon_core.environment:checking '/ros2_ws/install/ur_controllers/bin'
[1.258s] Level 1:colcon.colcon_core.environment:checking '/ros2_ws/install/ur_controllers/lib/pkgconfig/ur_controllers.pc'
[1.258s] Level 1:colcon.colcon_core.environment:checking '/ros2_ws/install/ur_controllers/lib/python3.10/site-packages'
[1.258s] Level 1:colcon.colcon_core.environment:checking '/ros2_ws/install/ur_controllers/bin'
[1.258s] INFO:colcon.colcon_core.shell:Creating package script '/ros2_ws/install/ur_controllers/share/ur_controllers/package.ps1'
[1.259s] INFO:colcon.colcon_core.shell:Creating package descriptor '/ros2_ws/install/ur_controllers/share/ur_controllers/package.dsv'
[1.259s] INFO:colcon.colcon_core.shell:Creating package script '/ros2_ws/install/ur_controllers/share/ur_controllers/package.sh'
[1.260s] INFO:colcon.colcon_core.shell:Creating package script '/ros2_ws/install/ur_controllers/share/ur_controllers/package.bash'
[1.260s] INFO:colcon.colcon_core.shell:Creating package script '/ros2_ws/install/ur_controllers/share/ur_controllers/package.zsh'
[1.260s] Level 1:colcon.colcon_core.environment:create_file_with_runtime_dependencies(/ros2_ws/install/ur_controllers/share/colcon-core/packages/ur_controllers)
[1.261s] INFO:colcon.colcon_ros.task.ament_cmake.build:Building ROS package in '/ros2_ws/src/Universal_Robots_ROS2_Driver/ur_robot_driver' with build type 'ament_cmake'
[1.261s] INFO:colcon.colcon_cmake.task.cmake.build:Building CMake package in '/ros2_ws/src/Universal_Robots_ROS2_Driver/ur_robot_driver'
[1.261s] INFO:colcon.colcon_core.shell:Skip shell extension 'powershell' for command environment: Not usable outside of PowerShell
[1.261s] DEBUG:colcon.colcon_core.shell:Skip shell extension 'dsv' for command environment
[1.265s] INFO:colcon.colcon_ros.task.ament_cmake.build:Building ROS package in '/ros2_ws/src/Universal_Robots_ROS2_Driver/ur_bringup' with build type 'ament_cmake'
[1.265s] INFO:colcon.colcon_cmake.task.cmake.build:Building CMake package in '/ros2_ws/src/Universal_Robots_ROS2_Driver/ur_bringup'
[1.265s] INFO:colcon.colcon_core.shell:Skip shell extension 'powershell' for command environment: Not usable outside of PowerShell
[1.265s] DEBUG:colcon.colcon_core.shell:Skip shell extension 'dsv' for command environment
[1.275s] DEBUG:colcon.colcon_core.event_handler.log_command:Invoking command in '/ros2_ws/build/ur_robot_driver': AMENT_PREFIX_PATH=/ros2_ws/install/ur_controllers:${AMENT_PREFIX_PATH} CMAKE_PREFIX_PATH=/ros2_ws/install/ur_controllers:/ros2_ws/install/ur_msgs:/ros2_ws/install/ur_dashboard_msgs:/ros2_ws/install/ur_moveit_config:/opt/ros/humble LD_LIBRARY_PATH=/ros2_ws/install/ur_controllers/lib:${LD_LIBRARY_PATH} /usr/bin/cmake --build /ros2_ws/build/ur_robot_driver -- -j8 -l8
[1.280s] DEBUG:colcon.colcon_core.event_handler.log_command:Invoking command in '/ros2_ws/build/ur_bringup': AMENT_PREFIX_PATH=/ros2_ws/install/ur_controllers:${AMENT_PREFIX_PATH} CMAKE_PREFIX_PATH=/ros2_ws/install/ur_controllers:/ros2_ws/install/ur_msgs:/ros2_ws/install/ur_dashboard_msgs:/ros2_ws/install/ur_moveit_config:/opt/ros/humble LD_LIBRARY_PATH=/ros2_ws/install/ur_controllers/lib:${LD_LIBRARY_PATH} /usr/bin/cmake --build /ros2_ws/build/ur_bringup -- -j8 -l8
[1.320s] DEBUG:colcon.colcon_core.event_handler.log_command:Invoked command in '/ros2_ws/build/ur_bringup' returned '0': AMENT_PREFIX_PATH=/ros2_ws/install/ur_controllers:${AMENT_PREFIX_PATH} CMAKE_PREFIX_PATH=/ros2_ws/install/ur_controllers:/ros2_ws/install/ur_msgs:/ros2_ws/install/ur_dashboard_msgs:/ros2_ws/install/ur_moveit_config:/opt/ros/humble LD_LIBRARY_PATH=/ros2_ws/install/ur_controllers/lib:${LD_LIBRARY_PATH} /usr/bin/cmake --build /ros2_ws/build/ur_bringup -- -j8 -l8
[1.321s] DEBUG:colcon.colcon_core.event_handler.log_command:Invoking command in '/ros2_ws/build/ur_bringup': AMENT_PREFIX_PATH=/ros2_ws/install/ur_controllers:${AMENT_PREFIX_PATH} CMAKE_PREFIX_PATH=/ros2_ws/install/ur_controllers:/ros2_ws/install/ur_msgs:/ros2_ws/install/ur_dashboard_msgs:/ros2_ws/install/ur_moveit_config:/opt/ros/humble LD_LIBRARY_PATH=/ros2_ws/install/ur_controllers/lib:${LD_LIBRARY_PATH} /usr/bin/cmake --install /ros2_ws/build/ur_bringup
[1.336s] Level 1:colcon.colcon_core.environment:create_environment_scripts_only(ur_bringup)
[1.336s] Level 1:colcon.colcon_core.environment:checking '/ros2_ws/install/ur_bringup' for CMake module files
[1.337s] DEBUG:colcon.colcon_core.event_handler.log_command:Invoked command in '/ros2_ws/build/ur_bringup' returned '0': AMENT_PREFIX_PATH=/ros2_ws/install/ur_controllers:${AMENT_PREFIX_PATH} CMAKE_PREFIX_PATH=/ros2_ws/install/ur_controllers:/ros2_ws/install/ur_msgs:/ros2_ws/install/ur_dashboard_msgs:/ros2_ws/install/ur_moveit_config:/opt/ros/humble LD_LIBRARY_PATH=/ros2_ws/install/ur_controllers/lib:${LD_LIBRARY_PATH} /usr/bin/cmake --install /ros2_ws/build/ur_bringup
[1.338s] Level 1:colcon.colcon_core.environment:checking '/ros2_ws/install/ur_bringup' for CMake config files
[1.338s] Level 1:colcon.colcon_core.shell:create_environment_hook('ur_bringup', 'cmake_prefix_path')
[1.339s] INFO:colcon.colcon_core.shell:Creating environment hook '/ros2_ws/install/ur_bringup/share/ur_bringup/hook/cmake_prefix_path.ps1'
[1.339s] INFO:colcon.colcon_core.shell:Creating environment descriptor '/ros2_ws/install/ur_bringup/share/ur_bringup/hook/cmake_prefix_path.dsv'
[1.340s] INFO:colcon.colcon_core.shell:Creating environment hook '/ros2_ws/install/ur_bringup/share/ur_bringup/hook/cmake_prefix_path.sh'
[1.341s] Level 1:colcon.colcon_core.environment:checking '/ros2_ws/install/ur_bringup/lib'
[1.341s] Level 1:colcon.colcon_core.environment:checking '/ros2_ws/install/ur_bringup/bin'
[1.341s] Level 1:colcon.colcon_core.environment:checking '/ros2_ws/install/ur_bringup/lib/pkgconfig/ur_bringup.pc'
[1.341s] Level 1:colcon.colcon_core.environment:checking '/ros2_ws/install/ur_bringup/lib/python3.10/site-packages'
[1.342s] Level 1:colcon.colcon_core.environment:checking '/ros2_ws/install/ur_bringup/bin'
[1.343s] INFO:colcon.colcon_core.shell:Creating package script '/ros2_ws/install/ur_bringup/share/ur_bringup/package.ps1'
[1.343s] INFO:colcon.colcon_core.shell:Creating package descriptor '/ros2_ws/install/ur_bringup/share/ur_bringup/package.dsv'
[1.344s] INFO:colcon.colcon_core.shell:Creating package script '/ros2_ws/install/ur_bringup/share/ur_bringup/package.sh'
[1.345s] INFO:colcon.colcon_core.shell:Creating package script '/ros2_ws/install/ur_bringup/share/ur_bringup/package.bash'
[1.346s] INFO:colcon.colcon_core.shell:Creating package script '/ros2_ws/install/ur_bringup/share/ur_bringup/package.zsh'
[1.346s] Level 1:colcon.colcon_core.environment:create_file_with_runtime_dependencies(/ros2_ws/install/ur_bringup/share/colcon-core/packages/ur_bringup)
[1.347s] Level 1:colcon.colcon_core.environment:create_environment_scripts_only(ur_bringup)
[1.347s] Level 1:colcon.colcon_core.environment:checking '/ros2_ws/install/ur_bringup' for CMake module files
[1.348s] Level 1:colcon.colcon_core.environment:checking '/ros2_ws/install/ur_bringup' for CMake config files
[1.349s] Level 1:colcon.colcon_core.shell:create_environment_hook('ur_bringup', 'cmake_prefix_path')
[1.349s] INFO:colcon.colcon_core.shell:Creating environment hook '/ros2_ws/install/ur_bringup/share/ur_bringup/hook/cmake_prefix_path.ps1'
[1.350s] INFO:colcon.colcon_core.shell:Creating environment descriptor '/ros2_ws/install/ur_bringup/share/ur_bringup/hook/cmake_prefix_path.dsv'
[1.351s] INFO:colcon.colcon_core.shell:Creating environment hook '/ros2_ws/install/ur_bringup/share/ur_bringup/hook/cmake_prefix_path.sh'
[1.352s] Level 1:colcon.colcon_core.environment:checking '/ros2_ws/install/ur_bringup/lib'
[1.352s] Level 1:colcon.colcon_core.environment:checking '/ros2_ws/install/ur_bringup/bin'
[1.352s] Level 1:colcon.colcon_core.environment:checking '/ros2_ws/install/ur_bringup/lib/pkgconfig/ur_bringup.pc'
[1.353s] Level 1:colcon.colcon_core.environment:checking '/ros2_ws/install/ur_bringup/lib/python3.10/site-packages'
[1.353s] Level 1:colcon.colcon_core.environment:checking '/ros2_ws/install/ur_bringup/bin'
[1.353s] INFO:colcon.colcon_core.shell:Creating package script '/ros2_ws/install/ur_bringup/share/ur_bringup/package.ps1'
[1.354s] INFO:colcon.colcon_core.shell:Creating package descriptor '/ros2_ws/install/ur_bringup/share/ur_bringup/package.dsv'
[1.355s] INFO:colcon.colcon_core.shell:Creating package script '/ros2_ws/install/ur_bringup/share/ur_bringup/package.sh'
[1.356s] INFO:colcon.colcon_core.shell:Creating package script '/ros2_ws/install/ur_bringup/share/ur_bringup/package.bash'
[1.357s] INFO:colcon.colcon_core.shell:Creating package script '/ros2_ws/install/ur_bringup/share/ur_bringup/package.zsh'
[1.357s] Level 1:colcon.colcon_core.environment:create_file_with_runtime_dependencies(/ros2_ws/install/ur_bringup/share/colcon-core/packages/ur_bringup)
[1.592s] DEBUG:colcon.colcon_core.event_handler.log_command:Invoked command in '/ros2_ws/build/ur_robot_driver' returned '0': AMENT_PREFIX_PATH=/ros2_ws/install/ur_controllers:${AMENT_PREFIX_PATH} CMAKE_PREFIX_PATH=/ros2_ws/install/ur_controllers:/ros2_ws/install/ur_msgs:/ros2_ws/install/ur_dashboard_msgs:/ros2_ws/install/ur_moveit_config:/opt/ros/humble LD_LIBRARY_PATH=/ros2_ws/install/ur_controllers/lib:${LD_LIBRARY_PATH} /usr/bin/cmake --build /ros2_ws/build/ur_robot_driver -- -j8 -l8
[1.593s] DEBUG:colcon.colcon_core.event_handler.log_command:Invoking command in '/ros2_ws/build/ur_robot_driver': AMENT_PREFIX_PATH=/ros2_ws/install/ur_controllers:${AMENT_PREFIX_PATH} CMAKE_PREFIX_PATH=/ros2_ws/install/ur_controllers:/ros2_ws/install/ur_msgs:/ros2_ws/install/ur_dashboard_msgs:/ros2_ws/install/ur_moveit_config:/opt/ros/humble LD_LIBRARY_PATH=/ros2_ws/install/ur_controllers/lib:${LD_LIBRARY_PATH} /usr/bin/cmake --install /ros2_ws/build/ur_robot_driver
[1.640s] Level 1:colcon.colcon_core.environment:create_environment_scripts_only(ur_robot_driver)
[1.641s] Level 1:colcon.colcon_core.environment:checking '/ros2_ws/install/ur_robot_driver' for CMake module files
[1.642s] DEBUG:colcon.colcon_core.event_handler.log_command:Invoked command in '/ros2_ws/build/ur_robot_driver' returned '0': AMENT_PREFIX_PATH=/ros2_ws/install/ur_controllers:${AMENT_PREFIX_PATH} CMAKE_PREFIX_PATH=/ros2_ws/install/ur_controllers:/ros2_ws/install/ur_msgs:/ros2_ws/install/ur_dashboard_msgs:/ros2_ws/install/ur_moveit_config:/opt/ros/humble LD_LIBRARY_PATH=/ros2_ws/install/ur_controllers/lib:${LD_LIBRARY_PATH} /usr/bin/cmake --install /ros2_ws/build/ur_robot_driver
[1.642s] Level 1:colcon.colcon_core.environment:checking '/ros2_ws/install/ur_robot_driver' for CMake config files
[1.643s] Level 1:colcon.colcon_core.shell:create_environment_hook('ur_robot_driver', 'cmake_prefix_path')
[1.643s] INFO:colcon.colcon_core.shell:Creating environment hook '/ros2_ws/install/ur_robot_driver/share/ur_robot_driver/hook/cmake_prefix_path.ps1'
[1.643s] INFO:colcon.colcon_core.shell:Creating environment descriptor '/ros2_ws/install/ur_robot_driver/share/ur_robot_driver/hook/cmake_prefix_path.dsv'
[1.644s] INFO:colcon.colcon_core.shell:Creating environment hook '/ros2_ws/install/ur_robot_driver/share/ur_robot_driver/hook/cmake_prefix_path.sh'
[1.644s] Level 1:colcon.colcon_core.environment:checking '/ros2_ws/install/ur_robot_driver/lib'
[1.644s] Level 1:colcon.colcon_core.shell:create_environment_hook('ur_robot_driver', 'ld_library_path_lib')
[1.644s] INFO:colcon.colcon_core.shell:Creating environment hook '/ros2_ws/install/ur_robot_driver/share/ur_robot_driver/hook/ld_library_path_lib.ps1'
[1.645s] INFO:colcon.colcon_core.shell:Creating environment descriptor '/ros2_ws/install/ur_robot_driver/share/ur_robot_driver/hook/ld_library_path_lib.dsv'
[1.645s] INFO:colcon.colcon_core.shell:Creating environment hook '/ros2_ws/install/ur_robot_driver/share/ur_robot_driver/hook/ld_library_path_lib.sh'
[1.645s] Level 1:colcon.colcon_core.environment:checking '/ros2_ws/install/ur_robot_driver/bin'
[1.645s] Level 1:colcon.colcon_core.shell:create_environment_hook('ur_robot_driver', 'path')
[1.645s] INFO:colcon.colcon_core.shell:Creating environment hook '/ros2_ws/install/ur_robot_driver/share/ur_robot_driver/hook/path.ps1'
[1.646s] INFO:colcon.colcon_core.shell:Creating environment descriptor '/ros2_ws/install/ur_robot_driver/share/ur_robot_driver/hook/path.dsv'
[1.646s] INFO:colcon.colcon_core.shell:Creating environment hook '/ros2_ws/install/ur_robot_driver/share/ur_robot_driver/hook/path.sh'
[1.646s] Level 1:colcon.colcon_core.environment:checking '/ros2_ws/install/ur_robot_driver/lib/pkgconfig/ur_robot_driver.pc'
[1.646s] Level 1:colcon.colcon_core.environment:checking '/ros2_ws/install/ur_robot_driver/lib/python3.10/site-packages'
[1.647s] Level 1:colcon.colcon_core.environment:checking '/ros2_ws/install/ur_robot_driver/bin'
[1.647s] Level 1:colcon.colcon_core.shell:create_environment_hook('ur_robot_driver', 'pythonscriptspath')
[1.647s] INFO:colcon.colcon_core.shell:Creating environment hook '/ros2_ws/install/ur_robot_driver/share/ur_robot_driver/hook/pythonscriptspath.ps1'
[1.647s] INFO:colcon.colcon_core.shell:Creating environment descriptor '/ros2_ws/install/ur_robot_driver/share/ur_robot_driver/hook/pythonscriptspath.dsv'
[1.647s] INFO:colcon.colcon_core.shell:Creating environment hook '/ros2_ws/install/ur_robot_driver/share/ur_robot_driver/hook/pythonscriptspath.sh'
[1.648s] INFO:colcon.colcon_core.shell:Creating package script '/ros2_ws/install/ur_robot_driver/share/ur_robot_driver/package.ps1'
[1.648s] INFO:colcon.colcon_core.shell:Creating package descriptor '/ros2_ws/install/ur_robot_driver/share/ur_robot_driver/package.dsv'
[1.649s] INFO:colcon.colcon_core.shell:Creating package script '/ros2_ws/install/ur_robot_driver/share/ur_robot_driver/package.sh'
[1.649s] INFO:colcon.colcon_core.shell:Creating package script '/ros2_ws/install/ur_robot_driver/share/ur_robot_driver/package.bash'
[1.650s] INFO:colcon.colcon_core.shell:Creating package script '/ros2_ws/install/ur_robot_driver/share/ur_robot_driver/package.zsh'
[1.650s] Level 1:colcon.colcon_core.environment:create_file_with_runtime_dependencies(/ros2_ws/install/ur_robot_driver/share/colcon-core/packages/ur_robot_driver)
[1.650s] Level 1:colcon.colcon_core.environment:create_environment_scripts_only(ur_robot_driver)
[1.650s] Level 1:colcon.colcon_core.environment:checking '/ros2_ws/install/ur_robot_driver' for CMake module files
[1.651s] Level 1:colcon.colcon_core.environment:checking '/ros2_ws/install/ur_robot_driver' for CMake config files
[1.651s] Level 1:colcon.colcon_core.shell:create_environment_hook('ur_robot_driver', 'cmake_prefix_path')
[1.651s] INFO:colcon.colcon_core.shell:Creating environment hook '/ros2_ws/install/ur_robot_driver/share/ur_robot_driver/hook/cmake_prefix_path.ps1'
[1.652s] INFO:colcon.colcon_core.shell:Creating environment descriptor '/ros2_ws/install/ur_robot_driver/share/ur_robot_driver/hook/cmake_prefix_path.dsv'
[1.652s] INFO:colcon.colcon_core.shell:Creating environment hook '/ros2_ws/install/ur_robot_driver/share/ur_robot_driver/hook/cmake_prefix_path.sh'
[1.652s] Level 1:colcon.colcon_core.environment:checking '/ros2_ws/install/ur_robot_driver/lib'
[1.652s] Level 1:colcon.colcon_core.shell:create_environment_hook('ur_robot_driver', 'ld_library_path_lib')
[1.653s] INFO:colcon.colcon_core.shell:Creating environment hook '/ros2_ws/install/ur_robot_driver/share/ur_robot_driver/hook/ld_library_path_lib.ps1'
[1.653s] INFO:colcon.colcon_core.shell:Creating environment descriptor '/ros2_ws/install/ur_robot_driver/share/ur_robot_driver/hook/ld_library_path_lib.dsv'
[1.653s] INFO:colcon.colcon_core.shell:Creating environment hook '/ros2_ws/install/ur_robot_driver/share/ur_robot_driver/hook/ld_library_path_lib.sh'
[1.653s] Level 1:colcon.colcon_core.environment:checking '/ros2_ws/install/ur_robot_driver/bin'
[1.654s] Level 1:colcon.colcon_core.shell:create_environment_hook('ur_robot_driver', 'path')
[1.654s] INFO:colcon.colcon_core.shell:Creating environment hook '/ros2_ws/install/ur_robot_driver/share/ur_robot_driver/hook/path.ps1'
[1.654s] INFO:colcon.colcon_core.shell:Creating environment descriptor '/ros2_ws/install/ur_robot_driver/share/ur_robot_driver/hook/path.dsv'
[1.654s] INFO:colcon.colcon_core.shell:Creating environment hook '/ros2_ws/install/ur_robot_driver/share/ur_robot_driver/hook/path.sh'
[1.655s] Level 1:colcon.colcon_core.environment:checking '/ros2_ws/install/ur_robot_driver/lib/pkgconfig/ur_robot_driver.pc'
[1.655s] Level 1:colcon.colcon_core.environment:checking '/ros2_ws/install/ur_robot_driver/lib/python3.10/site-packages'
[1.655s] Level 1:colcon.colcon_core.environment:checking '/ros2_ws/install/ur_robot_driver/bin'
[1.655s] Level 1:colcon.colcon_core.shell:create_environment_hook('ur_robot_driver', 'pythonscriptspath')
[1.656s] INFO:colcon.colcon_core.shell:Creating environment hook '/ros2_ws/install/ur_robot_driver/share/ur_robot_driver/hook/pythonscriptspath.ps1'
[1.657s] INFO:colcon.colcon_core.shell:Creating environment descriptor '/ros2_ws/install/ur_robot_driver/share/ur_robot_driver/hook/pythonscriptspath.dsv'
[1.657s] INFO:colcon.colcon_core.shell:Creating environment hook '/ros2_ws/install/ur_robot_driver/share/ur_robot_driver/hook/pythonscriptspath.sh'
[1.657s] INFO:colcon.colcon_core.shell:Creating package script '/ros2_ws/install/ur_robot_driver/share/ur_robot_driver/package.ps1'
[1.658s] INFO:colcon.colcon_core.shell:Creating package descriptor '/ros2_ws/install/ur_robot_driver/share/ur_robot_driver/package.dsv'
[1.658s] INFO:colcon.colcon_core.shell:Creating package script '/ros2_ws/install/ur_robot_driver/share/ur_robot_driver/package.sh'
[1.659s] INFO:colcon.colcon_core.shell:Creating package script '/ros2_ws/install/ur_robot_driver/share/ur_robot_driver/package.bash'
[1.659s] INFO:colcon.colcon_core.shell:Creating package script '/ros2_ws/install/ur_robot_driver/share/ur_robot_driver/package.zsh'
[1.660s] Level 1:colcon.colcon_core.environment:create_file_with_runtime_dependencies(/ros2_ws/install/ur_robot_driver/share/colcon-core/packages/ur_robot_driver)
[1.660s] INFO:colcon.colcon_ros.task.ament_cmake.build:Building ROS package in '/ros2_ws/src/Universal_Robots_ROS2_Driver/ur_calibration' with build type 'ament_cmake'
[1.660s] INFO:colcon.colcon_cmake.task.cmake.build:Building CMake package in '/ros2_ws/src/Universal_Robots_ROS2_Driver/ur_calibration'
[1.660s] INFO:colcon.colcon_core.shell:Skip shell extension 'powershell' for command environment: Not usable outside of PowerShell
[1.660s] DEBUG:colcon.colcon_core.shell:Skip shell extension 'dsv' for command environment
[1.677s] DEBUG:colcon.colcon_core.event_handler.log_command:Invoking command in '/ros2_ws/build/ur_calibration': AMENT_PREFIX_PATH=/ros2_ws/install/ur_robot_driver:/ros2_ws/install/ur_controllers:${AMENT_PREFIX_PATH} CMAKE_PREFIX_PATH=/ros2_ws/install/ur_robot_driver:/ros2_ws/install/ur_controllers:/ros2_ws/install/ur_msgs:/ros2_ws/install/ur_dashboard_msgs:/ros2_ws/install/ur_moveit_config:/opt/ros/humble LD_LIBRARY_PATH=/ros2_ws/install/ur_robot_driver/lib:/ros2_ws/install/ur_controllers/lib:${LD_LIBRARY_PATH} PATH=/ros2_ws/install/ur_robot_driver/bin:${PATH} PYTHONPATH=/ros2_ws/install/ur_robot_driver/local/lib/python3.10/dist-packages:${PYTHONPATH} /usr/bin/cmake --build /ros2_ws/build/ur_calibration -- -j8 -l8
[1.778s] DEBUG:colcon.colcon_core.event_handler.log_command:Invoked command in '/ros2_ws/build/ur_calibration' returned '0': AMENT_PREFIX_PATH=/ros2_ws/install/ur_robot_driver:/ros2_ws/install/ur_controllers:${AMENT_PREFIX_PATH} CMAKE_PREFIX_PATH=/ros2_ws/install/ur_robot_driver:/ros2_ws/install/ur_controllers:/ros2_ws/install/ur_msgs:/ros2_ws/install/ur_dashboard_msgs:/ros2_ws/install/ur_moveit_config:/opt/ros/humble LD_LIBRARY_PATH=/ros2_ws/install/ur_robot_driver/lib:/ros2_ws/install/ur_controllers/lib:${LD_LIBRARY_PATH} PATH=/ros2_ws/install/ur_robot_driver/bin:${PATH} PYTHONPATH=/ros2_ws/install/ur_robot_driver/local/lib/python3.10/dist-packages:${PYTHONPATH} /usr/bin/cmake --build /ros2_ws/build/ur_calibration -- -j8 -l8
[1.779s] DEBUG:colcon.colcon_core.event_handler.log_command:Invoking command in '/ros2_ws/build/ur_calibration': AMENT_PREFIX_PATH=/ros2_ws/install/ur_robot_driver:/ros2_ws/install/ur_controllers:${AMENT_PREFIX_PATH} CMAKE_PREFIX_PATH=/ros2_ws/install/ur_robot_driver:/ros2_ws/install/ur_controllers:/ros2_ws/install/ur_msgs:/ros2_ws/install/ur_dashboard_msgs:/ros2_ws/install/ur_moveit_config:/opt/ros/humble LD_LIBRARY_PATH=/ros2_ws/install/ur_robot_driver/lib:/ros2_ws/install/ur_controllers/lib:${LD_LIBRARY_PATH} PATH=/ros2_ws/install/ur_robot_driver/bin:${PATH} PYTHONPATH=/ros2_ws/install/ur_robot_driver/local/lib/python3.10/dist-packages:${PYTHONPATH} /usr/bin/cmake --install /ros2_ws/build/ur_calibration
[1.789s] Level 1:colcon.colcon_core.environment:create_environment_scripts_only(ur_calibration)
[1.789s] Level 1:colcon.colcon_core.environment:checking '/ros2_ws/install/ur_calibration' for CMake module files
[1.789s] DEBUG:colcon.colcon_core.event_handler.log_command:Invoked command in '/ros2_ws/build/ur_calibration' returned '0': AMENT_PREFIX_PATH=/ros2_ws/install/ur_robot_driver:/ros2_ws/install/ur_controllers:${AMENT_PREFIX_PATH} CMAKE_PREFIX_PATH=/ros2_ws/install/ur_robot_driver:/ros2_ws/install/ur_controllers:/ros2_ws/install/ur_msgs:/ros2_ws/install/ur_dashboard_msgs:/ros2_ws/install/ur_moveit_config:/opt/ros/humble LD_LIBRARY_PATH=/ros2_ws/install/ur_robot_driver/lib:/ros2_ws/install/ur_controllers/lib:${LD_LIBRARY_PATH} PATH=/ros2_ws/install/ur_robot_driver/bin:${PATH} PYTHONPATH=/ros2_ws/install/ur_robot_driver/local/lib/python3.10/dist-packages:${PYTHONPATH} /usr/bin/cmake --install /ros2_ws/build/ur_calibration
[1.790s] Level 1:colcon.colcon_core.environment:checking '/ros2_ws/install/ur_calibration' for CMake config files
[1.790s] Level 1:colcon.colcon_core.shell:create_environment_hook('ur_calibration', 'cmake_prefix_path')
[1.790s] INFO:colcon.colcon_core.shell:Creating environment hook '/ros2_ws/install/ur_calibration/share/ur_calibration/hook/cmake_prefix_path.ps1'
[1.790s] INFO:colcon.colcon_core.shell:Creating environment descriptor '/ros2_ws/install/ur_calibration/share/ur_calibration/hook/cmake_prefix_path.dsv'
[1.791s] INFO:colcon.colcon_core.shell:Creating environment hook '/ros2_ws/install/ur_calibration/share/ur_calibration/hook/cmake_prefix_path.sh'
[1.791s] Level 1:colcon.colcon_core.environment:checking '/ros2_ws/install/ur_calibration/lib'
[1.791s] Level 1:colcon.colcon_core.environment:checking '/ros2_ws/install/ur_calibration/bin'
[1.791s] Level 1:colcon.colcon_core.environment:checking '/ros2_ws/install/ur_calibration/lib/pkgconfig/ur_calibration.pc'
[1.792s] Level 1:colcon.colcon_core.environment:checking '/ros2_ws/install/ur_calibration/lib/python3.10/site-packages'
[1.792s] Level 1:colcon.colcon_core.environment:checking '/ros2_ws/install/ur_calibration/bin'
[1.792s] INFO:colcon.colcon_core.shell:Creating package script '/ros2_ws/install/ur_calibration/share/ur_calibration/package.ps1'
[1.792s] INFO:colcon.colcon_core.shell:Creating package descriptor '/ros2_ws/install/ur_calibration/share/ur_calibration/package.dsv'
[1.793s] INFO:colcon.colcon_core.shell:Creating package script '/ros2_ws/install/ur_calibration/share/ur_calibration/package.sh'
[1.793s] INFO:colcon.colcon_core.shell:Creating package script '/ros2_ws/install/ur_calibration/share/ur_calibration/package.bash'
[1.793s] INFO:colcon.colcon_core.shell:Creating package script '/ros2_ws/install/ur_calibration/share/ur_calibration/package.zsh'
[1.794s] Level 1:colcon.colcon_core.environment:create_file_with_runtime_dependencies(/ros2_ws/install/ur_calibration/share/colcon-core/packages/ur_calibration)
[1.794s] Level 1:colcon.colcon_core.environment:create_environment_scripts_only(ur_calibration)
[1.794s] Level 1:colcon.colcon_core.environment:checking '/ros2_ws/install/ur_calibration' for CMake module files
[1.795s] Level 1:colcon.colcon_core.environment:checking '/ros2_ws/install/ur_calibration' for CMake config files
[1.795s] Level 1:colcon.colcon_core.shell:create_environment_hook('ur_calibration', 'cmake_prefix_path')
[1.795s] INFO:colcon.colcon_core.shell:Creating environment hook '/ros2_ws/install/ur_calibration/share/ur_calibration/hook/cmake_prefix_path.ps1'
[1.795s] INFO:colcon.colcon_core.shell:Creating environment descriptor '/ros2_ws/install/ur_calibration/share/ur_calibration/hook/cmake_prefix_path.dsv'
[1.796s] INFO:colcon.colcon_core.shell:Creating environment hook '/ros2_ws/install/ur_calibration/share/ur_calibration/hook/cmake_prefix_path.sh'
[1.796s] Level 1:colcon.colcon_core.environment:checking '/ros2_ws/install/ur_calibration/lib'
[1.796s] Level 1:colcon.colcon_core.environment:checking '/ros2_ws/install/ur_calibration/bin'
[1.796s] Level 1:colcon.colcon_core.environment:checking '/ros2_ws/install/ur_calibration/lib/pkgconfig/ur_calibration.pc'
[1.796s] Level 1:colcon.colcon_core.environment:checking '/ros2_ws/install/ur_calibration/lib/python3.10/site-packages'
[1.797s] Level 1:colcon.colcon_core.environment:checking '/ros2_ws/install/ur_calibration/bin'
[1.797s] INFO:colcon.colcon_core.shell:Creating package script '/ros2_ws/install/ur_calibration/share/ur_calibration/package.ps1'
[1.797s] INFO:colcon.colcon_core.shell:Creating package descriptor '/ros2_ws/install/ur_calibration/share/ur_calibration/package.dsv'
[1.798s] INFO:colcon.colcon_core.shell:Creating package script '/ros2_ws/install/ur_calibration/share/ur_calibration/package.sh'
[1.798s] INFO:colcon.colcon_core.shell:Creating package script '/ros2_ws/install/ur_calibration/share/ur_calibration/package.bash'
[1.798s] INFO:colcon.colcon_core.shell:Creating package script '/ros2_ws/install/ur_calibration/share/ur_calibration/package.zsh'
[1.799s] Level 1:colcon.colcon_core.environment:create_file_with_runtime_dependencies(/ros2_ws/install/ur_calibration/share/colcon-core/packages/ur_calibration)
[1.799s] INFO:colcon.colcon_ros.task.ament_cmake.build:Building ROS package in '/ros2_ws/src/Universal_Robots_ROS2_Driver/ur' with build type 'ament_cmake'
[1.799s] INFO:colcon.colcon_cmake.task.cmake.build:Building CMake package in '/ros2_ws/src/Universal_Robots_ROS2_Driver/ur'
[1.799s] INFO:colcon.colcon_core.shell:Skip shell extension 'powershell' for command environment: Not usable outside of PowerShell
[1.799s] DEBUG:colcon.colcon_core.shell:Skip shell extension 'dsv' for command environment
[1.816s] DEBUG:colcon.colcon_core.event_handler.log_command:Invoking command in '/ros2_ws/build/ur': AMENT_PREFIX_PATH=/ros2_ws/install/ur_calibration:/ros2_ws/install/ur_robot_driver:/ros2_ws/install/ur_controllers:${AMENT_PREFIX_PATH} CMAKE_PREFIX_PATH=/ros2_ws/install/ur_calibration:/ros2_ws/install/ur_robot_driver:/ros2_ws/install/ur_controllers:/ros2_ws/install/ur_msgs:/ros2_ws/install/ur_moveit_config:/ros2_ws/install/ur_dashboard_msgs:/opt/ros/humble LD_LIBRARY_PATH=/ros2_ws/install/ur_robot_driver/lib:/ros2_ws/install/ur_controllers/lib:${LD_LIBRARY_PATH} PATH=/ros2_ws/install/ur_robot_driver/bin:${PATH} PYTHONPATH=/ros2_ws/install/ur_robot_driver/local/lib/python3.10/dist-packages:${PYTHONPATH} /usr/bin/cmake --build /ros2_ws/build/ur -- -j8 -l8
[1.851s] DEBUG:colcon.colcon_core.event_handler.log_command:Invoked command in '/ros2_ws/build/ur' returned '0': AMENT_PREFIX_PATH=/ros2_ws/install/ur_calibration:/ros2_ws/install/ur_robot_driver:/ros2_ws/install/ur_controllers:${AMENT_PREFIX_PATH} CMAKE_PREFIX_PATH=/ros2_ws/install/ur_calibration:/ros2_ws/install/ur_robot_driver:/ros2_ws/install/ur_controllers:/ros2_ws/install/ur_msgs:/ros2_ws/install/ur_moveit_config:/ros2_ws/install/ur_dashboard_msgs:/opt/ros/humble LD_LIBRARY_PATH=/ros2_ws/install/ur_robot_driver/lib:/ros2_ws/install/ur_controllers/lib:${LD_LIBRARY_PATH} PATH=/ros2_ws/install/ur_robot_driver/bin:${PATH} PYTHONPATH=/ros2_ws/install/ur_robot_driver/local/lib/python3.10/dist-packages:${PYTHONPATH} /usr/bin/cmake --build /ros2_ws/build/ur -- -j8 -l8
[1.852s] DEBUG:colcon.colcon_core.event_handler.log_command:Invoking command in '/ros2_ws/build/ur': AMENT_PREFIX_PATH=/ros2_ws/install/ur_calibration:/ros2_ws/install/ur_robot_driver:/ros2_ws/install/ur_controllers:${AMENT_PREFIX_PATH} CMAKE_PREFIX_PATH=/ros2_ws/install/ur_calibration:/ros2_ws/install/ur_robot_driver:/ros2_ws/install/ur_controllers:/ros2_ws/install/ur_msgs:/ros2_ws/install/ur_moveit_config:/ros2_ws/install/ur_dashboard_msgs:/opt/ros/humble LD_LIBRARY_PATH=/ros2_ws/install/ur_robot_driver/lib:/ros2_ws/install/ur_controllers/lib:${LD_LIBRARY_PATH} PATH=/ros2_ws/install/ur_robot_driver/bin:${PATH} PYTHONPATH=/ros2_ws/install/ur_robot_driver/local/lib/python3.10/dist-packages:${PYTHONPATH} /usr/bin/cmake --install /ros2_ws/build/ur
[1.860s] Level 1:colcon.colcon_core.environment:create_environment_scripts_only(ur)
[1.861s] Level 1:colcon.colcon_core.environment:checking '/ros2_ws/install/ur' for CMake module files
[1.861s] DEBUG:colcon.colcon_core.event_handler.log_command:Invoked command in '/ros2_ws/build/ur' returned '0': AMENT_PREFIX_PATH=/ros2_ws/install/ur_calibration:/ros2_ws/install/ur_robot_driver:/ros2_ws/install/ur_controllers:${AMENT_PREFIX_PATH} CMAKE_PREFIX_PATH=/ros2_ws/install/ur_calibration:/ros2_ws/install/ur_robot_driver:/ros2_ws/install/ur_controllers:/ros2_ws/install/ur_msgs:/ros2_ws/install/ur_moveit_config:/ros2_ws/install/ur_dashboard_msgs:/opt/ros/humble LD_LIBRARY_PATH=/ros2_ws/install/ur_robot_driver/lib:/ros2_ws/install/ur_controllers/lib:${LD_LIBRARY_PATH} PATH=/ros2_ws/install/ur_robot_driver/bin:${PATH} PYTHONPATH=/ros2_ws/install/ur_robot_driver/local/lib/python3.10/dist-packages:${PYTHONPATH} /usr/bin/cmake --install /ros2_ws/build/ur
[1.861s] Level 1:colcon.colcon_core.environment:checking '/ros2_ws/install/ur' for CMake config files
[1.862s] Level 1:colcon.colcon_core.shell:create_environment_hook('ur', 'cmake_prefix_path')
[1.862s] INFO:colcon.colcon_core.shell:Creating environment hook '/ros2_ws/install/ur/share/ur/hook/cmake_prefix_path.ps1'
[1.862s] INFO:colcon.colcon_core.shell:Creating environment descriptor '/ros2_ws/install/ur/share/ur/hook/cmake_prefix_path.dsv'
[1.862s] INFO:colcon.colcon_core.shell:Creating environment hook '/ros2_ws/install/ur/share/ur/hook/cmake_prefix_path.sh'
[1.863s] Level 1:colcon.colcon_core.environment:checking '/ros2_ws/install/ur/bin'
[1.863s] Level 1:colcon.colcon_core.environment:checking '/ros2_ws/install/ur/lib/pkgconfig/ur.pc'
[1.863s] Level 1:colcon.colcon_core.environment:checking '/ros2_ws/install/ur/lib/python3.10/site-packages'
[1.863s] Level 1:colcon.colcon_core.environment:checking '/ros2_ws/install/ur/bin'
[1.864s] INFO:colcon.colcon_core.shell:Creating package script '/ros2_ws/install/ur/share/ur/package.ps1'
[1.864s] INFO:colcon.colcon_core.shell:Creating package descriptor '/ros2_ws/install/ur/share/ur/package.dsv'
[1.864s] INFO:colcon.colcon_core.shell:Creating package script '/ros2_ws/install/ur/share/ur/package.sh'
[1.865s] INFO:colcon.colcon_core.shell:Creating package script '/ros2_ws/install/ur/share/ur/package.bash'
[1.865s] INFO:colcon.colcon_core.shell:Creating package script '/ros2_ws/install/ur/share/ur/package.zsh'
[1.865s] Level 1:colcon.colcon_core.environment:create_file_with_runtime_dependencies(/ros2_ws/install/ur/share/colcon-core/packages/ur)
[1.865s] Level 1:colcon.colcon_core.environment:create_environment_scripts_only(ur)
[1.866s] Level 1:colcon.colcon_core.environment:checking '/ros2_ws/install/ur' for CMake module files
[1.866s] Level 1:colcon.colcon_core.environment:checking '/ros2_ws/install/ur' for CMake config files
[1.866s] Level 1:colcon.colcon_core.shell:create_environment_hook('ur', 'cmake_prefix_path')
[1.866s] INFO:colcon.colcon_core.shell:Creating environment hook '/ros2_ws/install/ur/share/ur/hook/cmake_prefix_path.ps1'
[1.867s] INFO:colcon.colcon_core.shell:Creating environment descriptor '/ros2_ws/install/ur/share/ur/hook/cmake_prefix_path.dsv'
[1.867s] INFO:colcon.colcon_core.shell:Creating environment hook '/ros2_ws/install/ur/share/ur/hook/cmake_prefix_path.sh'
[1.868s] Level 1:colcon.colcon_core.environment:checking '/ros2_ws/install/ur/bin'
[1.868s] Level 1:colcon.colcon_core.environment:checking '/ros2_ws/install/ur/lib/pkgconfig/ur.pc'
[1.868s] Level 1:colcon.colcon_core.environment:checking '/ros2_ws/install/ur/lib/python3.10/site-packages'
[1.868s] Level 1:colcon.colcon_core.environment:checking '/ros2_ws/install/ur/bin'
[1.868s] INFO:colcon.colcon_core.shell:Creating package script '/ros2_ws/install/ur/share/ur/package.ps1'
[1.869s] INFO:colcon.colcon_core.shell:Creating package descriptor '/ros2_ws/install/ur/share/ur/package.dsv'
[1.869s] INFO:colcon.colcon_core.shell:Creating package script '/ros2_ws/install/ur/share/ur/package.sh'
[1.869s] INFO:colcon.colcon_core.shell:Creating package script '/ros2_ws/install/ur/share/ur/package.bash'
[1.870s] INFO:colcon.colcon_core.shell:Creating package script '/ros2_ws/install/ur/share/ur/package.zsh'
[1.870s] Level 1:colcon.colcon_core.environment:create_file_with_runtime_dependencies(/ros2_ws/install/ur/share/colcon-core/packages/ur)
[1.870s] DEBUG:colcon.colcon_parallel_executor.executor.parallel:closing loop
[1.870s] DEBUG:colcon.colcon_parallel_executor.executor.parallel:loop closed
[1.870s] DEBUG:colcon.colcon_parallel_executor.executor.parallel:run_until_complete finished with '0'
[1.870s] DEBUG:colcon.colcon_core.event_reactor:joining thread
[1.875s] INFO:colcon.colcon_core.plugin_system:Skipping extension 'colcon_notification.desktop_notification.notify_send': Could not find 'notify-send'
[1.875s] INFO:colcon.colcon_core.plugin_system:Skipping extension 'colcon_notification.desktop_notification.terminal_notifier': Not used on non-Darwin systems
[1.875s] INFO:colcon.colcon_core.plugin_system:Skipping extension 'colcon_notification.desktop_notification.win32': Not used on non-Windows systems
[1.875s] INFO:colcon.colcon_notification.desktop_notification:Sending desktop notification using 'notify2'
[1.877s] DEBUG:colcon.colcon_notification.desktop_notification.notify2:Failed to initialize notify2: org.freedesktop.DBus.Error.Spawn.ExecFailed: /usr/bin/dbus-launch terminated abnormally without any error message
[1.878s] DEBUG:colcon.colcon_core.event_reactor:joined thread
[1.878s] INFO:colcon.colcon_core.shell:Creating prefix script '/ros2_ws/install/local_setup.ps1'
[1.879s] INFO:colcon.colcon_core.shell:Creating prefix util module '/ros2_ws/install/_local_setup_util_ps1.py'
[1.881s] INFO:colcon.colcon_core.shell:Creating prefix chain script '/ros2_ws/install/setup.ps1'
[1.882s] INFO:colcon.colcon_core.shell:Creating prefix script '/ros2_ws/install/local_setup.sh'
[1.882s] INFO:colcon.colcon_core.shell:Creating prefix util module '/ros2_ws/install/_local_setup_util_sh.py'
[1.883s] INFO:colcon.colcon_core.shell:Creating prefix chain script '/ros2_ws/install/setup.sh'
[1.884s] INFO:colcon.colcon_core.shell:Creating prefix script '/ros2_ws/install/local_setup.bash'
[1.884s] INFO:colcon.colcon_core.shell:Creating prefix chain script '/ros2_ws/install/setup.bash'
[1.885s] INFO:colcon.colcon_core.shell:Creating prefix script '/ros2_ws/install/local_setup.zsh'
[1.885s] INFO:colcon.colcon_core.shell:Creating prefix chain script '/ros2_ws/install/setup.zsh'
