[0.098s] Invoking command in '/ros2_ws/build/moveit_task_constructor_core': AMENT_PREFIX_PATH=/ros2_ws/install/moveit_configs_utils:/ros2_ws/install/launch_param_builder:/ros2_ws/install/ur:/ros2_ws/install/ur_calibration:/ros2_ws/install/ur_robot_driver:/ros2_ws/install/ur_bringup:/ros2_ws/install/ur_controllers:/ros2_ws/install/ur_msgs:/ros2_ws/install/ur_moveit_config:/ros2_ws/install/ur_dashboard_msgs:/ros2_ws/install/pilz_industrial_motion_planner_testutils:/ros2_ws/install/moveit_runtime:/ros2_ws/install/moveit2_tutorials:/ros2_ws/install/moveit:/ros2_ws/install/moveit_planners:/ros2_ws/install/pilz_industrial_motion_planner:/ros2_ws/install/moveit_visual_tools:/ros2_ws/install/moveit_task_constructor_visualization:/ros2_ws/install/moveit_task_constructor_demo:/ros2_ws/install/moveit_task_constructor_capabilities:/ros2_ws/install/moveit_task_constructor_core:/ros2_ws/install/moveit_ros_control_interface:/ros2_ws/install/moveit_plugins:/ros2_ws/install/moveit_simple_controller_manager:/ros2_ws/install/moveit_setup_assistant:/ros2_ws/install/moveit_setup_srdf_plugins:/ros2_ws/install/moveit_setup_core_plugins:/ros2_ws/install/moveit_setup_controllers:/ros2_ws/install/moveit_setup_app_plugins:/ros2_ws/install/moveit_setup_framework:/ros2_ws/install/moveit_servo:/ros2_ws/install/moveit_ros:/ros2_ws/install/moveit_ros_visualization:/ros2_ws/install/moveit_hybrid_planning:/ros2_ws/install/moveit_ros_planning_interface:/ros2_ws/install/moveit_ros_benchmarks:/ros2_ws/install/moveit_ros_warehouse:/ros2_ws/install/moveit_ros_robot_interaction:/ros2_ws/install/moveit_ros_perception:/ros2_ws/install/moveit_resources_prbt_pg70_support:/ros2_ws/install/moveit_resources_prbt_moveit_config:/ros2_ws/install/moveit_ros_move_group:/ros2_ws/install/moveit_planners_ompl:/ros2_ws/install/moveit_ros_planning:/ros2_ws/install/moveit_ros_occupancy_map_monitor:/ros2_ws/install/moveit_resources_prbt_ikfast_manipulator_plugin:/ros2_ws/install/moveit_planners_chomp:/ros2_ws/install/moveit_kinematics:/ros2_ws/install/moveit_chomp_optimizer_adapter:/ros2_ws/install/chomp_motion_planner:/ros2_ws/install/moveit_core:/ros2_ws/install/srdfdom:/ros2_ws/install/rviz_marker_tools:/ros2_ws/install/rosparam_shortcuts:/ros2_ws/install/moveit_task_constructor_msgs:/ros2_ws/install/moveit_resources_prbt_support:/ros2_ws/install/moveit_resources:/ros2_ws/install/moveit_resources_pr2_description:/ros2_ws/install/moveit_resources_panda_moveit_config:/ros2_ws/install/moveit_resources_panda_description:/ros2_ws/install/moveit_resources_fanuc_moveit_config:/ros2_ws/install/moveit_resources_fanuc_description:/ros2_ws/install/moveit_common:/opt/ros/humble CMAKE_PREFIX_PATH=/ros2_ws/install/moveit_planners:/ros2_ws/install/pilz_industrial_motion_planner:/ros2_ws/install/moveit_resources_prbt_pg70_support:/ros2_ws/install/moveit_ros_planning_interface:/ros2_ws/install/moveit_resources_prbt_moveit_config:/ros2_ws/install/moveit_ros_move_group:/ros2_ws/install/moveit_ros_warehouse:/ros2_ws/install/moveit_planners_ompl:/ros2_ws/install/moveit_kinematics:/ros2_ws/install/moveit_ros_planning:/ros2_ws/install/moveit_planners_chomp:/ros2_ws/install/pilz_industrial_motion_planner_testutils:/ros2_ws/install/moveit_simple_controller_manager:/ros2_ws/install/moveit_ros_occupancy_map_monitor:/ros2_ws/install/moveit_resources_prbt_ikfast_manipulator_plugin:/ros2_ws/install/chomp_motion_planner:/ros2_ws/install/moveit_core:/ros2_ws/install/rviz_marker_tools:/ros2_ws/install/moveit_resources_panda_moveit_config:/ros2_ws/install/moveit_resources_fanuc_moveit_config:/ros2_ws/install/srdfdom:/ros2_ws/install/moveit_task_constructor_msgs:/ros2_ws/install/moveit_resources_prbt_support:/ros2_ws/install/moveit_resources_pr2_description:/ros2_ws/install/moveit_resources_panda_description:/ros2_ws/install/moveit_resources_fanuc_description:/ros2_ws/install/moveit_common:/ros2_ws/install/ur:/ros2_ws/install/ur_calibration:/ros2_ws/install/ur_robot_driver:/ros2_ws/install/ur_bringup:/ros2_ws/install/ur_controllers:/ros2_ws/install/ur_msgs:/ros2_ws/install/ur_moveit_config:/ros2_ws/install/ur_dashboard_msgs:/ros2_ws/install/moveit_runtime:/ros2_ws/install/moveit2_tutorials:/ros2_ws/install/moveit:/ros2_ws/install/moveit_visual_tools:/ros2_ws/install/moveit_task_constructor_visualization:/ros2_ws/install/moveit_task_constructor_demo:/ros2_ws/install/moveit_task_constructor_capabilities:/ros2_ws/install/moveit_task_constructor_core:/ros2_ws/install/moveit_ros_control_interface:/ros2_ws/install/moveit_plugins:/ros2_ws/install/moveit_setup_assistant:/ros2_ws/install/moveit_setup_srdf_plugins:/ros2_ws/install/moveit_setup_core_plugins:/ros2_ws/install/moveit_setup_controllers:/ros2_ws/install/moveit_setup_app_plugins:/ros2_ws/install/moveit_setup_framework:/ros2_ws/install/moveit_servo:/ros2_ws/install/moveit_ros:/ros2_ws/install/moveit_ros_visualization:/ros2_ws/install/moveit_hybrid_planning:/ros2_ws/install/moveit_ros_benchmarks:/ros2_ws/install/moveit_ros_robot_interaction:/ros2_ws/install/moveit_ros_perception:/ros2_ws/install/moveit_chomp_optimizer_adapter:/ros2_ws/install/rosparam_shortcuts:/ros2_ws/install/moveit_resources:/ros2_ws/install/moveit_configs_utils:/ros2_ws/install/launch_param_builder:/opt/ros/humble LD_LIBRARY_PATH=/ros2_ws/install/pilz_industrial_motion_planner/lib:/ros2_ws/install/moveit_ros_planning_interface/lib:/ros2_ws/install/moveit_ros_move_group/lib:/ros2_ws/install/moveit_ros_warehouse/lib:/ros2_ws/install/moveit_planners_ompl/lib:/ros2_ws/install/moveit_kinematics/lib:/ros2_ws/install/moveit_ros_planning/lib:/ros2_ws/install/moveit_planners_chomp/lib:/ros2_ws/install/pilz_industrial_motion_planner_testutils/lib:/ros2_ws/install/moveit_simple_controller_manager/lib:/ros2_ws/install/moveit_ros_occupancy_map_monitor/lib:/ros2_ws/install/moveit_resources_prbt_ikfast_manipulator_plugin/lib:/ros2_ws/install/chomp_motion_planner/lib:/ros2_ws/install/moveit_core/lib:/ros2_ws/install/rviz_marker_tools/lib:/ros2_ws/install/srdfdom/lib:/ros2_ws/install/moveit_task_constructor_msgs/lib:/ros2_ws/install/ur_robot_driver/lib:/ros2_ws/install/ur_controllers/lib:/ros2_ws/install/ur_msgs/lib:/ros2_ws/install/ur_dashboard_msgs/lib:/ros2_ws/install/moveit_visual_tools/lib:/ros2_ws/install/moveit_task_constructor_visualization/lib:/ros2_ws/install/moveit_task_constructor_demo/lib:/ros2_ws/install/moveit_task_constructor_capabilities/lib:/ros2_ws/install/moveit_task_constructor_core/lib:/ros2_ws/install/moveit_ros_control_interface/lib:/ros2_ws/install/moveit_setup_assistant/lib:/ros2_ws/install/moveit_setup_srdf_plugins/lib:/ros2_ws/install/moveit_setup_core_plugins/lib:/ros2_ws/install/moveit_setup_controllers/lib:/ros2_ws/install/moveit_setup_app_plugins/lib:/ros2_ws/install/moveit_setup_framework/lib:/ros2_ws/install/moveit_servo/lib:/ros2_ws/install/moveit_ros_visualization/lib:/ros2_ws/install/moveit_hybrid_planning/lib:/ros2_ws/install/moveit_ros_benchmarks/lib:/ros2_ws/install/moveit_ros_robot_interaction/lib:/ros2_ws/install/moveit_ros_perception/lib:/ros2_ws/install/moveit_chomp_optimizer_adapter/lib:/ros2_ws/install/rosparam_shortcuts/lib:/usr/lib/x86_64-linux-gnu/gazebo-11/plugins:/opt/ros/humble/opt/rviz_ogre_vendor/lib:/opt/ros/humble/lib/x86_64-linux-gnu:/opt/ros/humble/lib PATH=/ros2_ws/install/moveit_core/bin:/ros2_ws/install/ur_robot_driver/bin:/opt/ros/humble/bin:/usr/local/sbin:/usr/local/bin:/usr/sbin:/usr/bin:/sbin:/bin PYTHONPATH=/ros2_ws/install/moveit_configs_utils/lib/python3.10/site-packages:/ros2_ws/install/launch_param_builder/lib/python3.10/site-packages:/ros2_ws/install/ur_robot_driver/local/lib/python3.10/dist-packages:/ros2_ws/install/ur_msgs/local/lib/python3.10/dist-packages:/ros2_ws/install/ur_moveit_config/local/lib/python3.10/dist-packages:/ros2_ws/install/ur_dashboard_msgs/local/lib/python3.10/dist-packages:/ros2_ws/install/moveit_task_constructor_core/local/lib/python3.10/dist-packages:/ros2_ws/install/srdfdom/local/lib/python3.10/dist-packages:/ros2_ws/install/moveit_task_constructor_msgs/local/lib/python3.10/dist-packages:/opt/ros/humble/lib/python3.10/site-packages:/opt/ros/humble/local/lib/python3.10/dist-packages /usr/bin/cmake --build /ros2_ws/build/moveit_task_constructor_core -- -j8 -l8
[0.194s] [  2%] Built target gtest_main
[0.199s] [  4%] Built target gmock_main
[0.205s] [  9%] Built target gtest
[0.205s] [ 10%] Built target gmock
[0.213s] [ 10%] Built target ament_cmake_python_copy_moveit
[0.289s] [ 29%] Built target moveit_task_constructor_core
[0.372s] [ 34%] Built target gtest_utils
[0.409s] [ 55%] Built target moveit_task_constructor_core_stages
[0.495s] [ 57%] Built target moveit_task_constructor_core_stage_plugins
[0.507s] [ 60%] Built target moveit_task_constructor_core-test-serial
[0.510s] [ 62%] Built target moveit_task_constructor_core-test-pruning
[0.515s] [ 64%] Built target moveit_task_constructor_core-test-stage
[0.520s] [ 67%] Built target moveit_task_constructor_core-test-mockups
[0.526s] [ 74%] Built target pymoveit_mtc
[0.533s] [ 76%] Built target moveit_task_constructor_core-test-container
[0.573s] [ 78%] Built target moveit_task_constructor_core-test-properties
[0.597s] [ 81%] Built target moveit_task_constructor_core-test-cost-queue
[0.617s] [ 83%] Built target moveit_task_constructor_core-test-cost-terms
[0.629s] running egg_info
[0.631s] writing moveit.egg-info/PKG-INFO
[0.631s] writing dependency_links to moveit.egg-info/dependency_links.txt
[0.631s] writing top-level names to moveit.egg-info/top_level.txt
[0.639s] [ 85%] Built target moveit_task_constructor_core-test-move-to
[0.639s] [ 88%] Built target moveit_task_constructor_core-test-fallback
[0.639s] reading manifest file 'moveit.egg-info/SOURCES.txt'
[0.639s] writing manifest file 'moveit.egg-info/SOURCES.txt'
[0.645s] [ 90%] Built target moveit_task_constructor_core-test-move-relative
[0.645s] [ 92%] Built target moveit_task_constructor_core-test-interface-state
[0.679s] [ 95%] Built target pick_ur5
[0.687s] [ 97%] Built target pick_pr2
[0.698s] [ 97%] Built target ament_cmake_python_build_moveit_egg
[0.708s] [100%] Built target pick_pa10
[0.730s] Invoked command in '/ros2_ws/build/moveit_task_constructor_core' returned '0': AMENT_PREFIX_PATH=/ros2_ws/install/moveit_configs_utils:/ros2_ws/install/launch_param_builder:/ros2_ws/install/ur:/ros2_ws/install/ur_calibration:/ros2_ws/install/ur_robot_driver:/ros2_ws/install/ur_bringup:/ros2_ws/install/ur_controllers:/ros2_ws/install/ur_msgs:/ros2_ws/install/ur_moveit_config:/ros2_ws/install/ur_dashboard_msgs:/ros2_ws/install/pilz_industrial_motion_planner_testutils:/ros2_ws/install/moveit_runtime:/ros2_ws/install/moveit2_tutorials:/ros2_ws/install/moveit:/ros2_ws/install/moveit_planners:/ros2_ws/install/pilz_industrial_motion_planner:/ros2_ws/install/moveit_visual_tools:/ros2_ws/install/moveit_task_constructor_visualization:/ros2_ws/install/moveit_task_constructor_demo:/ros2_ws/install/moveit_task_constructor_capabilities:/ros2_ws/install/moveit_task_constructor_core:/ros2_ws/install/moveit_ros_control_interface:/ros2_ws/install/moveit_plugins:/ros2_ws/install/moveit_simple_controller_manager:/ros2_ws/install/moveit_setup_assistant:/ros2_ws/install/moveit_setup_srdf_plugins:/ros2_ws/install/moveit_setup_core_plugins:/ros2_ws/install/moveit_setup_controllers:/ros2_ws/install/moveit_setup_app_plugins:/ros2_ws/install/moveit_setup_framework:/ros2_ws/install/moveit_servo:/ros2_ws/install/moveit_ros:/ros2_ws/install/moveit_ros_visualization:/ros2_ws/install/moveit_hybrid_planning:/ros2_ws/install/moveit_ros_planning_interface:/ros2_ws/install/moveit_ros_benchmarks:/ros2_ws/install/moveit_ros_warehouse:/ros2_ws/install/moveit_ros_robot_interaction:/ros2_ws/install/moveit_ros_perception:/ros2_ws/install/moveit_resources_prbt_pg70_support:/ros2_ws/install/moveit_resources_prbt_moveit_config:/ros2_ws/install/moveit_ros_move_group:/ros2_ws/install/moveit_planners_ompl:/ros2_ws/install/moveit_ros_planning:/ros2_ws/install/moveit_ros_occupancy_map_monitor:/ros2_ws/install/moveit_resources_prbt_ikfast_manipulator_plugin:/ros2_ws/install/moveit_planners_chomp:/ros2_ws/install/moveit_kinematics:/ros2_ws/install/moveit_chomp_optimizer_adapter:/ros2_ws/install/chomp_motion_planner:/ros2_ws/install/moveit_core:/ros2_ws/install/srdfdom:/ros2_ws/install/rviz_marker_tools:/ros2_ws/install/rosparam_shortcuts:/ros2_ws/install/moveit_task_constructor_msgs:/ros2_ws/install/moveit_resources_prbt_support:/ros2_ws/install/moveit_resources:/ros2_ws/install/moveit_resources_pr2_description:/ros2_ws/install/moveit_resources_panda_moveit_config:/ros2_ws/install/moveit_resources_panda_description:/ros2_ws/install/moveit_resources_fanuc_moveit_config:/ros2_ws/install/moveit_resources_fanuc_description:/ros2_ws/install/moveit_common:/opt/ros/humble CMAKE_PREFIX_PATH=/ros2_ws/install/moveit_planners:/ros2_ws/install/pilz_industrial_motion_planner:/ros2_ws/install/moveit_resources_prbt_pg70_support:/ros2_ws/install/moveit_ros_planning_interface:/ros2_ws/install/moveit_resources_prbt_moveit_config:/ros2_ws/install/moveit_ros_move_group:/ros2_ws/install/moveit_ros_warehouse:/ros2_ws/install/moveit_planners_ompl:/ros2_ws/install/moveit_kinematics:/ros2_ws/install/moveit_ros_planning:/ros2_ws/install/moveit_planners_chomp:/ros2_ws/install/pilz_industrial_motion_planner_testutils:/ros2_ws/install/moveit_simple_controller_manager:/ros2_ws/install/moveit_ros_occupancy_map_monitor:/ros2_ws/install/moveit_resources_prbt_ikfast_manipulator_plugin:/ros2_ws/install/chomp_motion_planner:/ros2_ws/install/moveit_core:/ros2_ws/install/rviz_marker_tools:/ros2_ws/install/moveit_resources_panda_moveit_config:/ros2_ws/install/moveit_resources_fanuc_moveit_config:/ros2_ws/install/srdfdom:/ros2_ws/install/moveit_task_constructor_msgs:/ros2_ws/install/moveit_resources_prbt_support:/ros2_ws/install/moveit_resources_pr2_description:/ros2_ws/install/moveit_resources_panda_description:/ros2_ws/install/moveit_resources_fanuc_description:/ros2_ws/install/moveit_common:/ros2_ws/install/ur:/ros2_ws/install/ur_calibration:/ros2_ws/install/ur_robot_driver:/ros2_ws/install/ur_bringup:/ros2_ws/install/ur_controllers:/ros2_ws/install/ur_msgs:/ros2_ws/install/ur_moveit_config:/ros2_ws/install/ur_dashboard_msgs:/ros2_ws/install/moveit_runtime:/ros2_ws/install/moveit2_tutorials:/ros2_ws/install/moveit:/ros2_ws/install/moveit_visual_tools:/ros2_ws/install/moveit_task_constructor_visualization:/ros2_ws/install/moveit_task_constructor_demo:/ros2_ws/install/moveit_task_constructor_capabilities:/ros2_ws/install/moveit_task_constructor_core:/ros2_ws/install/moveit_ros_control_interface:/ros2_ws/install/moveit_plugins:/ros2_ws/install/moveit_setup_assistant:/ros2_ws/install/moveit_setup_srdf_plugins:/ros2_ws/install/moveit_setup_core_plugins:/ros2_ws/install/moveit_setup_controllers:/ros2_ws/install/moveit_setup_app_plugins:/ros2_ws/install/moveit_setup_framework:/ros2_ws/install/moveit_servo:/ros2_ws/install/moveit_ros:/ros2_ws/install/moveit_ros_visualization:/ros2_ws/install/moveit_hybrid_planning:/ros2_ws/install/moveit_ros_benchmarks:/ros2_ws/install/moveit_ros_robot_interaction:/ros2_ws/install/moveit_ros_perception:/ros2_ws/install/moveit_chomp_optimizer_adapter:/ros2_ws/install/rosparam_shortcuts:/ros2_ws/install/moveit_resources:/ros2_ws/install/moveit_configs_utils:/ros2_ws/install/launch_param_builder:/opt/ros/humble LD_LIBRARY_PATH=/ros2_ws/install/pilz_industrial_motion_planner/lib:/ros2_ws/install/moveit_ros_planning_interface/lib:/ros2_ws/install/moveit_ros_move_group/lib:/ros2_ws/install/moveit_ros_warehouse/lib:/ros2_ws/install/moveit_planners_ompl/lib:/ros2_ws/install/moveit_kinematics/lib:/ros2_ws/install/moveit_ros_planning/lib:/ros2_ws/install/moveit_planners_chomp/lib:/ros2_ws/install/pilz_industrial_motion_planner_testutils/lib:/ros2_ws/install/moveit_simple_controller_manager/lib:/ros2_ws/install/moveit_ros_occupancy_map_monitor/lib:/ros2_ws/install/moveit_resources_prbt_ikfast_manipulator_plugin/lib:/ros2_ws/install/chomp_motion_planner/lib:/ros2_ws/install/moveit_core/lib:/ros2_ws/install/rviz_marker_tools/lib:/ros2_ws/install/srdfdom/lib:/ros2_ws/install/moveit_task_constructor_msgs/lib:/ros2_ws/install/ur_robot_driver/lib:/ros2_ws/install/ur_controllers/lib:/ros2_ws/install/ur_msgs/lib:/ros2_ws/install/ur_dashboard_msgs/lib:/ros2_ws/install/moveit_visual_tools/lib:/ros2_ws/install/moveit_task_constructor_visualization/lib:/ros2_ws/install/moveit_task_constructor_demo/lib:/ros2_ws/install/moveit_task_constructor_capabilities/lib:/ros2_ws/install/moveit_task_constructor_core/lib:/ros2_ws/install/moveit_ros_control_interface/lib:/ros2_ws/install/moveit_setup_assistant/lib:/ros2_ws/install/moveit_setup_srdf_plugins/lib:/ros2_ws/install/moveit_setup_core_plugins/lib:/ros2_ws/install/moveit_setup_controllers/lib:/ros2_ws/install/moveit_setup_app_plugins/lib:/ros2_ws/install/moveit_setup_framework/lib:/ros2_ws/install/moveit_servo/lib:/ros2_ws/install/moveit_ros_visualization/lib:/ros2_ws/install/moveit_hybrid_planning/lib:/ros2_ws/install/moveit_ros_benchmarks/lib:/ros2_ws/install/moveit_ros_robot_interaction/lib:/ros2_ws/install/moveit_ros_perception/lib:/ros2_ws/install/moveit_chomp_optimizer_adapter/lib:/ros2_ws/install/rosparam_shortcuts/lib:/usr/lib/x86_64-linux-gnu/gazebo-11/plugins:/opt/ros/humble/opt/rviz_ogre_vendor/lib:/opt/ros/humble/lib/x86_64-linux-gnu:/opt/ros/humble/lib PATH=/ros2_ws/install/moveit_core/bin:/ros2_ws/install/ur_robot_driver/bin:/opt/ros/humble/bin:/usr/local/sbin:/usr/local/bin:/usr/sbin:/usr/bin:/sbin:/bin PYTHONPATH=/ros2_ws/install/moveit_configs_utils/lib/python3.10/site-packages:/ros2_ws/install/launch_param_builder/lib/python3.10/site-packages:/ros2_ws/install/ur_robot_driver/local/lib/python3.10/dist-packages:/ros2_ws/install/ur_msgs/local/lib/python3.10/dist-packages:/ros2_ws/install/ur_moveit_config/local/lib/python3.10/dist-packages:/ros2_ws/install/ur_dashboard_msgs/local/lib/python3.10/dist-packages:/ros2_ws/install/moveit_task_constructor_core/local/lib/python3.10/dist-packages:/ros2_ws/install/srdfdom/local/lib/python3.10/dist-packages:/ros2_ws/install/moveit_task_constructor_msgs/local/lib/python3.10/dist-packages:/opt/ros/humble/lib/python3.10/site-packages:/opt/ros/humble/local/lib/python3.10/dist-packages /usr/bin/cmake --build /ros2_ws/build/moveit_task_constructor_core -- -j8 -l8
[0.733s] Invoking command in '/ros2_ws/build/moveit_task_constructor_core': AMENT_PREFIX_PATH=/ros2_ws/install/moveit_configs_utils:/ros2_ws/install/launch_param_builder:/ros2_ws/install/ur:/ros2_ws/install/ur_calibration:/ros2_ws/install/ur_robot_driver:/ros2_ws/install/ur_bringup:/ros2_ws/install/ur_controllers:/ros2_ws/install/ur_msgs:/ros2_ws/install/ur_moveit_config:/ros2_ws/install/ur_dashboard_msgs:/ros2_ws/install/pilz_industrial_motion_planner_testutils:/ros2_ws/install/moveit_runtime:/ros2_ws/install/moveit2_tutorials:/ros2_ws/install/moveit:/ros2_ws/install/moveit_planners:/ros2_ws/install/pilz_industrial_motion_planner:/ros2_ws/install/moveit_visual_tools:/ros2_ws/install/moveit_task_constructor_visualization:/ros2_ws/install/moveit_task_constructor_demo:/ros2_ws/install/moveit_task_constructor_capabilities:/ros2_ws/install/moveit_task_constructor_core:/ros2_ws/install/moveit_ros_control_interface:/ros2_ws/install/moveit_plugins:/ros2_ws/install/moveit_simple_controller_manager:/ros2_ws/install/moveit_setup_assistant:/ros2_ws/install/moveit_setup_srdf_plugins:/ros2_ws/install/moveit_setup_core_plugins:/ros2_ws/install/moveit_setup_controllers:/ros2_ws/install/moveit_setup_app_plugins:/ros2_ws/install/moveit_setup_framework:/ros2_ws/install/moveit_servo:/ros2_ws/install/moveit_ros:/ros2_ws/install/moveit_ros_visualization:/ros2_ws/install/moveit_hybrid_planning:/ros2_ws/install/moveit_ros_planning_interface:/ros2_ws/install/moveit_ros_benchmarks:/ros2_ws/install/moveit_ros_warehouse:/ros2_ws/install/moveit_ros_robot_interaction:/ros2_ws/install/moveit_ros_perception:/ros2_ws/install/moveit_resources_prbt_pg70_support:/ros2_ws/install/moveit_resources_prbt_moveit_config:/ros2_ws/install/moveit_ros_move_group:/ros2_ws/install/moveit_planners_ompl:/ros2_ws/install/moveit_ros_planning:/ros2_ws/install/moveit_ros_occupancy_map_monitor:/ros2_ws/install/moveit_resources_prbt_ikfast_manipulator_plugin:/ros2_ws/install/moveit_planners_chomp:/ros2_ws/install/moveit_kinematics:/ros2_ws/install/moveit_chomp_optimizer_adapter:/ros2_ws/install/chomp_motion_planner:/ros2_ws/install/moveit_core:/ros2_ws/install/srdfdom:/ros2_ws/install/rviz_marker_tools:/ros2_ws/install/rosparam_shortcuts:/ros2_ws/install/moveit_task_constructor_msgs:/ros2_ws/install/moveit_resources_prbt_support:/ros2_ws/install/moveit_resources:/ros2_ws/install/moveit_resources_pr2_description:/ros2_ws/install/moveit_resources_panda_moveit_config:/ros2_ws/install/moveit_resources_panda_description:/ros2_ws/install/moveit_resources_fanuc_moveit_config:/ros2_ws/install/moveit_resources_fanuc_description:/ros2_ws/install/moveit_common:/opt/ros/humble CMAKE_PREFIX_PATH=/ros2_ws/install/moveit_planners:/ros2_ws/install/pilz_industrial_motion_planner:/ros2_ws/install/moveit_resources_prbt_pg70_support:/ros2_ws/install/moveit_ros_planning_interface:/ros2_ws/install/moveit_resources_prbt_moveit_config:/ros2_ws/install/moveit_ros_move_group:/ros2_ws/install/moveit_ros_warehouse:/ros2_ws/install/moveit_planners_ompl:/ros2_ws/install/moveit_kinematics:/ros2_ws/install/moveit_ros_planning:/ros2_ws/install/moveit_planners_chomp:/ros2_ws/install/pilz_industrial_motion_planner_testutils:/ros2_ws/install/moveit_simple_controller_manager:/ros2_ws/install/moveit_ros_occupancy_map_monitor:/ros2_ws/install/moveit_resources_prbt_ikfast_manipulator_plugin:/ros2_ws/install/chomp_motion_planner:/ros2_ws/install/moveit_core:/ros2_ws/install/rviz_marker_tools:/ros2_ws/install/moveit_resources_panda_moveit_config:/ros2_ws/install/moveit_resources_fanuc_moveit_config:/ros2_ws/install/srdfdom:/ros2_ws/install/moveit_task_constructor_msgs:/ros2_ws/install/moveit_resources_prbt_support:/ros2_ws/install/moveit_resources_pr2_description:/ros2_ws/install/moveit_resources_panda_description:/ros2_ws/install/moveit_resources_fanuc_description:/ros2_ws/install/moveit_common:/ros2_ws/install/ur:/ros2_ws/install/ur_calibration:/ros2_ws/install/ur_robot_driver:/ros2_ws/install/ur_bringup:/ros2_ws/install/ur_controllers:/ros2_ws/install/ur_msgs:/ros2_ws/install/ur_moveit_config:/ros2_ws/install/ur_dashboard_msgs:/ros2_ws/install/moveit_runtime:/ros2_ws/install/moveit2_tutorials:/ros2_ws/install/moveit:/ros2_ws/install/moveit_visual_tools:/ros2_ws/install/moveit_task_constructor_visualization:/ros2_ws/install/moveit_task_constructor_demo:/ros2_ws/install/moveit_task_constructor_capabilities:/ros2_ws/install/moveit_task_constructor_core:/ros2_ws/install/moveit_ros_control_interface:/ros2_ws/install/moveit_plugins:/ros2_ws/install/moveit_setup_assistant:/ros2_ws/install/moveit_setup_srdf_plugins:/ros2_ws/install/moveit_setup_core_plugins:/ros2_ws/install/moveit_setup_controllers:/ros2_ws/install/moveit_setup_app_plugins:/ros2_ws/install/moveit_setup_framework:/ros2_ws/install/moveit_servo:/ros2_ws/install/moveit_ros:/ros2_ws/install/moveit_ros_visualization:/ros2_ws/install/moveit_hybrid_planning:/ros2_ws/install/moveit_ros_benchmarks:/ros2_ws/install/moveit_ros_robot_interaction:/ros2_ws/install/moveit_ros_perception:/ros2_ws/install/moveit_chomp_optimizer_adapter:/ros2_ws/install/rosparam_shortcuts:/ros2_ws/install/moveit_resources:/ros2_ws/install/moveit_configs_utils:/ros2_ws/install/launch_param_builder:/opt/ros/humble LD_LIBRARY_PATH=/ros2_ws/install/pilz_industrial_motion_planner/lib:/ros2_ws/install/moveit_ros_planning_interface/lib:/ros2_ws/install/moveit_ros_move_group/lib:/ros2_ws/install/moveit_ros_warehouse/lib:/ros2_ws/install/moveit_planners_ompl/lib:/ros2_ws/install/moveit_kinematics/lib:/ros2_ws/install/moveit_ros_planning/lib:/ros2_ws/install/moveit_planners_chomp/lib:/ros2_ws/install/pilz_industrial_motion_planner_testutils/lib:/ros2_ws/install/moveit_simple_controller_manager/lib:/ros2_ws/install/moveit_ros_occupancy_map_monitor/lib:/ros2_ws/install/moveit_resources_prbt_ikfast_manipulator_plugin/lib:/ros2_ws/install/chomp_motion_planner/lib:/ros2_ws/install/moveit_core/lib:/ros2_ws/install/rviz_marker_tools/lib:/ros2_ws/install/srdfdom/lib:/ros2_ws/install/moveit_task_constructor_msgs/lib:/ros2_ws/install/ur_robot_driver/lib:/ros2_ws/install/ur_controllers/lib:/ros2_ws/install/ur_msgs/lib:/ros2_ws/install/ur_dashboard_msgs/lib:/ros2_ws/install/moveit_visual_tools/lib:/ros2_ws/install/moveit_task_constructor_visualization/lib:/ros2_ws/install/moveit_task_constructor_demo/lib:/ros2_ws/install/moveit_task_constructor_capabilities/lib:/ros2_ws/install/moveit_task_constructor_core/lib:/ros2_ws/install/moveit_ros_control_interface/lib:/ros2_ws/install/moveit_setup_assistant/lib:/ros2_ws/install/moveit_setup_srdf_plugins/lib:/ros2_ws/install/moveit_setup_core_plugins/lib:/ros2_ws/install/moveit_setup_controllers/lib:/ros2_ws/install/moveit_setup_app_plugins/lib:/ros2_ws/install/moveit_setup_framework/lib:/ros2_ws/install/moveit_servo/lib:/ros2_ws/install/moveit_ros_visualization/lib:/ros2_ws/install/moveit_hybrid_planning/lib:/ros2_ws/install/moveit_ros_benchmarks/lib:/ros2_ws/install/moveit_ros_robot_interaction/lib:/ros2_ws/install/moveit_ros_perception/lib:/ros2_ws/install/moveit_chomp_optimizer_adapter/lib:/ros2_ws/install/rosparam_shortcuts/lib:/usr/lib/x86_64-linux-gnu/gazebo-11/plugins:/opt/ros/humble/opt/rviz_ogre_vendor/lib:/opt/ros/humble/lib/x86_64-linux-gnu:/opt/ros/humble/lib PATH=/ros2_ws/install/moveit_core/bin:/ros2_ws/install/ur_robot_driver/bin:/opt/ros/humble/bin:/usr/local/sbin:/usr/local/bin:/usr/sbin:/usr/bin:/sbin:/bin PYTHONPATH=/ros2_ws/install/moveit_configs_utils/lib/python3.10/site-packages:/ros2_ws/install/launch_param_builder/lib/python3.10/site-packages:/ros2_ws/install/ur_robot_driver/local/lib/python3.10/dist-packages:/ros2_ws/install/ur_msgs/local/lib/python3.10/dist-packages:/ros2_ws/install/ur_moveit_config/local/lib/python3.10/dist-packages:/ros2_ws/install/ur_dashboard_msgs/local/lib/python3.10/dist-packages:/ros2_ws/install/moveit_task_constructor_core/local/lib/python3.10/dist-packages:/ros2_ws/install/srdfdom/local/lib/python3.10/dist-packages:/ros2_ws/install/moveit_task_constructor_msgs/local/lib/python3.10/dist-packages:/opt/ros/humble/lib/python3.10/site-packages:/opt/ros/humble/local/lib/python3.10/dist-packages /usr/bin/cmake --install /ros2_ws/build/moveit_task_constructor_core
[0.751s] -- Install configuration: "Release"
[0.752s] -- Up-to-date: /ros2_ws/install/moveit_task_constructor_core/lib/libmoveit_task_constructor_core_stages.so
[0.753s] -- Up-to-date: /ros2_ws/install/moveit_task_constructor_core/lib/libmoveit_task_constructor_core_stage_plugins.so
[0.755s] -- Up-to-date: /ros2_ws/install/moveit_task_constructor_core/lib/libmoveit_task_constructor_core.so
[0.755s] -- Up-to-date: /ros2_ws/install/moveit_task_constructor_core/share/moveit_task_constructor_core/environment/pythonpath.sh
[0.755s] -- Up-to-date: /ros2_ws/install/moveit_task_constructor_core/share/moveit_task_constructor_core/environment/pythonpath.dsv
[0.755s] -- Up-to-date: /ros2_ws/install/moveit_task_constructor_core/local/lib/python3.10/dist-packages/moveit-0.1.3-py3.10.egg-info
[0.755s] -- Installing: /ros2_ws/install/moveit_task_constructor_core/local/lib/python3.10/dist-packages/moveit-0.1.3-py3.10.egg-info/dependency_links.txt
[0.756s] -- Installing: /ros2_ws/install/moveit_task_constructor_core/local/lib/python3.10/dist-packages/moveit-0.1.3-py3.10.egg-info/top_level.txt
[0.756s] -- Installing: /ros2_ws/install/moveit_task_constructor_core/local/lib/python3.10/dist-packages/moveit-0.1.3-py3.10.egg-info/SOURCES.txt
[0.756s] -- Installing: /ros2_ws/install/moveit_task_constructor_core/local/lib/python3.10/dist-packages/moveit-0.1.3-py3.10.egg-info/PKG-INFO
[0.756s] -- Up-to-date: /ros2_ws/install/moveit_task_constructor_core/local/lib/python3.10/dist-packages/moveit
[0.756s] -- Up-to-date: /ros2_ws/install/moveit_task_constructor_core/local/lib/python3.10/dist-packages/moveit/task_constructor
[0.756s] -- Up-to-date: /ros2_ws/install/moveit_task_constructor_core/local/lib/python3.10/dist-packages/moveit/task_constructor/stages.py
[0.756s] -- Up-to-date: /ros2_ws/install/moveit_task_constructor_core/local/lib/python3.10/dist-packages/moveit/task_constructor/core.py
[0.756s] -- Up-to-date: /ros2_ws/install/moveit_task_constructor_core/local/lib/python3.10/dist-packages/moveit/task_constructor/__init__.py
[0.756s] -- Up-to-date: /ros2_ws/install/moveit_task_constructor_core/local/lib/python3.10/dist-packages/moveit/__init__.py
[0.817s] Listing '/ros2_ws/install/moveit_task_constructor_core/local/lib/python3.10/dist-packages/moveit'...
[0.817s] Listing '/ros2_ws/install/moveit_task_constructor_core/local/lib/python3.10/dist-packages/moveit/task_constructor'...
[0.822s] -- Up-to-date: /ros2_ws/install/moveit_task_constructor_core/include/moveit/python/pybind11
[0.823s] -- Up-to-date: /ros2_ws/install/moveit_task_constructor_core/include/moveit/python/pybind11/numpy.h
[0.823s] -- Up-to-date: /ros2_ws/install/moveit_task_constructor_core/include/moveit/python/pybind11/typing.h
[0.823s] -- Up-to-date: /ros2_ws/install/moveit_task_constructor_core/include/moveit/python/pybind11/gil.h
[0.823s] -- Up-to-date: /ros2_ws/install/moveit_task_constructor_core/include/moveit/python/pybind11/trampoline_self_life_support.h
[0.824s] -- Up-to-date: /ros2_ws/install/moveit_task_constructor_core/include/moveit/python/pybind11/eval.h
[0.824s] -- Up-to-date: /ros2_ws/install/moveit_task_constructor_core/include/moveit/python/pybind11/chrono.h
[0.824s] -- Up-to-date: /ros2_ws/install/moveit_task_constructor_core/include/moveit/python/pybind11/type_caster_pyobject_ptr.h
[0.824s] -- Up-to-date: /ros2_ws/install/moveit_task_constructor_core/include/moveit/python/pybind11/pybind11.h
[0.824s] -- Up-to-date: /ros2_ws/install/moveit_task_constructor_core/include/moveit/python/pybind11/complex.h
[0.824s] -- Up-to-date: /ros2_ws/install/moveit_task_constructor_core/include/moveit/python/pybind11/eigen
[0.825s] -- Up-to-date: /ros2_ws/install/moveit_task_constructor_core/include/moveit/python/pybind11/eigen/common.h
[0.825s] -- Up-to-date: /ros2_ws/install/moveit_task_constructor_core/include/moveit/python/pybind11/eigen/matrix.h
[0.825s] -- Up-to-date: /ros2_ws/install/moveit_task_constructor_core/include/moveit/python/pybind11/eigen/tensor.h
[0.825s] -- Up-to-date: /ros2_ws/install/moveit_task_constructor_core/include/moveit/python/pybind11/iostream.h
[0.826s] -- Up-to-date: /ros2_ws/install/moveit_task_constructor_core/include/moveit/python/pybind11/eigen.h
[0.826s] -- Up-to-date: /ros2_ws/install/moveit_task_constructor_core/include/moveit/python/pybind11/buffer_info.h
[0.826s] -- Up-to-date: /ros2_ws/install/moveit_task_constructor_core/include/moveit/python/pybind11/smart_holder.h
[0.826s] -- Up-to-date: /ros2_ws/install/moveit_task_constructor_core/include/moveit/python/pybind11/gil_safe_call_once.h
[0.826s] -- Up-to-date: /ros2_ws/install/moveit_task_constructor_core/include/moveit/python/pybind11/stl
[0.826s] -- Up-to-date: /ros2_ws/install/moveit_task_constructor_core/include/moveit/python/pybind11/stl/filesystem.h
[0.827s] -- Up-to-date: /ros2_ws/install/moveit_task_constructor_core/include/moveit/python/pybind11/embed.h
[0.827s] -- Up-to-date: /ros2_ws/install/moveit_task_constructor_core/include/moveit/python/pybind11/common.h
[0.827s] -- Up-to-date: /ros2_ws/install/moveit_task_constructor_core/include/moveit/python/pybind11/cast.h
[0.827s] -- Up-to-date: /ros2_ws/install/moveit_task_constructor_core/include/moveit/python/pybind11/pytypes.h
[0.827s] -- Up-to-date: /ros2_ws/install/moveit_task_constructor_core/include/moveit/python/pybind11/functional.h
[0.827s] -- Up-to-date: /ros2_ws/install/moveit_task_constructor_core/include/moveit/python/pybind11/detail
[0.828s] -- Up-to-date: /ros2_ws/install/moveit_task_constructor_core/include/moveit/python/pybind11/detail/typeid.h
[0.828s] -- Up-to-date: /ros2_ws/install/moveit_task_constructor_core/include/moveit/python/pybind11/detail/type_caster_odr_guard.h
[0.828s] -- Up-to-date: /ros2_ws/install/moveit_task_constructor_core/include/moveit/python/pybind11/detail/dynamic_raw_ptr_cast_if_possible.h
[0.828s] -- Up-to-date: /ros2_ws/install/moveit_task_constructor_core/include/moveit/python/pybind11/detail/smart_holder_type_casters.h
[0.828s] -- Up-to-date: /ros2_ws/install/moveit_task_constructor_core/include/moveit/python/pybind11/detail/type_caster_base.h
[0.829s] -- Up-to-date: /ros2_ws/install/moveit_task_constructor_core/include/moveit/python/pybind11/detail/class.h
[0.829s] -- Up-to-date: /ros2_ws/install/moveit_task_constructor_core/include/moveit/python/pybind11/detail/smart_holder_poc.h
[0.829s] -- Up-to-date: /ros2_ws/install/moveit_task_constructor_core/include/moveit/python/pybind11/detail/descr.h
[0.829s] -- Up-to-date: /ros2_ws/install/moveit_task_constructor_core/include/moveit/python/pybind11/detail/common.h
[0.829s] -- Up-to-date: /ros2_ws/install/moveit_task_constructor_core/include/moveit/python/pybind11/detail/init.h
[0.829s] -- Up-to-date: /ros2_ws/install/moveit_task_constructor_core/include/moveit/python/pybind11/detail/internals.h
[0.829s] -- Up-to-date: /ros2_ws/install/moveit_task_constructor_core/include/moveit/python/pybind11/detail/smart_holder_sfinae_hooks_only.h
[0.830s] -- Up-to-date: /ros2_ws/install/moveit_task_constructor_core/include/moveit/python/pybind11/options.h
[0.830s] -- Up-to-date: /ros2_ws/install/moveit_task_constructor_core/include/moveit/python/pybind11/stl.h
[0.830s] -- Up-to-date: /ros2_ws/install/moveit_task_constructor_core/include/moveit/python/pybind11/stl_bind.h
[0.830s] -- Up-to-date: /ros2_ws/install/moveit_task_constructor_core/include/moveit/python/pybind11/attr.h
[0.830s] -- Up-to-date: /ros2_ws/install/moveit_task_constructor_core/include/moveit/python/pybind11/operators.h
[0.830s] -- Up-to-date: /ros2_ws/install/moveit_task_constructor_core/share/moveit_task_constructor_core/cmake/pybind11Config.cmake
[0.830s] -- Up-to-date: /ros2_ws/install/moveit_task_constructor_core/share/moveit_task_constructor_core/cmake/pybind11ConfigVersion.cmake
[0.830s] -- Up-to-date: /ros2_ws/install/moveit_task_constructor_core/share/moveit_task_constructor_core/cmake/FindPythonLibsNew.cmake
[0.830s] -- Up-to-date: /ros2_ws/install/moveit_task_constructor_core/share/moveit_task_constructor_core/cmake/pybind11Common.cmake
[0.830s] -- Up-to-date: /ros2_ws/install/moveit_task_constructor_core/share/moveit_task_constructor_core/cmake/pybind11Tools.cmake
[0.830s] -- Up-to-date: /ros2_ws/install/moveit_task_constructor_core/share/moveit_task_constructor_core/cmake/pybind11NewTools.cmake
[0.830s] -- Up-to-date: /ros2_ws/install/moveit_task_constructor_core/share/moveit_task_constructor_core/cmake/pybind11Targets.cmake
[0.831s] -- Up-to-date: /ros2_ws/install/moveit_task_constructor_core/share/pkgconfig/pybind11.pc
[0.832s] -- Up-to-date: /ros2_ws/install/moveit_task_constructor_core/local/lib/python3.10/dist-packages/pymoveit_mtc.cpython-310-x86_64-linux-gnu.so
[0.834s] -- Up-to-date: /ros2_ws/install/moveit_task_constructor_core/include
[0.834s] -- Up-to-date: /ros2_ws/install/moveit_task_constructor_core/include/moveit
[0.834s] -- Up-to-date: /ros2_ws/install/moveit_task_constructor_core/include/moveit/python
[0.835s] -- Up-to-date: /ros2_ws/install/moveit_task_constructor_core/include/moveit/python/task_constructor
[0.835s] -- Up-to-date: /ros2_ws/install/moveit_task_constructor_core/include/moveit/python/task_constructor/properties.h
[0.836s] -- Up-to-date: /ros2_ws/install/moveit_task_constructor_core/include/moveit/task_constructor
[0.836s] -- Up-to-date: /ros2_ws/install/moveit_task_constructor_core/include/moveit/task_constructor/container.h
[0.836s] -- Up-to-date: /ros2_ws/install/moveit_task_constructor_core/include/moveit/task_constructor/cost_terms.h
[0.836s] -- Up-to-date: /ros2_ws/install/moveit_task_constructor_core/include/moveit/task_constructor/stages.h
[0.836s] -- Up-to-date: /ros2_ws/install/moveit_task_constructor_core/include/moveit/task_constructor/utils.h
[0.836s] -- Up-to-date: /ros2_ws/install/moveit_task_constructor_core/include/moveit/task_constructor/task.h
[0.837s] -- Up-to-date: /ros2_ws/install/moveit_task_constructor_core/include/moveit/task_constructor/moveit_compat.h
[0.837s] -- Up-to-date: /ros2_ws/install/moveit_task_constructor_core/include/moveit/task_constructor/solvers.h
[0.837s] -- Up-to-date: /ros2_ws/install/moveit_task_constructor_core/include/moveit/task_constructor/type_traits.h
[0.837s] -- Up-to-date: /ros2_ws/install/moveit_task_constructor_core/include/moveit/task_constructor/stages
[0.838s] -- Up-to-date: /ros2_ws/install/moveit_task_constructor_core/include/moveit/task_constructor/stages/generate_place_pose.h
[0.838s] -- Up-to-date: /ros2_ws/install/moveit_task_constructor_core/include/moveit/task_constructor/stages/simple_grasp.h
[0.839s] -- Up-to-date: /ros2_ws/install/moveit_task_constructor_core/include/moveit/task_constructor/stages/modify_planning_scene.h
[0.839s] -- Up-to-date: /ros2_ws/install/moveit_task_constructor_core/include/moveit/task_constructor/stages/connect.h
[0.839s] -- Up-to-date: /ros2_ws/install/moveit_task_constructor_core/include/moveit/task_constructor/stages/fixed_state.h
[0.839s] -- Up-to-date: /ros2_ws/install/moveit_task_constructor_core/include/moveit/task_constructor/stages/pick.h
[0.839s] -- Up-to-date: /ros2_ws/install/moveit_task_constructor_core/include/moveit/task_constructor/stages/fix_collision_objects.h
[0.839s] -- Up-to-date: /ros2_ws/install/moveit_task_constructor_core/include/moveit/task_constructor/stages/move_relative.h
[0.839s] -- Up-to-date: /ros2_ws/install/moveit_task_constructor_core/include/moveit/task_constructor/stages/generate_pose.h
[0.839s] -- Up-to-date: /ros2_ws/install/moveit_task_constructor_core/include/moveit/task_constructor/stages/predicate_filter.h
[0.839s] -- Up-to-date: /ros2_ws/install/moveit_task_constructor_core/include/moveit/task_constructor/stages/noop.h
[0.840s] -- Up-to-date: /ros2_ws/install/moveit_task_constructor_core/include/moveit/task_constructor/stages/fixed_cartesian_poses.h
[0.840s] -- Up-to-date: /ros2_ws/install/moveit_task_constructor_core/include/moveit/task_constructor/stages/generate_grasp_pose.h
[0.840s] -- Up-to-date: /ros2_ws/install/moveit_task_constructor_core/include/moveit/task_constructor/stages/generate_random_pose.h
[0.840s] -- Up-to-date: /ros2_ws/install/moveit_task_constructor_core/include/moveit/task_constructor/stages/current_state.h
[0.840s] -- Up-to-date: /ros2_ws/install/moveit_task_constructor_core/include/moveit/task_constructor/stages/move_to.h
[0.846s] -- Up-to-date: /ros2_ws/install/moveit_task_constructor_core/include/moveit/task_constructor/stages/compute_ik.h
[0.846s] -- Up-to-date: /ros2_ws/install/moveit_task_constructor_core/include/moveit/task_constructor/stages/passthrough.h
[0.846s] -- Up-to-date: /ros2_ws/install/moveit_task_constructor_core/include/moveit/task_constructor/merge.h
[0.847s] -- Up-to-date: /ros2_ws/install/moveit_task_constructor_core/include/moveit/task_constructor/properties.h
[0.847s] -- Up-to-date: /ros2_ws/install/moveit_task_constructor_core/include/moveit/task_constructor/solvers
[0.847s] -- Up-to-date: /ros2_ws/install/moveit_task_constructor_core/include/moveit/task_constructor/solvers/joint_interpolation.h
[0.847s] -- Up-to-date: /ros2_ws/install/moveit_task_constructor_core/include/moveit/task_constructor/solvers/multi_planner.h
[0.847s] -- Up-to-date: /ros2_ws/install/moveit_task_constructor_core/include/moveit/task_constructor/solvers/pipeline_planner.h
[0.847s] -- Up-to-date: /ros2_ws/install/moveit_task_constructor_core/include/moveit/task_constructor/solvers/planner_interface.h
[0.847s] -- Up-to-date: /ros2_ws/install/moveit_task_constructor_core/include/moveit/task_constructor/solvers/cartesian_path.h
[0.848s] -- Up-to-date: /ros2_ws/install/moveit_task_constructor_core/include/moveit/task_constructor/storage.h
[0.848s] -- Up-to-date: /ros2_ws/install/moveit_task_constructor_core/include/moveit/task_constructor/trajectory_execution_info.h
[0.848s] -- Up-to-date: /ros2_ws/install/moveit_task_constructor_core/include/moveit/task_constructor/introspection.h
[0.848s] -- Up-to-date: /ros2_ws/install/moveit_task_constructor_core/include/moveit/task_constructor/marker_tools.h
[0.848s] -- Up-to-date: /ros2_ws/install/moveit_task_constructor_core/include/moveit/task_constructor/stage.h
[0.848s] -- Up-to-date: /ros2_ws/install/moveit_task_constructor_core/include/moveit/task_constructor/cost_queue.h
[0.848s] -- Up-to-date: /ros2_ws/install/moveit_task_constructor_core/share/moveit_task_constructor_core/motion_planning_stages_plugin_description.xml
[0.848s] -- Up-to-date: /ros2_ws/install/moveit_task_constructor_core/share/moveit_task_constructor_core/environment/library_path.sh
[0.849s] -- Up-to-date: /ros2_ws/install/moveit_task_constructor_core/share/moveit_task_constructor_core/environment/library_path.dsv
[0.849s] -- Up-to-date: /ros2_ws/install/moveit_task_constructor_core/share/ament_index/resource_index/package_run_dependencies/moveit_task_constructor_core
[0.849s] -- Up-to-date: /ros2_ws/install/moveit_task_constructor_core/share/ament_index/resource_index/parent_prefix_path/moveit_task_constructor_core
[0.849s] -- Up-to-date: /ros2_ws/install/moveit_task_constructor_core/share/moveit_task_constructor_core/environment/ament_prefix_path.sh
[0.849s] -- Up-to-date: /ros2_ws/install/moveit_task_constructor_core/share/moveit_task_constructor_core/environment/ament_prefix_path.dsv
[0.849s] -- Up-to-date: /ros2_ws/install/moveit_task_constructor_core/share/moveit_task_constructor_core/environment/path.sh
[0.849s] -- Up-to-date: /ros2_ws/install/moveit_task_constructor_core/share/moveit_task_constructor_core/environment/path.dsv
[0.849s] -- Up-to-date: /ros2_ws/install/moveit_task_constructor_core/share/moveit_task_constructor_core/local_setup.bash
[0.850s] -- Up-to-date: /ros2_ws/install/moveit_task_constructor_core/share/moveit_task_constructor_core/local_setup.sh
[0.850s] -- Up-to-date: /ros2_ws/install/moveit_task_constructor_core/share/moveit_task_constructor_core/local_setup.zsh
[0.851s] -- Up-to-date: /ros2_ws/install/moveit_task_constructor_core/share/moveit_task_constructor_core/local_setup.dsv
[0.851s] -- Installing: /ros2_ws/install/moveit_task_constructor_core/share/moveit_task_constructor_core/package.dsv
[0.851s] -- Up-to-date: /ros2_ws/install/moveit_task_constructor_core/share/ament_index/resource_index/packages/moveit_task_constructor_core
[0.851s] -- Up-to-date: /ros2_ws/install/moveit_task_constructor_core/share/ament_index/resource_index/moveit_task_constructor_core__pluginlib__plugin/moveit_task_constructor_core
[0.851s] -- Up-to-date: /ros2_ws/install/moveit_task_constructor_core/share/moveit_task_constructor_core/cmake/moveit_task_constructor_coreTargetsExport.cmake
[0.851s] -- Up-to-date: /ros2_ws/install/moveit_task_constructor_core/share/moveit_task_constructor_core/cmake/moveit_task_constructor_coreTargetsExport-release.cmake
[0.851s] -- Up-to-date: /ros2_ws/install/moveit_task_constructor_core/share/moveit_task_constructor_core/cmake/ament_cmake_export_targets-extras.cmake
[0.852s] -- Up-to-date: /ros2_ws/install/moveit_task_constructor_core/share/moveit_task_constructor_core/cmake/ament_cmake_export_dependencies-extras.cmake
[0.852s] -- Up-to-date: /ros2_ws/install/moveit_task_constructor_core/share/moveit_task_constructor_core/cmake/moveit_task_constructor_coreConfig.cmake
[0.852s] -- Up-to-date: /ros2_ws/install/moveit_task_constructor_core/share/moveit_task_constructor_core/cmake/moveit_task_constructor_coreConfig-version.cmake
[0.852s] -- Up-to-date: /ros2_ws/install/moveit_task_constructor_core/share/moveit_task_constructor_core/package.xml
[0.857s] Invoked command in '/ros2_ws/build/moveit_task_constructor_core' returned '0': AMENT_PREFIX_PATH=/ros2_ws/install/moveit_configs_utils:/ros2_ws/install/launch_param_builder:/ros2_ws/install/ur:/ros2_ws/install/ur_calibration:/ros2_ws/install/ur_robot_driver:/ros2_ws/install/ur_bringup:/ros2_ws/install/ur_controllers:/ros2_ws/install/ur_msgs:/ros2_ws/install/ur_moveit_config:/ros2_ws/install/ur_dashboard_msgs:/ros2_ws/install/pilz_industrial_motion_planner_testutils:/ros2_ws/install/moveit_runtime:/ros2_ws/install/moveit2_tutorials:/ros2_ws/install/moveit:/ros2_ws/install/moveit_planners:/ros2_ws/install/pilz_industrial_motion_planner:/ros2_ws/install/moveit_visual_tools:/ros2_ws/install/moveit_task_constructor_visualization:/ros2_ws/install/moveit_task_constructor_demo:/ros2_ws/install/moveit_task_constructor_capabilities:/ros2_ws/install/moveit_task_constructor_core:/ros2_ws/install/moveit_ros_control_interface:/ros2_ws/install/moveit_plugins:/ros2_ws/install/moveit_simple_controller_manager:/ros2_ws/install/moveit_setup_assistant:/ros2_ws/install/moveit_setup_srdf_plugins:/ros2_ws/install/moveit_setup_core_plugins:/ros2_ws/install/moveit_setup_controllers:/ros2_ws/install/moveit_setup_app_plugins:/ros2_ws/install/moveit_setup_framework:/ros2_ws/install/moveit_servo:/ros2_ws/install/moveit_ros:/ros2_ws/install/moveit_ros_visualization:/ros2_ws/install/moveit_hybrid_planning:/ros2_ws/install/moveit_ros_planning_interface:/ros2_ws/install/moveit_ros_benchmarks:/ros2_ws/install/moveit_ros_warehouse:/ros2_ws/install/moveit_ros_robot_interaction:/ros2_ws/install/moveit_ros_perception:/ros2_ws/install/moveit_resources_prbt_pg70_support:/ros2_ws/install/moveit_resources_prbt_moveit_config:/ros2_ws/install/moveit_ros_move_group:/ros2_ws/install/moveit_planners_ompl:/ros2_ws/install/moveit_ros_planning:/ros2_ws/install/moveit_ros_occupancy_map_monitor:/ros2_ws/install/moveit_resources_prbt_ikfast_manipulator_plugin:/ros2_ws/install/moveit_planners_chomp:/ros2_ws/install/moveit_kinematics:/ros2_ws/install/moveit_chomp_optimizer_adapter:/ros2_ws/install/chomp_motion_planner:/ros2_ws/install/moveit_core:/ros2_ws/install/srdfdom:/ros2_ws/install/rviz_marker_tools:/ros2_ws/install/rosparam_shortcuts:/ros2_ws/install/moveit_task_constructor_msgs:/ros2_ws/install/moveit_resources_prbt_support:/ros2_ws/install/moveit_resources:/ros2_ws/install/moveit_resources_pr2_description:/ros2_ws/install/moveit_resources_panda_moveit_config:/ros2_ws/install/moveit_resources_panda_description:/ros2_ws/install/moveit_resources_fanuc_moveit_config:/ros2_ws/install/moveit_resources_fanuc_description:/ros2_ws/install/moveit_common:/opt/ros/humble CMAKE_PREFIX_PATH=/ros2_ws/install/moveit_planners:/ros2_ws/install/pilz_industrial_motion_planner:/ros2_ws/install/moveit_resources_prbt_pg70_support:/ros2_ws/install/moveit_ros_planning_interface:/ros2_ws/install/moveit_resources_prbt_moveit_config:/ros2_ws/install/moveit_ros_move_group:/ros2_ws/install/moveit_ros_warehouse:/ros2_ws/install/moveit_planners_ompl:/ros2_ws/install/moveit_kinematics:/ros2_ws/install/moveit_ros_planning:/ros2_ws/install/moveit_planners_chomp:/ros2_ws/install/pilz_industrial_motion_planner_testutils:/ros2_ws/install/moveit_simple_controller_manager:/ros2_ws/install/moveit_ros_occupancy_map_monitor:/ros2_ws/install/moveit_resources_prbt_ikfast_manipulator_plugin:/ros2_ws/install/chomp_motion_planner:/ros2_ws/install/moveit_core:/ros2_ws/install/rviz_marker_tools:/ros2_ws/install/moveit_resources_panda_moveit_config:/ros2_ws/install/moveit_resources_fanuc_moveit_config:/ros2_ws/install/srdfdom:/ros2_ws/install/moveit_task_constructor_msgs:/ros2_ws/install/moveit_resources_prbt_support:/ros2_ws/install/moveit_resources_pr2_description:/ros2_ws/install/moveit_resources_panda_description:/ros2_ws/install/moveit_resources_fanuc_description:/ros2_ws/install/moveit_common:/ros2_ws/install/ur:/ros2_ws/install/ur_calibration:/ros2_ws/install/ur_robot_driver:/ros2_ws/install/ur_bringup:/ros2_ws/install/ur_controllers:/ros2_ws/install/ur_msgs:/ros2_ws/install/ur_moveit_config:/ros2_ws/install/ur_dashboard_msgs:/ros2_ws/install/moveit_runtime:/ros2_ws/install/moveit2_tutorials:/ros2_ws/install/moveit:/ros2_ws/install/moveit_visual_tools:/ros2_ws/install/moveit_task_constructor_visualization:/ros2_ws/install/moveit_task_constructor_demo:/ros2_ws/install/moveit_task_constructor_capabilities:/ros2_ws/install/moveit_task_constructor_core:/ros2_ws/install/moveit_ros_control_interface:/ros2_ws/install/moveit_plugins:/ros2_ws/install/moveit_setup_assistant:/ros2_ws/install/moveit_setup_srdf_plugins:/ros2_ws/install/moveit_setup_core_plugins:/ros2_ws/install/moveit_setup_controllers:/ros2_ws/install/moveit_setup_app_plugins:/ros2_ws/install/moveit_setup_framework:/ros2_ws/install/moveit_servo:/ros2_ws/install/moveit_ros:/ros2_ws/install/moveit_ros_visualization:/ros2_ws/install/moveit_hybrid_planning:/ros2_ws/install/moveit_ros_benchmarks:/ros2_ws/install/moveit_ros_robot_interaction:/ros2_ws/install/moveit_ros_perception:/ros2_ws/install/moveit_chomp_optimizer_adapter:/ros2_ws/install/rosparam_shortcuts:/ros2_ws/install/moveit_resources:/ros2_ws/install/moveit_configs_utils:/ros2_ws/install/launch_param_builder:/opt/ros/humble LD_LIBRARY_PATH=/ros2_ws/install/pilz_industrial_motion_planner/lib:/ros2_ws/install/moveit_ros_planning_interface/lib:/ros2_ws/install/moveit_ros_move_group/lib:/ros2_ws/install/moveit_ros_warehouse/lib:/ros2_ws/install/moveit_planners_ompl/lib:/ros2_ws/install/moveit_kinematics/lib:/ros2_ws/install/moveit_ros_planning/lib:/ros2_ws/install/moveit_planners_chomp/lib:/ros2_ws/install/pilz_industrial_motion_planner_testutils/lib:/ros2_ws/install/moveit_simple_controller_manager/lib:/ros2_ws/install/moveit_ros_occupancy_map_monitor/lib:/ros2_ws/install/moveit_resources_prbt_ikfast_manipulator_plugin/lib:/ros2_ws/install/chomp_motion_planner/lib:/ros2_ws/install/moveit_core/lib:/ros2_ws/install/rviz_marker_tools/lib:/ros2_ws/install/srdfdom/lib:/ros2_ws/install/moveit_task_constructor_msgs/lib:/ros2_ws/install/ur_robot_driver/lib:/ros2_ws/install/ur_controllers/lib:/ros2_ws/install/ur_msgs/lib:/ros2_ws/install/ur_dashboard_msgs/lib:/ros2_ws/install/moveit_visual_tools/lib:/ros2_ws/install/moveit_task_constructor_visualization/lib:/ros2_ws/install/moveit_task_constructor_demo/lib:/ros2_ws/install/moveit_task_constructor_capabilities/lib:/ros2_ws/install/moveit_task_constructor_core/lib:/ros2_ws/install/moveit_ros_control_interface/lib:/ros2_ws/install/moveit_setup_assistant/lib:/ros2_ws/install/moveit_setup_srdf_plugins/lib:/ros2_ws/install/moveit_setup_core_plugins/lib:/ros2_ws/install/moveit_setup_controllers/lib:/ros2_ws/install/moveit_setup_app_plugins/lib:/ros2_ws/install/moveit_setup_framework/lib:/ros2_ws/install/moveit_servo/lib:/ros2_ws/install/moveit_ros_visualization/lib:/ros2_ws/install/moveit_hybrid_planning/lib:/ros2_ws/install/moveit_ros_benchmarks/lib:/ros2_ws/install/moveit_ros_robot_interaction/lib:/ros2_ws/install/moveit_ros_perception/lib:/ros2_ws/install/moveit_chomp_optimizer_adapter/lib:/ros2_ws/install/rosparam_shortcuts/lib:/usr/lib/x86_64-linux-gnu/gazebo-11/plugins:/opt/ros/humble/opt/rviz_ogre_vendor/lib:/opt/ros/humble/lib/x86_64-linux-gnu:/opt/ros/humble/lib PATH=/ros2_ws/install/moveit_core/bin:/ros2_ws/install/ur_robot_driver/bin:/opt/ros/humble/bin:/usr/local/sbin:/usr/local/bin:/usr/sbin:/usr/bin:/sbin:/bin PYTHONPATH=/ros2_ws/install/moveit_configs_utils/lib/python3.10/site-packages:/ros2_ws/install/launch_param_builder/lib/python3.10/site-packages:/ros2_ws/install/ur_robot_driver/local/lib/python3.10/dist-packages:/ros2_ws/install/ur_msgs/local/lib/python3.10/dist-packages:/ros2_ws/install/ur_moveit_config/local/lib/python3.10/dist-packages:/ros2_ws/install/ur_dashboard_msgs/local/lib/python3.10/dist-packages:/ros2_ws/install/moveit_task_constructor_core/local/lib/python3.10/dist-packages:/ros2_ws/install/srdfdom/local/lib/python3.10/dist-packages:/ros2_ws/install/moveit_task_constructor_msgs/local/lib/python3.10/dist-packages:/opt/ros/humble/lib/python3.10/site-packages:/opt/ros/humble/local/lib/python3.10/dist-packages /usr/bin/cmake --install /ros2_ws/build/moveit_task_constructor_core
