[0.053s] Invoking command in '/ros2_ws/build/srdfdom': CMAKE_PREFIX_PATH=${CMAKE_PREFIX_PATH}:/ros2_ws/install/moveit_configs_utils:/ros2_ws/install/launch_param_builder:/opt/ros/humble /usr/bin/cmake --build /ros2_ws/build/srdfdom -- -j8 -l8
[0.339s] [ 27%] Built target srdfdom
[0.340s] [ 45%] Built target gtest
[0.340s] [ 63%] Built target gtest_main
[0.341s] [ 63%] Built target ament_cmake_python_copy_srdfdom
[0.341s] [100%] Built target test_cpp_nl_NL.UTF-8
[0.341s] [100%] Built target test_cpp_C
[0.461s] running egg_info
[0.462s] writing srdfdom.egg-info/PKG-INFO
[0.462s] writing dependency_links to srdfdom.egg-info/dependency_links.txt
[0.462s] writing top-level names to srdfdom.egg-info/top_level.txt
[0.462s] reading manifest file 'srdfdom.egg-info/SOURCES.txt'
[0.462s] writing manifest file 'srdfdom.egg-info/SOURCES.txt'
[0.471s] [100%] Built target ament_cmake_python_build_srdfdom_egg
[0.593s] Invoked command in '/ros2_ws/build/srdfdom' returned '0': CMAKE_PREFIX_PATH=${CMAKE_PREFIX_PATH}:/ros2_ws/install/moveit_configs_utils:/ros2_ws/install/launch_param_builder:/opt/ros/humble /usr/bin/cmake --build /ros2_ws/build/srdfdom -- -j8 -l8
[0.593s] Invoking command in '/ros2_ws/build/srdfdom': CMAKE_PREFIX_PATH=${CMAKE_PREFIX_PATH}:/ros2_ws/install/moveit_configs_utils:/ros2_ws/install/launch_param_builder:/opt/ros/humble /usr/bin/cmake --install /ros2_ws/build/srdfdom
[0.607s] -- Install configuration: ""
[0.607s] -- Up-to-date: /ros2_ws/install/srdfdom/lib/libsrdfdom.so.2.0.7
[0.608s] -- Up-to-date: /ros2_ws/install/srdfdom/lib/libsrdfdom.so
[0.608s] -- Up-to-date: /ros2_ws/install/srdfdom/include/srdfdom
[0.608s] -- Up-to-date: /ros2_ws/install/srdfdom/include/srdfdom/srdfdom
[0.608s] -- Up-to-date: /ros2_ws/install/srdfdom/include/srdfdom/srdfdom/visibility_control.h
[0.609s] -- Up-to-date: /ros2_ws/install/srdfdom/include/srdfdom/srdfdom/model.h
[0.609s] -- Up-to-date: /ros2_ws/install/srdfdom/include/srdfdom/srdfdom/srdf_writer.h
[0.609s] -- Up-to-date: /ros2_ws/install/srdfdom/lib/srdfdom/display_srdf
[0.609s] -- Up-to-date: /ros2_ws/install/srdfdom/share/srdfdom/environment/pythonpath.sh
[0.609s] -- Up-to-date: /ros2_ws/install/srdfdom/share/srdfdom/environment/pythonpath.dsv
[0.609s] -- Up-to-date: /ros2_ws/install/srdfdom/local/lib/python3.10/dist-packages/srdfdom-2.0.7-py3.10.egg-info
[0.610s] -- Installing: /ros2_ws/install/srdfdom/local/lib/python3.10/dist-packages/srdfdom-2.0.7-py3.10.egg-info/dependency_links.txt
[0.610s] -- Installing: /ros2_ws/install/srdfdom/local/lib/python3.10/dist-packages/srdfdom-2.0.7-py3.10.egg-info/top_level.txt
[0.610s] -- Installing: /ros2_ws/install/srdfdom/local/lib/python3.10/dist-packages/srdfdom-2.0.7-py3.10.egg-info/SOURCES.txt
[0.610s] -- Installing: /ros2_ws/install/srdfdom/local/lib/python3.10/dist-packages/srdfdom-2.0.7-py3.10.egg-info/PKG-INFO
[0.610s] -- Up-to-date: /ros2_ws/install/srdfdom/local/lib/python3.10/dist-packages/srdfdom
[0.610s] -- Up-to-date: /ros2_ws/install/srdfdom/local/lib/python3.10/dist-packages/srdfdom/__init__.py
[0.610s] -- Up-to-date: /ros2_ws/install/srdfdom/local/lib/python3.10/dist-packages/srdfdom/srdf.py
[0.667s] Listing '/ros2_ws/install/srdfdom/local/lib/python3.10/dist-packages/srdfdom'...
[0.675s] -- Up-to-date: /ros2_ws/install/srdfdom/share/srdfdom/environment/library_path.sh
[0.675s] -- Up-to-date: /ros2_ws/install/srdfdom/share/srdfdom/environment/library_path.dsv
[0.675s] -- Up-to-date: /ros2_ws/install/srdfdom/share/ament_index/resource_index/package_run_dependencies/srdfdom
[0.676s] -- Up-to-date: /ros2_ws/install/srdfdom/share/ament_index/resource_index/parent_prefix_path/srdfdom
[0.676s] -- Up-to-date: /ros2_ws/install/srdfdom/share/srdfdom/environment/ament_prefix_path.sh
[0.676s] -- Up-to-date: /ros2_ws/install/srdfdom/share/srdfdom/environment/ament_prefix_path.dsv
[0.676s] -- Up-to-date: /ros2_ws/install/srdfdom/share/srdfdom/environment/path.sh
[0.681s] -- Up-to-date: /ros2_ws/install/srdfdom/share/srdfdom/environment/path.dsv
[0.681s] -- Up-to-date: /ros2_ws/install/srdfdom/share/srdfdom/local_setup.bash
[0.681s] -- Up-to-date: /ros2_ws/install/srdfdom/share/srdfdom/local_setup.sh
[0.681s] -- Up-to-date: /ros2_ws/install/srdfdom/share/srdfdom/local_setup.zsh
[0.681s] -- Up-to-date: /ros2_ws/install/srdfdom/share/srdfdom/local_setup.dsv
[0.681s] -- Installing: /ros2_ws/install/srdfdom/share/srdfdom/package.dsv
[0.681s] -- Up-to-date: /ros2_ws/install/srdfdom/share/ament_index/resource_index/packages/srdfdom
[0.683s] -- Up-to-date: /ros2_ws/install/srdfdom/share/srdfdom/cmake/srdfdomTargetsExport.cmake
[0.683s] -- Up-to-date: /ros2_ws/install/srdfdom/share/srdfdom/cmake/srdfdomTargetsExport-noconfig.cmake
[0.683s] -- Up-to-date: /ros2_ws/install/srdfdom/share/srdfdom/cmake/ament_cmake_export_targets-extras.cmake
[0.683s] -- Up-to-date: /ros2_ws/install/srdfdom/share/srdfdom/cmake/ament_cmake_export_dependencies-extras.cmake
[0.683s] -- Up-to-date: /ros2_ws/install/srdfdom/share/srdfdom/cmake/srdfdomConfig.cmake
[0.684s] -- Up-to-date: /ros2_ws/install/srdfdom/share/srdfdom/cmake/srdfdomConfig-version.cmake
[0.684s] -- Up-to-date: /ros2_ws/install/srdfdom/share/srdfdom/package.xml
[0.711s] Invoked command in '/ros2_ws/build/srdfdom' returned '0': CMAKE_PREFIX_PATH=${CMAKE_PREFIX_PATH}:/ros2_ws/install/moveit_configs_utils:/ros2_ws/install/launch_param_builder:/opt/ros/humble /usr/bin/cmake --install /ros2_ws/build/srdfdom
