[0.007s] Invoking command in '/ros2_ws/build/rviz_marker_tools': AMENT_PREFIX_PATH=/ros2_ws/install/moveit_common:${AMENT_PREFIX_PATH} CMAKE_PREFIX_PATH=/ros2_ws/install/moveit_common:/ros2_ws/install/ur:/ros2_ws/install/ur_calibration:/ros2_ws/install/ur_robot_driver:/ros2_ws/install/ur_bringup:/ros2_ws/install/ur_controllers:/ros2_ws/install/ur_msgs:/ros2_ws/install/ur_moveit_config:/ros2_ws/install/ur_dashboard_msgs:/opt/ros/humble /usr/bin/cmake /ros2_ws/src/moveit_task_constructor/rviz_marker_tools -DCMAKE_INSTALL_PREFIX=/ros2_ws/install/rviz_marker_tools
[0.055s] -- The C compiler identification is GNU 11.4.0
[0.106s] -- The CXX compiler identification is GNU 11.4.0
[0.112s] -- Detecting C compiler ABI info
[0.173s] -- Detecting C compiler ABI info - done
[0.180s] -- Check for working C compiler: /usr/bin/cc - skipped
[0.181s] -- Detecting C compile features
[0.181s] -- Detecting C compile features - done
[0.183s] -- Detecting CXX compiler ABI info
[0.255s] -- Detecting CXX compiler ABI info - done
[0.262s] -- Check for working CXX compiler: /usr/bin/c++ - skipped
[0.262s] -- Detecting CXX compile features
[0.262s] -- Detecting CXX compile features - done
[0.266s] -- Found ament_cmake: 1.3.11 (/opt/ros/humble/share/ament_cmake/cmake)
[0.405s] -- Found Python3: /usr/bin/python3 (found version "3.10.12") found components: Interpreter 
[0.501s] -- Found moveit_common: 2.5.7 (/ros2_ws/install/moveit_common/share/moveit_common/cmake)
[0.559s] [0mrviz_marker_tools: You did not request a specific build type: Choosing 'Release' for maximum performance[0m
[0.561s] -- Found eigen3_cmake_module: 0.1.1 (/opt/ros/humble/share/eigen3_cmake_module/cmake)
[0.571s] -- Found Eigen3: TRUE (found version "3.4.0") 
[0.573s] -- Found geometry_msgs: 4.2.4 (/opt/ros/humble/share/geometry_msgs/cmake)
[0.620s] -- Found rosidl_generator_c: 3.1.6 (/opt/ros/humble/share/rosidl_generator_c/cmake)
[0.627s] -- Found rosidl_adapter: 3.1.6 (/opt/ros/humble/share/rosidl_adapter/cmake)
[0.638s] -- Found rosidl_generator_cpp: 3.1.6 (/opt/ros/humble/share/rosidl_generator_cpp/cmake)
[0.652s] -- Using all available rosidl_typesupport_c: rosidl_typesupport_fastrtps_c;rosidl_typesupport_introspection_c
[0.672s] -- Using all available rosidl_typesupport_cpp: rosidl_typesupport_fastrtps_cpp;rosidl_typesupport_introspection_cpp
[0.716s] -- Found rclcpp: 16.0.11 (/opt/ros/humble/share/rclcpp/cmake)
[0.765s] -- Found rmw_implementation_cmake: 6.1.2 (/opt/ros/humble/share/rmw_implementation_cmake/cmake)
[0.769s] -- Found rmw_fastrtps_cpp: 6.2.7 (/opt/ros/humble/share/rmw_fastrtps_cpp/cmake)
[0.859s] -- Found OpenSSL: /usr/lib/x86_64-linux-gnu/libcrypto.so (found version "3.0.2")  
[0.887s] -- Found FastRTPS: /opt/ros/humble/include  
[0.933s] -- Using RMW implementation 'rmw_fastrtps_cpp' as default
[0.945s] -- Looking for pthread.h
[1.033s] -- Looking for pthread.h - found
[1.033s] -- Performing Test CMAKE_HAVE_LIBC_PTHREAD
[1.123s] -- Performing Test CMAKE_HAVE_LIBC_PTHREAD - Success
[1.124s] -- Found Threads: TRUE  
[1.167s] -- Found tf2_eigen: 0.25.9 (/opt/ros/humble/share/tf2_eigen/cmake)
[1.294s] -- Found visualization_msgs: 4.2.4 (/opt/ros/humble/share/visualization_msgs/cmake)
[1.341s] -- Configuring done
[1.353s] -- Generating done
[1.357s] -- Build files have been written to: /ros2_ws/build/rviz_marker_tools
[1.365s] Invoked command in '/ros2_ws/build/rviz_marker_tools' returned '0': AMENT_PREFIX_PATH=/ros2_ws/install/moveit_common:${AMENT_PREFIX_PATH} CMAKE_PREFIX_PATH=/ros2_ws/install/moveit_common:/ros2_ws/install/ur:/ros2_ws/install/ur_calibration:/ros2_ws/install/ur_robot_driver:/ros2_ws/install/ur_bringup:/ros2_ws/install/ur_controllers:/ros2_ws/install/ur_msgs:/ros2_ws/install/ur_moveit_config:/ros2_ws/install/ur_dashboard_msgs:/opt/ros/humble /usr/bin/cmake /ros2_ws/src/moveit_task_constructor/rviz_marker_tools -DCMAKE_INSTALL_PREFIX=/ros2_ws/install/rviz_marker_tools
[1.367s] Invoking command in '/ros2_ws/build/rviz_marker_tools': AMENT_PREFIX_PATH=/ros2_ws/install/moveit_common:${AMENT_PREFIX_PATH} CMAKE_PREFIX_PATH=/ros2_ws/install/moveit_common:/ros2_ws/install/ur:/ros2_ws/install/ur_calibration:/ros2_ws/install/ur_robot_driver:/ros2_ws/install/ur_bringup:/ros2_ws/install/ur_controllers:/ros2_ws/install/ur_msgs:/ros2_ws/install/ur_moveit_config:/ros2_ws/install/ur_dashboard_msgs:/opt/ros/humble /usr/bin/cmake --build /ros2_ws/build/rviz_marker_tools
[1.413s] [ 50%] [32mBuilding CXX object CMakeFiles/rviz_marker_tools.dir/src/marker_creation.cpp.o[0m
[6.083s] [100%] [32m[1mLinking CXX shared library librviz_marker_tools.so[0m
[6.201s] [100%] Built target rviz_marker_tools
[6.211s] Invoked command in '/ros2_ws/build/rviz_marker_tools' returned '0': AMENT_PREFIX_PATH=/ros2_ws/install/moveit_common:${AMENT_PREFIX_PATH} CMAKE_PREFIX_PATH=/ros2_ws/install/moveit_common:/ros2_ws/install/ur:/ros2_ws/install/ur_calibration:/ros2_ws/install/ur_robot_driver:/ros2_ws/install/ur_bringup:/ros2_ws/install/ur_controllers:/ros2_ws/install/ur_msgs:/ros2_ws/install/ur_moveit_config:/ros2_ws/install/ur_dashboard_msgs:/opt/ros/humble /usr/bin/cmake --build /ros2_ws/build/rviz_marker_tools
[6.212s] Invoking command in '/ros2_ws/build/rviz_marker_tools': AMENT_PREFIX_PATH=/ros2_ws/install/moveit_common:${AMENT_PREFIX_PATH} CMAKE_PREFIX_PATH=/ros2_ws/install/moveit_common:/ros2_ws/install/ur:/ros2_ws/install/ur_calibration:/ros2_ws/install/ur_robot_driver:/ros2_ws/install/ur_bringup:/ros2_ws/install/ur_controllers:/ros2_ws/install/ur_msgs:/ros2_ws/install/ur_moveit_config:/ros2_ws/install/ur_dashboard_msgs:/opt/ros/humble /usr/bin/cmake --install /ros2_ws/build/rviz_marker_tools
[6.219s] -- Install configuration: "Release"
[6.219s] -- Installing: /ros2_ws/install/rviz_marker_tools/include
[6.219s] -- Installing: /ros2_ws/install/rviz_marker_tools/include/rviz_marker_tools
[6.219s] -- Installing: /ros2_ws/install/rviz_marker_tools/include/rviz_marker_tools/marker_creation.h
[6.220s] -- Installing: /ros2_ws/install/rviz_marker_tools/lib/librviz_marker_tools.so
[6.220s] -- Set runtime path of "/ros2_ws/install/rviz_marker_tools/lib/librviz_marker_tools.so" to ""
[6.220s] -- Installing: /ros2_ws/install/rviz_marker_tools/share/rviz_marker_tools/environment/library_path.sh
[6.220s] -- Installing: /ros2_ws/install/rviz_marker_tools/share/rviz_marker_tools/environment/library_path.dsv
[6.220s] -- Installing: /ros2_ws/install/rviz_marker_tools/share/ament_index/resource_index/package_run_dependencies/rviz_marker_tools
[6.220s] -- Installing: /ros2_ws/install/rviz_marker_tools/share/ament_index/resource_index/parent_prefix_path/rviz_marker_tools
[6.221s] -- Installing: /ros2_ws/install/rviz_marker_tools/share/rviz_marker_tools/environment/ament_prefix_path.sh
[6.221s] -- Installing: /ros2_ws/install/rviz_marker_tools/share/rviz_marker_tools/environment/ament_prefix_path.dsv
[6.221s] -- Installing: /ros2_ws/install/rviz_marker_tools/share/rviz_marker_tools/environment/path.sh
[6.221s] -- Installing: /ros2_ws/install/rviz_marker_tools/share/rviz_marker_tools/environment/path.dsv
[6.221s] -- Installing: /ros2_ws/install/rviz_marker_tools/share/rviz_marker_tools/local_setup.bash
[6.221s] -- Installing: /ros2_ws/install/rviz_marker_tools/share/rviz_marker_tools/local_setup.sh
[6.221s] -- Installing: /ros2_ws/install/rviz_marker_tools/share/rviz_marker_tools/local_setup.zsh
[6.221s] -- Installing: /ros2_ws/install/rviz_marker_tools/share/rviz_marker_tools/local_setup.dsv
[6.221s] -- Installing: /ros2_ws/install/rviz_marker_tools/share/rviz_marker_tools/package.dsv
[6.222s] -- Installing: /ros2_ws/install/rviz_marker_tools/share/ament_index/resource_index/packages/rviz_marker_tools
[6.222s] -- Installing: /ros2_ws/install/rviz_marker_tools/share/rviz_marker_tools/cmake/rviz_marker_toolsTargetsExport.cmake
[6.222s] -- Installing: /ros2_ws/install/rviz_marker_tools/share/rviz_marker_tools/cmake/rviz_marker_toolsTargetsExport-release.cmake
[6.222s] -- Installing: /ros2_ws/install/rviz_marker_tools/share/rviz_marker_tools/cmake/ament_cmake_export_targets-extras.cmake
[6.222s] -- Installing: /ros2_ws/install/rviz_marker_tools/share/rviz_marker_tools/cmake/ament_cmake_export_dependencies-extras.cmake
[6.222s] -- Installing: /ros2_ws/install/rviz_marker_tools/share/rviz_marker_tools/cmake/rviz_marker_toolsConfig.cmake
[6.222s] -- Installing: /ros2_ws/install/rviz_marker_tools/share/rviz_marker_tools/cmake/rviz_marker_toolsConfig-version.cmake
[6.222s] -- Installing: /ros2_ws/install/rviz_marker_tools/share/rviz_marker_tools/package.xml
[6.225s] Invoked command in '/ros2_ws/build/rviz_marker_tools' returned '0': AMENT_PREFIX_PATH=/ros2_ws/install/moveit_common:${AMENT_PREFIX_PATH} CMAKE_PREFIX_PATH=/ros2_ws/install/moveit_common:/ros2_ws/install/ur:/ros2_ws/install/ur_calibration:/ros2_ws/install/ur_robot_driver:/ros2_ws/install/ur_bringup:/ros2_ws/install/ur_controllers:/ros2_ws/install/ur_msgs:/ros2_ws/install/ur_moveit_config:/ros2_ws/install/ur_dashboard_msgs:/opt/ros/humble /usr/bin/cmake --install /ros2_ws/build/rviz_marker_tools
