[0.007s] Invoking command in '/ros2_ws/build/moveit_common': CMAKE_PREFIX_PATH=${CMAKE_PREFIX_PATH}:/opt/ros/humble /usr/bin/cmake /ros2_ws/src/moveit2/moveit_common -DCMAKE_INSTALL_PREFIX=/ros2_ws/install/moveit_common
[0.024s] -- Found ament_cmake: 1.3.11 (/opt/ros/humble/share/ament_cmake/cmake)
[0.194s] -- Found Python3: /usr/bin/python3 (found version "3.10.12") found components: Interpreter 
[0.300s] -- Found ament_lint_auto: 0.12.11 (/opt/ros/humble/share/ament_lint_auto/cmake)
[0.387s] -- Added test 'copyright' to check source files copyright and LICENSE
[0.389s] -- Added test 'lint_cmake' to check CMake code style
[0.390s] -- Added test 'xmllint' to check XML markup files
[0.391s] -- Configuring done
[0.394s] -- Generating done
[0.396s] -- Build files have been written to: /ros2_ws/build/moveit_common
[0.399s] Invoked command in '/ros2_ws/build/moveit_common' returned '0': CMAKE_PREFIX_PATH=${CMAKE_PREFIX_PATH}:/opt/ros/humble /usr/bin/cmake /ros2_ws/src/moveit2/moveit_common -DCMAKE_INSTALL_PREFIX=/ros2_ws/install/moveit_common
[0.400s] Invoking command in '/ros2_ws/build/moveit_common': CMAKE_PREFIX_PATH=${CMAKE_PREFIX_PATH}:/opt/ros/humble /usr/bin/cmake --build /ros2_ws/build/moveit_common
[0.437s] Invoked command in '/ros2_ws/build/moveit_common' returned '0': CMAKE_PREFIX_PATH=${CMAKE_PREFIX_PATH}:/opt/ros/humble /usr/bin/cmake --build /ros2_ws/build/moveit_common
[0.446s] Invoking command in '/ros2_ws/build/moveit_common': CMAKE_PREFIX_PATH=${CMAKE_PREFIX_PATH}:/opt/ros/humble /usr/bin/cmake --install /ros2_ws/build/moveit_common
[0.453s] -- Install configuration: ""
[0.453s] -- Installing: /ros2_ws/install/moveit_common/share/ament_index/resource_index/package_run_dependencies/moveit_common
[0.453s] -- Installing: /ros2_ws/install/moveit_common/share/ament_index/resource_index/parent_prefix_path/moveit_common
[0.453s] -- Installing: /ros2_ws/install/moveit_common/share/moveit_common/environment/ament_prefix_path.sh
[0.453s] -- Installing: /ros2_ws/install/moveit_common/share/moveit_common/environment/ament_prefix_path.dsv
[0.454s] -- Installing: /ros2_ws/install/moveit_common/share/moveit_common/environment/path.sh
[0.454s] -- Installing: /ros2_ws/install/moveit_common/share/moveit_common/environment/path.dsv
[0.454s] -- Installing: /ros2_ws/install/moveit_common/share/moveit_common/local_setup.bash
[0.454s] -- Installing: /ros2_ws/install/moveit_common/share/moveit_common/local_setup.sh
[0.454s] -- Installing: /ros2_ws/install/moveit_common/share/moveit_common/local_setup.zsh
[0.454s] -- Installing: /ros2_ws/install/moveit_common/share/moveit_common/local_setup.dsv
[0.454s] -- Installing: /ros2_ws/install/moveit_common/share/moveit_common/package.dsv
[0.454s] -- Installing: /ros2_ws/install/moveit_common/share/ament_index/resource_index/packages/moveit_common
[0.454s] -- Installing: /ros2_ws/install/moveit_common/share/moveit_common/cmake/moveit_common-extras.cmake
[0.455s] -- Installing: /ros2_ws/install/moveit_common/share/moveit_common/cmake/moveit_commonConfig.cmake
[0.455s] -- Installing: /ros2_ws/install/moveit_common/share/moveit_common/cmake/moveit_commonConfig-version.cmake
[0.455s] -- Installing: /ros2_ws/install/moveit_common/share/moveit_common/package.xml
[0.455s] -- Up-to-date: /ros2_ws/install/moveit_common/share/moveit_common/cmake
[0.455s] -- Installing: /ros2_ws/install/moveit_common/share/moveit_common/cmake/moveit_package.cmake
[0.457s] Invoked command in '/ros2_ws/build/moveit_common' returned '0': CMAKE_PREFIX_PATH=${CMAKE_PREFIX_PATH}:/opt/ros/humble /usr/bin/cmake --install /ros2_ws/build/moveit_common
