[0.480s] Invoking command in '/ros2_ws/build/moveit_ros_control_interface': AMENT_PREFIX_PATH=/ros2_ws/install/moveit_simple_controller_manager:/ros2_ws/install/moveit_core:/ros2_ws/install/moveit_resources_panda_moveit_config:/ros2_ws/install/srdfdom:/ros2_ws/install/moveit_resources_pr2_description:/ros2_ws/install/moveit_resources_panda_description:/ros2_ws/install/moveit_common:${AMENT_PREFIX_PATH} CMAKE_PREFIX_PATH=/ros2_ws/install/moveit_simple_controller_manager:/ros2_ws/install/moveit_core:/ros2_ws/install/moveit_resources_panda_moveit_config:/ros2_ws/install/srdfdom:/ros2_ws/install/moveit_resources_pr2_description:/ros2_ws/install/moveit_resources_panda_description:/ros2_ws/install/moveit_common:/opt/ros/humble LD_LIBRARY_PATH=/ros2_ws/install/moveit_simple_controller_manager/lib:/ros2_ws/install/moveit_core/lib:/ros2_ws/install/srdfdom/lib:${LD_LIBRARY_PATH} PATH=/ros2_ws/install/moveit_core/bin:${PATH} PYTHONPATH=/ros2_ws/install/srdfdom/local/lib/python3.10/dist-packages:${PYTHONPATH} /usr/bin/cmake --build /ros2_ws/build/moveit_ros_control_interface -- -j8 -l8
[0.855s] [ 25%] Built target moveit_ros_control_interface_empty_plugin
[0.870s] [ 75%] Built target moveit_ros_control_interface_gripper_plugin
[0.871s] [ 75%] Built target moveit_ros_control_interface_trajectory_plugin
[0.897s] [100%] Built target moveit_ros_control_interface_plugin
[0.962s] Invoked command in '/ros2_ws/build/moveit_ros_control_interface' returned '0': AMENT_PREFIX_PATH=/ros2_ws/install/moveit_simple_controller_manager:/ros2_ws/install/moveit_core:/ros2_ws/install/moveit_resources_panda_moveit_config:/ros2_ws/install/srdfdom:/ros2_ws/install/moveit_resources_pr2_description:/ros2_ws/install/moveit_resources_panda_description:/ros2_ws/install/moveit_common:${AMENT_PREFIX_PATH} CMAKE_PREFIX_PATH=/ros2_ws/install/moveit_simple_controller_manager:/ros2_ws/install/moveit_core:/ros2_ws/install/moveit_resources_panda_moveit_config:/ros2_ws/install/srdfdom:/ros2_ws/install/moveit_resources_pr2_description:/ros2_ws/install/moveit_resources_panda_description:/ros2_ws/install/moveit_common:/opt/ros/humble LD_LIBRARY_PATH=/ros2_ws/install/moveit_simple_controller_manager/lib:/ros2_ws/install/moveit_core/lib:/ros2_ws/install/srdfdom/lib:${LD_LIBRARY_PATH} PATH=/ros2_ws/install/moveit_core/bin:${PATH} PYTHONPATH=/ros2_ws/install/srdfdom/local/lib/python3.10/dist-packages:${PYTHONPATH} /usr/bin/cmake --build /ros2_ws/build/moveit_ros_control_interface -- -j8 -l8
[0.972s] Invoking command in '/ros2_ws/build/moveit_ros_control_interface': AMENT_PREFIX_PATH=/ros2_ws/install/moveit_simple_controller_manager:/ros2_ws/install/moveit_core:/ros2_ws/install/moveit_resources_panda_moveit_config:/ros2_ws/install/srdfdom:/ros2_ws/install/moveit_resources_pr2_description:/ros2_ws/install/moveit_resources_panda_description:/ros2_ws/install/moveit_common:${AMENT_PREFIX_PATH} CMAKE_PREFIX_PATH=/ros2_ws/install/moveit_simple_controller_manager:/ros2_ws/install/moveit_core:/ros2_ws/install/moveit_resources_panda_moveit_config:/ros2_ws/install/srdfdom:/ros2_ws/install/moveit_resources_pr2_description:/ros2_ws/install/moveit_resources_panda_description:/ros2_ws/install/moveit_common:/opt/ros/humble LD_LIBRARY_PATH=/ros2_ws/install/moveit_simple_controller_manager/lib:/ros2_ws/install/moveit_core/lib:/ros2_ws/install/srdfdom/lib:${LD_LIBRARY_PATH} PATH=/ros2_ws/install/moveit_core/bin:${PATH} PYTHONPATH=/ros2_ws/install/srdfdom/local/lib/python3.10/dist-packages:${PYTHONPATH} /usr/bin/cmake --install /ros2_ws/build/moveit_ros_control_interface
[1.012s] -- Install configuration: "Release"
[1.014s] -- Up-to-date: /ros2_ws/install/moveit_ros_control_interface/lib/libmoveit_ros_control_interface_plugin.so.2.5.7
[1.015s] -- Up-to-date: /ros2_ws/install/moveit_ros_control_interface/lib/libmoveit_ros_control_interface_plugin.so
[1.017s] -- Up-to-date: /ros2_ws/install/moveit_ros_control_interface/lib/libmoveit_ros_control_interface_trajectory_plugin.so.2.5.7
[1.018s] -- Up-to-date: /ros2_ws/install/moveit_ros_control_interface/lib/libmoveit_ros_control_interface_trajectory_plugin.so
[1.020s] -- Up-to-date: /ros2_ws/install/moveit_ros_control_interface/lib/libmoveit_ros_control_interface_gripper_plugin.so.2.5.7
[1.022s] -- Up-to-date: /ros2_ws/install/moveit_ros_control_interface/lib/libmoveit_ros_control_interface_gripper_plugin.so
[1.023s] -- Up-to-date: /ros2_ws/install/moveit_ros_control_interface/lib/libmoveit_ros_control_interface_empty_plugin.so.2.5.7
[1.024s] -- Up-to-date: /ros2_ws/install/moveit_ros_control_interface/lib/libmoveit_ros_control_interface_empty_plugin.so
[1.025s] -- Up-to-date: /ros2_ws/install/moveit_ros_control_interface/include
[1.026s] -- Up-to-date: /ros2_ws/install/moveit_ros_control_interface/include/moveit_ros_control_interface
[1.027s] -- Up-to-date: /ros2_ws/install/moveit_ros_control_interface/include/moveit_ros_control_interface/ControllerHandle.h
[1.027s] -- Up-to-date: /ros2_ws/install/moveit_ros_control_interface/share/moveit_ros_control_interface/moveit_core_plugins.xml
[1.028s] -- Up-to-date: /ros2_ws/install/moveit_ros_control_interface/share/moveit_ros_control_interface/moveit_ros_control_interface_plugins.xml
[1.029s] -- Up-to-date: /ros2_ws/install/moveit_ros_control_interface/share/moveit_ros_control_interface/environment/library_path.sh
[1.030s] -- Up-to-date: /ros2_ws/install/moveit_ros_control_interface/share/moveit_ros_control_interface/environment/library_path.dsv
[1.030s] -- Up-to-date: /ros2_ws/install/moveit_ros_control_interface/share/ament_index/resource_index/package_run_dependencies/moveit_ros_control_interface
[1.031s] -- Up-to-date: /ros2_ws/install/moveit_ros_control_interface/share/ament_index/resource_index/parent_prefix_path/moveit_ros_control_interface
[1.032s] -- Up-to-date: /ros2_ws/install/moveit_ros_control_interface/share/moveit_ros_control_interface/environment/ament_prefix_path.sh
[1.032s] -- Up-to-date: /ros2_ws/install/moveit_ros_control_interface/share/moveit_ros_control_interface/environment/ament_prefix_path.dsv
[1.033s] -- Up-to-date: /ros2_ws/install/moveit_ros_control_interface/share/moveit_ros_control_interface/environment/path.sh
[1.033s] -- Up-to-date: /ros2_ws/install/moveit_ros_control_interface/share/moveit_ros_control_interface/environment/path.dsv
[1.034s] -- Up-to-date: /ros2_ws/install/moveit_ros_control_interface/share/moveit_ros_control_interface/local_setup.bash
[1.034s] -- Up-to-date: /ros2_ws/install/moveit_ros_control_interface/share/moveit_ros_control_interface/local_setup.sh
[1.035s] -- Up-to-date: /ros2_ws/install/moveit_ros_control_interface/share/moveit_ros_control_interface/local_setup.zsh
[1.036s] -- Up-to-date: /ros2_ws/install/moveit_ros_control_interface/share/moveit_ros_control_interface/local_setup.dsv
[1.036s] -- Installing: /ros2_ws/install/moveit_ros_control_interface/share/moveit_ros_control_interface/package.dsv
[1.037s] -- Up-to-date: /ros2_ws/install/moveit_ros_control_interface/share/ament_index/resource_index/packages/moveit_ros_control_interface
[1.037s] -- Up-to-date: /ros2_ws/install/moveit_ros_control_interface/share/ament_index/resource_index/moveit_core__pluginlib__plugin/moveit_ros_control_interface
[1.038s] -- Up-to-date: /ros2_ws/install/moveit_ros_control_interface/share/ament_index/resource_index/moveit_ros_control_interface__pluginlib__plugin/moveit_ros_control_interface
[1.038s] -- Up-to-date: /ros2_ws/install/moveit_ros_control_interface/share/moveit_ros_control_interface/cmake/export_moveit_ros_control_interfaceExport.cmake
[1.039s] -- Up-to-date: /ros2_ws/install/moveit_ros_control_interface/share/moveit_ros_control_interface/cmake/export_moveit_ros_control_interfaceExport-release.cmake
[1.039s] -- Up-to-date: /ros2_ws/install/moveit_ros_control_interface/share/moveit_ros_control_interface/cmake/ConfigExtras.cmake
[1.040s] -- Up-to-date: /ros2_ws/install/moveit_ros_control_interface/share/moveit_ros_control_interface/cmake/ament_cmake_export_targets-extras.cmake
[1.040s] -- Up-to-date: /ros2_ws/install/moveit_ros_control_interface/share/moveit_ros_control_interface/cmake/ament_cmake_export_dependencies-extras.cmake
[1.041s] -- Up-to-date: /ros2_ws/install/moveit_ros_control_interface/share/moveit_ros_control_interface/cmake/moveit_ros_control_interfaceConfig.cmake
[1.041s] -- Up-to-date: /ros2_ws/install/moveit_ros_control_interface/share/moveit_ros_control_interface/cmake/moveit_ros_control_interfaceConfig-version.cmake
[1.042s] -- Up-to-date: /ros2_ws/install/moveit_ros_control_interface/share/moveit_ros_control_interface/package.xml
[1.049s] Invoked command in '/ros2_ws/build/moveit_ros_control_interface' returned '0': AMENT_PREFIX_PATH=/ros2_ws/install/moveit_simple_controller_manager:/ros2_ws/install/moveit_core:/ros2_ws/install/moveit_resources_panda_moveit_config:/ros2_ws/install/srdfdom:/ros2_ws/install/moveit_resources_pr2_description:/ros2_ws/install/moveit_resources_panda_description:/ros2_ws/install/moveit_common:${AMENT_PREFIX_PATH} CMAKE_PREFIX_PATH=/ros2_ws/install/moveit_simple_controller_manager:/ros2_ws/install/moveit_core:/ros2_ws/install/moveit_resources_panda_moveit_config:/ros2_ws/install/srdfdom:/ros2_ws/install/moveit_resources_pr2_description:/ros2_ws/install/moveit_resources_panda_description:/ros2_ws/install/moveit_common:/opt/ros/humble LD_LIBRARY_PATH=/ros2_ws/install/moveit_simple_controller_manager/lib:/ros2_ws/install/moveit_core/lib:/ros2_ws/install/srdfdom/lib:${LD_LIBRARY_PATH} PATH=/ros2_ws/install/moveit_core/bin:${PATH} PYTHONPATH=/ros2_ws/install/srdfdom/local/lib/python3.10/dist-packages:${PYTHONPATH} /usr/bin/cmake --install /ros2_ws/build/moveit_ros_control_interface
