[0.022s] Invoking command in '/ros2_ws/build/moveit_core': CMAKE_PREFIX_PATH=/ros2_ws/install/moveit_resources_panda_moveit_config:/ros2_ws/install/srdfdom:/ros2_ws/install/moveit_resources_pr2_description:/ros2_ws/install/moveit_resources_panda_description:/ros2_ws/install/moveit_common:/ros2_ws/install/ur:/ros2_ws/install/ur_calibration:/ros2_ws/install/ur_robot_driver:/ros2_ws/install/ur_bringup:/ros2_ws/install/ur_controllers:/ros2_ws/install/ur_msgs:/ros2_ws/install/ur_moveit_config:/ros2_ws/install/ur_dashboard_msgs:/ros2_ws/install/pilz_industrial_motion_planner_testutils:/ros2_ws/install/moveit_runtime:/ros2_ws/install/moveit2_tutorials:/ros2_ws/install/moveit:/ros2_ws/install/moveit_planners:/ros2_ws/install/pilz_industrial_motion_planner:/ros2_ws/install/moveit_visual_tools:/ros2_ws/install/moveit_task_constructor_visualization:/ros2_ws/install/moveit_task_constructor_demo:/ros2_ws/install/moveit_task_constructor_capabilities:/ros2_ws/install/moveit_task_constructor_core:/ros2_ws/install/moveit_ros_control_interface:/ros2_ws/install/moveit_plugins:/ros2_ws/install/moveit_simple_controller_manager:/ros2_ws/install/moveit_setup_assistant:/ros2_ws/install/moveit_setup_srdf_plugins:/ros2_ws/install/moveit_setup_core_plugins:/ros2_ws/install/moveit_setup_controllers:/ros2_ws/install/moveit_setup_app_plugins:/ros2_ws/install/moveit_setup_framework:/ros2_ws/install/moveit_servo:/ros2_ws/install/moveit_ros:/ros2_ws/install/moveit_ros_visualization:/ros2_ws/install/moveit_hybrid_planning:/ros2_ws/install/moveit_ros_planning_interface:/ros2_ws/install/moveit_ros_benchmarks:/ros2_ws/install/moveit_ros_warehouse:/ros2_ws/install/moveit_ros_robot_interaction:/ros2_ws/install/moveit_ros_perception:/ros2_ws/install/moveit_resources_prbt_pg70_support:/ros2_ws/install/moveit_resources_prbt_moveit_config:/ros2_ws/install/moveit_ros_move_group:/ros2_ws/install/moveit_planners_ompl:/ros2_ws/install/moveit_ros_planning:/ros2_ws/install/moveit_ros_occupancy_map_monitor:/ros2_ws/install/moveit_resources_prbt_ikfast_manipulator_plugin:/ros2_ws/install/moveit_planners_chomp:/ros2_ws/install/moveit_kinematics:/ros2_ws/install/moveit_chomp_optimizer_adapter:/ros2_ws/install/chomp_motion_planner:/ros2_ws/install/moveit_core:/ros2_ws/install/rviz_marker_tools:/ros2_ws/install/rosparam_shortcuts:/ros2_ws/install/moveit_task_constructor_msgs:/ros2_ws/install/moveit_resources_prbt_support:/ros2_ws/install/moveit_resources:/ros2_ws/install/moveit_resources_fanuc_moveit_config:/ros2_ws/install/moveit_resources_fanuc_description:/ros2_ws/install/moveit_configs_utils:/ros2_ws/install/launch_param_builder:/opt/ros/humble LD_LIBRARY_PATH=/ros2_ws/install/srdfdom/lib:/ros2_ws/install/ur_robot_driver/lib:/ros2_ws/install/ur_controllers/lib:/ros2_ws/install/ur_msgs/lib:/ros2_ws/install/ur_dashboard_msgs/lib:/ros2_ws/install/pilz_industrial_motion_planner_testutils/lib:/ros2_ws/install/pilz_industrial_motion_planner/lib:/ros2_ws/install/moveit_visual_tools/lib:/ros2_ws/install/moveit_task_constructor_visualization/lib:/ros2_ws/install/moveit_task_constructor_demo/lib:/ros2_ws/install/moveit_task_constructor_capabilities/lib:/ros2_ws/install/moveit_task_constructor_core/lib:/ros2_ws/install/moveit_ros_control_interface/lib:/ros2_ws/install/moveit_simple_controller_manager/lib:/ros2_ws/install/moveit_setup_assistant/lib:/ros2_ws/install/moveit_setup_srdf_plugins/lib:/ros2_ws/install/moveit_setup_core_plugins/lib:/ros2_ws/install/moveit_setup_controllers/lib:/ros2_ws/install/moveit_setup_app_plugins/lib:/ros2_ws/install/moveit_setup_framework/lib:/ros2_ws/install/moveit_servo/lib:/ros2_ws/install/moveit_ros_visualization/lib:/ros2_ws/install/moveit_hybrid_planning/lib:/ros2_ws/install/moveit_ros_planning_interface/lib:/ros2_ws/install/moveit_ros_benchmarks/lib:/ros2_ws/install/moveit_ros_warehouse/lib:/ros2_ws/install/moveit_ros_robot_interaction/lib:/ros2_ws/install/moveit_ros_perception/lib:/ros2_ws/install/moveit_ros_move_group/lib:/ros2_ws/install/moveit_planners_ompl/lib:/ros2_ws/install/moveit_ros_planning/lib:/ros2_ws/install/moveit_ros_occupancy_map_monitor/lib:/ros2_ws/install/moveit_resources_prbt_ikfast_manipulator_plugin/lib:/ros2_ws/install/moveit_planners_chomp/lib:/ros2_ws/install/moveit_kinematics/lib:/ros2_ws/install/moveit_chomp_optimizer_adapter/lib:/ros2_ws/install/chomp_motion_planner/lib:/ros2_ws/install/moveit_core/lib:/ros2_ws/install/rviz_marker_tools/lib:/ros2_ws/install/rosparam_shortcuts/lib:/ros2_ws/install/moveit_task_constructor_msgs/lib:/usr/lib/x86_64-linux-gnu/gazebo-11/plugins:/opt/ros/humble/opt/rviz_ogre_vendor/lib:/opt/ros/humble/lib/x86_64-linux-gnu:/opt/ros/humble/lib /usr/bin/cmake --build /ros2_ws/build/moveit_core
[0.109s] [35m[1mConsolidate compiler generated dependencies of target moveit_transforms[0m
[0.138s] [  1%] Built target moveit_transforms
[0.160s] [35m[1mConsolidate compiler generated dependencies of target moveit_distance_field[0m
[0.205s] [  3%] Built target moveit_distance_field
[0.222s] [35m[1mConsolidate compiler generated dependencies of target moveit_utils[0m
[0.242s] [  5%] Built target moveit_utils
[0.259s] [35m[1mConsolidate compiler generated dependencies of target gtest[0m
[0.278s] [  6%] Built target gtest
[0.295s] [35m[1mConsolidate compiler generated dependencies of target gtest_main[0m
[0.312s] [  7%] Built target gtest_main
[0.330s] [35m[1mConsolidate compiler generated dependencies of target gmock[0m
[0.350s] [  9%] Built target gmock
[0.367s] [35m[1mConsolidate compiler generated dependencies of target gmock_main[0m
[0.386s] [ 10%] Built target gmock_main
[0.404s] [35m[1mConsolidate compiler generated dependencies of target test_voxel_grid[0m
[0.427s] [ 11%] Built target test_voxel_grid
[0.445s] [35m[1mConsolidate compiler generated dependencies of target test_distance_field[0m
[0.474s] [ 12%] Built target test_distance_field
[0.491s] [35m[1mConsolidate compiler generated dependencies of target moveit_smoothing_base[0m
[0.513s] [ 13%] Built target moveit_smoothing_base
[0.544s] [ 14%] Built target moveit_butterworth_parameters
[0.561s] [35m[1mConsolidate compiler generated dependencies of target test_transforms[0m
[0.582s] [ 15%] Built target test_transforms
[0.598s] [35m[1mConsolidate compiler generated dependencies of target moveit_version[0m
[0.614s] [ 17%] Built target moveit_version
[0.632s] [35m[1mConsolidate compiler generated dependencies of target moveit_kinematics_base[0m
[0.657s] [ 18%] Built target moveit_kinematics_base
[0.675s] [35m[1mConsolidate compiler generated dependencies of target moveit_exceptions[0m
[0.694s] [ 19%] Built target moveit_exceptions
[0.720s] [35m[1mConsolidate compiler generated dependencies of target moveit_robot_model[0m
[0.762s] [ 26%] Built target moveit_robot_model
[0.790s] [35m[1mConsolidate compiler generated dependencies of target moveit_robot_state[0m
[0.855s] [ 29%] Built target moveit_robot_state
[0.909s] [35m[1mConsolidate compiler generated dependencies of target moveit_butterworth_filter[0m
[0.942s] [ 30%] Built target moveit_butterworth_filter
[0.965s] [35m[1mConsolidate compiler generated dependencies of target moveit_robot_trajectory[0m
[0.994s] [ 31%] Built target moveit_robot_trajectory
[1.012s] [35m[1mConsolidate compiler generated dependencies of target moveit_dynamics_solver[0m
[1.039s] [ 33%] Built target moveit_dynamics_solver
[1.057s] [35m[1mConsolidate compiler generated dependencies of target moveit_kinematics_metrics[0m
[1.083s] [ 34%] Built target moveit_kinematics_metrics
[1.101s] [35m[1mConsolidate compiler generated dependencies of target test_butterworth_filter[0m
[1.127s] [ 35%] Built target test_butterworth_filter
[1.147s] [35m[1mConsolidate compiler generated dependencies of target moveit_planning_interface[0m
[1.177s] [ 37%] Built target moveit_planning_interface
[1.200s] [35m[1mConsolidate compiler generated dependencies of target moveit_trajectory_processing[0m
[1.236s] [ 41%] Built target moveit_trajectory_processing
[1.263s] [35m[1mConsolidate compiler generated dependencies of target moveit_collision_detection[0m
[1.312s] [ 47%] Built target moveit_collision_detection
[1.330s] [35m[1mConsolidate compiler generated dependencies of target moveit_test_utils[0m
[1.364s] [ 48%] Built target moveit_test_utils
[1.381s] [35m[1mConsolidate compiler generated dependencies of target test_world_diff[0m
[1.403s] [ 50%] Built target test_world_diff
[1.421s] [35m[1mConsolidate compiler generated dependencies of target test_all_valid[0m
[1.446s] [ 51%] Built target test_all_valid
[1.473s] [35m[1mConsolidate compiler generated dependencies of target moveit_collision_detection_bullet[0m
[1.522s] [ 56%] Built target moveit_collision_detection_bullet
[1.539s] [35m[1mConsolidate compiler generated dependencies of target test_robot_model[0m
[1.565s] [ 57%] Built target test_robot_model
[1.583s] [35m[1mConsolidate compiler generated dependencies of target test_robot_state[0m
[1.611s] [ 59%] Built target test_robot_state
[1.629s] [35m[1mConsolidate compiler generated dependencies of target test_robot_state_benchmark[0m
[1.655s] [ 60%] Built target test_robot_state_benchmark
[1.674s] [35m[1mConsolidate compiler generated dependencies of target test_robot_state_complex[0m
[1.700s] [ 61%] Built target test_robot_state_complex
[1.718s] [35m[1mConsolidate compiler generated dependencies of target test_aabb[0m
[1.745s] [ 62%] Built target test_aabb
[1.763s] [35m[1mConsolidate compiler generated dependencies of target test_cartesian_interpolator[0m
[1.789s] [ 63%] Built target test_cartesian_interpolator
[1.807s] [35m[1mConsolidate compiler generated dependencies of target test_robot_trajectory[0m
[1.834s] [ 64%] Built target test_robot_trajectory
[1.851s] [35m[1mConsolidate compiler generated dependencies of target test_time_parameterization[0m
[1.878s] [ 65%] Built target test_time_parameterization
[1.897s] [35m[1mConsolidate compiler generated dependencies of target test_time_optimal_trajectory_generation[0m
[1.924s] [ 67%] Built target test_time_optimal_trajectory_generation
[1.942s] [35m[1mConsolidate compiler generated dependencies of target test_ruckig_traj_smoothing[0m
[1.969s] [ 68%] Built target test_ruckig_traj_smoothing
[1.988s] [35m[1mConsolidate compiler generated dependencies of target test_bullet_collision_detection[0m
[2.018s] [ 69%] Built target test_bullet_collision_detection
[2.036s] [35m[1mConsolidate compiler generated dependencies of target test_bullet_collision_detection_panda[0m
[2.066s] [ 70%] Built target test_bullet_collision_detection_panda
[2.085s] [35m[1mConsolidate compiler generated dependencies of target test_bullet_continuous_collision_checking[0m
[2.115s] [ 72%] Built target test_bullet_continuous_collision_checking
[2.132s] [35m[1mConsolidate compiler generated dependencies of target test_world[0m
[2.152s] [ 73%] Built target test_world
[2.172s] [35m[1mConsolidate compiler generated dependencies of target moveit_collision_detection_fcl[0m
[2.211s] [ 75%] Built target moveit_collision_detection_fcl
[2.232s] [35m[1mConsolidate compiler generated dependencies of target moveit_kinematic_constraints[0m
[2.271s] [ 77%] Built target moveit_kinematic_constraints
[2.291s] [35m[1mConsolidate compiler generated dependencies of target test_fcl_collision_detection_panda[0m
[2.326s] [ 78%] Built target test_fcl_collision_detection_panda
[2.353s] [35m[1mConsolidate compiler generated dependencies of target moveit_planning_scene[0m
[2.412s] [ 79%] Built target moveit_planning_scene
[2.432s] [35m[1mConsolidate compiler generated dependencies of target test_constraints[0m
[2.460s] [ 80%] Built target test_constraints
[2.478s] [35m[1mConsolidate compiler generated dependencies of target test_orientation_constraints[0m
[2.506s] [ 81%] Built target test_orientation_constraints
[2.525s] [35m[1mConsolidate compiler generated dependencies of target moveit_planning_request_adapter[0m
[2.556s] [ 82%] Built target moveit_planning_request_adapter
[2.575s] [35m[1mConsolidate compiler generated dependencies of target test_planning_scene[0m
[2.607s] [ 83%] Built target test_planning_scene
[2.625s] [35m[1mConsolidate compiler generated dependencies of target test_collision_objects[0m
[2.653s] [ 84%] Built target test_collision_objects
[2.672s] [35m[1mConsolidate compiler generated dependencies of target test_multi_threaded[0m
[2.700s] [ 85%] Built target test_multi_threaded
[2.718s] [35m[1mConsolidate compiler generated dependencies of target collision_detector_bullet_plugin[0m
[2.746s] [ 86%] Built target collision_detector_bullet_plugin
[2.765s] [35m[1mConsolidate compiler generated dependencies of target collision_detector_fcl_plugin[0m
[2.795s] [ 87%] Built target collision_detector_fcl_plugin
[2.818s] [35m[1mConsolidate compiler generated dependencies of target moveit_collision_distance_field[0m
[2.860s] [ 90%] Built target moveit_collision_distance_field
[2.884s] [35m[1mConsolidate compiler generated dependencies of target moveit_constraint_samplers[0m
[2.925s] [ 93%] Built target moveit_constraint_samplers
[2.944s] [35m[1mConsolidate compiler generated dependencies of target test_collision_distance_field[0m
[2.977s] [ 94%] Built target test_collision_distance_field
[3.000s] [35m[1mConsolidate compiler generated dependencies of target test_constraint_samplers[0m
[3.039s] [ 97%] Built target test_constraint_samplers
[3.057s] [35m[1mConsolidate compiler generated dependencies of target test_fcl_collision_detection[0m
[3.089s] [ 98%] Built target test_fcl_collision_detection
[3.108s] [35m[1mConsolidate compiler generated dependencies of target test_fcl_collision_env[0m
[3.140s] [100%] Built target test_fcl_collision_env
[3.155s] Invoked command in '/ros2_ws/build/moveit_core' returned '0': CMAKE_PREFIX_PATH=/ros2_ws/install/moveit_resources_panda_moveit_config:/ros2_ws/install/srdfdom:/ros2_ws/install/moveit_resources_pr2_description:/ros2_ws/install/moveit_resources_panda_description:/ros2_ws/install/moveit_common:/ros2_ws/install/ur:/ros2_ws/install/ur_calibration:/ros2_ws/install/ur_robot_driver:/ros2_ws/install/ur_bringup:/ros2_ws/install/ur_controllers:/ros2_ws/install/ur_msgs:/ros2_ws/install/ur_moveit_config:/ros2_ws/install/ur_dashboard_msgs:/ros2_ws/install/pilz_industrial_motion_planner_testutils:/ros2_ws/install/moveit_runtime:/ros2_ws/install/moveit2_tutorials:/ros2_ws/install/moveit:/ros2_ws/install/moveit_planners:/ros2_ws/install/pilz_industrial_motion_planner:/ros2_ws/install/moveit_visual_tools:/ros2_ws/install/moveit_task_constructor_visualization:/ros2_ws/install/moveit_task_constructor_demo:/ros2_ws/install/moveit_task_constructor_capabilities:/ros2_ws/install/moveit_task_constructor_core:/ros2_ws/install/moveit_ros_control_interface:/ros2_ws/install/moveit_plugins:/ros2_ws/install/moveit_simple_controller_manager:/ros2_ws/install/moveit_setup_assistant:/ros2_ws/install/moveit_setup_srdf_plugins:/ros2_ws/install/moveit_setup_core_plugins:/ros2_ws/install/moveit_setup_controllers:/ros2_ws/install/moveit_setup_app_plugins:/ros2_ws/install/moveit_setup_framework:/ros2_ws/install/moveit_servo:/ros2_ws/install/moveit_ros:/ros2_ws/install/moveit_ros_visualization:/ros2_ws/install/moveit_hybrid_planning:/ros2_ws/install/moveit_ros_planning_interface:/ros2_ws/install/moveit_ros_benchmarks:/ros2_ws/install/moveit_ros_warehouse:/ros2_ws/install/moveit_ros_robot_interaction:/ros2_ws/install/moveit_ros_perception:/ros2_ws/install/moveit_resources_prbt_pg70_support:/ros2_ws/install/moveit_resources_prbt_moveit_config:/ros2_ws/install/moveit_ros_move_group:/ros2_ws/install/moveit_planners_ompl:/ros2_ws/install/moveit_ros_planning:/ros2_ws/install/moveit_ros_occupancy_map_monitor:/ros2_ws/install/moveit_resources_prbt_ikfast_manipulator_plugin:/ros2_ws/install/moveit_planners_chomp:/ros2_ws/install/moveit_kinematics:/ros2_ws/install/moveit_chomp_optimizer_adapter:/ros2_ws/install/chomp_motion_planner:/ros2_ws/install/moveit_core:/ros2_ws/install/rviz_marker_tools:/ros2_ws/install/rosparam_shortcuts:/ros2_ws/install/moveit_task_constructor_msgs:/ros2_ws/install/moveit_resources_prbt_support:/ros2_ws/install/moveit_resources:/ros2_ws/install/moveit_resources_fanuc_moveit_config:/ros2_ws/install/moveit_resources_fanuc_description:/ros2_ws/install/moveit_configs_utils:/ros2_ws/install/launch_param_builder:/opt/ros/humble LD_LIBRARY_PATH=/ros2_ws/install/srdfdom/lib:/ros2_ws/install/ur_robot_driver/lib:/ros2_ws/install/ur_controllers/lib:/ros2_ws/install/ur_msgs/lib:/ros2_ws/install/ur_dashboard_msgs/lib:/ros2_ws/install/pilz_industrial_motion_planner_testutils/lib:/ros2_ws/install/pilz_industrial_motion_planner/lib:/ros2_ws/install/moveit_visual_tools/lib:/ros2_ws/install/moveit_task_constructor_visualization/lib:/ros2_ws/install/moveit_task_constructor_demo/lib:/ros2_ws/install/moveit_task_constructor_capabilities/lib:/ros2_ws/install/moveit_task_constructor_core/lib:/ros2_ws/install/moveit_ros_control_interface/lib:/ros2_ws/install/moveit_simple_controller_manager/lib:/ros2_ws/install/moveit_setup_assistant/lib:/ros2_ws/install/moveit_setup_srdf_plugins/lib:/ros2_ws/install/moveit_setup_core_plugins/lib:/ros2_ws/install/moveit_setup_controllers/lib:/ros2_ws/install/moveit_setup_app_plugins/lib:/ros2_ws/install/moveit_setup_framework/lib:/ros2_ws/install/moveit_servo/lib:/ros2_ws/install/moveit_ros_visualization/lib:/ros2_ws/install/moveit_hybrid_planning/lib:/ros2_ws/install/moveit_ros_planning_interface/lib:/ros2_ws/install/moveit_ros_benchmarks/lib:/ros2_ws/install/moveit_ros_warehouse/lib:/ros2_ws/install/moveit_ros_robot_interaction/lib:/ros2_ws/install/moveit_ros_perception/lib:/ros2_ws/install/moveit_ros_move_group/lib:/ros2_ws/install/moveit_planners_ompl/lib:/ros2_ws/install/moveit_ros_planning/lib:/ros2_ws/install/moveit_ros_occupancy_map_monitor/lib:/ros2_ws/install/moveit_resources_prbt_ikfast_manipulator_plugin/lib:/ros2_ws/install/moveit_planners_chomp/lib:/ros2_ws/install/moveit_kinematics/lib:/ros2_ws/install/moveit_chomp_optimizer_adapter/lib:/ros2_ws/install/chomp_motion_planner/lib:/ros2_ws/install/moveit_core/lib:/ros2_ws/install/rviz_marker_tools/lib:/ros2_ws/install/rosparam_shortcuts/lib:/ros2_ws/install/moveit_task_constructor_msgs/lib:/usr/lib/x86_64-linux-gnu/gazebo-11/plugins:/opt/ros/humble/opt/rviz_ogre_vendor/lib:/opt/ros/humble/lib/x86_64-linux-gnu:/opt/ros/humble/lib /usr/bin/cmake --build /ros2_ws/build/moveit_core
[3.157s] Invoking command in '/ros2_ws/build/moveit_core': CMAKE_PREFIX_PATH=/ros2_ws/install/moveit_resources_panda_moveit_config:/ros2_ws/install/srdfdom:/ros2_ws/install/moveit_resources_pr2_description:/ros2_ws/install/moveit_resources_panda_description:/ros2_ws/install/moveit_common:/ros2_ws/install/ur:/ros2_ws/install/ur_calibration:/ros2_ws/install/ur_robot_driver:/ros2_ws/install/ur_bringup:/ros2_ws/install/ur_controllers:/ros2_ws/install/ur_msgs:/ros2_ws/install/ur_moveit_config:/ros2_ws/install/ur_dashboard_msgs:/ros2_ws/install/pilz_industrial_motion_planner_testutils:/ros2_ws/install/moveit_runtime:/ros2_ws/install/moveit2_tutorials:/ros2_ws/install/moveit:/ros2_ws/install/moveit_planners:/ros2_ws/install/pilz_industrial_motion_planner:/ros2_ws/install/moveit_visual_tools:/ros2_ws/install/moveit_task_constructor_visualization:/ros2_ws/install/moveit_task_constructor_demo:/ros2_ws/install/moveit_task_constructor_capabilities:/ros2_ws/install/moveit_task_constructor_core:/ros2_ws/install/moveit_ros_control_interface:/ros2_ws/install/moveit_plugins:/ros2_ws/install/moveit_simple_controller_manager:/ros2_ws/install/moveit_setup_assistant:/ros2_ws/install/moveit_setup_srdf_plugins:/ros2_ws/install/moveit_setup_core_plugins:/ros2_ws/install/moveit_setup_controllers:/ros2_ws/install/moveit_setup_app_plugins:/ros2_ws/install/moveit_setup_framework:/ros2_ws/install/moveit_servo:/ros2_ws/install/moveit_ros:/ros2_ws/install/moveit_ros_visualization:/ros2_ws/install/moveit_hybrid_planning:/ros2_ws/install/moveit_ros_planning_interface:/ros2_ws/install/moveit_ros_benchmarks:/ros2_ws/install/moveit_ros_warehouse:/ros2_ws/install/moveit_ros_robot_interaction:/ros2_ws/install/moveit_ros_perception:/ros2_ws/install/moveit_resources_prbt_pg70_support:/ros2_ws/install/moveit_resources_prbt_moveit_config:/ros2_ws/install/moveit_ros_move_group:/ros2_ws/install/moveit_planners_ompl:/ros2_ws/install/moveit_ros_planning:/ros2_ws/install/moveit_ros_occupancy_map_monitor:/ros2_ws/install/moveit_resources_prbt_ikfast_manipulator_plugin:/ros2_ws/install/moveit_planners_chomp:/ros2_ws/install/moveit_kinematics:/ros2_ws/install/moveit_chomp_optimizer_adapter:/ros2_ws/install/chomp_motion_planner:/ros2_ws/install/moveit_core:/ros2_ws/install/rviz_marker_tools:/ros2_ws/install/rosparam_shortcuts:/ros2_ws/install/moveit_task_constructor_msgs:/ros2_ws/install/moveit_resources_prbt_support:/ros2_ws/install/moveit_resources:/ros2_ws/install/moveit_resources_fanuc_moveit_config:/ros2_ws/install/moveit_resources_fanuc_description:/ros2_ws/install/moveit_configs_utils:/ros2_ws/install/launch_param_builder:/opt/ros/humble LD_LIBRARY_PATH=/ros2_ws/install/srdfdom/lib:/ros2_ws/install/ur_robot_driver/lib:/ros2_ws/install/ur_controllers/lib:/ros2_ws/install/ur_msgs/lib:/ros2_ws/install/ur_dashboard_msgs/lib:/ros2_ws/install/pilz_industrial_motion_planner_testutils/lib:/ros2_ws/install/pilz_industrial_motion_planner/lib:/ros2_ws/install/moveit_visual_tools/lib:/ros2_ws/install/moveit_task_constructor_visualization/lib:/ros2_ws/install/moveit_task_constructor_demo/lib:/ros2_ws/install/moveit_task_constructor_capabilities/lib:/ros2_ws/install/moveit_task_constructor_core/lib:/ros2_ws/install/moveit_ros_control_interface/lib:/ros2_ws/install/moveit_simple_controller_manager/lib:/ros2_ws/install/moveit_setup_assistant/lib:/ros2_ws/install/moveit_setup_srdf_plugins/lib:/ros2_ws/install/moveit_setup_core_plugins/lib:/ros2_ws/install/moveit_setup_controllers/lib:/ros2_ws/install/moveit_setup_app_plugins/lib:/ros2_ws/install/moveit_setup_framework/lib:/ros2_ws/install/moveit_servo/lib:/ros2_ws/install/moveit_ros_visualization/lib:/ros2_ws/install/moveit_hybrid_planning/lib:/ros2_ws/install/moveit_ros_planning_interface/lib:/ros2_ws/install/moveit_ros_benchmarks/lib:/ros2_ws/install/moveit_ros_warehouse/lib:/ros2_ws/install/moveit_ros_robot_interaction/lib:/ros2_ws/install/moveit_ros_perception/lib:/ros2_ws/install/moveit_ros_move_group/lib:/ros2_ws/install/moveit_planners_ompl/lib:/ros2_ws/install/moveit_ros_planning/lib:/ros2_ws/install/moveit_ros_occupancy_map_monitor/lib:/ros2_ws/install/moveit_resources_prbt_ikfast_manipulator_plugin/lib:/ros2_ws/install/moveit_planners_chomp/lib:/ros2_ws/install/moveit_kinematics/lib:/ros2_ws/install/moveit_chomp_optimizer_adapter/lib:/ros2_ws/install/chomp_motion_planner/lib:/ros2_ws/install/moveit_core/lib:/ros2_ws/install/rviz_marker_tools/lib:/ros2_ws/install/rosparam_shortcuts/lib:/ros2_ws/install/moveit_task_constructor_msgs/lib:/usr/lib/x86_64-linux-gnu/gazebo-11/plugins:/opt/ros/humble/opt/rviz_ogre_vendor/lib:/opt/ros/humble/lib/x86_64-linux-gnu:/opt/ros/humble/lib /usr/bin/cmake --install /ros2_ws/build/moveit_core
[3.169s] -- Install configuration: "Release"
[3.169s] -- Up-to-date: /ros2_ws/install/moveit_core/include/moveit/version.h
[3.169s] -- Up-to-date: /ros2_ws/install/moveit_core/include
[3.170s] -- Up-to-date: /ros2_ws/install/moveit_core/include/moveit
[3.170s] -- Up-to-date: /ros2_ws/install/moveit_core/include/moveit/collision_distance_field
[3.170s] -- Up-to-date: /ros2_ws/install/moveit_core/include/moveit/collision_distance_field/collision_env_hybrid.h
[3.170s] -- Up-to-date: /ros2_ws/install/moveit_core/include/moveit/collision_distance_field/collision_distance_field_types.h
[3.170s] -- Up-to-date: /ros2_ws/install/moveit_core/include/moveit/collision_distance_field/collision_env_distance_field.h
[3.170s] -- Up-to-date: /ros2_ws/install/moveit_core/include/moveit/collision_distance_field/collision_detector_allocator_distance_field.h
[3.170s] -- Up-to-date: /ros2_ws/install/moveit_core/include/moveit/collision_distance_field/collision_common_distance_field.h
[3.170s] -- Up-to-date: /ros2_ws/install/moveit_core/include/moveit/collision_distance_field/collision_detector_allocator_hybrid.h
[3.170s] -- Up-to-date: /ros2_ws/install/moveit_core/include/moveit_collision_distance_field_export.h
[3.170s] -- Up-to-date: /ros2_ws/install/moveit_core/include
[3.171s] -- Up-to-date: /ros2_ws/install/moveit_core/include/moveit
[3.171s] -- Up-to-date: /ros2_ws/install/moveit_core/include/moveit/constraint_samplers
[3.171s] -- Up-to-date: /ros2_ws/install/moveit_core/include/moveit/constraint_samplers/constraint_sampler_tools.h
[3.171s] -- Up-to-date: /ros2_ws/install/moveit_core/include/moveit/constraint_samplers/constraint_sampler_allocator.h
[3.171s] -- Up-to-date: /ros2_ws/install/moveit_core/include/moveit/constraint_samplers/constraint_sampler.h
[3.171s] -- Up-to-date: /ros2_ws/install/moveit_core/include/moveit/constraint_samplers/constraint_sampler_manager.h
[3.171s] -- Up-to-date: /ros2_ws/install/moveit_core/include/moveit/constraint_samplers/default_constraint_samplers.h
[3.171s] -- Up-to-date: /ros2_ws/install/moveit_core/include/moveit/constraint_samplers/union_constraint_sampler.h
[3.171s] -- Up-to-date: /ros2_ws/install/moveit_core/include
[3.171s] -- Up-to-date: /ros2_ws/install/moveit_core/include/moveit
[3.172s] -- Up-to-date: /ros2_ws/install/moveit_core/include/moveit/controller_manager
[3.172s] -- Up-to-date: /ros2_ws/install/moveit_core/include/moveit/controller_manager/controller_manager.h
[3.172s] -- Up-to-date: /ros2_ws/install/moveit_core/include
[3.172s] -- Up-to-date: /ros2_ws/install/moveit_core/include/moveit
[3.172s] -- Up-to-date: /ros2_ws/install/moveit_core/include/moveit/distance_field
[3.173s] -- Up-to-date: /ros2_ws/install/moveit_core/include/moveit/distance_field/voxel_grid.h
[3.173s] -- Up-to-date: /ros2_ws/install/moveit_core/include/moveit/distance_field/propagation_distance_field.h
[3.173s] -- Up-to-date: /ros2_ws/install/moveit_core/include/moveit/distance_field/distance_field.h
[3.173s] -- Up-to-date: /ros2_ws/install/moveit_core/include/moveit/distance_field/find_internal_points.h
[3.173s] -- Up-to-date: /ros2_ws/install/moveit_core/include
[3.173s] -- Up-to-date: /ros2_ws/install/moveit_core/include/moveit
[3.173s] -- Up-to-date: /ros2_ws/install/moveit_core/include/moveit/dynamics_solver
[3.173s] -- Up-to-date: /ros2_ws/install/moveit_core/include/moveit/dynamics_solver/dynamics_solver.h
[3.174s] -- Up-to-date: /ros2_ws/install/moveit_core/include
[3.174s] -- Up-to-date: /ros2_ws/install/moveit_core/include/moveit
[3.174s] -- Up-to-date: /ros2_ws/install/moveit_core/include/moveit/exceptions
[3.174s] -- Up-to-date: /ros2_ws/install/moveit_core/include/moveit/exceptions/exceptions.h
[3.174s] -- Up-to-date: /ros2_ws/install/moveit_core/include
[3.174s] -- Up-to-date: /ros2_ws/install/moveit_core/include/moveit
[3.174s] -- Up-to-date: /ros2_ws/install/moveit_core/include/moveit/kinematics_base
[3.174s] -- Up-to-date: /ros2_ws/install/moveit_core/include/moveit/kinematics_base/kinematics_base.h
[3.175s] -- Up-to-date: /ros2_ws/install/moveit_core/include/moveit_kinematics_base_export.h
[3.175s] -- Up-to-date: /ros2_ws/install/moveit_core/include
[3.175s] -- Up-to-date: /ros2_ws/install/moveit_core/include/moveit
[3.175s] -- Up-to-date: /ros2_ws/install/moveit_core/include/moveit/kinematic_constraints
[3.175s] -- Up-to-date: /ros2_ws/install/moveit_core/include/moveit/kinematic_constraints/kinematic_constraint.h
[3.175s] -- Up-to-date: /ros2_ws/install/moveit_core/include/moveit/kinematic_constraints/utils.h
[3.175s] -- Up-to-date: /ros2_ws/install/moveit_core/include
[3.175s] -- Up-to-date: /ros2_ws/install/moveit_core/include/moveit
[3.176s] -- Up-to-date: /ros2_ws/install/moveit_core/include/moveit/kinematics_metrics
[3.176s] -- Up-to-date: /ros2_ws/install/moveit_core/include/moveit/kinematics_metrics/kinematics_metrics.h
[3.176s] -- Up-to-date: /ros2_ws/install/moveit_core/include
[3.176s] -- Up-to-date: /ros2_ws/install/moveit_core/include/moveit
[3.176s] -- Up-to-date: /ros2_ws/install/moveit_core/include/moveit/macros
[3.176s] -- Up-to-date: /ros2_ws/install/moveit_core/include/moveit/macros/declare_ptr.h
[3.176s] -- Up-to-date: /ros2_ws/install/moveit_core/include/moveit/macros/console_colors.h
[3.176s] -- Up-to-date: /ros2_ws/install/moveit_core/include/moveit/macros/class_forward.h
[3.176s] -- Up-to-date: /ros2_ws/install/moveit_core/include/moveit/macros/deprecation.h
[3.176s] -- Up-to-date: /ros2_ws/install/moveit_core/include/moveit_butterworth_parameters
[3.177s] -- Up-to-date: /ros2_ws/install/moveit_core/include/moveit_butterworth_parameters/moveit_butterworth_parameters.hpp
[3.177s] -- Up-to-date: /ros2_ws/install/moveit_core/include
[3.177s] -- Up-to-date: /ros2_ws/install/moveit_core/include/moveit
[3.177s] -- Up-to-date: /ros2_ws/install/moveit_core/include/moveit/online_signal_smoothing
[3.177s] -- Up-to-date: /ros2_ws/install/moveit_core/include/moveit/online_signal_smoothing/butterworth_filter.h
[3.177s] -- Up-to-date: /ros2_ws/install/moveit_core/include/moveit/online_signal_smoothing/smoothing_base_class.h
[3.177s] -- Up-to-date: /ros2_ws/install/moveit_core/include/moveit_smoothing_base_export.h
[3.177s] -- Up-to-date: /ros2_ws/install/moveit_core/include/moveit_butterworth_filter_export.h
[3.177s] -- Up-to-date: /ros2_ws/install/moveit_core/include
[3.178s] -- Up-to-date: /ros2_ws/install/moveit_core/include/moveit
[3.178s] -- Up-to-date: /ros2_ws/install/moveit_core/include/moveit/planning_interface
[3.178s] -- Up-to-date: /ros2_ws/install/moveit_core/include/moveit/planning_interface/planning_interface.h
[3.178s] -- Up-to-date: /ros2_ws/install/moveit_core/include/moveit/planning_interface/planning_request.h
[3.178s] -- Up-to-date: /ros2_ws/install/moveit_core/include/moveit/planning_interface/planning_response.h
[3.178s] -- Up-to-date: /ros2_ws/install/moveit_core/include
[3.178s] -- Up-to-date: /ros2_ws/install/moveit_core/include/moveit
[3.178s] -- Up-to-date: /ros2_ws/install/moveit_core/include/moveit/planning_request_adapter
[3.178s] -- Up-to-date: /ros2_ws/install/moveit_core/include/moveit/planning_request_adapter/planning_request_adapter.h
[3.178s] -- Up-to-date: /ros2_ws/install/moveit_core/include
[3.179s] -- Up-to-date: /ros2_ws/install/moveit_core/include/moveit
[3.179s] -- Up-to-date: /ros2_ws/install/moveit_core/include/moveit/planning_scene
[3.179s] -- Up-to-date: /ros2_ws/install/moveit_core/include/moveit/planning_scene/planning_scene.h
[3.179s] -- Up-to-date: /ros2_ws/install/moveit_core/include/moveit_planning_scene_export.h
[3.179s] -- Up-to-date: /ros2_ws/install/moveit_core/include
[3.179s] -- Up-to-date: /ros2_ws/install/moveit_core/include/moveit
[3.179s] -- Up-to-date: /ros2_ws/install/moveit_core/include/moveit/robot_model
[3.179s] -- Up-to-date: /ros2_ws/install/moveit_core/include/moveit/robot_model/planar_joint_model.h
[3.180s] -- Up-to-date: /ros2_ws/install/moveit_core/include/moveit/robot_model/robot_model.h
[3.180s] -- Up-to-date: /ros2_ws/install/moveit_core/include/moveit/robot_model/revolute_joint_model.h
[3.180s] -- Up-to-date: /ros2_ws/install/moveit_core/include/moveit/robot_model/fixed_joint_model.h
[3.180s] -- Up-to-date: /ros2_ws/install/moveit_core/include/moveit/robot_model/link_model.h
[3.180s] -- Up-to-date: /ros2_ws/install/moveit_core/include/moveit/robot_model/joint_model_group.h
[3.180s] -- Up-to-date: /ros2_ws/install/moveit_core/include/moveit/robot_model/aabb.h
[3.180s] -- Up-to-date: /ros2_ws/install/moveit_core/include/moveit/robot_model/joint_model.h
[3.180s] -- Up-to-date: /ros2_ws/install/moveit_core/include/moveit/robot_model/prismatic_joint_model.h
[3.180s] -- Up-to-date: /ros2_ws/install/moveit_core/include/moveit/robot_model/floating_joint_model.h
[3.180s] -- Up-to-date: /ros2_ws/install/moveit_core/include
[3.181s] -- Up-to-date: /ros2_ws/install/moveit_core/include/moveit
[3.181s] -- Up-to-date: /ros2_ws/install/moveit_core/include/moveit/robot_state
[3.181s] -- Up-to-date: /ros2_ws/install/moveit_core/include/moveit/robot_state/conversions.h
[3.181s] -- Up-to-date: /ros2_ws/install/moveit_core/include/moveit/robot_state/robot_state.h
[3.181s] -- Up-to-date: /ros2_ws/install/moveit_core/include/moveit/robot_state/attached_body.h
[3.181s] -- Up-to-date: /ros2_ws/install/moveit_core/include/moveit/robot_state/cartesian_interpolator.h
[3.181s] -- Up-to-date: /ros2_ws/install/moveit_core/include
[3.181s] -- Up-to-date: /ros2_ws/install/moveit_core/include/moveit
[3.181s] -- Up-to-date: /ros2_ws/install/moveit_core/include/moveit/robot_trajectory
[3.181s] -- Up-to-date: /ros2_ws/install/moveit_core/include/moveit/robot_trajectory/robot_trajectory.h
[3.182s] -- Up-to-date: /ros2_ws/install/moveit_core/include
[3.182s] -- Up-to-date: /ros2_ws/install/moveit_core/include/moveit
[3.182s] -- Up-to-date: /ros2_ws/install/moveit_core/include/moveit/sensor_manager
[3.182s] -- Up-to-date: /ros2_ws/install/moveit_core/include/moveit/sensor_manager/sensor_manager.h
[3.182s] -- Up-to-date: /ros2_ws/install/moveit_core/include
[3.182s] -- Up-to-date: /ros2_ws/install/moveit_core/include/moveit
[3.182s] -- Up-to-date: /ros2_ws/install/moveit_core/include/moveit/trajectory_processing
[3.182s] -- Up-to-date: /ros2_ws/install/moveit_core/include/moveit/trajectory_processing/iterative_spline_parameterization.h
[3.182s] -- Up-to-date: /ros2_ws/install/moveit_core/include/moveit/trajectory_processing/ruckig_traj_smoothing.h
[3.183s] -- Up-to-date: /ros2_ws/install/moveit_core/include/moveit/trajectory_processing/time_parameterization.h
[3.183s] -- Up-to-date: /ros2_ws/install/moveit_core/include/moveit/trajectory_processing/iterative_time_parameterization.h
[3.183s] -- Up-to-date: /ros2_ws/install/moveit_core/include/moveit/trajectory_processing/time_optimal_trajectory_generation.h
[3.183s] -- Up-to-date: /ros2_ws/install/moveit_core/include/moveit/trajectory_processing/trajectory_tools.h
[3.183s] -- Up-to-date: /ros2_ws/install/moveit_core/include
[3.183s] -- Up-to-date: /ros2_ws/install/moveit_core/include/moveit
[3.183s] -- Up-to-date: /ros2_ws/install/moveit_core/include/moveit/transforms
[3.183s] -- Up-to-date: /ros2_ws/install/moveit_core/include/moveit/transforms/transforms.h
[3.183s] -- Up-to-date: /ros2_ws/install/moveit_core/include
[3.184s] -- Up-to-date: /ros2_ws/install/moveit_core/include/moveit
[3.184s] -- Up-to-date: /ros2_ws/install/moveit_core/include/moveit/utils
[3.184s] -- Up-to-date: /ros2_ws/install/moveit_core/include/moveit/utils/moveit_error_code.h
[3.184s] -- Up-to-date: /ros2_ws/install/moveit_core/include/moveit/utils/rclcpp_utils.h
[3.184s] -- Up-to-date: /ros2_ws/install/moveit_core/include/moveit/utils/robot_model_test_utils.h
[3.184s] -- Up-to-date: /ros2_ws/install/moveit_core/include/moveit/utils/message_checks.h
[3.184s] -- Up-to-date: /ros2_ws/install/moveit_core/include/moveit/utils/lexical_casts.h
[3.184s] -- Up-to-date: /ros2_ws/install/moveit_core/bin/moveit_version
[3.185s] -- Up-to-date: /ros2_ws/install/moveit_core/include
[3.185s] -- Up-to-date: /ros2_ws/install/moveit_core/include/moveit
[3.185s] -- Up-to-date: /ros2_ws/install/moveit_core/include/moveit/collision_detection
[3.185s] -- Up-to-date: /ros2_ws/install/moveit_core/include/moveit/collision_detection/collision_plugin_cache.h
[3.185s] -- Up-to-date: /ros2_ws/install/moveit_core/include/moveit/collision_detection/test_collision_common_panda.h
[3.185s] -- Up-to-date: /ros2_ws/install/moveit_core/include/moveit/collision_detection/collision_tools.h
[3.185s] -- Up-to-date: /ros2_ws/install/moveit_core/include/moveit/collision_detection/world.h
[3.185s] -- Up-to-date: /ros2_ws/install/moveit_core/include/moveit/collision_detection/collision_env.h
[3.186s] -- Up-to-date: /ros2_ws/install/moveit_core/include/moveit/collision_detection/collision_octomap_filter.h
[3.186s] -- Up-to-date: /ros2_ws/install/moveit_core/include/moveit/collision_detection/allvalid
[3.186s] -- Up-to-date: /ros2_ws/install/moveit_core/include/moveit/collision_detection/allvalid/collision_env_allvalid.h
[3.186s] -- Up-to-date: /ros2_ws/install/moveit_core/include/moveit/collision_detection/allvalid/collision_detector_allocator_allvalid.h
[3.186s] -- Up-to-date: /ros2_ws/install/moveit_core/include/moveit/collision_detection/collision_plugin.h
[3.186s] -- Up-to-date: /ros2_ws/install/moveit_core/include/moveit/collision_detection/world_diff.h
[3.186s] -- Up-to-date: /ros2_ws/install/moveit_core/include/moveit/collision_detection/collision_matrix.h
[3.186s] -- Up-to-date: /ros2_ws/install/moveit_core/include/moveit/collision_detection/occupancy_map.h
[3.186s] -- Up-to-date: /ros2_ws/install/moveit_core/include/moveit/collision_detection/test_collision_common_pr2.h
[3.187s] -- Up-to-date: /ros2_ws/install/moveit_core/include/moveit/collision_detection/collision_detector_allocator.h
[3.187s] -- Up-to-date: /ros2_ws/install/moveit_core/include/moveit/collision_detection/collision_common.h
[3.187s] -- Up-to-date: /ros2_ws/install/moveit_core/include/moveit_collision_detection_export.h
[3.187s] -- Up-to-date: /ros2_ws/install/moveit_core/include
[3.187s] -- Up-to-date: /ros2_ws/install/moveit_core/include/moveit
[3.187s] -- Up-to-date: /ros2_ws/install/moveit_core/include/moveit/collision_detection_bullet
[3.187s] -- Up-to-date: /ros2_ws/install/moveit_core/include/moveit/collision_detection_bullet/collision_detector_bullet_plugin_loader.h
[3.187s] -- Up-to-date: /ros2_ws/install/moveit_core/include/moveit/collision_detection_bullet/bullet_integration
[3.187s] -- Up-to-date: /ros2_ws/install/moveit_core/include/moveit/collision_detection_bullet/bullet_integration/bullet_cast_bvh_manager.h
[3.187s] -- Up-to-date: /ros2_ws/install/moveit_core/include/moveit/collision_detection_bullet/bullet_integration/basic_types.h
[3.188s] -- Up-to-date: /ros2_ws/install/moveit_core/include/moveit/collision_detection_bullet/bullet_integration/ros_bullet_utils.h
[3.188s] -- Up-to-date: /ros2_ws/install/moveit_core/include/moveit/collision_detection_bullet/bullet_integration/bullet_discrete_bvh_manager.h
[3.188s] -- Up-to-date: /ros2_ws/install/moveit_core/include/moveit/collision_detection_bullet/bullet_integration/contact_checker_common.h
[3.188s] -- Up-to-date: /ros2_ws/install/moveit_core/include/moveit/collision_detection_bullet/bullet_integration/bullet_utils.h
[3.188s] -- Up-to-date: /ros2_ws/install/moveit_core/include/moveit/collision_detection_bullet/bullet_integration/bullet_bvh_manager.h
[3.188s] -- Up-to-date: /ros2_ws/install/moveit_core/include/moveit/collision_detection_bullet/collision_env_bullet.h
[3.188s] -- Up-to-date: /ros2_ws/install/moveit_core/include/moveit/collision_detection_bullet/collision_detector_allocator_bullet.h
[3.188s] -- Up-to-date: /ros2_ws/install/moveit_core/include/moveit_collision_detection_bullet_export.h
[3.188s] -- Up-to-date: /ros2_ws/install/moveit_core/include
[3.188s] -- Up-to-date: /ros2_ws/install/moveit_core/include/moveit
[3.188s] -- Up-to-date: /ros2_ws/install/moveit_core/include/moveit/collision_detection_fcl
[3.189s] -- Up-to-date: /ros2_ws/install/moveit_core/include/moveit/collision_detection_fcl/fcl_compat.h
[3.189s] -- Up-to-date: /ros2_ws/install/moveit_core/include/moveit/collision_detection_fcl/collision_detector_fcl_plugin_loader.h
[3.189s] -- Up-to-date: /ros2_ws/install/moveit_core/include/moveit/collision_detection_fcl/collision_env_fcl.h
[3.189s] -- Up-to-date: /ros2_ws/install/moveit_core/include/moveit/collision_detection_fcl/collision_detector_allocator_fcl.h
[3.189s] -- Up-to-date: /ros2_ws/install/moveit_core/include/moveit/collision_detection_fcl/collision_common.h
[3.189s] -- Up-to-date: /ros2_ws/install/moveit_core/include/moveit_collision_detection_fcl_export.h
[3.189s] -- Up-to-date: /ros2_ws/install/moveit_core/lib/libcollision_detector_bullet_plugin.so.2.5.7
[3.189s] -- Up-to-date: /ros2_ws/install/moveit_core/lib/libcollision_detector_bullet_plugin.so
[3.190s] -- Up-to-date: /ros2_ws/install/moveit_core/lib/libmoveit_butterworth_filter.so.2.5.7
[3.190s] -- Up-to-date: /ros2_ws/install/moveit_core/lib/libmoveit_butterworth_filter.so
[3.191s] -- Up-to-date: /ros2_ws/install/moveit_core/lib/libmoveit_collision_distance_field.so.2.5.7
[3.191s] -- Up-to-date: /ros2_ws/install/moveit_core/lib/libmoveit_collision_distance_field.so
[3.192s] -- Up-to-date: /ros2_ws/install/moveit_core/lib/libmoveit_collision_detection.so.2.5.7
[3.192s] -- Up-to-date: /ros2_ws/install/moveit_core/lib/libmoveit_collision_detection.so
[3.193s] -- Up-to-date: /ros2_ws/install/moveit_core/lib/libmoveit_collision_detection_fcl.so.2.5.7
[3.194s] -- Up-to-date: /ros2_ws/install/moveit_core/lib/libmoveit_collision_detection_fcl.so
[3.195s] -- Up-to-date: /ros2_ws/install/moveit_core/lib/libmoveit_collision_detection_bullet.so.2.5.7
[3.195s] -- Up-to-date: /ros2_ws/install/moveit_core/lib/libmoveit_collision_detection_bullet.so
[3.196s] -- Up-to-date: /ros2_ws/install/moveit_core/lib/libmoveit_dynamics_solver.so.2.5.7
[3.196s] -- Up-to-date: /ros2_ws/install/moveit_core/lib/libmoveit_dynamics_solver.so
[3.197s] -- Up-to-date: /ros2_ws/install/moveit_core/lib/libmoveit_constraint_samplers.so.2.5.7
[3.197s] -- Up-to-date: /ros2_ws/install/moveit_core/lib/libmoveit_constraint_samplers.so
[3.199s] -- Up-to-date: /ros2_ws/install/moveit_core/lib/libmoveit_distance_field.so.2.5.7
[3.199s] -- Up-to-date: /ros2_ws/install/moveit_core/lib/libmoveit_distance_field.so
[3.200s] -- Up-to-date: /ros2_ws/install/moveit_core/lib/libmoveit_exceptions.so.2.5.7
[3.200s] -- Up-to-date: /ros2_ws/install/moveit_core/lib/libmoveit_exceptions.so
[3.201s] -- Up-to-date: /ros2_ws/install/moveit_core/lib/libmoveit_kinematics_base.so
[3.202s] -- Up-to-date: /ros2_ws/install/moveit_core/lib/libmoveit_kinematic_constraints.so.2.5.7
[3.203s] -- Up-to-date: /ros2_ws/install/moveit_core/lib/libmoveit_kinematic_constraints.so
[3.204s] -- Up-to-date: /ros2_ws/install/moveit_core/lib/libmoveit_kinematics_metrics.so.2.5.7
[3.204s] -- Up-to-date: /ros2_ws/install/moveit_core/lib/libmoveit_kinematics_metrics.so
[3.205s] -- Up-to-date: /ros2_ws/install/moveit_core/lib/libmoveit_planning_interface.so.2.5.7
[3.205s] -- Up-to-date: /ros2_ws/install/moveit_core/lib/libmoveit_planning_interface.so
[3.206s] -- Up-to-date: /ros2_ws/install/moveit_core/lib/libmoveit_planning_scene.so.2.5.7
[3.207s] -- Up-to-date: /ros2_ws/install/moveit_core/lib/libmoveit_planning_scene.so
[3.207s] -- Up-to-date: /ros2_ws/install/moveit_core/lib/libmoveit_planning_request_adapter.so.2.5.7
[3.207s] -- Up-to-date: /ros2_ws/install/moveit_core/lib/libmoveit_planning_request_adapter.so
[3.208s] -- Up-to-date: /ros2_ws/install/moveit_core/lib/libmoveit_robot_model.so.2.5.7
[3.208s] -- Up-to-date: /ros2_ws/install/moveit_core/lib/libmoveit_robot_model.so
[3.209s] -- Up-to-date: /ros2_ws/install/moveit_core/lib/libmoveit_robot_state.so.2.5.7
[3.209s] -- Up-to-date: /ros2_ws/install/moveit_core/lib/libmoveit_robot_state.so
[3.210s] -- Up-to-date: /ros2_ws/install/moveit_core/lib/libmoveit_robot_trajectory.so.2.5.7
[3.210s] -- Up-to-date: /ros2_ws/install/moveit_core/lib/libmoveit_robot_trajectory.so
[3.210s] -- Up-to-date: /ros2_ws/install/moveit_core/lib/libmoveit_smoothing_base.so.2.5.7
[3.210s] -- Up-to-date: /ros2_ws/install/moveit_core/lib/libmoveit_smoothing_base.so
[3.211s] -- Up-to-date: /ros2_ws/install/moveit_core/lib/libmoveit_test_utils.so.2.5.7
[3.211s] -- Up-to-date: /ros2_ws/install/moveit_core/lib/libmoveit_test_utils.so
[3.212s] -- Up-to-date: /ros2_ws/install/moveit_core/lib/libmoveit_trajectory_processing.so.2.5.7
[3.212s] -- Up-to-date: /ros2_ws/install/moveit_core/lib/libmoveit_trajectory_processing.so
[3.214s] -- Up-to-date: /ros2_ws/install/moveit_core/lib/libmoveit_transforms.so.2.5.7
[3.214s] -- Up-to-date: /ros2_ws/install/moveit_core/lib/libmoveit_transforms.so
[3.215s] -- Up-to-date: /ros2_ws/install/moveit_core/lib/libmoveit_utils.so.2.5.7
[3.215s] -- Up-to-date: /ros2_ws/install/moveit_core/lib/libmoveit_utils.so
[3.215s] -- Up-to-date: /ros2_ws/install/moveit_core/share/moveit_core/environment/library_path.sh
[3.215s] -- Up-to-date: /ros2_ws/install/moveit_core/share/moveit_core/environment/library_path.dsv
[3.215s] -- Up-to-date: /ros2_ws/install/moveit_core/share/moveit_core/collision_detector_fcl_description.xml
[3.215s] -- Up-to-date: /ros2_ws/install/moveit_core/share/moveit_core/collision_detector_bullet_description.xml
[3.216s] -- Up-to-date: /ros2_ws/install/moveit_core/share/moveit_core/filter_plugin_butterworth.xml
[3.216s] -- Up-to-date: /ros2_ws/install/moveit_core/share/ament_index/resource_index/package_run_dependencies/moveit_core
[3.216s] -- Up-to-date: /ros2_ws/install/moveit_core/share/ament_index/resource_index/parent_prefix_path/moveit_core
[3.216s] -- Up-to-date: /ros2_ws/install/moveit_core/share/moveit_core/environment/ament_prefix_path.sh
[3.216s] -- Up-to-date: /ros2_ws/install/moveit_core/share/moveit_core/environment/ament_prefix_path.dsv
[3.216s] -- Up-to-date: /ros2_ws/install/moveit_core/share/moveit_core/environment/path.sh
[3.216s] -- Up-to-date: /ros2_ws/install/moveit_core/share/moveit_core/environment/path.dsv
[3.216s] -- Up-to-date: /ros2_ws/install/moveit_core/share/moveit_core/local_setup.bash
[3.216s] -- Up-to-date: /ros2_ws/install/moveit_core/share/moveit_core/local_setup.sh
[3.216s] -- Up-to-date: /ros2_ws/install/moveit_core/share/moveit_core/local_setup.zsh
[3.217s] -- Up-to-date: /ros2_ws/install/moveit_core/share/moveit_core/local_setup.dsv
[3.217s] -- Installing: /ros2_ws/install/moveit_core/share/moveit_core/package.dsv
[3.217s] -- Up-to-date: /ros2_ws/install/moveit_core/share/ament_index/resource_index/packages/moveit_core
[3.217s] -- Up-to-date: /ros2_ws/install/moveit_core/share/ament_index/resource_index/moveit_core__pluginlib__plugin/moveit_core
[3.219s] -- Up-to-date: /ros2_ws/install/moveit_core/share/moveit_core/cmake/export_moveit_coreExport.cmake
[3.219s] -- Up-to-date: /ros2_ws/install/moveit_core/share/moveit_core/cmake/export_moveit_coreExport-release.cmake
[3.219s] -- Up-to-date: /ros2_ws/install/moveit_core/share/moveit_core/cmake/ConfigExtras.cmake
[3.219s] -- Up-to-date: /ros2_ws/install/moveit_core/share/moveit_core/cmake/ament_cmake_export_targets-extras.cmake
[3.219s] -- Up-to-date: /ros2_ws/install/moveit_core/share/moveit_core/cmake/ament_cmake_export_dependencies-extras.cmake
[3.219s] -- Up-to-date: /ros2_ws/install/moveit_core/share/moveit_core/cmake/moveit_coreConfig.cmake
[3.219s] -- Up-to-date: /ros2_ws/install/moveit_core/share/moveit_core/cmake/moveit_coreConfig-version.cmake
[3.219s] -- Up-to-date: /ros2_ws/install/moveit_core/share/moveit_core/package.xml
[3.221s] Invoked command in '/ros2_ws/build/moveit_core' returned '0': CMAKE_PREFIX_PATH=/ros2_ws/install/moveit_resources_panda_moveit_config:/ros2_ws/install/srdfdom:/ros2_ws/install/moveit_resources_pr2_description:/ros2_ws/install/moveit_resources_panda_description:/ros2_ws/install/moveit_common:/ros2_ws/install/ur:/ros2_ws/install/ur_calibration:/ros2_ws/install/ur_robot_driver:/ros2_ws/install/ur_bringup:/ros2_ws/install/ur_controllers:/ros2_ws/install/ur_msgs:/ros2_ws/install/ur_moveit_config:/ros2_ws/install/ur_dashboard_msgs:/ros2_ws/install/pilz_industrial_motion_planner_testutils:/ros2_ws/install/moveit_runtime:/ros2_ws/install/moveit2_tutorials:/ros2_ws/install/moveit:/ros2_ws/install/moveit_planners:/ros2_ws/install/pilz_industrial_motion_planner:/ros2_ws/install/moveit_visual_tools:/ros2_ws/install/moveit_task_constructor_visualization:/ros2_ws/install/moveit_task_constructor_demo:/ros2_ws/install/moveit_task_constructor_capabilities:/ros2_ws/install/moveit_task_constructor_core:/ros2_ws/install/moveit_ros_control_interface:/ros2_ws/install/moveit_plugins:/ros2_ws/install/moveit_simple_controller_manager:/ros2_ws/install/moveit_setup_assistant:/ros2_ws/install/moveit_setup_srdf_plugins:/ros2_ws/install/moveit_setup_core_plugins:/ros2_ws/install/moveit_setup_controllers:/ros2_ws/install/moveit_setup_app_plugins:/ros2_ws/install/moveit_setup_framework:/ros2_ws/install/moveit_servo:/ros2_ws/install/moveit_ros:/ros2_ws/install/moveit_ros_visualization:/ros2_ws/install/moveit_hybrid_planning:/ros2_ws/install/moveit_ros_planning_interface:/ros2_ws/install/moveit_ros_benchmarks:/ros2_ws/install/moveit_ros_warehouse:/ros2_ws/install/moveit_ros_robot_interaction:/ros2_ws/install/moveit_ros_perception:/ros2_ws/install/moveit_resources_prbt_pg70_support:/ros2_ws/install/moveit_resources_prbt_moveit_config:/ros2_ws/install/moveit_ros_move_group:/ros2_ws/install/moveit_planners_ompl:/ros2_ws/install/moveit_ros_planning:/ros2_ws/install/moveit_ros_occupancy_map_monitor:/ros2_ws/install/moveit_resources_prbt_ikfast_manipulator_plugin:/ros2_ws/install/moveit_planners_chomp:/ros2_ws/install/moveit_kinematics:/ros2_ws/install/moveit_chomp_optimizer_adapter:/ros2_ws/install/chomp_motion_planner:/ros2_ws/install/moveit_core:/ros2_ws/install/rviz_marker_tools:/ros2_ws/install/rosparam_shortcuts:/ros2_ws/install/moveit_task_constructor_msgs:/ros2_ws/install/moveit_resources_prbt_support:/ros2_ws/install/moveit_resources:/ros2_ws/install/moveit_resources_fanuc_moveit_config:/ros2_ws/install/moveit_resources_fanuc_description:/ros2_ws/install/moveit_configs_utils:/ros2_ws/install/launch_param_builder:/opt/ros/humble LD_LIBRARY_PATH=/ros2_ws/install/srdfdom/lib:/ros2_ws/install/ur_robot_driver/lib:/ros2_ws/install/ur_controllers/lib:/ros2_ws/install/ur_msgs/lib:/ros2_ws/install/ur_dashboard_msgs/lib:/ros2_ws/install/pilz_industrial_motion_planner_testutils/lib:/ros2_ws/install/pilz_industrial_motion_planner/lib:/ros2_ws/install/moveit_visual_tools/lib:/ros2_ws/install/moveit_task_constructor_visualization/lib:/ros2_ws/install/moveit_task_constructor_demo/lib:/ros2_ws/install/moveit_task_constructor_capabilities/lib:/ros2_ws/install/moveit_task_constructor_core/lib:/ros2_ws/install/moveit_ros_control_interface/lib:/ros2_ws/install/moveit_simple_controller_manager/lib:/ros2_ws/install/moveit_setup_assistant/lib:/ros2_ws/install/moveit_setup_srdf_plugins/lib:/ros2_ws/install/moveit_setup_core_plugins/lib:/ros2_ws/install/moveit_setup_controllers/lib:/ros2_ws/install/moveit_setup_app_plugins/lib:/ros2_ws/install/moveit_setup_framework/lib:/ros2_ws/install/moveit_servo/lib:/ros2_ws/install/moveit_ros_visualization/lib:/ros2_ws/install/moveit_hybrid_planning/lib:/ros2_ws/install/moveit_ros_planning_interface/lib:/ros2_ws/install/moveit_ros_benchmarks/lib:/ros2_ws/install/moveit_ros_warehouse/lib:/ros2_ws/install/moveit_ros_robot_interaction/lib:/ros2_ws/install/moveit_ros_perception/lib:/ros2_ws/install/moveit_ros_move_group/lib:/ros2_ws/install/moveit_planners_ompl/lib:/ros2_ws/install/moveit_ros_planning/lib:/ros2_ws/install/moveit_ros_occupancy_map_monitor/lib:/ros2_ws/install/moveit_resources_prbt_ikfast_manipulator_plugin/lib:/ros2_ws/install/moveit_planners_chomp/lib:/ros2_ws/install/moveit_kinematics/lib:/ros2_ws/install/moveit_chomp_optimizer_adapter/lib:/ros2_ws/install/chomp_motion_planner/lib:/ros2_ws/install/moveit_core/lib:/ros2_ws/install/rviz_marker_tools/lib:/ros2_ws/install/rosparam_shortcuts/lib:/ros2_ws/install/moveit_task_constructor_msgs/lib:/usr/lib/x86_64-linux-gnu/gazebo-11/plugins:/opt/ros/humble/opt/rviz_ogre_vendor/lib:/opt/ros/humble/lib/x86_64-linux-gnu:/opt/ros/humble/lib /usr/bin/cmake --install /ros2_ws/build/moveit_core
