[0.065s] Invoking command in '/ros2_ws/build/moveit_common': CMAKE_PREFIX_PATH=${CMAKE_PREFIX_PATH}:/ros2_ws/install/moveit_configs_utils:/ros2_ws/install/launch_param_builder:/opt/ros/humble /usr/bin/cmake --build /ros2_ws/build/moveit_common -- -j8 -l8
[0.368s] Invoked command in '/ros2_ws/build/moveit_common' returned '0': CMAKE_PREFIX_PATH=${CMAKE_PREFIX_PATH}:/ros2_ws/install/moveit_configs_utils:/ros2_ws/install/launch_param_builder:/opt/ros/humble /usr/bin/cmake --build /ros2_ws/build/moveit_common -- -j8 -l8
[0.370s] Invoking command in '/ros2_ws/build/moveit_common': CMAKE_PREFIX_PATH=${CMAKE_PREFIX_PATH}:/ros2_ws/install/moveit_configs_utils:/ros2_ws/install/launch_param_builder:/opt/ros/humble /usr/bin/cmake --install /ros2_ws/build/moveit_common
[0.398s] -- Install configuration: ""
[0.398s] -- Up-to-date: /ros2_ws/install/moveit_common/share/ament_index/resource_index/package_run_dependencies/moveit_common
[0.399s] -- Up-to-date: /ros2_ws/install/moveit_common/share/ament_index/resource_index/parent_prefix_path/moveit_common
[0.399s] -- Up-to-date: /ros2_ws/install/moveit_common/share/moveit_common/environment/ament_prefix_path.sh
[0.399s] -- Up-to-date: /ros2_ws/install/moveit_common/share/moveit_common/environment/ament_prefix_path.dsv
[0.399s] -- Up-to-date: /ros2_ws/install/moveit_common/share/moveit_common/environment/path.sh
[0.399s] -- Up-to-date: /ros2_ws/install/moveit_common/share/moveit_common/environment/path.dsv
[0.400s] -- Up-to-date: /ros2_ws/install/moveit_common/share/moveit_common/local_setup.bash
[0.400s] -- Up-to-date: /ros2_ws/install/moveit_common/share/moveit_common/local_setup.sh
[0.400s] -- Up-to-date: /ros2_ws/install/moveit_common/share/moveit_common/local_setup.zsh
[0.400s] -- Up-to-date: /ros2_ws/install/moveit_common/share/moveit_common/local_setup.dsv
[0.401s] -- Installing: /ros2_ws/install/moveit_common/share/moveit_common/package.dsv
[0.418s] -- Up-to-date: /ros2_ws/install/moveit_common/share/ament_index/resource_index/packages/moveit_common
[0.418s] -- Up-to-date: /ros2_ws/install/moveit_common/share/moveit_common/cmake/moveit_common-extras.cmake
[0.418s] -- Up-to-date: /ros2_ws/install/moveit_common/share/moveit_common/cmake/moveit_commonConfig.cmake
[0.418s] -- Up-to-date: /ros2_ws/install/moveit_common/share/moveit_common/cmake/moveit_commonConfig-version.cmake
[0.419s] -- Up-to-date: /ros2_ws/install/moveit_common/share/moveit_common/package.xml
[0.419s] -- Up-to-date: /ros2_ws/install/moveit_common/share/moveit_common/cmake
[0.419s] -- Up-to-date: /ros2_ws/install/moveit_common/share/moveit_common/cmake/moveit_package.cmake
[0.431s] Invoked command in '/ros2_ws/build/moveit_common' returned '0': CMAKE_PREFIX_PATH=${CMAKE_PREFIX_PATH}:/ros2_ws/install/moveit_configs_utils:/ros2_ws/install/launch_param_builder:/opt/ros/humble /usr/bin/cmake --install /ros2_ws/build/moveit_common
