[0.273s] Invoking command in '/ros2_ws/build/chomp_motion_planner': AMENT_PREFIX_PATH=/ros2_ws/install/moveit_core:/ros2_ws/install/moveit_resources_panda_moveit_config:/ros2_ws/install/srdfdom:/ros2_ws/install/moveit_resources_pr2_description:/ros2_ws/install/moveit_resources_panda_description:/ros2_ws/install/moveit_common:${AMENT_PREFIX_PATH} CMAKE_PREFIX_PATH=/ros2_ws/install/moveit_core:/ros2_ws/install/moveit_resources_panda_moveit_config:/ros2_ws/install/srdfdom:/ros2_ws/install/moveit_resources_pr2_description:/ros2_ws/install/moveit_resources_panda_description:/ros2_ws/install/moveit_common:/opt/ros/humble LD_LIBRARY_PATH=/ros2_ws/install/moveit_core/lib:/ros2_ws/install/srdfdom/lib:${LD_LIBRARY_PATH} PATH=/ros2_ws/install/moveit_core/bin:${PATH} PYTHONPATH=/ros2_ws/install/srdfdom/local/lib/python3.10/dist-packages:${PYTHONPATH} /usr/bin/cmake --build /ros2_ws/build/chomp_motion_planner -- -j8 -l8
[0.436s] [100%] Built target chomp_motion_planner
[0.521s] Invoked command in '/ros2_ws/build/chomp_motion_planner' returned '0': AMENT_PREFIX_PATH=/ros2_ws/install/moveit_core:/ros2_ws/install/moveit_resources_panda_moveit_config:/ros2_ws/install/srdfdom:/ros2_ws/install/moveit_resources_pr2_description:/ros2_ws/install/moveit_resources_panda_description:/ros2_ws/install/moveit_common:${AMENT_PREFIX_PATH} CMAKE_PREFIX_PATH=/ros2_ws/install/moveit_core:/ros2_ws/install/moveit_resources_panda_moveit_config:/ros2_ws/install/srdfdom:/ros2_ws/install/moveit_resources_pr2_description:/ros2_ws/install/moveit_resources_panda_description:/ros2_ws/install/moveit_common:/opt/ros/humble LD_LIBRARY_PATH=/ros2_ws/install/moveit_core/lib:/ros2_ws/install/srdfdom/lib:${LD_LIBRARY_PATH} PATH=/ros2_ws/install/moveit_core/bin:${PATH} PYTHONPATH=/ros2_ws/install/srdfdom/local/lib/python3.10/dist-packages:${PYTHONPATH} /usr/bin/cmake --build /ros2_ws/build/chomp_motion_planner -- -j8 -l8
[0.523s] Invoking command in '/ros2_ws/build/chomp_motion_planner': AMENT_PREFIX_PATH=/ros2_ws/install/moveit_core:/ros2_ws/install/moveit_resources_panda_moveit_config:/ros2_ws/install/srdfdom:/ros2_ws/install/moveit_resources_pr2_description:/ros2_ws/install/moveit_resources_panda_description:/ros2_ws/install/moveit_common:${AMENT_PREFIX_PATH} CMAKE_PREFIX_PATH=/ros2_ws/install/moveit_core:/ros2_ws/install/moveit_resources_panda_moveit_config:/ros2_ws/install/srdfdom:/ros2_ws/install/moveit_resources_pr2_description:/ros2_ws/install/moveit_resources_panda_description:/ros2_ws/install/moveit_common:/opt/ros/humble LD_LIBRARY_PATH=/ros2_ws/install/moveit_core/lib:/ros2_ws/install/srdfdom/lib:${LD_LIBRARY_PATH} PATH=/ros2_ws/install/moveit_core/bin:${PATH} PYTHONPATH=/ros2_ws/install/srdfdom/local/lib/python3.10/dist-packages:${PYTHONPATH} /usr/bin/cmake --install /ros2_ws/build/chomp_motion_planner
[0.537s] -- Install configuration: "Release"
[0.537s] -- Up-to-date: /ros2_ws/install/chomp_motion_planner/lib/libchomp_motion_planner.so.2.5.7
[0.537s] -- Up-to-date: /ros2_ws/install/chomp_motion_planner/lib/libchomp_motion_planner.so
[0.538s] -- Up-to-date: /ros2_ws/install/chomp_motion_planner/include
[0.538s] -- Up-to-date: /ros2_ws/install/chomp_motion_planner/include/chomp_motion_planner
[0.538s] -- Up-to-date: /ros2_ws/install/chomp_motion_planner/include/chomp_motion_planner/chomp_parameters.h
[0.538s] -- Up-to-date: /ros2_ws/install/chomp_motion_planner/include/chomp_motion_planner/chomp_optimizer.h
[0.538s] -- Up-to-date: /ros2_ws/install/chomp_motion_planner/include/chomp_motion_planner/chomp_cost.h
[0.538s] -- Up-to-date: /ros2_ws/install/chomp_motion_planner/include/chomp_motion_planner/chomp_planner.h
[0.539s] -- Up-to-date: /ros2_ws/install/chomp_motion_planner/include/chomp_motion_planner/chomp_utils.h
[0.539s] -- Up-to-date: /ros2_ws/install/chomp_motion_planner/include/chomp_motion_planner/multivariate_gaussian.h
[0.539s] -- Up-to-date: /ros2_ws/install/chomp_motion_planner/include/chomp_motion_planner/chomp_trajectory.h
[0.539s] -- Up-to-date: /ros2_ws/install/chomp_motion_planner/share/chomp_motion_planner/environment/library_path.sh
[0.539s] -- Up-to-date: /ros2_ws/install/chomp_motion_planner/share/chomp_motion_planner/environment/library_path.dsv
[0.539s] -- Up-to-date: /ros2_ws/install/chomp_motion_planner/share/ament_index/resource_index/package_run_dependencies/chomp_motion_planner
[0.540s] -- Up-to-date: /ros2_ws/install/chomp_motion_planner/share/ament_index/resource_index/parent_prefix_path/chomp_motion_planner
[0.540s] -- Up-to-date: /ros2_ws/install/chomp_motion_planner/share/chomp_motion_planner/environment/ament_prefix_path.sh
[0.540s] -- Up-to-date: /ros2_ws/install/chomp_motion_planner/share/chomp_motion_planner/environment/ament_prefix_path.dsv
[0.540s] -- Up-to-date: /ros2_ws/install/chomp_motion_planner/share/chomp_motion_planner/environment/path.sh
[0.540s] -- Up-to-date: /ros2_ws/install/chomp_motion_planner/share/chomp_motion_planner/environment/path.dsv
[0.540s] -- Up-to-date: /ros2_ws/install/chomp_motion_planner/share/chomp_motion_planner/local_setup.bash
[0.540s] -- Up-to-date: /ros2_ws/install/chomp_motion_planner/share/chomp_motion_planner/local_setup.sh
[0.540s] -- Up-to-date: /ros2_ws/install/chomp_motion_planner/share/chomp_motion_planner/local_setup.zsh
[0.541s] -- Up-to-date: /ros2_ws/install/chomp_motion_planner/share/chomp_motion_planner/local_setup.dsv
[0.541s] -- Installing: /ros2_ws/install/chomp_motion_planner/share/chomp_motion_planner/package.dsv
[0.541s] -- Up-to-date: /ros2_ws/install/chomp_motion_planner/share/ament_index/resource_index/packages/chomp_motion_planner
[0.541s] -- Up-to-date: /ros2_ws/install/chomp_motion_planner/share/chomp_motion_planner/cmake/chomp_motion_plannerTargetsExport.cmake
[0.541s] -- Up-to-date: /ros2_ws/install/chomp_motion_planner/share/chomp_motion_planner/cmake/chomp_motion_plannerTargetsExport-release.cmake
[0.541s] -- Up-to-date: /ros2_ws/install/chomp_motion_planner/share/chomp_motion_planner/cmake/ament_cmake_export_targets-extras.cmake
[0.541s] -- Up-to-date: /ros2_ws/install/chomp_motion_planner/share/chomp_motion_planner/cmake/chomp_motion_plannerConfig.cmake
[0.542s] -- Up-to-date: /ros2_ws/install/chomp_motion_planner/share/chomp_motion_planner/cmake/chomp_motion_plannerConfig-version.cmake
[0.542s] -- Up-to-date: /ros2_ws/install/chomp_motion_planner/share/chomp_motion_planner/package.xml
[0.563s] Invoked command in '/ros2_ws/build/chomp_motion_planner' returned '0': AMENT_PREFIX_PATH=/ros2_ws/install/moveit_core:/ros2_ws/install/moveit_resources_panda_moveit_config:/ros2_ws/install/srdfdom:/ros2_ws/install/moveit_resources_pr2_description:/ros2_ws/install/moveit_resources_panda_description:/ros2_ws/install/moveit_common:${AMENT_PREFIX_PATH} CMAKE_PREFIX_PATH=/ros2_ws/install/moveit_core:/ros2_ws/install/moveit_resources_panda_moveit_config:/ros2_ws/install/srdfdom:/ros2_ws/install/moveit_resources_pr2_description:/ros2_ws/install/moveit_resources_panda_description:/ros2_ws/install/moveit_common:/opt/ros/humble LD_LIBRARY_PATH=/ros2_ws/install/moveit_core/lib:/ros2_ws/install/srdfdom/lib:${LD_LIBRARY_PATH} PATH=/ros2_ws/install/moveit_core/bin:${PATH} PYTHONPATH=/ros2_ws/install/srdfdom/local/lib/python3.10/dist-packages:${PYTHONPATH} /usr/bin/cmake --install /ros2_ws/build/chomp_motion_planner
