[0.034s] Invoking command in '/ros2_ws/build/moveit_visual_tools': AMENT_PREFIX_PATH=/ros2_ws/install/moveit_ros_planning:/ros2_ws/install/moveit_ros_occupancy_map_monitor:/ros2_ws/install/moveit_core:/ros2_ws/install/moveit_resources_panda_moveit_config:/ros2_ws/install/moveit_configs_utils:/ros2_ws/install/srdfdom:/ros2_ws/install/moveit_resources_pr2_description:/ros2_ws/install/moveit_resources_panda_description:/ros2_ws/install/moveit_common:/ros2_ws/install/launch_param_builder:${AMENT_PREFIX_PATH} CMAKE_PREFIX_PATH=/ros2_ws/install/moveit_ros_planning:/ros2_ws/install/moveit_ros_occupancy_map_monitor:/ros2_ws/install/moveit_core:/ros2_ws/install/moveit_resources_panda_moveit_config:/ros2_ws/install/srdfdom:/ros2_ws/install/moveit_resources_pr2_description:/ros2_ws/install/moveit_resources_panda_description:/ros2_ws/install/moveit_common:/opt/ros/humble LD_LIBRARY_PATH=/ros2_ws/install/moveit_ros_planning/lib:/ros2_ws/install/moveit_ros_occupancy_map_monitor/lib:/ros2_ws/install/moveit_core/lib:/ros2_ws/install/srdfdom/lib:${LD_LIBRARY_PATH} PATH=/ros2_ws/install/moveit_core/bin:${PATH} PYTHONPATH=/ros2_ws/install/moveit_configs_utils/lib/python3.10/site-packages:/ros2_ws/install/srdfdom/local/lib/python3.10/dist-packages:/ros2_ws/install/launch_param_builder/lib/python3.10/site-packages:${PYTHONPATH} /usr/bin/cmake --build /ros2_ws/build/moveit_visual_tools -- -j8 -l8
[0.221s] [ 66%] Built target moveit_visual_tools
[0.318s] [100%] Built target moveit_visual_tools_demo
[0.342s] Invoked command in '/ros2_ws/build/moveit_visual_tools' returned '0': AMENT_PREFIX_PATH=/ros2_ws/install/moveit_ros_planning:/ros2_ws/install/moveit_ros_occupancy_map_monitor:/ros2_ws/install/moveit_core:/ros2_ws/install/moveit_resources_panda_moveit_config:/ros2_ws/install/moveit_configs_utils:/ros2_ws/install/srdfdom:/ros2_ws/install/moveit_resources_pr2_description:/ros2_ws/install/moveit_resources_panda_description:/ros2_ws/install/moveit_common:/ros2_ws/install/launch_param_builder:${AMENT_PREFIX_PATH} CMAKE_PREFIX_PATH=/ros2_ws/install/moveit_ros_planning:/ros2_ws/install/moveit_ros_occupancy_map_monitor:/ros2_ws/install/moveit_core:/ros2_ws/install/moveit_resources_panda_moveit_config:/ros2_ws/install/srdfdom:/ros2_ws/install/moveit_resources_pr2_description:/ros2_ws/install/moveit_resources_panda_description:/ros2_ws/install/moveit_common:/opt/ros/humble LD_LIBRARY_PATH=/ros2_ws/install/moveit_ros_planning/lib:/ros2_ws/install/moveit_ros_occupancy_map_monitor/lib:/ros2_ws/install/moveit_core/lib:/ros2_ws/install/srdfdom/lib:${LD_LIBRARY_PATH} PATH=/ros2_ws/install/moveit_core/bin:${PATH} PYTHONPATH=/ros2_ws/install/moveit_configs_utils/lib/python3.10/site-packages:/ros2_ws/install/srdfdom/local/lib/python3.10/dist-packages:/ros2_ws/install/launch_param_builder/lib/python3.10/site-packages:${PYTHONPATH} /usr/bin/cmake --build /ros2_ws/build/moveit_visual_tools -- -j8 -l8
[0.343s] Invoking command in '/ros2_ws/build/moveit_visual_tools': AMENT_PREFIX_PATH=/ros2_ws/install/moveit_ros_planning:/ros2_ws/install/moveit_ros_occupancy_map_monitor:/ros2_ws/install/moveit_core:/ros2_ws/install/moveit_resources_panda_moveit_config:/ros2_ws/install/moveit_configs_utils:/ros2_ws/install/srdfdom:/ros2_ws/install/moveit_resources_pr2_description:/ros2_ws/install/moveit_resources_panda_description:/ros2_ws/install/moveit_common:/ros2_ws/install/launch_param_builder:${AMENT_PREFIX_PATH} CMAKE_PREFIX_PATH=/ros2_ws/install/moveit_ros_planning:/ros2_ws/install/moveit_ros_occupancy_map_monitor:/ros2_ws/install/moveit_core:/ros2_ws/install/moveit_resources_panda_moveit_config:/ros2_ws/install/srdfdom:/ros2_ws/install/moveit_resources_pr2_description:/ros2_ws/install/moveit_resources_panda_description:/ros2_ws/install/moveit_common:/opt/ros/humble LD_LIBRARY_PATH=/ros2_ws/install/moveit_ros_planning/lib:/ros2_ws/install/moveit_ros_occupancy_map_monitor/lib:/ros2_ws/install/moveit_core/lib:/ros2_ws/install/srdfdom/lib:${LD_LIBRARY_PATH} PATH=/ros2_ws/install/moveit_core/bin:${PATH} PYTHONPATH=/ros2_ws/install/moveit_configs_utils/lib/python3.10/site-packages:/ros2_ws/install/srdfdom/local/lib/python3.10/dist-packages:/ros2_ws/install/launch_param_builder/lib/python3.10/site-packages:${PYTHONPATH} /usr/bin/cmake --install /ros2_ws/build/moveit_visual_tools
[0.370s] -- Install configuration: "Release"
[0.371s] -- Up-to-date: /ros2_ws/install/moveit_visual_tools/share/moveit_visual_tools/environment/library_path.sh
[0.371s] -- Up-to-date: /ros2_ws/install/moveit_visual_tools/share/moveit_visual_tools/environment/library_path.dsv
[0.371s] -- Up-to-date: /ros2_ws/install/moveit_visual_tools/lib/libmoveit_visual_tools.so
[0.372s] -- Up-to-date: /ros2_ws/install/moveit_visual_tools/lib/moveit_visual_tools/moveit_visual_tools_demo
[0.372s] -- Up-to-date: /ros2_ws/install/moveit_visual_tools/include
[0.372s] -- Up-to-date: /ros2_ws/install/moveit_visual_tools/include/moveit_visual_tools
[0.373s] -- Up-to-date: /ros2_ws/install/moveit_visual_tools/include/moveit_visual_tools/moveit_visual_tools.h
[0.373s] -- Up-to-date: /ros2_ws/install/moveit_visual_tools/include/moveit_visual_tools/imarker_end_effector.h
[0.373s] -- Up-to-date: /ros2_ws/install/moveit_visual_tools/include/moveit_visual_tools/imarker_robot_state.h
[0.373s] -- Up-to-date: /ros2_ws/install/moveit_visual_tools/share/moveit_visual_tools/launch
[0.373s] -- Up-to-date: /ros2_ws/install/moveit_visual_tools/share/moveit_visual_tools/launch/demo.rviz
[0.373s] -- Up-to-date: /ros2_ws/install/moveit_visual_tools/share/moveit_visual_tools/launch/demo_rviz.launch.py
[0.373s] -- Up-to-date: /ros2_ws/install/moveit_visual_tools/share/moveit_visual_tools/resources
[0.373s] -- Up-to-date: /ros2_ws/install/moveit_visual_tools/share/moveit_visual_tools/resources/rrbot.urdf
[0.373s] -- Up-to-date: /ros2_ws/install/moveit_visual_tools/share/moveit_visual_tools/resources/demo.png
[0.374s] -- Up-to-date: /ros2_ws/install/moveit_visual_tools/share/moveit_visual_tools/resources/screenshot.png
[0.374s] -- Up-to-date: /ros2_ws/install/moveit_visual_tools/share/moveit_visual_tools/resources/rrbot.srdf
[0.374s] -- Up-to-date: /ros2_ws/install/moveit_visual_tools/share/moveit_visual_tools/resources/demo_mesh.stl
[0.375s] -- Up-to-date: /ros2_ws/install/moveit_visual_tools/share/ament_index/resource_index/package_run_dependencies/moveit_visual_tools
[0.377s] -- Up-to-date: /ros2_ws/install/moveit_visual_tools/share/ament_index/resource_index/parent_prefix_path/moveit_visual_tools
[0.377s] -- Up-to-date: /ros2_ws/install/moveit_visual_tools/share/moveit_visual_tools/environment/ament_prefix_path.sh
[0.377s] -- Up-to-date: /ros2_ws/install/moveit_visual_tools/share/moveit_visual_tools/environment/ament_prefix_path.dsv
[0.377s] -- Up-to-date: /ros2_ws/install/moveit_visual_tools/share/moveit_visual_tools/environment/path.sh
[0.377s] -- Up-to-date: /ros2_ws/install/moveit_visual_tools/share/moveit_visual_tools/environment/path.dsv
[0.377s] -- Up-to-date: /ros2_ws/install/moveit_visual_tools/share/moveit_visual_tools/local_setup.bash
[0.378s] -- Up-to-date: /ros2_ws/install/moveit_visual_tools/share/moveit_visual_tools/local_setup.sh
[0.378s] -- Up-to-date: /ros2_ws/install/moveit_visual_tools/share/moveit_visual_tools/local_setup.zsh
[0.378s] -- Up-to-date: /ros2_ws/install/moveit_visual_tools/share/moveit_visual_tools/local_setup.dsv
[0.378s] -- Installing: /ros2_ws/install/moveit_visual_tools/share/moveit_visual_tools/package.dsv
[0.378s] -- Up-to-date: /ros2_ws/install/moveit_visual_tools/share/ament_index/resource_index/packages/moveit_visual_tools
[0.378s] -- Up-to-date: /ros2_ws/install/moveit_visual_tools/share/moveit_visual_tools/cmake/export_moveit_visual_toolsExport.cmake
[0.381s] -- Up-to-date: /ros2_ws/install/moveit_visual_tools/share/moveit_visual_tools/cmake/export_moveit_visual_toolsExport-release.cmake
[0.381s] -- Up-to-date: /ros2_ws/install/moveit_visual_tools/share/moveit_visual_tools/cmake/ament_cmake_export_targets-extras.cmake
[0.381s] -- Up-to-date: /ros2_ws/install/moveit_visual_tools/share/moveit_visual_tools/cmake/ament_cmake_export_dependencies-extras.cmake
[0.381s] -- Up-to-date: /ros2_ws/install/moveit_visual_tools/share/moveit_visual_tools/cmake/moveit_visual_toolsConfig.cmake
[0.381s] -- Up-to-date: /ros2_ws/install/moveit_visual_tools/share/moveit_visual_tools/cmake/moveit_visual_toolsConfig-version.cmake
[0.382s] -- Up-to-date: /ros2_ws/install/moveit_visual_tools/share/moveit_visual_tools/package.xml
[0.435s] Invoked command in '/ros2_ws/build/moveit_visual_tools' returned '0': AMENT_PREFIX_PATH=/ros2_ws/install/moveit_ros_planning:/ros2_ws/install/moveit_ros_occupancy_map_monitor:/ros2_ws/install/moveit_core:/ros2_ws/install/moveit_resources_panda_moveit_config:/ros2_ws/install/moveit_configs_utils:/ros2_ws/install/srdfdom:/ros2_ws/install/moveit_resources_pr2_description:/ros2_ws/install/moveit_resources_panda_description:/ros2_ws/install/moveit_common:/ros2_ws/install/launch_param_builder:${AMENT_PREFIX_PATH} CMAKE_PREFIX_PATH=/ros2_ws/install/moveit_ros_planning:/ros2_ws/install/moveit_ros_occupancy_map_monitor:/ros2_ws/install/moveit_core:/ros2_ws/install/moveit_resources_panda_moveit_config:/ros2_ws/install/srdfdom:/ros2_ws/install/moveit_resources_pr2_description:/ros2_ws/install/moveit_resources_panda_description:/ros2_ws/install/moveit_common:/opt/ros/humble LD_LIBRARY_PATH=/ros2_ws/install/moveit_ros_planning/lib:/ros2_ws/install/moveit_ros_occupancy_map_monitor/lib:/ros2_ws/install/moveit_core/lib:/ros2_ws/install/srdfdom/lib:${LD_LIBRARY_PATH} PATH=/ros2_ws/install/moveit_core/bin:${PATH} PYTHONPATH=/ros2_ws/install/moveit_configs_utils/lib/python3.10/site-packages:/ros2_ws/install/srdfdom/local/lib/python3.10/dist-packages:/ros2_ws/install/launch_param_builder/lib/python3.10/site-packages:${PYTHONPATH} /usr/bin/cmake --install /ros2_ws/build/moveit_visual_tools
