[0.079s] Invoking command in '/ros2_ws/build/rosparam_shortcuts': CMAKE_PREFIX_PATH=${CMAKE_PREFIX_PATH}:/ros2_ws/install/moveit_configs_utils:/ros2_ws/install/launch_param_builder:/opt/ros/humble /usr/bin/cmake --build /ros2_ws/build/rosparam_shortcuts -- -j8 -l8
[0.211s] -- Found ament_cmake: 1.3.11 (/opt/ros/humble/share/ament_cmake/cmake)
[0.686s] -- Found eigen3_cmake_module: 0.1.1 (/opt/ros/humble/share/eigen3_cmake_module/cmake)
[0.686s] -- Found geometry_msgs: 4.2.4 (/opt/ros/humble/share/geometry_msgs/cmake)
[0.727s] -- Found rosidl_generator_c: 3.1.6 (/opt/ros/humble/share/rosidl_generator_c/cmake)
[0.732s] -- Found rosidl_adapter: 3.1.6 (/opt/ros/humble/share/rosidl_adapter/cmake)
[0.756s] -- Found rosidl_generator_cpp: 3.1.6 (/opt/ros/humble/share/rosidl_generator_cpp/cmake)
[0.782s] -- Using all available rosidl_typesupport_c: rosidl_typesupport_fastrtps_c;rosidl_typesupport_introspection_c
[0.813s] -- Using all available rosidl_typesupport_cpp: rosidl_typesupport_fastrtps_cpp;rosidl_typesupport_introspection_cpp
[0.900s] -- Found rclcpp: 16.0.11 (/opt/ros/humble/share/rclcpp/cmake)
[1.035s] -- Found rmw_implementation_cmake: 6.1.2 (/opt/ros/humble/share/rmw_implementation_cmake/cmake)
[1.035s] -- Found rmw_fastrtps_cpp: 6.2.7 (/opt/ros/humble/share/rmw_fastrtps_cpp/cmake)
[1.283s] -- Using RMW implementation 'rmw_fastrtps_cpp' as default
[1.341s] -- Found tf2_eigen: 0.25.9 (/opt/ros/humble/share/tf2_eigen/cmake)
[1.552s] -- Found ament_lint_auto: 0.12.11 (/opt/ros/humble/share/ament_lint_auto/cmake)
[1.553s] -- Found ament_cmake_gtest: 1.3.11 (/opt/ros/humble/share/ament_cmake_gtest/cmake)
[1.562s] -- Found ros_testing: 0.4.0 (/opt/ros/humble/share/ros_testing/cmake)
[1.563s] -- Found launch_testing_ament_cmake: 1.0.7 (/opt/ros/humble/share/launch_testing_ament_cmake/cmake)
[1.564s] -- Found python_cmake_module: 0.10.0 (/opt/ros/humble/share/python_cmake_module/cmake)
[1.593s] -- Using PYTHON_EXECUTABLE: /usr/bin/python3
[1.593s] -- Using PYTHON_INCLUDE_DIRS: /usr/include/python3.10
[1.593s] -- Using PYTHON_LIBRARIES: /usr/lib/x86_64-linux-gnu/libpython3.10.so
[1.666s] -- Found gtest sources under '/opt/ros/humble/src/gtest_vendor': C++ tests using 'Google Test' will be built
[1.682s] -- Added test 'copyright' to check source files copyright and LICENSE
[1.683s] -- Added test 'lint_cmake' to check CMake code style
[1.684s] -- Added test 'pep257' to check Python code against some of the docstring style conventions in PEP 257
[1.685s] -- Added test 'xmllint' to check XML markup files
[1.687s] -- Configuring done
[1.728s] -- Generating done
[1.750s] -- Build files have been written to: /ros2_ws/build/rosparam_shortcuts
[1.781s] [35m[1mConsolidate compiler generated dependencies of target gtest[0m
[1.784s] [35m[1mConsolidate compiler generated dependencies of target rosparam_shortcuts[0m
[1.787s] [35m[1mConsolidate compiler generated dependencies of target gtest_main[0m
[1.811s] [ 15%] Built target gtest
[1.813s] [ 30%] Built target gtest_main
[1.825s] [ 53%] Built target rosparam_shortcuts
[1.844s] [35m[1mConsolidate compiler generated dependencies of target rosparam_shortcuts_example[0m
[1.844s] [35m[1mConsolidate compiler generated dependencies of target rosparam_shortcuts_node_parameters_example[0m
[1.850s] [35m[1mConsolidate compiler generated dependencies of target test_node_parameters[0m
[1.878s] [ 69%] Built target rosparam_shortcuts_example
[1.885s] [ 84%] Built target rosparam_shortcuts_node_parameters_example
[1.891s] [100%] Built target test_node_parameters
[1.922s] Invoked command in '/ros2_ws/build/rosparam_shortcuts' returned '0': CMAKE_PREFIX_PATH=${CMAKE_PREFIX_PATH}:/ros2_ws/install/moveit_configs_utils:/ros2_ws/install/launch_param_builder:/opt/ros/humble /usr/bin/cmake --build /ros2_ws/build/rosparam_shortcuts -- -j8 -l8
[1.923s] Invoking command in '/ros2_ws/build/rosparam_shortcuts': CMAKE_PREFIX_PATH=${CMAKE_PREFIX_PATH}:/ros2_ws/install/moveit_configs_utils:/ros2_ws/install/launch_param_builder:/opt/ros/humble /usr/bin/cmake --install /ros2_ws/build/rosparam_shortcuts
[1.985s] -- Install configuration: ""
[1.985s] -- Up-to-date: /ros2_ws/install/rosparam_shortcuts/lib/librosparam_shortcuts.so
[1.985s] -- Up-to-date: /ros2_ws/install/rosparam_shortcuts/lib/rosparam_shortcuts/example
[1.985s] -- Up-to-date: /ros2_ws/install/rosparam_shortcuts/lib/rosparam_shortcuts/node_parameters_example
[1.986s] -- Up-to-date: /ros2_ws/install/rosparam_shortcuts/include
[1.986s] -- Up-to-date: /ros2_ws/install/rosparam_shortcuts/include/rosparam_shortcuts
[1.986s] -- Up-to-date: /ros2_ws/install/rosparam_shortcuts/include/rosparam_shortcuts/rosparam_shortcuts.h
[1.986s] -- Up-to-date: /ros2_ws/install/rosparam_shortcuts/include/rosparam_shortcuts/node_parameters.h
[1.986s] -- Up-to-date: /ros2_ws/install/rosparam_shortcuts/share/rosparam_shortcuts/launch
[1.986s] -- Up-to-date: /ros2_ws/install/rosparam_shortcuts/share/rosparam_shortcuts/launch/example.launch.py
[1.986s] -- Up-to-date: /ros2_ws/install/rosparam_shortcuts/share/rosparam_shortcuts/config
[1.987s] -- Up-to-date: /ros2_ws/install/rosparam_shortcuts/share/rosparam_shortcuts/config/example.yaml
[1.987s] -- Up-to-date: /ros2_ws/install/rosparam_shortcuts/share/rosparam_shortcuts/environment/library_path.sh
[1.987s] -- Installing: /ros2_ws/install/rosparam_shortcuts/share/rosparam_shortcuts/environment/library_path.dsv
[1.987s] -- Up-to-date: /ros2_ws/install/rosparam_shortcuts/share/ament_index/resource_index/package_run_dependencies/rosparam_shortcuts
[1.987s] -- Installing: /ros2_ws/install/rosparam_shortcuts/share/ament_index/resource_index/parent_prefix_path/rosparam_shortcuts
[1.987s] -- Up-to-date: /ros2_ws/install/rosparam_shortcuts/share/rosparam_shortcuts/environment/ament_prefix_path.sh
[1.987s] -- Installing: /ros2_ws/install/rosparam_shortcuts/share/rosparam_shortcuts/environment/ament_prefix_path.dsv
[1.987s] -- Up-to-date: /ros2_ws/install/rosparam_shortcuts/share/rosparam_shortcuts/environment/path.sh
[1.987s] -- Installing: /ros2_ws/install/rosparam_shortcuts/share/rosparam_shortcuts/environment/path.dsv
[1.988s] -- Up-to-date: /ros2_ws/install/rosparam_shortcuts/share/rosparam_shortcuts/local_setup.bash
[1.988s] -- Up-to-date: /ros2_ws/install/rosparam_shortcuts/share/rosparam_shortcuts/local_setup.sh
[1.988s] -- Up-to-date: /ros2_ws/install/rosparam_shortcuts/share/rosparam_shortcuts/local_setup.zsh
[1.988s] -- Installing: /ros2_ws/install/rosparam_shortcuts/share/rosparam_shortcuts/local_setup.dsv
[1.988s] -- Installing: /ros2_ws/install/rosparam_shortcuts/share/rosparam_shortcuts/package.dsv
[1.988s] -- Up-to-date: /ros2_ws/install/rosparam_shortcuts/share/ament_index/resource_index/packages/rosparam_shortcuts
[1.988s] -- Up-to-date: /ros2_ws/install/rosparam_shortcuts/share/rosparam_shortcuts/cmake/export_rosparam_shortcutsExport.cmake
[1.988s] -- Up-to-date: /ros2_ws/install/rosparam_shortcuts/share/rosparam_shortcuts/cmake/export_rosparam_shortcutsExport-noconfig.cmake
[1.989s] -- Up-to-date: /ros2_ws/install/rosparam_shortcuts/share/rosparam_shortcuts/cmake/ament_cmake_export_targets-extras.cmake
[1.989s] -- Up-to-date: /ros2_ws/install/rosparam_shortcuts/share/rosparam_shortcuts/cmake/ament_cmake_export_dependencies-extras.cmake
[1.989s] -- Up-to-date: /ros2_ws/install/rosparam_shortcuts/share/rosparam_shortcuts/cmake/rosparam_shortcutsConfig.cmake
[1.989s] -- Up-to-date: /ros2_ws/install/rosparam_shortcuts/share/rosparam_shortcuts/cmake/rosparam_shortcutsConfig-version.cmake
[1.989s] -- Up-to-date: /ros2_ws/install/rosparam_shortcuts/share/rosparam_shortcuts/package.xml
[1.989s] Invoked command in '/ros2_ws/build/rosparam_shortcuts' returned '0': CMAKE_PREFIX_PATH=${CMAKE_PREFIX_PATH}:/ros2_ws/install/moveit_configs_utils:/ros2_ws/install/launch_param_builder:/opt/ros/humble /usr/bin/cmake --install /ros2_ws/build/rosparam_shortcuts
