[0.021s] Invoking command in '/ros2_ws/build/moveit_ros_robot_interaction': AMENT_PREFIX_PATH=/ros2_ws/install/moveit_ros_planning:/ros2_ws/install/moveit_ros_occupancy_map_monitor:/ros2_ws/install/moveit_core:/ros2_ws/install/moveit_resources_panda_moveit_config:/ros2_ws/install/moveit_configs_utils:/ros2_ws/install/srdfdom:/ros2_ws/install/moveit_resources_pr2_description:/ros2_ws/install/moveit_resources_panda_description:/ros2_ws/install/moveit_common:/ros2_ws/install/launch_param_builder:${AMENT_PREFIX_PATH} CMAKE_PREFIX_PATH=/ros2_ws/install/moveit_ros_planning:/ros2_ws/install/moveit_ros_occupancy_map_monitor:/ros2_ws/install/moveit_core:/ros2_ws/install/moveit_resources_panda_moveit_config:/ros2_ws/install/srdfdom:/ros2_ws/install/moveit_resources_pr2_description:/ros2_ws/install/moveit_resources_panda_description:/ros2_ws/install/moveit_common:/ros2_ws/install/ur:/ros2_ws/install/ur_calibration:/ros2_ws/install/ur_robot_driver:/ros2_ws/install/ur_bringup:/ros2_ws/install/ur_controllers:/ros2_ws/install/ur_msgs:/ros2_ws/install/ur_moveit_config:/ros2_ws/install/ur_dashboard_msgs:/opt/ros/humble LD_LIBRARY_PATH=/ros2_ws/install/moveit_ros_planning/lib:/ros2_ws/install/moveit_ros_occupancy_map_monitor/lib:/ros2_ws/install/moveit_core/lib:/ros2_ws/install/srdfdom/lib:${LD_LIBRARY_PATH} PATH=/ros2_ws/install/moveit_core/bin:${PATH} PYTHONPATH=/ros2_ws/install/moveit_configs_utils/lib/python3.10/site-packages:/ros2_ws/install/srdfdom/local/lib/python3.10/dist-packages:/ros2_ws/install/launch_param_builder/lib/python3.10/site-packages:${PYTHONPATH} /usr/bin/cmake /ros2_ws/src/moveit2/moveit_ros/robot_interaction -DCMAKE_INSTALL_PREFIX=/ros2_ws/install/moveit_ros_robot_interaction
[0.072s] -- The C compiler identification is GNU 11.4.0
[0.123s] -- The CXX compiler identification is GNU 11.4.0
[0.129s] -- Detecting C compiler ABI info
[0.194s] -- Detecting C compiler ABI info - done
[0.201s] -- Check for working C compiler: /usr/bin/cc - skipped
[0.201s] -- Detecting C compile features
[0.201s] -- Detecting C compile features - done
[0.204s] -- Detecting CXX compiler ABI info
[0.284s] -- Detecting CXX compiler ABI info - done
[0.291s] -- Check for working CXX compiler: /usr/bin/c++ - skipped
[0.291s] -- Detecting CXX compile features
[0.292s] -- Detecting CXX compile features - done
[0.293s] -- Found moveit_common: 2.5.7 (/ros2_ws/install/moveit_common/share/moveit_common/cmake)
[0.297s] -- Found ament_cmake: 1.3.11 (/opt/ros/humble/share/ament_cmake/cmake)
[0.453s] -- Found Python3: /usr/bin/python3 (found version "3.10.12") found components: Interpreter 
[0.635s] [0mmoveit_ros_robot_interaction: You did not request a specific build type: Choosing 'Release' for maximum performance[0m
[0.635s] -- Found moveit_core: 2.5.7 (/ros2_ws/install/moveit_core/share/moveit_core/cmake)
[0.884s] -- Found Boost: /usr/lib/x86_64-linux-gnu/cmake/Boost-1.74.0/BoostConfig.cmake (found version "1.74.0") found components: chrono date_time filesystem iostreams program_options regex serialization system thread 
[0.955s] -- Found parameter_traits: 0.3.9 (/opt/ros/humble/share/parameter_traits/cmake)
[1.015s] -- Found rosidl_generator_c: 3.1.6 (/opt/ros/humble/share/rosidl_generator_c/cmake)
[1.024s] -- Found rosidl_adapter: 3.1.6 (/opt/ros/humble/share/rosidl_adapter/cmake)
[1.037s] -- Found rosidl_generator_cpp: 3.1.6 (/opt/ros/humble/share/rosidl_generator_cpp/cmake)
[1.054s] -- Using all available rosidl_typesupport_c: rosidl_typesupport_fastrtps_c;rosidl_typesupport_introspection_c
[1.077s] -- Using all available rosidl_typesupport_cpp: rosidl_typesupport_fastrtps_cpp;rosidl_typesupport_introspection_cpp
[1.143s] -- Found rmw_implementation_cmake: 6.1.2 (/opt/ros/humble/share/rmw_implementation_cmake/cmake)
[1.148s] -- Found rmw_fastrtps_cpp: 6.2.7 (/opt/ros/humble/share/rmw_fastrtps_cpp/cmake)
[1.249s] -- Found OpenSSL: /usr/lib/x86_64-linux-gnu/libcrypto.so (found version "3.0.2")  
[1.276s] -- Found FastRTPS: /opt/ros/humble/include  
[1.325s] -- Using RMW implementation 'rmw_fastrtps_cpp' as default
[1.340s] -- Found Threads: TRUE  
[1.412s] -- Found Eigen3: TRUE (found version "3.4.0") 
[1.416s] -- Found rclcpp_lifecycle: 16.0.11 (/opt/ros/humble/share/rclcpp_lifecycle/cmake)
[1.447s] -- Found Boost: /usr/lib/x86_64-linux-gnu/cmake/Boost-1.74.0/BoostConfig.cmake (found version "1.74.0") found components: filesystem 
[1.566s] -- library: /usr/lib/x86_64-linux-gnu/libcurl.so
[1.646s] -- Ensuring Eigen3 include directory is part of orocos-kdl CMake target
[1.942s] -- Found moveit_ros_planning: 2.5.7 (/ros2_ws/install/moveit_ros_planning/share/moveit_ros_planning/cmake)
[1.947s] -- Found Boost: /usr/lib/x86_64-linux-gnu/cmake/Boost-1.74.0/BoostConfig.cmake (found version "1.74.0") found components: system filesystem date_time program_options thread chrono 
[1.979s] -- Found interactive_markers: 2.3.2 (/opt/ros/humble/share/interactive_markers/cmake)
[1.984s] -- Performing Test COMPILER_HAS_HIDDEN_VISIBILITY
[2.082s] -- Performing Test COMPILER_HAS_HIDDEN_VISIBILITY - Success
[2.082s] -- Performing Test COMPILER_HAS_HIDDEN_INLINE_VISIBILITY
[2.181s] -- Performing Test COMPILER_HAS_HIDDEN_INLINE_VISIBILITY - Success
[2.181s] -- Performing Test COMPILER_HAS_DEPRECATED_ATTR
[2.280s] -- Performing Test COMPILER_HAS_DEPRECATED_ATTR - Success
[2.288s] -- Found ament_cmake_gtest: 1.3.11 (/opt/ros/humble/share/ament_cmake_gtest/cmake)
[2.292s] -- Found gtest sources under '/opt/ros/humble/src/gtest_vendor': C++ tests using 'Google Test' will be built
[2.303s] -- Found ament_lint_auto: 0.12.11 (/opt/ros/humble/share/ament_lint_auto/cmake)
[2.334s] -- Added test 'cppcheck' to perform static code analysis on C / C++ code
[2.334s] -- Configured cppcheck include dirs: /ros2_ws/src/moveit2/moveit_ros/robot_interaction/include
[2.334s] -- Configured cppcheck exclude dirs and/or files: 
[2.335s] -- Added test 'lint_cmake' to check CMake code style
[2.336s] -- Added test 'xmllint' to check XML markup files
[2.338s] -- Configuring done
[2.393s] -- Generating done
[2.405s] -- Build files have been written to: /ros2_ws/build/moveit_ros_robot_interaction
[2.418s] Invoked command in '/ros2_ws/build/moveit_ros_robot_interaction' returned '0': AMENT_PREFIX_PATH=/ros2_ws/install/moveit_ros_planning:/ros2_ws/install/moveit_ros_occupancy_map_monitor:/ros2_ws/install/moveit_core:/ros2_ws/install/moveit_resources_panda_moveit_config:/ros2_ws/install/moveit_configs_utils:/ros2_ws/install/srdfdom:/ros2_ws/install/moveit_resources_pr2_description:/ros2_ws/install/moveit_resources_panda_description:/ros2_ws/install/moveit_common:/ros2_ws/install/launch_param_builder:${AMENT_PREFIX_PATH} CMAKE_PREFIX_PATH=/ros2_ws/install/moveit_ros_planning:/ros2_ws/install/moveit_ros_occupancy_map_monitor:/ros2_ws/install/moveit_core:/ros2_ws/install/moveit_resources_panda_moveit_config:/ros2_ws/install/srdfdom:/ros2_ws/install/moveit_resources_pr2_description:/ros2_ws/install/moveit_resources_panda_description:/ros2_ws/install/moveit_common:/ros2_ws/install/ur:/ros2_ws/install/ur_calibration:/ros2_ws/install/ur_robot_driver:/ros2_ws/install/ur_bringup:/ros2_ws/install/ur_controllers:/ros2_ws/install/ur_msgs:/ros2_ws/install/ur_moveit_config:/ros2_ws/install/ur_dashboard_msgs:/opt/ros/humble LD_LIBRARY_PATH=/ros2_ws/install/moveit_ros_planning/lib:/ros2_ws/install/moveit_ros_occupancy_map_monitor/lib:/ros2_ws/install/moveit_core/lib:/ros2_ws/install/srdfdom/lib:${LD_LIBRARY_PATH} PATH=/ros2_ws/install/moveit_core/bin:${PATH} PYTHONPATH=/ros2_ws/install/moveit_configs_utils/lib/python3.10/site-packages:/ros2_ws/install/srdfdom/local/lib/python3.10/dist-packages:/ros2_ws/install/launch_param_builder/lib/python3.10/site-packages:${PYTHONPATH} /usr/bin/cmake /ros2_ws/src/moveit2/moveit_ros/robot_interaction -DCMAKE_INSTALL_PREFIX=/ros2_ws/install/moveit_ros_robot_interaction
[2.419s] Invoking command in '/ros2_ws/build/moveit_ros_robot_interaction': AMENT_PREFIX_PATH=/ros2_ws/install/moveit_ros_planning:/ros2_ws/install/moveit_ros_occupancy_map_monitor:/ros2_ws/install/moveit_core:/ros2_ws/install/moveit_resources_panda_moveit_config:/ros2_ws/install/moveit_configs_utils:/ros2_ws/install/srdfdom:/ros2_ws/install/moveit_resources_pr2_description:/ros2_ws/install/moveit_resources_panda_description:/ros2_ws/install/moveit_common:/ros2_ws/install/launch_param_builder:${AMENT_PREFIX_PATH} CMAKE_PREFIX_PATH=/ros2_ws/install/moveit_ros_planning:/ros2_ws/install/moveit_ros_occupancy_map_monitor:/ros2_ws/install/moveit_core:/ros2_ws/install/moveit_resources_panda_moveit_config:/ros2_ws/install/srdfdom:/ros2_ws/install/moveit_resources_pr2_description:/ros2_ws/install/moveit_resources_panda_description:/ros2_ws/install/moveit_common:/ros2_ws/install/ur:/ros2_ws/install/ur_calibration:/ros2_ws/install/ur_robot_driver:/ros2_ws/install/ur_bringup:/ros2_ws/install/ur_controllers:/ros2_ws/install/ur_msgs:/ros2_ws/install/ur_moveit_config:/ros2_ws/install/ur_dashboard_msgs:/opt/ros/humble LD_LIBRARY_PATH=/ros2_ws/install/moveit_ros_planning/lib:/ros2_ws/install/moveit_ros_occupancy_map_monitor/lib:/ros2_ws/install/moveit_core/lib:/ros2_ws/install/srdfdom/lib:${LD_LIBRARY_PATH} PATH=/ros2_ws/install/moveit_core/bin:${PATH} PYTHONPATH=/ros2_ws/install/moveit_configs_utils/lib/python3.10/site-packages:/ros2_ws/install/srdfdom/local/lib/python3.10/dist-packages:/ros2_ws/install/launch_param_builder/lib/python3.10/site-packages:${PYTHONPATH} /usr/bin/cmake --build /ros2_ws/build/moveit_ros_robot_interaction
[2.474s] [  7%] [32mBuilding CXX object CMakeFiles/moveit_robot_interaction.dir/src/interactive_marker_helpers.cpp.o[0m
[6.136s] [ 15%] [32mBuilding CXX object CMakeFiles/moveit_robot_interaction.dir/src/kinematic_options.cpp.o[0m
[10.724s] [ 23%] [32mBuilding CXX object CMakeFiles/moveit_robot_interaction.dir/src/kinematic_options_map.cpp.o[0m
[15.600s] [ 30%] [32mBuilding CXX object CMakeFiles/moveit_robot_interaction.dir/src/locked_robot_state.cpp.o[0m
[20.346s] [ 38%] [32mBuilding CXX object CMakeFiles/moveit_robot_interaction.dir/src/interaction_handler.cpp.o[0m
[28.220s] [ 46%] [32mBuilding CXX object CMakeFiles/moveit_robot_interaction.dir/src/robot_interaction.cpp.o[0m
[42.859s] [ 53%] [32m[1mLinking CXX shared library libmoveit_robot_interaction.so[0m
[43.114s] [ 53%] Built target moveit_robot_interaction
[43.133s] [ 61%] [32mBuilding CXX object gtest/CMakeFiles/gtest.dir/src/gtest-all.cc.o[0m
[50.584s] [ 69%] [32m[1mLinking CXX static library libgtest.a[0m
[50.621s] [ 69%] Built target gtest
[50.641s] [ 76%] [32mBuilding CXX object gtest/CMakeFiles/gtest_main.dir/src/gtest_main.cc.o[0m
[51.578s] [ 84%] [32m[1mLinking CXX static library libgtest_main.a[0m
[51.611s] [ 84%] Built target gtest_main
[51.632s] [ 92%] [32mBuilding CXX object CMakeFiles/locked_robot_state_test.dir/test/locked_robot_state_test.cpp.o[0m
[57.849s] [100%] [32m[1mLinking CXX executable locked_robot_state_test[0m
[58.165s] [100%] Built target locked_robot_state_test
[58.175s] Invoked command in '/ros2_ws/build/moveit_ros_robot_interaction' returned '0': AMENT_PREFIX_PATH=/ros2_ws/install/moveit_ros_planning:/ros2_ws/install/moveit_ros_occupancy_map_monitor:/ros2_ws/install/moveit_core:/ros2_ws/install/moveit_resources_panda_moveit_config:/ros2_ws/install/moveit_configs_utils:/ros2_ws/install/srdfdom:/ros2_ws/install/moveit_resources_pr2_description:/ros2_ws/install/moveit_resources_panda_description:/ros2_ws/install/moveit_common:/ros2_ws/install/launch_param_builder:${AMENT_PREFIX_PATH} CMAKE_PREFIX_PATH=/ros2_ws/install/moveit_ros_planning:/ros2_ws/install/moveit_ros_occupancy_map_monitor:/ros2_ws/install/moveit_core:/ros2_ws/install/moveit_resources_panda_moveit_config:/ros2_ws/install/srdfdom:/ros2_ws/install/moveit_resources_pr2_description:/ros2_ws/install/moveit_resources_panda_description:/ros2_ws/install/moveit_common:/ros2_ws/install/ur:/ros2_ws/install/ur_calibration:/ros2_ws/install/ur_robot_driver:/ros2_ws/install/ur_bringup:/ros2_ws/install/ur_controllers:/ros2_ws/install/ur_msgs:/ros2_ws/install/ur_moveit_config:/ros2_ws/install/ur_dashboard_msgs:/opt/ros/humble LD_LIBRARY_PATH=/ros2_ws/install/moveit_ros_planning/lib:/ros2_ws/install/moveit_ros_occupancy_map_monitor/lib:/ros2_ws/install/moveit_core/lib:/ros2_ws/install/srdfdom/lib:${LD_LIBRARY_PATH} PATH=/ros2_ws/install/moveit_core/bin:${PATH} PYTHONPATH=/ros2_ws/install/moveit_configs_utils/lib/python3.10/site-packages:/ros2_ws/install/srdfdom/local/lib/python3.10/dist-packages:/ros2_ws/install/launch_param_builder/lib/python3.10/site-packages:${PYTHONPATH} /usr/bin/cmake --build /ros2_ws/build/moveit_ros_robot_interaction
[58.177s] Invoking command in '/ros2_ws/build/moveit_ros_robot_interaction': AMENT_PREFIX_PATH=/ros2_ws/install/moveit_ros_planning:/ros2_ws/install/moveit_ros_occupancy_map_monitor:/ros2_ws/install/moveit_core:/ros2_ws/install/moveit_resources_panda_moveit_config:/ros2_ws/install/moveit_configs_utils:/ros2_ws/install/srdfdom:/ros2_ws/install/moveit_resources_pr2_description:/ros2_ws/install/moveit_resources_panda_description:/ros2_ws/install/moveit_common:/ros2_ws/install/launch_param_builder:${AMENT_PREFIX_PATH} CMAKE_PREFIX_PATH=/ros2_ws/install/moveit_ros_planning:/ros2_ws/install/moveit_ros_occupancy_map_monitor:/ros2_ws/install/moveit_core:/ros2_ws/install/moveit_resources_panda_moveit_config:/ros2_ws/install/srdfdom:/ros2_ws/install/moveit_resources_pr2_description:/ros2_ws/install/moveit_resources_panda_description:/ros2_ws/install/moveit_common:/ros2_ws/install/ur:/ros2_ws/install/ur_calibration:/ros2_ws/install/ur_robot_driver:/ros2_ws/install/ur_bringup:/ros2_ws/install/ur_controllers:/ros2_ws/install/ur_msgs:/ros2_ws/install/ur_moveit_config:/ros2_ws/install/ur_dashboard_msgs:/opt/ros/humble LD_LIBRARY_PATH=/ros2_ws/install/moveit_ros_planning/lib:/ros2_ws/install/moveit_ros_occupancy_map_monitor/lib:/ros2_ws/install/moveit_core/lib:/ros2_ws/install/srdfdom/lib:${LD_LIBRARY_PATH} PATH=/ros2_ws/install/moveit_core/bin:${PATH} PYTHONPATH=/ros2_ws/install/moveit_configs_utils/lib/python3.10/site-packages:/ros2_ws/install/srdfdom/local/lib/python3.10/dist-packages:/ros2_ws/install/launch_param_builder/lib/python3.10/site-packages:${PYTHONPATH} /usr/bin/cmake --install /ros2_ws/build/moveit_ros_robot_interaction
[58.184s] -- Install configuration: "Release"
[58.184s] -- Installing: /ros2_ws/install/moveit_ros_robot_interaction/lib/libmoveit_robot_interaction.so.2.5.7
[58.186s] -- Set runtime path of "/ros2_ws/install/moveit_ros_robot_interaction/lib/libmoveit_robot_interaction.so.2.5.7" to ""
[58.186s] -- Installing: /ros2_ws/install/moveit_ros_robot_interaction/lib/libmoveit_robot_interaction.so
[58.186s] -- Installing: /ros2_ws/install/moveit_ros_robot_interaction/include
[58.186s] -- Installing: /ros2_ws/install/moveit_ros_robot_interaction/include/moveit
[58.186s] -- Installing: /ros2_ws/install/moveit_ros_robot_interaction/include/moveit/robot_interaction
[58.186s] -- Installing: /ros2_ws/install/moveit_ros_robot_interaction/include/moveit/robot_interaction/kinematic_options_map.h
[58.186s] -- Installing: /ros2_ws/install/moveit_ros_robot_interaction/include/moveit/robot_interaction/interactive_marker_helpers.h
[58.186s] -- Installing: /ros2_ws/install/moveit_ros_robot_interaction/include/moveit/robot_interaction/interaction.h
[58.186s] -- Installing: /ros2_ws/install/moveit_ros_robot_interaction/include/moveit/robot_interaction/interaction_handler.h
[58.186s] -- Installing: /ros2_ws/install/moveit_ros_robot_interaction/include/moveit/robot_interaction/robot_interaction.h
[58.186s] -- Installing: /ros2_ws/install/moveit_ros_robot_interaction/include/moveit/robot_interaction/kinematic_options.h
[58.186s] -- Installing: /ros2_ws/install/moveit_ros_robot_interaction/include/moveit/robot_interaction/locked_robot_state.h
[58.187s] -- Installing: /ros2_ws/install/moveit_ros_robot_interaction/include/moveit_robot_interaction_export.h
[58.187s] -- Installing: /ros2_ws/install/moveit_ros_robot_interaction/share/moveit_ros_robot_interaction/resources
[58.187s] -- Installing: /ros2_ws/install/moveit_ros_robot_interaction/share/moveit_ros_robot_interaction/resources/access-denied.dae
[58.187s] -- Installing: /ros2_ws/install/moveit_ros_robot_interaction/share/moveit_ros_robot_interaction/resources/access-denied.stl
[58.187s] -- Installing: /ros2_ws/install/moveit_ros_robot_interaction/share/moveit_ros_robot_interaction/environment/library_path.sh
[58.187s] -- Installing: /ros2_ws/install/moveit_ros_robot_interaction/share/moveit_ros_robot_interaction/environment/library_path.dsv
[58.187s] -- Installing: /ros2_ws/install/moveit_ros_robot_interaction/share/ament_index/resource_index/package_run_dependencies/moveit_ros_robot_interaction
[58.188s] -- Installing: /ros2_ws/install/moveit_ros_robot_interaction/share/ament_index/resource_index/parent_prefix_path/moveit_ros_robot_interaction
[58.188s] -- Installing: /ros2_ws/install/moveit_ros_robot_interaction/share/moveit_ros_robot_interaction/environment/ament_prefix_path.sh
[58.188s] -- Installing: /ros2_ws/install/moveit_ros_robot_interaction/share/moveit_ros_robot_interaction/environment/ament_prefix_path.dsv
[58.188s] -- Installing: /ros2_ws/install/moveit_ros_robot_interaction/share/moveit_ros_robot_interaction/environment/path.sh
[58.188s] -- Installing: /ros2_ws/install/moveit_ros_robot_interaction/share/moveit_ros_robot_interaction/environment/path.dsv
[58.188s] -- Installing: /ros2_ws/install/moveit_ros_robot_interaction/share/moveit_ros_robot_interaction/local_setup.bash
[58.188s] -- Installing: /ros2_ws/install/moveit_ros_robot_interaction/share/moveit_ros_robot_interaction/local_setup.sh
[58.188s] -- Installing: /ros2_ws/install/moveit_ros_robot_interaction/share/moveit_ros_robot_interaction/local_setup.zsh
[58.188s] -- Installing: /ros2_ws/install/moveit_ros_robot_interaction/share/moveit_ros_robot_interaction/local_setup.dsv
[58.189s] -- Installing: /ros2_ws/install/moveit_ros_robot_interaction/share/moveit_ros_robot_interaction/package.dsv
[58.189s] -- Installing: /ros2_ws/install/moveit_ros_robot_interaction/share/ament_index/resource_index/packages/moveit_ros_robot_interaction
[58.189s] -- Installing: /ros2_ws/install/moveit_ros_robot_interaction/share/moveit_ros_robot_interaction/cmake/export_moveit_ros_robot_interactionExport.cmake
[58.189s] -- Installing: /ros2_ws/install/moveit_ros_robot_interaction/share/moveit_ros_robot_interaction/cmake/export_moveit_ros_robot_interactionExport-release.cmake
[58.189s] -- Installing: /ros2_ws/install/moveit_ros_robot_interaction/share/moveit_ros_robot_interaction/cmake/ament_cmake_export_targets-extras.cmake
[58.189s] -- Installing: /ros2_ws/install/moveit_ros_robot_interaction/share/moveit_ros_robot_interaction/cmake/ament_cmake_export_dependencies-extras.cmake
[58.190s] -- Installing: /ros2_ws/install/moveit_ros_robot_interaction/share/moveit_ros_robot_interaction/cmake/moveit_ros_robot_interactionConfig.cmake
[58.190s] -- Installing: /ros2_ws/install/moveit_ros_robot_interaction/share/moveit_ros_robot_interaction/cmake/moveit_ros_robot_interactionConfig-version.cmake
[58.190s] -- Installing: /ros2_ws/install/moveit_ros_robot_interaction/share/moveit_ros_robot_interaction/package.xml
[58.192s] Invoked command in '/ros2_ws/build/moveit_ros_robot_interaction' returned '0': AMENT_PREFIX_PATH=/ros2_ws/install/moveit_ros_planning:/ros2_ws/install/moveit_ros_occupancy_map_monitor:/ros2_ws/install/moveit_core:/ros2_ws/install/moveit_resources_panda_moveit_config:/ros2_ws/install/moveit_configs_utils:/ros2_ws/install/srdfdom:/ros2_ws/install/moveit_resources_pr2_description:/ros2_ws/install/moveit_resources_panda_description:/ros2_ws/install/moveit_common:/ros2_ws/install/launch_param_builder:${AMENT_PREFIX_PATH} CMAKE_PREFIX_PATH=/ros2_ws/install/moveit_ros_planning:/ros2_ws/install/moveit_ros_occupancy_map_monitor:/ros2_ws/install/moveit_core:/ros2_ws/install/moveit_resources_panda_moveit_config:/ros2_ws/install/srdfdom:/ros2_ws/install/moveit_resources_pr2_description:/ros2_ws/install/moveit_resources_panda_description:/ros2_ws/install/moveit_common:/ros2_ws/install/ur:/ros2_ws/install/ur_calibration:/ros2_ws/install/ur_robot_driver:/ros2_ws/install/ur_bringup:/ros2_ws/install/ur_controllers:/ros2_ws/install/ur_msgs:/ros2_ws/install/ur_moveit_config:/ros2_ws/install/ur_dashboard_msgs:/opt/ros/humble LD_LIBRARY_PATH=/ros2_ws/install/moveit_ros_planning/lib:/ros2_ws/install/moveit_ros_occupancy_map_monitor/lib:/ros2_ws/install/moveit_core/lib:/ros2_ws/install/srdfdom/lib:${LD_LIBRARY_PATH} PATH=/ros2_ws/install/moveit_core/bin:${PATH} PYTHONPATH=/ros2_ws/install/moveit_configs_utils/lib/python3.10/site-packages:/ros2_ws/install/srdfdom/local/lib/python3.10/dist-packages:/ros2_ws/install/launch_param_builder/lib/python3.10/site-packages:${PYTHONPATH} /usr/bin/cmake --install /ros2_ws/build/moveit_ros_robot_interaction
