[0.086s] Invoking command in '/ros2_ws/build/moveit_resources': AMENT_PREFIX_PATH=/ros2_ws/install/moveit_resources_panda_moveit_config:/ros2_ws/install/moveit_resources_fanuc_moveit_config:/ros2_ws/install/moveit_resources_pr2_description:/ros2_ws/install/moveit_resources_panda_description:/ros2_ws/install/moveit_resources_fanuc_description:${AMENT_PREFIX_PATH} CMAKE_PREFIX_PATH=/ros2_ws/install/moveit_resources_panda_moveit_config:/ros2_ws/install/moveit_resources_fanuc_moveit_config:/ros2_ws/install/moveit_resources_pr2_description:/ros2_ws/install/moveit_resources_panda_description:/ros2_ws/install/moveit_resources_fanuc_description:/opt/ros/humble /usr/bin/cmake --build /ros2_ws/build/moveit_resources -- -j8 -l8
[0.264s] Invoked command in '/ros2_ws/build/moveit_resources' returned '0': AMENT_PREFIX_PATH=/ros2_ws/install/moveit_resources_panda_moveit_config:/ros2_ws/install/moveit_resources_fanuc_moveit_config:/ros2_ws/install/moveit_resources_pr2_description:/ros2_ws/install/moveit_resources_panda_description:/ros2_ws/install/moveit_resources_fanuc_description:${AMENT_PREFIX_PATH} CMAKE_PREFIX_PATH=/ros2_ws/install/moveit_resources_panda_moveit_config:/ros2_ws/install/moveit_resources_fanuc_moveit_config:/ros2_ws/install/moveit_resources_pr2_description:/ros2_ws/install/moveit_resources_panda_description:/ros2_ws/install/moveit_resources_fanuc_description:/opt/ros/humble /usr/bin/cmake --build /ros2_ws/build/moveit_resources -- -j8 -l8
[0.267s] Invoking command in '/ros2_ws/build/moveit_resources': AMENT_PREFIX_PATH=/ros2_ws/install/moveit_resources_panda_moveit_config:/ros2_ws/install/moveit_resources_fanuc_moveit_config:/ros2_ws/install/moveit_resources_pr2_description:/ros2_ws/install/moveit_resources_panda_description:/ros2_ws/install/moveit_resources_fanuc_description:${AMENT_PREFIX_PATH} CMAKE_PREFIX_PATH=/ros2_ws/install/moveit_resources_panda_moveit_config:/ros2_ws/install/moveit_resources_fanuc_moveit_config:/ros2_ws/install/moveit_resources_pr2_description:/ros2_ws/install/moveit_resources_panda_description:/ros2_ws/install/moveit_resources_fanuc_description:/opt/ros/humble /usr/bin/cmake --install /ros2_ws/build/moveit_resources
[0.279s] -- Install configuration: ""
[0.279s] -- Up-to-date: /ros2_ws/install/moveit_resources/share/ament_index/resource_index/package_run_dependencies/moveit_resources
[0.279s] -- Up-to-date: /ros2_ws/install/moveit_resources/share/ament_index/resource_index/parent_prefix_path/moveit_resources
[0.280s] -- Up-to-date: /ros2_ws/install/moveit_resources/share/moveit_resources/environment/ament_prefix_path.sh
[0.280s] -- Up-to-date: /ros2_ws/install/moveit_resources/share/moveit_resources/environment/ament_prefix_path.dsv
[0.280s] -- Up-to-date: /ros2_ws/install/moveit_resources/share/moveit_resources/environment/path.sh
[0.280s] -- Up-to-date: /ros2_ws/install/moveit_resources/share/moveit_resources/environment/path.dsv
[0.280s] -- Up-to-date: /ros2_ws/install/moveit_resources/share/moveit_resources/local_setup.bash
[0.280s] -- Up-to-date: /ros2_ws/install/moveit_resources/share/moveit_resources/local_setup.sh
[0.282s] -- Up-to-date: /ros2_ws/install/moveit_resources/share/moveit_resources/local_setup.zsh
[0.282s] -- Up-to-date: /ros2_ws/install/moveit_resources/share/moveit_resources/local_setup.dsv
[0.282s] -- Installing: /ros2_ws/install/moveit_resources/share/moveit_resources/package.dsv
[0.283s] -- Up-to-date: /ros2_ws/install/moveit_resources/share/ament_index/resource_index/packages/moveit_resources
[0.284s] -- Up-to-date: /ros2_ws/install/moveit_resources/share/moveit_resources/cmake/moveit_resourcesConfig.cmake
[0.284s] -- Up-to-date: /ros2_ws/install/moveit_resources/share/moveit_resources/cmake/moveit_resourcesConfig-version.cmake
[0.284s] -- Up-to-date: /ros2_ws/install/moveit_resources/share/moveit_resources/package.xml
[0.290s] Invoked command in '/ros2_ws/build/moveit_resources' returned '0': AMENT_PREFIX_PATH=/ros2_ws/install/moveit_resources_panda_moveit_config:/ros2_ws/install/moveit_resources_fanuc_moveit_config:/ros2_ws/install/moveit_resources_pr2_description:/ros2_ws/install/moveit_resources_panda_description:/ros2_ws/install/moveit_resources_fanuc_description:${AMENT_PREFIX_PATH} CMAKE_PREFIX_PATH=/ros2_ws/install/moveit_resources_panda_moveit_config:/ros2_ws/install/moveit_resources_fanuc_moveit_config:/ros2_ws/install/moveit_resources_pr2_description:/ros2_ws/install/moveit_resources_panda_description:/ros2_ws/install/moveit_resources_fanuc_description:/opt/ros/humble /usr/bin/cmake --install /ros2_ws/build/moveit_resources
