[0.012s] Invoking command in '/ros2_ws/build/ur_msgs': CMAKE_PREFIX_PATH=${CMAKE_PREFIX_PATH}:/opt/ros/humble /usr/bin/cmake /ros2_ws/src/ur_msgs -DCMAKE_BUILD_TYPE=Release -DCMAKE_INSTALL_PREFIX=/ros2_ws/install/ur_msgs
[0.069s] -- The C compiler identification is GNU 11.4.0
[0.122s] -- The CXX compiler identification is GNU 11.4.0
[0.130s] -- Detecting C compiler ABI info
[0.194s] -- Detecting C compiler ABI info - done
[0.204s] -- Check for working C compiler: /usr/bin/cc - skipped
[0.204s] -- Detecting C compile features
[0.205s] -- Detecting C compile features - done
[0.207s] -- Detecting CXX compiler ABI info
[0.280s] -- Detecting CXX compiler ABI info - done
[0.287s] -- Check for working CXX compiler: /usr/bin/c++ - skipped
[0.288s] -- Detecting CXX compile features
[0.288s] -- Detecting CXX compile features - done
[0.291s] -- Found ament_cmake: 1.3.11 (/opt/ros/humble/share/ament_cmake/cmake)
[0.434s] -- Found Python3: /usr/bin/python3 (found version "3.10.12") found components: Interpreter 
[0.531s] -- Found builtin_interfaces: 1.2.1 (/opt/ros/humble/share/builtin_interfaces/cmake)
[0.573s] -- Found rosidl_generator_c: 3.1.6 (/opt/ros/humble/share/rosidl_generator_c/cmake)
[0.579s] -- Found rosidl_adapter: 3.1.6 (/opt/ros/humble/share/rosidl_adapter/cmake)
[0.588s] -- Found rosidl_generator_cpp: 3.1.6 (/opt/ros/humble/share/rosidl_generator_cpp/cmake)
[0.600s] -- Using all available rosidl_typesupport_c: rosidl_typesupport_fastrtps_c;rosidl_typesupport_introspection_c
[0.617s] -- Using all available rosidl_typesupport_cpp: rosidl_typesupport_fastrtps_cpp;rosidl_typesupport_introspection_cpp
[0.633s] -- Found rosidl_default_generators: 1.2.0 (/opt/ros/humble/share/rosidl_default_generators/cmake)
[0.643s] -- Found geometry_msgs: 4.2.4 (/opt/ros/humble/share/geometry_msgs/cmake)
[0.672s] -- Found ament_lint_auto: 0.12.11 (/opt/ros/humble/share/ament_lint_auto/cmake)
[1.066s] -- Found ament_cmake_ros: 0.10.0 (/opt/ros/humble/share/ament_cmake_ros/cmake)
[1.478s] -- Using all available rosidl_typesupport_c: rosidl_typesupport_fastrtps_c;rosidl_typesupport_introspection_c
[1.633s] -- Using all available rosidl_typesupport_cpp: rosidl_typesupport_fastrtps_cpp;rosidl_typesupport_introspection_cpp
[1.659s] -- Found PythonInterp: /usr/bin/python3 (found suitable version "3.10.12", minimum required is "3.6") 
[1.661s] -- Found python_cmake_module: 0.10.0 (/opt/ros/humble/share/python_cmake_module/cmake)
[1.685s] -- Found PythonLibs: /usr/lib/x86_64-linux-gnu/libpython3.10.so (found suitable version "3.10.12", minimum required is "3.5") 
[1.685s] -- Using PYTHON_EXECUTABLE: /usr/bin/python3
[1.686s] -- Using PYTHON_INCLUDE_DIRS: /usr/include/python3.10
[1.686s] -- Using PYTHON_LIBRARIES: /usr/lib/x86_64-linux-gnu/libpython3.10.so
[1.707s] -- Found PythonExtra: .so  
[1.775s] -- Added test 'copyright' to check source files copyright and LICENSE
[1.783s] -- Added test 'lint_cmake' to check CMake code style
[1.788s] -- Added test 'xmllint' to check XML markup files
[1.792s] -- Configuring done
[1.848s] -- Generating done
[1.862s] -- Build files have been written to: /ros2_ws/build/ur_msgs
[1.871s] Invoked command in '/ros2_ws/build/ur_msgs' returned '0': CMAKE_PREFIX_PATH=${CMAKE_PREFIX_PATH}:/opt/ros/humble /usr/bin/cmake /ros2_ws/src/ur_msgs -DCMAKE_BUILD_TYPE=Release -DCMAKE_INSTALL_PREFIX=/ros2_ws/install/ur_msgs
[1.873s] Invoking command in '/ros2_ws/build/ur_msgs': CMAKE_PREFIX_PATH=${CMAKE_PREFIX_PATH}:/opt/ros/humble /usr/bin/cmake --build /ros2_ws/build/ur_msgs -- -j8 -l8
[1.919s] [  1%] [34m[1mGenerating C code for ROS interfaces[0m
[1.927s] [  1%] [34m[1mGenerating C++ code for ROS interfaces[0m
[1.940s] [  1%] Built target ament_cmake_python_copy_ur_msgs
[2.317s] running egg_info
[2.318s] creating ur_msgs.egg-info
[2.318s] writing ur_msgs.egg-info/PKG-INFO
[2.318s] writing dependency_links to ur_msgs.egg-info/dependency_links.txt
[2.318s] writing top-level names to ur_msgs.egg-info/top_level.txt
[2.319s] writing manifest file 'ur_msgs.egg-info/SOURCES.txt'
[2.321s] reading manifest file 'ur_msgs.egg-info/SOURCES.txt'
[2.322s] writing manifest file 'ur_msgs.egg-info/SOURCES.txt'
[2.359s] [  1%] Built target ament_cmake_python_build_ur_msgs_egg
[4.350s] [  3%] [32mBuilding C object CMakeFiles/ur_msgs__rosidl_generator_c.dir/rosidl_generator_c/ur_msgs/msg/detail/io_states__functions.c.o[0m
[4.350s] [  3%] [32mBuilding C object CMakeFiles/ur_msgs__rosidl_generator_c.dir/rosidl_generator_c/ur_msgs/msg/detail/digital__functions.c.o[0m
[4.363s] [  3%] [32mBuilding C object CMakeFiles/ur_msgs__rosidl_generator_c.dir/rosidl_generator_c/ur_msgs/msg/detail/analog__functions.c.o[0m
[4.375s] [  4%] [32mBuilding C object CMakeFiles/ur_msgs__rosidl_generator_c.dir/rosidl_generator_c/ur_msgs/msg/detail/robot_state_rt_msg__functions.c.o[0m
[4.388s] [  5%] [32mBuilding C object CMakeFiles/ur_msgs__rosidl_generator_c.dir/rosidl_generator_c/ur_msgs/msg/detail/masterboard_data_msg__functions.c.o[0m
[4.402s] [  6%] [32mBuilding C object CMakeFiles/ur_msgs__rosidl_generator_c.dir/rosidl_generator_c/ur_msgs/msg/detail/robot_mode_data_msg__functions.c.o[0m
[4.417s] [  6%] [32mBuilding C object CMakeFiles/ur_msgs__rosidl_generator_c.dir/rosidl_generator_c/ur_msgs/msg/detail/tool_data_msg__functions.c.o[0m
[4.520s] [  7%] [32mBuilding C object CMakeFiles/ur_msgs__rosidl_generator_c.dir/rosidl_generator_c/ur_msgs/srv/detail/set_analog_output__functions.c.o[0m
[4.616s] [  8%] [32mBuilding C object CMakeFiles/ur_msgs__rosidl_generator_c.dir/rosidl_generator_c/ur_msgs/srv/detail/set_payload__functions.c.o[0m
[4.616s] [  9%] [32mBuilding C object CMakeFiles/ur_msgs__rosidl_generator_c.dir/rosidl_generator_c/ur_msgs/srv/detail/set_io__functions.c.o[0m
[4.617s] [ 10%] [32mBuilding C object CMakeFiles/ur_msgs__rosidl_generator_c.dir/rosidl_generator_c/ur_msgs/srv/detail/set_speed_slider_fraction__functions.c.o[0m
[4.664s] [ 10%] [32mBuilding C object CMakeFiles/ur_msgs__rosidl_generator_c.dir/rosidl_generator_c/ur_msgs/srv/detail/get_robot_software_version__functions.c.o[0m
[4.670s] [ 11%] Built target ur_msgs__cpp
[4.674s] [ 11%] [32mBuilding C object CMakeFiles/ur_msgs__rosidl_generator_c.dir/rosidl_generator_c/ur_msgs/srv/detail/set_force_mode__functions.c.o[0m
[4.707s] [ 12%] [34m[1mGenerating C++ type support dispatch for ROS interfaces[0m
[4.709s] [ 13%] [34m[1mGenerating C++ type support for eProsima Fast-RTPS[0m
[4.846s] [ 13%] [34m[1mGenerating C++ introspection for ROS interfaces[0m
[5.108s] [ 14%] [32m[1mLinking C shared library libur_msgs__rosidl_generator_c.so[0m
[5.229s] [ 14%] Built target ur_msgs__rosidl_generator_c
[5.269s] [ 15%] [34m[1mGenerating C type support dispatch for ROS interfaces[0m
[5.275s] [ 16%] [34m[1mGenerating C type support for eProsima Fast-RTPS[0m
[5.275s] [ 17%] [34m[1mGenerating C introspection for ROS interfaces[0m
[9.047s] [ 18%] [32mBuilding CXX object CMakeFiles/ur_msgs__rosidl_typesupport_fastrtps_c.dir/rosidl_typesupport_fastrtps_c/ur_msgs/msg/detail/analog__type_support_c.cpp.o[0m
[9.050s] [ 18%] [32mBuilding CXX object CMakeFiles/ur_msgs__rosidl_typesupport_fastrtps_c.dir/rosidl_typesupport_fastrtps_c/ur_msgs/msg/detail/digital__type_support_c.cpp.o[0m
[9.060s] [ 19%] [32mBuilding CXX object CMakeFiles/ur_msgs__rosidl_typesupport_fastrtps_c.dir/rosidl_typesupport_fastrtps_c/ur_msgs/msg/detail/io_states__type_support_c.cpp.o[0m
[9.147s] [ 20%] [32mBuilding CXX object CMakeFiles/ur_msgs__rosidl_typesupport_cpp.dir/rosidl_typesupport_cpp/ur_msgs/msg/analog__type_support.cpp.o[0m
[9.801s] [ 21%] [32mBuilding CXX object CMakeFiles/ur_msgs__rosidl_typesupport_fastrtps_c.dir/rosidl_typesupport_fastrtps_c/ur_msgs/msg/detail/robot_state_rt_msg__type_support_c.cpp.o[0m
[9.946s] [ 21%] [32mBuilding CXX object CMakeFiles/ur_msgs__rosidl_typesupport_c.dir/rosidl_typesupport_c/ur_msgs/msg/analog__type_support.cpp.o[0m
[10.045s] [ 22%] [32mBuilding CXX object CMakeFiles/ur_msgs__rosidl_typesupport_c.dir/rosidl_typesupport_c/ur_msgs/msg/digital__type_support.cpp.o[0m
[10.156s] [ 23%] [32mBuilding CXX object CMakeFiles/ur_msgs__rosidl_typesupport_c.dir/rosidl_typesupport_c/ur_msgs/msg/io_states__type_support.cpp.o[0m
[10.265s] [ 24%] [32mBuilding CXX object CMakeFiles/ur_msgs__rosidl_typesupport_c.dir/rosidl_typesupport_c/ur_msgs/msg/robot_state_rt_msg__type_support.cpp.o[0m
[10.332s] [ 25%] [32mBuilding CXX object CMakeFiles/ur_msgs__rosidl_typesupport_cpp.dir/rosidl_typesupport_cpp/ur_msgs/msg/digital__type_support.cpp.o[0m
[10.406s] [ 26%] [32mBuilding CXX object CMakeFiles/ur_msgs__rosidl_typesupport_c.dir/rosidl_typesupport_c/ur_msgs/msg/masterboard_data_msg__type_support.cpp.o[0m
[10.448s] [ 26%] [32mBuilding CXX object CMakeFiles/ur_msgs__rosidl_typesupport_c.dir/rosidl_typesupport_c/ur_msgs/msg/robot_mode_data_msg__type_support.cpp.o[0m
[10.540s] [ 26%] [32mBuilding CXX object CMakeFiles/ur_msgs__rosidl_typesupport_cpp.dir/rosidl_typesupport_cpp/ur_msgs/msg/io_states__type_support.cpp.o[0m
[10.553s] [ 27%] [32mBuilding CXX object CMakeFiles/ur_msgs__rosidl_typesupport_cpp.dir/rosidl_typesupport_cpp/ur_msgs/msg/robot_state_rt_msg__type_support.cpp.o[0m
[10.568s] [ 28%] [32mBuilding CXX object CMakeFiles/ur_msgs__rosidl_typesupport_c.dir/rosidl_typesupport_c/ur_msgs/msg/tool_data_msg__type_support.cpp.o[0m
[10.628s] [ 29%] [32mBuilding CXX object CMakeFiles/ur_msgs__rosidl_typesupport_introspection_cpp.dir/rosidl_typesupport_introspection_cpp/ur_msgs/msg/detail/analog__type_support.cpp.o[0m
[10.671s] [ 30%] [32mBuilding CXX object CMakeFiles/ur_msgs__rosidl_typesupport_c.dir/rosidl_typesupport_c/ur_msgs/srv/set_analog_output__type_support.cpp.o[0m
[10.679s] [ 31%] [32mBuilding CXX object CMakeFiles/ur_msgs__rosidl_typesupport_fastrtps_cpp.dir/rosidl_typesupport_fastrtps_cpp/ur_msgs/msg/detail/dds_fastrtps/analog__type_support.cpp.o[0m
[10.831s] [ 32%] [32mBuilding CXX object CMakeFiles/ur_msgs__rosidl_typesupport_c.dir/rosidl_typesupport_c/ur_msgs/srv/set_payload__type_support.cpp.o[0m
[10.962s] [ 33%] [32mBuilding CXX object CMakeFiles/ur_msgs__rosidl_typesupport_c.dir/rosidl_typesupport_c/ur_msgs/srv/set_speed_slider_fraction__type_support.cpp.o[0m
[11.082s] [ 33%] [32mBuilding CXX object CMakeFiles/ur_msgs__rosidl_typesupport_c.dir/rosidl_typesupport_c/ur_msgs/srv/set_io__type_support.cpp.o[0m
[11.085s] [ 34%] [32mBuilding C object CMakeFiles/ur_msgs__rosidl_typesupport_introspection_c.dir/rosidl_typesupport_introspection_c/ur_msgs/msg/detail/analog__type_support.c.o[0m
[11.175s] [ 35%] [32mBuilding CXX object CMakeFiles/ur_msgs__rosidl_typesupport_c.dir/rosidl_typesupport_c/ur_msgs/srv/get_robot_software_version__type_support.cpp.o[0m
[11.191s] [ 36%] [32mBuilding C object CMakeFiles/ur_msgs__rosidl_typesupport_introspection_c.dir/rosidl_typesupport_introspection_c/ur_msgs/msg/detail/digital__type_support.c.o[0m
[11.240s] [ 37%] [32mBuilding CXX object CMakeFiles/ur_msgs__rosidl_typesupport_cpp.dir/rosidl_typesupport_cpp/ur_msgs/msg/masterboard_data_msg__type_support.cpp.o[0m
[11.254s] [ 38%] [32mBuilding CXX object CMakeFiles/ur_msgs__rosidl_typesupport_fastrtps_c.dir/rosidl_typesupport_fastrtps_c/ur_msgs/msg/detail/masterboard_data_msg__type_support_c.cpp.o[0m
[11.289s] [ 39%] [32mBuilding CXX object CMakeFiles/ur_msgs__rosidl_typesupport_c.dir/rosidl_typesupport_c/ur_msgs/srv/set_force_mode__type_support.cpp.o[0m
[11.334s] [ 39%] [32mBuilding C object CMakeFiles/ur_msgs__rosidl_typesupport_introspection_c.dir/rosidl_typesupport_introspection_c/ur_msgs/msg/detail/io_states__type_support.c.o[0m
[11.395s] [ 40%] [32m[1mLinking CXX shared library libur_msgs__rosidl_typesupport_c.so[0m
[11.508s] [ 40%] Built target ur_msgs__rosidl_typesupport_c
[11.544s] [ 41%] [32mBuilding CXX object CMakeFiles/ur_msgs__rosidl_typesupport_fastrtps_c.dir/rosidl_typesupport_fastrtps_c/ur_msgs/msg/detail/robot_mode_data_msg__type_support_c.cpp.o[0m
[11.572s] [ 42%] [32mBuilding CXX object CMakeFiles/ur_msgs__rosidl_typesupport_introspection_cpp.dir/rosidl_typesupport_introspection_cpp/ur_msgs/msg/detail/digital__type_support.cpp.o[0m
[11.577s] [ 43%] [32mBuilding C object CMakeFiles/ur_msgs__rosidl_typesupport_introspection_c.dir/rosidl_typesupport_introspection_c/ur_msgs/msg/detail/robot_state_rt_msg__type_support.c.o[0m
[11.753s] [ 44%] [32mBuilding CXX object CMakeFiles/ur_msgs__rosidl_typesupport_fastrtps_cpp.dir/rosidl_typesupport_fastrtps_cpp/ur_msgs/msg/detail/dds_fastrtps/digital__type_support.cpp.o[0m
[12.004s] [ 45%] [32mBuilding CXX object CMakeFiles/ur_msgs__rosidl_typesupport_introspection_cpp.dir/rosidl_typesupport_introspection_cpp/ur_msgs/msg/detail/io_states__type_support.cpp.o[0m
[12.069s] [ 46%] [32mBuilding CXX object CMakeFiles/ur_msgs__rosidl_typesupport_fastrtps_cpp.dir/rosidl_typesupport_fastrtps_cpp/ur_msgs/msg/detail/dds_fastrtps/io_states__type_support.cpp.o[0m
[12.086s] [ 47%] [32mBuilding C object CMakeFiles/ur_msgs__rosidl_typesupport_introspection_c.dir/rosidl_typesupport_introspection_c/ur_msgs/msg/detail/masterboard_data_msg__type_support.c.o[0m
[12.105s] [ 48%] [32mBuilding CXX object CMakeFiles/ur_msgs__rosidl_typesupport_cpp.dir/rosidl_typesupport_cpp/ur_msgs/msg/robot_mode_data_msg__type_support.cpp.o[0m
[12.281s] [ 49%] [32mBuilding C object CMakeFiles/ur_msgs__rosidl_typesupport_introspection_c.dir/rosidl_typesupport_introspection_c/ur_msgs/msg/detail/robot_mode_data_msg__type_support.c.o[0m
[12.408s] [ 50%] [32mBuilding CXX object CMakeFiles/ur_msgs__rosidl_typesupport_introspection_cpp.dir/rosidl_typesupport_introspection_cpp/ur_msgs/msg/detail/robot_state_rt_msg__type_support.cpp.o[0m
[12.463s] [ 51%] [32mBuilding C object CMakeFiles/ur_msgs__rosidl_typesupport_introspection_c.dir/rosidl_typesupport_introspection_c/ur_msgs/msg/detail/tool_data_msg__type_support.c.o[0m
[12.622s] [ 51%] [32mBuilding C object CMakeFiles/ur_msgs__rosidl_typesupport_introspection_c.dir/rosidl_typesupport_introspection_c/ur_msgs/srv/detail/set_analog_output__type_support.c.o[0m
[12.629s] [ 51%] [32mBuilding CXX object CMakeFiles/ur_msgs__rosidl_typesupport_fastrtps_c.dir/rosidl_typesupport_fastrtps_c/ur_msgs/msg/detail/tool_data_msg__type_support_c.cpp.o[0m
[12.824s] [ 52%] [32mBuilding C object CMakeFiles/ur_msgs__rosidl_typesupport_introspection_c.dir/rosidl_typesupport_introspection_c/ur_msgs/srv/detail/set_payload__type_support.c.o[0m
[12.996s] [ 53%] [32mBuilding C object CMakeFiles/ur_msgs__rosidl_typesupport_introspection_c.dir/rosidl_typesupport_introspection_c/ur_msgs/srv/detail/set_speed_slider_fraction__type_support.c.o[0m
[13.076s] [ 54%] [32mBuilding C object CMakeFiles/ur_msgs__rosidl_typesupport_introspection_c.dir/rosidl_typesupport_introspection_c/ur_msgs/srv/detail/set_io__type_support.c.o[0m
[13.122s] [ 55%] [32mBuilding CXX object CMakeFiles/ur_msgs__rosidl_typesupport_cpp.dir/rosidl_typesupport_cpp/ur_msgs/msg/tool_data_msg__type_support.cpp.o[0m
[13.208s] [ 55%] [32mBuilding CXX object CMakeFiles/ur_msgs__rosidl_typesupport_cpp.dir/rosidl_typesupport_cpp/ur_msgs/srv/set_analog_output__type_support.cpp.o[0m
[13.209s] [ 56%] [32mBuilding CXX object CMakeFiles/ur_msgs__rosidl_typesupport_fastrtps_c.dir/rosidl_typesupport_fastrtps_c/ur_msgs/srv/detail/set_analog_output__type_support_c.cpp.o[0m
[13.209s] [ 57%] [32mBuilding C object CMakeFiles/ur_msgs__rosidl_typesupport_introspection_c.dir/rosidl_typesupport_introspection_c/ur_msgs/srv/detail/get_robot_software_version__type_support.c.o[0m
[13.296s] [ 57%] [32mBuilding CXX object CMakeFiles/ur_msgs__rosidl_typesupport_fastrtps_cpp.dir/rosidl_typesupport_fastrtps_cpp/ur_msgs/msg/detail/dds_fastrtps/robot_state_rt_msg__type_support.cpp.o[0m
[13.358s] [ 57%] [32mBuilding C object CMakeFiles/ur_msgs__rosidl_typesupport_introspection_c.dir/rosidl_typesupport_introspection_c/ur_msgs/srv/detail/set_force_mode__type_support.c.o[0m
[13.501s] [ 58%] [32m[1mLinking C shared library libur_msgs__rosidl_typesupport_introspection_c.so[0m
[13.611s] [ 58%] Built target ur_msgs__rosidl_typesupport_introspection_c
[13.640s] [ 59%] [32mBuilding CXX object CMakeFiles/ur_msgs__rosidl_typesupport_fastrtps_cpp.dir/rosidl_typesupport_fastrtps_cpp/ur_msgs/msg/detail/dds_fastrtps/masterboard_data_msg__type_support.cpp.o[0m
[13.693s] [ 60%] [32mBuilding CXX object CMakeFiles/ur_msgs__rosidl_typesupport_fastrtps_c.dir/rosidl_typesupport_fastrtps_c/ur_msgs/srv/detail/set_payload__type_support_c.cpp.o[0m
[14.096s] [ 60%] [32mBuilding CXX object CMakeFiles/ur_msgs__rosidl_typesupport_introspection_cpp.dir/rosidl_typesupport_introspection_cpp/ur_msgs/msg/detail/masterboard_data_msg__type_support.cpp.o[0m
[14.273s] [ 61%] [32mBuilding CXX object CMakeFiles/ur_msgs__rosidl_typesupport_cpp.dir/rosidl_typesupport_cpp/ur_msgs/srv/set_payload__type_support.cpp.o[0m
[14.382s] [ 62%] [32mBuilding CXX object CMakeFiles/ur_msgs__rosidl_typesupport_fastrtps_cpp.dir/rosidl_typesupport_fastrtps_cpp/ur_msgs/msg/detail/dds_fastrtps/robot_mode_data_msg__type_support.cpp.o[0m
[14.420s] [ 63%] [32mBuilding CXX object CMakeFiles/ur_msgs__rosidl_typesupport_fastrtps_c.dir/rosidl_typesupport_fastrtps_c/ur_msgs/srv/detail/set_speed_slider_fraction__type_support_c.cpp.o[0m
[14.997s] [ 64%] [32mBuilding CXX object CMakeFiles/ur_msgs__rosidl_typesupport_cpp.dir/rosidl_typesupport_cpp/ur_msgs/srv/set_speed_slider_fraction__type_support.cpp.o[0m
[15.195s] [ 65%] [32mBuilding CXX object CMakeFiles/ur_msgs__rosidl_typesupport_cpp.dir/rosidl_typesupport_cpp/ur_msgs/srv/set_io__type_support.cpp.o[0m
[15.202s] [ 66%] [32mBuilding CXX object CMakeFiles/ur_msgs__rosidl_typesupport_fastrtps_c.dir/rosidl_typesupport_fastrtps_c/ur_msgs/srv/detail/set_io__type_support_c.cpp.o[0m
[15.387s] [ 67%] [32mBuilding CXX object CMakeFiles/ur_msgs__rosidl_typesupport_fastrtps_cpp.dir/rosidl_typesupport_fastrtps_cpp/ur_msgs/msg/detail/dds_fastrtps/tool_data_msg__type_support.cpp.o[0m
[15.544s] [ 68%] [32mBuilding CXX object CMakeFiles/ur_msgs__rosidl_typesupport_fastrtps_cpp.dir/rosidl_typesupport_fastrtps_cpp/ur_msgs/srv/detail/dds_fastrtps/set_analog_output__type_support.cpp.o[0m
[15.710s] [ 69%] [32mBuilding CXX object CMakeFiles/ur_msgs__rosidl_typesupport_introspection_cpp.dir/rosidl_typesupport_introspection_cpp/ur_msgs/msg/detail/robot_mode_data_msg__type_support.cpp.o[0m
[15.870s] [ 69%] [32mBuilding CXX object CMakeFiles/ur_msgs__rosidl_typesupport_fastrtps_c.dir/rosidl_typesupport_fastrtps_c/ur_msgs/srv/detail/get_robot_software_version__type_support_c.cpp.o[0m
[16.100s] [ 70%] [32mBuilding CXX object CMakeFiles/ur_msgs__rosidl_typesupport_cpp.dir/rosidl_typesupport_cpp/ur_msgs/srv/get_robot_software_version__type_support.cpp.o[0m
[16.118s] [ 70%] [32mBuilding CXX object CMakeFiles/ur_msgs__rosidl_typesupport_fastrtps_cpp.dir/rosidl_typesupport_fastrtps_cpp/ur_msgs/srv/detail/dds_fastrtps/set_payload__type_support.cpp.o[0m
[16.362s] [ 70%] [32mBuilding CXX object CMakeFiles/ur_msgs__rosidl_typesupport_cpp.dir/rosidl_typesupport_cpp/ur_msgs/srv/set_force_mode__type_support.cpp.o[0m
[16.593s] [ 71%] [32mBuilding CXX object CMakeFiles/ur_msgs__rosidl_typesupport_fastrtps_cpp.dir/rosidl_typesupport_fastrtps_cpp/ur_msgs/srv/detail/dds_fastrtps/set_speed_slider_fraction__type_support.cpp.o[0m
[16.695s] [ 72%] [32mBuilding CXX object CMakeFiles/ur_msgs__rosidl_typesupport_fastrtps_cpp.dir/rosidl_typesupport_fastrtps_cpp/ur_msgs/srv/detail/dds_fastrtps/set_io__type_support.cpp.o[0m
[16.805s] [ 73%] [32mBuilding CXX object CMakeFiles/ur_msgs__rosidl_typesupport_fastrtps_c.dir/rosidl_typesupport_fastrtps_c/ur_msgs/srv/detail/set_force_mode__type_support_c.cpp.o[0m
[16.848s] [ 74%] [32mBuilding CXX object CMakeFiles/ur_msgs__rosidl_typesupport_introspection_cpp.dir/rosidl_typesupport_introspection_cpp/ur_msgs/msg/detail/tool_data_msg__type_support.cpp.o[0m
[17.297s] [ 75%] [32mBuilding CXX object CMakeFiles/ur_msgs__rosidl_typesupport_introspection_cpp.dir/rosidl_typesupport_introspection_cpp/ur_msgs/srv/detail/set_analog_output__type_support.cpp.o[0m
[17.362s] [ 76%] [32mBuilding CXX object CMakeFiles/ur_msgs__rosidl_typesupport_introspection_cpp.dir/rosidl_typesupport_introspection_cpp/ur_msgs/srv/detail/set_payload__type_support.cpp.o[0m
[17.588s] [ 77%] [32m[1mLinking CXX shared library libur_msgs__rosidl_typesupport_cpp.so[0m
[17.698s] [ 78%] [32m[1mLinking CXX shared library libur_msgs__rosidl_typesupport_fastrtps_c.so[0m
[17.716s] [ 78%] Built target ur_msgs__rosidl_typesupport_cpp
[17.742s] [ 78%] [32mBuilding CXX object CMakeFiles/ur_msgs__rosidl_typesupport_introspection_cpp.dir/rosidl_typesupport_introspection_cpp/ur_msgs/srv/detail/set_speed_slider_fraction__type_support.cpp.o[0m
[17.923s] [ 79%] [32mBuilding CXX object CMakeFiles/ur_msgs__rosidl_typesupport_fastrtps_cpp.dir/rosidl_typesupport_fastrtps_cpp/ur_msgs/srv/detail/dds_fastrtps/get_robot_software_version__type_support.cpp.o[0m
[17.959s] [ 79%] Built target ur_msgs__rosidl_typesupport_fastrtps_c
[17.960s] [ 80%] [32mBuilding CXX object CMakeFiles/ur_msgs__rosidl_typesupport_introspection_cpp.dir/rosidl_typesupport_introspection_cpp/ur_msgs/srv/detail/set_io__type_support.cpp.o[0m
[17.977s] [ 81%] [32mBuilding CXX object CMakeFiles/ur_msgs__rosidl_typesupport_fastrtps_cpp.dir/rosidl_typesupport_fastrtps_cpp/ur_msgs/srv/detail/dds_fastrtps/set_force_mode__type_support.cpp.o[0m
[18.107s] [ 82%] [32mBuilding CXX object CMakeFiles/ur_msgs__rosidl_typesupport_introspection_cpp.dir/rosidl_typesupport_introspection_cpp/ur_msgs/srv/detail/get_robot_software_version__type_support.cpp.o[0m
[18.175s] [ 83%] [32mBuilding CXX object CMakeFiles/ur_msgs__rosidl_typesupport_introspection_cpp.dir/rosidl_typesupport_introspection_cpp/ur_msgs/srv/detail/set_force_mode__type_support.cpp.o[0m
[18.773s] [ 83%] [32m[1mLinking CXX shared library libur_msgs__rosidl_typesupport_fastrtps_cpp.so[0m
[18.842s] [ 84%] [32m[1mLinking CXX shared library libur_msgs__rosidl_typesupport_introspection_cpp.so[0m
[18.857s] [ 84%] Built target ur_msgs__rosidl_typesupport_fastrtps_cpp
[18.914s] [ 84%] Built target ur_msgs__rosidl_typesupport_introspection_cpp
[18.932s] [ 84%] Built target ur_msgs
[18.952s] [ 85%] [34m[1mGenerating Python code for ROS interfaces[0m
[22.077s] [ 85%] Built target ur_msgs__py
[22.106s] [ 86%] [32mBuilding C object CMakeFiles/ur_msgs__rosidl_generator_py.dir/rosidl_generator_py/ur_msgs/msg/_robot_state_rt_msg_s.c.o[0m
[22.106s] [ 88%] [32mBuilding C object CMakeFiles/ur_msgs__rosidl_generator_py.dir/rosidl_generator_py/ur_msgs/msg/_analog_s.c.o[0m
[22.106s] [ 87%] [32mBuilding C object CMakeFiles/ur_msgs__rosidl_generator_py.dir/rosidl_generator_py/ur_msgs/msg/_masterboard_data_msg_s.c.o[0m
[22.107s] [ 89%] [32mBuilding C object CMakeFiles/ur_msgs__rosidl_generator_py.dir/rosidl_generator_py/ur_msgs/msg/_io_states_s.c.o[0m
[22.108s] [ 89%] [32mBuilding C object CMakeFiles/ur_msgs__rosidl_generator_py.dir/rosidl_generator_py/ur_msgs/msg/_digital_s.c.o[0m
[22.109s] [ 89%] [32mBuilding C object CMakeFiles/ur_msgs__rosidl_generator_py.dir/rosidl_generator_py/ur_msgs/msg/_tool_data_msg_s.c.o[0m
[22.112s] [ 90%] [32mBuilding C object CMakeFiles/ur_msgs__rosidl_generator_py.dir/rosidl_generator_py/ur_msgs/msg/_robot_mode_data_msg_s.c.o[0m
[22.116s] [ 91%] [32mBuilding C object CMakeFiles/ur_msgs__rosidl_generator_py.dir/rosidl_generator_py/ur_msgs/srv/_set_analog_output_s.c.o[0m
[22.346s] [ 92%] [32mBuilding C object CMakeFiles/ur_msgs__rosidl_generator_py.dir/rosidl_generator_py/ur_msgs/srv/_set_payload_s.c.o[0m
[22.423s] [ 93%] [32mBuilding C object CMakeFiles/ur_msgs__rosidl_generator_py.dir/rosidl_generator_py/ur_msgs/srv/_set_speed_slider_fraction_s.c.o[0m
[22.449s] [ 94%] [32mBuilding C object CMakeFiles/ur_msgs__rosidl_generator_py.dir/rosidl_generator_py/ur_msgs/srv/_set_io_s.c.o[0m
[22.546s] [ 94%] [32mBuilding C object CMakeFiles/ur_msgs__rosidl_generator_py.dir/rosidl_generator_py/ur_msgs/srv/_get_robot_software_version_s.c.o[0m
[22.556s] [ 95%] [32mBuilding C object CMakeFiles/ur_msgs__rosidl_generator_py.dir/rosidl_generator_py/ur_msgs/srv/_set_force_mode_s.c.o[0m
[22.924s] [ 96%] [32m[1mLinking C shared library rosidl_generator_py/ur_msgs/libur_msgs__rosidl_generator_py.so[0m
[22.965s] [ 96%] Built target ur_msgs__rosidl_generator_py
[22.987s] [ 97%] [32mBuilding C object CMakeFiles/ur_msgs__rosidl_typesupport_introspection_c__pyext.dir/rosidl_generator_py/ur_msgs/_ur_msgs_s.ep.rosidl_typesupport_introspection_c.c.o[0m
[22.987s] [ 98%] [32mBuilding C object CMakeFiles/ur_msgs__rosidl_typesupport_c__pyext.dir/rosidl_generator_py/ur_msgs/_ur_msgs_s.ep.rosidl_typesupport_c.c.o[0m
[22.988s] [ 99%] [32mBuilding C object CMakeFiles/ur_msgs__rosidl_typesupport_fastrtps_c__pyext.dir/rosidl_generator_py/ur_msgs/_ur_msgs_s.ep.rosidl_typesupport_fastrtps_c.c.o[0m
[23.329s] [ 99%] [32m[1mLinking C shared library rosidl_generator_py/ur_msgs/ur_msgs_s__rosidl_typesupport_c.cpython-310-x86_64-linux-gnu.so[0m
[23.329s] [ 99%] [32m[1mLinking C shared library rosidl_generator_py/ur_msgs/ur_msgs_s__rosidl_typesupport_fastrtps_c.cpython-310-x86_64-linux-gnu.so[0m
[23.341s] [100%] [32m[1mLinking C shared library rosidl_generator_py/ur_msgs/ur_msgs_s__rosidl_typesupport_introspection_c.cpython-310-x86_64-linux-gnu.so[0m
[23.370s] [100%] Built target ur_msgs__rosidl_typesupport_fastrtps_c__pyext
[23.370s] [100%] Built target ur_msgs__rosidl_typesupport_c__pyext
[23.382s] [100%] Built target ur_msgs__rosidl_typesupport_introspection_c__pyext
[23.393s] Invoked command in '/ros2_ws/build/ur_msgs' returned '0': CMAKE_PREFIX_PATH=${CMAKE_PREFIX_PATH}:/opt/ros/humble /usr/bin/cmake --build /ros2_ws/build/ur_msgs -- -j8 -l8
[23.394s] Invoking command in '/ros2_ws/build/ur_msgs': CMAKE_PREFIX_PATH=${CMAKE_PREFIX_PATH}:/opt/ros/humble /usr/bin/cmake --install /ros2_ws/build/ur_msgs
[23.401s] -- Install configuration: "Release"
[23.401s] -- Installing: /ros2_ws/install/ur_msgs/share/ament_index/resource_index/rosidl_interfaces/ur_msgs
[23.401s] -- Installing: /ros2_ws/install/ur_msgs/include/ur_msgs/ur_msgs
[23.402s] -- Installing: /ros2_ws/install/ur_msgs/include/ur_msgs/ur_msgs/msg
[23.402s] -- Installing: /ros2_ws/install/ur_msgs/include/ur_msgs/ur_msgs/msg/robot_mode_data_msg.h
[23.402s] -- Installing: /ros2_ws/install/ur_msgs/include/ur_msgs/ur_msgs/msg/robot_state_rt_msg.h
[23.402s] -- Installing: /ros2_ws/install/ur_msgs/include/ur_msgs/ur_msgs/msg/rosidl_generator_c__visibility_control.h
[23.402s] -- Installing: /ros2_ws/install/ur_msgs/include/ur_msgs/ur_msgs/msg/masterboard_data_msg.h
[23.402s] -- Installing: /ros2_ws/install/ur_msgs/include/ur_msgs/ur_msgs/msg/io_states.h
[23.402s] -- Installing: /ros2_ws/install/ur_msgs/include/ur_msgs/ur_msgs/msg/digital.h
[23.402s] -- Installing: /ros2_ws/install/ur_msgs/include/ur_msgs/ur_msgs/msg/analog.h
[23.402s] -- Installing: /ros2_ws/install/ur_msgs/include/ur_msgs/ur_msgs/msg/tool_data_msg.h
[23.402s] -- Installing: /ros2_ws/install/ur_msgs/include/ur_msgs/ur_msgs/msg/detail
[23.402s] -- Installing: /ros2_ws/install/ur_msgs/include/ur_msgs/ur_msgs/msg/detail/masterboard_data_msg__functions.h
[23.402s] -- Installing: /ros2_ws/install/ur_msgs/include/ur_msgs/ur_msgs/msg/detail/io_states__functions.h
[23.403s] -- Installing: /ros2_ws/install/ur_msgs/include/ur_msgs/ur_msgs/msg/detail/tool_data_msg__type_support.h
[23.403s] -- Installing: /ros2_ws/install/ur_msgs/include/ur_msgs/ur_msgs/msg/detail/masterboard_data_msg__functions.c
[23.403s] -- Installing: /ros2_ws/install/ur_msgs/include/ur_msgs/ur_msgs/msg/detail/io_states__struct.h
[23.403s] -- Installing: /ros2_ws/install/ur_msgs/include/ur_msgs/ur_msgs/msg/detail/masterboard_data_msg__type_support.h
[23.403s] -- Installing: /ros2_ws/install/ur_msgs/include/ur_msgs/ur_msgs/msg/detail/robot_mode_data_msg__struct.h
[23.403s] -- Installing: /ros2_ws/install/ur_msgs/include/ur_msgs/ur_msgs/msg/detail/digital__functions.c
[23.403s] -- Installing: /ros2_ws/install/ur_msgs/include/ur_msgs/ur_msgs/msg/detail/robot_mode_data_msg__functions.h
[23.403s] -- Installing: /ros2_ws/install/ur_msgs/include/ur_msgs/ur_msgs/msg/detail/robot_state_rt_msg__functions.c
[23.403s] -- Installing: /ros2_ws/install/ur_msgs/include/ur_msgs/ur_msgs/msg/detail/tool_data_msg__functions.h
[23.403s] -- Installing: /ros2_ws/install/ur_msgs/include/ur_msgs/ur_msgs/msg/detail/analog__functions.h
[23.403s] -- Installing: /ros2_ws/install/ur_msgs/include/ur_msgs/ur_msgs/msg/detail/io_states__type_support.h
[23.404s] -- Installing: /ros2_ws/install/ur_msgs/include/ur_msgs/ur_msgs/msg/detail/tool_data_msg__struct.h
[23.404s] -- Installing: /ros2_ws/install/ur_msgs/include/ur_msgs/ur_msgs/msg/detail/robot_mode_data_msg__type_support.h
[23.404s] -- Installing: /ros2_ws/install/ur_msgs/include/ur_msgs/ur_msgs/msg/detail/robot_state_rt_msg__struct.h
[23.404s] -- Installing: /ros2_ws/install/ur_msgs/include/ur_msgs/ur_msgs/msg/detail/analog__type_support.h
[23.404s] -- Installing: /ros2_ws/install/ur_msgs/include/ur_msgs/ur_msgs/msg/detail/masterboard_data_msg__struct.h
[23.404s] -- Installing: /ros2_ws/install/ur_msgs/include/ur_msgs/ur_msgs/msg/detail/digital__type_support.h
[23.404s] -- Installing: /ros2_ws/install/ur_msgs/include/ur_msgs/ur_msgs/msg/detail/analog__struct.h
[23.404s] -- Installing: /ros2_ws/install/ur_msgs/include/ur_msgs/ur_msgs/msg/detail/robot_mode_data_msg__functions.c
[23.404s] -- Installing: /ros2_ws/install/ur_msgs/include/ur_msgs/ur_msgs/msg/detail/tool_data_msg__functions.c
[23.404s] -- Installing: /ros2_ws/install/ur_msgs/include/ur_msgs/ur_msgs/msg/detail/digital__functions.h
[23.404s] -- Installing: /ros2_ws/install/ur_msgs/include/ur_msgs/ur_msgs/msg/detail/robot_state_rt_msg__functions.h
[23.405s] -- Installing: /ros2_ws/install/ur_msgs/include/ur_msgs/ur_msgs/msg/detail/digital__struct.h
[23.405s] -- Installing: /ros2_ws/install/ur_msgs/include/ur_msgs/ur_msgs/msg/detail/robot_state_rt_msg__type_support.h
[23.405s] -- Installing: /ros2_ws/install/ur_msgs/include/ur_msgs/ur_msgs/msg/detail/analog__functions.c
[23.405s] -- Installing: /ros2_ws/install/ur_msgs/include/ur_msgs/ur_msgs/msg/detail/io_states__functions.c
[23.405s] -- Installing: /ros2_ws/install/ur_msgs/include/ur_msgs/ur_msgs/srv
[23.405s] -- Installing: /ros2_ws/install/ur_msgs/include/ur_msgs/ur_msgs/srv/set_analog_output.h
[23.405s] -- Installing: /ros2_ws/install/ur_msgs/include/ur_msgs/ur_msgs/srv/get_robot_software_version.h
[23.405s] -- Installing: /ros2_ws/install/ur_msgs/include/ur_msgs/ur_msgs/srv/set_payload.h
[23.405s] -- Installing: /ros2_ws/install/ur_msgs/include/ur_msgs/ur_msgs/srv/set_speed_slider_fraction.h
[23.405s] -- Installing: /ros2_ws/install/ur_msgs/include/ur_msgs/ur_msgs/srv/detail
[23.406s] -- Installing: /ros2_ws/install/ur_msgs/include/ur_msgs/ur_msgs/srv/detail/set_force_mode__functions.c
[23.406s] -- Installing: /ros2_ws/install/ur_msgs/include/ur_msgs/ur_msgs/srv/detail/set_force_mode__struct.h
[23.406s] -- Installing: /ros2_ws/install/ur_msgs/include/ur_msgs/ur_msgs/srv/detail/get_robot_software_version__functions.h
[23.406s] -- Installing: /ros2_ws/install/ur_msgs/include/ur_msgs/ur_msgs/srv/detail/set_payload__functions.h
[23.406s] -- Installing: /ros2_ws/install/ur_msgs/include/ur_msgs/ur_msgs/srv/detail/set_speed_slider_fraction__functions.h
[23.406s] -- Installing: /ros2_ws/install/ur_msgs/include/ur_msgs/ur_msgs/srv/detail/set_analog_output__type_support.h
[23.406s] -- Installing: /ros2_ws/install/ur_msgs/include/ur_msgs/ur_msgs/srv/detail/get_robot_software_version__struct.h
[23.406s] -- Installing: /ros2_ws/install/ur_msgs/include/ur_msgs/ur_msgs/srv/detail/set_analog_output__functions.h
[23.406s] -- Installing: /ros2_ws/install/ur_msgs/include/ur_msgs/ur_msgs/srv/detail/set_force_mode__type_support.h
[23.406s] -- Installing: /ros2_ws/install/ur_msgs/include/ur_msgs/ur_msgs/srv/detail/set_payload__struct.h
[23.407s] -- Installing: /ros2_ws/install/ur_msgs/include/ur_msgs/ur_msgs/srv/detail/set_payload__functions.c
[23.407s] -- Installing: /ros2_ws/install/ur_msgs/include/ur_msgs/ur_msgs/srv/detail/set_analog_output__functions.c
[23.407s] -- Installing: /ros2_ws/install/ur_msgs/include/ur_msgs/ur_msgs/srv/detail/get_robot_software_version__type_support.h
[23.407s] -- Installing: /ros2_ws/install/ur_msgs/include/ur_msgs/ur_msgs/srv/detail/get_robot_software_version__functions.c
[23.407s] -- Installing: /ros2_ws/install/ur_msgs/include/ur_msgs/ur_msgs/srv/detail/set_io__struct.h
[23.407s] -- Installing: /ros2_ws/install/ur_msgs/include/ur_msgs/ur_msgs/srv/detail/set_speed_slider_fraction__type_support.h
[23.407s] -- Installing: /ros2_ws/install/ur_msgs/include/ur_msgs/ur_msgs/srv/detail/set_speed_slider_fraction__functions.c
[23.407s] -- Installing: /ros2_ws/install/ur_msgs/include/ur_msgs/ur_msgs/srv/detail/set_force_mode__functions.h
[23.407s] -- Installing: /ros2_ws/install/ur_msgs/include/ur_msgs/ur_msgs/srv/detail/set_payload__type_support.h
[23.407s] -- Installing: /ros2_ws/install/ur_msgs/include/ur_msgs/ur_msgs/srv/detail/set_io__functions.c
[23.407s] -- Installing: /ros2_ws/install/ur_msgs/include/ur_msgs/ur_msgs/srv/detail/set_io__type_support.h
[23.408s] -- Installing: /ros2_ws/install/ur_msgs/include/ur_msgs/ur_msgs/srv/detail/set_speed_slider_fraction__struct.h
[23.408s] -- Installing: /ros2_ws/install/ur_msgs/include/ur_msgs/ur_msgs/srv/detail/set_analog_output__struct.h
[23.408s] -- Installing: /ros2_ws/install/ur_msgs/include/ur_msgs/ur_msgs/srv/detail/set_io__functions.h
[23.408s] -- Installing: /ros2_ws/install/ur_msgs/include/ur_msgs/ur_msgs/srv/set_io.h
[23.408s] -- Installing: /ros2_ws/install/ur_msgs/include/ur_msgs/ur_msgs/srv/set_force_mode.h
[23.408s] -- Installing: /ros2_ws/install/ur_msgs/share/ur_msgs/environment/library_path.sh
[23.408s] -- Installing: /ros2_ws/install/ur_msgs/share/ur_msgs/environment/library_path.dsv
[23.408s] -- Installing: /ros2_ws/install/ur_msgs/lib/libur_msgs__rosidl_generator_c.so
[23.409s] -- Set runtime path of "/ros2_ws/install/ur_msgs/lib/libur_msgs__rosidl_generator_c.so" to ""
[23.409s] -- Up-to-date: /ros2_ws/install/ur_msgs/include/ur_msgs/ur_msgs
[23.409s] -- Up-to-date: /ros2_ws/install/ur_msgs/include/ur_msgs/ur_msgs/msg
[23.409s] -- Up-to-date: /ros2_ws/install/ur_msgs/include/ur_msgs/ur_msgs/msg/detail
[23.409s] -- Installing: /ros2_ws/install/ur_msgs/include/ur_msgs/ur_msgs/msg/detail/tool_data_msg__rosidl_typesupport_fastrtps_c.h
[23.409s] -- Installing: /ros2_ws/install/ur_msgs/include/ur_msgs/ur_msgs/msg/detail/digital__rosidl_typesupport_fastrtps_c.h
[23.409s] -- Installing: /ros2_ws/install/ur_msgs/include/ur_msgs/ur_msgs/msg/detail/robot_mode_data_msg__rosidl_typesupport_fastrtps_c.h
[23.409s] -- Installing: /ros2_ws/install/ur_msgs/include/ur_msgs/ur_msgs/msg/detail/masterboard_data_msg__rosidl_typesupport_fastrtps_c.h
[23.410s] -- Installing: /ros2_ws/install/ur_msgs/include/ur_msgs/ur_msgs/msg/detail/io_states__rosidl_typesupport_fastrtps_c.h
[23.410s] -- Installing: /ros2_ws/install/ur_msgs/include/ur_msgs/ur_msgs/msg/detail/analog__rosidl_typesupport_fastrtps_c.h
[23.410s] -- Installing: /ros2_ws/install/ur_msgs/include/ur_msgs/ur_msgs/msg/detail/robot_state_rt_msg__rosidl_typesupport_fastrtps_c.h
[23.410s] -- Installing: /ros2_ws/install/ur_msgs/include/ur_msgs/ur_msgs/msg/rosidl_typesupport_fastrtps_c__visibility_control.h
[23.410s] -- Up-to-date: /ros2_ws/install/ur_msgs/include/ur_msgs/ur_msgs/srv
[23.410s] -- Up-to-date: /ros2_ws/install/ur_msgs/include/ur_msgs/ur_msgs/srv/detail
[23.410s] -- Installing: /ros2_ws/install/ur_msgs/include/ur_msgs/ur_msgs/srv/detail/set_speed_slider_fraction__rosidl_typesupport_fastrtps_c.h
[23.410s] -- Installing: /ros2_ws/install/ur_msgs/include/ur_msgs/ur_msgs/srv/detail/set_io__rosidl_typesupport_fastrtps_c.h
[23.410s] -- Installing: /ros2_ws/install/ur_msgs/include/ur_msgs/ur_msgs/srv/detail/get_robot_software_version__rosidl_typesupport_fastrtps_c.h
[23.410s] -- Installing: /ros2_ws/install/ur_msgs/include/ur_msgs/ur_msgs/srv/detail/set_analog_output__rosidl_typesupport_fastrtps_c.h
[23.410s] -- Installing: /ros2_ws/install/ur_msgs/include/ur_msgs/ur_msgs/srv/detail/set_force_mode__rosidl_typesupport_fastrtps_c.h
[23.410s] -- Installing: /ros2_ws/install/ur_msgs/include/ur_msgs/ur_msgs/srv/detail/set_payload__rosidl_typesupport_fastrtps_c.h
[23.411s] -- Installing: /ros2_ws/install/ur_msgs/lib/libur_msgs__rosidl_typesupport_fastrtps_c.so
[23.411s] -- Set runtime path of "/ros2_ws/install/ur_msgs/lib/libur_msgs__rosidl_typesupport_fastrtps_c.so" to ""
[23.411s] -- Up-to-date: /ros2_ws/install/ur_msgs/include/ur_msgs/ur_msgs
[23.411s] -- Up-to-date: /ros2_ws/install/ur_msgs/include/ur_msgs/ur_msgs/msg
[23.411s] -- Installing: /ros2_ws/install/ur_msgs/include/ur_msgs/ur_msgs/msg/masterboard_data_msg.hpp
[23.411s] -- Installing: /ros2_ws/install/ur_msgs/include/ur_msgs/ur_msgs/msg/robot_state_rt_msg.hpp
[23.411s] -- Installing: /ros2_ws/install/ur_msgs/include/ur_msgs/ur_msgs/msg/tool_data_msg.hpp
[23.411s] -- Installing: /ros2_ws/install/ur_msgs/include/ur_msgs/ur_msgs/msg/rosidl_generator_cpp__visibility_control.hpp
[23.411s] -- Installing: /ros2_ws/install/ur_msgs/include/ur_msgs/ur_msgs/msg/robot_mode_data_msg.hpp
[23.411s] -- Installing: /ros2_ws/install/ur_msgs/include/ur_msgs/ur_msgs/msg/io_states.hpp
[23.412s] -- Installing: /ros2_ws/install/ur_msgs/include/ur_msgs/ur_msgs/msg/digital.hpp
[23.412s] -- Up-to-date: /ros2_ws/install/ur_msgs/include/ur_msgs/ur_msgs/msg/detail
[23.412s] -- Installing: /ros2_ws/install/ur_msgs/include/ur_msgs/ur_msgs/msg/detail/analog__traits.hpp
[23.412s] -- Installing: /ros2_ws/install/ur_msgs/include/ur_msgs/ur_msgs/msg/detail/robot_state_rt_msg__struct.hpp
[23.412s] -- Installing: /ros2_ws/install/ur_msgs/include/ur_msgs/ur_msgs/msg/detail/robot_state_rt_msg__traits.hpp
[23.412s] -- Installing: /ros2_ws/install/ur_msgs/include/ur_msgs/ur_msgs/msg/detail/io_states__traits.hpp
[23.412s] -- Installing: /ros2_ws/install/ur_msgs/include/ur_msgs/ur_msgs/msg/detail/digital__type_support.hpp
[23.412s] -- Installing: /ros2_ws/install/ur_msgs/include/ur_msgs/ur_msgs/msg/detail/analog__struct.hpp
[23.412s] -- Installing: /ros2_ws/install/ur_msgs/include/ur_msgs/ur_msgs/msg/detail/masterboard_data_msg__struct.hpp
[23.412s] -- Installing: /ros2_ws/install/ur_msgs/include/ur_msgs/ur_msgs/msg/detail/masterboard_data_msg__type_support.hpp
[23.413s] -- Installing: /ros2_ws/install/ur_msgs/include/ur_msgs/ur_msgs/msg/detail/robot_mode_data_msg__type_support.hpp
[23.413s] -- Installing: /ros2_ws/install/ur_msgs/include/ur_msgs/ur_msgs/msg/detail/robot_mode_data_msg__traits.hpp
[23.413s] -- Installing: /ros2_ws/install/ur_msgs/include/ur_msgs/ur_msgs/msg/detail/tool_data_msg__struct.hpp
[23.413s] -- Installing: /ros2_ws/install/ur_msgs/include/ur_msgs/ur_msgs/msg/detail/digital__traits.hpp
[23.413s] -- Installing: /ros2_ws/install/ur_msgs/include/ur_msgs/ur_msgs/msg/detail/masterboard_data_msg__builder.hpp
[23.413s] -- Installing: /ros2_ws/install/ur_msgs/include/ur_msgs/ur_msgs/msg/detail/digital__builder.hpp
[23.413s] -- Installing: /ros2_ws/install/ur_msgs/include/ur_msgs/ur_msgs/msg/detail/robot_mode_data_msg__struct.hpp
[23.413s] -- Installing: /ros2_ws/install/ur_msgs/include/ur_msgs/ur_msgs/msg/detail/analog__builder.hpp
[23.413s] -- Installing: /ros2_ws/install/ur_msgs/include/ur_msgs/ur_msgs/msg/detail/tool_data_msg__type_support.hpp
[23.413s] -- Installing: /ros2_ws/install/ur_msgs/include/ur_msgs/ur_msgs/msg/detail/robot_mode_data_msg__builder.hpp
[23.414s] -- Installing: /ros2_ws/install/ur_msgs/include/ur_msgs/ur_msgs/msg/detail/robot_state_rt_msg__type_support.hpp
[23.414s] -- Installing: /ros2_ws/install/ur_msgs/include/ur_msgs/ur_msgs/msg/detail/io_states__builder.hpp
[23.414s] -- Installing: /ros2_ws/install/ur_msgs/include/ur_msgs/ur_msgs/msg/detail/robot_state_rt_msg__builder.hpp
[23.414s] -- Installing: /ros2_ws/install/ur_msgs/include/ur_msgs/ur_msgs/msg/detail/masterboard_data_msg__traits.hpp
[23.414s] -- Installing: /ros2_ws/install/ur_msgs/include/ur_msgs/ur_msgs/msg/detail/tool_data_msg__builder.hpp
[23.414s] -- Installing: /ros2_ws/install/ur_msgs/include/ur_msgs/ur_msgs/msg/detail/analog__type_support.hpp
[23.414s] -- Installing: /ros2_ws/install/ur_msgs/include/ur_msgs/ur_msgs/msg/detail/io_states__type_support.hpp
[23.414s] -- Installing: /ros2_ws/install/ur_msgs/include/ur_msgs/ur_msgs/msg/detail/digital__struct.hpp
[23.414s] -- Installing: /ros2_ws/install/ur_msgs/include/ur_msgs/ur_msgs/msg/detail/tool_data_msg__traits.hpp
[23.415s] -- Installing: /ros2_ws/install/ur_msgs/include/ur_msgs/ur_msgs/msg/detail/io_states__struct.hpp
[23.415s] -- Installing: /ros2_ws/install/ur_msgs/include/ur_msgs/ur_msgs/msg/analog.hpp
[23.415s] -- Up-to-date: /ros2_ws/install/ur_msgs/include/ur_msgs/ur_msgs/srv
[23.415s] -- Installing: /ros2_ws/install/ur_msgs/include/ur_msgs/ur_msgs/srv/set_io.hpp
[23.415s] -- Installing: /ros2_ws/install/ur_msgs/include/ur_msgs/ur_msgs/srv/get_robot_software_version.hpp
[23.415s] -- Installing: /ros2_ws/install/ur_msgs/include/ur_msgs/ur_msgs/srv/set_payload.hpp
[23.415s] -- Installing: /ros2_ws/install/ur_msgs/include/ur_msgs/ur_msgs/srv/set_force_mode.hpp
[23.415s] -- Up-to-date: /ros2_ws/install/ur_msgs/include/ur_msgs/ur_msgs/srv/detail
[23.415s] -- Installing: /ros2_ws/install/ur_msgs/include/ur_msgs/ur_msgs/srv/detail/set_payload__struct.hpp
[23.416s] -- Installing: /ros2_ws/install/ur_msgs/include/ur_msgs/ur_msgs/srv/detail/set_payload__type_support.hpp
[23.416s] -- Installing: /ros2_ws/install/ur_msgs/include/ur_msgs/ur_msgs/srv/detail/set_analog_output__traits.hpp
[23.416s] -- Installing: /ros2_ws/install/ur_msgs/include/ur_msgs/ur_msgs/srv/detail/get_robot_software_version__builder.hpp
[23.416s] -- Installing: /ros2_ws/install/ur_msgs/include/ur_msgs/ur_msgs/srv/detail/set_analog_output__type_support.hpp
[23.416s] -- Installing: /ros2_ws/install/ur_msgs/include/ur_msgs/ur_msgs/srv/detail/set_force_mode__type_support.hpp
[23.416s] -- Installing: /ros2_ws/install/ur_msgs/include/ur_msgs/ur_msgs/srv/detail/set_force_mode__struct.hpp
[23.416s] -- Installing: /ros2_ws/install/ur_msgs/include/ur_msgs/ur_msgs/srv/detail/get_robot_software_version__traits.hpp
[23.416s] -- Installing: /ros2_ws/install/ur_msgs/include/ur_msgs/ur_msgs/srv/detail/set_speed_slider_fraction__struct.hpp
[23.416s] -- Installing: /ros2_ws/install/ur_msgs/include/ur_msgs/ur_msgs/srv/detail/get_robot_software_version__type_support.hpp
[23.416s] -- Installing: /ros2_ws/install/ur_msgs/include/ur_msgs/ur_msgs/srv/detail/set_io__struct.hpp
[23.416s] -- Installing: /ros2_ws/install/ur_msgs/include/ur_msgs/ur_msgs/srv/detail/set_payload__traits.hpp
[23.417s] -- Installing: /ros2_ws/install/ur_msgs/include/ur_msgs/ur_msgs/srv/detail/get_robot_software_version__struct.hpp
[23.417s] -- Installing: /ros2_ws/install/ur_msgs/include/ur_msgs/ur_msgs/srv/detail/set_speed_slider_fraction__traits.hpp
[23.417s] -- Installing: /ros2_ws/install/ur_msgs/include/ur_msgs/ur_msgs/srv/detail/set_io__type_support.hpp
[23.417s] -- Installing: /ros2_ws/install/ur_msgs/include/ur_msgs/ur_msgs/srv/detail/set_analog_output__builder.hpp
[23.417s] -- Installing: /ros2_ws/install/ur_msgs/include/ur_msgs/ur_msgs/srv/detail/set_force_mode__builder.hpp
[23.417s] -- Installing: /ros2_ws/install/ur_msgs/include/ur_msgs/ur_msgs/srv/detail/set_payload__builder.hpp
[23.417s] -- Installing: /ros2_ws/install/ur_msgs/include/ur_msgs/ur_msgs/srv/detail/set_io__traits.hpp
[23.417s] -- Installing: /ros2_ws/install/ur_msgs/include/ur_msgs/ur_msgs/srv/detail/set_analog_output__struct.hpp
[23.417s] -- Installing: /ros2_ws/install/ur_msgs/include/ur_msgs/ur_msgs/srv/detail/set_speed_slider_fraction__builder.hpp
[23.417s] -- Installing: /ros2_ws/install/ur_msgs/include/ur_msgs/ur_msgs/srv/detail/set_speed_slider_fraction__type_support.hpp
[23.417s] -- Installing: /ros2_ws/install/ur_msgs/include/ur_msgs/ur_msgs/srv/detail/set_force_mode__traits.hpp
[23.418s] -- Installing: /ros2_ws/install/ur_msgs/include/ur_msgs/ur_msgs/srv/detail/set_io__builder.hpp
[23.418s] -- Installing: /ros2_ws/install/ur_msgs/include/ur_msgs/ur_msgs/srv/set_speed_slider_fraction.hpp
[23.418s] -- Installing: /ros2_ws/install/ur_msgs/include/ur_msgs/ur_msgs/srv/set_analog_output.hpp
[23.418s] -- Up-to-date: /ros2_ws/install/ur_msgs/include/ur_msgs/ur_msgs
[23.418s] -- Up-to-date: /ros2_ws/install/ur_msgs/include/ur_msgs/ur_msgs/msg
[23.418s] -- Installing: /ros2_ws/install/ur_msgs/include/ur_msgs/ur_msgs/msg/rosidl_typesupport_fastrtps_cpp__visibility_control.h
[23.418s] -- Up-to-date: /ros2_ws/install/ur_msgs/include/ur_msgs/ur_msgs/msg/detail
[23.418s] -- Installing: /ros2_ws/install/ur_msgs/include/ur_msgs/ur_msgs/msg/detail/robot_mode_data_msg__rosidl_typesupport_fastrtps_cpp.hpp
[23.418s] -- Installing: /ros2_ws/install/ur_msgs/include/ur_msgs/ur_msgs/msg/detail/analog__rosidl_typesupport_fastrtps_cpp.hpp
[23.418s] -- Installing: /ros2_ws/install/ur_msgs/include/ur_msgs/ur_msgs/msg/detail/digital__rosidl_typesupport_fastrtps_cpp.hpp
[23.418s] -- Installing: /ros2_ws/install/ur_msgs/include/ur_msgs/ur_msgs/msg/detail/io_states__rosidl_typesupport_fastrtps_cpp.hpp
[23.418s] -- Installing: /ros2_ws/install/ur_msgs/include/ur_msgs/ur_msgs/msg/detail/robot_state_rt_msg__rosidl_typesupport_fastrtps_cpp.hpp
[23.418s] -- Installing: /ros2_ws/install/ur_msgs/include/ur_msgs/ur_msgs/msg/detail/tool_data_msg__rosidl_typesupport_fastrtps_cpp.hpp
[23.419s] -- Installing: /ros2_ws/install/ur_msgs/include/ur_msgs/ur_msgs/msg/detail/masterboard_data_msg__rosidl_typesupport_fastrtps_cpp.hpp
[23.419s] -- Installing: /ros2_ws/install/ur_msgs/include/ur_msgs/ur_msgs/msg/detail/dds_fastrtps
[23.419s] -- Up-to-date: /ros2_ws/install/ur_msgs/include/ur_msgs/ur_msgs/srv
[23.419s] -- Up-to-date: /ros2_ws/install/ur_msgs/include/ur_msgs/ur_msgs/srv/detail
[23.419s] -- Installing: /ros2_ws/install/ur_msgs/include/ur_msgs/ur_msgs/srv/detail/get_robot_software_version__rosidl_typesupport_fastrtps_cpp.hpp
[23.419s] -- Installing: /ros2_ws/install/ur_msgs/include/ur_msgs/ur_msgs/srv/detail/set_analog_output__rosidl_typesupport_fastrtps_cpp.hpp
[23.419s] -- Installing: /ros2_ws/install/ur_msgs/include/ur_msgs/ur_msgs/srv/detail/set_payload__rosidl_typesupport_fastrtps_cpp.hpp
[23.419s] -- Installing: /ros2_ws/install/ur_msgs/include/ur_msgs/ur_msgs/srv/detail/set_io__rosidl_typesupport_fastrtps_cpp.hpp
[23.419s] -- Installing: /ros2_ws/install/ur_msgs/include/ur_msgs/ur_msgs/srv/detail/set_force_mode__rosidl_typesupport_fastrtps_cpp.hpp
[23.419s] -- Installing: /ros2_ws/install/ur_msgs/include/ur_msgs/ur_msgs/srv/detail/dds_fastrtps
[23.419s] -- Installing: /ros2_ws/install/ur_msgs/include/ur_msgs/ur_msgs/srv/detail/set_speed_slider_fraction__rosidl_typesupport_fastrtps_cpp.hpp
[23.419s] -- Installing: /ros2_ws/install/ur_msgs/lib/libur_msgs__rosidl_typesupport_fastrtps_cpp.so
[23.420s] -- Set runtime path of "/ros2_ws/install/ur_msgs/lib/libur_msgs__rosidl_typesupport_fastrtps_cpp.so" to ""
[23.420s] -- Up-to-date: /ros2_ws/install/ur_msgs/include/ur_msgs/ur_msgs
[23.420s] -- Up-to-date: /ros2_ws/install/ur_msgs/include/ur_msgs/ur_msgs/msg
[23.420s] -- Up-to-date: /ros2_ws/install/ur_msgs/include/ur_msgs/ur_msgs/msg/detail
[23.420s] -- Installing: /ros2_ws/install/ur_msgs/include/ur_msgs/ur_msgs/msg/detail/digital__type_support.c
[23.420s] -- Installing: /ros2_ws/install/ur_msgs/include/ur_msgs/ur_msgs/msg/detail/robot_state_rt_msg__rosidl_typesupport_introspection_c.h
[23.420s] -- Installing: /ros2_ws/install/ur_msgs/include/ur_msgs/ur_msgs/msg/detail/tool_data_msg__rosidl_typesupport_introspection_c.h
[23.420s] -- Installing: /ros2_ws/install/ur_msgs/include/ur_msgs/ur_msgs/msg/detail/tool_data_msg__type_support.c
[23.420s] -- Installing: /ros2_ws/install/ur_msgs/include/ur_msgs/ur_msgs/msg/detail/masterboard_data_msg__rosidl_typesupport_introspection_c.h
[23.421s] -- Installing: /ros2_ws/install/ur_msgs/include/ur_msgs/ur_msgs/msg/detail/io_states__rosidl_typesupport_introspection_c.h
[23.421s] -- Installing: /ros2_ws/install/ur_msgs/include/ur_msgs/ur_msgs/msg/detail/robot_state_rt_msg__type_support.c
[23.421s] -- Installing: /ros2_ws/install/ur_msgs/include/ur_msgs/ur_msgs/msg/detail/masterboard_data_msg__type_support.c
[23.421s] -- Installing: /ros2_ws/install/ur_msgs/include/ur_msgs/ur_msgs/msg/detail/analog__rosidl_typesupport_introspection_c.h
[23.421s] -- Installing: /ros2_ws/install/ur_msgs/include/ur_msgs/ur_msgs/msg/detail/robot_mode_data_msg__type_support.c
[23.421s] -- Installing: /ros2_ws/install/ur_msgs/include/ur_msgs/ur_msgs/msg/detail/robot_mode_data_msg__rosidl_typesupport_introspection_c.h
[23.421s] -- Installing: /ros2_ws/install/ur_msgs/include/ur_msgs/ur_msgs/msg/detail/analog__type_support.c
[23.421s] -- Installing: /ros2_ws/install/ur_msgs/include/ur_msgs/ur_msgs/msg/detail/digital__rosidl_typesupport_introspection_c.h
[23.421s] -- Installing: /ros2_ws/install/ur_msgs/include/ur_msgs/ur_msgs/msg/detail/io_states__type_support.c
[23.421s] -- Installing: /ros2_ws/install/ur_msgs/include/ur_msgs/ur_msgs/msg/rosidl_typesupport_introspection_c__visibility_control.h
[23.422s] -- Up-to-date: /ros2_ws/install/ur_msgs/include/ur_msgs/ur_msgs/srv
[23.422s] -- Up-to-date: /ros2_ws/install/ur_msgs/include/ur_msgs/ur_msgs/srv/detail
[23.422s] -- Installing: /ros2_ws/install/ur_msgs/include/ur_msgs/ur_msgs/srv/detail/set_payload__rosidl_typesupport_introspection_c.h
[23.422s] -- Installing: /ros2_ws/install/ur_msgs/include/ur_msgs/ur_msgs/srv/detail/set_speed_slider_fraction__type_support.c
[23.422s] -- Installing: /ros2_ws/install/ur_msgs/include/ur_msgs/ur_msgs/srv/detail/get_robot_software_version__type_support.c
[23.422s] -- Installing: /ros2_ws/install/ur_msgs/include/ur_msgs/ur_msgs/srv/detail/set_force_mode__type_support.c
[23.422s] -- Installing: /ros2_ws/install/ur_msgs/include/ur_msgs/ur_msgs/srv/detail/set_payload__type_support.c
[23.422s] -- Installing: /ros2_ws/install/ur_msgs/include/ur_msgs/ur_msgs/srv/detail/set_io__type_support.c
[23.422s] -- Installing: /ros2_ws/install/ur_msgs/include/ur_msgs/ur_msgs/srv/detail/get_robot_software_version__rosidl_typesupport_introspection_c.h
[23.422s] -- Installing: /ros2_ws/install/ur_msgs/include/ur_msgs/ur_msgs/srv/detail/set_force_mode__rosidl_typesupport_introspection_c.h
[23.422s] -- Installing: /ros2_ws/install/ur_msgs/include/ur_msgs/ur_msgs/srv/detail/set_analog_output__rosidl_typesupport_introspection_c.h
[23.423s] -- Installing: /ros2_ws/install/ur_msgs/include/ur_msgs/ur_msgs/srv/detail/set_analog_output__type_support.c
[23.423s] -- Installing: /ros2_ws/install/ur_msgs/include/ur_msgs/ur_msgs/srv/detail/set_io__rosidl_typesupport_introspection_c.h
[23.423s] -- Installing: /ros2_ws/install/ur_msgs/include/ur_msgs/ur_msgs/srv/detail/set_speed_slider_fraction__rosidl_typesupport_introspection_c.h
[23.423s] -- Installing: /ros2_ws/install/ur_msgs/lib/libur_msgs__rosidl_typesupport_introspection_c.so
[23.423s] -- Set runtime path of "/ros2_ws/install/ur_msgs/lib/libur_msgs__rosidl_typesupport_introspection_c.so" to ""
[23.423s] -- Installing: /ros2_ws/install/ur_msgs/lib/libur_msgs__rosidl_typesupport_c.so
[23.424s] -- Set runtime path of "/ros2_ws/install/ur_msgs/lib/libur_msgs__rosidl_typesupport_c.so" to ""
[23.424s] -- Up-to-date: /ros2_ws/install/ur_msgs/include/ur_msgs/ur_msgs
[23.424s] -- Up-to-date: /ros2_ws/install/ur_msgs/include/ur_msgs/ur_msgs/msg
[23.424s] -- Up-to-date: /ros2_ws/install/ur_msgs/include/ur_msgs/ur_msgs/msg/detail
[23.424s] -- Installing: /ros2_ws/install/ur_msgs/include/ur_msgs/ur_msgs/msg/detail/robot_state_rt_msg__type_support.cpp
[23.424s] -- Installing: /ros2_ws/install/ur_msgs/include/ur_msgs/ur_msgs/msg/detail/masterboard_data_msg__rosidl_typesupport_introspection_cpp.hpp
[23.424s] -- Installing: /ros2_ws/install/ur_msgs/include/ur_msgs/ur_msgs/msg/detail/analog__rosidl_typesupport_introspection_cpp.hpp
[23.424s] -- Installing: /ros2_ws/install/ur_msgs/include/ur_msgs/ur_msgs/msg/detail/digital__rosidl_typesupport_introspection_cpp.hpp
[23.424s] -- Installing: /ros2_ws/install/ur_msgs/include/ur_msgs/ur_msgs/msg/detail/robot_mode_data_msg__type_support.cpp
[23.425s] -- Installing: /ros2_ws/install/ur_msgs/include/ur_msgs/ur_msgs/msg/detail/io_states__type_support.cpp
[23.425s] -- Installing: /ros2_ws/install/ur_msgs/include/ur_msgs/ur_msgs/msg/detail/digital__type_support.cpp
[23.425s] -- Installing: /ros2_ws/install/ur_msgs/include/ur_msgs/ur_msgs/msg/detail/tool_data_msg__rosidl_typesupport_introspection_cpp.hpp
[23.425s] -- Installing: /ros2_ws/install/ur_msgs/include/ur_msgs/ur_msgs/msg/detail/robot_mode_data_msg__rosidl_typesupport_introspection_cpp.hpp
[23.425s] -- Installing: /ros2_ws/install/ur_msgs/include/ur_msgs/ur_msgs/msg/detail/tool_data_msg__type_support.cpp
[23.425s] -- Installing: /ros2_ws/install/ur_msgs/include/ur_msgs/ur_msgs/msg/detail/masterboard_data_msg__type_support.cpp
[23.425s] -- Installing: /ros2_ws/install/ur_msgs/include/ur_msgs/ur_msgs/msg/detail/io_states__rosidl_typesupport_introspection_cpp.hpp
[23.425s] -- Installing: /ros2_ws/install/ur_msgs/include/ur_msgs/ur_msgs/msg/detail/robot_state_rt_msg__rosidl_typesupport_introspection_cpp.hpp
[23.425s] -- Installing: /ros2_ws/install/ur_msgs/include/ur_msgs/ur_msgs/msg/detail/analog__type_support.cpp
[23.425s] -- Up-to-date: /ros2_ws/install/ur_msgs/include/ur_msgs/ur_msgs/srv
[23.426s] -- Up-to-date: /ros2_ws/install/ur_msgs/include/ur_msgs/ur_msgs/srv/detail
[23.426s] -- Installing: /ros2_ws/install/ur_msgs/include/ur_msgs/ur_msgs/srv/detail/set_speed_slider_fraction__rosidl_typesupport_introspection_cpp.hpp
[23.426s] -- Installing: /ros2_ws/install/ur_msgs/include/ur_msgs/ur_msgs/srv/detail/get_robot_software_version__rosidl_typesupport_introspection_cpp.hpp
[23.426s] -- Installing: /ros2_ws/install/ur_msgs/include/ur_msgs/ur_msgs/srv/detail/set_force_mode__type_support.cpp
[23.426s] -- Installing: /ros2_ws/install/ur_msgs/include/ur_msgs/ur_msgs/srv/detail/set_payload__type_support.cpp
[23.426s] -- Installing: /ros2_ws/install/ur_msgs/include/ur_msgs/ur_msgs/srv/detail/set_io__type_support.cpp
[23.426s] -- Installing: /ros2_ws/install/ur_msgs/include/ur_msgs/ur_msgs/srv/detail/set_analog_output__rosidl_typesupport_introspection_cpp.hpp
[23.426s] -- Installing: /ros2_ws/install/ur_msgs/include/ur_msgs/ur_msgs/srv/detail/get_robot_software_version__type_support.cpp
[23.426s] -- Installing: /ros2_ws/install/ur_msgs/include/ur_msgs/ur_msgs/srv/detail/set_force_mode__rosidl_typesupport_introspection_cpp.hpp
[23.427s] -- Installing: /ros2_ws/install/ur_msgs/include/ur_msgs/ur_msgs/srv/detail/set_io__rosidl_typesupport_introspection_cpp.hpp
[23.427s] -- Installing: /ros2_ws/install/ur_msgs/include/ur_msgs/ur_msgs/srv/detail/set_payload__rosidl_typesupport_introspection_cpp.hpp
[23.427s] -- Installing: /ros2_ws/install/ur_msgs/include/ur_msgs/ur_msgs/srv/detail/set_speed_slider_fraction__type_support.cpp
[23.427s] -- Installing: /ros2_ws/install/ur_msgs/include/ur_msgs/ur_msgs/srv/detail/set_analog_output__type_support.cpp
[23.427s] -- Installing: /ros2_ws/install/ur_msgs/lib/libur_msgs__rosidl_typesupport_introspection_cpp.so
[23.428s] -- Set runtime path of "/ros2_ws/install/ur_msgs/lib/libur_msgs__rosidl_typesupport_introspection_cpp.so" to ""
[23.428s] -- Installing: /ros2_ws/install/ur_msgs/lib/libur_msgs__rosidl_typesupport_cpp.so
[23.428s] -- Set runtime path of "/ros2_ws/install/ur_msgs/lib/libur_msgs__rosidl_typesupport_cpp.so" to ""
[23.428s] -- Installing: /ros2_ws/install/ur_msgs/share/ur_msgs/environment/pythonpath.sh
[23.428s] -- Installing: /ros2_ws/install/ur_msgs/share/ur_msgs/environment/pythonpath.dsv
[23.428s] -- Installing: /ros2_ws/install/ur_msgs/local/lib/python3.10/dist-packages/ur_msgs-2.1.0-py3.10.egg-info
[23.428s] -- Installing: /ros2_ws/install/ur_msgs/local/lib/python3.10/dist-packages/ur_msgs-2.1.0-py3.10.egg-info/dependency_links.txt
[23.429s] -- Installing: /ros2_ws/install/ur_msgs/local/lib/python3.10/dist-packages/ur_msgs-2.1.0-py3.10.egg-info/top_level.txt
[23.429s] -- Installing: /ros2_ws/install/ur_msgs/local/lib/python3.10/dist-packages/ur_msgs-2.1.0-py3.10.egg-info/SOURCES.txt
[23.429s] -- Installing: /ros2_ws/install/ur_msgs/local/lib/python3.10/dist-packages/ur_msgs-2.1.0-py3.10.egg-info/PKG-INFO
[23.429s] -- Installing: /ros2_ws/install/ur_msgs/local/lib/python3.10/dist-packages/ur_msgs
[23.429s] -- Installing: /ros2_ws/install/ur_msgs/local/lib/python3.10/dist-packages/ur_msgs/_ur_msgs_s.ep.rosidl_typesupport_fastrtps_c.c
[23.429s] -- Installing: /ros2_ws/install/ur_msgs/local/lib/python3.10/dist-packages/ur_msgs/_ur_msgs_s.ep.rosidl_typesupport_c.c
[23.429s] -- Installing: /ros2_ws/install/ur_msgs/local/lib/python3.10/dist-packages/ur_msgs/ur_msgs_s__rosidl_typesupport_c.cpython-310-x86_64-linux-gnu.so
[23.429s] -- Installing: /ros2_ws/install/ur_msgs/local/lib/python3.10/dist-packages/ur_msgs/_ur_msgs_s.ep.rosidl_typesupport_introspection_c.c
[23.430s] -- Installing: /ros2_ws/install/ur_msgs/local/lib/python3.10/dist-packages/ur_msgs/ur_msgs_s__rosidl_typesupport_fastrtps_c.cpython-310-x86_64-linux-gnu.so
[23.430s] -- Installing: /ros2_ws/install/ur_msgs/local/lib/python3.10/dist-packages/ur_msgs/ur_msgs_s__rosidl_typesupport_introspection_c.cpython-310-x86_64-linux-gnu.so
[23.430s] -- Installing: /ros2_ws/install/ur_msgs/local/lib/python3.10/dist-packages/ur_msgs/libur_msgs__rosidl_generator_py.so
[23.430s] -- Installing: /ros2_ws/install/ur_msgs/local/lib/python3.10/dist-packages/ur_msgs/__init__.py
[23.430s] -- Installing: /ros2_ws/install/ur_msgs/local/lib/python3.10/dist-packages/ur_msgs/msg
[23.430s] -- Installing: /ros2_ws/install/ur_msgs/local/lib/python3.10/dist-packages/ur_msgs/msg/_robot_state_rt_msg_s.c
[23.430s] -- Installing: /ros2_ws/install/ur_msgs/local/lib/python3.10/dist-packages/ur_msgs/msg/_robot_state_rt_msg.py
[23.430s] -- Installing: /ros2_ws/install/ur_msgs/local/lib/python3.10/dist-packages/ur_msgs/msg/_analog_s.c
[23.430s] -- Installing: /ros2_ws/install/ur_msgs/local/lib/python3.10/dist-packages/ur_msgs/msg/_digital.py
[23.431s] -- Installing: /ros2_ws/install/ur_msgs/local/lib/python3.10/dist-packages/ur_msgs/msg/_analog.py
[23.431s] -- Installing: /ros2_ws/install/ur_msgs/local/lib/python3.10/dist-packages/ur_msgs/msg/_robot_mode_data_msg.py
[23.431s] -- Installing: /ros2_ws/install/ur_msgs/local/lib/python3.10/dist-packages/ur_msgs/msg/_io_states_s.c
[23.431s] -- Installing: /ros2_ws/install/ur_msgs/local/lib/python3.10/dist-packages/ur_msgs/msg/_robot_mode_data_msg_s.c
[23.431s] -- Installing: /ros2_ws/install/ur_msgs/local/lib/python3.10/dist-packages/ur_msgs/msg/_io_states.py
[23.431s] -- Installing: /ros2_ws/install/ur_msgs/local/lib/python3.10/dist-packages/ur_msgs/msg/_digital_s.c
[23.431s] -- Installing: /ros2_ws/install/ur_msgs/local/lib/python3.10/dist-packages/ur_msgs/msg/_masterboard_data_msg.py
[23.431s] -- Installing: /ros2_ws/install/ur_msgs/local/lib/python3.10/dist-packages/ur_msgs/msg/__init__.py
[23.431s] -- Installing: /ros2_ws/install/ur_msgs/local/lib/python3.10/dist-packages/ur_msgs/msg/_tool_data_msg_s.c
[23.431s] -- Installing: /ros2_ws/install/ur_msgs/local/lib/python3.10/dist-packages/ur_msgs/msg/_masterboard_data_msg_s.c
[23.432s] -- Installing: /ros2_ws/install/ur_msgs/local/lib/python3.10/dist-packages/ur_msgs/msg/_tool_data_msg.py
[23.432s] -- Installing: /ros2_ws/install/ur_msgs/local/lib/python3.10/dist-packages/ur_msgs/srv
[23.432s] -- Installing: /ros2_ws/install/ur_msgs/local/lib/python3.10/dist-packages/ur_msgs/srv/_set_analog_output_s.c
[23.432s] -- Installing: /ros2_ws/install/ur_msgs/local/lib/python3.10/dist-packages/ur_msgs/srv/_set_io.py
[23.432s] -- Installing: /ros2_ws/install/ur_msgs/local/lib/python3.10/dist-packages/ur_msgs/srv/_set_analog_output.py
[23.432s] -- Installing: /ros2_ws/install/ur_msgs/local/lib/python3.10/dist-packages/ur_msgs/srv/_set_speed_slider_fraction_s.c
[23.432s] -- Installing: /ros2_ws/install/ur_msgs/local/lib/python3.10/dist-packages/ur_msgs/srv/_set_payload_s.c
[23.432s] -- Installing: /ros2_ws/install/ur_msgs/local/lib/python3.10/dist-packages/ur_msgs/srv/_set_force_mode.py
[23.432s] -- Installing: /ros2_ws/install/ur_msgs/local/lib/python3.10/dist-packages/ur_msgs/srv/_get_robot_software_version_s.c
[23.432s] -- Installing: /ros2_ws/install/ur_msgs/local/lib/python3.10/dist-packages/ur_msgs/srv/_set_io_s.c
[23.433s] -- Installing: /ros2_ws/install/ur_msgs/local/lib/python3.10/dist-packages/ur_msgs/srv/__init__.py
[23.433s] -- Installing: /ros2_ws/install/ur_msgs/local/lib/python3.10/dist-packages/ur_msgs/srv/_set_payload.py
[23.433s] -- Installing: /ros2_ws/install/ur_msgs/local/lib/python3.10/dist-packages/ur_msgs/srv/_set_force_mode_s.c
[23.433s] -- Installing: /ros2_ws/install/ur_msgs/local/lib/python3.10/dist-packages/ur_msgs/srv/_set_speed_slider_fraction.py
[23.433s] -- Installing: /ros2_ws/install/ur_msgs/local/lib/python3.10/dist-packages/ur_msgs/srv/_get_robot_software_version.py
[23.482s] Listing '/ros2_ws/install/ur_msgs/local/lib/python3.10/dist-packages/ur_msgs'...
[23.482s] Compiling '/ros2_ws/install/ur_msgs/local/lib/python3.10/dist-packages/ur_msgs/__init__.py'...
[23.482s] Listing '/ros2_ws/install/ur_msgs/local/lib/python3.10/dist-packages/ur_msgs/msg'...
[23.482s] Compiling '/ros2_ws/install/ur_msgs/local/lib/python3.10/dist-packages/ur_msgs/msg/__init__.py'...
[23.482s] Compiling '/ros2_ws/install/ur_msgs/local/lib/python3.10/dist-packages/ur_msgs/msg/_analog.py'...
[23.482s] Compiling '/ros2_ws/install/ur_msgs/local/lib/python3.10/dist-packages/ur_msgs/msg/_digital.py'...
[23.482s] Compiling '/ros2_ws/install/ur_msgs/local/lib/python3.10/dist-packages/ur_msgs/msg/_io_states.py'...
[23.482s] Compiling '/ros2_ws/install/ur_msgs/local/lib/python3.10/dist-packages/ur_msgs/msg/_masterboard_data_msg.py'...
[23.482s] Compiling '/ros2_ws/install/ur_msgs/local/lib/python3.10/dist-packages/ur_msgs/msg/_robot_mode_data_msg.py'...
[23.482s] Compiling '/ros2_ws/install/ur_msgs/local/lib/python3.10/dist-packages/ur_msgs/msg/_robot_state_rt_msg.py'...
[23.482s] Compiling '/ros2_ws/install/ur_msgs/local/lib/python3.10/dist-packages/ur_msgs/msg/_tool_data_msg.py'...
[23.482s] Listing '/ros2_ws/install/ur_msgs/local/lib/python3.10/dist-packages/ur_msgs/srv'...
[23.482s] Compiling '/ros2_ws/install/ur_msgs/local/lib/python3.10/dist-packages/ur_msgs/srv/__init__.py'...
[23.482s] Compiling '/ros2_ws/install/ur_msgs/local/lib/python3.10/dist-packages/ur_msgs/srv/_get_robot_software_version.py'...
[23.482s] Compiling '/ros2_ws/install/ur_msgs/local/lib/python3.10/dist-packages/ur_msgs/srv/_set_analog_output.py'...
[23.482s] Compiling '/ros2_ws/install/ur_msgs/local/lib/python3.10/dist-packages/ur_msgs/srv/_set_force_mode.py'...
[23.482s] Compiling '/ros2_ws/install/ur_msgs/local/lib/python3.10/dist-packages/ur_msgs/srv/_set_io.py'...
[23.482s] Compiling '/ros2_ws/install/ur_msgs/local/lib/python3.10/dist-packages/ur_msgs/srv/_set_payload.py'...
[23.483s] Compiling '/ros2_ws/install/ur_msgs/local/lib/python3.10/dist-packages/ur_msgs/srv/_set_speed_slider_fraction.py'...
[23.486s] -- Installing: /ros2_ws/install/ur_msgs/local/lib/python3.10/dist-packages/ur_msgs/ur_msgs_s__rosidl_typesupport_fastrtps_c.cpython-310-x86_64-linux-gnu.so
[23.486s] -- Set runtime path of "/ros2_ws/install/ur_msgs/local/lib/python3.10/dist-packages/ur_msgs/ur_msgs_s__rosidl_typesupport_fastrtps_c.cpython-310-x86_64-linux-gnu.so" to ""
[23.486s] -- Installing: /ros2_ws/install/ur_msgs/local/lib/python3.10/dist-packages/ur_msgs/ur_msgs_s__rosidl_typesupport_introspection_c.cpython-310-x86_64-linux-gnu.so
[23.487s] -- Set runtime path of "/ros2_ws/install/ur_msgs/local/lib/python3.10/dist-packages/ur_msgs/ur_msgs_s__rosidl_typesupport_introspection_c.cpython-310-x86_64-linux-gnu.so" to ""
[23.487s] -- Installing: /ros2_ws/install/ur_msgs/local/lib/python3.10/dist-packages/ur_msgs/ur_msgs_s__rosidl_typesupport_c.cpython-310-x86_64-linux-gnu.so
[23.487s] -- Set runtime path of "/ros2_ws/install/ur_msgs/local/lib/python3.10/dist-packages/ur_msgs/ur_msgs_s__rosidl_typesupport_c.cpython-310-x86_64-linux-gnu.so" to ""
[23.487s] -- Installing: /ros2_ws/install/ur_msgs/lib/libur_msgs__rosidl_generator_py.so
[23.488s] -- Set runtime path of "/ros2_ws/install/ur_msgs/lib/libur_msgs__rosidl_generator_py.so" to ""
[23.488s] -- Installing: /ros2_ws/install/ur_msgs/share/ur_msgs/msg/Analog.idl
[23.488s] -- Installing: /ros2_ws/install/ur_msgs/share/ur_msgs/msg/Digital.idl
[23.488s] -- Installing: /ros2_ws/install/ur_msgs/share/ur_msgs/msg/IOStates.idl
[23.488s] -- Installing: /ros2_ws/install/ur_msgs/share/ur_msgs/msg/RobotStateRTMsg.idl
[23.488s] -- Installing: /ros2_ws/install/ur_msgs/share/ur_msgs/msg/MasterboardDataMsg.idl
[23.488s] -- Installing: /ros2_ws/install/ur_msgs/share/ur_msgs/msg/RobotModeDataMsg.idl
[23.488s] -- Installing: /ros2_ws/install/ur_msgs/share/ur_msgs/msg/ToolDataMsg.idl
[23.489s] -- Installing: /ros2_ws/install/ur_msgs/share/ur_msgs/srv/SetAnalogOutput.idl
[23.489s] -- Installing: /ros2_ws/install/ur_msgs/share/ur_msgs/srv/SetPayload.idl
[23.489s] -- Installing: /ros2_ws/install/ur_msgs/share/ur_msgs/srv/SetSpeedSliderFraction.idl
[23.489s] -- Installing: /ros2_ws/install/ur_msgs/share/ur_msgs/srv/SetIO.idl
[23.489s] -- Installing: /ros2_ws/install/ur_msgs/share/ur_msgs/srv/GetRobotSoftwareVersion.idl
[23.489s] -- Installing: /ros2_ws/install/ur_msgs/share/ur_msgs/srv/SetForceMode.idl
[23.489s] -- Installing: /ros2_ws/install/ur_msgs/share/ur_msgs/msg/Analog.msg
[23.489s] -- Installing: /ros2_ws/install/ur_msgs/share/ur_msgs/msg/Digital.msg
[23.489s] -- Installing: /ros2_ws/install/ur_msgs/share/ur_msgs/msg/IOStates.msg
[23.490s] -- Installing: /ros2_ws/install/ur_msgs/share/ur_msgs/msg/RobotStateRTMsg.msg
[23.490s] -- Installing: /ros2_ws/install/ur_msgs/share/ur_msgs/msg/MasterboardDataMsg.msg
[23.490s] -- Installing: /ros2_ws/install/ur_msgs/share/ur_msgs/msg/RobotModeDataMsg.msg
[23.490s] -- Installing: /ros2_ws/install/ur_msgs/share/ur_msgs/msg/ToolDataMsg.msg
[23.490s] -- Installing: /ros2_ws/install/ur_msgs/share/ur_msgs/srv/SetAnalogOutput.srv
[23.490s] -- Installing: /ros2_ws/install/ur_msgs/share/ur_msgs/srv/SetAnalogOutput_Request.msg
[23.490s] -- Installing: /ros2_ws/install/ur_msgs/share/ur_msgs/srv/SetAnalogOutput_Response.msg
[23.490s] -- Installing: /ros2_ws/install/ur_msgs/share/ur_msgs/srv/SetPayload.srv
[23.490s] -- Installing: /ros2_ws/install/ur_msgs/share/ur_msgs/srv/SetPayload_Request.msg
[23.491s] -- Installing: /ros2_ws/install/ur_msgs/share/ur_msgs/srv/SetPayload_Response.msg
[23.491s] -- Installing: /ros2_ws/install/ur_msgs/share/ur_msgs/srv/SetSpeedSliderFraction.srv
[23.491s] -- Installing: /ros2_ws/install/ur_msgs/share/ur_msgs/srv/SetSpeedSliderFraction_Request.msg
[23.491s] -- Installing: /ros2_ws/install/ur_msgs/share/ur_msgs/srv/SetSpeedSliderFraction_Response.msg
[23.491s] -- Installing: /ros2_ws/install/ur_msgs/share/ur_msgs/srv/SetIO.srv
[23.491s] -- Installing: /ros2_ws/install/ur_msgs/share/ur_msgs/srv/SetIO_Request.msg
[23.491s] -- Installing: /ros2_ws/install/ur_msgs/share/ur_msgs/srv/SetIO_Response.msg
[23.491s] -- Installing: /ros2_ws/install/ur_msgs/share/ur_msgs/srv/GetRobotSoftwareVersion.srv
[23.492s] -- Installing: /ros2_ws/install/ur_msgs/share/ur_msgs/srv/GetRobotSoftwareVersion_Request.msg
[23.492s] -- Installing: /ros2_ws/install/ur_msgs/share/ur_msgs/srv/GetRobotSoftwareVersion_Response.msg
[23.492s] -- Installing: /ros2_ws/install/ur_msgs/share/ur_msgs/srv/SetForceMode.srv
[23.492s] -- Installing: /ros2_ws/install/ur_msgs/share/ur_msgs/srv/SetForceMode_Request.msg
[23.492s] -- Installing: /ros2_ws/install/ur_msgs/share/ur_msgs/srv/SetForceMode_Response.msg
[23.492s] -- Installing: /ros2_ws/install/ur_msgs/share/ament_index/resource_index/package_run_dependencies/ur_msgs
[23.492s] -- Installing: /ros2_ws/install/ur_msgs/share/ament_index/resource_index/parent_prefix_path/ur_msgs
[23.492s] -- Installing: /ros2_ws/install/ur_msgs/share/ur_msgs/environment/ament_prefix_path.sh
[23.493s] -- Installing: /ros2_ws/install/ur_msgs/share/ur_msgs/environment/ament_prefix_path.dsv
[23.493s] -- Installing: /ros2_ws/install/ur_msgs/share/ur_msgs/environment/path.sh
[23.493s] -- Installing: /ros2_ws/install/ur_msgs/share/ur_msgs/environment/path.dsv
[23.493s] -- Installing: /ros2_ws/install/ur_msgs/share/ur_msgs/local_setup.bash
[23.493s] -- Installing: /ros2_ws/install/ur_msgs/share/ur_msgs/local_setup.sh
[23.493s] -- Installing: /ros2_ws/install/ur_msgs/share/ur_msgs/local_setup.zsh
[23.493s] -- Installing: /ros2_ws/install/ur_msgs/share/ur_msgs/local_setup.dsv
[23.493s] -- Installing: /ros2_ws/install/ur_msgs/share/ur_msgs/package.dsv
[23.494s] -- Installing: /ros2_ws/install/ur_msgs/share/ament_index/resource_index/packages/ur_msgs
[23.494s] -- Installing: /ros2_ws/install/ur_msgs/share/ur_msgs/cmake/export_ur_msgs__rosidl_generator_cExport.cmake
[23.494s] -- Installing: /ros2_ws/install/ur_msgs/share/ur_msgs/cmake/export_ur_msgs__rosidl_generator_cExport-release.cmake
[23.494s] -- Installing: /ros2_ws/install/ur_msgs/share/ur_msgs/cmake/export_ur_msgs__rosidl_typesupport_fastrtps_cExport.cmake
[23.494s] -- Installing: /ros2_ws/install/ur_msgs/share/ur_msgs/cmake/export_ur_msgs__rosidl_typesupport_fastrtps_cExport-release.cmake
[23.494s] -- Installing: /ros2_ws/install/ur_msgs/share/ur_msgs/cmake/export_ur_msgs__rosidl_generator_cppExport.cmake
[23.495s] -- Installing: /ros2_ws/install/ur_msgs/share/ur_msgs/cmake/export_ur_msgs__rosidl_typesupport_fastrtps_cppExport.cmake
[23.495s] -- Installing: /ros2_ws/install/ur_msgs/share/ur_msgs/cmake/export_ur_msgs__rosidl_typesupport_fastrtps_cppExport-release.cmake
[23.495s] -- Installing: /ros2_ws/install/ur_msgs/share/ur_msgs/cmake/ur_msgs__rosidl_typesupport_introspection_cExport.cmake
[23.495s] -- Installing: /ros2_ws/install/ur_msgs/share/ur_msgs/cmake/ur_msgs__rosidl_typesupport_introspection_cExport-release.cmake
[23.495s] -- Installing: /ros2_ws/install/ur_msgs/share/ur_msgs/cmake/ur_msgs__rosidl_typesupport_cExport.cmake
[23.495s] -- Installing: /ros2_ws/install/ur_msgs/share/ur_msgs/cmake/ur_msgs__rosidl_typesupport_cExport-release.cmake
[23.495s] -- Installing: /ros2_ws/install/ur_msgs/share/ur_msgs/cmake/ur_msgs__rosidl_typesupport_introspection_cppExport.cmake
[23.495s] -- Installing: /ros2_ws/install/ur_msgs/share/ur_msgs/cmake/ur_msgs__rosidl_typesupport_introspection_cppExport-release.cmake
[23.496s] -- Installing: /ros2_ws/install/ur_msgs/share/ur_msgs/cmake/ur_msgs__rosidl_typesupport_cppExport.cmake
[23.496s] -- Installing: /ros2_ws/install/ur_msgs/share/ur_msgs/cmake/ur_msgs__rosidl_typesupport_cppExport-release.cmake
[23.496s] -- Installing: /ros2_ws/install/ur_msgs/share/ur_msgs/cmake/export_ur_msgs__rosidl_generator_pyExport.cmake
[23.496s] -- Installing: /ros2_ws/install/ur_msgs/share/ur_msgs/cmake/export_ur_msgs__rosidl_generator_pyExport-release.cmake
[23.496s] -- Installing: /ros2_ws/install/ur_msgs/share/ur_msgs/cmake/rosidl_cmake-extras.cmake
[23.496s] -- Installing: /ros2_ws/install/ur_msgs/share/ur_msgs/cmake/ament_cmake_export_dependencies-extras.cmake
[23.496s] -- Installing: /ros2_ws/install/ur_msgs/share/ur_msgs/cmake/ament_cmake_export_include_directories-extras.cmake
[23.496s] -- Installing: /ros2_ws/install/ur_msgs/share/ur_msgs/cmake/ament_cmake_export_libraries-extras.cmake
[23.497s] -- Installing: /ros2_ws/install/ur_msgs/share/ur_msgs/cmake/ament_cmake_export_targets-extras.cmake
[23.497s] -- Installing: /ros2_ws/install/ur_msgs/share/ur_msgs/cmake/rosidl_cmake_export_typesupport_targets-extras.cmake
[23.497s] -- Installing: /ros2_ws/install/ur_msgs/share/ur_msgs/cmake/rosidl_cmake_export_typesupport_libraries-extras.cmake
[23.497s] -- Installing: /ros2_ws/install/ur_msgs/share/ur_msgs/cmake/ur_msgsConfig.cmake
[23.497s] -- Installing: /ros2_ws/install/ur_msgs/share/ur_msgs/cmake/ur_msgsConfig-version.cmake
[23.497s] -- Installing: /ros2_ws/install/ur_msgs/share/ur_msgs/package.xml
[23.500s] Invoked command in '/ros2_ws/build/ur_msgs' returned '0': CMAKE_PREFIX_PATH=${CMAKE_PREFIX_PATH}:/opt/ros/humble /usr/bin/cmake --install /ros2_ws/build/ur_msgs
