[0.564s] Invoking command in '/ros2_ws/src/launch_param_builder': PYTHONPATH=/ros2_ws/build/launch_param_builder/prefix_override:/usr/lib/python3/dist-packages/colcon_core/task/python/colcon_distutils_commands:/ros2_ws/install/launch_param_builder/lib/python3.10/site-packages:${PYTHONPATH} /usr/bin/python3 -W ignore:setup.py install is deprecated -W ignore:easy_install command is deprecated setup.py egg_info --egg-base ../../build/launch_param_builder build --build-base /ros2_ws/build/launch_param_builder/build install --record /ros2_ws/build/launch_param_builder/install.log --single-version-externally-managed install_data
[0.780s] running egg_info
[0.780s] creating ../../build/launch_param_builder/launch_param_builder.egg-info
[0.781s] writing ../../build/launch_param_builder/launch_param_builder.egg-info/PKG-INFO
[0.781s] writing dependency_links to ../../build/launch_param_builder/launch_param_builder.egg-info/dependency_links.txt
[0.781s] writing entry points to ../../build/launch_param_builder/launch_param_builder.egg-info/entry_points.txt
[0.781s] writing requirements to ../../build/launch_param_builder/launch_param_builder.egg-info/requires.txt
[0.781s] writing top-level names to ../../build/launch_param_builder/launch_param_builder.egg-info/top_level.txt
[0.781s] writing manifest file '../../build/launch_param_builder/launch_param_builder.egg-info/SOURCES.txt'
[0.783s] reading manifest file '../../build/launch_param_builder/launch_param_builder.egg-info/SOURCES.txt'
[0.783s] adding license file 'LICENSE'
[0.783s] writing manifest file '../../build/launch_param_builder/launch_param_builder.egg-info/SOURCES.txt'
[0.784s] running build
[0.784s] running build_py
[0.784s] creating /ros2_ws/build/launch_param_builder/build
[0.784s] creating /ros2_ws/build/launch_param_builder/build/lib
[0.784s] creating /ros2_ws/build/launch_param_builder/build/lib/launch_param_builder
[0.784s] copying launch_param_builder/utils.py -> /ros2_ws/build/launch_param_builder/build/lib/launch_param_builder
[0.784s] copying launch_param_builder/launch_param_builder.py -> /ros2_ws/build/launch_param_builder/build/lib/launch_param_builder
[0.784s] copying launch_param_builder/__init__.py -> /ros2_ws/build/launch_param_builder/build/lib/launch_param_builder
[0.784s] running install
[0.784s] running install_lib
[0.785s] creating /ros2_ws/install/launch_param_builder/lib/python3.10/site-packages/launch_param_builder
[0.785s] copying /ros2_ws/build/launch_param_builder/build/lib/launch_param_builder/utils.py -> /ros2_ws/install/launch_param_builder/lib/python3.10/site-packages/launch_param_builder
[0.785s] copying /ros2_ws/build/launch_param_builder/build/lib/launch_param_builder/launch_param_builder.py -> /ros2_ws/install/launch_param_builder/lib/python3.10/site-packages/launch_param_builder
[0.785s] copying /ros2_ws/build/launch_param_builder/build/lib/launch_param_builder/__init__.py -> /ros2_ws/install/launch_param_builder/lib/python3.10/site-packages/launch_param_builder
[0.786s] byte-compiling /ros2_ws/install/launch_param_builder/lib/python3.10/site-packages/launch_param_builder/utils.py to utils.cpython-310.pyc
[0.786s] byte-compiling /ros2_ws/install/launch_param_builder/lib/python3.10/site-packages/launch_param_builder/launch_param_builder.py to launch_param_builder.cpython-310.pyc
[0.787s] byte-compiling /ros2_ws/install/launch_param_builder/lib/python3.10/site-packages/launch_param_builder/__init__.py to __init__.cpython-310.pyc
[0.787s] running install_data
[0.787s] creating /ros2_ws/install/launch_param_builder/share/ament_index
[0.787s] creating /ros2_ws/install/launch_param_builder/share/ament_index/resource_index
[0.787s] creating /ros2_ws/install/launch_param_builder/share/ament_index/resource_index/packages
[0.787s] copying resource/launch_param_builder -> /ros2_ws/install/launch_param_builder/share/ament_index/resource_index/packages
[0.788s] creating /ros2_ws/install/launch_param_builder/share/launch_param_builder/launch
[0.788s] copying example/launch_param_builder_example.launch.py -> /ros2_ws/install/launch_param_builder/share/launch_param_builder/launch
[0.788s] creating /ros2_ws/install/launch_param_builder/share/launch_param_builder/config
[0.788s] copying test/data/parameters_injection.yaml -> /ros2_ws/install/launch_param_builder/share/launch_param_builder/config
[0.788s] copying test/data/parameter.xacro -> /ros2_ws/install/launch_param_builder/share/launch_param_builder/config
[0.788s] copying test/data/param_file_to_inject.yaml -> /ros2_ws/install/launch_param_builder/share/launch_param_builder/config
[0.788s] copying test/data/parameters.yaml -> /ros2_ws/install/launch_param_builder/share/launch_param_builder/config
[0.788s] copying test/data/parameter_file -> /ros2_ws/install/launch_param_builder/share/launch_param_builder/config
[0.788s] copying package.xml -> /ros2_ws/install/launch_param_builder/share/launch_param_builder
[0.788s] creating /ros2_ws/install/launch_param_builder/lib/launch_param_builder
[0.788s] copying example/example_node.py -> /ros2_ws/install/launch_param_builder/lib/launch_param_builder
[0.789s] running install_egg_info
[0.791s] Copying ../../build/launch_param_builder/launch_param_builder.egg-info to /ros2_ws/install/launch_param_builder/lib/python3.10/site-packages/launch_param_builder-0.1.1-py3.10.egg-info
[0.791s] running install_scripts
[0.813s] writing list of installed files to '/ros2_ws/build/launch_param_builder/install.log'
[0.834s] Invoked command in '/ros2_ws/src/launch_param_builder' returned '0': PYTHONPATH=/ros2_ws/build/launch_param_builder/prefix_override:/usr/lib/python3/dist-packages/colcon_core/task/python/colcon_distutils_commands:/ros2_ws/install/launch_param_builder/lib/python3.10/site-packages:${PYTHONPATH} /usr/bin/python3 -W ignore:setup.py install is deprecated -W ignore:easy_install command is deprecated setup.py egg_info --egg-base ../../build/launch_param_builder build --build-base /ros2_ws/build/launch_param_builder/build install --record /ros2_ws/build/launch_param_builder/install.log --single-version-externally-managed install_data
