[0.078s] Invoking command in '/ros2_ws/build/rosparam_shortcuts': CMAKE_PREFIX_PATH=/opt/ros/humble /usr/bin/cmake --build /ros2_ws/build/rosparam_shortcuts -- -j8 -l8
[0.222s] [ 30%] Built target gtest_main
[0.222s] [ 30%] Built target gtest
[0.236s] [ 53%] Built target rosparam_shortcuts
[0.322s] [ 69%] Built target rosparam_shortcuts_example
[0.353s] [ 84%] Built target test_node_parameters
[0.361s] [100%] Built target rosparam_shortcuts_node_parameters_example
[0.424s] Invoked command in '/ros2_ws/build/rosparam_shortcuts' returned '0': CMAKE_PREFIX_PATH=/opt/ros/humble /usr/bin/cmake --build /ros2_ws/build/rosparam_shortcuts -- -j8 -l8
[0.425s] Invoking command in '/ros2_ws/build/rosparam_shortcuts': CMAKE_PREFIX_PATH=/opt/ros/humble /usr/bin/cmake --install /ros2_ws/build/rosparam_shortcuts
[0.482s] -- Install configuration: ""
[0.487s] -- Up-to-date: /ros2_ws/install/rosparam_shortcuts/lib/librosparam_shortcuts.so
[0.487s] -- Up-to-date: /ros2_ws/install/rosparam_shortcuts/lib/rosparam_shortcuts/example
[0.492s] -- Up-to-date: /ros2_ws/install/rosparam_shortcuts/lib/rosparam_shortcuts/node_parameters_example
[0.493s] -- Up-to-date: /ros2_ws/install/rosparam_shortcuts/include
[0.493s] -- Up-to-date: /ros2_ws/install/rosparam_shortcuts/include/rosparam_shortcuts
[0.493s] -- Up-to-date: /ros2_ws/install/rosparam_shortcuts/include/rosparam_shortcuts/rosparam_shortcuts.h
[0.493s] -- Up-to-date: /ros2_ws/install/rosparam_shortcuts/include/rosparam_shortcuts/node_parameters.h
[0.493s] -- Up-to-date: /ros2_ws/install/rosparam_shortcuts/share/rosparam_shortcuts/launch
[0.493s] -- Up-to-date: /ros2_ws/install/rosparam_shortcuts/share/rosparam_shortcuts/launch/example.launch.py
[0.493s] -- Up-to-date: /ros2_ws/install/rosparam_shortcuts/share/rosparam_shortcuts/config
[0.493s] -- Up-to-date: /ros2_ws/install/rosparam_shortcuts/share/rosparam_shortcuts/config/example.yaml
[0.493s] -- Up-to-date: /ros2_ws/install/rosparam_shortcuts/share/rosparam_shortcuts/environment/library_path.sh
[0.494s] -- Up-to-date: /ros2_ws/install/rosparam_shortcuts/share/rosparam_shortcuts/environment/library_path.dsv
[0.494s] -- Up-to-date: /ros2_ws/install/rosparam_shortcuts/share/ament_index/resource_index/package_run_dependencies/rosparam_shortcuts
[0.494s] -- Up-to-date: /ros2_ws/install/rosparam_shortcuts/share/ament_index/resource_index/parent_prefix_path/rosparam_shortcuts
[0.494s] -- Up-to-date: /ros2_ws/install/rosparam_shortcuts/share/rosparam_shortcuts/environment/ament_prefix_path.sh
[0.494s] -- Up-to-date: /ros2_ws/install/rosparam_shortcuts/share/rosparam_shortcuts/environment/ament_prefix_path.dsv
[0.494s] -- Up-to-date: /ros2_ws/install/rosparam_shortcuts/share/rosparam_shortcuts/environment/path.sh
[0.494s] -- Up-to-date: /ros2_ws/install/rosparam_shortcuts/share/rosparam_shortcuts/environment/path.dsv
[0.494s] -- Up-to-date: /ros2_ws/install/rosparam_shortcuts/share/rosparam_shortcuts/local_setup.bash
[0.494s] -- Up-to-date: /ros2_ws/install/rosparam_shortcuts/share/rosparam_shortcuts/local_setup.sh
[0.494s] -- Up-to-date: /ros2_ws/install/rosparam_shortcuts/share/rosparam_shortcuts/local_setup.zsh
[0.495s] -- Up-to-date: /ros2_ws/install/rosparam_shortcuts/share/rosparam_shortcuts/local_setup.dsv
[0.495s] -- Up-to-date: /ros2_ws/install/rosparam_shortcuts/share/rosparam_shortcuts/package.dsv
[0.495s] -- Up-to-date: /ros2_ws/install/rosparam_shortcuts/share/ament_index/resource_index/packages/rosparam_shortcuts
[0.495s] -- Up-to-date: /ros2_ws/install/rosparam_shortcuts/share/rosparam_shortcuts/cmake/export_rosparam_shortcutsExport.cmake
[0.495s] -- Up-to-date: /ros2_ws/install/rosparam_shortcuts/share/rosparam_shortcuts/cmake/export_rosparam_shortcutsExport-noconfig.cmake
[0.495s] -- Up-to-date: /ros2_ws/install/rosparam_shortcuts/share/rosparam_shortcuts/cmake/ament_cmake_export_targets-extras.cmake
[0.495s] -- Up-to-date: /ros2_ws/install/rosparam_shortcuts/share/rosparam_shortcuts/cmake/ament_cmake_export_dependencies-extras.cmake
[0.495s] -- Up-to-date: /ros2_ws/install/rosparam_shortcuts/share/rosparam_shortcuts/cmake/rosparam_shortcutsConfig.cmake
[0.495s] -- Up-to-date: /ros2_ws/install/rosparam_shortcuts/share/rosparam_shortcuts/cmake/rosparam_shortcutsConfig-version.cmake
[0.495s] -- Up-to-date: /ros2_ws/install/rosparam_shortcuts/share/rosparam_shortcuts/package.xml
[0.502s] Invoked command in '/ros2_ws/build/rosparam_shortcuts' returned '0': CMAKE_PREFIX_PATH=/opt/ros/humble /usr/bin/cmake --install /ros2_ws/build/rosparam_shortcuts
