[0.016s] Invoking command in '/ros2_ws/build/ur_calibration': CMAKE_PREFIX_PATH=/ros2_ws/install/ur_robot_driver:/ros2_ws/install/ur_controllers:/ros2_ws/install/ur_msgs:/ros2_ws/install/ur_dashboard_msgs:/ros2_ws/install/ur:/ros2_ws/install/ur_calibration:/ros2_ws/install/ur_bringup:/ros2_ws/install/ur_moveit_config:/opt/ros/humble /usr/bin/cmake --build /ros2_ws/build/ur_calibration -- -j8 -l8
[0.069s] [ 41%] Built target gmock_main
[0.069s] [ 41%] Built target gmock
[0.074s] [ 66%] Built target calibration
[0.103s] [100%] Built target calibration_test
[0.103s] [100%] Built target calibration_correction
[0.114s] Invoked command in '/ros2_ws/build/ur_calibration' returned '0': CMAKE_PREFIX_PATH=/ros2_ws/install/ur_robot_driver:/ros2_ws/install/ur_controllers:/ros2_ws/install/ur_msgs:/ros2_ws/install/ur_dashboard_msgs:/ros2_ws/install/ur:/ros2_ws/install/ur_calibration:/ros2_ws/install/ur_bringup:/ros2_ws/install/ur_moveit_config:/opt/ros/humble /usr/bin/cmake --build /ros2_ws/build/ur_calibration -- -j8 -l8
[0.115s] Invoking command in '/ros2_ws/build/ur_calibration': CMAKE_PREFIX_PATH=/ros2_ws/install/ur_robot_driver:/ros2_ws/install/ur_controllers:/ros2_ws/install/ur_msgs:/ros2_ws/install/ur_dashboard_msgs:/ros2_ws/install/ur:/ros2_ws/install/ur_calibration:/ros2_ws/install/ur_bringup:/ros2_ws/install/ur_moveit_config:/opt/ros/humble /usr/bin/cmake --install /ros2_ws/build/ur_calibration
[0.122s] -- Install configuration: "Release"
[0.122s] -- Up-to-date: /ros2_ws/install/ur_calibration/lib/ur_calibration/calibration_correction
[0.122s] -- Up-to-date: /ros2_ws/install/ur_calibration/include
[0.123s] -- Up-to-date: /ros2_ws/install/ur_calibration/include/ur_calibration
[0.123s] -- Up-to-date: /ros2_ws/install/ur_calibration/include/ur_calibration/calibration_consumer.hpp
[0.123s] -- Up-to-date: /ros2_ws/install/ur_calibration/include/ur_calibration/calibration.hpp
[0.123s] -- Up-to-date: /ros2_ws/install/ur_calibration/share/ur_calibration/launch
[0.123s] -- Up-to-date: /ros2_ws/install/ur_calibration/share/ur_calibration/launch/calibration_correction.launch.py
[0.123s] -- Up-to-date: /ros2_ws/install/ur_calibration/share/ament_index/resource_index/package_run_dependencies/ur_calibration
[0.123s] -- Up-to-date: /ros2_ws/install/ur_calibration/share/ament_index/resource_index/parent_prefix_path/ur_calibration
[0.123s] -- Up-to-date: /ros2_ws/install/ur_calibration/share/ur_calibration/environment/ament_prefix_path.sh
[0.123s] -- Up-to-date: /ros2_ws/install/ur_calibration/share/ur_calibration/environment/ament_prefix_path.dsv
[0.123s] -- Up-to-date: /ros2_ws/install/ur_calibration/share/ur_calibration/environment/path.sh
[0.123s] -- Up-to-date: /ros2_ws/install/ur_calibration/share/ur_calibration/environment/path.dsv
[0.123s] -- Up-to-date: /ros2_ws/install/ur_calibration/share/ur_calibration/local_setup.bash
[0.123s] -- Up-to-date: /ros2_ws/install/ur_calibration/share/ur_calibration/local_setup.sh
[0.123s] -- Up-to-date: /ros2_ws/install/ur_calibration/share/ur_calibration/local_setup.zsh
[0.123s] -- Up-to-date: /ros2_ws/install/ur_calibration/share/ur_calibration/local_setup.dsv
[0.123s] -- Installing: /ros2_ws/install/ur_calibration/share/ur_calibration/package.dsv
[0.123s] -- Up-to-date: /ros2_ws/install/ur_calibration/share/ament_index/resource_index/packages/ur_calibration
[0.123s] -- Up-to-date: /ros2_ws/install/ur_calibration/share/ur_calibration/cmake/ament_cmake_export_include_directories-extras.cmake
[0.124s] -- Up-to-date: /ros2_ws/install/ur_calibration/share/ur_calibration/cmake/ament_cmake_export_dependencies-extras.cmake
[0.124s] -- Up-to-date: /ros2_ws/install/ur_calibration/share/ur_calibration/cmake/ur_calibrationConfig.cmake
[0.124s] -- Up-to-date: /ros2_ws/install/ur_calibration/share/ur_calibration/cmake/ur_calibrationConfig-version.cmake
[0.124s] -- Up-to-date: /ros2_ws/install/ur_calibration/share/ur_calibration/package.xml
[0.126s] Invoked command in '/ros2_ws/build/ur_calibration' returned '0': CMAKE_PREFIX_PATH=/ros2_ws/install/ur_robot_driver:/ros2_ws/install/ur_controllers:/ros2_ws/install/ur_msgs:/ros2_ws/install/ur_dashboard_msgs:/ros2_ws/install/ur:/ros2_ws/install/ur_calibration:/ros2_ws/install/ur_bringup:/ros2_ws/install/ur_moveit_config:/opt/ros/humble /usr/bin/cmake --install /ros2_ws/build/ur_calibration
