[2.509s] Invoking command in '/ros2_ws/src/moveit2/moveit_configs_utils': AMENT_PREFIX_PATH=/ros2_ws/install/srdfdom:/ros2_ws/install/launch_param_builder:${AMENT_PREFIX_PATH} CMAKE_PREFIX_PATH=/ros2_ws/install/srdfdom LD_LIBRARY_PATH=/ros2_ws/install/srdfdom/lib:${LD_LIBRARY_PATH} PYTHONPATH=/ros2_ws/build/moveit_configs_utils/prefix_override:/usr/lib/python3/dist-packages/colcon_core/task/python/colcon_distutils_commands:/ros2_ws/install/moveit_configs_utils/lib/python3.10/site-packages:/ros2_ws/install/srdfdom/local/lib/python3.10/dist-packages:/ros2_ws/install/launch_param_builder/lib/python3.10/site-packages:${PYTHONPATH} /usr/bin/python3 -W ignore:setup.py install is deprecated -W ignore:easy_install command is deprecated setup.py egg_info --egg-base ../../../build/moveit_configs_utils build --build-base /ros2_ws/build/moveit_configs_utils/build install --record /ros2_ws/build/moveit_configs_utils/install.log --single-version-externally-managed install_data
[3.585s] running egg_info
[3.589s] writing ../../../build/moveit_configs_utils/moveit_configs_utils.egg-info/PKG-INFO
[3.589s] writing dependency_links to ../../../build/moveit_configs_utils/moveit_configs_utils.egg-info/dependency_links.txt
[3.590s] writing entry points to ../../../build/moveit_configs_utils/moveit_configs_utils.egg-info/entry_points.txt
[3.591s] writing requirements to ../../../build/moveit_configs_utils/moveit_configs_utils.egg-info/requires.txt
[3.592s] writing top-level names to ../../../build/moveit_configs_utils/moveit_configs_utils.egg-info/top_level.txt
[3.600s] reading manifest file '../../../build/moveit_configs_utils/moveit_configs_utils.egg-info/SOURCES.txt'
[3.604s] writing manifest file '../../../build/moveit_configs_utils/moveit_configs_utils.egg-info/SOURCES.txt'
[3.605s] running build
[3.606s] running build_py
[3.608s] running install
[3.610s] running install_lib
[3.615s] running install_data
[3.617s] running install_egg_info
[3.624s] removing '/ros2_ws/install/moveit_configs_utils/lib/python3.10/site-packages/moveit_configs_utils-2.5.7-py3.10.egg-info' (and everything under it)
[3.626s] Copying ../../../build/moveit_configs_utils/moveit_configs_utils.egg-info to /ros2_ws/install/moveit_configs_utils/lib/python3.10/site-packages/moveit_configs_utils-2.5.7-py3.10.egg-info
[3.630s] running install_scripts
[3.718s] writing list of installed files to '/ros2_ws/build/moveit_configs_utils/install.log'
[3.788s] Invoked command in '/ros2_ws/src/moveit2/moveit_configs_utils' returned '0': AMENT_PREFIX_PATH=/ros2_ws/install/srdfdom:/ros2_ws/install/launch_param_builder:${AMENT_PREFIX_PATH} CMAKE_PREFIX_PATH=/ros2_ws/install/srdfdom LD_LIBRARY_PATH=/ros2_ws/install/srdfdom/lib:${LD_LIBRARY_PATH} PYTHONPATH=/ros2_ws/build/moveit_configs_utils/prefix_override:/usr/lib/python3/dist-packages/colcon_core/task/python/colcon_distutils_commands:/ros2_ws/install/moveit_configs_utils/lib/python3.10/site-packages:/ros2_ws/install/srdfdom/local/lib/python3.10/dist-packages:/ros2_ws/install/launch_param_builder/lib/python3.10/site-packages:${PYTHONPATH} /usr/bin/python3 -W ignore:setup.py install is deprecated -W ignore:easy_install command is deprecated setup.py egg_info --egg-base ../../../build/moveit_configs_utils build --build-base /ros2_ws/build/moveit_configs_utils/build install --record /ros2_ws/build/moveit_configs_utils/install.log --single-version-externally-managed install_data
