[0.015s] Invoking command in '/ros2_ws/build/ur_bringup': AMENT_PREFIX_PATH=/ros2_ws/install/ur_controllers:${AMENT_PREFIX_PATH} CMAKE_PREFIX_PATH=/ros2_ws/install/ur_controllers:/ros2_ws/install/ur_msgs:/ros2_ws/install/ur_dashboard_msgs:/ros2_ws/install/ur_moveit_config:/opt/ros/humble LD_LIBRARY_PATH=/ros2_ws/install/ur_controllers/lib:${LD_LIBRARY_PATH} /usr/bin/cmake --build /ros2_ws/build/ur_bringup -- -j8 -l8
[0.054s] Invoked command in '/ros2_ws/build/ur_bringup' returned '0': AMENT_PREFIX_PATH=/ros2_ws/install/ur_controllers:${AMENT_PREFIX_PATH} CMAKE_PREFIX_PATH=/ros2_ws/install/ur_controllers:/ros2_ws/install/ur_msgs:/ros2_ws/install/ur_dashboard_msgs:/ros2_ws/install/ur_moveit_config:/opt/ros/humble LD_LIBRARY_PATH=/ros2_ws/install/ur_controllers/lib:${LD_LIBRARY_PATH} /usr/bin/cmake --build /ros2_ws/build/ur_bringup -- -j8 -l8
[0.056s] Invoking command in '/ros2_ws/build/ur_bringup': AMENT_PREFIX_PATH=/ros2_ws/install/ur_controllers:${AMENT_PREFIX_PATH} CMAKE_PREFIX_PATH=/ros2_ws/install/ur_controllers:/ros2_ws/install/ur_msgs:/ros2_ws/install/ur_dashboard_msgs:/ros2_ws/install/ur_moveit_config:/opt/ros/humble LD_LIBRARY_PATH=/ros2_ws/install/ur_controllers/lib:${LD_LIBRARY_PATH} /usr/bin/cmake --install /ros2_ws/build/ur_bringup
[0.064s] -- Install configuration: "Release"
[0.064s] -- Up-to-date: /ros2_ws/install/ur_bringup/share/ur_bringup/config
[0.064s] -- Up-to-date: /ros2_ws/install/ur_bringup/share/ur_bringup/config/test_velocity_goal_publishers_config.yaml
[0.064s] -- Up-to-date: /ros2_ws/install/ur_bringup/share/ur_bringup/config/ur5e_update_rate.yaml
[0.066s] -- Up-to-date: /ros2_ws/install/ur_bringup/share/ur_bringup/config/ur3e_update_rate.yaml
[0.066s] -- Up-to-date: /ros2_ws/install/ur_bringup/share/ur_bringup/config/ur16e_update_rate.yaml
[0.066s] -- Up-to-date: /ros2_ws/install/ur_bringup/share/ur_bringup/config/ur5_update_rate.yaml
[0.066s] -- Up-to-date: /ros2_ws/install/ur_bringup/share/ur_bringup/config/ur_controllers.yaml
[0.066s] -- Up-to-date: /ros2_ws/install/ur_bringup/share/ur_bringup/config/ur10e_update_rate.yaml
[0.066s] -- Up-to-date: /ros2_ws/install/ur_bringup/share/ur_bringup/config/ur3_update_rate.yaml
[0.066s] -- Up-to-date: /ros2_ws/install/ur_bringup/share/ur_bringup/config/ur10_update_rate.yaml
[0.066s] -- Up-to-date: /ros2_ws/install/ur_bringup/share/ur_bringup/config/test_goal_publishers_config.yaml
[0.067s] -- Up-to-date: /ros2_ws/install/ur_bringup/share/ur_bringup/launch
[0.067s] -- Up-to-date: /ros2_ws/install/ur_bringup/share/ur_bringup/launch/ur5e.launch.py
[0.067s] -- Up-to-date: /ros2_ws/install/ur_bringup/share/ur_bringup/launch/test_forward_velocity_controller.launch.py
[0.067s] -- Up-to-date: /ros2_ws/install/ur_bringup/share/ur_bringup/launch/ur16e.launch.py
[0.067s] -- Up-to-date: /ros2_ws/install/ur_bringup/share/ur_bringup/launch/ur10.launch.py
[0.067s] -- Up-to-date: /ros2_ws/install/ur_bringup/share/ur_bringup/launch/ur_dashboard_client.launch.py
[0.067s] -- Up-to-date: /ros2_ws/install/ur_bringup/share/ur_bringup/launch/ur10e.launch.py
[0.067s] -- Up-to-date: /ros2_ws/install/ur_bringup/share/ur_bringup/launch/ur5.launch.py
[0.067s] -- Up-to-date: /ros2_ws/install/ur_bringup/share/ur_bringup/launch/ur3e.launch.py
[0.067s] -- Up-to-date: /ros2_ws/install/ur_bringup/share/ur_bringup/launch/ur3.launch.py
[0.067s] -- Up-to-date: /ros2_ws/install/ur_bringup/share/ur_bringup/launch/test_joint_trajectory_controller.launch.py
[0.068s] -- Up-to-date: /ros2_ws/install/ur_bringup/share/ur_bringup/launch/test_scaled_joint_trajectory_controller.launch.py
[0.068s] -- Up-to-date: /ros2_ws/install/ur_bringup/share/ur_bringup/launch/ur_control.launch.py
[0.068s] -- Up-to-date: /ros2_ws/install/ur_bringup/lib/ur_bringup/start_ursim.sh
[0.068s] -- Up-to-date: /ros2_ws/install/ur_bringup/share/ament_index/resource_index/package_run_dependencies/ur_bringup
[0.068s] -- Up-to-date: /ros2_ws/install/ur_bringup/share/ament_index/resource_index/parent_prefix_path/ur_bringup
[0.068s] -- Up-to-date: /ros2_ws/install/ur_bringup/share/ur_bringup/environment/ament_prefix_path.sh
[0.068s] -- Up-to-date: /ros2_ws/install/ur_bringup/share/ur_bringup/environment/ament_prefix_path.dsv
[0.069s] -- Up-to-date: /ros2_ws/install/ur_bringup/share/ur_bringup/environment/path.sh
[0.069s] -- Up-to-date: /ros2_ws/install/ur_bringup/share/ur_bringup/environment/path.dsv
[0.069s] -- Up-to-date: /ros2_ws/install/ur_bringup/share/ur_bringup/local_setup.bash
[0.069s] -- Up-to-date: /ros2_ws/install/ur_bringup/share/ur_bringup/local_setup.sh
[0.069s] -- Up-to-date: /ros2_ws/install/ur_bringup/share/ur_bringup/local_setup.zsh
[0.070s] -- Up-to-date: /ros2_ws/install/ur_bringup/share/ur_bringup/local_setup.dsv
[0.070s] -- Up-to-date: /ros2_ws/install/ur_bringup/share/ur_bringup/package.dsv
[0.070s] -- Up-to-date: /ros2_ws/install/ur_bringup/share/ament_index/resource_index/packages/ur_bringup
[0.070s] -- Up-to-date: /ros2_ws/install/ur_bringup/share/ur_bringup/cmake/ur_bringupConfig.cmake
[0.070s] -- Up-to-date: /ros2_ws/install/ur_bringup/share/ur_bringup/cmake/ur_bringupConfig-version.cmake
[0.070s] -- Up-to-date: /ros2_ws/install/ur_bringup/share/ur_bringup/package.xml
[0.072s] Invoked command in '/ros2_ws/build/ur_bringup' returned '0': AMENT_PREFIX_PATH=/ros2_ws/install/ur_controllers:${AMENT_PREFIX_PATH} CMAKE_PREFIX_PATH=/ros2_ws/install/ur_controllers:/ros2_ws/install/ur_msgs:/ros2_ws/install/ur_dashboard_msgs:/ros2_ws/install/ur_moveit_config:/opt/ros/humble LD_LIBRARY_PATH=/ros2_ws/install/ur_controllers/lib:${LD_LIBRARY_PATH} /usr/bin/cmake --install /ros2_ws/build/ur_bringup
