[0.550s] Invoking command in '/ros2_ws/src/moveit2/moveit_configs_utils': AMENT_PREFIX_PATH=/ros2_ws/install/srdfdom:/ros2_ws/install/launch_param_builder:${AMENT_PREFIX_PATH} CMAKE_PREFIX_PATH=/ros2_ws/install/srdfdom:${CMAKE_PREFIX_PATH} LD_LIBRARY_PATH=/ros2_ws/install/srdfdom/lib:${LD_LIBRARY_PATH} PYTHONPATH=/ros2_ws/build/moveit_configs_utils/prefix_override:/usr/lib/python3/dist-packages/colcon_core/task/python/colcon_distutils_commands:/ros2_ws/install/moveit_configs_utils/lib/python3.10/site-packages:/ros2_ws/install/srdfdom/local/lib/python3.10/dist-packages:/ros2_ws/install/launch_param_builder/lib/python3.10/site-packages:${PYTHONPATH} /usr/bin/python3 -W ignore:setup.py install is deprecated -W ignore:easy_install command is deprecated setup.py egg_info --egg-base ../../../build/moveit_configs_utils build --build-base /ros2_ws/build/moveit_configs_utils/build install --record /ros2_ws/build/moveit_configs_utils/install.log --single-version-externally-managed install_data
[0.756s] running egg_info
[0.756s] creating ../../../build/moveit_configs_utils/moveit_configs_utils.egg-info
[0.756s] writing ../../../build/moveit_configs_utils/moveit_configs_utils.egg-info/PKG-INFO
[0.757s] writing dependency_links to ../../../build/moveit_configs_utils/moveit_configs_utils.egg-info/dependency_links.txt
[0.757s] writing entry points to ../../../build/moveit_configs_utils/moveit_configs_utils.egg-info/entry_points.txt
[0.757s] writing requirements to ../../../build/moveit_configs_utils/moveit_configs_utils.egg-info/requires.txt
[0.757s] writing top-level names to ../../../build/moveit_configs_utils/moveit_configs_utils.egg-info/top_level.txt
[0.757s] writing manifest file '../../../build/moveit_configs_utils/moveit_configs_utils.egg-info/SOURCES.txt'
[0.759s] reading manifest file '../../../build/moveit_configs_utils/moveit_configs_utils.egg-info/SOURCES.txt'
[0.760s] writing manifest file '../../../build/moveit_configs_utils/moveit_configs_utils.egg-info/SOURCES.txt'
[0.760s] running build
[0.760s] running build_py
[0.760s] creating /ros2_ws/build/moveit_configs_utils/build
[0.761s] creating /ros2_ws/build/moveit_configs_utils/build/lib
[0.761s] creating /ros2_ws/build/moveit_configs_utils/build/lib/moveit_configs_utils
[0.761s] copying moveit_configs_utils/launch_utils.py -> /ros2_ws/build/moveit_configs_utils/build/lib/moveit_configs_utils
[0.761s] copying moveit_configs_utils/moveit_configs_builder.py -> /ros2_ws/build/moveit_configs_utils/build/lib/moveit_configs_utils
[0.761s] copying moveit_configs_utils/__init__.py -> /ros2_ws/build/moveit_configs_utils/build/lib/moveit_configs_utils
[0.761s] copying moveit_configs_utils/launches.py -> /ros2_ws/build/moveit_configs_utils/build/lib/moveit_configs_utils
[0.761s] creating /ros2_ws/build/moveit_configs_utils/build/lib/moveit_configs_utils/substitutions
[0.761s] copying moveit_configs_utils/substitutions/xacro.py -> /ros2_ws/build/moveit_configs_utils/build/lib/moveit_configs_utils/substitutions
[0.761s] copying moveit_configs_utils/substitutions/__init__.py -> /ros2_ws/build/moveit_configs_utils/build/lib/moveit_configs_utils/substitutions
[0.762s] running install
[0.762s] running install_lib
[0.763s] creating /ros2_ws/install/moveit_configs_utils/lib/python3.10/site-packages/moveit_configs_utils
[0.763s] copying /ros2_ws/build/moveit_configs_utils/build/lib/moveit_configs_utils/launch_utils.py -> /ros2_ws/install/moveit_configs_utils/lib/python3.10/site-packages/moveit_configs_utils
[0.763s] creating /ros2_ws/install/moveit_configs_utils/lib/python3.10/site-packages/moveit_configs_utils/substitutions
[0.763s] copying /ros2_ws/build/moveit_configs_utils/build/lib/moveit_configs_utils/substitutions/xacro.py -> /ros2_ws/install/moveit_configs_utils/lib/python3.10/site-packages/moveit_configs_utils/substitutions
[0.763s] copying /ros2_ws/build/moveit_configs_utils/build/lib/moveit_configs_utils/substitutions/__init__.py -> /ros2_ws/install/moveit_configs_utils/lib/python3.10/site-packages/moveit_configs_utils/substitutions
[0.763s] copying /ros2_ws/build/moveit_configs_utils/build/lib/moveit_configs_utils/moveit_configs_builder.py -> /ros2_ws/install/moveit_configs_utils/lib/python3.10/site-packages/moveit_configs_utils
[0.764s] copying /ros2_ws/build/moveit_configs_utils/build/lib/moveit_configs_utils/__init__.py -> /ros2_ws/install/moveit_configs_utils/lib/python3.10/site-packages/moveit_configs_utils
[0.764s] copying /ros2_ws/build/moveit_configs_utils/build/lib/moveit_configs_utils/launches.py -> /ros2_ws/install/moveit_configs_utils/lib/python3.10/site-packages/moveit_configs_utils
[0.764s] byte-compiling /ros2_ws/install/moveit_configs_utils/lib/python3.10/site-packages/moveit_configs_utils/launch_utils.py to launch_utils.cpython-310.pyc
[0.765s] byte-compiling /ros2_ws/install/moveit_configs_utils/lib/python3.10/site-packages/moveit_configs_utils/substitutions/xacro.py to xacro.cpython-310.pyc
[0.765s] byte-compiling /ros2_ws/install/moveit_configs_utils/lib/python3.10/site-packages/moveit_configs_utils/substitutions/__init__.py to __init__.cpython-310.pyc
[0.766s] byte-compiling /ros2_ws/install/moveit_configs_utils/lib/python3.10/site-packages/moveit_configs_utils/moveit_configs_builder.py to moveit_configs_builder.cpython-310.pyc
[0.768s] byte-compiling /ros2_ws/install/moveit_configs_utils/lib/python3.10/site-packages/moveit_configs_utils/__init__.py to __init__.cpython-310.pyc
[0.768s] byte-compiling /ros2_ws/install/moveit_configs_utils/lib/python3.10/site-packages/moveit_configs_utils/launches.py to launches.cpython-310.pyc
[0.769s] running install_data
[0.769s] creating /ros2_ws/install/moveit_configs_utils/share/ament_index
[0.769s] creating /ros2_ws/install/moveit_configs_utils/share/ament_index/resource_index
[0.769s] creating /ros2_ws/install/moveit_configs_utils/share/ament_index/resource_index/packages
[0.769s] copying resource/moveit_configs_utils -> /ros2_ws/install/moveit_configs_utils/share/ament_index/resource_index/packages
[0.770s] copying package.xml -> /ros2_ws/install/moveit_configs_utils/share/moveit_configs_utils
[0.770s] creating /ros2_ws/install/moveit_configs_utils/share/moveit_configs_utils/default_configs
[0.770s] copying default_configs/pilz_industrial_motion_planner_planning.yaml -> /ros2_ws/install/moveit_configs_utils/share/moveit_configs_utils/default_configs
[0.770s] copying default_configs/ompl_planning.yaml -> /ros2_ws/install/moveit_configs_utils/share/moveit_configs_utils/default_configs
[0.770s] copying default_configs/ompl_defaults.yaml -> /ros2_ws/install/moveit_configs_utils/share/moveit_configs_utils/default_configs
[0.770s] copying default_configs/chomp_planning.yaml -> /ros2_ws/install/moveit_configs_utils/share/moveit_configs_utils/default_configs
[0.770s] running install_egg_info
[0.772s] Copying ../../../build/moveit_configs_utils/moveit_configs_utils.egg-info to /ros2_ws/install/moveit_configs_utils/lib/python3.10/site-packages/moveit_configs_utils-2.5.7-py3.10.egg-info
[0.773s] running install_scripts
[0.791s] writing list of installed files to '/ros2_ws/build/moveit_configs_utils/install.log'
[0.809s] Invoked command in '/ros2_ws/src/moveit2/moveit_configs_utils' returned '0': AMENT_PREFIX_PATH=/ros2_ws/install/srdfdom:/ros2_ws/install/launch_param_builder:${AMENT_PREFIX_PATH} CMAKE_PREFIX_PATH=/ros2_ws/install/srdfdom:${CMAKE_PREFIX_PATH} LD_LIBRARY_PATH=/ros2_ws/install/srdfdom/lib:${LD_LIBRARY_PATH} PYTHONPATH=/ros2_ws/build/moveit_configs_utils/prefix_override:/usr/lib/python3/dist-packages/colcon_core/task/python/colcon_distutils_commands:/ros2_ws/install/moveit_configs_utils/lib/python3.10/site-packages:/ros2_ws/install/srdfdom/local/lib/python3.10/dist-packages:/ros2_ws/install/launch_param_builder/lib/python3.10/site-packages:${PYTHONPATH} /usr/bin/python3 -W ignore:setup.py install is deprecated -W ignore:easy_install command is deprecated setup.py egg_info --egg-base ../../../build/moveit_configs_utils build --build-base /ros2_ws/build/moveit_configs_utils/build install --record /ros2_ws/build/moveit_configs_utils/install.log --single-version-externally-managed install_data
