[0.013s] Invoking command in '/ros2_ws/build/ur_bringup': AMENT_PREFIX_PATH=/ros2_ws/install/ur_controllers:${AMENT_PREFIX_PATH} CMAKE_PREFIX_PATH=/ros2_ws/install/ur_controllers:/ros2_ws/install/ur_msgs:/ros2_ws/install/ur_dashboard_msgs:/ros2_ws/install/ur_moveit_config:/opt/ros/humble LD_LIBRARY_PATH=/ros2_ws/install/ur_controllers/lib:${LD_LIBRARY_PATH} /usr/bin/cmake /ros2_ws/src/Universal_Robots_ROS2_Driver/ur_bringup -DCMAKE_BUILD_TYPE=Release -DCMAKE_INSTALL_PREFIX=/ros2_ws/install/ur_bringup
[0.111s] -- The C compiler identification is GNU 11.4.0
[0.167s] -- The CXX compiler identification is GNU 11.4.0
[0.177s] -- Detecting C compiler ABI info
[0.245s] -- Detecting C compiler ABI info - done
[0.251s] -- Check for working C compiler: /usr/bin/cc - skipped
[0.252s] -- Detecting C compile features
[0.252s] -- Detecting C compile features - done
[0.255s] -- Detecting CXX compiler ABI info
[0.328s] -- Detecting CXX compiler ABI info - done
[0.335s] -- Check for working CXX compiler: /usr/bin/c++ - skipped
[0.335s] -- Detecting CXX compile features
[0.336s] -- Detecting CXX compile features - done
[0.346s] -- Found ament_cmake: 1.3.11 (/opt/ros/humble/share/ament_cmake/cmake)
[0.513s] -- Found Python3: /usr/bin/python3 (found version "3.10.12") found components: Interpreter 
[0.696s] -- Configuring done
[0.698s] -- Generating done
[0.700s] -- Build files have been written to: /ros2_ws/build/ur_bringup
[0.703s] Invoked command in '/ros2_ws/build/ur_bringup' returned '0': AMENT_PREFIX_PATH=/ros2_ws/install/ur_controllers:${AMENT_PREFIX_PATH} CMAKE_PREFIX_PATH=/ros2_ws/install/ur_controllers:/ros2_ws/install/ur_msgs:/ros2_ws/install/ur_dashboard_msgs:/ros2_ws/install/ur_moveit_config:/opt/ros/humble LD_LIBRARY_PATH=/ros2_ws/install/ur_controllers/lib:${LD_LIBRARY_PATH} /usr/bin/cmake /ros2_ws/src/Universal_Robots_ROS2_Driver/ur_bringup -DCMAKE_BUILD_TYPE=Release -DCMAKE_INSTALL_PREFIX=/ros2_ws/install/ur_bringup
[0.705s] Invoking command in '/ros2_ws/build/ur_bringup': AMENT_PREFIX_PATH=/ros2_ws/install/ur_controllers:${AMENT_PREFIX_PATH} CMAKE_PREFIX_PATH=/ros2_ws/install/ur_controllers:/ros2_ws/install/ur_msgs:/ros2_ws/install/ur_dashboard_msgs:/ros2_ws/install/ur_moveit_config:/opt/ros/humble LD_LIBRARY_PATH=/ros2_ws/install/ur_controllers/lib:${LD_LIBRARY_PATH} /usr/bin/cmake --build /ros2_ws/build/ur_bringup -- -j8 -l8
[0.740s] Invoked command in '/ros2_ws/build/ur_bringup' returned '0': AMENT_PREFIX_PATH=/ros2_ws/install/ur_controllers:${AMENT_PREFIX_PATH} CMAKE_PREFIX_PATH=/ros2_ws/install/ur_controllers:/ros2_ws/install/ur_msgs:/ros2_ws/install/ur_dashboard_msgs:/ros2_ws/install/ur_moveit_config:/opt/ros/humble LD_LIBRARY_PATH=/ros2_ws/install/ur_controllers/lib:${LD_LIBRARY_PATH} /usr/bin/cmake --build /ros2_ws/build/ur_bringup -- -j8 -l8
[0.741s] Invoking command in '/ros2_ws/build/ur_bringup': AMENT_PREFIX_PATH=/ros2_ws/install/ur_controllers:${AMENT_PREFIX_PATH} CMAKE_PREFIX_PATH=/ros2_ws/install/ur_controllers:/ros2_ws/install/ur_msgs:/ros2_ws/install/ur_dashboard_msgs:/ros2_ws/install/ur_moveit_config:/opt/ros/humble LD_LIBRARY_PATH=/ros2_ws/install/ur_controllers/lib:${LD_LIBRARY_PATH} /usr/bin/cmake --install /ros2_ws/build/ur_bringup
[0.748s] -- Install configuration: "Release"
[0.749s] -- Installing: /ros2_ws/install/ur_bringup/share/ur_bringup/config
[0.749s] -- Installing: /ros2_ws/install/ur_bringup/share/ur_bringup/config/test_velocity_goal_publishers_config.yaml
[0.749s] -- Installing: /ros2_ws/install/ur_bringup/share/ur_bringup/config/ur5e_update_rate.yaml
[0.749s] -- Installing: /ros2_ws/install/ur_bringup/share/ur_bringup/config/ur3e_update_rate.yaml
[0.749s] -- Installing: /ros2_ws/install/ur_bringup/share/ur_bringup/config/ur16e_update_rate.yaml
[0.749s] -- Installing: /ros2_ws/install/ur_bringup/share/ur_bringup/config/ur5_update_rate.yaml
[0.750s] -- Installing: /ros2_ws/install/ur_bringup/share/ur_bringup/config/ur_controllers.yaml
[0.750s] -- Installing: /ros2_ws/install/ur_bringup/share/ur_bringup/config/ur10e_update_rate.yaml
[0.750s] -- Installing: /ros2_ws/install/ur_bringup/share/ur_bringup/config/ur3_update_rate.yaml
[0.750s] -- Installing: /ros2_ws/install/ur_bringup/share/ur_bringup/config/ur10_update_rate.yaml
[0.750s] -- Installing: /ros2_ws/install/ur_bringup/share/ur_bringup/config/test_goal_publishers_config.yaml
[0.751s] -- Installing: /ros2_ws/install/ur_bringup/share/ur_bringup/launch
[0.751s] -- Installing: /ros2_ws/install/ur_bringup/share/ur_bringup/launch/ur5e.launch.py
[0.751s] -- Installing: /ros2_ws/install/ur_bringup/share/ur_bringup/launch/test_forward_velocity_controller.launch.py
[0.751s] -- Installing: /ros2_ws/install/ur_bringup/share/ur_bringup/launch/ur16e.launch.py
[0.751s] -- Installing: /ros2_ws/install/ur_bringup/share/ur_bringup/launch/ur10.launch.py
[0.752s] -- Installing: /ros2_ws/install/ur_bringup/share/ur_bringup/launch/ur_dashboard_client.launch.py
[0.752s] -- Installing: /ros2_ws/install/ur_bringup/share/ur_bringup/launch/ur10e.launch.py
[0.752s] -- Installing: /ros2_ws/install/ur_bringup/share/ur_bringup/launch/ur5.launch.py
[0.752s] -- Installing: /ros2_ws/install/ur_bringup/share/ur_bringup/launch/ur3e.launch.py
[0.752s] -- Installing: /ros2_ws/install/ur_bringup/share/ur_bringup/launch/ur3.launch.py
[0.752s] -- Installing: /ros2_ws/install/ur_bringup/share/ur_bringup/launch/test_joint_trajectory_controller.launch.py
[0.753s] -- Installing: /ros2_ws/install/ur_bringup/share/ur_bringup/launch/test_scaled_joint_trajectory_controller.launch.py
[0.753s] -- Installing: /ros2_ws/install/ur_bringup/share/ur_bringup/launch/ur_control.launch.py
[0.753s] -- Installing: /ros2_ws/install/ur_bringup/lib/ur_bringup/start_ursim.sh
[0.753s] -- Installing: /ros2_ws/install/ur_bringup/share/ament_index/resource_index/package_run_dependencies/ur_bringup
[0.753s] -- Installing: /ros2_ws/install/ur_bringup/share/ament_index/resource_index/parent_prefix_path/ur_bringup
[0.754s] -- Installing: /ros2_ws/install/ur_bringup/share/ur_bringup/environment/ament_prefix_path.sh
[0.754s] -- Installing: /ros2_ws/install/ur_bringup/share/ur_bringup/environment/ament_prefix_path.dsv
[0.754s] -- Installing: /ros2_ws/install/ur_bringup/share/ur_bringup/environment/path.sh
[0.754s] -- Installing: /ros2_ws/install/ur_bringup/share/ur_bringup/environment/path.dsv
[0.754s] -- Installing: /ros2_ws/install/ur_bringup/share/ur_bringup/local_setup.bash
[0.754s] -- Installing: /ros2_ws/install/ur_bringup/share/ur_bringup/local_setup.sh
[0.754s] -- Installing: /ros2_ws/install/ur_bringup/share/ur_bringup/local_setup.zsh
[0.754s] -- Installing: /ros2_ws/install/ur_bringup/share/ur_bringup/local_setup.dsv
[0.754s] -- Installing: /ros2_ws/install/ur_bringup/share/ur_bringup/package.dsv
[0.755s] -- Installing: /ros2_ws/install/ur_bringup/share/ament_index/resource_index/packages/ur_bringup
[0.755s] -- Installing: /ros2_ws/install/ur_bringup/share/ur_bringup/cmake/ur_bringupConfig.cmake
[0.755s] -- Installing: /ros2_ws/install/ur_bringup/share/ur_bringup/cmake/ur_bringupConfig-version.cmake
[0.755s] -- Installing: /ros2_ws/install/ur_bringup/share/ur_bringup/package.xml
[0.757s] Invoked command in '/ros2_ws/build/ur_bringup' returned '0': AMENT_PREFIX_PATH=/ros2_ws/install/ur_controllers:${AMENT_PREFIX_PATH} CMAKE_PREFIX_PATH=/ros2_ws/install/ur_controllers:/ros2_ws/install/ur_msgs:/ros2_ws/install/ur_dashboard_msgs:/ros2_ws/install/ur_moveit_config:/opt/ros/humble LD_LIBRARY_PATH=/ros2_ws/install/ur_controllers/lib:${LD_LIBRARY_PATH} /usr/bin/cmake --install /ros2_ws/build/ur_bringup
