[0.128s] Invoking command in '/ros2_ws/build/moveit_core': CMAKE_PREFIX_PATH=/ros2_ws/install/moveit_resources_panda_moveit_config:/ros2_ws/install/srdfdom:/ros2_ws/install/moveit_resources_pr2_description:/ros2_ws/install/moveit_resources_panda_description:/ros2_ws/install/moveit_common:/ros2_ws/install/ur:/ros2_ws/install/ur_calibration:/ros2_ws/install/ur_robot_driver:/ros2_ws/install/ur_bringup:/ros2_ws/install/ur_controllers:/ros2_ws/install/ur_msgs:/ros2_ws/install/ur_moveit_config:/ros2_ws/install/ur_dashboard_msgs:/ros2_ws/install/pilz_industrial_motion_planner_testutils:/ros2_ws/install/moveit_runtime:/ros2_ws/install/moveit2_tutorials:/ros2_ws/install/moveit:/ros2_ws/install/moveit_planners:/ros2_ws/install/pilz_industrial_motion_planner:/ros2_ws/install/moveit_visual_tools:/ros2_ws/install/moveit_task_constructor_visualization:/ros2_ws/install/moveit_task_constructor_demo:/ros2_ws/install/moveit_task_constructor_capabilities:/ros2_ws/install/moveit_task_constructor_core:/ros2_ws/install/moveit_ros_control_interface:/ros2_ws/install/moveit_plugins:/ros2_ws/install/moveit_simple_controller_manager:/ros2_ws/install/moveit_setup_assistant:/ros2_ws/install/moveit_setup_srdf_plugins:/ros2_ws/install/moveit_setup_core_plugins:/ros2_ws/install/moveit_setup_controllers:/ros2_ws/install/moveit_setup_app_plugins:/ros2_ws/install/moveit_setup_framework:/ros2_ws/install/moveit_servo:/ros2_ws/install/moveit_ros:/ros2_ws/install/moveit_ros_visualization:/ros2_ws/install/moveit_hybrid_planning:/ros2_ws/install/moveit_ros_planning_interface:/ros2_ws/install/moveit_ros_benchmarks:/ros2_ws/install/moveit_ros_warehouse:/ros2_ws/install/moveit_ros_robot_interaction:/ros2_ws/install/moveit_ros_perception:/ros2_ws/install/moveit_resources_prbt_pg70_support:/ros2_ws/install/moveit_resources_prbt_moveit_config:/ros2_ws/install/moveit_ros_move_group:/ros2_ws/install/moveit_planners_ompl:/ros2_ws/install/moveit_ros_planning:/ros2_ws/install/moveit_ros_occupancy_map_monitor:/ros2_ws/install/moveit_resources_prbt_ikfast_manipulator_plugin:/ros2_ws/install/moveit_planners_chomp:/ros2_ws/install/moveit_kinematics:/ros2_ws/install/moveit_chomp_optimizer_adapter:/ros2_ws/install/chomp_motion_planner:/ros2_ws/install/moveit_core:/ros2_ws/install/rviz_marker_tools:/ros2_ws/install/rosparam_shortcuts:/ros2_ws/install/moveit_task_constructor_msgs:/ros2_ws/install/moveit_resources_prbt_support:/ros2_ws/install/moveit_resources:/ros2_ws/install/moveit_resources_fanuc_moveit_config:/ros2_ws/install/moveit_resources_fanuc_description:/ros2_ws/install/moveit_configs_utils:/ros2_ws/install/launch_param_builder:/opt/ros/humble LD_LIBRARY_PATH=/ros2_ws/install/srdfdom/lib:/ros2_ws/install/ur_robot_driver/lib:/ros2_ws/install/ur_controllers/lib:/ros2_ws/install/ur_msgs/lib:/ros2_ws/install/ur_dashboard_msgs/lib:/ros2_ws/install/pilz_industrial_motion_planner_testutils/lib:/ros2_ws/install/pilz_industrial_motion_planner/lib:/ros2_ws/install/moveit_visual_tools/lib:/ros2_ws/install/moveit_task_constructor_visualization/lib:/ros2_ws/install/moveit_task_constructor_demo/lib:/ros2_ws/install/moveit_task_constructor_capabilities/lib:/ros2_ws/install/moveit_task_constructor_core/lib:/ros2_ws/install/moveit_ros_control_interface/lib:/ros2_ws/install/moveit_simple_controller_manager/lib:/ros2_ws/install/moveit_setup_assistant/lib:/ros2_ws/install/moveit_setup_srdf_plugins/lib:/ros2_ws/install/moveit_setup_core_plugins/lib:/ros2_ws/install/moveit_setup_controllers/lib:/ros2_ws/install/moveit_setup_app_plugins/lib:/ros2_ws/install/moveit_setup_framework/lib:/ros2_ws/install/moveit_servo/lib:/ros2_ws/install/moveit_ros_visualization/lib:/ros2_ws/install/moveit_hybrid_planning/lib:/ros2_ws/install/moveit_ros_planning_interface/lib:/ros2_ws/install/moveit_ros_benchmarks/lib:/ros2_ws/install/moveit_ros_warehouse/lib:/ros2_ws/install/moveit_ros_robot_interaction/lib:/ros2_ws/install/moveit_ros_perception/lib:/ros2_ws/install/moveit_ros_move_group/lib:/ros2_ws/install/moveit_planners_ompl/lib:/ros2_ws/install/moveit_ros_planning/lib:/ros2_ws/install/moveit_ros_occupancy_map_monitor/lib:/ros2_ws/install/moveit_resources_prbt_ikfast_manipulator_plugin/lib:/ros2_ws/install/moveit_planners_chomp/lib:/ros2_ws/install/moveit_kinematics/lib:/ros2_ws/install/moveit_chomp_optimizer_adapter/lib:/ros2_ws/install/chomp_motion_planner/lib:/ros2_ws/install/moveit_core/lib:/ros2_ws/install/rviz_marker_tools/lib:/ros2_ws/install/rosparam_shortcuts/lib:/ros2_ws/install/moveit_task_constructor_msgs/lib:/usr/lib/x86_64-linux-gnu/gazebo-11/plugins:/opt/ros/humble/opt/rviz_ogre_vendor/lib:/opt/ros/humble/lib/x86_64-linux-gnu:/opt/ros/humble/lib /usr/bin/cmake --build /ros2_ws/build/moveit_core -- -j8 -l8
[0.384s] [  1%] Built target moveit_exceptions
[0.397s] [  3%] Built target moveit_utils
[0.410s] [  4%] Built target gtest_main
[0.411s] [  5%] Built target moveit_kinematics_base
[0.416s] [  6%] Built target moveit_transforms
[0.439s] [  7%] Built target gtest
[0.440s] [  9%] Built target gmock
[0.485s] [ 11%] Built target moveit_distance_field
[0.497s] [ 12%] Built target moveit_butterworth_parameters
[0.522s] [ 13%] Built target gmock_main
[0.552s] [ 15%] Built target moveit_version
[0.553s] [ 16%] Built target moveit_smoothing_base
[0.557s] [ 17%] Built target test_transforms
[0.593s] [ 24%] Built target moveit_robot_model
[0.609s] [ 25%] Built target test_voxel_grid
[0.631s] [ 26%] Built target test_distance_field
[0.676s] [ 27%] Built target moveit_butterworth_filter
[0.676s] [ 28%] Built target moveit_test_utils
[0.687s] [ 31%] Built target moveit_robot_state
[0.783s] [ 32%] Built target test_butterworth_filter
[0.793s] [ 33%] Built target moveit_kinematics_metrics
[0.795s] [ 34%] Built target test_robot_model
[0.802s] [ 35%] Built target moveit_robot_trajectory
[0.810s] [ 37%] Built target moveit_dynamics_solver
[0.810s] [ 39%] Built target test_robot_state
[0.835s] [ 40%] Built target test_robot_state_benchmark
[0.852s] [ 46%] Built target moveit_collision_detection
[0.911s] [ 47%] Built target test_robot_state_complex
[0.941s] [ 49%] Built target moveit_planning_interface
[0.946s] [ 50%] Built target test_aabb
[0.962s] [ 51%] Built target test_robot_trajectory
[0.962s] [ 52%] Built target test_cartesian_interpolator
[0.964s] [ 53%] Built target test_world
[0.974s] [ 57%] Built target moveit_trajectory_processing
[0.974s] [ 59%] Built target moveit_collision_detection_fcl
[0.999s] [ 61%] Built target test_world_diff
[1.024s] [ 62%] Built target test_all_valid
[1.048s] [ 64%] Built target test_time_parameterization
[1.058s] [ 65%] Built target test_time_optimal_trajectory_generation
[1.060s] [ 70%] Built target moveit_collision_detection_bullet
[1.069s] [ 71%] Built target test_ruckig_traj_smoothing
[1.080s] [ 73%] Built target test_fcl_collision_env
[1.101s] [ 75%] Built target moveit_kinematic_constraints
[1.110s] [ 76%] Built target test_fcl_collision_detection
[1.121s] [ 77%] Built target test_fcl_collision_detection_panda
[1.136s] [ 78%] Built target test_bullet_collision_detection_panda
[1.140s] [ 79%] Built target test_bullet_collision_detection
[1.142s] [ 81%] Built target test_bullet_continuous_collision_checking
[1.175s] [ 82%] Built target test_constraints
[1.178s] [ 83%] Built target test_orientation_constraints
[1.192s] [ 84%] Built target moveit_planning_scene
[1.311s] [ 85%] Built target test_planning_scene
[1.315s] [ 86%] Built target test_multi_threaded
[1.315s] [ 87%] Built target moveit_planning_request_adapter
[1.317s] [ 88%] Built target collision_detector_bullet_plugin
[1.318s] [ 89%] Built target test_collision_objects
[1.319s] [ 92%] Built target moveit_constraint_samplers
[1.340s] [ 93%] Built target collision_detector_fcl_plugin
[1.354s] [ 96%] Built target moveit_collision_distance_field
[1.407s] [ 99%] Built target test_constraint_samplers
[1.416s] [100%] Built target test_collision_distance_field
[1.583s] Invoked command in '/ros2_ws/build/moveit_core' returned '0': CMAKE_PREFIX_PATH=/ros2_ws/install/moveit_resources_panda_moveit_config:/ros2_ws/install/srdfdom:/ros2_ws/install/moveit_resources_pr2_description:/ros2_ws/install/moveit_resources_panda_description:/ros2_ws/install/moveit_common:/ros2_ws/install/ur:/ros2_ws/install/ur_calibration:/ros2_ws/install/ur_robot_driver:/ros2_ws/install/ur_bringup:/ros2_ws/install/ur_controllers:/ros2_ws/install/ur_msgs:/ros2_ws/install/ur_moveit_config:/ros2_ws/install/ur_dashboard_msgs:/ros2_ws/install/pilz_industrial_motion_planner_testutils:/ros2_ws/install/moveit_runtime:/ros2_ws/install/moveit2_tutorials:/ros2_ws/install/moveit:/ros2_ws/install/moveit_planners:/ros2_ws/install/pilz_industrial_motion_planner:/ros2_ws/install/moveit_visual_tools:/ros2_ws/install/moveit_task_constructor_visualization:/ros2_ws/install/moveit_task_constructor_demo:/ros2_ws/install/moveit_task_constructor_capabilities:/ros2_ws/install/moveit_task_constructor_core:/ros2_ws/install/moveit_ros_control_interface:/ros2_ws/install/moveit_plugins:/ros2_ws/install/moveit_simple_controller_manager:/ros2_ws/install/moveit_setup_assistant:/ros2_ws/install/moveit_setup_srdf_plugins:/ros2_ws/install/moveit_setup_core_plugins:/ros2_ws/install/moveit_setup_controllers:/ros2_ws/install/moveit_setup_app_plugins:/ros2_ws/install/moveit_setup_framework:/ros2_ws/install/moveit_servo:/ros2_ws/install/moveit_ros:/ros2_ws/install/moveit_ros_visualization:/ros2_ws/install/moveit_hybrid_planning:/ros2_ws/install/moveit_ros_planning_interface:/ros2_ws/install/moveit_ros_benchmarks:/ros2_ws/install/moveit_ros_warehouse:/ros2_ws/install/moveit_ros_robot_interaction:/ros2_ws/install/moveit_ros_perception:/ros2_ws/install/moveit_resources_prbt_pg70_support:/ros2_ws/install/moveit_resources_prbt_moveit_config:/ros2_ws/install/moveit_ros_move_group:/ros2_ws/install/moveit_planners_ompl:/ros2_ws/install/moveit_ros_planning:/ros2_ws/install/moveit_ros_occupancy_map_monitor:/ros2_ws/install/moveit_resources_prbt_ikfast_manipulator_plugin:/ros2_ws/install/moveit_planners_chomp:/ros2_ws/install/moveit_kinematics:/ros2_ws/install/moveit_chomp_optimizer_adapter:/ros2_ws/install/chomp_motion_planner:/ros2_ws/install/moveit_core:/ros2_ws/install/rviz_marker_tools:/ros2_ws/install/rosparam_shortcuts:/ros2_ws/install/moveit_task_constructor_msgs:/ros2_ws/install/moveit_resources_prbt_support:/ros2_ws/install/moveit_resources:/ros2_ws/install/moveit_resources_fanuc_moveit_config:/ros2_ws/install/moveit_resources_fanuc_description:/ros2_ws/install/moveit_configs_utils:/ros2_ws/install/launch_param_builder:/opt/ros/humble LD_LIBRARY_PATH=/ros2_ws/install/srdfdom/lib:/ros2_ws/install/ur_robot_driver/lib:/ros2_ws/install/ur_controllers/lib:/ros2_ws/install/ur_msgs/lib:/ros2_ws/install/ur_dashboard_msgs/lib:/ros2_ws/install/pilz_industrial_motion_planner_testutils/lib:/ros2_ws/install/pilz_industrial_motion_planner/lib:/ros2_ws/install/moveit_visual_tools/lib:/ros2_ws/install/moveit_task_constructor_visualization/lib:/ros2_ws/install/moveit_task_constructor_demo/lib:/ros2_ws/install/moveit_task_constructor_capabilities/lib:/ros2_ws/install/moveit_task_constructor_core/lib:/ros2_ws/install/moveit_ros_control_interface/lib:/ros2_ws/install/moveit_simple_controller_manager/lib:/ros2_ws/install/moveit_setup_assistant/lib:/ros2_ws/install/moveit_setup_srdf_plugins/lib:/ros2_ws/install/moveit_setup_core_plugins/lib:/ros2_ws/install/moveit_setup_controllers/lib:/ros2_ws/install/moveit_setup_app_plugins/lib:/ros2_ws/install/moveit_setup_framework/lib:/ros2_ws/install/moveit_servo/lib:/ros2_ws/install/moveit_ros_visualization/lib:/ros2_ws/install/moveit_hybrid_planning/lib:/ros2_ws/install/moveit_ros_planning_interface/lib:/ros2_ws/install/moveit_ros_benchmarks/lib:/ros2_ws/install/moveit_ros_warehouse/lib:/ros2_ws/install/moveit_ros_robot_interaction/lib:/ros2_ws/install/moveit_ros_perception/lib:/ros2_ws/install/moveit_ros_move_group/lib:/ros2_ws/install/moveit_planners_ompl/lib:/ros2_ws/install/moveit_ros_planning/lib:/ros2_ws/install/moveit_ros_occupancy_map_monitor/lib:/ros2_ws/install/moveit_resources_prbt_ikfast_manipulator_plugin/lib:/ros2_ws/install/moveit_planners_chomp/lib:/ros2_ws/install/moveit_kinematics/lib:/ros2_ws/install/moveit_chomp_optimizer_adapter/lib:/ros2_ws/install/chomp_motion_planner/lib:/ros2_ws/install/moveit_core/lib:/ros2_ws/install/rviz_marker_tools/lib:/ros2_ws/install/rosparam_shortcuts/lib:/ros2_ws/install/moveit_task_constructor_msgs/lib:/usr/lib/x86_64-linux-gnu/gazebo-11/plugins:/opt/ros/humble/opt/rviz_ogre_vendor/lib:/opt/ros/humble/lib/x86_64-linux-gnu:/opt/ros/humble/lib /usr/bin/cmake --build /ros2_ws/build/moveit_core -- -j8 -l8
[1.585s] Invoking command in '/ros2_ws/build/moveit_core': CMAKE_PREFIX_PATH=/ros2_ws/install/moveit_resources_panda_moveit_config:/ros2_ws/install/srdfdom:/ros2_ws/install/moveit_resources_pr2_description:/ros2_ws/install/moveit_resources_panda_description:/ros2_ws/install/moveit_common:/ros2_ws/install/ur:/ros2_ws/install/ur_calibration:/ros2_ws/install/ur_robot_driver:/ros2_ws/install/ur_bringup:/ros2_ws/install/ur_controllers:/ros2_ws/install/ur_msgs:/ros2_ws/install/ur_moveit_config:/ros2_ws/install/ur_dashboard_msgs:/ros2_ws/install/pilz_industrial_motion_planner_testutils:/ros2_ws/install/moveit_runtime:/ros2_ws/install/moveit2_tutorials:/ros2_ws/install/moveit:/ros2_ws/install/moveit_planners:/ros2_ws/install/pilz_industrial_motion_planner:/ros2_ws/install/moveit_visual_tools:/ros2_ws/install/moveit_task_constructor_visualization:/ros2_ws/install/moveit_task_constructor_demo:/ros2_ws/install/moveit_task_constructor_capabilities:/ros2_ws/install/moveit_task_constructor_core:/ros2_ws/install/moveit_ros_control_interface:/ros2_ws/install/moveit_plugins:/ros2_ws/install/moveit_simple_controller_manager:/ros2_ws/install/moveit_setup_assistant:/ros2_ws/install/moveit_setup_srdf_plugins:/ros2_ws/install/moveit_setup_core_plugins:/ros2_ws/install/moveit_setup_controllers:/ros2_ws/install/moveit_setup_app_plugins:/ros2_ws/install/moveit_setup_framework:/ros2_ws/install/moveit_servo:/ros2_ws/install/moveit_ros:/ros2_ws/install/moveit_ros_visualization:/ros2_ws/install/moveit_hybrid_planning:/ros2_ws/install/moveit_ros_planning_interface:/ros2_ws/install/moveit_ros_benchmarks:/ros2_ws/install/moveit_ros_warehouse:/ros2_ws/install/moveit_ros_robot_interaction:/ros2_ws/install/moveit_ros_perception:/ros2_ws/install/moveit_resources_prbt_pg70_support:/ros2_ws/install/moveit_resources_prbt_moveit_config:/ros2_ws/install/moveit_ros_move_group:/ros2_ws/install/moveit_planners_ompl:/ros2_ws/install/moveit_ros_planning:/ros2_ws/install/moveit_ros_occupancy_map_monitor:/ros2_ws/install/moveit_resources_prbt_ikfast_manipulator_plugin:/ros2_ws/install/moveit_planners_chomp:/ros2_ws/install/moveit_kinematics:/ros2_ws/install/moveit_chomp_optimizer_adapter:/ros2_ws/install/chomp_motion_planner:/ros2_ws/install/moveit_core:/ros2_ws/install/rviz_marker_tools:/ros2_ws/install/rosparam_shortcuts:/ros2_ws/install/moveit_task_constructor_msgs:/ros2_ws/install/moveit_resources_prbt_support:/ros2_ws/install/moveit_resources:/ros2_ws/install/moveit_resources_fanuc_moveit_config:/ros2_ws/install/moveit_resources_fanuc_description:/ros2_ws/install/moveit_configs_utils:/ros2_ws/install/launch_param_builder:/opt/ros/humble LD_LIBRARY_PATH=/ros2_ws/install/srdfdom/lib:/ros2_ws/install/ur_robot_driver/lib:/ros2_ws/install/ur_controllers/lib:/ros2_ws/install/ur_msgs/lib:/ros2_ws/install/ur_dashboard_msgs/lib:/ros2_ws/install/pilz_industrial_motion_planner_testutils/lib:/ros2_ws/install/pilz_industrial_motion_planner/lib:/ros2_ws/install/moveit_visual_tools/lib:/ros2_ws/install/moveit_task_constructor_visualization/lib:/ros2_ws/install/moveit_task_constructor_demo/lib:/ros2_ws/install/moveit_task_constructor_capabilities/lib:/ros2_ws/install/moveit_task_constructor_core/lib:/ros2_ws/install/moveit_ros_control_interface/lib:/ros2_ws/install/moveit_simple_controller_manager/lib:/ros2_ws/install/moveit_setup_assistant/lib:/ros2_ws/install/moveit_setup_srdf_plugins/lib:/ros2_ws/install/moveit_setup_core_plugins/lib:/ros2_ws/install/moveit_setup_controllers/lib:/ros2_ws/install/moveit_setup_app_plugins/lib:/ros2_ws/install/moveit_setup_framework/lib:/ros2_ws/install/moveit_servo/lib:/ros2_ws/install/moveit_ros_visualization/lib:/ros2_ws/install/moveit_hybrid_planning/lib:/ros2_ws/install/moveit_ros_planning_interface/lib:/ros2_ws/install/moveit_ros_benchmarks/lib:/ros2_ws/install/moveit_ros_warehouse/lib:/ros2_ws/install/moveit_ros_robot_interaction/lib:/ros2_ws/install/moveit_ros_perception/lib:/ros2_ws/install/moveit_ros_move_group/lib:/ros2_ws/install/moveit_planners_ompl/lib:/ros2_ws/install/moveit_ros_planning/lib:/ros2_ws/install/moveit_ros_occupancy_map_monitor/lib:/ros2_ws/install/moveit_resources_prbt_ikfast_manipulator_plugin/lib:/ros2_ws/install/moveit_planners_chomp/lib:/ros2_ws/install/moveit_kinematics/lib:/ros2_ws/install/moveit_chomp_optimizer_adapter/lib:/ros2_ws/install/chomp_motion_planner/lib:/ros2_ws/install/moveit_core/lib:/ros2_ws/install/rviz_marker_tools/lib:/ros2_ws/install/rosparam_shortcuts/lib:/ros2_ws/install/moveit_task_constructor_msgs/lib:/usr/lib/x86_64-linux-gnu/gazebo-11/plugins:/opt/ros/humble/opt/rviz_ogre_vendor/lib:/opt/ros/humble/lib/x86_64-linux-gnu:/opt/ros/humble/lib /usr/bin/cmake --install /ros2_ws/build/moveit_core
[1.597s] -- Install configuration: "Release"
[1.597s] -- Up-to-date: /ros2_ws/install/moveit_core/include/moveit/version.h
[1.597s] -- Up-to-date: /ros2_ws/install/moveit_core/include
[1.597s] -- Up-to-date: /ros2_ws/install/moveit_core/include/moveit
[1.597s] -- Up-to-date: /ros2_ws/install/moveit_core/include/moveit/collision_distance_field
[1.597s] -- Up-to-date: /ros2_ws/install/moveit_core/include/moveit/collision_distance_field/collision_env_hybrid.h
[1.597s] -- Up-to-date: /ros2_ws/install/moveit_core/include/moveit/collision_distance_field/collision_distance_field_types.h
[1.598s] -- Up-to-date: /ros2_ws/install/moveit_core/include/moveit/collision_distance_field/collision_env_distance_field.h
[1.598s] -- Up-to-date: /ros2_ws/install/moveit_core/include/moveit/collision_distance_field/collision_detector_allocator_distance_field.h
[1.598s] -- Up-to-date: /ros2_ws/install/moveit_core/include/moveit/collision_distance_field/collision_common_distance_field.h
[1.598s] -- Up-to-date: /ros2_ws/install/moveit_core/include/moveit/collision_distance_field/collision_detector_allocator_hybrid.h
[1.598s] -- Up-to-date: /ros2_ws/install/moveit_core/include/moveit_collision_distance_field_export.h
[1.598s] -- Up-to-date: /ros2_ws/install/moveit_core/include
[1.598s] -- Up-to-date: /ros2_ws/install/moveit_core/include/moveit
[1.598s] -- Up-to-date: /ros2_ws/install/moveit_core/include/moveit/constraint_samplers
[1.598s] -- Up-to-date: /ros2_ws/install/moveit_core/include/moveit/constraint_samplers/constraint_sampler_tools.h
[1.598s] -- Up-to-date: /ros2_ws/install/moveit_core/include/moveit/constraint_samplers/constraint_sampler_allocator.h
[1.599s] -- Up-to-date: /ros2_ws/install/moveit_core/include/moveit/constraint_samplers/constraint_sampler.h
[1.599s] -- Up-to-date: /ros2_ws/install/moveit_core/include/moveit/constraint_samplers/constraint_sampler_manager.h
[1.599s] -- Up-to-date: /ros2_ws/install/moveit_core/include/moveit/constraint_samplers/default_constraint_samplers.h
[1.599s] -- Up-to-date: /ros2_ws/install/moveit_core/include/moveit/constraint_samplers/union_constraint_sampler.h
[1.599s] -- Up-to-date: /ros2_ws/install/moveit_core/include
[1.599s] -- Up-to-date: /ros2_ws/install/moveit_core/include/moveit
[1.599s] -- Up-to-date: /ros2_ws/install/moveit_core/include/moveit/controller_manager
[1.599s] -- Up-to-date: /ros2_ws/install/moveit_core/include/moveit/controller_manager/controller_manager.h
[1.600s] -- Up-to-date: /ros2_ws/install/moveit_core/include
[1.601s] -- Up-to-date: /ros2_ws/install/moveit_core/include/moveit
[1.601s] -- Up-to-date: /ros2_ws/install/moveit_core/include/moveit/distance_field
[1.601s] -- Up-to-date: /ros2_ws/install/moveit_core/include/moveit/distance_field/voxel_grid.h
[1.601s] -- Up-to-date: /ros2_ws/install/moveit_core/include/moveit/distance_field/propagation_distance_field.h
[1.601s] -- Up-to-date: /ros2_ws/install/moveit_core/include/moveit/distance_field/distance_field.h
[1.601s] -- Up-to-date: /ros2_ws/install/moveit_core/include/moveit/distance_field/find_internal_points.h
[1.602s] -- Up-to-date: /ros2_ws/install/moveit_core/include
[1.602s] -- Up-to-date: /ros2_ws/install/moveit_core/include/moveit
[1.602s] -- Up-to-date: /ros2_ws/install/moveit_core/include/moveit/dynamics_solver
[1.602s] -- Up-to-date: /ros2_ws/install/moveit_core/include/moveit/dynamics_solver/dynamics_solver.h
[1.602s] -- Up-to-date: /ros2_ws/install/moveit_core/include
[1.602s] -- Up-to-date: /ros2_ws/install/moveit_core/include/moveit
[1.603s] -- Up-to-date: /ros2_ws/install/moveit_core/include/moveit/exceptions
[1.603s] -- Up-to-date: /ros2_ws/install/moveit_core/include/moveit/exceptions/exceptions.h
[1.603s] -- Up-to-date: /ros2_ws/install/moveit_core/include
[1.603s] -- Up-to-date: /ros2_ws/install/moveit_core/include/moveit
[1.603s] -- Up-to-date: /ros2_ws/install/moveit_core/include/moveit/kinematics_base
[1.603s] -- Up-to-date: /ros2_ws/install/moveit_core/include/moveit/kinematics_base/kinematics_base.h
[1.604s] -- Up-to-date: /ros2_ws/install/moveit_core/include/moveit_kinematics_base_export.h
[1.606s] -- Up-to-date: /ros2_ws/install/moveit_core/include
[1.606s] -- Up-to-date: /ros2_ws/install/moveit_core/include/moveit
[1.606s] -- Up-to-date: /ros2_ws/install/moveit_core/include/moveit/kinematic_constraints
[1.606s] -- Up-to-date: /ros2_ws/install/moveit_core/include/moveit/kinematic_constraints/kinematic_constraint.h
[1.606s] -- Up-to-date: /ros2_ws/install/moveit_core/include/moveit/kinematic_constraints/utils.h
[1.607s] -- Up-to-date: /ros2_ws/install/moveit_core/include
[1.607s] -- Up-to-date: /ros2_ws/install/moveit_core/include/moveit
[1.607s] -- Up-to-date: /ros2_ws/install/moveit_core/include/moveit/kinematics_metrics
[1.607s] -- Up-to-date: /ros2_ws/install/moveit_core/include/moveit/kinematics_metrics/kinematics_metrics.h
[1.607s] -- Up-to-date: /ros2_ws/install/moveit_core/include
[1.607s] -- Up-to-date: /ros2_ws/install/moveit_core/include/moveit
[1.607s] -- Up-to-date: /ros2_ws/install/moveit_core/include/moveit/macros
[1.607s] -- Up-to-date: /ros2_ws/install/moveit_core/include/moveit/macros/declare_ptr.h
[1.607s] -- Up-to-date: /ros2_ws/install/moveit_core/include/moveit/macros/console_colors.h
[1.608s] -- Up-to-date: /ros2_ws/install/moveit_core/include/moveit/macros/class_forward.h
[1.608s] -- Up-to-date: /ros2_ws/install/moveit_core/include/moveit/macros/deprecation.h
[1.609s] -- Up-to-date: /ros2_ws/install/moveit_core/include/moveit_butterworth_parameters
[1.610s] -- Up-to-date: /ros2_ws/install/moveit_core/include/moveit_butterworth_parameters/moveit_butterworth_parameters.hpp
[1.610s] -- Up-to-date: /ros2_ws/install/moveit_core/include
[1.610s] -- Up-to-date: /ros2_ws/install/moveit_core/include/moveit
[1.610s] -- Up-to-date: /ros2_ws/install/moveit_core/include/moveit/online_signal_smoothing
[1.610s] -- Up-to-date: /ros2_ws/install/moveit_core/include/moveit/online_signal_smoothing/butterworth_filter.h
[1.610s] -- Up-to-date: /ros2_ws/install/moveit_core/include/moveit/online_signal_smoothing/smoothing_base_class.h
[1.610s] -- Up-to-date: /ros2_ws/install/moveit_core/include/moveit_smoothing_base_export.h
[1.610s] -- Up-to-date: /ros2_ws/install/moveit_core/include/moveit_butterworth_filter_export.h
[1.610s] -- Up-to-date: /ros2_ws/install/moveit_core/include
[1.611s] -- Up-to-date: /ros2_ws/install/moveit_core/include/moveit
[1.611s] -- Up-to-date: /ros2_ws/install/moveit_core/include/moveit/planning_interface
[1.611s] -- Up-to-date: /ros2_ws/install/moveit_core/include/moveit/planning_interface/planning_interface.h
[1.611s] -- Up-to-date: /ros2_ws/install/moveit_core/include/moveit/planning_interface/planning_request.h
[1.611s] -- Up-to-date: /ros2_ws/install/moveit_core/include/moveit/planning_interface/planning_response.h
[1.611s] -- Up-to-date: /ros2_ws/install/moveit_core/include
[1.611s] -- Up-to-date: /ros2_ws/install/moveit_core/include/moveit
[1.611s] -- Up-to-date: /ros2_ws/install/moveit_core/include/moveit/planning_request_adapter
[1.611s] -- Up-to-date: /ros2_ws/install/moveit_core/include/moveit/planning_request_adapter/planning_request_adapter.h
[1.612s] -- Up-to-date: /ros2_ws/install/moveit_core/include
[1.612s] -- Up-to-date: /ros2_ws/install/moveit_core/include/moveit
[1.612s] -- Up-to-date: /ros2_ws/install/moveit_core/include/moveit/planning_scene
[1.612s] -- Up-to-date: /ros2_ws/install/moveit_core/include/moveit/planning_scene/planning_scene.h
[1.612s] -- Up-to-date: /ros2_ws/install/moveit_core/include/moveit_planning_scene_export.h
[1.612s] -- Up-to-date: /ros2_ws/install/moveit_core/include
[1.613s] -- Up-to-date: /ros2_ws/install/moveit_core/include/moveit
[1.613s] -- Up-to-date: /ros2_ws/install/moveit_core/include/moveit/robot_model
[1.613s] -- Up-to-date: /ros2_ws/install/moveit_core/include/moveit/robot_model/planar_joint_model.h
[1.613s] -- Up-to-date: /ros2_ws/install/moveit_core/include/moveit/robot_model/robot_model.h
[1.613s] -- Up-to-date: /ros2_ws/install/moveit_core/include/moveit/robot_model/revolute_joint_model.h
[1.613s] -- Up-to-date: /ros2_ws/install/moveit_core/include/moveit/robot_model/fixed_joint_model.h
[1.613s] -- Up-to-date: /ros2_ws/install/moveit_core/include/moveit/robot_model/link_model.h
[1.613s] -- Up-to-date: /ros2_ws/install/moveit_core/include/moveit/robot_model/joint_model_group.h
[1.613s] -- Up-to-date: /ros2_ws/install/moveit_core/include/moveit/robot_model/aabb.h
[1.613s] -- Up-to-date: /ros2_ws/install/moveit_core/include/moveit/robot_model/joint_model.h
[1.613s] -- Up-to-date: /ros2_ws/install/moveit_core/include/moveit/robot_model/prismatic_joint_model.h
[1.614s] -- Up-to-date: /ros2_ws/install/moveit_core/include/moveit/robot_model/floating_joint_model.h
[1.614s] -- Up-to-date: /ros2_ws/install/moveit_core/include
[1.614s] -- Up-to-date: /ros2_ws/install/moveit_core/include/moveit
[1.614s] -- Up-to-date: /ros2_ws/install/moveit_core/include/moveit/robot_state
[1.614s] -- Up-to-date: /ros2_ws/install/moveit_core/include/moveit/robot_state/conversions.h
[1.614s] -- Up-to-date: /ros2_ws/install/moveit_core/include/moveit/robot_state/robot_state.h
[1.614s] -- Up-to-date: /ros2_ws/install/moveit_core/include/moveit/robot_state/attached_body.h
[1.614s] -- Up-to-date: /ros2_ws/install/moveit_core/include/moveit/robot_state/cartesian_interpolator.h
[1.614s] -- Up-to-date: /ros2_ws/install/moveit_core/include
[1.614s] -- Up-to-date: /ros2_ws/install/moveit_core/include/moveit
[1.614s] -- Up-to-date: /ros2_ws/install/moveit_core/include/moveit/robot_trajectory
[1.615s] -- Up-to-date: /ros2_ws/install/moveit_core/include/moveit/robot_trajectory/robot_trajectory.h
[1.615s] -- Up-to-date: /ros2_ws/install/moveit_core/include
[1.615s] -- Up-to-date: /ros2_ws/install/moveit_core/include/moveit
[1.615s] -- Up-to-date: /ros2_ws/install/moveit_core/include/moveit/sensor_manager
[1.615s] -- Up-to-date: /ros2_ws/install/moveit_core/include/moveit/sensor_manager/sensor_manager.h
[1.615s] -- Up-to-date: /ros2_ws/install/moveit_core/include
[1.615s] -- Up-to-date: /ros2_ws/install/moveit_core/include/moveit
[1.615s] -- Up-to-date: /ros2_ws/install/moveit_core/include/moveit/trajectory_processing
[1.615s] -- Up-to-date: /ros2_ws/install/moveit_core/include/moveit/trajectory_processing/iterative_spline_parameterization.h
[1.615s] -- Up-to-date: /ros2_ws/install/moveit_core/include/moveit/trajectory_processing/ruckig_traj_smoothing.h
[1.616s] -- Up-to-date: /ros2_ws/install/moveit_core/include/moveit/trajectory_processing/time_parameterization.h
[1.616s] -- Up-to-date: /ros2_ws/install/moveit_core/include/moveit/trajectory_processing/iterative_time_parameterization.h
[1.616s] -- Up-to-date: /ros2_ws/install/moveit_core/include/moveit/trajectory_processing/time_optimal_trajectory_generation.h
[1.616s] -- Up-to-date: /ros2_ws/install/moveit_core/include/moveit/trajectory_processing/trajectory_tools.h
[1.616s] -- Up-to-date: /ros2_ws/install/moveit_core/include
[1.616s] -- Up-to-date: /ros2_ws/install/moveit_core/include/moveit
[1.616s] -- Up-to-date: /ros2_ws/install/moveit_core/include/moveit/transforms
[1.616s] -- Up-to-date: /ros2_ws/install/moveit_core/include/moveit/transforms/transforms.h
[1.617s] -- Up-to-date: /ros2_ws/install/moveit_core/include
[1.617s] -- Up-to-date: /ros2_ws/install/moveit_core/include/moveit
[1.617s] -- Up-to-date: /ros2_ws/install/moveit_core/include/moveit/utils
[1.617s] -- Up-to-date: /ros2_ws/install/moveit_core/include/moveit/utils/moveit_error_code.h
[1.617s] -- Up-to-date: /ros2_ws/install/moveit_core/include/moveit/utils/rclcpp_utils.h
[1.617s] -- Up-to-date: /ros2_ws/install/moveit_core/include/moveit/utils/robot_model_test_utils.h
[1.617s] -- Up-to-date: /ros2_ws/install/moveit_core/include/moveit/utils/message_checks.h
[1.617s] -- Up-to-date: /ros2_ws/install/moveit_core/include/moveit/utils/lexical_casts.h
[1.617s] -- Up-to-date: /ros2_ws/install/moveit_core/bin/moveit_version
[1.617s] -- Up-to-date: /ros2_ws/install/moveit_core/include
[1.618s] -- Up-to-date: /ros2_ws/install/moveit_core/include/moveit
[1.618s] -- Up-to-date: /ros2_ws/install/moveit_core/include/moveit/collision_detection
[1.618s] -- Up-to-date: /ros2_ws/install/moveit_core/include/moveit/collision_detection/collision_plugin_cache.h
[1.618s] -- Up-to-date: /ros2_ws/install/moveit_core/include/moveit/collision_detection/test_collision_common_panda.h
[1.618s] -- Up-to-date: /ros2_ws/install/moveit_core/include/moveit/collision_detection/collision_tools.h
[1.618s] -- Up-to-date: /ros2_ws/install/moveit_core/include/moveit/collision_detection/world.h
[1.618s] -- Up-to-date: /ros2_ws/install/moveit_core/include/moveit/collision_detection/collision_env.h
[1.618s] -- Up-to-date: /ros2_ws/install/moveit_core/include/moveit/collision_detection/collision_octomap_filter.h
[1.618s] -- Up-to-date: /ros2_ws/install/moveit_core/include/moveit/collision_detection/allvalid
[1.618s] -- Up-to-date: /ros2_ws/install/moveit_core/include/moveit/collision_detection/allvalid/collision_env_allvalid.h
[1.618s] -- Up-to-date: /ros2_ws/install/moveit_core/include/moveit/collision_detection/allvalid/collision_detector_allocator_allvalid.h
[1.618s] -- Up-to-date: /ros2_ws/install/moveit_core/include/moveit/collision_detection/collision_plugin.h
[1.619s] -- Up-to-date: /ros2_ws/install/moveit_core/include/moveit/collision_detection/world_diff.h
[1.619s] -- Up-to-date: /ros2_ws/install/moveit_core/include/moveit/collision_detection/collision_matrix.h
[1.619s] -- Up-to-date: /ros2_ws/install/moveit_core/include/moveit/collision_detection/occupancy_map.h
[1.619s] -- Up-to-date: /ros2_ws/install/moveit_core/include/moveit/collision_detection/test_collision_common_pr2.h
[1.619s] -- Up-to-date: /ros2_ws/install/moveit_core/include/moveit/collision_detection/collision_detector_allocator.h
[1.619s] -- Up-to-date: /ros2_ws/install/moveit_core/include/moveit/collision_detection/collision_common.h
[1.619s] -- Up-to-date: /ros2_ws/install/moveit_core/include/moveit_collision_detection_export.h
[1.619s] -- Up-to-date: /ros2_ws/install/moveit_core/include
[1.619s] -- Up-to-date: /ros2_ws/install/moveit_core/include/moveit
[1.620s] -- Up-to-date: /ros2_ws/install/moveit_core/include/moveit/collision_detection_bullet
[1.620s] -- Up-to-date: /ros2_ws/install/moveit_core/include/moveit/collision_detection_bullet/collision_detector_bullet_plugin_loader.h
[1.620s] -- Up-to-date: /ros2_ws/install/moveit_core/include/moveit/collision_detection_bullet/bullet_integration
[1.620s] -- Up-to-date: /ros2_ws/install/moveit_core/include/moveit/collision_detection_bullet/bullet_integration/bullet_cast_bvh_manager.h
[1.620s] -- Up-to-date: /ros2_ws/install/moveit_core/include/moveit/collision_detection_bullet/bullet_integration/basic_types.h
[1.620s] -- Up-to-date: /ros2_ws/install/moveit_core/include/moveit/collision_detection_bullet/bullet_integration/ros_bullet_utils.h
[1.620s] -- Up-to-date: /ros2_ws/install/moveit_core/include/moveit/collision_detection_bullet/bullet_integration/bullet_discrete_bvh_manager.h
[1.620s] -- Up-to-date: /ros2_ws/install/moveit_core/include/moveit/collision_detection_bullet/bullet_integration/contact_checker_common.h
[1.620s] -- Up-to-date: /ros2_ws/install/moveit_core/include/moveit/collision_detection_bullet/bullet_integration/bullet_utils.h
[1.620s] -- Up-to-date: /ros2_ws/install/moveit_core/include/moveit/collision_detection_bullet/bullet_integration/bullet_bvh_manager.h
[1.621s] -- Up-to-date: /ros2_ws/install/moveit_core/include/moveit/collision_detection_bullet/collision_env_bullet.h
[1.621s] -- Up-to-date: /ros2_ws/install/moveit_core/include/moveit/collision_detection_bullet/collision_detector_allocator_bullet.h
[1.621s] -- Up-to-date: /ros2_ws/install/moveit_core/include/moveit_collision_detection_bullet_export.h
[1.621s] -- Up-to-date: /ros2_ws/install/moveit_core/include
[1.621s] -- Up-to-date: /ros2_ws/install/moveit_core/include/moveit
[1.621s] -- Up-to-date: /ros2_ws/install/moveit_core/include/moveit/collision_detection_fcl
[1.621s] -- Up-to-date: /ros2_ws/install/moveit_core/include/moveit/collision_detection_fcl/fcl_compat.h
[1.621s] -- Up-to-date: /ros2_ws/install/moveit_core/include/moveit/collision_detection_fcl/collision_detector_fcl_plugin_loader.h
[1.621s] -- Up-to-date: /ros2_ws/install/moveit_core/include/moveit/collision_detection_fcl/collision_env_fcl.h
[1.621s] -- Up-to-date: /ros2_ws/install/moveit_core/include/moveit/collision_detection_fcl/collision_detector_allocator_fcl.h
[1.621s] -- Up-to-date: /ros2_ws/install/moveit_core/include/moveit/collision_detection_fcl/collision_common.h
[1.622s] -- Up-to-date: /ros2_ws/install/moveit_core/include/moveit_collision_detection_fcl_export.h
[1.622s] -- Up-to-date: /ros2_ws/install/moveit_core/lib/libcollision_detector_bullet_plugin.so.2.5.7
[1.622s] -- Up-to-date: /ros2_ws/install/moveit_core/lib/libcollision_detector_bullet_plugin.so
[1.622s] -- Up-to-date: /ros2_ws/install/moveit_core/lib/libmoveit_butterworth_filter.so.2.5.7
[1.622s] -- Up-to-date: /ros2_ws/install/moveit_core/lib/libmoveit_butterworth_filter.so
[1.622s] -- Up-to-date: /ros2_ws/install/moveit_core/lib/libmoveit_collision_distance_field.so.2.5.7
[1.622s] -- Up-to-date: /ros2_ws/install/moveit_core/lib/libmoveit_collision_distance_field.so
[1.622s] -- Up-to-date: /ros2_ws/install/moveit_core/lib/libmoveit_collision_detection.so.2.5.7
[1.622s] -- Up-to-date: /ros2_ws/install/moveit_core/lib/libmoveit_collision_detection.so
[1.623s] -- Up-to-date: /ros2_ws/install/moveit_core/lib/libmoveit_collision_detection_fcl.so.2.5.7
[1.623s] -- Up-to-date: /ros2_ws/install/moveit_core/lib/libmoveit_collision_detection_fcl.so
[1.624s] -- Up-to-date: /ros2_ws/install/moveit_core/lib/libmoveit_collision_detection_bullet.so.2.5.7
[1.624s] -- Up-to-date: /ros2_ws/install/moveit_core/lib/libmoveit_collision_detection_bullet.so
[1.625s] -- Up-to-date: /ros2_ws/install/moveit_core/lib/libmoveit_dynamics_solver.so.2.5.7
[1.626s] -- Up-to-date: /ros2_ws/install/moveit_core/lib/libmoveit_dynamics_solver.so
[1.626s] -- Up-to-date: /ros2_ws/install/moveit_core/lib/libmoveit_constraint_samplers.so.2.5.7
[1.627s] -- Up-to-date: /ros2_ws/install/moveit_core/lib/libmoveit_constraint_samplers.so
[1.628s] -- Up-to-date: /ros2_ws/install/moveit_core/lib/libmoveit_distance_field.so.2.5.7
[1.628s] -- Up-to-date: /ros2_ws/install/moveit_core/lib/libmoveit_distance_field.so
[1.629s] -- Up-to-date: /ros2_ws/install/moveit_core/lib/libmoveit_exceptions.so.2.5.7
[1.629s] -- Up-to-date: /ros2_ws/install/moveit_core/lib/libmoveit_exceptions.so
[1.630s] -- Up-to-date: /ros2_ws/install/moveit_core/lib/libmoveit_kinematics_base.so
[1.631s] -- Up-to-date: /ros2_ws/install/moveit_core/lib/libmoveit_kinematic_constraints.so.2.5.7
[1.631s] -- Up-to-date: /ros2_ws/install/moveit_core/lib/libmoveit_kinematic_constraints.so
[1.633s] -- Up-to-date: /ros2_ws/install/moveit_core/lib/libmoveit_kinematics_metrics.so.2.5.7
[1.633s] -- Up-to-date: /ros2_ws/install/moveit_core/lib/libmoveit_kinematics_metrics.so
[1.634s] -- Up-to-date: /ros2_ws/install/moveit_core/lib/libmoveit_planning_interface.so.2.5.7
[1.634s] -- Up-to-date: /ros2_ws/install/moveit_core/lib/libmoveit_planning_interface.so
[1.634s] -- Up-to-date: /ros2_ws/install/moveit_core/lib/libmoveit_planning_scene.so.2.5.7
[1.634s] -- Up-to-date: /ros2_ws/install/moveit_core/lib/libmoveit_planning_scene.so
[1.635s] -- Up-to-date: /ros2_ws/install/moveit_core/lib/libmoveit_planning_request_adapter.so.2.5.7
[1.635s] -- Up-to-date: /ros2_ws/install/moveit_core/lib/libmoveit_planning_request_adapter.so
[1.636s] -- Up-to-date: /ros2_ws/install/moveit_core/lib/libmoveit_robot_model.so.2.5.7
[1.637s] -- Up-to-date: /ros2_ws/install/moveit_core/lib/libmoveit_robot_model.so
[1.637s] -- Up-to-date: /ros2_ws/install/moveit_core/lib/libmoveit_robot_state.so.2.5.7
[1.637s] -- Up-to-date: /ros2_ws/install/moveit_core/lib/libmoveit_robot_state.so
[1.638s] -- Up-to-date: /ros2_ws/install/moveit_core/lib/libmoveit_robot_trajectory.so.2.5.7
[1.638s] -- Up-to-date: /ros2_ws/install/moveit_core/lib/libmoveit_robot_trajectory.so
[1.640s] -- Up-to-date: /ros2_ws/install/moveit_core/lib/libmoveit_smoothing_base.so.2.5.7
[1.640s] -- Up-to-date: /ros2_ws/install/moveit_core/lib/libmoveit_smoothing_base.so
[1.640s] -- Up-to-date: /ros2_ws/install/moveit_core/lib/libmoveit_test_utils.so.2.5.7
[1.640s] -- Up-to-date: /ros2_ws/install/moveit_core/lib/libmoveit_test_utils.so
[1.640s] -- Up-to-date: /ros2_ws/install/moveit_core/lib/libmoveit_trajectory_processing.so.2.5.7
[1.641s] -- Up-to-date: /ros2_ws/install/moveit_core/lib/libmoveit_trajectory_processing.so
[1.642s] -- Up-to-date: /ros2_ws/install/moveit_core/lib/libmoveit_transforms.so.2.5.7
[1.642s] -- Up-to-date: /ros2_ws/install/moveit_core/lib/libmoveit_transforms.so
[1.643s] -- Up-to-date: /ros2_ws/install/moveit_core/lib/libmoveit_utils.so.2.5.7
[1.643s] -- Up-to-date: /ros2_ws/install/moveit_core/lib/libmoveit_utils.so
[1.643s] -- Up-to-date: /ros2_ws/install/moveit_core/share/moveit_core/environment/library_path.sh
[1.643s] -- Up-to-date: /ros2_ws/install/moveit_core/share/moveit_core/environment/library_path.dsv
[1.643s] -- Up-to-date: /ros2_ws/install/moveit_core/share/moveit_core/collision_detector_fcl_description.xml
[1.644s] -- Up-to-date: /ros2_ws/install/moveit_core/share/moveit_core/collision_detector_bullet_description.xml
[1.644s] -- Up-to-date: /ros2_ws/install/moveit_core/share/moveit_core/filter_plugin_butterworth.xml
[1.644s] -- Up-to-date: /ros2_ws/install/moveit_core/share/ament_index/resource_index/package_run_dependencies/moveit_core
[1.644s] -- Up-to-date: /ros2_ws/install/moveit_core/share/ament_index/resource_index/parent_prefix_path/moveit_core
[1.644s] -- Up-to-date: /ros2_ws/install/moveit_core/share/moveit_core/environment/ament_prefix_path.sh
[1.644s] -- Up-to-date: /ros2_ws/install/moveit_core/share/moveit_core/environment/ament_prefix_path.dsv
[1.644s] -- Up-to-date: /ros2_ws/install/moveit_core/share/moveit_core/environment/path.sh
[1.645s] -- Up-to-date: /ros2_ws/install/moveit_core/share/moveit_core/environment/path.dsv
[1.645s] -- Up-to-date: /ros2_ws/install/moveit_core/share/moveit_core/local_setup.bash
[1.645s] -- Up-to-date: /ros2_ws/install/moveit_core/share/moveit_core/local_setup.sh
[1.645s] -- Up-to-date: /ros2_ws/install/moveit_core/share/moveit_core/local_setup.zsh
[1.645s] -- Up-to-date: /ros2_ws/install/moveit_core/share/moveit_core/local_setup.dsv
[1.645s] -- Installing: /ros2_ws/install/moveit_core/share/moveit_core/package.dsv
[1.645s] -- Up-to-date: /ros2_ws/install/moveit_core/share/ament_index/resource_index/packages/moveit_core
[1.645s] -- Up-to-date: /ros2_ws/install/moveit_core/share/ament_index/resource_index/moveit_core__pluginlib__plugin/moveit_core
[1.646s] -- Up-to-date: /ros2_ws/install/moveit_core/share/moveit_core/cmake/export_moveit_coreExport.cmake
[1.646s] -- Up-to-date: /ros2_ws/install/moveit_core/share/moveit_core/cmake/export_moveit_coreExport-release.cmake
[1.646s] -- Up-to-date: /ros2_ws/install/moveit_core/share/moveit_core/cmake/ConfigExtras.cmake
[1.646s] -- Up-to-date: /ros2_ws/install/moveit_core/share/moveit_core/cmake/ament_cmake_export_targets-extras.cmake
[1.646s] -- Up-to-date: /ros2_ws/install/moveit_core/share/moveit_core/cmake/ament_cmake_export_dependencies-extras.cmake
[1.646s] -- Up-to-date: /ros2_ws/install/moveit_core/share/moveit_core/cmake/moveit_coreConfig.cmake
[1.646s] -- Up-to-date: /ros2_ws/install/moveit_core/share/moveit_core/cmake/moveit_coreConfig-version.cmake
[1.646s] -- Up-to-date: /ros2_ws/install/moveit_core/share/moveit_core/package.xml
[1.672s] Invoked command in '/ros2_ws/build/moveit_core' returned '0': CMAKE_PREFIX_PATH=/ros2_ws/install/moveit_resources_panda_moveit_config:/ros2_ws/install/srdfdom:/ros2_ws/install/moveit_resources_pr2_description:/ros2_ws/install/moveit_resources_panda_description:/ros2_ws/install/moveit_common:/ros2_ws/install/ur:/ros2_ws/install/ur_calibration:/ros2_ws/install/ur_robot_driver:/ros2_ws/install/ur_bringup:/ros2_ws/install/ur_controllers:/ros2_ws/install/ur_msgs:/ros2_ws/install/ur_moveit_config:/ros2_ws/install/ur_dashboard_msgs:/ros2_ws/install/pilz_industrial_motion_planner_testutils:/ros2_ws/install/moveit_runtime:/ros2_ws/install/moveit2_tutorials:/ros2_ws/install/moveit:/ros2_ws/install/moveit_planners:/ros2_ws/install/pilz_industrial_motion_planner:/ros2_ws/install/moveit_visual_tools:/ros2_ws/install/moveit_task_constructor_visualization:/ros2_ws/install/moveit_task_constructor_demo:/ros2_ws/install/moveit_task_constructor_capabilities:/ros2_ws/install/moveit_task_constructor_core:/ros2_ws/install/moveit_ros_control_interface:/ros2_ws/install/moveit_plugins:/ros2_ws/install/moveit_simple_controller_manager:/ros2_ws/install/moveit_setup_assistant:/ros2_ws/install/moveit_setup_srdf_plugins:/ros2_ws/install/moveit_setup_core_plugins:/ros2_ws/install/moveit_setup_controllers:/ros2_ws/install/moveit_setup_app_plugins:/ros2_ws/install/moveit_setup_framework:/ros2_ws/install/moveit_servo:/ros2_ws/install/moveit_ros:/ros2_ws/install/moveit_ros_visualization:/ros2_ws/install/moveit_hybrid_planning:/ros2_ws/install/moveit_ros_planning_interface:/ros2_ws/install/moveit_ros_benchmarks:/ros2_ws/install/moveit_ros_warehouse:/ros2_ws/install/moveit_ros_robot_interaction:/ros2_ws/install/moveit_ros_perception:/ros2_ws/install/moveit_resources_prbt_pg70_support:/ros2_ws/install/moveit_resources_prbt_moveit_config:/ros2_ws/install/moveit_ros_move_group:/ros2_ws/install/moveit_planners_ompl:/ros2_ws/install/moveit_ros_planning:/ros2_ws/install/moveit_ros_occupancy_map_monitor:/ros2_ws/install/moveit_resources_prbt_ikfast_manipulator_plugin:/ros2_ws/install/moveit_planners_chomp:/ros2_ws/install/moveit_kinematics:/ros2_ws/install/moveit_chomp_optimizer_adapter:/ros2_ws/install/chomp_motion_planner:/ros2_ws/install/moveit_core:/ros2_ws/install/rviz_marker_tools:/ros2_ws/install/rosparam_shortcuts:/ros2_ws/install/moveit_task_constructor_msgs:/ros2_ws/install/moveit_resources_prbt_support:/ros2_ws/install/moveit_resources:/ros2_ws/install/moveit_resources_fanuc_moveit_config:/ros2_ws/install/moveit_resources_fanuc_description:/ros2_ws/install/moveit_configs_utils:/ros2_ws/install/launch_param_builder:/opt/ros/humble LD_LIBRARY_PATH=/ros2_ws/install/srdfdom/lib:/ros2_ws/install/ur_robot_driver/lib:/ros2_ws/install/ur_controllers/lib:/ros2_ws/install/ur_msgs/lib:/ros2_ws/install/ur_dashboard_msgs/lib:/ros2_ws/install/pilz_industrial_motion_planner_testutils/lib:/ros2_ws/install/pilz_industrial_motion_planner/lib:/ros2_ws/install/moveit_visual_tools/lib:/ros2_ws/install/moveit_task_constructor_visualization/lib:/ros2_ws/install/moveit_task_constructor_demo/lib:/ros2_ws/install/moveit_task_constructor_capabilities/lib:/ros2_ws/install/moveit_task_constructor_core/lib:/ros2_ws/install/moveit_ros_control_interface/lib:/ros2_ws/install/moveit_simple_controller_manager/lib:/ros2_ws/install/moveit_setup_assistant/lib:/ros2_ws/install/moveit_setup_srdf_plugins/lib:/ros2_ws/install/moveit_setup_core_plugins/lib:/ros2_ws/install/moveit_setup_controllers/lib:/ros2_ws/install/moveit_setup_app_plugins/lib:/ros2_ws/install/moveit_setup_framework/lib:/ros2_ws/install/moveit_servo/lib:/ros2_ws/install/moveit_ros_visualization/lib:/ros2_ws/install/moveit_hybrid_planning/lib:/ros2_ws/install/moveit_ros_planning_interface/lib:/ros2_ws/install/moveit_ros_benchmarks/lib:/ros2_ws/install/moveit_ros_warehouse/lib:/ros2_ws/install/moveit_ros_robot_interaction/lib:/ros2_ws/install/moveit_ros_perception/lib:/ros2_ws/install/moveit_ros_move_group/lib:/ros2_ws/install/moveit_planners_ompl/lib:/ros2_ws/install/moveit_ros_planning/lib:/ros2_ws/install/moveit_ros_occupancy_map_monitor/lib:/ros2_ws/install/moveit_resources_prbt_ikfast_manipulator_plugin/lib:/ros2_ws/install/moveit_planners_chomp/lib:/ros2_ws/install/moveit_kinematics/lib:/ros2_ws/install/moveit_chomp_optimizer_adapter/lib:/ros2_ws/install/chomp_motion_planner/lib:/ros2_ws/install/moveit_core/lib:/ros2_ws/install/rviz_marker_tools/lib:/ros2_ws/install/rosparam_shortcuts/lib:/ros2_ws/install/moveit_task_constructor_msgs/lib:/usr/lib/x86_64-linux-gnu/gazebo-11/plugins:/opt/ros/humble/opt/rviz_ogre_vendor/lib:/opt/ros/humble/lib/x86_64-linux-gnu:/opt/ros/humble/lib /usr/bin/cmake --install /ros2_ws/build/moveit_core
