[0.041s] Invoking command in '/ros2_ws/build/moveit_setup_framework': AMENT_PREFIX_PATH=/ros2_ws/install/moveit_ros_visualization:/ros2_ws/install/moveit_ros_planning_interface:/ros2_ws/install/moveit_ros_move_group:/ros2_ws/install/moveit_ros_warehouse:/ros2_ws/install/moveit_ros_robot_interaction:/ros2_ws/install/moveit_planners_ompl:/ros2_ws/install/moveit_kinematics:/ros2_ws/install/moveit_ros_planning:/ros2_ws/install/moveit_simple_controller_manager:/ros2_ws/install/moveit_ros_occupancy_map_monitor:/ros2_ws/install/moveit_core:/ros2_ws/install/moveit_resources_panda_moveit_config:/ros2_ws/install/moveit_resources_fanuc_moveit_config:/ros2_ws/install/moveit_configs_utils:/ros2_ws/install/srdfdom:/ros2_ws/install/moveit_resources_pr2_description:/ros2_ws/install/moveit_resources_panda_description:/ros2_ws/install/moveit_resources_fanuc_description:/ros2_ws/install/moveit_common:/ros2_ws/install/launch_param_builder:${AMENT_PREFIX_PATH} CMAKE_PREFIX_PATH=/ros2_ws/install/moveit_ros_visualization:/ros2_ws/install/moveit_ros_planning_interface:/ros2_ws/install/moveit_ros_move_group:/ros2_ws/install/moveit_ros_warehouse:/ros2_ws/install/moveit_ros_robot_interaction:/ros2_ws/install/moveit_planners_ompl:/ros2_ws/install/moveit_kinematics:/ros2_ws/install/moveit_ros_planning:/ros2_ws/install/moveit_simple_controller_manager:/ros2_ws/install/moveit_ros_occupancy_map_monitor:/ros2_ws/install/moveit_core:/ros2_ws/install/moveit_resources_panda_moveit_config:/ros2_ws/install/moveit_resources_fanuc_moveit_config:/ros2_ws/install/srdfdom:/ros2_ws/install/moveit_resources_pr2_description:/ros2_ws/install/moveit_resources_panda_description:/ros2_ws/install/moveit_resources_fanuc_description:/ros2_ws/install/moveit_common:/ros2_ws/install/ur:/ros2_ws/install/ur_calibration:/ros2_ws/install/ur_robot_driver:/ros2_ws/install/ur_bringup:/ros2_ws/install/ur_controllers:/ros2_ws/install/ur_msgs:/ros2_ws/install/ur_moveit_config:/ros2_ws/install/ur_dashboard_msgs:/opt/ros/humble LD_LIBRARY_PATH=/ros2_ws/install/moveit_ros_visualization/lib:/ros2_ws/install/moveit_ros_planning_interface/lib:/ros2_ws/install/moveit_ros_move_group/lib:/ros2_ws/install/moveit_ros_warehouse/lib:/ros2_ws/install/moveit_ros_robot_interaction/lib:/ros2_ws/install/moveit_planners_ompl/lib:/ros2_ws/install/moveit_kinematics/lib:/ros2_ws/install/moveit_ros_planning/lib:/ros2_ws/install/moveit_simple_controller_manager/lib:/ros2_ws/install/moveit_ros_occupancy_map_monitor/lib:/ros2_ws/install/moveit_core/lib:/ros2_ws/install/srdfdom/lib:${LD_LIBRARY_PATH} PATH=/ros2_ws/install/moveit_core/bin:${PATH} PYTHONPATH=/ros2_ws/install/moveit_configs_utils/lib/python3.10/site-packages:/ros2_ws/install/srdfdom/local/lib/python3.10/dist-packages:/ros2_ws/install/launch_param_builder/lib/python3.10/site-packages:${PYTHONPATH} /usr/bin/cmake /ros2_ws/src/moveit2/moveit_setup_assistant/moveit_setup_framework -DCMAKE_INSTALL_PREFIX=/ros2_ws/install/moveit_setup_framework
[0.095s] -- The C compiler identification is GNU 11.4.0
[0.147s] -- The CXX compiler identification is GNU 11.4.0
[0.154s] -- Detecting C compiler ABI info
[0.228s] -- Detecting C compiler ABI info - done
[0.235s] -- Check for working C compiler: /usr/bin/cc - skipped
[0.235s] -- Detecting C compile features
[0.235s] -- Detecting C compile features - done
[0.238s] -- Detecting CXX compiler ABI info
[0.319s] -- Detecting CXX compiler ABI info - done
[0.326s] -- Check for working CXX compiler: /usr/bin/c++ - skipped
[0.326s] -- Detecting CXX compile features
[0.326s] -- Detecting CXX compile features - done
[0.329s] -- Found moveit_common: 2.5.7 (/ros2_ws/install/moveit_common/share/moveit_common/cmake)
[0.334s] -- Found ament_cmake: 1.3.11 (/opt/ros/humble/share/ament_cmake/cmake)
[0.487s] -- Found Python3: /usr/bin/python3 (found version "3.10.12") found components: Interpreter 
[0.676s] [0mmoveit_setup_framework: You did not request a specific build type: Choosing 'Release' for maximum performance[0m
[0.680s] -- Found ament_cmake_ros: 0.10.0 (/opt/ros/humble/share/ament_cmake_ros/cmake)
[0.700s] -- Found ament_index_cpp: 1.4.0 (/opt/ros/humble/share/ament_index_cpp/cmake)
[0.702s] -- Found moveit_core: 2.5.7 (/ros2_ws/install/moveit_core/share/moveit_core/cmake)
[0.963s] -- Found Boost: /usr/lib/x86_64-linux-gnu/cmake/Boost-1.74.0/BoostConfig.cmake (found version "1.74.0") found components: chrono date_time filesystem iostreams program_options regex serialization system thread 
[1.044s] -- Found parameter_traits: 0.3.9 (/opt/ros/humble/share/parameter_traits/cmake)
[1.110s] -- Found rosidl_generator_c: 3.1.6 (/opt/ros/humble/share/rosidl_generator_c/cmake)
[1.121s] -- Found rosidl_adapter: 3.1.6 (/opt/ros/humble/share/rosidl_adapter/cmake)
[1.135s] -- Found rosidl_generator_cpp: 3.1.6 (/opt/ros/humble/share/rosidl_generator_cpp/cmake)
[1.153s] -- Using all available rosidl_typesupport_c: rosidl_typesupport_fastrtps_c;rosidl_typesupport_introspection_c
[1.179s] -- Using all available rosidl_typesupport_cpp: rosidl_typesupport_fastrtps_cpp;rosidl_typesupport_introspection_cpp
[1.253s] -- Found rmw_implementation_cmake: 6.1.2 (/opt/ros/humble/share/rmw_implementation_cmake/cmake)
[1.259s] -- Found rmw_fastrtps_cpp: 6.2.7 (/opt/ros/humble/share/rmw_fastrtps_cpp/cmake)
[1.369s] -- Found OpenSSL: /usr/lib/x86_64-linux-gnu/libcrypto.so (found version "3.0.2")  
[1.398s] -- Found FastRTPS: /opt/ros/humble/include  
[1.448s] -- Using RMW implementation 'rmw_fastrtps_cpp' as default
[1.466s] -- Found Threads: TRUE  
[1.541s] -- Found Eigen3: TRUE (found version "3.4.0") 
[1.546s] -- Found rclcpp_lifecycle: 16.0.11 (/opt/ros/humble/share/rclcpp_lifecycle/cmake)
[1.579s] -- Found Boost: /usr/lib/x86_64-linux-gnu/cmake/Boost-1.74.0/BoostConfig.cmake (found version "1.74.0") found components: filesystem 
[1.713s] -- library: /usr/lib/x86_64-linux-gnu/libcurl.so
[1.797s] -- Ensuring Eigen3 include directory is part of orocos-kdl CMake target
[2.115s] -- Found moveit_ros_planning: 2.5.7 (/ros2_ws/install/moveit_ros_planning/share/moveit_ros_planning/cmake)
[2.120s] -- Found Boost: /usr/lib/x86_64-linux-gnu/cmake/Boost-1.74.0/BoostConfig.cmake (found version "1.74.0") found components: system filesystem date_time program_options thread chrono 
[2.143s] -- Found moveit_ros_visualization: 2.5.7 (/ros2_ws/install/moveit_ros_visualization/share/moveit_ros_visualization/cmake)
[2.148s] -- Found Boost: /usr/lib/x86_64-linux-gnu/cmake/Boost-1.74.0/BoostConfig.cmake (found version "1.74.0") found components: thread date_time system filesystem 
[2.164s] -- Found Boost: /usr/lib/x86_64-linux-gnu/cmake/Boost-1.74.0/BoostConfig.cmake (found version "1.74.0") found components: date_time filesystem program_options system thread 
[2.178s] -- Found Boost: /usr/lib/x86_64-linux-gnu/cmake/Boost-1.74.0/BoostConfig.cmake (found version "1.74.0") found components: thread system filesystem regex date_time program_options 
[2.203s] -- Found Boost: /usr/lib/x86_64-linux-gnu/cmake/Boost-1.74.0/BoostConfig.cmake (found version "1.74.0") found components: system filesystem date_time program_options thread 
[2.273s] -- Setting OGRE_DIR to: '/opt/ros/humble/share/rviz_ogre_vendor/cmake/../../../opt/rviz_ogre_vendor/lib/OGRE/cmake'
[2.274s] -- Found OGRE
[2.274s] --   static     : OFF
[2.274s] --   components : HLMS;MeshLodGenerator;Overlay;Paging;Property;RTShaderSystem;Terrain;Volume
[2.274s] --   plugins    : Plugin_BSPSceneManager;Plugin_OctreeSceneManager;Plugin_PCZSceneManager;Plugin_ParticleFX;RenderSystem_GL;RenderSystem_GL3Plus;Codec_STBI
[2.274s] --   media      : /opt/ros/humble/opt/rviz_ogre_vendor/share/OGRE/Media
[2.274s] -- OGRE_LIBRARIES: OgreHLMS;OgreMeshLodGenerator;OgreOverlay;OgrePaging;OgreProperty;OgreRTShaderSystem;OgreTerrain;OgreVolume;OgreMain
[2.274s] -- OGRE_LIBRARY_DIRS: /opt/ros/humble/opt/rviz_ogre_vendor/lib
[2.274s] -- OGRE_PLUGINS: Plugin_BSPSceneManager;Plugin_OctreeSceneManager;Plugin_PCZSceneManager;Plugin_ParticleFX;RenderSystem_GL;RenderSystem_GL3Plus;Codec_STBI
[2.274s] -- OGRE_PLUGIN_DIR: /opt/ros/humble/opt/rviz_ogre_vendor/lib/OGRE
[2.274s] -- rviz_ogre_vendor::OgreOverlay for IMPORTED_LOCATION_RELEASE: /opt/ros/humble/opt/rviz_ogre_vendor/lib/libOgreOverlay.so
[2.275s] -- rviz_ogre_vendor::OgreOverlay for IMPORTED_LOCATION_DEBUG: /opt/ros/humble/opt/rviz_ogre_vendor/lib/libOgreOverlay.so
[2.275s] -- rviz_ogre_vendor::OgreMain for IMPORTED_LOCATION_RELEASE: /opt/ros/humble/opt/rviz_ogre_vendor/lib/libOgreMain.so
[2.275s] -- rviz_ogre_vendor::OgreMain for IMPORTED_LOCATION_DEBUG: /opt/ros/humble/opt/rviz_ogre_vendor/lib/libOgreMain.so
[2.294s] -- Found ZLIB: /usr/lib/x86_64-linux-gnu/libz.so (found version "1.2.11") 
[2.300s] -- Found OpenGL: /usr/lib/x86_64-linux-gnu/libOpenGL.so   
[2.400s] -- Found X11: /usr/include   
[2.400s] -- Looking for XOpenDisplay in /usr/lib/x86_64-linux-gnu/libX11.so;/usr/lib/x86_64-linux-gnu/libXext.so
[2.499s] -- Looking for XOpenDisplay in /usr/lib/x86_64-linux-gnu/libX11.so;/usr/lib/x86_64-linux-gnu/libXext.so - found
[2.499s] -- Looking for gethostbyname
[2.593s] -- Looking for gethostbyname - found
[2.593s] -- Looking for connect
[2.690s] -- Looking for connect - found
[2.691s] -- Looking for remove
[2.784s] -- Looking for remove - found
[2.784s] -- Looking for shmat
[2.882s] -- Looking for shmat - found
[2.882s] -- Looking for IceConnectionNumber in ICE
[2.979s] -- Looking for IceConnectionNumber in ICE - found
[3.012s] -- Setting assimp_DIR to: '/opt/ros/humble/share/rviz_assimp_vendor/cmake/../../../opt/rviz_assimp_vendor/lib/cmake/assimp-4.1'
[3.157s] -- Found ament_lint_auto: 0.12.11 (/opt/ros/humble/share/ament_lint_auto/cmake)
[3.193s] -- Added test 'lint_cmake' to check CMake code style
[3.194s] -- Added test 'xmllint' to check XML markup files
[3.197s] -- Configuring done
[3.252s] -- Generating done
[3.262s] -- Build files have been written to: /ros2_ws/build/moveit_setup_framework
[3.275s] Invoked command in '/ros2_ws/build/moveit_setup_framework' returned '0': AMENT_PREFIX_PATH=/ros2_ws/install/moveit_ros_visualization:/ros2_ws/install/moveit_ros_planning_interface:/ros2_ws/install/moveit_ros_move_group:/ros2_ws/install/moveit_ros_warehouse:/ros2_ws/install/moveit_ros_robot_interaction:/ros2_ws/install/moveit_planners_ompl:/ros2_ws/install/moveit_kinematics:/ros2_ws/install/moveit_ros_planning:/ros2_ws/install/moveit_simple_controller_manager:/ros2_ws/install/moveit_ros_occupancy_map_monitor:/ros2_ws/install/moveit_core:/ros2_ws/install/moveit_resources_panda_moveit_config:/ros2_ws/install/moveit_resources_fanuc_moveit_config:/ros2_ws/install/moveit_configs_utils:/ros2_ws/install/srdfdom:/ros2_ws/install/moveit_resources_pr2_description:/ros2_ws/install/moveit_resources_panda_description:/ros2_ws/install/moveit_resources_fanuc_description:/ros2_ws/install/moveit_common:/ros2_ws/install/launch_param_builder:${AMENT_PREFIX_PATH} CMAKE_PREFIX_PATH=/ros2_ws/install/moveit_ros_visualization:/ros2_ws/install/moveit_ros_planning_interface:/ros2_ws/install/moveit_ros_move_group:/ros2_ws/install/moveit_ros_warehouse:/ros2_ws/install/moveit_ros_robot_interaction:/ros2_ws/install/moveit_planners_ompl:/ros2_ws/install/moveit_kinematics:/ros2_ws/install/moveit_ros_planning:/ros2_ws/install/moveit_simple_controller_manager:/ros2_ws/install/moveit_ros_occupancy_map_monitor:/ros2_ws/install/moveit_core:/ros2_ws/install/moveit_resources_panda_moveit_config:/ros2_ws/install/moveit_resources_fanuc_moveit_config:/ros2_ws/install/srdfdom:/ros2_ws/install/moveit_resources_pr2_description:/ros2_ws/install/moveit_resources_panda_description:/ros2_ws/install/moveit_resources_fanuc_description:/ros2_ws/install/moveit_common:/ros2_ws/install/ur:/ros2_ws/install/ur_calibration:/ros2_ws/install/ur_robot_driver:/ros2_ws/install/ur_bringup:/ros2_ws/install/ur_controllers:/ros2_ws/install/ur_msgs:/ros2_ws/install/ur_moveit_config:/ros2_ws/install/ur_dashboard_msgs:/opt/ros/humble LD_LIBRARY_PATH=/ros2_ws/install/moveit_ros_visualization/lib:/ros2_ws/install/moveit_ros_planning_interface/lib:/ros2_ws/install/moveit_ros_move_group/lib:/ros2_ws/install/moveit_ros_warehouse/lib:/ros2_ws/install/moveit_ros_robot_interaction/lib:/ros2_ws/install/moveit_planners_ompl/lib:/ros2_ws/install/moveit_kinematics/lib:/ros2_ws/install/moveit_ros_planning/lib:/ros2_ws/install/moveit_simple_controller_manager/lib:/ros2_ws/install/moveit_ros_occupancy_map_monitor/lib:/ros2_ws/install/moveit_core/lib:/ros2_ws/install/srdfdom/lib:${LD_LIBRARY_PATH} PATH=/ros2_ws/install/moveit_core/bin:${PATH} PYTHONPATH=/ros2_ws/install/moveit_configs_utils/lib/python3.10/site-packages:/ros2_ws/install/srdfdom/local/lib/python3.10/dist-packages:/ros2_ws/install/launch_param_builder/lib/python3.10/site-packages:${PYTHONPATH} /usr/bin/cmake /ros2_ws/src/moveit2/moveit_setup_assistant/moveit_setup_framework -DCMAKE_INSTALL_PREFIX=/ros2_ws/install/moveit_setup_framework
[3.276s] Invoking command in '/ros2_ws/build/moveit_setup_framework': AMENT_PREFIX_PATH=/ros2_ws/install/moveit_ros_visualization:/ros2_ws/install/moveit_ros_planning_interface:/ros2_ws/install/moveit_ros_move_group:/ros2_ws/install/moveit_ros_warehouse:/ros2_ws/install/moveit_ros_robot_interaction:/ros2_ws/install/moveit_planners_ompl:/ros2_ws/install/moveit_kinematics:/ros2_ws/install/moveit_ros_planning:/ros2_ws/install/moveit_simple_controller_manager:/ros2_ws/install/moveit_ros_occupancy_map_monitor:/ros2_ws/install/moveit_core:/ros2_ws/install/moveit_resources_panda_moveit_config:/ros2_ws/install/moveit_resources_fanuc_moveit_config:/ros2_ws/install/moveit_configs_utils:/ros2_ws/install/srdfdom:/ros2_ws/install/moveit_resources_pr2_description:/ros2_ws/install/moveit_resources_panda_description:/ros2_ws/install/moveit_resources_fanuc_description:/ros2_ws/install/moveit_common:/ros2_ws/install/launch_param_builder:${AMENT_PREFIX_PATH} CMAKE_PREFIX_PATH=/ros2_ws/install/moveit_ros_visualization:/ros2_ws/install/moveit_ros_planning_interface:/ros2_ws/install/moveit_ros_move_group:/ros2_ws/install/moveit_ros_warehouse:/ros2_ws/install/moveit_ros_robot_interaction:/ros2_ws/install/moveit_planners_ompl:/ros2_ws/install/moveit_kinematics:/ros2_ws/install/moveit_ros_planning:/ros2_ws/install/moveit_simple_controller_manager:/ros2_ws/install/moveit_ros_occupancy_map_monitor:/ros2_ws/install/moveit_core:/ros2_ws/install/moveit_resources_panda_moveit_config:/ros2_ws/install/moveit_resources_fanuc_moveit_config:/ros2_ws/install/srdfdom:/ros2_ws/install/moveit_resources_pr2_description:/ros2_ws/install/moveit_resources_panda_description:/ros2_ws/install/moveit_resources_fanuc_description:/ros2_ws/install/moveit_common:/ros2_ws/install/ur:/ros2_ws/install/ur_calibration:/ros2_ws/install/ur_robot_driver:/ros2_ws/install/ur_bringup:/ros2_ws/install/ur_controllers:/ros2_ws/install/ur_msgs:/ros2_ws/install/ur_moveit_config:/ros2_ws/install/ur_dashboard_msgs:/opt/ros/humble LD_LIBRARY_PATH=/ros2_ws/install/moveit_ros_visualization/lib:/ros2_ws/install/moveit_ros_planning_interface/lib:/ros2_ws/install/moveit_ros_move_group/lib:/ros2_ws/install/moveit_ros_warehouse/lib:/ros2_ws/install/moveit_ros_robot_interaction/lib:/ros2_ws/install/moveit_planners_ompl/lib:/ros2_ws/install/moveit_kinematics/lib:/ros2_ws/install/moveit_ros_planning/lib:/ros2_ws/install/moveit_simple_controller_manager/lib:/ros2_ws/install/moveit_ros_occupancy_map_monitor/lib:/ros2_ws/install/moveit_core/lib:/ros2_ws/install/srdfdom/lib:${LD_LIBRARY_PATH} PATH=/ros2_ws/install/moveit_core/bin:${PATH} PYTHONPATH=/ros2_ws/install/moveit_configs_utils/lib/python3.10/site-packages:/ros2_ws/install/srdfdom/local/lib/python3.10/dist-packages:/ros2_ws/install/launch_param_builder/lib/python3.10/site-packages:${PYTHONPATH} /usr/bin/cmake --build /ros2_ws/build/moveit_setup_framework
[3.326s] [  5%] [34m[1mGenerating include/moveit_setup_framework/qt/moc_setup_step_widget.cpp[0m
[3.339s] [ 10%] [34m[1mGenerating include/moveit_setup_framework/qt/moc_rviz_panel.cpp[0m
[3.352s] [ 15%] [34m[1mGenerating include/moveit_setup_framework/qt/moc_helper_widgets.cpp[0m
[3.365s] [ 21%] [34m[1mGenerating include/moveit_setup_framework/qt/moc_double_list_widget.cpp[0m
[3.390s] [ 26%] [32mBuilding CXX object CMakeFiles/moveit_setup_framework.dir/src/helper_widgets.cpp.o[0m
[4.799s] [ 31%] [32mBuilding CXX object CMakeFiles/moveit_setup_framework.dir/src/package_settings_config.cpp.o[0m
[11.227s] [ 36%] [32mBuilding CXX object CMakeFiles/moveit_setup_framework.dir/src/srdf_config.cpp.o[0m
[20.560s] [ 42%] [32mBuilding CXX object CMakeFiles/moveit_setup_framework.dir/src/rviz_panel.cpp.o[0m
[31.487s] [ 47%] [32mBuilding CXX object CMakeFiles/moveit_setup_framework.dir/src/data_warehouse.cpp.o[0m
[42.850s] [ 52%] [32mBuilding CXX object CMakeFiles/moveit_setup_framework.dir/src/templates.cpp.o[0m
[47.444s] [ 57%] [32mBuilding CXX object CMakeFiles/moveit_setup_framework.dir/src/utilities.cpp.o[0m
[48.677s] [ 63%] [32mBuilding CXX object CMakeFiles/moveit_setup_framework.dir/src/xml_syntax_highlighter.cpp.o[0m
[50.145s] [ 68%] [32mBuilding CXX object CMakeFiles/moveit_setup_framework.dir/include/moveit_setup_framework/qt/moc_helper_widgets.cpp.o[0m
[51.238s] [ 73%] [32mBuilding CXX object CMakeFiles/moveit_setup_framework.dir/include/moveit_setup_framework/qt/moc_setup_step_widget.cpp.o[0m
[61.059s] [ 78%] [32mBuilding CXX object CMakeFiles/moveit_setup_framework.dir/include/moveit_setup_framework/qt/moc_rviz_panel.cpp.o[0m
[70.913s] [ 84%] [32mBuilding CXX object CMakeFiles/moveit_setup_framework.dir/include/moveit_setup_framework/qt/moc_double_list_widget.cpp.o[0m
[72.253s] [ 89%] [32mBuilding CXX object CMakeFiles/moveit_setup_framework.dir/src/urdf_config.cpp.o[0m
[77.690s] [ 94%] [32mBuilding CXX object CMakeFiles/moveit_setup_framework.dir/src/double_list_widget.cpp.o[0m
[79.495s] [100%] [32m[1mLinking CXX shared library libmoveit_setup_framework.so[0m
[82.335s] [100%] Built target moveit_setup_framework
[82.372s] Invoked command in '/ros2_ws/build/moveit_setup_framework' returned '0': AMENT_PREFIX_PATH=/ros2_ws/install/moveit_ros_visualization:/ros2_ws/install/moveit_ros_planning_interface:/ros2_ws/install/moveit_ros_move_group:/ros2_ws/install/moveit_ros_warehouse:/ros2_ws/install/moveit_ros_robot_interaction:/ros2_ws/install/moveit_planners_ompl:/ros2_ws/install/moveit_kinematics:/ros2_ws/install/moveit_ros_planning:/ros2_ws/install/moveit_simple_controller_manager:/ros2_ws/install/moveit_ros_occupancy_map_monitor:/ros2_ws/install/moveit_core:/ros2_ws/install/moveit_resources_panda_moveit_config:/ros2_ws/install/moveit_resources_fanuc_moveit_config:/ros2_ws/install/moveit_configs_utils:/ros2_ws/install/srdfdom:/ros2_ws/install/moveit_resources_pr2_description:/ros2_ws/install/moveit_resources_panda_description:/ros2_ws/install/moveit_resources_fanuc_description:/ros2_ws/install/moveit_common:/ros2_ws/install/launch_param_builder:${AMENT_PREFIX_PATH} CMAKE_PREFIX_PATH=/ros2_ws/install/moveit_ros_visualization:/ros2_ws/install/moveit_ros_planning_interface:/ros2_ws/install/moveit_ros_move_group:/ros2_ws/install/moveit_ros_warehouse:/ros2_ws/install/moveit_ros_robot_interaction:/ros2_ws/install/moveit_planners_ompl:/ros2_ws/install/moveit_kinematics:/ros2_ws/install/moveit_ros_planning:/ros2_ws/install/moveit_simple_controller_manager:/ros2_ws/install/moveit_ros_occupancy_map_monitor:/ros2_ws/install/moveit_core:/ros2_ws/install/moveit_resources_panda_moveit_config:/ros2_ws/install/moveit_resources_fanuc_moveit_config:/ros2_ws/install/srdfdom:/ros2_ws/install/moveit_resources_pr2_description:/ros2_ws/install/moveit_resources_panda_description:/ros2_ws/install/moveit_resources_fanuc_description:/ros2_ws/install/moveit_common:/ros2_ws/install/ur:/ros2_ws/install/ur_calibration:/ros2_ws/install/ur_robot_driver:/ros2_ws/install/ur_bringup:/ros2_ws/install/ur_controllers:/ros2_ws/install/ur_msgs:/ros2_ws/install/ur_moveit_config:/ros2_ws/install/ur_dashboard_msgs:/opt/ros/humble LD_LIBRARY_PATH=/ros2_ws/install/moveit_ros_visualization/lib:/ros2_ws/install/moveit_ros_planning_interface/lib:/ros2_ws/install/moveit_ros_move_group/lib:/ros2_ws/install/moveit_ros_warehouse/lib:/ros2_ws/install/moveit_ros_robot_interaction/lib:/ros2_ws/install/moveit_planners_ompl/lib:/ros2_ws/install/moveit_kinematics/lib:/ros2_ws/install/moveit_ros_planning/lib:/ros2_ws/install/moveit_simple_controller_manager/lib:/ros2_ws/install/moveit_ros_occupancy_map_monitor/lib:/ros2_ws/install/moveit_core/lib:/ros2_ws/install/srdfdom/lib:${LD_LIBRARY_PATH} PATH=/ros2_ws/install/moveit_core/bin:${PATH} PYTHONPATH=/ros2_ws/install/moveit_configs_utils/lib/python3.10/site-packages:/ros2_ws/install/srdfdom/local/lib/python3.10/dist-packages:/ros2_ws/install/launch_param_builder/lib/python3.10/site-packages:${PYTHONPATH} /usr/bin/cmake --build /ros2_ws/build/moveit_setup_framework
[82.375s] Invoking command in '/ros2_ws/build/moveit_setup_framework': AMENT_PREFIX_PATH=/ros2_ws/install/moveit_ros_visualization:/ros2_ws/install/moveit_ros_planning_interface:/ros2_ws/install/moveit_ros_move_group:/ros2_ws/install/moveit_ros_warehouse:/ros2_ws/install/moveit_ros_robot_interaction:/ros2_ws/install/moveit_planners_ompl:/ros2_ws/install/moveit_kinematics:/ros2_ws/install/moveit_ros_planning:/ros2_ws/install/moveit_simple_controller_manager:/ros2_ws/install/moveit_ros_occupancy_map_monitor:/ros2_ws/install/moveit_core:/ros2_ws/install/moveit_resources_panda_moveit_config:/ros2_ws/install/moveit_resources_fanuc_moveit_config:/ros2_ws/install/moveit_configs_utils:/ros2_ws/install/srdfdom:/ros2_ws/install/moveit_resources_pr2_description:/ros2_ws/install/moveit_resources_panda_description:/ros2_ws/install/moveit_resources_fanuc_description:/ros2_ws/install/moveit_common:/ros2_ws/install/launch_param_builder:${AMENT_PREFIX_PATH} CMAKE_PREFIX_PATH=/ros2_ws/install/moveit_ros_visualization:/ros2_ws/install/moveit_ros_planning_interface:/ros2_ws/install/moveit_ros_move_group:/ros2_ws/install/moveit_ros_warehouse:/ros2_ws/install/moveit_ros_robot_interaction:/ros2_ws/install/moveit_planners_ompl:/ros2_ws/install/moveit_kinematics:/ros2_ws/install/moveit_ros_planning:/ros2_ws/install/moveit_simple_controller_manager:/ros2_ws/install/moveit_ros_occupancy_map_monitor:/ros2_ws/install/moveit_core:/ros2_ws/install/moveit_resources_panda_moveit_config:/ros2_ws/install/moveit_resources_fanuc_moveit_config:/ros2_ws/install/srdfdom:/ros2_ws/install/moveit_resources_pr2_description:/ros2_ws/install/moveit_resources_panda_description:/ros2_ws/install/moveit_resources_fanuc_description:/ros2_ws/install/moveit_common:/ros2_ws/install/ur:/ros2_ws/install/ur_calibration:/ros2_ws/install/ur_robot_driver:/ros2_ws/install/ur_bringup:/ros2_ws/install/ur_controllers:/ros2_ws/install/ur_msgs:/ros2_ws/install/ur_moveit_config:/ros2_ws/install/ur_dashboard_msgs:/opt/ros/humble LD_LIBRARY_PATH=/ros2_ws/install/moveit_ros_visualization/lib:/ros2_ws/install/moveit_ros_planning_interface/lib:/ros2_ws/install/moveit_ros_move_group/lib:/ros2_ws/install/moveit_ros_warehouse/lib:/ros2_ws/install/moveit_ros_robot_interaction/lib:/ros2_ws/install/moveit_planners_ompl/lib:/ros2_ws/install/moveit_kinematics/lib:/ros2_ws/install/moveit_ros_planning/lib:/ros2_ws/install/moveit_simple_controller_manager/lib:/ros2_ws/install/moveit_ros_occupancy_map_monitor/lib:/ros2_ws/install/moveit_core/lib:/ros2_ws/install/srdfdom/lib:${LD_LIBRARY_PATH} PATH=/ros2_ws/install/moveit_core/bin:${PATH} PYTHONPATH=/ros2_ws/install/moveit_configs_utils/lib/python3.10/site-packages:/ros2_ws/install/srdfdom/local/lib/python3.10/dist-packages:/ros2_ws/install/launch_param_builder/lib/python3.10/site-packages:${PYTHONPATH} /usr/bin/cmake --install /ros2_ws/build/moveit_setup_framework
[82.386s] -- Install configuration: "Release"
[82.386s] -- Installing: /ros2_ws/install/moveit_setup_framework/include
[82.386s] -- Installing: /ros2_ws/install/moveit_setup_framework/include/moveit_setup_framework
[82.387s] -- Installing: /ros2_ws/install/moveit_setup_framework/include/moveit_setup_framework/utilities.hpp
[82.387s] -- Installing: /ros2_ws/install/moveit_setup_framework/include/moveit_setup_framework/generated_time.hpp
[82.387s] -- Installing: /ros2_ws/install/moveit_setup_framework/include/moveit_setup_framework/setup_step.hpp
[82.387s] -- Installing: /ros2_ws/install/moveit_setup_framework/include/moveit_setup_framework/config.hpp
[82.387s] -- Installing: /ros2_ws/install/moveit_setup_framework/include/moveit_setup_framework/generated_file.hpp
[82.387s] -- Installing: /ros2_ws/install/moveit_setup_framework/include/moveit_setup_framework/data_warehouse.hpp
[82.387s] -- Installing: /ros2_ws/install/moveit_setup_framework/include/moveit_setup_framework/data
[82.387s] -- Installing: /ros2_ws/install/moveit_setup_framework/include/moveit_setup_framework/data/urdf_config.hpp
[82.387s] -- Installing: /ros2_ws/install/moveit_setup_framework/include/moveit_setup_framework/data/srdf_config.hpp
[82.387s] -- Installing: /ros2_ws/install/moveit_setup_framework/include/moveit_setup_framework/data/package_settings_config.hpp
[82.387s] -- Installing: /ros2_ws/install/moveit_setup_framework/include/moveit_setup_framework/qt
[82.388s] -- Installing: /ros2_ws/install/moveit_setup_framework/include/moveit_setup_framework/qt/xml_syntax_highlighter.hpp
[82.388s] -- Installing: /ros2_ws/install/moveit_setup_framework/include/moveit_setup_framework/qt/helper_widgets.hpp
[82.388s] -- Installing: /ros2_ws/install/moveit_setup_framework/include/moveit_setup_framework/qt/rviz_panel.hpp
[82.388s] -- Installing: /ros2_ws/install/moveit_setup_framework/include/moveit_setup_framework/qt/setup_step_widget.hpp
[82.388s] -- Installing: /ros2_ws/install/moveit_setup_framework/include/moveit_setup_framework/qt/double_list_widget.hpp
[82.388s] -- Installing: /ros2_ws/install/moveit_setup_framework/include/moveit_setup_framework/templates.hpp
[82.388s] -- Installing: /ros2_ws/install/moveit_setup_framework/include/moveit_setup_framework/testing_utils.hpp
[82.388s] -- Installing: /ros2_ws/install/moveit_setup_framework/share/moveit_setup_framework/moveit_setup_framework_plugins.xml
[82.389s] -- Installing: /ros2_ws/install/moveit_setup_framework/share/moveit_setup_framework/templates
[82.389s] -- Installing: /ros2_ws/install/moveit_setup_framework/share/moveit_setup_framework/templates/CMakeLists.txt
[82.389s] -- Installing: /ros2_ws/install/moveit_setup_framework/share/moveit_setup_framework/templates/package.xml.template
[82.389s] -- Installing: /ros2_ws/install/moveit_setup_framework/share/moveit_setup_framework/templates/config
[82.389s] -- Installing: /ros2_ws/install/moveit_setup_framework/share/moveit_setup_framework/templates/config/pilz_cartesian_limits.yaml
[82.389s] -- Installing: /ros2_ws/install/moveit_setup_framework/share/moveit_setup_framework/environment/library_path.sh
[82.389s] -- Installing: /ros2_ws/install/moveit_setup_framework/share/moveit_setup_framework/environment/library_path.dsv
[82.389s] -- Installing: /ros2_ws/install/moveit_setup_framework/lib/libmoveit_setup_framework.so
[82.391s] -- Set runtime path of "/ros2_ws/install/moveit_setup_framework/lib/libmoveit_setup_framework.so" to ""
[82.391s] -- Up-to-date: /ros2_ws/install/moveit_setup_framework/share/moveit_setup_framework/moveit_setup_framework_plugins.xml
[82.391s] -- Installing: /ros2_ws/install/moveit_setup_framework/share/ament_index/resource_index/package_run_dependencies/moveit_setup_framework
[82.391s] -- Installing: /ros2_ws/install/moveit_setup_framework/share/ament_index/resource_index/parent_prefix_path/moveit_setup_framework
[82.391s] -- Installing: /ros2_ws/install/moveit_setup_framework/share/moveit_setup_framework/environment/ament_prefix_path.sh
[82.392s] -- Installing: /ros2_ws/install/moveit_setup_framework/share/moveit_setup_framework/environment/ament_prefix_path.dsv
[82.392s] -- Installing: /ros2_ws/install/moveit_setup_framework/share/moveit_setup_framework/environment/path.sh
[82.392s] -- Installing: /ros2_ws/install/moveit_setup_framework/share/moveit_setup_framework/environment/path.dsv
[82.392s] -- Installing: /ros2_ws/install/moveit_setup_framework/share/moveit_setup_framework/local_setup.bash
[82.392s] -- Installing: /ros2_ws/install/moveit_setup_framework/share/moveit_setup_framework/local_setup.sh
[82.392s] -- Installing: /ros2_ws/install/moveit_setup_framework/share/moveit_setup_framework/local_setup.zsh
[82.392s] -- Installing: /ros2_ws/install/moveit_setup_framework/share/moveit_setup_framework/local_setup.dsv
[82.392s] -- Installing: /ros2_ws/install/moveit_setup_framework/share/moveit_setup_framework/package.dsv
[82.392s] -- Installing: /ros2_ws/install/moveit_setup_framework/share/ament_index/resource_index/packages/moveit_setup_framework
[82.393s] -- Installing: /ros2_ws/install/moveit_setup_framework/share/ament_index/resource_index/moveit_setup_framework__pluginlib__plugin/moveit_setup_framework
[82.393s] -- Installing: /ros2_ws/install/moveit_setup_framework/share/moveit_setup_framework/cmake/export_moveit_setup_frameworkExport.cmake
[82.393s] -- Installing: /ros2_ws/install/moveit_setup_framework/share/moveit_setup_framework/cmake/export_moveit_setup_frameworkExport-release.cmake
[82.393s] -- Installing: /ros2_ws/install/moveit_setup_framework/share/moveit_setup_framework/cmake/ament_cmake_export_targets-extras.cmake
[82.393s] -- Installing: /ros2_ws/install/moveit_setup_framework/share/moveit_setup_framework/cmake/ament_cmake_export_include_directories-extras.cmake
[82.393s] -- Installing: /ros2_ws/install/moveit_setup_framework/share/moveit_setup_framework/cmake/ament_cmake_export_dependencies-extras.cmake
[82.393s] -- Installing: /ros2_ws/install/moveit_setup_framework/share/moveit_setup_framework/cmake/moveit_setup_frameworkConfig.cmake
[82.393s] -- Installing: /ros2_ws/install/moveit_setup_framework/share/moveit_setup_framework/cmake/moveit_setup_frameworkConfig-version.cmake
[82.394s] -- Installing: /ros2_ws/install/moveit_setup_framework/share/moveit_setup_framework/package.xml
[82.396s] Invoked command in '/ros2_ws/build/moveit_setup_framework' returned '0': AMENT_PREFIX_PATH=/ros2_ws/install/moveit_ros_visualization:/ros2_ws/install/moveit_ros_planning_interface:/ros2_ws/install/moveit_ros_move_group:/ros2_ws/install/moveit_ros_warehouse:/ros2_ws/install/moveit_ros_robot_interaction:/ros2_ws/install/moveit_planners_ompl:/ros2_ws/install/moveit_kinematics:/ros2_ws/install/moveit_ros_planning:/ros2_ws/install/moveit_simple_controller_manager:/ros2_ws/install/moveit_ros_occupancy_map_monitor:/ros2_ws/install/moveit_core:/ros2_ws/install/moveit_resources_panda_moveit_config:/ros2_ws/install/moveit_resources_fanuc_moveit_config:/ros2_ws/install/moveit_configs_utils:/ros2_ws/install/srdfdom:/ros2_ws/install/moveit_resources_pr2_description:/ros2_ws/install/moveit_resources_panda_description:/ros2_ws/install/moveit_resources_fanuc_description:/ros2_ws/install/moveit_common:/ros2_ws/install/launch_param_builder:${AMENT_PREFIX_PATH} CMAKE_PREFIX_PATH=/ros2_ws/install/moveit_ros_visualization:/ros2_ws/install/moveit_ros_planning_interface:/ros2_ws/install/moveit_ros_move_group:/ros2_ws/install/moveit_ros_warehouse:/ros2_ws/install/moveit_ros_robot_interaction:/ros2_ws/install/moveit_planners_ompl:/ros2_ws/install/moveit_kinematics:/ros2_ws/install/moveit_ros_planning:/ros2_ws/install/moveit_simple_controller_manager:/ros2_ws/install/moveit_ros_occupancy_map_monitor:/ros2_ws/install/moveit_core:/ros2_ws/install/moveit_resources_panda_moveit_config:/ros2_ws/install/moveit_resources_fanuc_moveit_config:/ros2_ws/install/srdfdom:/ros2_ws/install/moveit_resources_pr2_description:/ros2_ws/install/moveit_resources_panda_description:/ros2_ws/install/moveit_resources_fanuc_description:/ros2_ws/install/moveit_common:/ros2_ws/install/ur:/ros2_ws/install/ur_calibration:/ros2_ws/install/ur_robot_driver:/ros2_ws/install/ur_bringup:/ros2_ws/install/ur_controllers:/ros2_ws/install/ur_msgs:/ros2_ws/install/ur_moveit_config:/ros2_ws/install/ur_dashboard_msgs:/opt/ros/humble LD_LIBRARY_PATH=/ros2_ws/install/moveit_ros_visualization/lib:/ros2_ws/install/moveit_ros_planning_interface/lib:/ros2_ws/install/moveit_ros_move_group/lib:/ros2_ws/install/moveit_ros_warehouse/lib:/ros2_ws/install/moveit_ros_robot_interaction/lib:/ros2_ws/install/moveit_planners_ompl/lib:/ros2_ws/install/moveit_kinematics/lib:/ros2_ws/install/moveit_ros_planning/lib:/ros2_ws/install/moveit_simple_controller_manager/lib:/ros2_ws/install/moveit_ros_occupancy_map_monitor/lib:/ros2_ws/install/moveit_core/lib:/ros2_ws/install/srdfdom/lib:${LD_LIBRARY_PATH} PATH=/ros2_ws/install/moveit_core/bin:${PATH} PYTHONPATH=/ros2_ws/install/moveit_configs_utils/lib/python3.10/site-packages:/ros2_ws/install/srdfdom/local/lib/python3.10/dist-packages:/ros2_ws/install/launch_param_builder/lib/python3.10/site-packages:${PYTHONPATH} /usr/bin/cmake --install /ros2_ws/build/moveit_setup_framework
