[0.011s] Invoking command in '/ros2_ws/build/ur_moveit_config': CMAKE_PREFIX_PATH=${CMAKE_PREFIX_PATH}:/opt/ros/humble /usr/bin/cmake /ros2_ws/src/Universal_Robots_ROS2_Driver/ur_moveit_config -DCMAKE_BUILD_TYPE=Release -DCMAKE_INSTALL_PREFIX=/ros2_ws/install/ur_moveit_config
[0.065s] -- The C compiler identification is GNU 11.4.0
[0.123s] -- The CXX compiler identification is GNU 11.4.0
[0.129s] -- Detecting C compiler ABI info
[0.191s] -- Detecting C compiler ABI info - done
[0.198s] -- Check for working C compiler: /usr/bin/cc - skipped
[0.198s] -- Detecting C compile features
[0.199s] -- Detecting C compile features - done
[0.202s] -- Detecting CXX compiler ABI info
[0.277s] -- Detecting CXX compiler ABI info - done
[0.284s] -- Check for working CXX compiler: /usr/bin/c++ - skipped
[0.284s] -- Detecting CXX compile features
[0.284s] -- Detecting CXX compile features - done
[0.288s] -- Found ament_cmake: 1.3.11 (/opt/ros/humble/share/ament_cmake/cmake)
[0.430s] -- Found Python3: /usr/bin/python3 (found version "3.10.12") found components: Interpreter 
[0.650s] -- Configuring done
[0.654s] -- Generating done
[0.656s] -- Build files have been written to: /ros2_ws/build/ur_moveit_config
[0.659s] Invoked command in '/ros2_ws/build/ur_moveit_config' returned '0': CMAKE_PREFIX_PATH=${CMAKE_PREFIX_PATH}:/opt/ros/humble /usr/bin/cmake /ros2_ws/src/Universal_Robots_ROS2_Driver/ur_moveit_config -DCMAKE_BUILD_TYPE=Release -DCMAKE_INSTALL_PREFIX=/ros2_ws/install/ur_moveit_config
[0.661s] Invoking command in '/ros2_ws/build/ur_moveit_config': CMAKE_PREFIX_PATH=${CMAKE_PREFIX_PATH}:/opt/ros/humble /usr/bin/cmake --build /ros2_ws/build/ur_moveit_config -- -j8 -l8
[0.712s] Built target ament_cmake_python_copy_ur_moveit_config
[0.950s] running egg_info
[0.951s] creating ur_moveit_config.egg-info
[0.951s] writing ur_moveit_config.egg-info/PKG-INFO
[0.951s] writing dependency_links to ur_moveit_config.egg-info/dependency_links.txt
[0.951s] writing top-level names to ur_moveit_config.egg-info/top_level.txt
[0.951s] writing manifest file 'ur_moveit_config.egg-info/SOURCES.txt'
[0.954s] reading manifest file 'ur_moveit_config.egg-info/SOURCES.txt'
[0.955s] writing manifest file 'ur_moveit_config.egg-info/SOURCES.txt'
[0.984s] Built target ament_cmake_python_build_ur_moveit_config_egg
[0.994s] Invoked command in '/ros2_ws/build/ur_moveit_config' returned '0': CMAKE_PREFIX_PATH=${CMAKE_PREFIX_PATH}:/opt/ros/humble /usr/bin/cmake --build /ros2_ws/build/ur_moveit_config -- -j8 -l8
[1.003s] Invoking command in '/ros2_ws/build/ur_moveit_config': CMAKE_PREFIX_PATH=${CMAKE_PREFIX_PATH}:/opt/ros/humble /usr/bin/cmake --install /ros2_ws/build/ur_moveit_config
[1.010s] -- Install configuration: "Release"
[1.011s] -- Installing: /ros2_ws/install/ur_moveit_config/share/ur_moveit_config/config
[1.011s] -- Installing: /ros2_ws/install/ur_moveit_config/share/ur_moveit_config/config/ompl_planning.yaml
[1.011s] -- Installing: /ros2_ws/install/ur_moveit_config/share/ur_moveit_config/config/kinematics.yaml
[1.011s] -- Installing: /ros2_ws/install/ur_moveit_config/share/ur_moveit_config/config/ur_servo.yaml
[1.011s] -- Installing: /ros2_ws/install/ur_moveit_config/share/ur_moveit_config/config/joint_limits.yaml
[1.011s] -- Installing: /ros2_ws/install/ur_moveit_config/share/ur_moveit_config/config/controllers.yaml
[1.011s] -- Installing: /ros2_ws/install/ur_moveit_config/share/ur_moveit_config/launch
[1.011s] -- Installing: /ros2_ws/install/ur_moveit_config/share/ur_moveit_config/launch/ur_moveit.launch.py
[1.012s] -- Installing: /ros2_ws/install/ur_moveit_config/share/ur_moveit_config/rviz
[1.012s] -- Installing: /ros2_ws/install/ur_moveit_config/share/ur_moveit_config/rviz/view_robot.rviz
[1.012s] -- Installing: /ros2_ws/install/ur_moveit_config/share/ur_moveit_config/srdf
[1.012s] -- Installing: /ros2_ws/install/ur_moveit_config/share/ur_moveit_config/srdf/ur.srdf.xacro
[1.012s] -- Installing: /ros2_ws/install/ur_moveit_config/share/ur_moveit_config/srdf/ur_macro.srdf.xacro
[1.012s] -- Installing: /ros2_ws/install/ur_moveit_config/share/ur_moveit_config/environment/pythonpath.sh
[1.012s] -- Installing: /ros2_ws/install/ur_moveit_config/share/ur_moveit_config/environment/pythonpath.dsv
[1.012s] -- Installing: /ros2_ws/install/ur_moveit_config/local/lib/python3.10/dist-packages/ur_moveit_config-2.5.1-py3.10.egg-info
[1.012s] -- Installing: /ros2_ws/install/ur_moveit_config/local/lib/python3.10/dist-packages/ur_moveit_config-2.5.1-py3.10.egg-info/dependency_links.txt
[1.013s] -- Installing: /ros2_ws/install/ur_moveit_config/local/lib/python3.10/dist-packages/ur_moveit_config-2.5.1-py3.10.egg-info/top_level.txt
[1.013s] -- Installing: /ros2_ws/install/ur_moveit_config/local/lib/python3.10/dist-packages/ur_moveit_config-2.5.1-py3.10.egg-info/SOURCES.txt
[1.013s] -- Installing: /ros2_ws/install/ur_moveit_config/local/lib/python3.10/dist-packages/ur_moveit_config-2.5.1-py3.10.egg-info/PKG-INFO
[1.013s] -- Installing: /ros2_ws/install/ur_moveit_config/local/lib/python3.10/dist-packages/ur_moveit_config
[1.013s] -- Installing: /ros2_ws/install/ur_moveit_config/local/lib/python3.10/dist-packages/ur_moveit_config/launch_common.py
[1.013s] -- Installing: /ros2_ws/install/ur_moveit_config/local/lib/python3.10/dist-packages/ur_moveit_config/__init__.py
[1.042s] Listing '/ros2_ws/install/ur_moveit_config/local/lib/python3.10/dist-packages/ur_moveit_config'...
[1.042s] Compiling '/ros2_ws/install/ur_moveit_config/local/lib/python3.10/dist-packages/ur_moveit_config/__init__.py'...
[1.042s] Compiling '/ros2_ws/install/ur_moveit_config/local/lib/python3.10/dist-packages/ur_moveit_config/launch_common.py'...
[1.047s] -- Installing: /ros2_ws/install/ur_moveit_config/local/lib/python3.10/dist-packages/launch_common.py
[1.086s] Compiling '/ros2_ws/install/ur_moveit_config/local/lib/python3.10/dist-packages/launch_common.py'...
[1.090s] -- Installing: /ros2_ws/install/ur_moveit_config/share/ament_index/resource_index/package_run_dependencies/ur_moveit_config
[1.091s] -- Installing: /ros2_ws/install/ur_moveit_config/share/ament_index/resource_index/parent_prefix_path/ur_moveit_config
[1.091s] -- Installing: /ros2_ws/install/ur_moveit_config/share/ur_moveit_config/environment/ament_prefix_path.sh
[1.091s] -- Installing: /ros2_ws/install/ur_moveit_config/share/ur_moveit_config/environment/ament_prefix_path.dsv
[1.091s] -- Installing: /ros2_ws/install/ur_moveit_config/share/ur_moveit_config/environment/path.sh
[1.091s] -- Installing: /ros2_ws/install/ur_moveit_config/share/ur_moveit_config/environment/path.dsv
[1.091s] -- Installing: /ros2_ws/install/ur_moveit_config/share/ur_moveit_config/local_setup.bash
[1.091s] -- Installing: /ros2_ws/install/ur_moveit_config/share/ur_moveit_config/local_setup.sh
[1.092s] -- Installing: /ros2_ws/install/ur_moveit_config/share/ur_moveit_config/local_setup.zsh
[1.092s] -- Installing: /ros2_ws/install/ur_moveit_config/share/ur_moveit_config/local_setup.dsv
[1.092s] -- Installing: /ros2_ws/install/ur_moveit_config/share/ur_moveit_config/package.dsv
[1.092s] -- Installing: /ros2_ws/install/ur_moveit_config/share/ament_index/resource_index/packages/ur_moveit_config
[1.092s] -- Installing: /ros2_ws/install/ur_moveit_config/share/ur_moveit_config/cmake/ur_moveit_configConfig.cmake
[1.092s] -- Installing: /ros2_ws/install/ur_moveit_config/share/ur_moveit_config/cmake/ur_moveit_configConfig-version.cmake
[1.092s] -- Installing: /ros2_ws/install/ur_moveit_config/share/ur_moveit_config/package.xml
[1.094s] Invoked command in '/ros2_ws/build/ur_moveit_config' returned '0': CMAKE_PREFIX_PATH=${CMAKE_PREFIX_PATH}:/opt/ros/humble /usr/bin/cmake --install /ros2_ws/build/ur_moveit_config
