[0.013s] Invoking command in '/ros2_ws/build/moveit_core': AMENT_PREFIX_PATH=/ros2_ws/install/moveit_resources_panda_moveit_config:/ros2_ws/install/srdfdom:/ros2_ws/install/moveit_resources_pr2_description:/ros2_ws/install/moveit_resources_panda_description:/ros2_ws/install/moveit_common:${AMENT_PREFIX_PATH} CMAKE_PREFIX_PATH=/ros2_ws/install/moveit_resources_panda_moveit_config:/ros2_ws/install/srdfdom:/ros2_ws/install/moveit_resources_pr2_description:/ros2_ws/install/moveit_resources_panda_description:/ros2_ws/install/moveit_common:/ros2_ws/install/ur:/ros2_ws/install/ur_calibration:/ros2_ws/install/ur_robot_driver:/ros2_ws/install/ur_bringup:/ros2_ws/install/ur_controllers:/ros2_ws/install/ur_msgs:/ros2_ws/install/ur_moveit_config:/ros2_ws/install/ur_dashboard_msgs:/opt/ros/humble LD_LIBRARY_PATH=/ros2_ws/install/srdfdom/lib:${LD_LIBRARY_PATH} PYTHONPATH=/ros2_ws/install/srdfdom/local/lib/python3.10/dist-packages:${PYTHONPATH} /usr/bin/cmake /ros2_ws/src/moveit2/moveit_core -DCMAKE_INSTALL_PREFIX=/ros2_ws/install/moveit_core
[0.079s] -- The CXX compiler identification is GNU 11.4.0
[0.085s] -- Detecting CXX compiler ABI info
[0.158s] -- Detecting CXX compiler ABI info - done
[0.164s] -- Check for working CXX compiler: /usr/bin/c++ - skipped
[0.165s] -- Detecting CXX compile features
[0.165s] -- Detecting CXX compile features - done
[0.166s] -- Found moveit_common: 2.5.7 (/ros2_ws/install/moveit_common/share/moveit_common/cmake)
[0.170s] -- Found ament_cmake: 1.3.11 (/opt/ros/humble/share/ament_cmake/cmake)
[0.311s] -- Found Python3: /usr/bin/python3 (found version "3.10.12") found components: Interpreter 
[0.474s] [0mmoveit_core: You did not request a specific build type: Choosing 'Release' for maximum performance[0m
[0.482s] -- Found angles: 1.15.0 (/opt/ros/humble/share/angles/cmake)
[0.503s] -- Found Bullet: /usr/lib/x86_64-linux-gnu/libBulletDynamics.so (Required is at least version "2.87") 
[0.506s] -- Found common_interfaces: 4.2.4 (/opt/ros/humble/share/common_interfaces/cmake)
[0.509s] -- Found eigen_stl_containers: 1.0.0 (/opt/ros/humble/share/eigen_stl_containers/cmake)
[0.522s] -- Found eigen3_cmake_module: 0.1.1 (/opt/ros/humble/share/eigen3_cmake_module/cmake)
[0.527s] -- Found Eigen3: TRUE (found version "3.4.0") 
[0.533s] -- Found generate_parameter_library: 0.3.9 (/opt/ros/humble/share/generate_parameter_library/cmake)
[0.541s] -- Found parameter_traits: 0.3.9 (/opt/ros/humble/share/parameter_traits/cmake)
[0.593s] -- Found rosidl_generator_c: 3.1.6 (/opt/ros/humble/share/rosidl_generator_c/cmake)
[0.601s] -- Found rosidl_adapter: 3.1.6 (/opt/ros/humble/share/rosidl_adapter/cmake)
[0.614s] -- Found rosidl_generator_cpp: 3.1.6 (/opt/ros/humble/share/rosidl_generator_cpp/cmake)
[0.630s] -- Using all available rosidl_typesupport_c: rosidl_typesupport_fastrtps_c;rosidl_typesupport_introspection_c
[0.650s] -- Using all available rosidl_typesupport_cpp: rosidl_typesupport_fastrtps_cpp;rosidl_typesupport_introspection_cpp
[0.708s] -- Found rmw_implementation_cmake: 6.1.2 (/opt/ros/humble/share/rmw_implementation_cmake/cmake)
[0.712s] -- Found rmw_fastrtps_cpp: 6.2.7 (/opt/ros/humble/share/rmw_fastrtps_cpp/cmake)
[0.804s] -- Found OpenSSL: /usr/lib/x86_64-linux-gnu/libcrypto.so (found version "3.0.2")  
[0.831s] -- Found FastRTPS: /opt/ros/humble/include  
[0.877s] -- Using RMW implementation 'rmw_fastrtps_cpp' as default
[0.890s] -- Looking for C++ include pthread.h
[0.991s] -- Looking for C++ include pthread.h - found
[0.991s] -- Performing Test CMAKE_HAVE_LIBC_PTHREAD
[1.093s] -- Performing Test CMAKE_HAVE_LIBC_PTHREAD - Success
[1.094s] -- Found Threads: TRUE  
[1.188s] -- Found rclcpp_lifecycle: 16.0.11 (/opt/ros/humble/share/rclcpp_lifecycle/cmake)
[1.213s] -- Found geometric_shapes: 2.1.3 (/opt/ros/humble/share/geometric_shapes/cmake)
[1.227s] -- Found Boost: /usr/lib/x86_64-linux-gnu/cmake/Boost-1.74.0/BoostConfig.cmake (found version "1.74.0") found components: filesystem 
[1.341s] -- library: /usr/lib/x86_64-linux-gnu/libcurl.so
[1.406s] -- Found kdl_parser: 2.6.4 (/opt/ros/humble/share/kdl_parser/cmake)
[1.416s] -- Ensuring Eigen3 include directory is part of orocos-kdl CMake target
[1.423s] -- Found moveit_msgs: 2.2.1 (/opt/ros/humble/share/moveit_msgs/cmake)
[1.549s] -- Found pluginlib: 5.1.0 (/opt/ros/humble/share/pluginlib/cmake)
[1.577s] -- Found srdfdom: 2.0.7 (/ros2_ws/install/srdfdom/share/srdfdom/cmake)
[1.595s] -- Found tf2_eigen: 0.25.9 (/opt/ros/humble/share/tf2_eigen/cmake)
[1.684s] -- Found tf2_geometry_msgs: 0.25.9 (/opt/ros/humble/share/tf2_geometry_msgs/cmake)
[1.698s] -- Found tf2_kdl: 0.25.9 (/opt/ros/humble/share/tf2_kdl/cmake)
[1.754s] -- Found Boost: /usr/lib/x86_64-linux-gnu/cmake/Boost-1.74.0/BoostConfig.cmake (found version "1.74.0") found components: chrono date_time filesystem iostreams program_options regex serialization system thread 
[1.755s] --  *** Building MoveIt 2.5.7-Alpha ***
[1.759s] -- Performing Test COMPILER_HAS_HIDDEN_VISIBILITY
[1.852s] -- Performing Test COMPILER_HAS_HIDDEN_VISIBILITY - Success
[1.853s] -- Performing Test COMPILER_HAS_HIDDEN_INLINE_VISIBILITY
[1.947s] -- Performing Test COMPILER_HAS_HIDDEN_INLINE_VISIBILITY - Success
[1.947s] -- Performing Test COMPILER_HAS_DEPRECATED_ATTR
[2.042s] -- Performing Test COMPILER_HAS_DEPRECATED_ATTR - Success
[2.048s] -- Found ament_cmake_gtest: 1.3.11 (/opt/ros/humble/share/ament_cmake_gtest/cmake)
[2.052s] -- Found gtest sources under '/opt/ros/humble/src/gtest_vendor': C++ tests using 'Google Test' will be built
[2.091s] -- The C compiler identification is GNU 11.4.0
[2.098s] -- Detecting C compiler ABI info
[2.189s] -- Detecting C compiler ABI info - done
[2.196s] -- Check for working C compiler: /usr/bin/cc - skipped
[2.196s] -- Detecting C compile features
[2.196s] -- Detecting C compile features - done
[2.209s] -- Found ament_cmake_gmock: 1.3.11 (/opt/ros/humble/share/ament_cmake_gmock/cmake)
[2.214s] -- Found gmock sources under '/opt/ros/humble/src/gmock_vendor': C++ tests using 'Google Mock' will be built
[2.217s] -- Found ament_cmake_gtest: 1.3.11 (/opt/ros/humble/share/ament_cmake_gtest/cmake)
[2.218s] -- Found gtest sources under '/opt/ros/humble/src/gtest_vendor': C++ tests using 'Google Test' will be built
[2.227s] -- Found ament_cmake_gtest: 1.3.11 (/opt/ros/humble/share/ament_cmake_gtest/cmake)
[2.228s] -- Found gtest sources under '/opt/ros/humble/src/gtest_vendor': C++ tests using 'Google Test' will be built
[2.251s] -- Found ament_cmake_gtest: 1.3.11 (/opt/ros/humble/share/ament_cmake_gtest/cmake)
[2.252s] -- Found gtest sources under '/opt/ros/humble/src/gtest_vendor': C++ tests using 'Google Test' will be built
[2.268s] -- Found ament_lint_auto: 0.12.11 (/opt/ros/humble/share/ament_lint_auto/cmake)
[2.269s] -- Found ament_cmake_gtest: 1.3.11 (/opt/ros/humble/share/ament_cmake_gtest/cmake)
[2.269s] -- Found gtest sources under '/opt/ros/humble/src/gtest_vendor': C++ tests using 'Google Test' will be built
[2.286s] -- Found ament_cmake_gtest: 1.3.11 (/opt/ros/humble/share/ament_cmake_gtest/cmake)
[2.286s] -- Found gtest sources under '/opt/ros/humble/src/gtest_vendor': C++ tests using 'Google Test' will be built
[2.298s] -- Found ament_cmake_gtest: 1.3.11 (/opt/ros/humble/share/ament_cmake_gtest/cmake)
[2.299s] -- Found gtest sources under '/opt/ros/humble/src/gtest_vendor': C++ tests using 'Google Test' will be built
[2.308s] -- Found ament_cmake_gtest: 1.3.11 (/opt/ros/humble/share/ament_cmake_gtest/cmake)
[2.309s] -- Found gtest sources under '/opt/ros/humble/src/gtest_vendor': C++ tests using 'Google Test' will be built
[2.321s] -- Found gtest sources under '/opt/ros/humble/src/gtest_vendor': C++ tests using 'Google Test' will be built
[2.331s] -- Found gtest sources under '/opt/ros/humble/src/gtest_vendor': C++ tests using 'Google Test' will be built
[2.342s] -- Found ament_cmake_gtest: 1.3.11 (/opt/ros/humble/share/ament_cmake_gtest/cmake)
[2.343s] -- Found gtest sources under '/opt/ros/humble/src/gtest_vendor': C++ tests using 'Google Test' will be built
[2.362s] -- Found gtest sources under '/opt/ros/humble/src/gtest_vendor': C++ tests using 'Google Test' will be built
[2.377s] -- Found gtest sources under '/opt/ros/humble/src/gtest_vendor': C++ tests using 'Google Test' will be built
[2.390s] -- Found gtest sources under '/opt/ros/humble/src/gtest_vendor': C++ tests using 'Google Test' will be built
[2.397s] -- Found ament_lint_auto: 0.12.11 (/opt/ros/humble/share/ament_lint_auto/cmake)
[2.439s] -- Added test 'cppcheck' to perform static code analysis on C / C++ code
[2.440s] -- Configured cppcheck include dirs: /ros2_ws/src/moveit2/moveit_core/exceptions/include;/ros2_ws/src/moveit2/moveit_core/collision_detection/include;/ros2_ws/src/moveit2/moveit_core/collision_detection_fcl/include;/ros2_ws/src/moveit2/moveit_core/collision_detection_bullet/include;/ros2_ws/src/moveit2/moveit_core/constraint_samplers/include;/ros2_ws/src/moveit2/moveit_core/controller_manager/include;/ros2_ws/src/moveit2/moveit_core/distance_field/include;/ros2_ws/src/moveit2/moveit_core/collision_distance_field/include;/ros2_ws/src/moveit2/moveit_core/dynamics_solver/include;/ros2_ws/src/moveit2/moveit_core/kinematics_base/include;/ros2_ws/src/moveit2/moveit_core/kinematics_metrics/include;/ros2_ws/src/moveit2/moveit_core/robot_model/include;/ros2_ws/src/moveit2/moveit_core/transforms/include;/ros2_ws/src/moveit2/moveit_core/robot_state/include;/ros2_ws/src/moveit2/moveit_core/robot_trajectory/include;/ros2_ws/src/moveit2/moveit_core/kinematic_constraints/include;/ros2_ws/src/moveit2/moveit_core/macros/include;/ros2_ws/src/moveit2/moveit_core/online_signal_smoothing/include;/ros2_ws/src/moveit2/moveit_core/planning_interface/include;/ros2_ws/src/moveit2/moveit_core/planning_request_adapter/include;/ros2_ws/src/moveit2/moveit_core/planning_scene/include;/ros2_ws/src/moveit2/moveit_core/sensor_manager/include;/ros2_ws/src/moveit2/moveit_core/trajectory_processing/include;/ros2_ws/src/moveit2/moveit_core/utils/include
[2.440s] -- Configured cppcheck exclude dirs and/or files: 
[2.444s] -- Added test 'pep257' to check Python code against some of the docstring style conventions in PEP 257
[2.447s] -- Added test 'xmllint' to check XML markup files
[2.450s] -- Configuring done
[3.216s] -- Generating done
[3.382s] -- Build files have been written to: /ros2_ws/build/moveit_core
[3.413s] Invoked command in '/ros2_ws/build/moveit_core' returned '0': AMENT_PREFIX_PATH=/ros2_ws/install/moveit_resources_panda_moveit_config:/ros2_ws/install/srdfdom:/ros2_ws/install/moveit_resources_pr2_description:/ros2_ws/install/moveit_resources_panda_description:/ros2_ws/install/moveit_common:${AMENT_PREFIX_PATH} CMAKE_PREFIX_PATH=/ros2_ws/install/moveit_resources_panda_moveit_config:/ros2_ws/install/srdfdom:/ros2_ws/install/moveit_resources_pr2_description:/ros2_ws/install/moveit_resources_panda_description:/ros2_ws/install/moveit_common:/ros2_ws/install/ur:/ros2_ws/install/ur_calibration:/ros2_ws/install/ur_robot_driver:/ros2_ws/install/ur_bringup:/ros2_ws/install/ur_controllers:/ros2_ws/install/ur_msgs:/ros2_ws/install/ur_moveit_config:/ros2_ws/install/ur_dashboard_msgs:/opt/ros/humble LD_LIBRARY_PATH=/ros2_ws/install/srdfdom/lib:${LD_LIBRARY_PATH} PYTHONPATH=/ros2_ws/install/srdfdom/local/lib/python3.10/dist-packages:${PYTHONPATH} /usr/bin/cmake /ros2_ws/src/moveit2/moveit_core -DCMAKE_INSTALL_PREFIX=/ros2_ws/install/moveit_core
[3.414s] Invoking command in '/ros2_ws/build/moveit_core': AMENT_PREFIX_PATH=/ros2_ws/install/moveit_resources_panda_moveit_config:/ros2_ws/install/srdfdom:/ros2_ws/install/moveit_resources_pr2_description:/ros2_ws/install/moveit_resources_panda_description:/ros2_ws/install/moveit_common:${AMENT_PREFIX_PATH} CMAKE_PREFIX_PATH=/ros2_ws/install/moveit_resources_panda_moveit_config:/ros2_ws/install/srdfdom:/ros2_ws/install/moveit_resources_pr2_description:/ros2_ws/install/moveit_resources_panda_description:/ros2_ws/install/moveit_common:/ros2_ws/install/ur:/ros2_ws/install/ur_calibration:/ros2_ws/install/ur_robot_driver:/ros2_ws/install/ur_bringup:/ros2_ws/install/ur_controllers:/ros2_ws/install/ur_msgs:/ros2_ws/install/ur_moveit_config:/ros2_ws/install/ur_dashboard_msgs:/opt/ros/humble LD_LIBRARY_PATH=/ros2_ws/install/srdfdom/lib:${LD_LIBRARY_PATH} PYTHONPATH=/ros2_ws/install/srdfdom/local/lib/python3.10/dist-packages:${PYTHONPATH} /usr/bin/cmake --build /ros2_ws/build/moveit_core
[3.467s] [  0%] [32mBuilding CXX object transforms/CMakeFiles/moveit_transforms.dir/src/transforms.cpp.o[0m
[9.136s] [  1%] [32m[1mLinking CXX shared library libmoveit_transforms.so[0m
[9.278s] [  1%] Built target moveit_transforms
[9.297s] [  2%] [32mBuilding CXX object distance_field/CMakeFiles/moveit_distance_field.dir/src/distance_field.cpp.o[0m
[15.121s] [  2%] [32mBuilding CXX object distance_field/CMakeFiles/moveit_distance_field.dir/src/find_internal_points.cpp.o[0m
[16.467s] [  3%] [32mBuilding CXX object distance_field/CMakeFiles/moveit_distance_field.dir/src/propagation_distance_field.cpp.o[0m
[22.738s] [  3%] [32m[1mLinking CXX shared library libmoveit_distance_field.so[0m
[22.892s] [  3%] Built target moveit_distance_field
[22.911s] [  4%] [32mBuilding CXX object utils/CMakeFiles/moveit_utils.dir/src/lexical_casts.cpp.o[0m
[23.320s] [  4%] [32mBuilding CXX object utils/CMakeFiles/moveit_utils.dir/src/message_checks.cpp.o[0m
[24.213s] [  5%] [32mBuilding CXX object utils/CMakeFiles/moveit_utils.dir/src/rclcpp_utils.cpp.o[0m
[24.450s] [  5%] [32m[1mLinking CXX shared library libmoveit_utils.so[0m
[25.039s] [  5%] Built target moveit_utils
[25.058s] [  5%] [32mBuilding CXX object gtest/CMakeFiles/gtest.dir/src/gtest-all.cc.o[0m
[31.822s] [  6%] [32m[1mLinking CXX static library libgtest.a[0m
[31.858s] [  6%] Built target gtest
[31.877s] [  7%] [32mBuilding CXX object gtest/CMakeFiles/gtest_main.dir/src/gtest_main.cc.o[0m
[32.712s] [  7%] [32m[1mLinking CXX static library libgtest_main.a[0m
[32.741s] [  7%] Built target gtest_main
[32.760s] [  7%] [32mBuilding CXX object gmock/CMakeFiles/gmock.dir/opt/ros/humble/src/gtest_vendor/src/gtest-all.cc.o[0m
[39.178s] [  8%] [32mBuilding CXX object gmock/CMakeFiles/gmock.dir/src/gmock-all.cc.o[0m
[41.843s] [  9%] [32m[1mLinking CXX static library libgmock.a[0m
[41.880s] [  9%] Built target gmock
[41.898s] [  9%] [32mBuilding CXX object gmock/CMakeFiles/gmock_main.dir/src/gmock_main.cc.o[0m
[42.995s] [ 10%] [32m[1mLinking CXX static library libgmock_main.a[0m
[43.026s] [ 10%] Built target gmock_main
[43.046s] [ 11%] [32mBuilding CXX object distance_field/CMakeFiles/test_voxel_grid.dir/test/test_voxel_grid.cpp.o[0m
[46.865s] [ 11%] [32m[1mLinking CXX executable test_voxel_grid[0m
[47.028s] [ 11%] Built target test_voxel_grid
[47.047s] [ 11%] [32mBuilding CXX object distance_field/CMakeFiles/test_distance_field.dir/test/test_distance_field.cpp.o[0m
[55.405s] [ 12%] [32m[1mLinking CXX executable test_distance_field[0m
[55.620s] [ 12%] Built target test_distance_field
[55.640s] [ 12%] [32mBuilding CXX object online_signal_smoothing/CMakeFiles/moveit_smoothing_base.dir/src/smoothing_base_class.cpp.o[0m
[58.011s] [ 13%] [32m[1mLinking CXX shared library libmoveit_smoothing_base.so[0m
[58.114s] [ 13%] Built target moveit_smoothing_base
[58.133s] [ 14%] [34m[1mRunning `/opt/ros/humble/bin/generate_parameter_library_cpp /ros2_ws/build/moveit_core/online_signal_smoothing/moveit_butterworth_parameters/include//moveit_butterworth_parameters.hpp /ros2_ws/src/moveit2/moveit_core/online_signal_smoothing/src/butterworth_parameters.yaml `[0m
[58.266s] [ 14%] Built target moveit_butterworth_parameters
[58.285s] [ 14%] [32mBuilding CXX object transforms/CMakeFiles/test_transforms.dir/test/test_transforms.cpp.o[0m
[60.919s] [ 15%] [32m[1mLinking CXX executable test_transforms[0m
[61.046s] [ 15%] Built target test_transforms
[61.066s] [ 16%] [32mBuilding CXX object version/CMakeFiles/moveit_version.dir/version.cpp.o[0m
[61.100s] [ 17%] [32m[1mLinking CXX executable moveit_version[0m
[61.170s] [ 17%] Built target moveit_version
[61.189s] [ 17%] [32mBuilding CXX object kinematics_base/CMakeFiles/moveit_kinematics_base.dir/src/kinematics_base.cpp.o[0m
[65.169s] [ 18%] [32m[1mLinking CXX shared library libmoveit_kinematics_base.so[0m
[65.296s] [ 18%] Built target moveit_kinematics_base
[65.315s] [ 18%] [32mBuilding CXX object exceptions/CMakeFiles/moveit_exceptions.dir/src/exceptions.cpp.o[0m
[65.932s] [ 19%] [32m[1mLinking CXX shared library libmoveit_exceptions.so[0m
[66.041s] [ 19%] Built target moveit_exceptions
[66.061s] [ 20%] [32mBuilding CXX object robot_model/CMakeFiles/moveit_robot_model.dir/src/aabb.cpp.o[0m
[67.922s] [ 21%] [32mBuilding CXX object robot_model/CMakeFiles/moveit_robot_model.dir/src/joint_model.cpp.o[0m
[70.462s] [ 21%] [32mBuilding CXX object robot_model/CMakeFiles/moveit_robot_model.dir/src/joint_model_group.cpp.o[0m
[75.950s] [ 22%] [32mBuilding CXX object robot_model/CMakeFiles/moveit_robot_model.dir/src/link_model.cpp.o[0m
[79.111s] [ 22%] [32mBuilding CXX object robot_model/CMakeFiles/moveit_robot_model.dir/src/planar_joint_model.cpp.o[0m
[82.079s] [ 23%] [32mBuilding CXX object robot_model/CMakeFiles/moveit_robot_model.dir/src/prismatic_joint_model.cpp.o[0m
[83.795s] [ 24%] [32mBuilding CXX object robot_model/CMakeFiles/moveit_robot_model.dir/src/revolute_joint_model.cpp.o[0m
[86.292s] [ 24%] [32mBuilding CXX object robot_model/CMakeFiles/moveit_robot_model.dir/src/robot_model.cpp.o[0m
[93.964s] [ 25%] [32mBuilding CXX object robot_model/CMakeFiles/moveit_robot_model.dir/src/floating_joint_model.cpp.o[0m
[97.096s] [ 25%] [32mBuilding CXX object robot_model/CMakeFiles/moveit_robot_model.dir/src/fixed_joint_model.cpp.o[0m
[98.518s] [ 26%] [32m[1mLinking CXX shared library libmoveit_robot_model.so[0m
[98.685s] [ 26%] Built target moveit_robot_model
[98.704s] [ 26%] [32mBuilding CXX object robot_state/CMakeFiles/moveit_robot_state.dir/src/attached_body.cpp.o[0m
[101.562s] [ 27%] [32mBuilding CXX object robot_state/CMakeFiles/moveit_robot_state.dir/src/conversions.cpp.o[0m
[110.124s] [ 28%] [32mBuilding CXX object robot_state/CMakeFiles/moveit_robot_state.dir/src/robot_state.cpp.o[0m
[128.285s] [ 28%] [32mBuilding CXX object robot_state/CMakeFiles/moveit_robot_state.dir/src/cartesian_interpolator.cpp.o[0m
[133.853s] [ 29%] [32m[1mLinking CXX shared library libmoveit_robot_state.so[0m
[134.020s] [ 29%] Built target moveit_robot_state
[134.040s] [ 30%] [32mBuilding CXX object online_signal_smoothing/CMakeFiles/moveit_butterworth_filter.dir/src/butterworth_filter.cpp.o[0m
[139.645s] [ 30%] [32m[1mLinking CXX shared library libmoveit_butterworth_filter.so[0m
[139.790s] [ 30%] Built target moveit_butterworth_filter
[139.809s] [ 30%] [32mBuilding CXX object robot_trajectory/CMakeFiles/moveit_robot_trajectory.dir/src/robot_trajectory.cpp.o[0m
[147.204s] [ 31%] [32m[1mLinking CXX shared library libmoveit_robot_trajectory.so[0m
[147.366s] [ 31%] Built target moveit_robot_trajectory
[147.387s] [ 32%] [32mBuilding CXX object dynamics_solver/CMakeFiles/moveit_dynamics_solver.dir/src/dynamics_solver.cpp.o[0m
[152.483s] [ 33%] [32m[1mLinking CXX shared library libmoveit_dynamics_solver.so[0m
[152.644s] [ 33%] Built target moveit_dynamics_solver
[152.664s] [ 33%] [32mBuilding CXX object kinematics_metrics/CMakeFiles/moveit_kinematics_metrics.dir/src/kinematics_metrics.cpp.o[0m
[168.387s] [ 34%] [32m[1mLinking CXX shared library libmoveit_kinematics_metrics.so[0m
[168.544s] [ 34%] Built target moveit_kinematics_metrics
[168.564s] [ 34%] [32mBuilding CXX object online_signal_smoothing/CMakeFiles/test_butterworth_filter.dir/test/test_butterworth_filter.cpp.o[0m
[174.591s] [ 35%] [32m[1mLinking CXX executable test_butterworth_filter[0m
[174.735s] [ 35%] Built target test_butterworth_filter
[174.756s] [ 36%] [32mBuilding CXX object planning_interface/CMakeFiles/moveit_planning_interface.dir/src/planning_interface.cpp.o[0m
[182.207s] [ 36%] [32mBuilding CXX object planning_interface/CMakeFiles/moveit_planning_interface.dir/src/planning_response.cpp.o[0m
[188.038s] [ 37%] [32m[1mLinking CXX shared library libmoveit_planning_interface.so[0m
[188.178s] [ 37%] Built target moveit_planning_interface
[188.198s] [ 38%] [32mBuilding CXX object trajectory_processing/CMakeFiles/moveit_trajectory_processing.dir/src/iterative_time_parameterization.cpp.o[0m
[194.297s] [ 38%] [32mBuilding CXX object trajectory_processing/CMakeFiles/moveit_trajectory_processing.dir/src/iterative_spline_parameterization.cpp.o[0m
[200.824s] [ 39%] [32mBuilding CXX object trajectory_processing/CMakeFiles/moveit_trajectory_processing.dir/src/ruckig_traj_smoothing.cpp.o[0m
[208.958s] [ 40%] [32mBuilding CXX object trajectory_processing/CMakeFiles/moveit_trajectory_processing.dir/src/trajectory_tools.cpp.o[0m
[209.669s] [ 40%] [32mBuilding CXX object trajectory_processing/CMakeFiles/moveit_trajectory_processing.dir/src/time_optimal_trajectory_generation.cpp.o[0m
[217.292s] [ 41%] [32m[1mLinking CXX shared library libmoveit_trajectory_processing.so[0m
[217.455s] [ 41%] Built target moveit_trajectory_processing
[217.475s] [ 42%] [32mBuilding CXX object collision_detection/CMakeFiles/moveit_collision_detection.dir/src/allvalid/collision_env_allvalid.cpp.o[0m
[221.833s] [ 43%] [32mBuilding CXX object collision_detection/CMakeFiles/moveit_collision_detection.dir/src/collision_matrix.cpp.o[0m
[226.666s] [ 43%] [32mBuilding CXX object collision_detection/CMakeFiles/moveit_collision_detection.dir/src/collision_octomap_filter.cpp.o[0m
[231.743s] [ 44%] [32mBuilding CXX object collision_detection/CMakeFiles/moveit_collision_detection.dir/src/collision_tools.cpp.o[0m
[237.790s] [ 45%] [32mBuilding CXX object collision_detection/CMakeFiles/moveit_collision_detection.dir/src/world.cpp.o[0m
[241.456s] [ 45%] [32mBuilding CXX object collision_detection/CMakeFiles/moveit_collision_detection.dir/src/world_diff.cpp.o[0m
[243.459s] [ 46%] [32mBuilding CXX object collision_detection/CMakeFiles/moveit_collision_detection.dir/src/collision_env.cpp.o[0m
[248.681s] [ 46%] [32mBuilding CXX object collision_detection/CMakeFiles/moveit_collision_detection.dir/src/collision_plugin_cache.cpp.o[0m
[259.177s] [ 46%] [32mBuilding CXX object collision_detection/CMakeFiles/moveit_collision_detection.dir/src/collision_common.cpp.o[0m
[262.983s] [ 47%] [32m[1mLinking CXX shared library libmoveit_collision_detection.so[0m
[263.175s] [ 47%] Built target moveit_collision_detection
[263.195s] [ 48%] [32mBuilding CXX object utils/CMakeFiles/moveit_test_utils.dir/src/robot_model_test_utils.cpp.o[0m
[271.300s] [ 48%] [32m[1mLinking CXX shared library libmoveit_test_utils.so[0m
[271.466s] [ 48%] Built target moveit_test_utils
[271.485s] [ 49%] [32mBuilding CXX object collision_detection/CMakeFiles/test_world_diff.dir/test/test_world_diff.cpp.o[0m
[275.735s] [ 50%] [32m[1mLinking CXX executable test_world_diff[0m
[275.949s] [ 50%] Built target test_world_diff
[275.969s] [ 50%] [32mBuilding CXX object collision_detection/CMakeFiles/test_all_valid.dir/test/test_all_valid.cpp.o[0m
[281.944s] [ 51%] [32m[1mLinking CXX executable test_all_valid[0m
[282.165s] [ 51%] Built target test_all_valid
[282.185s] [ 52%] [32mBuilding CXX object collision_detection_bullet/CMakeFiles/moveit_collision_detection_bullet.dir/src/bullet_integration/bullet_utils.cpp.o[0m
[288.672s] [ 52%] [32mBuilding CXX object collision_detection_bullet/CMakeFiles/moveit_collision_detection_bullet.dir/src/bullet_integration/bullet_discrete_bvh_manager.cpp.o[0m
[293.231s] [ 53%] [32mBuilding CXX object collision_detection_bullet/CMakeFiles/moveit_collision_detection_bullet.dir/src/bullet_integration/bullet_cast_bvh_manager.cpp.o[0m
[298.426s] [ 53%] [32mBuilding CXX object collision_detection_bullet/CMakeFiles/moveit_collision_detection_bullet.dir/src/collision_env_bullet.cpp.o[0m
[304.709s] [ 54%] [32mBuilding CXX object collision_detection_bullet/CMakeFiles/moveit_collision_detection_bullet.dir/src/bullet_integration/bullet_bvh_manager.cpp.o[0m
[309.587s] [ 55%] [32mBuilding CXX object collision_detection_bullet/CMakeFiles/moveit_collision_detection_bullet.dir/src/bullet_integration/contact_checker_common.cpp.o[0m
[314.270s] [ 55%] [32mBuilding CXX object collision_detection_bullet/CMakeFiles/moveit_collision_detection_bullet.dir/src/bullet_integration/ros_bullet_utils.cpp.o[0m
[319.163s] [ 56%] [32m[1mLinking CXX shared library libmoveit_collision_detection_bullet.so[0m
[319.370s] [ 56%] Built target moveit_collision_detection_bullet
[319.390s] [ 57%] [32mBuilding CXX object robot_model/CMakeFiles/test_robot_model.dir/test/test.cpp.o[0m
[324.764s] [ 57%] [32m[1mLinking CXX executable test_robot_model[0m
[324.994s] [ 57%] Built target test_robot_model
[325.014s] [ 58%] [32mBuilding CXX object robot_state/CMakeFiles/test_robot_state.dir/test/robot_state_test.cpp.o[0m
[333.359s] [ 59%] [32m[1mLinking CXX executable test_robot_state[0m
[333.619s] [ 59%] Built target test_robot_state
[333.639s] [ 59%] [32mBuilding CXX object robot_state/CMakeFiles/test_robot_state_benchmark.dir/test/robot_state_benchmark.cpp.o[0m
[339.523s] [ 60%] [32m[1mLinking CXX executable test_robot_state_benchmark[0m
[339.760s] [ 60%] Built target test_robot_state_benchmark
[339.780s] [ 60%] [32mBuilding CXX object robot_state/CMakeFiles/test_robot_state_complex.dir/test/test_kinematic_complex.cpp.o[0m
[347.073s] [ 61%] [32m[1mLinking CXX executable test_robot_state_complex[0m
[347.351s] [ 61%] Built target test_robot_state_complex
[347.371s] [ 61%] [32mBuilding CXX object robot_state/CMakeFiles/test_aabb.dir/test/test_aabb.cpp.o[0m
[354.648s] [ 62%] [32m[1mLinking CXX executable test_aabb[0m
[354.880s] [ 62%] Built target test_aabb
[354.900s] [ 62%] [32mBuilding CXX object robot_state/CMakeFiles/test_cartesian_interpolator.dir/test/test_cartesian_interpolator.cpp.o[0m
[360.574s] [ 63%] [32m[1mLinking CXX executable test_cartesian_interpolator[0m
[360.820s] [ 63%] Built target test_cartesian_interpolator
[360.840s] [ 64%] [32mBuilding CXX object robot_trajectory/CMakeFiles/test_robot_trajectory.dir/test/test_robot_trajectory.cpp.o[0m
[368.264s] [ 64%] [32m[1mLinking CXX executable test_robot_trajectory[0m
[368.526s] [ 64%] Built target test_robot_trajectory
[368.546s] [ 64%] [32mBuilding CXX object trajectory_processing/CMakeFiles/test_time_parameterization.dir/test/test_time_parameterization.cpp.o[0m
[375.221s] [ 65%] [32m[1mLinking CXX executable test_time_parameterization[0m
[375.471s] [ 65%] Built target test_time_parameterization
[375.491s] [ 66%] [32mBuilding CXX object trajectory_processing/CMakeFiles/test_time_optimal_trajectory_generation.dir/test/test_time_optimal_trajectory_generation.cpp.o[0m
[384.068s] [ 67%] [32m[1mLinking CXX executable test_time_optimal_trajectory_generation[0m
[384.322s] [ 67%] Built target test_time_optimal_trajectory_generation
[384.342s] [ 68%] [32mBuilding CXX object trajectory_processing/CMakeFiles/test_ruckig_traj_smoothing.dir/test/test_ruckig_traj_smoothing.cpp.o[0m
[391.753s] [ 68%] [32m[1mLinking CXX executable test_ruckig_traj_smoothing[0m
[392.000s] [ 68%] Built target test_ruckig_traj_smoothing
[392.021s] [ 69%] [32mBuilding CXX object collision_detection_bullet/CMakeFiles/test_bullet_collision_detection.dir/test/test_bullet_collision_detection_pr2.cpp.o[0m
[401.398s] [ 69%] [32m[1mLinking CXX executable test_bullet_collision_detection[0m
[401.675s] [ 69%] Built target test_bullet_collision_detection
[401.695s] [ 70%] [32mBuilding CXX object collision_detection_bullet/CMakeFiles/test_bullet_collision_detection_panda.dir/test/test_bullet_collision_detection_panda.cpp.o[0m
[408.914s] [ 70%] [32m[1mLinking CXX executable test_bullet_collision_detection_panda[0m
[409.171s] [ 70%] Built target test_bullet_collision_detection_panda
[409.191s] [ 71%] [32mBuilding CXX object collision_detection_bullet/CMakeFiles/test_bullet_continuous_collision_checking.dir/test/test_bullet_continuous_collision_checking.cpp.o[0m
[418.016s] [ 72%] [32m[1mLinking CXX executable test_bullet_continuous_collision_checking[0m
[418.301s] [ 72%] Built target test_bullet_continuous_collision_checking
[418.321s] [ 73%] [32mBuilding CXX object collision_detection/CMakeFiles/test_world.dir/test/test_world.cpp.o[0m
[423.497s] [ 73%] [32m[1mLinking CXX executable test_world[0m
[423.724s] [ 73%] Built target test_world
[423.743s] [ 73%] [32mBuilding CXX object collision_detection_fcl/CMakeFiles/moveit_collision_detection_fcl.dir/src/collision_common.cpp.o[0m
[431.259s] [ 74%] [32mBuilding CXX object collision_detection_fcl/CMakeFiles/moveit_collision_detection_fcl.dir/src/collision_env_fcl.cpp.o[0m
[438.414s] [ 75%] [32m[1mLinking CXX shared library libmoveit_collision_detection_fcl.so[0m
[438.636s] [ 75%] Built target moveit_collision_detection_fcl
[438.656s] [ 75%] [32mBuilding CXX object kinematic_constraints/CMakeFiles/moveit_kinematic_constraints.dir/src/kinematic_constraint.cpp.o[0m
[450.336s] [ 76%] [32mBuilding CXX object kinematic_constraints/CMakeFiles/moveit_kinematic_constraints.dir/src/utils.cpp.o[0m
[460.109s] [ 77%] [32m[1mLinking CXX shared library libmoveit_kinematic_constraints.so[0m
[460.294s] [ 77%] Built target moveit_kinematic_constraints
[460.314s] [ 78%] [32mBuilding CXX object collision_detection_fcl/CMakeFiles/test_fcl_collision_detection_panda.dir/test/test_fcl_collision_detection_panda.cpp.o[0m
[469.351s] [ 78%] [32m[1mLinking CXX executable test_fcl_collision_detection_panda[0m
[469.612s] [ 78%] Built target test_fcl_collision_detection_panda
[469.632s] [ 79%] [32mBuilding CXX object planning_scene/CMakeFiles/moveit_planning_scene.dir/src/planning_scene.cpp.o[0m
[485.197s] [ 79%] [32m[1mLinking CXX shared library libmoveit_planning_scene.so[0m
[485.392s] [ 79%] Built target moveit_planning_scene
[485.412s] [ 79%] [32mBuilding CXX object kinematic_constraints/CMakeFiles/test_constraints.dir/test/test_constraints.cpp.o[0m
[496.062s] [ 80%] [32m[1mLinking CXX executable test_constraints[0m
[496.330s] [ 80%] Built target test_constraints
[496.350s] [ 80%] [32mBuilding CXX object kinematic_constraints/CMakeFiles/test_orientation_constraints.dir/test/test_orientation_constraints.cpp.o[0m
[505.309s] [ 81%] [32m[1mLinking CXX executable test_orientation_constraints[0m
[505.566s] [ 81%] Built target test_orientation_constraints
[505.587s] [ 81%] [32mBuilding CXX object planning_request_adapter/CMakeFiles/moveit_planning_request_adapter.dir/src/planning_request_adapter.cpp.o[0m
[512.165s] [ 82%] [32m[1mLinking CXX shared library libmoveit_planning_request_adapter.so[0m
[512.323s] [ 82%] Built target moveit_planning_request_adapter
[512.342s] [ 83%] [32mBuilding CXX object planning_scene/CMakeFiles/test_planning_scene.dir/test/test_planning_scene.cpp.o[0m
[525.676s] [ 83%] [32m[1mLinking CXX executable test_planning_scene[0m
[525.967s] [ 83%] Built target test_planning_scene
[525.987s] [ 84%] [32mBuilding CXX object planning_scene/CMakeFiles/test_collision_objects.dir/test/test_collision_objects.cpp.o[0m
[535.044s] [ 84%] [32m[1mLinking CXX executable test_collision_objects[0m
[535.321s] [ 84%] Built target test_collision_objects
[535.341s] [ 84%] [32mBuilding CXX object planning_scene/CMakeFiles/test_multi_threaded.dir/test/test_multi_threaded.cpp.o[0m
[543.281s] [ 85%] [32m[1mLinking CXX executable test_multi_threaded[0m
[543.540s] [ 85%] Built target test_multi_threaded
[543.560s] [ 85%] [32mBuilding CXX object collision_detection_bullet/CMakeFiles/collision_detector_bullet_plugin.dir/src/collision_detector_bullet_plugin_loader.cpp.o[0m
[549.962s] [ 86%] [32m[1mLinking CXX shared library libcollision_detector_bullet_plugin.so[0m
[550.113s] [ 86%] Built target collision_detector_bullet_plugin
[550.133s] [ 86%] [32mBuilding CXX object collision_detection_fcl/CMakeFiles/collision_detector_fcl_plugin.dir/src/collision_detector_fcl_plugin_loader.cpp.o[0m
[557.335s] [ 87%] [32m[1mLinking CXX shared library libcollision_detector_fcl_plugin.so[0m
[557.479s] [ 87%] Built target collision_detector_fcl_plugin
[557.498s] [ 87%] [32mBuilding CXX object collision_distance_field/CMakeFiles/moveit_collision_distance_field.dir/src/collision_distance_field_types.cpp.o[0m
[563.891s] [ 88%] [32mBuilding CXX object collision_distance_field/CMakeFiles/moveit_collision_distance_field.dir/src/collision_common_distance_field.cpp.o[0m
[571.863s] [ 88%] [32mBuilding CXX object collision_distance_field/CMakeFiles/moveit_collision_distance_field.dir/src/collision_env_distance_field.cpp.o[0m
[584.872s] [ 89%] [32mBuilding CXX object collision_distance_field/CMakeFiles/moveit_collision_distance_field.dir/src/collision_env_hybrid.cpp.o[0m
[593.074s] [ 90%] [32m[1mLinking CXX shared library libmoveit_collision_distance_field.so[0m
[593.262s] [ 90%] Built target moveit_collision_distance_field
[593.282s] [ 90%] [32mBuilding CXX object constraint_samplers/CMakeFiles/moveit_constraint_samplers.dir/src/constraint_sampler.cpp.o[0m
[599.559s] [ 91%] [32mBuilding CXX object constraint_samplers/CMakeFiles/moveit_constraint_samplers.dir/src/constraint_sampler_manager.cpp.o[0m
[607.281s] [ 91%] [32mBuilding CXX object constraint_samplers/CMakeFiles/moveit_constraint_samplers.dir/src/constraint_sampler_tools.cpp.o[0m
[613.362s] [ 92%] [32mBuilding CXX object constraint_samplers/CMakeFiles/moveit_constraint_samplers.dir/src/default_constraint_samplers.cpp.o[0m
[621.975s] [ 92%] [32mBuilding CXX object constraint_samplers/CMakeFiles/moveit_constraint_samplers.dir/src/union_constraint_sampler.cpp.o[0m
[628.806s] [ 93%] [32m[1mLinking CXX shared library libmoveit_constraint_samplers.so[0m
[628.988s] [ 93%] Built target moveit_constraint_samplers
[629.008s] [ 94%] [32mBuilding CXX object collision_distance_field/CMakeFiles/test_collision_distance_field.dir/test/test_collision_distance_field.cpp.o[0m
[638.480s] [ 94%] [32m[1mLinking CXX executable test_collision_distance_field[0m
[638.748s] [ 94%] Built target test_collision_distance_field
[638.769s] [ 95%] [32mBuilding CXX object constraint_samplers/CMakeFiles/test_constraint_samplers.dir/test/test_constraint_samplers.cpp.o[0m
[651.972s] [ 96%] [32mBuilding CXX object constraint_samplers/CMakeFiles/test_constraint_samplers.dir/test/pr2_arm_kinematics_plugin.cpp.o[0m
[657.757s] [ 96%] [32mBuilding CXX object constraint_samplers/CMakeFiles/test_constraint_samplers.dir/test/pr2_arm_ik.cpp.o[0m
[663.080s] [ 97%] [32m[1mLinking CXX executable test_constraint_samplers[0m
[663.386s] [ 97%] Built target test_constraint_samplers
[663.406s] [ 98%] [32mBuilding CXX object collision_detection_fcl/CMakeFiles/test_fcl_collision_detection.dir/test/test_fcl_collision_detection_pr2.cpp.o[0m
[672.533s] [ 98%] [32m[1mLinking CXX executable test_fcl_collision_detection[0m
[672.833s] [ 98%] Built target test_fcl_collision_detection
[672.852s] [ 99%] [32mBuilding CXX object collision_detection_fcl/CMakeFiles/test_fcl_collision_env.dir/test/test_fcl_env.cpp.o[0m
[681.715s] [100%] [32m[1mLinking CXX executable test_fcl_collision_env[0m
[681.986s] [100%] Built target test_fcl_collision_env
[681.998s] Invoked command in '/ros2_ws/build/moveit_core' returned '0': AMENT_PREFIX_PATH=/ros2_ws/install/moveit_resources_panda_moveit_config:/ros2_ws/install/srdfdom:/ros2_ws/install/moveit_resources_pr2_description:/ros2_ws/install/moveit_resources_panda_description:/ros2_ws/install/moveit_common:${AMENT_PREFIX_PATH} CMAKE_PREFIX_PATH=/ros2_ws/install/moveit_resources_panda_moveit_config:/ros2_ws/install/srdfdom:/ros2_ws/install/moveit_resources_pr2_description:/ros2_ws/install/moveit_resources_panda_description:/ros2_ws/install/moveit_common:/ros2_ws/install/ur:/ros2_ws/install/ur_calibration:/ros2_ws/install/ur_robot_driver:/ros2_ws/install/ur_bringup:/ros2_ws/install/ur_controllers:/ros2_ws/install/ur_msgs:/ros2_ws/install/ur_moveit_config:/ros2_ws/install/ur_dashboard_msgs:/opt/ros/humble LD_LIBRARY_PATH=/ros2_ws/install/srdfdom/lib:${LD_LIBRARY_PATH} PYTHONPATH=/ros2_ws/install/srdfdom/local/lib/python3.10/dist-packages:${PYTHONPATH} /usr/bin/cmake --build /ros2_ws/build/moveit_core
[682.000s] Invoking command in '/ros2_ws/build/moveit_core': AMENT_PREFIX_PATH=/ros2_ws/install/moveit_resources_panda_moveit_config:/ros2_ws/install/srdfdom:/ros2_ws/install/moveit_resources_pr2_description:/ros2_ws/install/moveit_resources_panda_description:/ros2_ws/install/moveit_common:${AMENT_PREFIX_PATH} CMAKE_PREFIX_PATH=/ros2_ws/install/moveit_resources_panda_moveit_config:/ros2_ws/install/srdfdom:/ros2_ws/install/moveit_resources_pr2_description:/ros2_ws/install/moveit_resources_panda_description:/ros2_ws/install/moveit_common:/ros2_ws/install/ur:/ros2_ws/install/ur_calibration:/ros2_ws/install/ur_robot_driver:/ros2_ws/install/ur_bringup:/ros2_ws/install/ur_controllers:/ros2_ws/install/ur_msgs:/ros2_ws/install/ur_moveit_config:/ros2_ws/install/ur_dashboard_msgs:/opt/ros/humble LD_LIBRARY_PATH=/ros2_ws/install/srdfdom/lib:${LD_LIBRARY_PATH} PYTHONPATH=/ros2_ws/install/srdfdom/local/lib/python3.10/dist-packages:${PYTHONPATH} /usr/bin/cmake --install /ros2_ws/build/moveit_core
[682.007s] -- Install configuration: "Release"
[682.007s] -- Installing: /ros2_ws/install/moveit_core/include/moveit/version.h
[682.008s] -- Up-to-date: /ros2_ws/install/moveit_core/include
[682.008s] -- Up-to-date: /ros2_ws/install/moveit_core/include/moveit
[682.008s] -- Installing: /ros2_ws/install/moveit_core/include/moveit/collision_distance_field
[682.008s] -- Installing: /ros2_ws/install/moveit_core/include/moveit/collision_distance_field/collision_env_hybrid.h
[682.008s] -- Installing: /ros2_ws/install/moveit_core/include/moveit/collision_distance_field/collision_distance_field_types.h
[682.008s] -- Installing: /ros2_ws/install/moveit_core/include/moveit/collision_distance_field/collision_env_distance_field.h
[682.008s] -- Installing: /ros2_ws/install/moveit_core/include/moveit/collision_distance_field/collision_detector_allocator_distance_field.h
[682.009s] -- Installing: /ros2_ws/install/moveit_core/include/moveit/collision_distance_field/collision_common_distance_field.h
[682.009s] -- Installing: /ros2_ws/install/moveit_core/include/moveit/collision_distance_field/collision_detector_allocator_hybrid.h
[682.009s] -- Installing: /ros2_ws/install/moveit_core/include/moveit_collision_distance_field_export.h
[682.009s] -- Up-to-date: /ros2_ws/install/moveit_core/include
[682.009s] -- Up-to-date: /ros2_ws/install/moveit_core/include/moveit
[682.009s] -- Installing: /ros2_ws/install/moveit_core/include/moveit/constraint_samplers
[682.009s] -- Installing: /ros2_ws/install/moveit_core/include/moveit/constraint_samplers/constraint_sampler_tools.h
[682.009s] -- Installing: /ros2_ws/install/moveit_core/include/moveit/constraint_samplers/constraint_sampler_allocator.h
[682.009s] -- Installing: /ros2_ws/install/moveit_core/include/moveit/constraint_samplers/constraint_sampler.h
[682.010s] -- Installing: /ros2_ws/install/moveit_core/include/moveit/constraint_samplers/constraint_sampler_manager.h
[682.010s] -- Installing: /ros2_ws/install/moveit_core/include/moveit/constraint_samplers/default_constraint_samplers.h
[682.010s] -- Installing: /ros2_ws/install/moveit_core/include/moveit/constraint_samplers/union_constraint_sampler.h
[682.010s] -- Up-to-date: /ros2_ws/install/moveit_core/include
[682.010s] -- Up-to-date: /ros2_ws/install/moveit_core/include/moveit
[682.010s] -- Installing: /ros2_ws/install/moveit_core/include/moveit/controller_manager
[682.010s] -- Installing: /ros2_ws/install/moveit_core/include/moveit/controller_manager/controller_manager.h
[682.010s] -- Up-to-date: /ros2_ws/install/moveit_core/include
[682.010s] -- Up-to-date: /ros2_ws/install/moveit_core/include/moveit
[682.010s] -- Installing: /ros2_ws/install/moveit_core/include/moveit/distance_field
[682.011s] -- Installing: /ros2_ws/install/moveit_core/include/moveit/distance_field/voxel_grid.h
[682.011s] -- Installing: /ros2_ws/install/moveit_core/include/moveit/distance_field/propagation_distance_field.h
[682.011s] -- Installing: /ros2_ws/install/moveit_core/include/moveit/distance_field/distance_field.h
[682.011s] -- Installing: /ros2_ws/install/moveit_core/include/moveit/distance_field/find_internal_points.h
[682.011s] -- Up-to-date: /ros2_ws/install/moveit_core/include
[682.011s] -- Up-to-date: /ros2_ws/install/moveit_core/include/moveit
[682.011s] -- Installing: /ros2_ws/install/moveit_core/include/moveit/dynamics_solver
[682.011s] -- Installing: /ros2_ws/install/moveit_core/include/moveit/dynamics_solver/dynamics_solver.h
[682.012s] -- Up-to-date: /ros2_ws/install/moveit_core/include
[682.012s] -- Up-to-date: /ros2_ws/install/moveit_core/include/moveit
[682.012s] -- Installing: /ros2_ws/install/moveit_core/include/moveit/exceptions
[682.012s] -- Installing: /ros2_ws/install/moveit_core/include/moveit/exceptions/exceptions.h
[682.012s] -- Up-to-date: /ros2_ws/install/moveit_core/include
[682.012s] -- Up-to-date: /ros2_ws/install/moveit_core/include/moveit
[682.012s] -- Installing: /ros2_ws/install/moveit_core/include/moveit/kinematics_base
[682.012s] -- Installing: /ros2_ws/install/moveit_core/include/moveit/kinematics_base/kinematics_base.h
[682.012s] -- Installing: /ros2_ws/install/moveit_core/include/moveit_kinematics_base_export.h
[682.013s] -- Up-to-date: /ros2_ws/install/moveit_core/include
[682.013s] -- Up-to-date: /ros2_ws/install/moveit_core/include/moveit
[682.013s] -- Installing: /ros2_ws/install/moveit_core/include/moveit/kinematic_constraints
[682.013s] -- Installing: /ros2_ws/install/moveit_core/include/moveit/kinematic_constraints/kinematic_constraint.h
[682.013s] -- Installing: /ros2_ws/install/moveit_core/include/moveit/kinematic_constraints/utils.h
[682.013s] -- Up-to-date: /ros2_ws/install/moveit_core/include
[682.013s] -- Up-to-date: /ros2_ws/install/moveit_core/include/moveit
[682.013s] -- Installing: /ros2_ws/install/moveit_core/include/moveit/kinematics_metrics
[682.013s] -- Installing: /ros2_ws/install/moveit_core/include/moveit/kinematics_metrics/kinematics_metrics.h
[682.014s] -- Up-to-date: /ros2_ws/install/moveit_core/include
[682.014s] -- Up-to-date: /ros2_ws/install/moveit_core/include/moveit
[682.014s] -- Installing: /ros2_ws/install/moveit_core/include/moveit/macros
[682.014s] -- Installing: /ros2_ws/install/moveit_core/include/moveit/macros/declare_ptr.h
[682.014s] -- Installing: /ros2_ws/install/moveit_core/include/moveit/macros/console_colors.h
[682.014s] -- Installing: /ros2_ws/install/moveit_core/include/moveit/macros/class_forward.h
[682.014s] -- Installing: /ros2_ws/install/moveit_core/include/moveit/macros/deprecation.h
[682.014s] -- Installing: /ros2_ws/install/moveit_core/include/moveit_butterworth_parameters
[682.014s] -- Installing: /ros2_ws/install/moveit_core/include/moveit_butterworth_parameters/moveit_butterworth_parameters.hpp
[682.015s] -- Up-to-date: /ros2_ws/install/moveit_core/include
[682.015s] -- Up-to-date: /ros2_ws/install/moveit_core/include/moveit
[682.015s] -- Installing: /ros2_ws/install/moveit_core/include/moveit/online_signal_smoothing
[682.015s] -- Installing: /ros2_ws/install/moveit_core/include/moveit/online_signal_smoothing/butterworth_filter.h
[682.015s] -- Installing: /ros2_ws/install/moveit_core/include/moveit/online_signal_smoothing/smoothing_base_class.h
[682.015s] -- Installing: /ros2_ws/install/moveit_core/include/moveit_smoothing_base_export.h
[682.015s] -- Installing: /ros2_ws/install/moveit_core/include/moveit_butterworth_filter_export.h
[682.015s] -- Up-to-date: /ros2_ws/install/moveit_core/include
[682.015s] -- Up-to-date: /ros2_ws/install/moveit_core/include/moveit
[682.015s] -- Installing: /ros2_ws/install/moveit_core/include/moveit/planning_interface
[682.016s] -- Installing: /ros2_ws/install/moveit_core/include/moveit/planning_interface/planning_interface.h
[682.016s] -- Installing: /ros2_ws/install/moveit_core/include/moveit/planning_interface/planning_request.h
[682.016s] -- Installing: /ros2_ws/install/moveit_core/include/moveit/planning_interface/planning_response.h
[682.016s] -- Up-to-date: /ros2_ws/install/moveit_core/include
[682.016s] -- Up-to-date: /ros2_ws/install/moveit_core/include/moveit
[682.016s] -- Installing: /ros2_ws/install/moveit_core/include/moveit/planning_request_adapter
[682.016s] -- Installing: /ros2_ws/install/moveit_core/include/moveit/planning_request_adapter/planning_request_adapter.h
[682.016s] -- Up-to-date: /ros2_ws/install/moveit_core/include
[682.016s] -- Up-to-date: /ros2_ws/install/moveit_core/include/moveit
[682.016s] -- Installing: /ros2_ws/install/moveit_core/include/moveit/planning_scene
[682.016s] -- Installing: /ros2_ws/install/moveit_core/include/moveit/planning_scene/planning_scene.h
[682.017s] -- Installing: /ros2_ws/install/moveit_core/include/moveit_planning_scene_export.h
[682.017s] -- Up-to-date: /ros2_ws/install/moveit_core/include
[682.017s] -- Up-to-date: /ros2_ws/install/moveit_core/include/moveit
[682.017s] -- Installing: /ros2_ws/install/moveit_core/include/moveit/robot_model
[682.017s] -- Installing: /ros2_ws/install/moveit_core/include/moveit/robot_model/planar_joint_model.h
[682.017s] -- Installing: /ros2_ws/install/moveit_core/include/moveit/robot_model/robot_model.h
[682.017s] -- Installing: /ros2_ws/install/moveit_core/include/moveit/robot_model/revolute_joint_model.h
[682.017s] -- Installing: /ros2_ws/install/moveit_core/include/moveit/robot_model/fixed_joint_model.h
[682.017s] -- Installing: /ros2_ws/install/moveit_core/include/moveit/robot_model/link_model.h
[682.017s] -- Installing: /ros2_ws/install/moveit_core/include/moveit/robot_model/joint_model_group.h
[682.017s] -- Installing: /ros2_ws/install/moveit_core/include/moveit/robot_model/aabb.h
[682.018s] -- Installing: /ros2_ws/install/moveit_core/include/moveit/robot_model/joint_model.h
[682.018s] -- Installing: /ros2_ws/install/moveit_core/include/moveit/robot_model/prismatic_joint_model.h
[682.018s] -- Installing: /ros2_ws/install/moveit_core/include/moveit/robot_model/floating_joint_model.h
[682.018s] -- Up-to-date: /ros2_ws/install/moveit_core/include
[682.018s] -- Up-to-date: /ros2_ws/install/moveit_core/include/moveit
[682.018s] -- Installing: /ros2_ws/install/moveit_core/include/moveit/robot_state
[682.018s] -- Installing: /ros2_ws/install/moveit_core/include/moveit/robot_state/conversions.h
[682.018s] -- Installing: /ros2_ws/install/moveit_core/include/moveit/robot_state/robot_state.h
[682.018s] -- Installing: /ros2_ws/install/moveit_core/include/moveit/robot_state/attached_body.h
[682.018s] -- Installing: /ros2_ws/install/moveit_core/include/moveit/robot_state/cartesian_interpolator.h
[682.019s] -- Up-to-date: /ros2_ws/install/moveit_core/include
[682.019s] -- Up-to-date: /ros2_ws/install/moveit_core/include/moveit
[682.019s] -- Installing: /ros2_ws/install/moveit_core/include/moveit/robot_trajectory
[682.019s] -- Installing: /ros2_ws/install/moveit_core/include/moveit/robot_trajectory/robot_trajectory.h
[682.019s] -- Up-to-date: /ros2_ws/install/moveit_core/include
[682.019s] -- Up-to-date: /ros2_ws/install/moveit_core/include/moveit
[682.019s] -- Installing: /ros2_ws/install/moveit_core/include/moveit/sensor_manager
[682.019s] -- Installing: /ros2_ws/install/moveit_core/include/moveit/sensor_manager/sensor_manager.h
[682.019s] -- Up-to-date: /ros2_ws/install/moveit_core/include
[682.019s] -- Up-to-date: /ros2_ws/install/moveit_core/include/moveit
[682.019s] -- Installing: /ros2_ws/install/moveit_core/include/moveit/trajectory_processing
[682.020s] -- Installing: /ros2_ws/install/moveit_core/include/moveit/trajectory_processing/iterative_spline_parameterization.h
[682.020s] -- Installing: /ros2_ws/install/moveit_core/include/moveit/trajectory_processing/ruckig_traj_smoothing.h
[682.020s] -- Installing: /ros2_ws/install/moveit_core/include/moveit/trajectory_processing/time_parameterization.h
[682.020s] -- Installing: /ros2_ws/install/moveit_core/include/moveit/trajectory_processing/iterative_time_parameterization.h
[682.020s] -- Installing: /ros2_ws/install/moveit_core/include/moveit/trajectory_processing/time_optimal_trajectory_generation.h
[682.020s] -- Installing: /ros2_ws/install/moveit_core/include/moveit/trajectory_processing/trajectory_tools.h
[682.020s] -- Up-to-date: /ros2_ws/install/moveit_core/include
[682.020s] -- Up-to-date: /ros2_ws/install/moveit_core/include/moveit
[682.020s] -- Installing: /ros2_ws/install/moveit_core/include/moveit/transforms
[682.020s] -- Installing: /ros2_ws/install/moveit_core/include/moveit/transforms/transforms.h
[682.020s] -- Up-to-date: /ros2_ws/install/moveit_core/include
[682.020s] -- Up-to-date: /ros2_ws/install/moveit_core/include/moveit
[682.020s] -- Installing: /ros2_ws/install/moveit_core/include/moveit/utils
[682.020s] -- Installing: /ros2_ws/install/moveit_core/include/moveit/utils/moveit_error_code.h
[682.020s] -- Installing: /ros2_ws/install/moveit_core/include/moveit/utils/rclcpp_utils.h
[682.020s] -- Installing: /ros2_ws/install/moveit_core/include/moveit/utils/robot_model_test_utils.h
[682.021s] -- Installing: /ros2_ws/install/moveit_core/include/moveit/utils/message_checks.h
[682.021s] -- Installing: /ros2_ws/install/moveit_core/include/moveit/utils/lexical_casts.h
[682.021s] -- Installing: /ros2_ws/install/moveit_core/bin/moveit_version
[682.021s] -- Up-to-date: /ros2_ws/install/moveit_core/include
[682.021s] -- Up-to-date: /ros2_ws/install/moveit_core/include/moveit
[682.021s] -- Installing: /ros2_ws/install/moveit_core/include/moveit/collision_detection
[682.021s] -- Installing: /ros2_ws/install/moveit_core/include/moveit/collision_detection/collision_plugin_cache.h
[682.022s] -- Installing: /ros2_ws/install/moveit_core/include/moveit/collision_detection/test_collision_common_panda.h
[682.022s] -- Installing: /ros2_ws/install/moveit_core/include/moveit/collision_detection/collision_tools.h
[682.022s] -- Installing: /ros2_ws/install/moveit_core/include/moveit/collision_detection/world.h
[682.022s] -- Installing: /ros2_ws/install/moveit_core/include/moveit/collision_detection/collision_env.h
[682.022s] -- Installing: /ros2_ws/install/moveit_core/include/moveit/collision_detection/collision_octomap_filter.h
[682.022s] -- Installing: /ros2_ws/install/moveit_core/include/moveit/collision_detection/allvalid
[682.022s] -- Installing: /ros2_ws/install/moveit_core/include/moveit/collision_detection/allvalid/collision_env_allvalid.h
[682.022s] -- Installing: /ros2_ws/install/moveit_core/include/moveit/collision_detection/allvalid/collision_detector_allocator_allvalid.h
[682.022s] -- Installing: /ros2_ws/install/moveit_core/include/moveit/collision_detection/collision_plugin.h
[682.022s] -- Installing: /ros2_ws/install/moveit_core/include/moveit/collision_detection/world_diff.h
[682.022s] -- Installing: /ros2_ws/install/moveit_core/include/moveit/collision_detection/collision_matrix.h
[682.022s] -- Installing: /ros2_ws/install/moveit_core/include/moveit/collision_detection/occupancy_map.h
[682.023s] -- Installing: /ros2_ws/install/moveit_core/include/moveit/collision_detection/test_collision_common_pr2.h
[682.023s] -- Installing: /ros2_ws/install/moveit_core/include/moveit/collision_detection/collision_detector_allocator.h
[682.023s] -- Installing: /ros2_ws/install/moveit_core/include/moveit/collision_detection/collision_common.h
[682.023s] -- Installing: /ros2_ws/install/moveit_core/include/moveit_collision_detection_export.h
[682.023s] -- Up-to-date: /ros2_ws/install/moveit_core/include
[682.023s] -- Up-to-date: /ros2_ws/install/moveit_core/include/moveit
[682.023s] -- Installing: /ros2_ws/install/moveit_core/include/moveit/collision_detection_bullet
[682.023s] -- Installing: /ros2_ws/install/moveit_core/include/moveit/collision_detection_bullet/collision_detector_bullet_plugin_loader.h
[682.023s] -- Installing: /ros2_ws/install/moveit_core/include/moveit/collision_detection_bullet/bullet_integration
[682.023s] -- Installing: /ros2_ws/install/moveit_core/include/moveit/collision_detection_bullet/bullet_integration/bullet_cast_bvh_manager.h
[682.023s] -- Installing: /ros2_ws/install/moveit_core/include/moveit/collision_detection_bullet/bullet_integration/basic_types.h
[682.024s] -- Installing: /ros2_ws/install/moveit_core/include/moveit/collision_detection_bullet/bullet_integration/ros_bullet_utils.h
[682.024s] -- Installing: /ros2_ws/install/moveit_core/include/moveit/collision_detection_bullet/bullet_integration/bullet_discrete_bvh_manager.h
[682.024s] -- Installing: /ros2_ws/install/moveit_core/include/moveit/collision_detection_bullet/bullet_integration/contact_checker_common.h
[682.024s] -- Installing: /ros2_ws/install/moveit_core/include/moveit/collision_detection_bullet/bullet_integration/bullet_utils.h
[682.024s] -- Installing: /ros2_ws/install/moveit_core/include/moveit/collision_detection_bullet/bullet_integration/bullet_bvh_manager.h
[682.024s] -- Installing: /ros2_ws/install/moveit_core/include/moveit/collision_detection_bullet/collision_env_bullet.h
[682.024s] -- Installing: /ros2_ws/install/moveit_core/include/moveit/collision_detection_bullet/collision_detector_allocator_bullet.h
[682.024s] -- Installing: /ros2_ws/install/moveit_core/include/moveit_collision_detection_bullet_export.h
[682.025s] -- Up-to-date: /ros2_ws/install/moveit_core/include
[682.025s] -- Up-to-date: /ros2_ws/install/moveit_core/include/moveit
[682.025s] -- Installing: /ros2_ws/install/moveit_core/include/moveit/collision_detection_fcl
[682.025s] -- Installing: /ros2_ws/install/moveit_core/include/moveit/collision_detection_fcl/fcl_compat.h
[682.025s] -- Installing: /ros2_ws/install/moveit_core/include/moveit/collision_detection_fcl/collision_detector_fcl_plugin_loader.h
[682.025s] -- Installing: /ros2_ws/install/moveit_core/include/moveit/collision_detection_fcl/collision_env_fcl.h
[682.025s] -- Installing: /ros2_ws/install/moveit_core/include/moveit/collision_detection_fcl/collision_detector_allocator_fcl.h
[682.025s] -- Installing: /ros2_ws/install/moveit_core/include/moveit/collision_detection_fcl/collision_common.h
[682.025s] -- Installing: /ros2_ws/install/moveit_core/include/moveit_collision_detection_fcl_export.h
[682.025s] -- Installing: /ros2_ws/install/moveit_core/lib/libcollision_detector_bullet_plugin.so.2.5.7
[682.026s] -- Set runtime path of "/ros2_ws/install/moveit_core/lib/libcollision_detector_bullet_plugin.so.2.5.7" to ""
[682.026s] -- Installing: /ros2_ws/install/moveit_core/lib/libcollision_detector_bullet_plugin.so
[682.026s] -- Installing: /ros2_ws/install/moveit_core/lib/libmoveit_butterworth_filter.so.2.5.7
[682.027s] -- Set runtime path of "/ros2_ws/install/moveit_core/lib/libmoveit_butterworth_filter.so.2.5.7" to ""
[682.027s] -- Installing: /ros2_ws/install/moveit_core/lib/libmoveit_butterworth_filter.so
[682.027s] -- Installing: /ros2_ws/install/moveit_core/lib/libmoveit_collision_distance_field.so.2.5.7
[682.027s] -- Set runtime path of "/ros2_ws/install/moveit_core/lib/libmoveit_collision_distance_field.so.2.5.7" to ""
[682.028s] -- Installing: /ros2_ws/install/moveit_core/lib/libmoveit_collision_distance_field.so
[682.028s] -- Installing: /ros2_ws/install/moveit_core/lib/libmoveit_collision_detection.so.2.5.7
[682.028s] -- Set runtime path of "/ros2_ws/install/moveit_core/lib/libmoveit_collision_detection.so.2.5.7" to ""
[682.029s] -- Installing: /ros2_ws/install/moveit_core/lib/libmoveit_collision_detection.so
[682.029s] -- Installing: /ros2_ws/install/moveit_core/lib/libmoveit_collision_detection_fcl.so.2.5.7
[682.029s] -- Set runtime path of "/ros2_ws/install/moveit_core/lib/libmoveit_collision_detection_fcl.so.2.5.7" to ""
[682.029s] -- Installing: /ros2_ws/install/moveit_core/lib/libmoveit_collision_detection_fcl.so
[682.029s] -- Installing: /ros2_ws/install/moveit_core/lib/libmoveit_collision_detection_bullet.so.2.5.7
[682.030s] -- Set runtime path of "/ros2_ws/install/moveit_core/lib/libmoveit_collision_detection_bullet.so.2.5.7" to ""
[682.030s] -- Installing: /ros2_ws/install/moveit_core/lib/libmoveit_collision_detection_bullet.so
[682.030s] -- Installing: /ros2_ws/install/moveit_core/lib/libmoveit_dynamics_solver.so.2.5.7
[682.031s] -- Set runtime path of "/ros2_ws/install/moveit_core/lib/libmoveit_dynamics_solver.so.2.5.7" to ""
[682.031s] -- Installing: /ros2_ws/install/moveit_core/lib/libmoveit_dynamics_solver.so
[682.031s] -- Installing: /ros2_ws/install/moveit_core/lib/libmoveit_constraint_samplers.so.2.5.7
[682.031s] -- Set runtime path of "/ros2_ws/install/moveit_core/lib/libmoveit_constraint_samplers.so.2.5.7" to ""
[682.031s] -- Installing: /ros2_ws/install/moveit_core/lib/libmoveit_constraint_samplers.so
[682.031s] -- Installing: /ros2_ws/install/moveit_core/lib/libmoveit_distance_field.so.2.5.7
[682.032s] -- Set runtime path of "/ros2_ws/install/moveit_core/lib/libmoveit_distance_field.so.2.5.7" to ""
[682.032s] -- Installing: /ros2_ws/install/moveit_core/lib/libmoveit_distance_field.so
[682.032s] -- Installing: /ros2_ws/install/moveit_core/lib/libmoveit_exceptions.so.2.5.7
[682.033s] -- Set runtime path of "/ros2_ws/install/moveit_core/lib/libmoveit_exceptions.so.2.5.7" to ""
[682.033s] -- Installing: /ros2_ws/install/moveit_core/lib/libmoveit_exceptions.so
[682.033s] -- Installing: /ros2_ws/install/moveit_core/lib/libmoveit_kinematics_base.so
[682.033s] -- Set runtime path of "/ros2_ws/install/moveit_core/lib/libmoveit_kinematics_base.so" to ""
[682.033s] -- Installing: /ros2_ws/install/moveit_core/lib/libmoveit_kinematic_constraints.so.2.5.7
[682.034s] -- Set runtime path of "/ros2_ws/install/moveit_core/lib/libmoveit_kinematic_constraints.so.2.5.7" to ""
[682.034s] -- Installing: /ros2_ws/install/moveit_core/lib/libmoveit_kinematic_constraints.so
[682.034s] -- Installing: /ros2_ws/install/moveit_core/lib/libmoveit_kinematics_metrics.so.2.5.7
[682.035s] -- Set runtime path of "/ros2_ws/install/moveit_core/lib/libmoveit_kinematics_metrics.so.2.5.7" to ""
[682.035s] -- Installing: /ros2_ws/install/moveit_core/lib/libmoveit_kinematics_metrics.so
[682.035s] -- Installing: /ros2_ws/install/moveit_core/lib/libmoveit_planning_interface.so.2.5.7
[682.035s] -- Set runtime path of "/ros2_ws/install/moveit_core/lib/libmoveit_planning_interface.so.2.5.7" to ""
[682.035s] -- Installing: /ros2_ws/install/moveit_core/lib/libmoveit_planning_interface.so
[682.035s] -- Installing: /ros2_ws/install/moveit_core/lib/libmoveit_planning_scene.so.2.5.7
[682.036s] -- Set runtime path of "/ros2_ws/install/moveit_core/lib/libmoveit_planning_scene.so.2.5.7" to ""
[682.036s] -- Installing: /ros2_ws/install/moveit_core/lib/libmoveit_planning_scene.so
[682.036s] -- Installing: /ros2_ws/install/moveit_core/lib/libmoveit_planning_request_adapter.so.2.5.7
[682.037s] -- Set runtime path of "/ros2_ws/install/moveit_core/lib/libmoveit_planning_request_adapter.so.2.5.7" to ""
[682.037s] -- Installing: /ros2_ws/install/moveit_core/lib/libmoveit_planning_request_adapter.so
[682.037s] -- Installing: /ros2_ws/install/moveit_core/lib/libmoveit_robot_model.so.2.5.7
[682.037s] -- Set runtime path of "/ros2_ws/install/moveit_core/lib/libmoveit_robot_model.so.2.5.7" to ""
[682.037s] -- Installing: /ros2_ws/install/moveit_core/lib/libmoveit_robot_model.so
[682.037s] -- Installing: /ros2_ws/install/moveit_core/lib/libmoveit_robot_state.so.2.5.7
[682.038s] -- Set runtime path of "/ros2_ws/install/moveit_core/lib/libmoveit_robot_state.so.2.5.7" to ""
[682.038s] -- Installing: /ros2_ws/install/moveit_core/lib/libmoveit_robot_state.so
[682.038s] -- Installing: /ros2_ws/install/moveit_core/lib/libmoveit_robot_trajectory.so.2.5.7
[682.039s] -- Set runtime path of "/ros2_ws/install/moveit_core/lib/libmoveit_robot_trajectory.so.2.5.7" to ""
[682.039s] -- Installing: /ros2_ws/install/moveit_core/lib/libmoveit_robot_trajectory.so
[682.039s] -- Installing: /ros2_ws/install/moveit_core/lib/libmoveit_smoothing_base.so.2.5.7
[682.039s] -- Set runtime path of "/ros2_ws/install/moveit_core/lib/libmoveit_smoothing_base.so.2.5.7" to ""
[682.039s] -- Installing: /ros2_ws/install/moveit_core/lib/libmoveit_smoothing_base.so
[682.040s] -- Installing: /ros2_ws/install/moveit_core/lib/libmoveit_test_utils.so.2.5.7
[682.040s] -- Set runtime path of "/ros2_ws/install/moveit_core/lib/libmoveit_test_utils.so.2.5.7" to ""
[682.040s] -- Installing: /ros2_ws/install/moveit_core/lib/libmoveit_test_utils.so
[682.040s] -- Installing: /ros2_ws/install/moveit_core/lib/libmoveit_trajectory_processing.so.2.5.7
[682.041s] -- Set runtime path of "/ros2_ws/install/moveit_core/lib/libmoveit_trajectory_processing.so.2.5.7" to ""
[682.041s] -- Installing: /ros2_ws/install/moveit_core/lib/libmoveit_trajectory_processing.so
[682.041s] -- Installing: /ros2_ws/install/moveit_core/lib/libmoveit_transforms.so.2.5.7
[682.041s] -- Set runtime path of "/ros2_ws/install/moveit_core/lib/libmoveit_transforms.so.2.5.7" to ""
[682.041s] -- Installing: /ros2_ws/install/moveit_core/lib/libmoveit_transforms.so
[682.041s] -- Installing: /ros2_ws/install/moveit_core/lib/libmoveit_utils.so.2.5.7
[682.042s] -- Set runtime path of "/ros2_ws/install/moveit_core/lib/libmoveit_utils.so.2.5.7" to ""
[682.042s] -- Installing: /ros2_ws/install/moveit_core/lib/libmoveit_utils.so
[682.042s] -- Installing: /ros2_ws/install/moveit_core/share/moveit_core/environment/library_path.sh
[682.042s] -- Installing: /ros2_ws/install/moveit_core/share/moveit_core/environment/library_path.dsv
[682.042s] -- Installing: /ros2_ws/install/moveit_core/share/moveit_core/collision_detector_fcl_description.xml
[682.042s] -- Installing: /ros2_ws/install/moveit_core/share/moveit_core/collision_detector_bullet_description.xml
[682.042s] -- Installing: /ros2_ws/install/moveit_core/share/moveit_core/filter_plugin_butterworth.xml
[682.043s] -- Installing: /ros2_ws/install/moveit_core/share/ament_index/resource_index/package_run_dependencies/moveit_core
[682.043s] -- Installing: /ros2_ws/install/moveit_core/share/ament_index/resource_index/parent_prefix_path/moveit_core
[682.043s] -- Installing: /ros2_ws/install/moveit_core/share/moveit_core/environment/ament_prefix_path.sh
[682.043s] -- Installing: /ros2_ws/install/moveit_core/share/moveit_core/environment/ament_prefix_path.dsv
[682.043s] -- Installing: /ros2_ws/install/moveit_core/share/moveit_core/environment/path.sh
[682.043s] -- Installing: /ros2_ws/install/moveit_core/share/moveit_core/environment/path.dsv
[682.043s] -- Installing: /ros2_ws/install/moveit_core/share/moveit_core/local_setup.bash
[682.043s] -- Installing: /ros2_ws/install/moveit_core/share/moveit_core/local_setup.sh
[682.043s] -- Installing: /ros2_ws/install/moveit_core/share/moveit_core/local_setup.zsh
[682.044s] -- Installing: /ros2_ws/install/moveit_core/share/moveit_core/local_setup.dsv
[682.044s] -- Installing: /ros2_ws/install/moveit_core/share/moveit_core/package.dsv
[682.044s] -- Installing: /ros2_ws/install/moveit_core/share/ament_index/resource_index/packages/moveit_core
[682.044s] -- Installing: /ros2_ws/install/moveit_core/share/ament_index/resource_index/moveit_core__pluginlib__plugin/moveit_core
[682.044s] -- Installing: /ros2_ws/install/moveit_core/share/moveit_core/cmake/export_moveit_coreExport.cmake
[682.044s] -- Installing: /ros2_ws/install/moveit_core/share/moveit_core/cmake/export_moveit_coreExport-release.cmake
[682.044s] -- Installing: /ros2_ws/install/moveit_core/share/moveit_core/cmake/ConfigExtras.cmake
[682.045s] -- Installing: /ros2_ws/install/moveit_core/share/moveit_core/cmake/ament_cmake_export_targets-extras.cmake
[682.045s] -- Installing: /ros2_ws/install/moveit_core/share/moveit_core/cmake/ament_cmake_export_dependencies-extras.cmake
[682.045s] -- Installing: /ros2_ws/install/moveit_core/share/moveit_core/cmake/moveit_coreConfig.cmake
[682.045s] -- Installing: /ros2_ws/install/moveit_core/share/moveit_core/cmake/moveit_coreConfig-version.cmake
[682.045s] -- Installing: /ros2_ws/install/moveit_core/share/moveit_core/package.xml
[682.047s] Invoked command in '/ros2_ws/build/moveit_core' returned '0': AMENT_PREFIX_PATH=/ros2_ws/install/moveit_resources_panda_moveit_config:/ros2_ws/install/srdfdom:/ros2_ws/install/moveit_resources_pr2_description:/ros2_ws/install/moveit_resources_panda_description:/ros2_ws/install/moveit_common:${AMENT_PREFIX_PATH} CMAKE_PREFIX_PATH=/ros2_ws/install/moveit_resources_panda_moveit_config:/ros2_ws/install/srdfdom:/ros2_ws/install/moveit_resources_pr2_description:/ros2_ws/install/moveit_resources_panda_description:/ros2_ws/install/moveit_common:/ros2_ws/install/ur:/ros2_ws/install/ur_calibration:/ros2_ws/install/ur_robot_driver:/ros2_ws/install/ur_bringup:/ros2_ws/install/ur_controllers:/ros2_ws/install/ur_msgs:/ros2_ws/install/ur_moveit_config:/ros2_ws/install/ur_dashboard_msgs:/opt/ros/humble LD_LIBRARY_PATH=/ros2_ws/install/srdfdom/lib:${LD_LIBRARY_PATH} PYTHONPATH=/ros2_ws/install/srdfdom/local/lib/python3.10/dist-packages:${PYTHONPATH} /usr/bin/cmake --install /ros2_ws/build/moveit_core
