[0.013s] Invoking command in '/ros2_ws/build/ur_controllers': CMAKE_PREFIX_PATH=/ros2_ws/install/ur_msgs:/ros2_ws/install/ur_dashboard_msgs:/ros2_ws/install/ur:/ros2_ws/install/ur_calibration:/ros2_ws/install/ur_robot_driver:/ros2_ws/install/ur_bringup:/ros2_ws/install/ur_controllers:/ros2_ws/install/ur_moveit_config:/opt/ros/humble LD_LIBRARY_PATH=/ros2_ws/install/ur_msgs/lib:/ros2_ws/install/ur_dashboard_msgs/lib:/ros2_ws/install/ur_robot_driver/lib:/ros2_ws/install/ur_controllers/lib:/usr/lib/x86_64-linux-gnu/gazebo-11/plugins:/opt/ros/humble/opt/rviz_ogre_vendor/lib:/opt/ros/humble/lib/x86_64-linux-gnu:/opt/ros/humble/lib /usr/bin/cmake --build /ros2_ws/build/ur_controllers -- -j8 -l8
[0.078s] [ 20%] Built target gpio_controller_parameters
[0.078s] [ 20%] Built target scaled_joint_trajectory_controller_parameters
[0.079s] [ 20%] Built target passthrough_trajectory_controller_parameters
[0.079s] [ 20%] Built target force_mode_controller_parameters
[0.079s] [ 25%] Built target freedrive_mode_controller_parameters
[0.079s] [ 29%] Built target ur_configuration_controller_parameters
[0.079s] [ 29%] Built target speed_scaling_state_broadcaster_parameters
[0.084s] [ 37%] Built target gmock_main
[0.104s] [ 50%] Built target gmock
[0.121s] [ 83%] Built target ur_controllers
[0.153s] [100%] Built target test_load_force_mode_controller
[0.153s] [100%] Built target test_load_freedrive_mode_controller
[0.164s] Invoked command in '/ros2_ws/build/ur_controllers' returned '0': CMAKE_PREFIX_PATH=/ros2_ws/install/ur_msgs:/ros2_ws/install/ur_dashboard_msgs:/ros2_ws/install/ur:/ros2_ws/install/ur_calibration:/ros2_ws/install/ur_robot_driver:/ros2_ws/install/ur_bringup:/ros2_ws/install/ur_controllers:/ros2_ws/install/ur_moveit_config:/opt/ros/humble LD_LIBRARY_PATH=/ros2_ws/install/ur_msgs/lib:/ros2_ws/install/ur_dashboard_msgs/lib:/ros2_ws/install/ur_robot_driver/lib:/ros2_ws/install/ur_controllers/lib:/usr/lib/x86_64-linux-gnu/gazebo-11/plugins:/opt/ros/humble/opt/rviz_ogre_vendor/lib:/opt/ros/humble/lib/x86_64-linux-gnu:/opt/ros/humble/lib /usr/bin/cmake --build /ros2_ws/build/ur_controllers -- -j8 -l8
[0.166s] Invoking command in '/ros2_ws/build/ur_controllers': CMAKE_PREFIX_PATH=/ros2_ws/install/ur_msgs:/ros2_ws/install/ur_dashboard_msgs:/ros2_ws/install/ur:/ros2_ws/install/ur_calibration:/ros2_ws/install/ur_robot_driver:/ros2_ws/install/ur_bringup:/ros2_ws/install/ur_controllers:/ros2_ws/install/ur_moveit_config:/opt/ros/humble LD_LIBRARY_PATH=/ros2_ws/install/ur_msgs/lib:/ros2_ws/install/ur_dashboard_msgs/lib:/ros2_ws/install/ur_robot_driver/lib:/ros2_ws/install/ur_controllers/lib:/usr/lib/x86_64-linux-gnu/gazebo-11/plugins:/opt/ros/humble/opt/rviz_ogre_vendor/lib:/opt/ros/humble/lib/x86_64-linux-gnu:/opt/ros/humble/lib /usr/bin/cmake --install /ros2_ws/build/ur_controllers
[0.174s] -- Install configuration: "Release"
[0.174s] -- Up-to-date: /ros2_ws/install/ur_controllers/include/force_mode_controller_parameters
[0.174s] -- Up-to-date: /ros2_ws/install/ur_controllers/include/force_mode_controller_parameters/force_mode_controller_parameters.hpp
[0.174s] -- Up-to-date: /ros2_ws/install/ur_controllers/include/gpio_controller_parameters
[0.174s] -- Up-to-date: /ros2_ws/install/ur_controllers/include/gpio_controller_parameters/gpio_controller_parameters.hpp
[0.174s] -- Up-to-date: /ros2_ws/install/ur_controllers/include/speed_scaling_state_broadcaster_parameters
[0.174s] -- Up-to-date: /ros2_ws/install/ur_controllers/include/speed_scaling_state_broadcaster_parameters/speed_scaling_state_broadcaster_parameters.hpp
[0.174s] -- Up-to-date: /ros2_ws/install/ur_controllers/include/scaled_joint_trajectory_controller_parameters
[0.174s] -- Up-to-date: /ros2_ws/install/ur_controllers/include/scaled_joint_trajectory_controller_parameters/scaled_joint_trajectory_controller_parameters.hpp
[0.174s] -- Up-to-date: /ros2_ws/install/ur_controllers/include/freedrive_mode_controller_parameters
[0.174s] -- Up-to-date: /ros2_ws/install/ur_controllers/include/freedrive_mode_controller_parameters/freedrive_mode_controller_parameters.hpp
[0.175s] -- Up-to-date: /ros2_ws/install/ur_controllers/include/passthrough_trajectory_controller_parameters
[0.175s] -- Up-to-date: /ros2_ws/install/ur_controllers/include/passthrough_trajectory_controller_parameters/passthrough_trajectory_controller_parameters.hpp
[0.175s] -- Up-to-date: /ros2_ws/install/ur_controllers/include/ur_configuration_controller_parameters
[0.175s] -- Up-to-date: /ros2_ws/install/ur_controllers/include/ur_configuration_controller_parameters/ur_configuration_controller_parameters.hpp
[0.175s] -- Up-to-date: /ros2_ws/install/ur_controllers/share/ur_controllers/controller_plugins.xml
[0.175s] -- Up-to-date: /ros2_ws/install/ur_controllers/lib/libur_controllers.so
[0.175s] -- Up-to-date: /ros2_ws/install/ur_controllers/include
[0.175s] -- Up-to-date: /ros2_ws/install/ur_controllers/include/ur_controllers
[0.175s] -- Up-to-date: /ros2_ws/install/ur_controllers/include/ur_controllers/passthrough_trajectory_controller.hpp
[0.175s] -- Up-to-date: /ros2_ws/install/ur_controllers/include/ur_controllers/force_mode_controller.hpp
[0.175s] -- Up-to-date: /ros2_ws/install/ur_controllers/include/ur_controllers/scaled_joint_trajectory_controller.hpp
[0.175s] -- Up-to-date: /ros2_ws/install/ur_controllers/include/ur_controllers/gpio_controller.hpp
[0.175s] -- Up-to-date: /ros2_ws/install/ur_controllers/include/ur_controllers/ur_configuration_controller.hpp
[0.176s] -- Up-to-date: /ros2_ws/install/ur_controllers/include/ur_controllers/freedrive_mode_controller.hpp
[0.176s] -- Up-to-date: /ros2_ws/install/ur_controllers/include/ur_controllers/speed_scaling_state_broadcaster.hpp
[0.176s] -- Up-to-date: /ros2_ws/install/ur_controllers/share/ur_controllers/controller_plugins.xml
[0.176s] -- Up-to-date: /ros2_ws/install/ur_controllers/share/ur_controllers/environment/library_path.sh
[0.176s] -- Up-to-date: /ros2_ws/install/ur_controllers/share/ur_controllers/environment/library_path.dsv
[0.176s] -- Up-to-date: /ros2_ws/install/ur_controllers/share/ament_index/resource_index/package_run_dependencies/ur_controllers
[0.176s] -- Up-to-date: /ros2_ws/install/ur_controllers/share/ament_index/resource_index/parent_prefix_path/ur_controllers
[0.176s] -- Up-to-date: /ros2_ws/install/ur_controllers/share/ur_controllers/environment/ament_prefix_path.sh
[0.176s] -- Up-to-date: /ros2_ws/install/ur_controllers/share/ur_controllers/environment/ament_prefix_path.dsv
[0.176s] -- Up-to-date: /ros2_ws/install/ur_controllers/share/ur_controllers/environment/path.sh
[0.176s] -- Up-to-date: /ros2_ws/install/ur_controllers/share/ur_controllers/environment/path.dsv
[0.176s] -- Up-to-date: /ros2_ws/install/ur_controllers/share/ur_controllers/local_setup.bash
[0.176s] -- Up-to-date: /ros2_ws/install/ur_controllers/share/ur_controllers/local_setup.sh
[0.176s] -- Up-to-date: /ros2_ws/install/ur_controllers/share/ur_controllers/local_setup.zsh
[0.176s] -- Up-to-date: /ros2_ws/install/ur_controllers/share/ur_controllers/local_setup.dsv
[0.176s] -- Installing: /ros2_ws/install/ur_controllers/share/ur_controllers/package.dsv
[0.177s] -- Up-to-date: /ros2_ws/install/ur_controllers/share/ament_index/resource_index/packages/ur_controllers
[0.177s] -- Up-to-date: /ros2_ws/install/ur_controllers/share/ament_index/resource_index/controller_interface__pluginlib__plugin/ur_controllers
[0.177s] -- Up-to-date: /ros2_ws/install/ur_controllers/share/ur_controllers/cmake/ament_cmake_export_dependencies-extras.cmake
[0.177s] -- Up-to-date: /ros2_ws/install/ur_controllers/share/ur_controllers/cmake/ament_cmake_export_include_directories-extras.cmake
[0.177s] -- Up-to-date: /ros2_ws/install/ur_controllers/share/ur_controllers/cmake/ament_cmake_export_libraries-extras.cmake
[0.177s] -- Up-to-date: /ros2_ws/install/ur_controllers/share/ur_controllers/cmake/ur_controllersConfig.cmake
[0.177s] -- Up-to-date: /ros2_ws/install/ur_controllers/share/ur_controllers/cmake/ur_controllersConfig-version.cmake
[0.177s] -- Up-to-date: /ros2_ws/install/ur_controllers/share/ur_controllers/package.xml
[0.180s] Invoked command in '/ros2_ws/build/ur_controllers' returned '0': CMAKE_PREFIX_PATH=/ros2_ws/install/ur_msgs:/ros2_ws/install/ur_dashboard_msgs:/ros2_ws/install/ur:/ros2_ws/install/ur_calibration:/ros2_ws/install/ur_robot_driver:/ros2_ws/install/ur_bringup:/ros2_ws/install/ur_controllers:/ros2_ws/install/ur_moveit_config:/opt/ros/humble LD_LIBRARY_PATH=/ros2_ws/install/ur_msgs/lib:/ros2_ws/install/ur_dashboard_msgs/lib:/ros2_ws/install/ur_robot_driver/lib:/ros2_ws/install/ur_controllers/lib:/usr/lib/x86_64-linux-gnu/gazebo-11/plugins:/opt/ros/humble/opt/rviz_ogre_vendor/lib:/opt/ros/humble/lib/x86_64-linux-gnu:/opt/ros/humble/lib /usr/bin/cmake --install /ros2_ws/build/ur_controllers
