[0.059s] Invoking command in '/ros2_ws/build/moveit_task_constructor_core': AMENT_PREFIX_PATH=/ros2_ws/install/moveit_planners:/ros2_ws/install/pilz_industrial_motion_planner:/ros2_ws/install/moveit_resources_prbt_pg70_support:/ros2_ws/install/moveit_ros_planning_interface:/ros2_ws/install/moveit_resources_prbt_moveit_config:/ros2_ws/install/moveit_ros_move_group:/ros2_ws/install/moveit_ros_warehouse:/ros2_ws/install/moveit_planners_ompl:/ros2_ws/install/moveit_kinematics:/ros2_ws/install/moveit_ros_planning:/ros2_ws/install/moveit_planners_chomp:/ros2_ws/install/pilz_industrial_motion_planner_testutils:/ros2_ws/install/moveit_simple_controller_manager:/ros2_ws/install/moveit_ros_occupancy_map_monitor:/ros2_ws/install/moveit_resources_prbt_ikfast_manipulator_plugin:/ros2_ws/install/chomp_motion_planner:/ros2_ws/install/moveit_core:/ros2_ws/install/rviz_marker_tools:/ros2_ws/install/moveit_resources_panda_moveit_config:/ros2_ws/install/moveit_resources_fanuc_moveit_config:/ros2_ws/install/moveit_configs_utils:/ros2_ws/install/srdfdom:/ros2_ws/install/moveit_task_constructor_msgs:/ros2_ws/install/moveit_resources_prbt_support:/ros2_ws/install/moveit_resources_pr2_description:/ros2_ws/install/moveit_resources_panda_description:/ros2_ws/install/moveit_resources_fanuc_description:/ros2_ws/install/moveit_common:/ros2_ws/install/launch_param_builder:${AMENT_PREFIX_PATH} CMAKE_PREFIX_PATH=/ros2_ws/install/moveit_planners:/ros2_ws/install/pilz_industrial_motion_planner:/ros2_ws/install/moveit_resources_prbt_pg70_support:/ros2_ws/install/moveit_ros_planning_interface:/ros2_ws/install/moveit_resources_prbt_moveit_config:/ros2_ws/install/moveit_ros_move_group:/ros2_ws/install/moveit_ros_warehouse:/ros2_ws/install/moveit_planners_ompl:/ros2_ws/install/moveit_kinematics:/ros2_ws/install/moveit_ros_planning:/ros2_ws/install/moveit_planners_chomp:/ros2_ws/install/pilz_industrial_motion_planner_testutils:/ros2_ws/install/moveit_simple_controller_manager:/ros2_ws/install/moveit_ros_occupancy_map_monitor:/ros2_ws/install/moveit_resources_prbt_ikfast_manipulator_plugin:/ros2_ws/install/chomp_motion_planner:/ros2_ws/install/moveit_core:/ros2_ws/install/rviz_marker_tools:/ros2_ws/install/moveit_resources_panda_moveit_config:/ros2_ws/install/moveit_resources_fanuc_moveit_config:/ros2_ws/install/srdfdom:/ros2_ws/install/moveit_task_constructor_msgs:/ros2_ws/install/moveit_resources_prbt_support:/ros2_ws/install/moveit_resources_pr2_description:/ros2_ws/install/moveit_resources_panda_description:/ros2_ws/install/moveit_resources_fanuc_description:/ros2_ws/install/moveit_common:/opt/ros/humble LD_LIBRARY_PATH=/ros2_ws/install/pilz_industrial_motion_planner/lib:/ros2_ws/install/moveit_ros_planning_interface/lib:/ros2_ws/install/moveit_ros_move_group/lib:/ros2_ws/install/moveit_ros_warehouse/lib:/ros2_ws/install/moveit_planners_ompl/lib:/ros2_ws/install/moveit_kinematics/lib:/ros2_ws/install/moveit_ros_planning/lib:/ros2_ws/install/moveit_planners_chomp/lib:/ros2_ws/install/pilz_industrial_motion_planner_testutils/lib:/ros2_ws/install/moveit_simple_controller_manager/lib:/ros2_ws/install/moveit_ros_occupancy_map_monitor/lib:/ros2_ws/install/moveit_resources_prbt_ikfast_manipulator_plugin/lib:/ros2_ws/install/chomp_motion_planner/lib:/ros2_ws/install/moveit_core/lib:/ros2_ws/install/rviz_marker_tools/lib:/ros2_ws/install/srdfdom/lib:/ros2_ws/install/moveit_task_constructor_msgs/lib:${LD_LIBRARY_PATH} PATH=/ros2_ws/install/moveit_core/bin:${PATH} PYTHONPATH=/ros2_ws/install/moveit_configs_utils/lib/python3.10/site-packages:/ros2_ws/install/srdfdom/local/lib/python3.10/dist-packages:/ros2_ws/install/moveit_task_constructor_msgs/local/lib/python3.10/dist-packages:/ros2_ws/install/launch_param_builder/lib/python3.10/site-packages:${PYTHONPATH} /usr/bin/cmake --build /ros2_ws/build/moveit_task_constructor_core -- -j8 -l8
[0.146s] [  2%] Built target gtest_main
[0.146s] [  5%] Built target gtest
[0.146s] [  7%] Built target gmock_main
[0.146s] [ 10%] Built target gmock
[0.155s] [ 10%] Built target ament_cmake_python_copy_moveit
[0.221s] [ 29%] Built target moveit_task_constructor_core
[0.289s] [ 34%] Built target gtest_utils
[0.325s] [ 55%] Built target moveit_task_constructor_core_stages
[0.396s] [ 57%] Built target moveit_task_constructor_core_stage_plugins
[0.418s] [ 60%] Built target moveit_task_constructor_core-test-mockups
[0.422s] [ 62%] Built target moveit_task_constructor_core-test-stage
[0.426s] [ 64%] Built target moveit_task_constructor_core-test-pruning
[0.427s] [ 67%] Built target moveit_task_constructor_core-test-serial
[0.429s] [ 69%] Built target moveit_task_constructor_core-test-container
[0.450s] [ 71%] Built target moveit_task_constructor_core-test-properties
[0.463s] [ 78%] Built target pymoveit_mtc
[0.509s] [ 81%] Built target moveit_task_constructor_core-test-cost-queue
[0.518s] [ 83%] Built target moveit_task_constructor_core-test-cost-terms
[0.527s] [ 85%] Built target moveit_task_constructor_core-test-fallback
[0.537s] [ 88%] Built target moveit_task_constructor_core-test-move-to
[0.537s] [ 90%] Built target moveit_task_constructor_core-test-interface-state
[0.537s] [ 92%] Built target moveit_task_constructor_core-test-move-relative
[0.541s] running egg_info
[0.541s] writing moveit.egg-info/PKG-INFO
[0.541s] writing dependency_links to moveit.egg-info/dependency_links.txt
[0.541s] writing top-level names to moveit.egg-info/top_level.txt
[0.545s] reading manifest file 'moveit.egg-info/SOURCES.txt'
[0.545s] writing manifest file 'moveit.egg-info/SOURCES.txt'
[0.554s] [ 95%] Built target pick_ur5
[0.594s] [ 97%] Built target pick_pr2
[0.599s] [100%] Built target pick_pa10
[0.599s] [100%] Built target ament_cmake_python_build_moveit_egg
[0.619s] Invoked command in '/ros2_ws/build/moveit_task_constructor_core' returned '0': AMENT_PREFIX_PATH=/ros2_ws/install/moveit_planners:/ros2_ws/install/pilz_industrial_motion_planner:/ros2_ws/install/moveit_resources_prbt_pg70_support:/ros2_ws/install/moveit_ros_planning_interface:/ros2_ws/install/moveit_resources_prbt_moveit_config:/ros2_ws/install/moveit_ros_move_group:/ros2_ws/install/moveit_ros_warehouse:/ros2_ws/install/moveit_planners_ompl:/ros2_ws/install/moveit_kinematics:/ros2_ws/install/moveit_ros_planning:/ros2_ws/install/moveit_planners_chomp:/ros2_ws/install/pilz_industrial_motion_planner_testutils:/ros2_ws/install/moveit_simple_controller_manager:/ros2_ws/install/moveit_ros_occupancy_map_monitor:/ros2_ws/install/moveit_resources_prbt_ikfast_manipulator_plugin:/ros2_ws/install/chomp_motion_planner:/ros2_ws/install/moveit_core:/ros2_ws/install/rviz_marker_tools:/ros2_ws/install/moveit_resources_panda_moveit_config:/ros2_ws/install/moveit_resources_fanuc_moveit_config:/ros2_ws/install/moveit_configs_utils:/ros2_ws/install/srdfdom:/ros2_ws/install/moveit_task_constructor_msgs:/ros2_ws/install/moveit_resources_prbt_support:/ros2_ws/install/moveit_resources_pr2_description:/ros2_ws/install/moveit_resources_panda_description:/ros2_ws/install/moveit_resources_fanuc_description:/ros2_ws/install/moveit_common:/ros2_ws/install/launch_param_builder:${AMENT_PREFIX_PATH} CMAKE_PREFIX_PATH=/ros2_ws/install/moveit_planners:/ros2_ws/install/pilz_industrial_motion_planner:/ros2_ws/install/moveit_resources_prbt_pg70_support:/ros2_ws/install/moveit_ros_planning_interface:/ros2_ws/install/moveit_resources_prbt_moveit_config:/ros2_ws/install/moveit_ros_move_group:/ros2_ws/install/moveit_ros_warehouse:/ros2_ws/install/moveit_planners_ompl:/ros2_ws/install/moveit_kinematics:/ros2_ws/install/moveit_ros_planning:/ros2_ws/install/moveit_planners_chomp:/ros2_ws/install/pilz_industrial_motion_planner_testutils:/ros2_ws/install/moveit_simple_controller_manager:/ros2_ws/install/moveit_ros_occupancy_map_monitor:/ros2_ws/install/moveit_resources_prbt_ikfast_manipulator_plugin:/ros2_ws/install/chomp_motion_planner:/ros2_ws/install/moveit_core:/ros2_ws/install/rviz_marker_tools:/ros2_ws/install/moveit_resources_panda_moveit_config:/ros2_ws/install/moveit_resources_fanuc_moveit_config:/ros2_ws/install/srdfdom:/ros2_ws/install/moveit_task_constructor_msgs:/ros2_ws/install/moveit_resources_prbt_support:/ros2_ws/install/moveit_resources_pr2_description:/ros2_ws/install/moveit_resources_panda_description:/ros2_ws/install/moveit_resources_fanuc_description:/ros2_ws/install/moveit_common:/opt/ros/humble LD_LIBRARY_PATH=/ros2_ws/install/pilz_industrial_motion_planner/lib:/ros2_ws/install/moveit_ros_planning_interface/lib:/ros2_ws/install/moveit_ros_move_group/lib:/ros2_ws/install/moveit_ros_warehouse/lib:/ros2_ws/install/moveit_planners_ompl/lib:/ros2_ws/install/moveit_kinematics/lib:/ros2_ws/install/moveit_ros_planning/lib:/ros2_ws/install/moveit_planners_chomp/lib:/ros2_ws/install/pilz_industrial_motion_planner_testutils/lib:/ros2_ws/install/moveit_simple_controller_manager/lib:/ros2_ws/install/moveit_ros_occupancy_map_monitor/lib:/ros2_ws/install/moveit_resources_prbt_ikfast_manipulator_plugin/lib:/ros2_ws/install/chomp_motion_planner/lib:/ros2_ws/install/moveit_core/lib:/ros2_ws/install/rviz_marker_tools/lib:/ros2_ws/install/srdfdom/lib:/ros2_ws/install/moveit_task_constructor_msgs/lib:${LD_LIBRARY_PATH} PATH=/ros2_ws/install/moveit_core/bin:${PATH} PYTHONPATH=/ros2_ws/install/moveit_configs_utils/lib/python3.10/site-packages:/ros2_ws/install/srdfdom/local/lib/python3.10/dist-packages:/ros2_ws/install/moveit_task_constructor_msgs/local/lib/python3.10/dist-packages:/ros2_ws/install/launch_param_builder/lib/python3.10/site-packages:${PYTHONPATH} /usr/bin/cmake --build /ros2_ws/build/moveit_task_constructor_core -- -j8 -l8
[0.622s] Invoking command in '/ros2_ws/build/moveit_task_constructor_core': AMENT_PREFIX_PATH=/ros2_ws/install/moveit_planners:/ros2_ws/install/pilz_industrial_motion_planner:/ros2_ws/install/moveit_resources_prbt_pg70_support:/ros2_ws/install/moveit_ros_planning_interface:/ros2_ws/install/moveit_resources_prbt_moveit_config:/ros2_ws/install/moveit_ros_move_group:/ros2_ws/install/moveit_ros_warehouse:/ros2_ws/install/moveit_planners_ompl:/ros2_ws/install/moveit_kinematics:/ros2_ws/install/moveit_ros_planning:/ros2_ws/install/moveit_planners_chomp:/ros2_ws/install/pilz_industrial_motion_planner_testutils:/ros2_ws/install/moveit_simple_controller_manager:/ros2_ws/install/moveit_ros_occupancy_map_monitor:/ros2_ws/install/moveit_resources_prbt_ikfast_manipulator_plugin:/ros2_ws/install/chomp_motion_planner:/ros2_ws/install/moveit_core:/ros2_ws/install/rviz_marker_tools:/ros2_ws/install/moveit_resources_panda_moveit_config:/ros2_ws/install/moveit_resources_fanuc_moveit_config:/ros2_ws/install/moveit_configs_utils:/ros2_ws/install/srdfdom:/ros2_ws/install/moveit_task_constructor_msgs:/ros2_ws/install/moveit_resources_prbt_support:/ros2_ws/install/moveit_resources_pr2_description:/ros2_ws/install/moveit_resources_panda_description:/ros2_ws/install/moveit_resources_fanuc_description:/ros2_ws/install/moveit_common:/ros2_ws/install/launch_param_builder:${AMENT_PREFIX_PATH} CMAKE_PREFIX_PATH=/ros2_ws/install/moveit_planners:/ros2_ws/install/pilz_industrial_motion_planner:/ros2_ws/install/moveit_resources_prbt_pg70_support:/ros2_ws/install/moveit_ros_planning_interface:/ros2_ws/install/moveit_resources_prbt_moveit_config:/ros2_ws/install/moveit_ros_move_group:/ros2_ws/install/moveit_ros_warehouse:/ros2_ws/install/moveit_planners_ompl:/ros2_ws/install/moveit_kinematics:/ros2_ws/install/moveit_ros_planning:/ros2_ws/install/moveit_planners_chomp:/ros2_ws/install/pilz_industrial_motion_planner_testutils:/ros2_ws/install/moveit_simple_controller_manager:/ros2_ws/install/moveit_ros_occupancy_map_monitor:/ros2_ws/install/moveit_resources_prbt_ikfast_manipulator_plugin:/ros2_ws/install/chomp_motion_planner:/ros2_ws/install/moveit_core:/ros2_ws/install/rviz_marker_tools:/ros2_ws/install/moveit_resources_panda_moveit_config:/ros2_ws/install/moveit_resources_fanuc_moveit_config:/ros2_ws/install/srdfdom:/ros2_ws/install/moveit_task_constructor_msgs:/ros2_ws/install/moveit_resources_prbt_support:/ros2_ws/install/moveit_resources_pr2_description:/ros2_ws/install/moveit_resources_panda_description:/ros2_ws/install/moveit_resources_fanuc_description:/ros2_ws/install/moveit_common:/opt/ros/humble LD_LIBRARY_PATH=/ros2_ws/install/pilz_industrial_motion_planner/lib:/ros2_ws/install/moveit_ros_planning_interface/lib:/ros2_ws/install/moveit_ros_move_group/lib:/ros2_ws/install/moveit_ros_warehouse/lib:/ros2_ws/install/moveit_planners_ompl/lib:/ros2_ws/install/moveit_kinematics/lib:/ros2_ws/install/moveit_ros_planning/lib:/ros2_ws/install/moveit_planners_chomp/lib:/ros2_ws/install/pilz_industrial_motion_planner_testutils/lib:/ros2_ws/install/moveit_simple_controller_manager/lib:/ros2_ws/install/moveit_ros_occupancy_map_monitor/lib:/ros2_ws/install/moveit_resources_prbt_ikfast_manipulator_plugin/lib:/ros2_ws/install/chomp_motion_planner/lib:/ros2_ws/install/moveit_core/lib:/ros2_ws/install/rviz_marker_tools/lib:/ros2_ws/install/srdfdom/lib:/ros2_ws/install/moveit_task_constructor_msgs/lib:${LD_LIBRARY_PATH} PATH=/ros2_ws/install/moveit_core/bin:${PATH} PYTHONPATH=/ros2_ws/install/moveit_configs_utils/lib/python3.10/site-packages:/ros2_ws/install/srdfdom/local/lib/python3.10/dist-packages:/ros2_ws/install/moveit_task_constructor_msgs/local/lib/python3.10/dist-packages:/ros2_ws/install/launch_param_builder/lib/python3.10/site-packages:${PYTHONPATH} /usr/bin/cmake --install /ros2_ws/build/moveit_task_constructor_core
[0.634s] -- Install configuration: "Release"
[0.635s] -- Up-to-date: /ros2_ws/install/moveit_task_constructor_core/lib/libmoveit_task_constructor_core_stages.so
[0.636s] -- Up-to-date: /ros2_ws/install/moveit_task_constructor_core/lib/libmoveit_task_constructor_core_stage_plugins.so
[0.637s] -- Up-to-date: /ros2_ws/install/moveit_task_constructor_core/lib/libmoveit_task_constructor_core.so
[0.638s] -- Up-to-date: /ros2_ws/install/moveit_task_constructor_core/share/moveit_task_constructor_core/environment/pythonpath.sh
[0.638s] -- Up-to-date: /ros2_ws/install/moveit_task_constructor_core/share/moveit_task_constructor_core/environment/pythonpath.dsv
[0.638s] -- Up-to-date: /ros2_ws/install/moveit_task_constructor_core/local/lib/python3.10/dist-packages/moveit-0.1.3-py3.10.egg-info
[0.638s] -- Installing: /ros2_ws/install/moveit_task_constructor_core/local/lib/python3.10/dist-packages/moveit-0.1.3-py3.10.egg-info/dependency_links.txt
[0.639s] -- Installing: /ros2_ws/install/moveit_task_constructor_core/local/lib/python3.10/dist-packages/moveit-0.1.3-py3.10.egg-info/top_level.txt
[0.639s] -- Installing: /ros2_ws/install/moveit_task_constructor_core/local/lib/python3.10/dist-packages/moveit-0.1.3-py3.10.egg-info/SOURCES.txt
[0.639s] -- Installing: /ros2_ws/install/moveit_task_constructor_core/local/lib/python3.10/dist-packages/moveit-0.1.3-py3.10.egg-info/PKG-INFO
[0.639s] -- Up-to-date: /ros2_ws/install/moveit_task_constructor_core/local/lib/python3.10/dist-packages/moveit
[0.639s] -- Up-to-date: /ros2_ws/install/moveit_task_constructor_core/local/lib/python3.10/dist-packages/moveit/task_constructor
[0.639s] -- Up-to-date: /ros2_ws/install/moveit_task_constructor_core/local/lib/python3.10/dist-packages/moveit/task_constructor/stages.py
[0.640s] -- Up-to-date: /ros2_ws/install/moveit_task_constructor_core/local/lib/python3.10/dist-packages/moveit/task_constructor/core.py
[0.640s] -- Up-to-date: /ros2_ws/install/moveit_task_constructor_core/local/lib/python3.10/dist-packages/moveit/task_constructor/__init__.py
[0.640s] -- Up-to-date: /ros2_ws/install/moveit_task_constructor_core/local/lib/python3.10/dist-packages/moveit/__init__.py
[0.700s] Listing '/ros2_ws/install/moveit_task_constructor_core/local/lib/python3.10/dist-packages/moveit'...
[0.700s] Listing '/ros2_ws/install/moveit_task_constructor_core/local/lib/python3.10/dist-packages/moveit/task_constructor'...
[0.709s] -- Up-to-date: /ros2_ws/install/moveit_task_constructor_core/include/moveit/python/pybind11
[0.709s] -- Up-to-date: /ros2_ws/install/moveit_task_constructor_core/include/moveit/python/pybind11/numpy.h
[0.710s] -- Up-to-date: /ros2_ws/install/moveit_task_constructor_core/include/moveit/python/pybind11/typing.h
[0.710s] -- Up-to-date: /ros2_ws/install/moveit_task_constructor_core/include/moveit/python/pybind11/gil.h
[0.711s] -- Up-to-date: /ros2_ws/install/moveit_task_constructor_core/include/moveit/python/pybind11/trampoline_self_life_support.h
[0.711s] -- Up-to-date: /ros2_ws/install/moveit_task_constructor_core/include/moveit/python/pybind11/eval.h
[0.711s] -- Up-to-date: /ros2_ws/install/moveit_task_constructor_core/include/moveit/python/pybind11/chrono.h
[0.711s] -- Up-to-date: /ros2_ws/install/moveit_task_constructor_core/include/moveit/python/pybind11/type_caster_pyobject_ptr.h
[0.711s] -- Up-to-date: /ros2_ws/install/moveit_task_constructor_core/include/moveit/python/pybind11/pybind11.h
[0.711s] -- Up-to-date: /ros2_ws/install/moveit_task_constructor_core/include/moveit/python/pybind11/complex.h
[0.711s] -- Up-to-date: /ros2_ws/install/moveit_task_constructor_core/include/moveit/python/pybind11/eigen
[0.712s] -- Up-to-date: /ros2_ws/install/moveit_task_constructor_core/include/moveit/python/pybind11/eigen/common.h
[0.712s] -- Up-to-date: /ros2_ws/install/moveit_task_constructor_core/include/moveit/python/pybind11/eigen/matrix.h
[0.712s] -- Up-to-date: /ros2_ws/install/moveit_task_constructor_core/include/moveit/python/pybind11/eigen/tensor.h
[0.712s] -- Up-to-date: /ros2_ws/install/moveit_task_constructor_core/include/moveit/python/pybind11/iostream.h
[0.712s] -- Up-to-date: /ros2_ws/install/moveit_task_constructor_core/include/moveit/python/pybind11/eigen.h
[0.712s] -- Up-to-date: /ros2_ws/install/moveit_task_constructor_core/include/moveit/python/pybind11/buffer_info.h
[0.712s] -- Up-to-date: /ros2_ws/install/moveit_task_constructor_core/include/moveit/python/pybind11/smart_holder.h
[0.712s] -- Up-to-date: /ros2_ws/install/moveit_task_constructor_core/include/moveit/python/pybind11/gil_safe_call_once.h
[0.713s] -- Up-to-date: /ros2_ws/install/moveit_task_constructor_core/include/moveit/python/pybind11/stl
[0.713s] -- Up-to-date: /ros2_ws/install/moveit_task_constructor_core/include/moveit/python/pybind11/stl/filesystem.h
[0.714s] -- Up-to-date: /ros2_ws/install/moveit_task_constructor_core/include/moveit/python/pybind11/embed.h
[0.714s] -- Up-to-date: /ros2_ws/install/moveit_task_constructor_core/include/moveit/python/pybind11/common.h
[0.714s] -- Up-to-date: /ros2_ws/install/moveit_task_constructor_core/include/moveit/python/pybind11/cast.h
[0.714s] -- Up-to-date: /ros2_ws/install/moveit_task_constructor_core/include/moveit/python/pybind11/pytypes.h
[0.715s] -- Up-to-date: /ros2_ws/install/moveit_task_constructor_core/include/moveit/python/pybind11/functional.h
[0.715s] -- Up-to-date: /ros2_ws/install/moveit_task_constructor_core/include/moveit/python/pybind11/detail
[0.715s] -- Up-to-date: /ros2_ws/install/moveit_task_constructor_core/include/moveit/python/pybind11/detail/typeid.h
[0.715s] -- Up-to-date: /ros2_ws/install/moveit_task_constructor_core/include/moveit/python/pybind11/detail/type_caster_odr_guard.h
[0.715s] -- Up-to-date: /ros2_ws/install/moveit_task_constructor_core/include/moveit/python/pybind11/detail/dynamic_raw_ptr_cast_if_possible.h
[0.715s] -- Up-to-date: /ros2_ws/install/moveit_task_constructor_core/include/moveit/python/pybind11/detail/smart_holder_type_casters.h
[0.715s] -- Up-to-date: /ros2_ws/install/moveit_task_constructor_core/include/moveit/python/pybind11/detail/type_caster_base.h
[0.715s] -- Up-to-date: /ros2_ws/install/moveit_task_constructor_core/include/moveit/python/pybind11/detail/class.h
[0.716s] -- Up-to-date: /ros2_ws/install/moveit_task_constructor_core/include/moveit/python/pybind11/detail/smart_holder_poc.h
[0.716s] -- Up-to-date: /ros2_ws/install/moveit_task_constructor_core/include/moveit/python/pybind11/detail/descr.h
[0.716s] -- Up-to-date: /ros2_ws/install/moveit_task_constructor_core/include/moveit/python/pybind11/detail/common.h
[0.716s] -- Up-to-date: /ros2_ws/install/moveit_task_constructor_core/include/moveit/python/pybind11/detail/init.h
[0.716s] -- Up-to-date: /ros2_ws/install/moveit_task_constructor_core/include/moveit/python/pybind11/detail/internals.h
[0.716s] -- Up-to-date: /ros2_ws/install/moveit_task_constructor_core/include/moveit/python/pybind11/detail/smart_holder_sfinae_hooks_only.h
[0.716s] -- Up-to-date: /ros2_ws/install/moveit_task_constructor_core/include/moveit/python/pybind11/options.h
[0.716s] -- Up-to-date: /ros2_ws/install/moveit_task_constructor_core/include/moveit/python/pybind11/stl.h
[0.716s] -- Up-to-date: /ros2_ws/install/moveit_task_constructor_core/include/moveit/python/pybind11/stl_bind.h
[0.716s] -- Up-to-date: /ros2_ws/install/moveit_task_constructor_core/include/moveit/python/pybind11/attr.h
[0.716s] -- Up-to-date: /ros2_ws/install/moveit_task_constructor_core/include/moveit/python/pybind11/operators.h
[0.717s] -- Up-to-date: /ros2_ws/install/moveit_task_constructor_core/share/moveit_task_constructor_core/cmake/pybind11Config.cmake
[0.717s] -- Up-to-date: /ros2_ws/install/moveit_task_constructor_core/share/moveit_task_constructor_core/cmake/pybind11ConfigVersion.cmake
[0.717s] -- Up-to-date: /ros2_ws/install/moveit_task_constructor_core/share/moveit_task_constructor_core/cmake/FindPythonLibsNew.cmake
[0.717s] -- Up-to-date: /ros2_ws/install/moveit_task_constructor_core/share/moveit_task_constructor_core/cmake/pybind11Common.cmake
[0.717s] -- Up-to-date: /ros2_ws/install/moveit_task_constructor_core/share/moveit_task_constructor_core/cmake/pybind11Tools.cmake
[0.717s] -- Up-to-date: /ros2_ws/install/moveit_task_constructor_core/share/moveit_task_constructor_core/cmake/pybind11NewTools.cmake
[0.721s] -- Up-to-date: /ros2_ws/install/moveit_task_constructor_core/share/moveit_task_constructor_core/cmake/pybind11Targets.cmake
[0.721s] -- Up-to-date: /ros2_ws/install/moveit_task_constructor_core/share/pkgconfig/pybind11.pc
[0.721s] -- Up-to-date: /ros2_ws/install/moveit_task_constructor_core/local/lib/python3.10/dist-packages/pymoveit_mtc.cpython-310-x86_64-linux-gnu.so
[0.721s] -- Up-to-date: /ros2_ws/install/moveit_task_constructor_core/include
[0.721s] -- Up-to-date: /ros2_ws/install/moveit_task_constructor_core/include/moveit
[0.722s] -- Up-to-date: /ros2_ws/install/moveit_task_constructor_core/include/moveit/python
[0.722s] -- Up-to-date: /ros2_ws/install/moveit_task_constructor_core/include/moveit/python/task_constructor
[0.722s] -- Up-to-date: /ros2_ws/install/moveit_task_constructor_core/include/moveit/python/task_constructor/properties.h
[0.722s] -- Up-to-date: /ros2_ws/install/moveit_task_constructor_core/include/moveit/task_constructor
[0.722s] -- Up-to-date: /ros2_ws/install/moveit_task_constructor_core/include/moveit/task_constructor/container.h
[0.722s] -- Up-to-date: /ros2_ws/install/moveit_task_constructor_core/include/moveit/task_constructor/cost_terms.h
[0.722s] -- Up-to-date: /ros2_ws/install/moveit_task_constructor_core/include/moveit/task_constructor/stages.h
[0.722s] -- Up-to-date: /ros2_ws/install/moveit_task_constructor_core/include/moveit/task_constructor/utils.h
[0.722s] -- Up-to-date: /ros2_ws/install/moveit_task_constructor_core/include/moveit/task_constructor/task.h
[0.723s] -- Up-to-date: /ros2_ws/install/moveit_task_constructor_core/include/moveit/task_constructor/moveit_compat.h
[0.727s] -- Up-to-date: /ros2_ws/install/moveit_task_constructor_core/include/moveit/task_constructor/solvers.h
[0.727s] -- Up-to-date: /ros2_ws/install/moveit_task_constructor_core/include/moveit/task_constructor/type_traits.h
[0.727s] -- Up-to-date: /ros2_ws/install/moveit_task_constructor_core/include/moveit/task_constructor/stages
[0.727s] -- Up-to-date: /ros2_ws/install/moveit_task_constructor_core/include/moveit/task_constructor/stages/generate_place_pose.h
[0.727s] -- Up-to-date: /ros2_ws/install/moveit_task_constructor_core/include/moveit/task_constructor/stages/simple_grasp.h
[0.727s] -- Up-to-date: /ros2_ws/install/moveit_task_constructor_core/include/moveit/task_constructor/stages/modify_planning_scene.h
[0.728s] -- Up-to-date: /ros2_ws/install/moveit_task_constructor_core/include/moveit/task_constructor/stages/connect.h
[0.728s] -- Up-to-date: /ros2_ws/install/moveit_task_constructor_core/include/moveit/task_constructor/stages/fixed_state.h
[0.728s] -- Up-to-date: /ros2_ws/install/moveit_task_constructor_core/include/moveit/task_constructor/stages/pick.h
[0.728s] -- Up-to-date: /ros2_ws/install/moveit_task_constructor_core/include/moveit/task_constructor/stages/fix_collision_objects.h
[0.728s] -- Up-to-date: /ros2_ws/install/moveit_task_constructor_core/include/moveit/task_constructor/stages/move_relative.h
[0.728s] -- Up-to-date: /ros2_ws/install/moveit_task_constructor_core/include/moveit/task_constructor/stages/generate_pose.h
[0.728s] -- Up-to-date: /ros2_ws/install/moveit_task_constructor_core/include/moveit/task_constructor/stages/predicate_filter.h
[0.729s] -- Up-to-date: /ros2_ws/install/moveit_task_constructor_core/include/moveit/task_constructor/stages/noop.h
[0.729s] -- Up-to-date: /ros2_ws/install/moveit_task_constructor_core/include/moveit/task_constructor/stages/fixed_cartesian_poses.h
[0.729s] -- Up-to-date: /ros2_ws/install/moveit_task_constructor_core/include/moveit/task_constructor/stages/generate_grasp_pose.h
[0.731s] -- Up-to-date: /ros2_ws/install/moveit_task_constructor_core/include/moveit/task_constructor/stages/generate_random_pose.h
[0.731s] -- Up-to-date: /ros2_ws/install/moveit_task_constructor_core/include/moveit/task_constructor/stages/current_state.h
[0.731s] -- Up-to-date: /ros2_ws/install/moveit_task_constructor_core/include/moveit/task_constructor/stages/move_to.h
[0.731s] -- Up-to-date: /ros2_ws/install/moveit_task_constructor_core/include/moveit/task_constructor/stages/compute_ik.h
[0.731s] -- Up-to-date: /ros2_ws/install/moveit_task_constructor_core/include/moveit/task_constructor/stages/passthrough.h
[0.731s] -- Up-to-date: /ros2_ws/install/moveit_task_constructor_core/include/moveit/task_constructor/merge.h
[0.731s] -- Up-to-date: /ros2_ws/install/moveit_task_constructor_core/include/moveit/task_constructor/properties.h
[0.731s] -- Up-to-date: /ros2_ws/install/moveit_task_constructor_core/include/moveit/task_constructor/solvers
[0.731s] -- Up-to-date: /ros2_ws/install/moveit_task_constructor_core/include/moveit/task_constructor/solvers/joint_interpolation.h
[0.732s] -- Up-to-date: /ros2_ws/install/moveit_task_constructor_core/include/moveit/task_constructor/solvers/multi_planner.h
[0.732s] -- Up-to-date: /ros2_ws/install/moveit_task_constructor_core/include/moveit/task_constructor/solvers/pipeline_planner.h
[0.732s] -- Up-to-date: /ros2_ws/install/moveit_task_constructor_core/include/moveit/task_constructor/solvers/planner_interface.h
[0.732s] -- Up-to-date: /ros2_ws/install/moveit_task_constructor_core/include/moveit/task_constructor/solvers/cartesian_path.h
[0.732s] -- Up-to-date: /ros2_ws/install/moveit_task_constructor_core/include/moveit/task_constructor/storage.h
[0.732s] -- Up-to-date: /ros2_ws/install/moveit_task_constructor_core/include/moveit/task_constructor/trajectory_execution_info.h
[0.732s] -- Up-to-date: /ros2_ws/install/moveit_task_constructor_core/include/moveit/task_constructor/introspection.h
[0.732s] -- Up-to-date: /ros2_ws/install/moveit_task_constructor_core/include/moveit/task_constructor/marker_tools.h
[0.732s] -- Up-to-date: /ros2_ws/install/moveit_task_constructor_core/include/moveit/task_constructor/stage.h
[0.732s] -- Up-to-date: /ros2_ws/install/moveit_task_constructor_core/include/moveit/task_constructor/cost_queue.h
[0.733s] -- Up-to-date: /ros2_ws/install/moveit_task_constructor_core/share/moveit_task_constructor_core/motion_planning_stages_plugin_description.xml
[0.735s] -- Up-to-date: /ros2_ws/install/moveit_task_constructor_core/share/moveit_task_constructor_core/environment/library_path.sh
[0.735s] -- Up-to-date: /ros2_ws/install/moveit_task_constructor_core/share/moveit_task_constructor_core/environment/library_path.dsv
[0.735s] -- Up-to-date: /ros2_ws/install/moveit_task_constructor_core/share/ament_index/resource_index/package_run_dependencies/moveit_task_constructor_core
[0.735s] -- Up-to-date: /ros2_ws/install/moveit_task_constructor_core/share/ament_index/resource_index/parent_prefix_path/moveit_task_constructor_core
[0.737s] -- Up-to-date: /ros2_ws/install/moveit_task_constructor_core/share/moveit_task_constructor_core/environment/ament_prefix_path.sh
[0.737s] -- Up-to-date: /ros2_ws/install/moveit_task_constructor_core/share/moveit_task_constructor_core/environment/ament_prefix_path.dsv
[0.737s] -- Up-to-date: /ros2_ws/install/moveit_task_constructor_core/share/moveit_task_constructor_core/environment/path.sh
[0.737s] -- Up-to-date: /ros2_ws/install/moveit_task_constructor_core/share/moveit_task_constructor_core/environment/path.dsv
[0.737s] -- Up-to-date: /ros2_ws/install/moveit_task_constructor_core/share/moveit_task_constructor_core/local_setup.bash
[0.737s] -- Up-to-date: /ros2_ws/install/moveit_task_constructor_core/share/moveit_task_constructor_core/local_setup.sh
[0.738s] -- Up-to-date: /ros2_ws/install/moveit_task_constructor_core/share/moveit_task_constructor_core/local_setup.zsh
[0.738s] -- Up-to-date: /ros2_ws/install/moveit_task_constructor_core/share/moveit_task_constructor_core/local_setup.dsv
[0.738s] -- Installing: /ros2_ws/install/moveit_task_constructor_core/share/moveit_task_constructor_core/package.dsv
[0.738s] -- Up-to-date: /ros2_ws/install/moveit_task_constructor_core/share/ament_index/resource_index/packages/moveit_task_constructor_core
[0.738s] -- Up-to-date: /ros2_ws/install/moveit_task_constructor_core/share/ament_index/resource_index/moveit_task_constructor_core__pluginlib__plugin/moveit_task_constructor_core
[0.738s] -- Up-to-date: /ros2_ws/install/moveit_task_constructor_core/share/moveit_task_constructor_core/cmake/moveit_task_constructor_coreTargetsExport.cmake
[0.738s] -- Up-to-date: /ros2_ws/install/moveit_task_constructor_core/share/moveit_task_constructor_core/cmake/moveit_task_constructor_coreTargetsExport-release.cmake
[0.738s] -- Up-to-date: /ros2_ws/install/moveit_task_constructor_core/share/moveit_task_constructor_core/cmake/ament_cmake_export_targets-extras.cmake
[0.738s] -- Up-to-date: /ros2_ws/install/moveit_task_constructor_core/share/moveit_task_constructor_core/cmake/ament_cmake_export_dependencies-extras.cmake
[0.738s] -- Up-to-date: /ros2_ws/install/moveit_task_constructor_core/share/moveit_task_constructor_core/cmake/moveit_task_constructor_coreConfig.cmake
[0.738s] -- Up-to-date: /ros2_ws/install/moveit_task_constructor_core/share/moveit_task_constructor_core/cmake/moveit_task_constructor_coreConfig-version.cmake
[0.738s] -- Up-to-date: /ros2_ws/install/moveit_task_constructor_core/share/moveit_task_constructor_core/package.xml
[0.739s] Invoked command in '/ros2_ws/build/moveit_task_constructor_core' returned '0': AMENT_PREFIX_PATH=/ros2_ws/install/moveit_planners:/ros2_ws/install/pilz_industrial_motion_planner:/ros2_ws/install/moveit_resources_prbt_pg70_support:/ros2_ws/install/moveit_ros_planning_interface:/ros2_ws/install/moveit_resources_prbt_moveit_config:/ros2_ws/install/moveit_ros_move_group:/ros2_ws/install/moveit_ros_warehouse:/ros2_ws/install/moveit_planners_ompl:/ros2_ws/install/moveit_kinematics:/ros2_ws/install/moveit_ros_planning:/ros2_ws/install/moveit_planners_chomp:/ros2_ws/install/pilz_industrial_motion_planner_testutils:/ros2_ws/install/moveit_simple_controller_manager:/ros2_ws/install/moveit_ros_occupancy_map_monitor:/ros2_ws/install/moveit_resources_prbt_ikfast_manipulator_plugin:/ros2_ws/install/chomp_motion_planner:/ros2_ws/install/moveit_core:/ros2_ws/install/rviz_marker_tools:/ros2_ws/install/moveit_resources_panda_moveit_config:/ros2_ws/install/moveit_resources_fanuc_moveit_config:/ros2_ws/install/moveit_configs_utils:/ros2_ws/install/srdfdom:/ros2_ws/install/moveit_task_constructor_msgs:/ros2_ws/install/moveit_resources_prbt_support:/ros2_ws/install/moveit_resources_pr2_description:/ros2_ws/install/moveit_resources_panda_description:/ros2_ws/install/moveit_resources_fanuc_description:/ros2_ws/install/moveit_common:/ros2_ws/install/launch_param_builder:${AMENT_PREFIX_PATH} CMAKE_PREFIX_PATH=/ros2_ws/install/moveit_planners:/ros2_ws/install/pilz_industrial_motion_planner:/ros2_ws/install/moveit_resources_prbt_pg70_support:/ros2_ws/install/moveit_ros_planning_interface:/ros2_ws/install/moveit_resources_prbt_moveit_config:/ros2_ws/install/moveit_ros_move_group:/ros2_ws/install/moveit_ros_warehouse:/ros2_ws/install/moveit_planners_ompl:/ros2_ws/install/moveit_kinematics:/ros2_ws/install/moveit_ros_planning:/ros2_ws/install/moveit_planners_chomp:/ros2_ws/install/pilz_industrial_motion_planner_testutils:/ros2_ws/install/moveit_simple_controller_manager:/ros2_ws/install/moveit_ros_occupancy_map_monitor:/ros2_ws/install/moveit_resources_prbt_ikfast_manipulator_plugin:/ros2_ws/install/chomp_motion_planner:/ros2_ws/install/moveit_core:/ros2_ws/install/rviz_marker_tools:/ros2_ws/install/moveit_resources_panda_moveit_config:/ros2_ws/install/moveit_resources_fanuc_moveit_config:/ros2_ws/install/srdfdom:/ros2_ws/install/moveit_task_constructor_msgs:/ros2_ws/install/moveit_resources_prbt_support:/ros2_ws/install/moveit_resources_pr2_description:/ros2_ws/install/moveit_resources_panda_description:/ros2_ws/install/moveit_resources_fanuc_description:/ros2_ws/install/moveit_common:/opt/ros/humble LD_LIBRARY_PATH=/ros2_ws/install/pilz_industrial_motion_planner/lib:/ros2_ws/install/moveit_ros_planning_interface/lib:/ros2_ws/install/moveit_ros_move_group/lib:/ros2_ws/install/moveit_ros_warehouse/lib:/ros2_ws/install/moveit_planners_ompl/lib:/ros2_ws/install/moveit_kinematics/lib:/ros2_ws/install/moveit_ros_planning/lib:/ros2_ws/install/moveit_planners_chomp/lib:/ros2_ws/install/pilz_industrial_motion_planner_testutils/lib:/ros2_ws/install/moveit_simple_controller_manager/lib:/ros2_ws/install/moveit_ros_occupancy_map_monitor/lib:/ros2_ws/install/moveit_resources_prbt_ikfast_manipulator_plugin/lib:/ros2_ws/install/chomp_motion_planner/lib:/ros2_ws/install/moveit_core/lib:/ros2_ws/install/rviz_marker_tools/lib:/ros2_ws/install/srdfdom/lib:/ros2_ws/install/moveit_task_constructor_msgs/lib:${LD_LIBRARY_PATH} PATH=/ros2_ws/install/moveit_core/bin:${PATH} PYTHONPATH=/ros2_ws/install/moveit_configs_utils/lib/python3.10/site-packages:/ros2_ws/install/srdfdom/local/lib/python3.10/dist-packages:/ros2_ws/install/moveit_task_constructor_msgs/local/lib/python3.10/dist-packages:/ros2_ws/install/launch_param_builder/lib/python3.10/site-packages:${PYTHONPATH} /usr/bin/cmake --install /ros2_ws/build/moveit_task_constructor_core
