[0.020s] Invoking command in '/ros2_ws/build/moveit_ros_perception': AMENT_PREFIX_PATH=/ros2_ws/install/moveit_ros_planning:/ros2_ws/install/moveit_ros_occupancy_map_monitor:/ros2_ws/install/moveit_core:/ros2_ws/install/moveit_resources_panda_moveit_config:/ros2_ws/install/moveit_configs_utils:/ros2_ws/install/srdfdom:/ros2_ws/install/moveit_resources_pr2_description:/ros2_ws/install/moveit_resources_panda_description:/ros2_ws/install/moveit_common:/ros2_ws/install/launch_param_builder:${AMENT_PREFIX_PATH} CMAKE_PREFIX_PATH=/ros2_ws/install/moveit_ros_planning:/ros2_ws/install/moveit_ros_occupancy_map_monitor:/ros2_ws/install/moveit_core:/ros2_ws/install/moveit_resources_panda_moveit_config:/ros2_ws/install/srdfdom:/ros2_ws/install/moveit_resources_pr2_description:/ros2_ws/install/moveit_resources_panda_description:/ros2_ws/install/moveit_common:/ros2_ws/install/ur:/ros2_ws/install/ur_calibration:/ros2_ws/install/ur_robot_driver:/ros2_ws/install/ur_bringup:/ros2_ws/install/ur_controllers:/ros2_ws/install/ur_msgs:/ros2_ws/install/ur_moveit_config:/ros2_ws/install/ur_dashboard_msgs:/opt/ros/humble LD_LIBRARY_PATH=/ros2_ws/install/moveit_ros_planning/lib:/ros2_ws/install/moveit_ros_occupancy_map_monitor/lib:/ros2_ws/install/moveit_core/lib:/ros2_ws/install/srdfdom/lib:${LD_LIBRARY_PATH} PATH=/ros2_ws/install/moveit_core/bin:${PATH} PYTHONPATH=/ros2_ws/install/moveit_configs_utils/lib/python3.10/site-packages:/ros2_ws/install/srdfdom/local/lib/python3.10/dist-packages:/ros2_ws/install/launch_param_builder/lib/python3.10/site-packages:${PYTHONPATH} /usr/bin/cmake /ros2_ws/src/moveit2/moveit_ros/perception -DCMAKE_INSTALL_PREFIX=/ros2_ws/install/moveit_ros_perception
[0.072s] -- The C compiler identification is GNU 11.4.0
[0.125s] -- The CXX compiler identification is GNU 11.4.0
[0.132s] -- Detecting C compiler ABI info
[0.196s] -- Detecting C compiler ABI info - done
[0.203s] -- Check for working C compiler: /usr/bin/cc - skipped
[0.203s] -- Detecting C compile features
[0.203s] -- Detecting C compile features - done
[0.206s] -- Detecting CXX compiler ABI info
[0.281s] -- Detecting CXX compiler ABI info - done
[0.289s] -- Check for working CXX compiler: /usr/bin/c++ - skipped
[0.289s] -- Detecting CXX compile features
[0.289s] -- Detecting CXX compile features - done
[0.291s] -- Found moveit_common: 2.5.7 (/ros2_ws/install/moveit_common/share/moveit_common/cmake)
[0.296s] -- Found ament_cmake: 1.3.11 (/opt/ros/humble/share/ament_cmake/cmake)
[0.445s] -- Found Python3: /usr/bin/python3 (found version "3.10.12") found components: Interpreter 
[0.619s] [0mmoveit_ros_perception: You did not request a specific build type: Choosing 'Release' for maximum performance[0m
[0.656s] -- Found OpenGL: /usr/lib/x86_64-linux-gnu/libOpenGL.so   
[0.717s] -- Found GLEW: /usr/include (found version "2.2.0") 
[0.722s] -- Found PkgConfig: /usr/bin/pkg-config (found version "0.29.2") 
[0.723s] -- Checking for module 'glut'
[0.726s] --   No package 'glut' found
[0.728s] -- Found GLUT: /usr/lib/x86_64-linux-gnu/libglut.so  
[0.733s] -- Found cv_bridge: 3.2.1 (/opt/ros/humble/share/cv_bridge/cmake)
[0.800s] -- Found rosidl_generator_c: 3.1.6 (/opt/ros/humble/share/rosidl_generator_c/cmake)
[0.810s] -- Found rosidl_adapter: 3.1.6 (/opt/ros/humble/share/rosidl_adapter/cmake)
[0.823s] -- Found rosidl_generator_cpp: 3.1.6 (/opt/ros/humble/share/rosidl_generator_cpp/cmake)
[0.842s] -- Using all available rosidl_typesupport_c: rosidl_typesupport_fastrtps_c;rosidl_typesupport_introspection_c
[0.868s] -- Using all available rosidl_typesupport_cpp: rosidl_typesupport_fastrtps_cpp;rosidl_typesupport_introspection_cpp
[0.946s] -- Found moveit_core: 2.5.7 (/ros2_ws/install/moveit_core/share/moveit_core/cmake)
[1.199s] -- Found Boost: /usr/lib/x86_64-linux-gnu/cmake/Boost-1.74.0/BoostConfig.cmake (found version "1.74.0") found components: chrono date_time filesystem iostreams program_options regex serialization system thread 
[1.261s] -- Found parameter_traits: 0.3.9 (/opt/ros/humble/share/parameter_traits/cmake)
[1.323s] -- Found rmw_implementation_cmake: 6.1.2 (/opt/ros/humble/share/rmw_implementation_cmake/cmake)
[1.328s] -- Found rmw_fastrtps_cpp: 6.2.7 (/opt/ros/humble/share/rmw_fastrtps_cpp/cmake)
[1.428s] -- Found OpenSSL: /usr/lib/x86_64-linux-gnu/libcrypto.so (found version "3.0.2")  
[1.455s] -- Found FastRTPS: /opt/ros/humble/include  
[1.505s] -- Using RMW implementation 'rmw_fastrtps_cpp' as default
[1.519s] -- Found Threads: TRUE  
[1.576s] -- Found Eigen3: TRUE (found version "3.4.0") 
[1.581s] -- Found rclcpp_lifecycle: 16.0.11 (/opt/ros/humble/share/rclcpp_lifecycle/cmake)
[1.611s] -- Found Boost: /usr/lib/x86_64-linux-gnu/cmake/Boost-1.74.0/BoostConfig.cmake (found version "1.74.0") found components: filesystem 
[1.715s] -- library: /usr/lib/x86_64-linux-gnu/libcurl.so
[1.773s] -- Ensuring Eigen3 include directory is part of orocos-kdl CMake target
[2.084s] -- Found image_transport: 3.1.10 (/opt/ros/humble/share/image_transport/cmake)
[2.092s] -- Found moveit_ros_occupancy_map_monitor: 2.5.7 (/ros2_ws/install/moveit_ros_occupancy_map_monitor/share/moveit_ros_occupancy_map_monitor/cmake)
[2.404s] -- Found OpenMP_C: -fopenmp (found version "4.5") 
[2.512s] -- Found OpenMP_CXX: -fopenmp (found version "4.5") 
[2.513s] -- Found OpenMP: TRUE (found version "4.5")  
[2.517s] -- Found OpenCV: /usr (found version "4.5.4") 
[2.521s] -- Found Boost: /usr/lib/x86_64-linux-gnu/cmake/Boost-1.74.0/BoostConfig.cmake (found version "1.74.0") found components: thread 
[2.547s] -- Performing Test COMPILER_HAS_HIDDEN_VISIBILITY
[2.650s] -- Performing Test COMPILER_HAS_HIDDEN_VISIBILITY - Success
[2.651s] -- Performing Test COMPILER_HAS_HIDDEN_INLINE_VISIBILITY
[2.751s] -- Performing Test COMPILER_HAS_HIDDEN_INLINE_VISIBILITY - Success
[2.751s] -- Performing Test COMPILER_HAS_DEPRECATED_ATTR
[2.854s] -- Performing Test COMPILER_HAS_DEPRECATED_ATTR - Success
[2.891s] -- Found ament_lint_auto: 0.12.11 (/opt/ros/humble/share/ament_lint_auto/cmake)
[2.926s] -- Added test 'cppcheck' to perform static code analysis on C / C++ code
[2.926s] -- Configured cppcheck include dirs: /ros2_ws/src/moveit2/moveit_ros/perception/depth_image_octomap_updater/include;/ros2_ws/src/moveit2/moveit_ros/perception/lazy_free_space_updater/include;/ros2_ws/src/moveit2/moveit_ros/perception/mesh_filter/include;/ros2_ws/src/moveit2/moveit_ros/perception/point_containment_filter/include;/ros2_ws/src/moveit2/moveit_ros/perception/pointcloud_octomap_updater/include;/ros2_ws/src/moveit2/moveit_ros/perception/semantic_world/include
[2.926s] -- Configured cppcheck exclude dirs and/or files: 
[2.928s] -- Added test 'lint_cmake' to check CMake code style
[2.930s] -- Added test 'xmllint' to check XML markup files
[2.933s] -- Configuring done
[3.101s] -- Generating done
[3.133s] -- Build files have been written to: /ros2_ws/build/moveit_ros_perception
[3.149s] Invoked command in '/ros2_ws/build/moveit_ros_perception' returned '0': AMENT_PREFIX_PATH=/ros2_ws/install/moveit_ros_planning:/ros2_ws/install/moveit_ros_occupancy_map_monitor:/ros2_ws/install/moveit_core:/ros2_ws/install/moveit_resources_panda_moveit_config:/ros2_ws/install/moveit_configs_utils:/ros2_ws/install/srdfdom:/ros2_ws/install/moveit_resources_pr2_description:/ros2_ws/install/moveit_resources_panda_description:/ros2_ws/install/moveit_common:/ros2_ws/install/launch_param_builder:${AMENT_PREFIX_PATH} CMAKE_PREFIX_PATH=/ros2_ws/install/moveit_ros_planning:/ros2_ws/install/moveit_ros_occupancy_map_monitor:/ros2_ws/install/moveit_core:/ros2_ws/install/moveit_resources_panda_moveit_config:/ros2_ws/install/srdfdom:/ros2_ws/install/moveit_resources_pr2_description:/ros2_ws/install/moveit_resources_panda_description:/ros2_ws/install/moveit_common:/ros2_ws/install/ur:/ros2_ws/install/ur_calibration:/ros2_ws/install/ur_robot_driver:/ros2_ws/install/ur_bringup:/ros2_ws/install/ur_controllers:/ros2_ws/install/ur_msgs:/ros2_ws/install/ur_moveit_config:/ros2_ws/install/ur_dashboard_msgs:/opt/ros/humble LD_LIBRARY_PATH=/ros2_ws/install/moveit_ros_planning/lib:/ros2_ws/install/moveit_ros_occupancy_map_monitor/lib:/ros2_ws/install/moveit_core/lib:/ros2_ws/install/srdfdom/lib:${LD_LIBRARY_PATH} PATH=/ros2_ws/install/moveit_core/bin:${PATH} PYTHONPATH=/ros2_ws/install/moveit_configs_utils/lib/python3.10/site-packages:/ros2_ws/install/srdfdom/local/lib/python3.10/dist-packages:/ros2_ws/install/launch_param_builder/lib/python3.10/site-packages:${PYTHONPATH} /usr/bin/cmake /ros2_ws/src/moveit2/moveit_ros/perception -DCMAKE_INSTALL_PREFIX=/ros2_ws/install/moveit_ros_perception
[3.151s] Invoking command in '/ros2_ws/build/moveit_ros_perception': AMENT_PREFIX_PATH=/ros2_ws/install/moveit_ros_planning:/ros2_ws/install/moveit_ros_occupancy_map_monitor:/ros2_ws/install/moveit_core:/ros2_ws/install/moveit_resources_panda_moveit_config:/ros2_ws/install/moveit_configs_utils:/ros2_ws/install/srdfdom:/ros2_ws/install/moveit_resources_pr2_description:/ros2_ws/install/moveit_resources_panda_description:/ros2_ws/install/moveit_common:/ros2_ws/install/launch_param_builder:${AMENT_PREFIX_PATH} CMAKE_PREFIX_PATH=/ros2_ws/install/moveit_ros_planning:/ros2_ws/install/moveit_ros_occupancy_map_monitor:/ros2_ws/install/moveit_core:/ros2_ws/install/moveit_resources_panda_moveit_config:/ros2_ws/install/srdfdom:/ros2_ws/install/moveit_resources_pr2_description:/ros2_ws/install/moveit_resources_panda_description:/ros2_ws/install/moveit_common:/ros2_ws/install/ur:/ros2_ws/install/ur_calibration:/ros2_ws/install/ur_robot_driver:/ros2_ws/install/ur_bringup:/ros2_ws/install/ur_controllers:/ros2_ws/install/ur_msgs:/ros2_ws/install/ur_moveit_config:/ros2_ws/install/ur_dashboard_msgs:/opt/ros/humble LD_LIBRARY_PATH=/ros2_ws/install/moveit_ros_planning/lib:/ros2_ws/install/moveit_ros_occupancy_map_monitor/lib:/ros2_ws/install/moveit_core/lib:/ros2_ws/install/srdfdom/lib:${LD_LIBRARY_PATH} PATH=/ros2_ws/install/moveit_core/bin:${PATH} PYTHONPATH=/ros2_ws/install/moveit_configs_utils/lib/python3.10/site-packages:/ros2_ws/install/srdfdom/local/lib/python3.10/dist-packages:/ros2_ws/install/launch_param_builder/lib/python3.10/site-packages:${PYTHONPATH} /usr/bin/cmake --build /ros2_ws/build/moveit_ros_perception
[3.204s] [  5%] [32mBuilding CXX object lazy_free_space_updater/CMakeFiles/moveit_lazy_free_space_updater.dir/src/lazy_free_space_updater.cpp.o[0m
[5.197s] [ 10%] [32m[1mLinking CXX shared library libmoveit_lazy_free_space_updater.so[0m
[5.388s] [ 10%] Built target moveit_lazy_free_space_updater
[5.409s] [ 15%] [32mBuilding CXX object semantic_world/CMakeFiles/moveit_semantic_world.dir/src/semantic_world.cpp.o[0m
[24.683s] [ 20%] [32m[1mLinking CXX shared library libmoveit_semantic_world.so[0m
[24.978s] [ 20%] Built target moveit_semantic_world
[24.999s] [ 25%] [32mBuilding CXX object mesh_filter/CMakeFiles/moveit_mesh_filter.dir/src/mesh_filter_base.cpp.o[0m
[28.613s] [ 30%] [32mBuilding CXX object mesh_filter/CMakeFiles/moveit_mesh_filter.dir/src/stereo_camera_model.cpp.o[0m
[29.741s] [ 35%] [32mBuilding CXX object mesh_filter/CMakeFiles/moveit_mesh_filter.dir/src/gl_renderer.cpp.o[0m
[30.842s] [ 40%] [32mBuilding CXX object mesh_filter/CMakeFiles/moveit_mesh_filter.dir/src/gl_mesh.cpp.o[0m
[32.181s] [ 45%] [32mBuilding CXX object mesh_filter/CMakeFiles/moveit_mesh_filter.dir/src/sensor_model.cpp.o[0m
[33.165s] [ 50%] [32m[1mLinking CXX shared library libmoveit_mesh_filter.so[0m
[33.400s] [ 50%] Built target moveit_mesh_filter
[33.420s] [ 55%] [32mBuilding CXX object point_containment_filter/CMakeFiles/moveit_point_containment_filter.dir/src/shape_mask.cpp.o[0m
[36.042s] [ 60%] [32m[1mLinking CXX shared library libmoveit_point_containment_filter.so[0m
[36.166s] [ 60%] Built target moveit_point_containment_filter
[36.187s] [ 65%] [32mBuilding CXX object depth_image_octomap_updater/CMakeFiles/moveit_depth_image_octomap_updater_core.dir/src/depth_image_octomap_updater.cpp.o[0m
[42.752s] [ 70%] [32m[1mLinking CXX shared library libmoveit_depth_image_octomap_updater_core.so[0m
[42.939s] [ 70%] Built target moveit_depth_image_octomap_updater_core
[42.960s] [ 75%] [32mBuilding CXX object pointcloud_octomap_updater/CMakeFiles/moveit_pointcloud_octomap_updater_core.dir/src/pointcloud_octomap_updater.cpp.o[0m
[56.267s] [ 80%] [32m[1mLinking CXX shared library libmoveit_pointcloud_octomap_updater_core.so[0m
[56.519s] [ 80%] Built target moveit_pointcloud_octomap_updater_core
[56.540s] [ 85%] [32mBuilding CXX object depth_image_octomap_updater/CMakeFiles/moveit_depth_image_octomap_updater.dir/src/updater_plugin.cpp.o[0m
[60.471s] [ 90%] [32m[1mLinking CXX shared library libmoveit_depth_image_octomap_updater.so[0m
[60.626s] [ 90%] Built target moveit_depth_image_octomap_updater
[60.646s] [ 95%] [32mBuilding CXX object pointcloud_octomap_updater/CMakeFiles/moveit_pointcloud_octomap_updater.dir/src/plugin_init.cpp.o[0m
[65.168s] [100%] [32m[1mLinking CXX shared library libmoveit_pointcloud_octomap_updater.so[0m
[65.333s] [100%] Built target moveit_pointcloud_octomap_updater
[65.344s] Invoked command in '/ros2_ws/build/moveit_ros_perception' returned '0': AMENT_PREFIX_PATH=/ros2_ws/install/moveit_ros_planning:/ros2_ws/install/moveit_ros_occupancy_map_monitor:/ros2_ws/install/moveit_core:/ros2_ws/install/moveit_resources_panda_moveit_config:/ros2_ws/install/moveit_configs_utils:/ros2_ws/install/srdfdom:/ros2_ws/install/moveit_resources_pr2_description:/ros2_ws/install/moveit_resources_panda_description:/ros2_ws/install/moveit_common:/ros2_ws/install/launch_param_builder:${AMENT_PREFIX_PATH} CMAKE_PREFIX_PATH=/ros2_ws/install/moveit_ros_planning:/ros2_ws/install/moveit_ros_occupancy_map_monitor:/ros2_ws/install/moveit_core:/ros2_ws/install/moveit_resources_panda_moveit_config:/ros2_ws/install/srdfdom:/ros2_ws/install/moveit_resources_pr2_description:/ros2_ws/install/moveit_resources_panda_description:/ros2_ws/install/moveit_common:/ros2_ws/install/ur:/ros2_ws/install/ur_calibration:/ros2_ws/install/ur_robot_driver:/ros2_ws/install/ur_bringup:/ros2_ws/install/ur_controllers:/ros2_ws/install/ur_msgs:/ros2_ws/install/ur_moveit_config:/ros2_ws/install/ur_dashboard_msgs:/opt/ros/humble LD_LIBRARY_PATH=/ros2_ws/install/moveit_ros_planning/lib:/ros2_ws/install/moveit_ros_occupancy_map_monitor/lib:/ros2_ws/install/moveit_core/lib:/ros2_ws/install/srdfdom/lib:${LD_LIBRARY_PATH} PATH=/ros2_ws/install/moveit_core/bin:${PATH} PYTHONPATH=/ros2_ws/install/moveit_configs_utils/lib/python3.10/site-packages:/ros2_ws/install/srdfdom/local/lib/python3.10/dist-packages:/ros2_ws/install/launch_param_builder/lib/python3.10/site-packages:${PYTHONPATH} /usr/bin/cmake --build /ros2_ws/build/moveit_ros_perception
[65.345s] Invoking command in '/ros2_ws/build/moveit_ros_perception': AMENT_PREFIX_PATH=/ros2_ws/install/moveit_ros_planning:/ros2_ws/install/moveit_ros_occupancy_map_monitor:/ros2_ws/install/moveit_core:/ros2_ws/install/moveit_resources_panda_moveit_config:/ros2_ws/install/moveit_configs_utils:/ros2_ws/install/srdfdom:/ros2_ws/install/moveit_resources_pr2_description:/ros2_ws/install/moveit_resources_panda_description:/ros2_ws/install/moveit_common:/ros2_ws/install/launch_param_builder:${AMENT_PREFIX_PATH} CMAKE_PREFIX_PATH=/ros2_ws/install/moveit_ros_planning:/ros2_ws/install/moveit_ros_occupancy_map_monitor:/ros2_ws/install/moveit_core:/ros2_ws/install/moveit_resources_panda_moveit_config:/ros2_ws/install/srdfdom:/ros2_ws/install/moveit_resources_pr2_description:/ros2_ws/install/moveit_resources_panda_description:/ros2_ws/install/moveit_common:/ros2_ws/install/ur:/ros2_ws/install/ur_calibration:/ros2_ws/install/ur_robot_driver:/ros2_ws/install/ur_bringup:/ros2_ws/install/ur_controllers:/ros2_ws/install/ur_msgs:/ros2_ws/install/ur_moveit_config:/ros2_ws/install/ur_dashboard_msgs:/opt/ros/humble LD_LIBRARY_PATH=/ros2_ws/install/moveit_ros_planning/lib:/ros2_ws/install/moveit_ros_occupancy_map_monitor/lib:/ros2_ws/install/moveit_core/lib:/ros2_ws/install/srdfdom/lib:${LD_LIBRARY_PATH} PATH=/ros2_ws/install/moveit_core/bin:${PATH} PYTHONPATH=/ros2_ws/install/moveit_configs_utils/lib/python3.10/site-packages:/ros2_ws/install/srdfdom/local/lib/python3.10/dist-packages:/ros2_ws/install/launch_param_builder/lib/python3.10/site-packages:${PYTHONPATH} /usr/bin/cmake --install /ros2_ws/build/moveit_ros_perception
[65.352s] -- Install configuration: "Release"
[65.352s] -- Installing: /ros2_ws/install/moveit_ros_perception/include
[65.352s] -- Installing: /ros2_ws/install/moveit_ros_perception/include/moveit
[65.352s] -- Installing: /ros2_ws/install/moveit_ros_perception/include/moveit/lazy_free_space_updater
[65.352s] -- Installing: /ros2_ws/install/moveit_ros_perception/include/moveit/lazy_free_space_updater/lazy_free_space_updater.h
[65.352s] -- Up-to-date: /ros2_ws/install/moveit_ros_perception/include
[65.353s] -- Up-to-date: /ros2_ws/install/moveit_ros_perception/include/moveit
[65.353s] -- Installing: /ros2_ws/install/moveit_ros_perception/include/moveit/point_containment_filter
[65.353s] -- Installing: /ros2_ws/install/moveit_ros_perception/include/moveit/point_containment_filter/shape_mask.h
[65.353s] -- Up-to-date: /ros2_ws/install/moveit_ros_perception/include
[65.353s] -- Up-to-date: /ros2_ws/install/moveit_ros_perception/include/moveit
[65.353s] -- Installing: /ros2_ws/install/moveit_ros_perception/include/moveit/pointcloud_octomap_updater
[65.353s] -- Installing: /ros2_ws/install/moveit_ros_perception/include/moveit/pointcloud_octomap_updater/pointcloud_octomap_updater.h
[65.353s] -- Up-to-date: /ros2_ws/install/moveit_ros_perception/include
[65.353s] -- Up-to-date: /ros2_ws/install/moveit_ros_perception/include/moveit
[65.353s] -- Installing: /ros2_ws/install/moveit_ros_perception/include/moveit/mesh_filter
[65.353s] -- Installing: /ros2_ws/install/moveit_ros_perception/include/moveit/mesh_filter/mesh_filter.h
[65.353s] -- Installing: /ros2_ws/install/moveit_ros_perception/include/moveit/mesh_filter/gl_renderer.h
[65.353s] -- Installing: /ros2_ws/install/moveit_ros_perception/include/moveit/mesh_filter/sensor_model.h
[65.353s] -- Installing: /ros2_ws/install/moveit_ros_perception/include/moveit/mesh_filter/depth_self_filter_nodelet.h
[65.354s] -- Installing: /ros2_ws/install/moveit_ros_perception/include/moveit/mesh_filter/gl_mesh.h
[65.354s] -- Installing: /ros2_ws/install/moveit_ros_perception/include/moveit/mesh_filter/transform_provider.h
[65.354s] -- Installing: /ros2_ws/install/moveit_ros_perception/include/moveit/mesh_filter/stereo_camera_model.h
[65.354s] -- Installing: /ros2_ws/install/moveit_ros_perception/include/moveit/mesh_filter/mesh_filter_base.h
[65.354s] -- Installing: /ros2_ws/install/moveit_ros_perception/include/moveit/mesh_filter/filter_job.h
[65.354s] -- Installing: /ros2_ws/install/moveit_ros_perception/include/moveit_mesh_filter_export.h
[65.354s] -- Up-to-date: /ros2_ws/install/moveit_ros_perception/include
[65.354s] -- Up-to-date: /ros2_ws/install/moveit_ros_perception/include/moveit
[65.354s] -- Installing: /ros2_ws/install/moveit_ros_perception/include/moveit/depth_image_octomap_updater
[65.354s] -- Installing: /ros2_ws/install/moveit_ros_perception/include/moveit/depth_image_octomap_updater/depth_image_octomap_updater.h
[65.355s] -- Up-to-date: /ros2_ws/install/moveit_ros_perception/include
[65.355s] -- Up-to-date: /ros2_ws/install/moveit_ros_perception/include/moveit
[65.355s] -- Installing: /ros2_ws/install/moveit_ros_perception/include/moveit/semantic_world
[65.355s] -- Installing: /ros2_ws/install/moveit_ros_perception/include/moveit/semantic_world/semantic_world.h
[65.355s] -- Installing: /ros2_ws/install/moveit_ros_perception/lib/libmoveit_depth_image_octomap_updater.so.2.5.7
[65.355s] -- Set runtime path of "/ros2_ws/install/moveit_ros_perception/lib/libmoveit_depth_image_octomap_updater.so.2.5.7" to ""
[65.355s] -- Installing: /ros2_ws/install/moveit_ros_perception/lib/libmoveit_depth_image_octomap_updater.so
[65.355s] -- Installing: /ros2_ws/install/moveit_ros_perception/lib/libmoveit_depth_image_octomap_updater_core.so.2.5.7
[65.356s] -- Set runtime path of "/ros2_ws/install/moveit_ros_perception/lib/libmoveit_depth_image_octomap_updater_core.so.2.5.7" to ""
[65.356s] -- Installing: /ros2_ws/install/moveit_ros_perception/lib/libmoveit_depth_image_octomap_updater_core.so
[65.356s] -- Installing: /ros2_ws/install/moveit_ros_perception/lib/libmoveit_lazy_free_space_updater.so.2.5.7
[65.357s] -- Set runtime path of "/ros2_ws/install/moveit_ros_perception/lib/libmoveit_lazy_free_space_updater.so.2.5.7" to ""
[65.357s] -- Installing: /ros2_ws/install/moveit_ros_perception/lib/libmoveit_lazy_free_space_updater.so
[65.357s] -- Installing: /ros2_ws/install/moveit_ros_perception/lib/libmoveit_mesh_filter.so.2.5.7
[65.357s] -- Set runtime path of "/ros2_ws/install/moveit_ros_perception/lib/libmoveit_mesh_filter.so.2.5.7" to ""
[65.357s] -- Installing: /ros2_ws/install/moveit_ros_perception/lib/libmoveit_mesh_filter.so
[65.357s] -- Installing: /ros2_ws/install/moveit_ros_perception/lib/libmoveit_point_containment_filter.so.2.5.7
[65.358s] -- Set runtime path of "/ros2_ws/install/moveit_ros_perception/lib/libmoveit_point_containment_filter.so.2.5.7" to ""
[65.358s] -- Installing: /ros2_ws/install/moveit_ros_perception/lib/libmoveit_point_containment_filter.so
[65.358s] -- Installing: /ros2_ws/install/moveit_ros_perception/lib/libmoveit_pointcloud_octomap_updater.so.2.5.7
[65.358s] -- Set runtime path of "/ros2_ws/install/moveit_ros_perception/lib/libmoveit_pointcloud_octomap_updater.so.2.5.7" to ""
[65.358s] -- Installing: /ros2_ws/install/moveit_ros_perception/lib/libmoveit_pointcloud_octomap_updater.so
[65.358s] -- Installing: /ros2_ws/install/moveit_ros_perception/lib/libmoveit_pointcloud_octomap_updater_core.so.2.5.7
[65.359s] -- Set runtime path of "/ros2_ws/install/moveit_ros_perception/lib/libmoveit_pointcloud_octomap_updater_core.so.2.5.7" to ""
[65.360s] -- Installing: /ros2_ws/install/moveit_ros_perception/lib/libmoveit_pointcloud_octomap_updater_core.so
[65.360s] -- Installing: /ros2_ws/install/moveit_ros_perception/lib/libmoveit_semantic_world.so.2.5.7
[65.361s] -- Set runtime path of "/ros2_ws/install/moveit_ros_perception/lib/libmoveit_semantic_world.so.2.5.7" to ""
[65.361s] -- Installing: /ros2_ws/install/moveit_ros_perception/lib/libmoveit_semantic_world.so
[65.361s] -- Installing: /ros2_ws/install/moveit_ros_perception/share/moveit_ros_perception/environment/library_path.sh
[65.361s] -- Installing: /ros2_ws/install/moveit_ros_perception/share/moveit_ros_perception/environment/library_path.dsv
[65.361s] -- Installing: /ros2_ws/install/moveit_ros_perception/share/moveit_ros_perception/pointcloud_octomap_updater_plugin_description.xml
[65.361s] -- Installing: /ros2_ws/install/moveit_ros_perception/share/moveit_ros_perception/depth_image_octomap_updater_plugin_description.xml
[65.361s] -- Installing: /ros2_ws/install/moveit_ros_perception/share/ament_index/resource_index/package_run_dependencies/moveit_ros_perception
[65.362s] -- Installing: /ros2_ws/install/moveit_ros_perception/share/ament_index/resource_index/parent_prefix_path/moveit_ros_perception
[65.362s] -- Installing: /ros2_ws/install/moveit_ros_perception/share/moveit_ros_perception/environment/ament_prefix_path.sh
[65.362s] -- Installing: /ros2_ws/install/moveit_ros_perception/share/moveit_ros_perception/environment/ament_prefix_path.dsv
[65.362s] -- Installing: /ros2_ws/install/moveit_ros_perception/share/moveit_ros_perception/environment/path.sh
[65.362s] -- Installing: /ros2_ws/install/moveit_ros_perception/share/moveit_ros_perception/environment/path.dsv
[65.362s] -- Installing: /ros2_ws/install/moveit_ros_perception/share/moveit_ros_perception/local_setup.bash
[65.362s] -- Installing: /ros2_ws/install/moveit_ros_perception/share/moveit_ros_perception/local_setup.sh
[65.363s] -- Installing: /ros2_ws/install/moveit_ros_perception/share/moveit_ros_perception/local_setup.zsh
[65.363s] -- Installing: /ros2_ws/install/moveit_ros_perception/share/moveit_ros_perception/local_setup.dsv
[65.363s] -- Installing: /ros2_ws/install/moveit_ros_perception/share/moveit_ros_perception/package.dsv
[65.363s] -- Installing: /ros2_ws/install/moveit_ros_perception/share/ament_index/resource_index/packages/moveit_ros_perception
[65.363s] -- Installing: /ros2_ws/install/moveit_ros_perception/share/ament_index/resource_index/moveit_ros_occupancy_map_monitor__pluginlib__plugin/moveit_ros_perception
[65.363s] -- Installing: /ros2_ws/install/moveit_ros_perception/share/moveit_ros_perception/cmake/export_moveit_ros_perceptionExport.cmake
[65.363s] -- Installing: /ros2_ws/install/moveit_ros_perception/share/moveit_ros_perception/cmake/export_moveit_ros_perceptionExport-release.cmake
[65.364s] -- Installing: /ros2_ws/install/moveit_ros_perception/share/moveit_ros_perception/cmake/ConfigExtras.cmake
[65.364s] -- Installing: /ros2_ws/install/moveit_ros_perception/share/moveit_ros_perception/cmake/ament_cmake_export_targets-extras.cmake
[65.364s] -- Installing: /ros2_ws/install/moveit_ros_perception/share/moveit_ros_perception/cmake/ament_cmake_export_dependencies-extras.cmake
[65.364s] -- Installing: /ros2_ws/install/moveit_ros_perception/share/moveit_ros_perception/cmake/moveit_ros_perceptionConfig.cmake
[65.364s] -- Installing: /ros2_ws/install/moveit_ros_perception/share/moveit_ros_perception/cmake/moveit_ros_perceptionConfig-version.cmake
[65.364s] -- Installing: /ros2_ws/install/moveit_ros_perception/share/moveit_ros_perception/package.xml
[65.366s] Invoked command in '/ros2_ws/build/moveit_ros_perception' returned '0': AMENT_PREFIX_PATH=/ros2_ws/install/moveit_ros_planning:/ros2_ws/install/moveit_ros_occupancy_map_monitor:/ros2_ws/install/moveit_core:/ros2_ws/install/moveit_resources_panda_moveit_config:/ros2_ws/install/moveit_configs_utils:/ros2_ws/install/srdfdom:/ros2_ws/install/moveit_resources_pr2_description:/ros2_ws/install/moveit_resources_panda_description:/ros2_ws/install/moveit_common:/ros2_ws/install/launch_param_builder:${AMENT_PREFIX_PATH} CMAKE_PREFIX_PATH=/ros2_ws/install/moveit_ros_planning:/ros2_ws/install/moveit_ros_occupancy_map_monitor:/ros2_ws/install/moveit_core:/ros2_ws/install/moveit_resources_panda_moveit_config:/ros2_ws/install/srdfdom:/ros2_ws/install/moveit_resources_pr2_description:/ros2_ws/install/moveit_resources_panda_description:/ros2_ws/install/moveit_common:/ros2_ws/install/ur:/ros2_ws/install/ur_calibration:/ros2_ws/install/ur_robot_driver:/ros2_ws/install/ur_bringup:/ros2_ws/install/ur_controllers:/ros2_ws/install/ur_msgs:/ros2_ws/install/ur_moveit_config:/ros2_ws/install/ur_dashboard_msgs:/opt/ros/humble LD_LIBRARY_PATH=/ros2_ws/install/moveit_ros_planning/lib:/ros2_ws/install/moveit_ros_occupancy_map_monitor/lib:/ros2_ws/install/moveit_core/lib:/ros2_ws/install/srdfdom/lib:${LD_LIBRARY_PATH} PATH=/ros2_ws/install/moveit_core/bin:${PATH} PYTHONPATH=/ros2_ws/install/moveit_configs_utils/lib/python3.10/site-packages:/ros2_ws/install/srdfdom/local/lib/python3.10/dist-packages:/ros2_ws/install/launch_param_builder/lib/python3.10/site-packages:${PYTHONPATH} /usr/bin/cmake --install /ros2_ws/build/moveit_ros_perception
