[0.071s] Invoking command in '/ros2_ws/build/ur_calibration': AMENT_PREFIX_PATH=/ros2_ws/install/ur_robot_driver:/ros2_ws/install/ur_controllers:/ros2_ws/install/ur_msgs:/ros2_ws/install/ur_dashboard_msgs:${AMENT_PREFIX_PATH} CMAKE_PREFIX_PATH=/ros2_ws/install/ur_robot_driver:/ros2_ws/install/ur_controllers:/ros2_ws/install/ur_msgs:/ros2_ws/install/ur_dashboard_msgs:/opt/ros/humble LD_LIBRARY_PATH=/ros2_ws/install/ur_robot_driver/lib:/ros2_ws/install/ur_controllers/lib:/ros2_ws/install/ur_msgs/lib:/ros2_ws/install/ur_dashboard_msgs/lib:${LD_LIBRARY_PATH} PATH=/ros2_ws/install/ur_robot_driver/bin:${PATH} PYTHONPATH=/ros2_ws/install/ur_robot_driver/local/lib/python3.10/dist-packages:/ros2_ws/install/ur_msgs/local/lib/python3.10/dist-packages:/ros2_ws/install/ur_dashboard_msgs/local/lib/python3.10/dist-packages:${PYTHONPATH} /usr/bin/cmake --build /ros2_ws/build/ur_calibration -- -j8 -l8
[0.322s] [ 16%] Built target gmock_main
[0.328s] [ 41%] Built target gmock
[0.353s] [ 66%] Built target calibration
[0.491s] [ 83%] Built target calibration_correction
[0.494s] [100%] Built target calibration_test
[0.541s] Invoked command in '/ros2_ws/build/ur_calibration' returned '0': AMENT_PREFIX_PATH=/ros2_ws/install/ur_robot_driver:/ros2_ws/install/ur_controllers:/ros2_ws/install/ur_msgs:/ros2_ws/install/ur_dashboard_msgs:${AMENT_PREFIX_PATH} CMAKE_PREFIX_PATH=/ros2_ws/install/ur_robot_driver:/ros2_ws/install/ur_controllers:/ros2_ws/install/ur_msgs:/ros2_ws/install/ur_dashboard_msgs:/opt/ros/humble LD_LIBRARY_PATH=/ros2_ws/install/ur_robot_driver/lib:/ros2_ws/install/ur_controllers/lib:/ros2_ws/install/ur_msgs/lib:/ros2_ws/install/ur_dashboard_msgs/lib:${LD_LIBRARY_PATH} PATH=/ros2_ws/install/ur_robot_driver/bin:${PATH} PYTHONPATH=/ros2_ws/install/ur_robot_driver/local/lib/python3.10/dist-packages:/ros2_ws/install/ur_msgs/local/lib/python3.10/dist-packages:/ros2_ws/install/ur_dashboard_msgs/local/lib/python3.10/dist-packages:${PYTHONPATH} /usr/bin/cmake --build /ros2_ws/build/ur_calibration -- -j8 -l8
[0.549s] Invoking command in '/ros2_ws/build/ur_calibration': AMENT_PREFIX_PATH=/ros2_ws/install/ur_robot_driver:/ros2_ws/install/ur_controllers:/ros2_ws/install/ur_msgs:/ros2_ws/install/ur_dashboard_msgs:${AMENT_PREFIX_PATH} CMAKE_PREFIX_PATH=/ros2_ws/install/ur_robot_driver:/ros2_ws/install/ur_controllers:/ros2_ws/install/ur_msgs:/ros2_ws/install/ur_dashboard_msgs:/opt/ros/humble LD_LIBRARY_PATH=/ros2_ws/install/ur_robot_driver/lib:/ros2_ws/install/ur_controllers/lib:/ros2_ws/install/ur_msgs/lib:/ros2_ws/install/ur_dashboard_msgs/lib:${LD_LIBRARY_PATH} PATH=/ros2_ws/install/ur_robot_driver/bin:${PATH} PYTHONPATH=/ros2_ws/install/ur_robot_driver/local/lib/python3.10/dist-packages:/ros2_ws/install/ur_msgs/local/lib/python3.10/dist-packages:/ros2_ws/install/ur_dashboard_msgs/local/lib/python3.10/dist-packages:${PYTHONPATH} /usr/bin/cmake --install /ros2_ws/build/ur_calibration
[0.584s] -- Install configuration: "Release"
[0.586s] -- Up-to-date: /ros2_ws/install/ur_calibration/lib/ur_calibration/calibration_correction
[0.587s] -- Up-to-date: /ros2_ws/install/ur_calibration/include
[0.588s] -- Up-to-date: /ros2_ws/install/ur_calibration/include/ur_calibration
[0.589s] -- Up-to-date: /ros2_ws/install/ur_calibration/include/ur_calibration/calibration_consumer.hpp
[0.590s] -- Up-to-date: /ros2_ws/install/ur_calibration/include/ur_calibration/calibration.hpp
[0.591s] -- Up-to-date: /ros2_ws/install/ur_calibration/share/ur_calibration/launch
[0.592s] -- Up-to-date: /ros2_ws/install/ur_calibration/share/ur_calibration/launch/calibration_correction.launch.py
[0.592s] -- Up-to-date: /ros2_ws/install/ur_calibration/share/ament_index/resource_index/package_run_dependencies/ur_calibration
[0.593s] -- Up-to-date: /ros2_ws/install/ur_calibration/share/ament_index/resource_index/parent_prefix_path/ur_calibration
[0.594s] -- Up-to-date: /ros2_ws/install/ur_calibration/share/ur_calibration/environment/ament_prefix_path.sh
[0.594s] -- Up-to-date: /ros2_ws/install/ur_calibration/share/ur_calibration/environment/ament_prefix_path.dsv
[0.595s] -- Up-to-date: /ros2_ws/install/ur_calibration/share/ur_calibration/environment/path.sh
[0.595s] -- Up-to-date: /ros2_ws/install/ur_calibration/share/ur_calibration/environment/path.dsv
[0.596s] -- Up-to-date: /ros2_ws/install/ur_calibration/share/ur_calibration/local_setup.bash
[0.596s] -- Up-to-date: /ros2_ws/install/ur_calibration/share/ur_calibration/local_setup.sh
[0.597s] -- Up-to-date: /ros2_ws/install/ur_calibration/share/ur_calibration/local_setup.zsh
[0.597s] -- Up-to-date: /ros2_ws/install/ur_calibration/share/ur_calibration/local_setup.dsv
[0.597s] -- Installing: /ros2_ws/install/ur_calibration/share/ur_calibration/package.dsv
[0.598s] -- Up-to-date: /ros2_ws/install/ur_calibration/share/ament_index/resource_index/packages/ur_calibration
[0.598s] -- Up-to-date: /ros2_ws/install/ur_calibration/share/ur_calibration/cmake/ament_cmake_export_include_directories-extras.cmake
[0.599s] -- Up-to-date: /ros2_ws/install/ur_calibration/share/ur_calibration/cmake/ament_cmake_export_dependencies-extras.cmake
[0.600s] -- Up-to-date: /ros2_ws/install/ur_calibration/share/ur_calibration/cmake/ur_calibrationConfig.cmake
[0.601s] -- Up-to-date: /ros2_ws/install/ur_calibration/share/ur_calibration/cmake/ur_calibrationConfig-version.cmake
[0.602s] -- Up-to-date: /ros2_ws/install/ur_calibration/share/ur_calibration/package.xml
[0.604s] Invoked command in '/ros2_ws/build/ur_calibration' returned '0': AMENT_PREFIX_PATH=/ros2_ws/install/ur_robot_driver:/ros2_ws/install/ur_controllers:/ros2_ws/install/ur_msgs:/ros2_ws/install/ur_dashboard_msgs:${AMENT_PREFIX_PATH} CMAKE_PREFIX_PATH=/ros2_ws/install/ur_robot_driver:/ros2_ws/install/ur_controllers:/ros2_ws/install/ur_msgs:/ros2_ws/install/ur_dashboard_msgs:/opt/ros/humble LD_LIBRARY_PATH=/ros2_ws/install/ur_robot_driver/lib:/ros2_ws/install/ur_controllers/lib:/ros2_ws/install/ur_msgs/lib:/ros2_ws/install/ur_dashboard_msgs/lib:${LD_LIBRARY_PATH} PATH=/ros2_ws/install/ur_robot_driver/bin:${PATH} PYTHONPATH=/ros2_ws/install/ur_robot_driver/local/lib/python3.10/dist-packages:/ros2_ws/install/ur_msgs/local/lib/python3.10/dist-packages:/ros2_ws/install/ur_dashboard_msgs/local/lib/python3.10/dist-packages:${PYTHONPATH} /usr/bin/cmake --install /ros2_ws/build/ur_calibration
