[0.043s] Invoking command in '/ros2_ws/build/moveit_servo': AMENT_PREFIX_PATH=/ros2_ws/install/moveit_ros_planning_interface:/ros2_ws/install/moveit_ros_move_group:/ros2_ws/install/moveit_ros_warehouse:/ros2_ws/install/moveit_planners_ompl:/ros2_ws/install/moveit_kinematics:/ros2_ws/install/moveit_ros_planning:/ros2_ws/install/moveit_simple_controller_manager:/ros2_ws/install/moveit_ros_occupancy_map_monitor:/ros2_ws/install/moveit_core:/ros2_ws/install/moveit_resources_panda_moveit_config:/ros2_ws/install/moveit_resources_fanuc_moveit_config:/ros2_ws/install/moveit_configs_utils:/ros2_ws/install/srdfdom:/ros2_ws/install/moveit_resources_pr2_description:/ros2_ws/install/moveit_resources_panda_description:/ros2_ws/install/moveit_resources_fanuc_description:/ros2_ws/install/moveit_common:/ros2_ws/install/launch_param_builder:${AMENT_PREFIX_PATH} CMAKE_PREFIX_PATH=/ros2_ws/install/moveit_ros_planning_interface:/ros2_ws/install/moveit_ros_move_group:/ros2_ws/install/moveit_ros_warehouse:/ros2_ws/install/moveit_planners_ompl:/ros2_ws/install/moveit_kinematics:/ros2_ws/install/moveit_ros_planning:/ros2_ws/install/moveit_simple_controller_manager:/ros2_ws/install/moveit_ros_occupancy_map_monitor:/ros2_ws/install/moveit_core:/ros2_ws/install/moveit_resources_panda_moveit_config:/ros2_ws/install/moveit_resources_fanuc_moveit_config:/ros2_ws/install/srdfdom:/ros2_ws/install/moveit_resources_pr2_description:/ros2_ws/install/moveit_resources_panda_description:/ros2_ws/install/moveit_resources_fanuc_description:/ros2_ws/install/moveit_common:/opt/ros/humble LD_LIBRARY_PATH=/ros2_ws/install/moveit_ros_planning_interface/lib:/ros2_ws/install/moveit_ros_move_group/lib:/ros2_ws/install/moveit_ros_warehouse/lib:/ros2_ws/install/moveit_planners_ompl/lib:/ros2_ws/install/moveit_kinematics/lib:/ros2_ws/install/moveit_ros_planning/lib:/ros2_ws/install/moveit_simple_controller_manager/lib:/ros2_ws/install/moveit_ros_occupancy_map_monitor/lib:/ros2_ws/install/moveit_core/lib:/ros2_ws/install/srdfdom/lib:${LD_LIBRARY_PATH} PATH=/ros2_ws/install/moveit_core/bin:${PATH} PYTHONPATH=/ros2_ws/install/moveit_configs_utils/lib/python3.10/site-packages:/ros2_ws/install/srdfdom/local/lib/python3.10/dist-packages:/ros2_ws/install/launch_param_builder/lib/python3.10/site-packages:${PYTHONPATH} /usr/bin/cmake --build /ros2_ws/build/moveit_servo -- -j8 -l8
[0.147s] [  6%] Built target gtest_main
[0.157s] [ 12%] Built target fake_command_publisher
[0.165s] [ 18%] Built target gtest
[0.185s] [ 24%] Built target servo_controller_input
[0.192s] [ 33%] Built target moveit_servo_lib_parameters
[0.322s] [ 39%] Built target test_servo_integration
[0.323s] [ 45%] Built target test_servo_collision
[0.352s] [ 63%] Built target moveit_servo_lib
[0.461s] [ 69%] Built target pose_tracking
[0.463s] [ 75%] Built target servo_calcs_unit_tests
[0.483s] [ 81%] Built target servo_node
[0.568s] [ 87%] Built target servo_pose_tracking_demo
[0.585s] [ 93%] Built target test_servo_pose_tracking
[0.588s] [100%] Built target servo_node_main
[0.609s] Invoked command in '/ros2_ws/build/moveit_servo' returned '0': AMENT_PREFIX_PATH=/ros2_ws/install/moveit_ros_planning_interface:/ros2_ws/install/moveit_ros_move_group:/ros2_ws/install/moveit_ros_warehouse:/ros2_ws/install/moveit_planners_ompl:/ros2_ws/install/moveit_kinematics:/ros2_ws/install/moveit_ros_planning:/ros2_ws/install/moveit_simple_controller_manager:/ros2_ws/install/moveit_ros_occupancy_map_monitor:/ros2_ws/install/moveit_core:/ros2_ws/install/moveit_resources_panda_moveit_config:/ros2_ws/install/moveit_resources_fanuc_moveit_config:/ros2_ws/install/moveit_configs_utils:/ros2_ws/install/srdfdom:/ros2_ws/install/moveit_resources_pr2_description:/ros2_ws/install/moveit_resources_panda_description:/ros2_ws/install/moveit_resources_fanuc_description:/ros2_ws/install/moveit_common:/ros2_ws/install/launch_param_builder:${AMENT_PREFIX_PATH} CMAKE_PREFIX_PATH=/ros2_ws/install/moveit_ros_planning_interface:/ros2_ws/install/moveit_ros_move_group:/ros2_ws/install/moveit_ros_warehouse:/ros2_ws/install/moveit_planners_ompl:/ros2_ws/install/moveit_kinematics:/ros2_ws/install/moveit_ros_planning:/ros2_ws/install/moveit_simple_controller_manager:/ros2_ws/install/moveit_ros_occupancy_map_monitor:/ros2_ws/install/moveit_core:/ros2_ws/install/moveit_resources_panda_moveit_config:/ros2_ws/install/moveit_resources_fanuc_moveit_config:/ros2_ws/install/srdfdom:/ros2_ws/install/moveit_resources_pr2_description:/ros2_ws/install/moveit_resources_panda_description:/ros2_ws/install/moveit_resources_fanuc_description:/ros2_ws/install/moveit_common:/opt/ros/humble LD_LIBRARY_PATH=/ros2_ws/install/moveit_ros_planning_interface/lib:/ros2_ws/install/moveit_ros_move_group/lib:/ros2_ws/install/moveit_ros_warehouse/lib:/ros2_ws/install/moveit_planners_ompl/lib:/ros2_ws/install/moveit_kinematics/lib:/ros2_ws/install/moveit_ros_planning/lib:/ros2_ws/install/moveit_simple_controller_manager/lib:/ros2_ws/install/moveit_ros_occupancy_map_monitor/lib:/ros2_ws/install/moveit_core/lib:/ros2_ws/install/srdfdom/lib:${LD_LIBRARY_PATH} PATH=/ros2_ws/install/moveit_core/bin:${PATH} PYTHONPATH=/ros2_ws/install/moveit_configs_utils/lib/python3.10/site-packages:/ros2_ws/install/srdfdom/local/lib/python3.10/dist-packages:/ros2_ws/install/launch_param_builder/lib/python3.10/site-packages:${PYTHONPATH} /usr/bin/cmake --build /ros2_ws/build/moveit_servo -- -j8 -l8
[0.611s] Invoking command in '/ros2_ws/build/moveit_servo': AMENT_PREFIX_PATH=/ros2_ws/install/moveit_ros_planning_interface:/ros2_ws/install/moveit_ros_move_group:/ros2_ws/install/moveit_ros_warehouse:/ros2_ws/install/moveit_planners_ompl:/ros2_ws/install/moveit_kinematics:/ros2_ws/install/moveit_ros_planning:/ros2_ws/install/moveit_simple_controller_manager:/ros2_ws/install/moveit_ros_occupancy_map_monitor:/ros2_ws/install/moveit_core:/ros2_ws/install/moveit_resources_panda_moveit_config:/ros2_ws/install/moveit_resources_fanuc_moveit_config:/ros2_ws/install/moveit_configs_utils:/ros2_ws/install/srdfdom:/ros2_ws/install/moveit_resources_pr2_description:/ros2_ws/install/moveit_resources_panda_description:/ros2_ws/install/moveit_resources_fanuc_description:/ros2_ws/install/moveit_common:/ros2_ws/install/launch_param_builder:${AMENT_PREFIX_PATH} CMAKE_PREFIX_PATH=/ros2_ws/install/moveit_ros_planning_interface:/ros2_ws/install/moveit_ros_move_group:/ros2_ws/install/moveit_ros_warehouse:/ros2_ws/install/moveit_planners_ompl:/ros2_ws/install/moveit_kinematics:/ros2_ws/install/moveit_ros_planning:/ros2_ws/install/moveit_simple_controller_manager:/ros2_ws/install/moveit_ros_occupancy_map_monitor:/ros2_ws/install/moveit_core:/ros2_ws/install/moveit_resources_panda_moveit_config:/ros2_ws/install/moveit_resources_fanuc_moveit_config:/ros2_ws/install/srdfdom:/ros2_ws/install/moveit_resources_pr2_description:/ros2_ws/install/moveit_resources_panda_description:/ros2_ws/install/moveit_resources_fanuc_description:/ros2_ws/install/moveit_common:/opt/ros/humble LD_LIBRARY_PATH=/ros2_ws/install/moveit_ros_planning_interface/lib:/ros2_ws/install/moveit_ros_move_group/lib:/ros2_ws/install/moveit_ros_warehouse/lib:/ros2_ws/install/moveit_planners_ompl/lib:/ros2_ws/install/moveit_kinematics/lib:/ros2_ws/install/moveit_ros_planning/lib:/ros2_ws/install/moveit_simple_controller_manager/lib:/ros2_ws/install/moveit_ros_occupancy_map_monitor/lib:/ros2_ws/install/moveit_core/lib:/ros2_ws/install/srdfdom/lib:${LD_LIBRARY_PATH} PATH=/ros2_ws/install/moveit_core/bin:${PATH} PYTHONPATH=/ros2_ws/install/moveit_configs_utils/lib/python3.10/site-packages:/ros2_ws/install/srdfdom/local/lib/python3.10/dist-packages:/ros2_ws/install/launch_param_builder/lib/python3.10/site-packages:${PYTHONPATH} /usr/bin/cmake --install /ros2_ws/build/moveit_servo
[0.621s] -- Install configuration: "Release"
[0.622s] -- Up-to-date: /ros2_ws/install/moveit_servo/lib/libmoveit_servo_lib.so.2.5.7
[0.622s] -- Up-to-date: /ros2_ws/install/moveit_servo/lib/libmoveit_servo_lib.so
[0.623s] -- Up-to-date: /ros2_ws/install/moveit_servo/lib/libmoveit_servo_lib_parameters.so.2.5.7
[0.623s] -- Up-to-date: /ros2_ws/install/moveit_servo/lib/libmoveit_servo_lib_parameters.so
[0.624s] -- Up-to-date: /ros2_ws/install/moveit_servo/lib/libpose_tracking.so
[0.626s] -- Up-to-date: /ros2_ws/install/moveit_servo/lib/libservo_node.so
[0.627s] -- Up-to-date: /ros2_ws/install/moveit_servo/lib/libservo_controller_input.so
[0.628s] -- Up-to-date: /ros2_ws/install/moveit_servo/lib/moveit_servo/servo_node_main
[0.629s] -- Up-to-date: /ros2_ws/install/moveit_servo/lib/moveit_servo/servo_pose_tracking_demo
[0.630s] -- Up-to-date: /ros2_ws/install/moveit_servo/lib/moveit_servo/fake_command_publisher
[0.630s] -- Up-to-date: /ros2_ws/install/moveit_servo/include
[0.630s] -- Up-to-date: /ros2_ws/install/moveit_servo/include/moveit_servo
[0.631s] -- Up-to-date: /ros2_ws/install/moveit_servo/include/moveit_servo/servo_parameters.h
[0.631s] -- Up-to-date: /ros2_ws/install/moveit_servo/include/moveit_servo/servo_server.h
[0.631s] -- Up-to-date: /ros2_ws/install/moveit_servo/include/moveit_servo/status_codes.h
[0.631s] -- Up-to-date: /ros2_ws/install/moveit_servo/include/moveit_servo/servo_calcs.h
[0.631s] -- Up-to-date: /ros2_ws/install/moveit_servo/include/moveit_servo/servo.h
[0.631s] -- Up-to-date: /ros2_ws/install/moveit_servo/include/moveit_servo/utilities.h
[0.631s] -- Up-to-date: /ros2_ws/install/moveit_servo/include/moveit_servo/parameter_descriptor_builder.hpp
[0.632s] -- Up-to-date: /ros2_ws/install/moveit_servo/include/moveit_servo/pose_tracking.h
[0.632s] -- Up-to-date: /ros2_ws/install/moveit_servo/include/moveit_servo/servo_node.h
[0.632s] -- Up-to-date: /ros2_ws/install/moveit_servo/include/moveit_servo/collision_check.h
[0.632s] -- Up-to-date: /ros2_ws/install/moveit_servo/include/moveit_servo/enforce_limits.hpp
[0.633s] -- Up-to-date: /ros2_ws/install/moveit_servo/include/moveit_servo/make_shared_from_pool.h
[0.633s] -- Up-to-date: /ros2_ws/install/moveit_servo/share/moveit_servo/launch
[0.633s] -- Up-to-date: /ros2_ws/install/moveit_servo/share/moveit_servo/launch/servo_example.launch.py
[0.633s] -- Up-to-date: /ros2_ws/install/moveit_servo/share/moveit_servo/launch/pose_tracking_example.launch.py
[0.633s] -- Up-to-date: /ros2_ws/install/moveit_servo/share/moveit_servo/config
[0.633s] -- Up-to-date: /ros2_ws/install/moveit_servo/share/moveit_servo/config/panda_simulated_config_pose_tracking.yaml
[0.634s] -- Up-to-date: /ros2_ws/install/moveit_servo/share/moveit_servo/config/demo_rviz_config.rviz
[0.634s] -- Up-to-date: /ros2_ws/install/moveit_servo/share/moveit_servo/config/panda_simulated_config.yaml
[0.634s] -- Up-to-date: /ros2_ws/install/moveit_servo/share/moveit_servo/config/pose_tracking_settings.yaml
[0.634s] -- Up-to-date: /ros2_ws/install/moveit_servo/share/moveit_servo/config/demo_rviz_pose_tracking.rviz
[0.634s] -- Up-to-date: /ros2_ws/install/moveit_servo/share/moveit_servo/environment/library_path.sh
[0.634s] -- Up-to-date: /ros2_ws/install/moveit_servo/share/moveit_servo/environment/library_path.dsv
[0.634s] -- Up-to-date: /ros2_ws/install/moveit_servo/share/ament_index/resource_index/package_run_dependencies/moveit_servo
[0.634s] -- Up-to-date: /ros2_ws/install/moveit_servo/share/ament_index/resource_index/parent_prefix_path/moveit_servo
[0.634s] -- Up-to-date: /ros2_ws/install/moveit_servo/share/moveit_servo/environment/ament_prefix_path.sh
[0.634s] -- Up-to-date: /ros2_ws/install/moveit_servo/share/moveit_servo/environment/ament_prefix_path.dsv
[0.635s] -- Up-to-date: /ros2_ws/install/moveit_servo/share/moveit_servo/environment/path.sh
[0.635s] -- Up-to-date: /ros2_ws/install/moveit_servo/share/moveit_servo/environment/path.dsv
[0.635s] -- Up-to-date: /ros2_ws/install/moveit_servo/share/moveit_servo/local_setup.bash
[0.635s] -- Up-to-date: /ros2_ws/install/moveit_servo/share/moveit_servo/local_setup.sh
[0.635s] -- Up-to-date: /ros2_ws/install/moveit_servo/share/moveit_servo/local_setup.zsh
[0.635s] -- Up-to-date: /ros2_ws/install/moveit_servo/share/moveit_servo/local_setup.dsv
[0.636s] -- Installing: /ros2_ws/install/moveit_servo/share/moveit_servo/package.dsv
[0.636s] -- Up-to-date: /ros2_ws/install/moveit_servo/share/ament_index/resource_index/packages/moveit_servo
[0.636s] -- Up-to-date: /ros2_ws/install/moveit_servo/share/ament_index/resource_index/rclcpp_components/moveit_servo
[0.636s] -- Up-to-date: /ros2_ws/install/moveit_servo/share/moveit_servo/cmake/export_moveit_servoExport.cmake
[0.637s] -- Up-to-date: /ros2_ws/install/moveit_servo/share/moveit_servo/cmake/export_moveit_servoExport-release.cmake
[0.637s] -- Up-to-date: /ros2_ws/install/moveit_servo/share/moveit_servo/cmake/ament_cmake_export_targets-extras.cmake
[0.637s] -- Up-to-date: /ros2_ws/install/moveit_servo/share/moveit_servo/cmake/ament_cmake_export_dependencies-extras.cmake
[0.637s] -- Up-to-date: /ros2_ws/install/moveit_servo/share/moveit_servo/cmake/moveit_servoConfig.cmake
[0.638s] -- Up-to-date: /ros2_ws/install/moveit_servo/share/moveit_servo/cmake/moveit_servoConfig-version.cmake
[0.638s] -- Up-to-date: /ros2_ws/install/moveit_servo/share/moveit_servo/package.xml
[0.648s] Invoked command in '/ros2_ws/build/moveit_servo' returned '0': AMENT_PREFIX_PATH=/ros2_ws/install/moveit_ros_planning_interface:/ros2_ws/install/moveit_ros_move_group:/ros2_ws/install/moveit_ros_warehouse:/ros2_ws/install/moveit_planners_ompl:/ros2_ws/install/moveit_kinematics:/ros2_ws/install/moveit_ros_planning:/ros2_ws/install/moveit_simple_controller_manager:/ros2_ws/install/moveit_ros_occupancy_map_monitor:/ros2_ws/install/moveit_core:/ros2_ws/install/moveit_resources_panda_moveit_config:/ros2_ws/install/moveit_resources_fanuc_moveit_config:/ros2_ws/install/moveit_configs_utils:/ros2_ws/install/srdfdom:/ros2_ws/install/moveit_resources_pr2_description:/ros2_ws/install/moveit_resources_panda_description:/ros2_ws/install/moveit_resources_fanuc_description:/ros2_ws/install/moveit_common:/ros2_ws/install/launch_param_builder:${AMENT_PREFIX_PATH} CMAKE_PREFIX_PATH=/ros2_ws/install/moveit_ros_planning_interface:/ros2_ws/install/moveit_ros_move_group:/ros2_ws/install/moveit_ros_warehouse:/ros2_ws/install/moveit_planners_ompl:/ros2_ws/install/moveit_kinematics:/ros2_ws/install/moveit_ros_planning:/ros2_ws/install/moveit_simple_controller_manager:/ros2_ws/install/moveit_ros_occupancy_map_monitor:/ros2_ws/install/moveit_core:/ros2_ws/install/moveit_resources_panda_moveit_config:/ros2_ws/install/moveit_resources_fanuc_moveit_config:/ros2_ws/install/srdfdom:/ros2_ws/install/moveit_resources_pr2_description:/ros2_ws/install/moveit_resources_panda_description:/ros2_ws/install/moveit_resources_fanuc_description:/ros2_ws/install/moveit_common:/opt/ros/humble LD_LIBRARY_PATH=/ros2_ws/install/moveit_ros_planning_interface/lib:/ros2_ws/install/moveit_ros_move_group/lib:/ros2_ws/install/moveit_ros_warehouse/lib:/ros2_ws/install/moveit_planners_ompl/lib:/ros2_ws/install/moveit_kinematics/lib:/ros2_ws/install/moveit_ros_planning/lib:/ros2_ws/install/moveit_simple_controller_manager/lib:/ros2_ws/install/moveit_ros_occupancy_map_monitor/lib:/ros2_ws/install/moveit_core/lib:/ros2_ws/install/srdfdom/lib:${LD_LIBRARY_PATH} PATH=/ros2_ws/install/moveit_core/bin:${PATH} PYTHONPATH=/ros2_ws/install/moveit_configs_utils/lib/python3.10/site-packages:/ros2_ws/install/srdfdom/local/lib/python3.10/dist-packages:/ros2_ws/install/launch_param_builder/lib/python3.10/site-packages:${PYTHONPATH} /usr/bin/cmake --install /ros2_ws/build/moveit_servo
