[0.006s] Invoking command in '/ros2_ws/build/moveit_resources_panda_description': CMAKE_PREFIX_PATH=${CMAKE_PREFIX_PATH}:/opt/ros/humble /usr/bin/cmake /ros2_ws/src/moveit_resources/panda_description -DCMAKE_INSTALL_PREFIX=/ros2_ws/install/moveit_resources_panda_description
[0.056s] -- The C compiler identification is GNU 11.4.0
[0.106s] -- The CXX compiler identification is GNU 11.4.0
[0.113s] -- Detecting C compiler ABI info
[0.175s] -- Detecting C compiler ABI info - done
[0.182s] -- Check for working C compiler: /usr/bin/cc - skipped
[0.182s] -- Detecting C compile features
[0.182s] -- Detecting C compile features - done
[0.185s] -- Detecting CXX compiler ABI info
[0.258s] -- Detecting CXX compiler ABI info - done
[0.265s] -- Check for working CXX compiler: /usr/bin/c++ - skipped
[0.265s] -- Detecting CXX compile features
[0.266s] -- Detecting CXX compile features - done
[0.269s] -- Found ament_cmake: 1.3.11 (/opt/ros/humble/share/ament_cmake/cmake)
[0.427s] -- Found Python3: /usr/bin/python3 (found version "3.10.12") found components: Interpreter 
[0.621s] -- Configuring done
[0.625s] -- Generating done
[0.627s] -- Build files have been written to: /ros2_ws/build/moveit_resources_panda_description
[0.632s] Invoked command in '/ros2_ws/build/moveit_resources_panda_description' returned '0': CMAKE_PREFIX_PATH=${CMAKE_PREFIX_PATH}:/opt/ros/humble /usr/bin/cmake /ros2_ws/src/moveit_resources/panda_description -DCMAKE_INSTALL_PREFIX=/ros2_ws/install/moveit_resources_panda_description
[0.633s] Invoking command in '/ros2_ws/build/moveit_resources_panda_description': CMAKE_PREFIX_PATH=${CMAKE_PREFIX_PATH}:/opt/ros/humble /usr/bin/cmake --build /ros2_ws/build/moveit_resources_panda_description
[0.683s] Invoked command in '/ros2_ws/build/moveit_resources_panda_description' returned '0': CMAKE_PREFIX_PATH=${CMAKE_PREFIX_PATH}:/opt/ros/humble /usr/bin/cmake --build /ros2_ws/build/moveit_resources_panda_description
[0.685s] Invoking command in '/ros2_ws/build/moveit_resources_panda_description': CMAKE_PREFIX_PATH=${CMAKE_PREFIX_PATH}:/opt/ros/humble /usr/bin/cmake --install /ros2_ws/build/moveit_resources_panda_description
[0.694s] -- Install configuration: ""
[0.694s] -- Installing: /ros2_ws/install/moveit_resources_panda_description/share/ament_index/resource_index/package_run_dependencies/moveit_resources_panda_description
[0.694s] -- Installing: /ros2_ws/install/moveit_resources_panda_description/share/ament_index/resource_index/parent_prefix_path/moveit_resources_panda_description
[0.695s] -- Installing: /ros2_ws/install/moveit_resources_panda_description/share/moveit_resources_panda_description/environment/ament_prefix_path.sh
[0.695s] -- Installing: /ros2_ws/install/moveit_resources_panda_description/share/moveit_resources_panda_description/environment/ament_prefix_path.dsv
[0.695s] -- Installing: /ros2_ws/install/moveit_resources_panda_description/share/moveit_resources_panda_description/environment/path.sh
[0.695s] -- Installing: /ros2_ws/install/moveit_resources_panda_description/share/moveit_resources_panda_description/environment/path.dsv
[0.695s] -- Installing: /ros2_ws/install/moveit_resources_panda_description/share/moveit_resources_panda_description/local_setup.bash
[0.695s] -- Installing: /ros2_ws/install/moveit_resources_panda_description/share/moveit_resources_panda_description/local_setup.sh
[0.696s] -- Installing: /ros2_ws/install/moveit_resources_panda_description/share/moveit_resources_panda_description/local_setup.zsh
[0.696s] -- Installing: /ros2_ws/install/moveit_resources_panda_description/share/moveit_resources_panda_description/local_setup.dsv
[0.696s] -- Installing: /ros2_ws/install/moveit_resources_panda_description/share/moveit_resources_panda_description/package.dsv
[0.696s] -- Installing: /ros2_ws/install/moveit_resources_panda_description/share/ament_index/resource_index/packages/moveit_resources_panda_description
[0.696s] -- Installing: /ros2_ws/install/moveit_resources_panda_description/share/moveit_resources_panda_description/cmake/moveit_resources_panda_descriptionConfig.cmake
[0.697s] -- Installing: /ros2_ws/install/moveit_resources_panda_description/share/moveit_resources_panda_description/cmake/moveit_resources_panda_descriptionConfig-version.cmake
[0.697s] -- Installing: /ros2_ws/install/moveit_resources_panda_description/share/moveit_resources_panda_description/package.xml
[0.697s] -- Installing: /ros2_ws/install/moveit_resources_panda_description/share/moveit_resources_panda_description/meshes
[0.697s] -- Installing: /ros2_ws/install/moveit_resources_panda_description/share/moveit_resources_panda_description/meshes/visual
[0.697s] -- Installing: /ros2_ws/install/moveit_resources_panda_description/share/moveit_resources_panda_description/meshes/visual/link3.dae
[0.699s] -- Installing: /ros2_ws/install/moveit_resources_panda_description/share/moveit_resources_panda_description/meshes/visual/link0.dae
[0.700s] -- Installing: /ros2_ws/install/moveit_resources_panda_description/share/moveit_resources_panda_description/meshes/visual/link4.dae
[0.702s] -- Installing: /ros2_ws/install/moveit_resources_panda_description/share/moveit_resources_panda_description/meshes/visual/hand.dae
[0.703s] -- Installing: /ros2_ws/install/moveit_resources_panda_description/share/moveit_resources_panda_description/meshes/visual/link7.dae
[0.704s] -- Installing: /ros2_ws/install/moveit_resources_panda_description/share/moveit_resources_panda_description/meshes/visual/link5.dae
[0.705s] -- Installing: /ros2_ws/install/moveit_resources_panda_description/share/moveit_resources_panda_description/meshes/visual/link2.dae
[0.707s] -- Installing: /ros2_ws/install/moveit_resources_panda_description/share/moveit_resources_panda_description/meshes/visual/link6.dae
[0.709s] -- Installing: /ros2_ws/install/moveit_resources_panda_description/share/moveit_resources_panda_description/meshes/visual/finger.dae
[0.710s] -- Installing: /ros2_ws/install/moveit_resources_panda_description/share/moveit_resources_panda_description/meshes/visual/link1.dae
[0.711s] -- Installing: /ros2_ws/install/moveit_resources_panda_description/share/moveit_resources_panda_description/meshes/collision
[0.711s] -- Installing: /ros2_ws/install/moveit_resources_panda_description/share/moveit_resources_panda_description/meshes/collision/link0.stl
[0.711s] -- Installing: /ros2_ws/install/moveit_resources_panda_description/share/moveit_resources_panda_description/meshes/collision/hand.stl
[0.711s] -- Installing: /ros2_ws/install/moveit_resources_panda_description/share/moveit_resources_panda_description/meshes/collision/link7.stl
[0.711s] -- Installing: /ros2_ws/install/moveit_resources_panda_description/share/moveit_resources_panda_description/meshes/collision/link2.stl
[0.712s] -- Installing: /ros2_ws/install/moveit_resources_panda_description/share/moveit_resources_panda_description/meshes/collision/link5.stl
[0.712s] -- Installing: /ros2_ws/install/moveit_resources_panda_description/share/moveit_resources_panda_description/meshes/collision/link1.stl
[0.712s] -- Installing: /ros2_ws/install/moveit_resources_panda_description/share/moveit_resources_panda_description/meshes/collision/finger.stl
[0.712s] -- Installing: /ros2_ws/install/moveit_resources_panda_description/share/moveit_resources_panda_description/meshes/collision/link4.stl
[0.712s] -- Installing: /ros2_ws/install/moveit_resources_panda_description/share/moveit_resources_panda_description/meshes/collision/link6.stl
[0.712s] -- Installing: /ros2_ws/install/moveit_resources_panda_description/share/moveit_resources_panda_description/meshes/collision/link3.stl
[0.713s] -- Installing: /ros2_ws/install/moveit_resources_panda_description/share/moveit_resources_panda_description/urdf
[0.713s] -- Installing: /ros2_ws/install/moveit_resources_panda_description/share/moveit_resources_panda_description/urdf/panda.urdf
[0.716s] Invoked command in '/ros2_ws/build/moveit_resources_panda_description' returned '0': CMAKE_PREFIX_PATH=${CMAKE_PREFIX_PATH}:/opt/ros/humble /usr/bin/cmake --install /ros2_ws/build/moveit_resources_panda_description
