[0.088s] Invoking command in '/ros2_ws/build/moveit_setup_app_plugins': AMENT_PREFIX_PATH=/ros2_ws/install/moveit_setup_framework:/ros2_ws/install/moveit_ros_visualization:/ros2_ws/install/moveit_ros_planning_interface:/ros2_ws/install/moveit_ros_move_group:/ros2_ws/install/moveit_ros_warehouse:/ros2_ws/install/moveit_ros_robot_interaction:/ros2_ws/install/moveit_planners_ompl:/ros2_ws/install/moveit_kinematics:/ros2_ws/install/moveit_ros_planning:/ros2_ws/install/moveit_simple_controller_manager:/ros2_ws/install/moveit_ros_occupancy_map_monitor:/ros2_ws/install/moveit_core:/ros2_ws/install/moveit_resources_panda_moveit_config:/ros2_ws/install/moveit_resources_fanuc_moveit_config:/ros2_ws/install/moveit_configs_utils:/ros2_ws/install/srdfdom:/ros2_ws/install/moveit_resources_pr2_description:/ros2_ws/install/moveit_resources_panda_description:/ros2_ws/install/moveit_resources_fanuc_description:/ros2_ws/install/moveit_common:/ros2_ws/install/launch_param_builder:${AMENT_PREFIX_PATH} CMAKE_PREFIX_PATH=/ros2_ws/install/moveit_setup_framework:/ros2_ws/install/moveit_ros_visualization:/ros2_ws/install/moveit_ros_planning_interface:/ros2_ws/install/moveit_ros_move_group:/ros2_ws/install/moveit_ros_warehouse:/ros2_ws/install/moveit_ros_robot_interaction:/ros2_ws/install/moveit_planners_ompl:/ros2_ws/install/moveit_kinematics:/ros2_ws/install/moveit_ros_planning:/ros2_ws/install/moveit_simple_controller_manager:/ros2_ws/install/moveit_ros_occupancy_map_monitor:/ros2_ws/install/moveit_core:/ros2_ws/install/moveit_resources_panda_moveit_config:/ros2_ws/install/moveit_resources_fanuc_moveit_config:/ros2_ws/install/srdfdom:/ros2_ws/install/moveit_resources_pr2_description:/ros2_ws/install/moveit_resources_panda_description:/ros2_ws/install/moveit_resources_fanuc_description:/ros2_ws/install/moveit_common:/opt/ros/humble LD_LIBRARY_PATH=/ros2_ws/install/moveit_setup_framework/lib:/ros2_ws/install/moveit_ros_visualization/lib:/ros2_ws/install/moveit_ros_planning_interface/lib:/ros2_ws/install/moveit_ros_move_group/lib:/ros2_ws/install/moveit_ros_warehouse/lib:/ros2_ws/install/moveit_ros_robot_interaction/lib:/ros2_ws/install/moveit_planners_ompl/lib:/ros2_ws/install/moveit_kinematics/lib:/ros2_ws/install/moveit_ros_planning/lib:/ros2_ws/install/moveit_simple_controller_manager/lib:/ros2_ws/install/moveit_ros_occupancy_map_monitor/lib:/ros2_ws/install/moveit_core/lib:/ros2_ws/install/srdfdom/lib:${LD_LIBRARY_PATH} PATH=/ros2_ws/install/moveit_core/bin:${PATH} PYTHONPATH=/ros2_ws/install/moveit_configs_utils/lib/python3.10/site-packages:/ros2_ws/install/srdfdom/local/lib/python3.10/dist-packages:/ros2_ws/install/launch_param_builder/lib/python3.10/site-packages:${PYTHONPATH} /usr/bin/cmake --build /ros2_ws/build/moveit_setup_app_plugins -- -j8 -l8
[0.191s] [  4%] [34m[1mAutomatic MOC for target gtest_main[0m
[0.191s] [  8%] [34m[1mAutomatic MOC for target moveit_setup_app_plugins[0m
[0.198s] [ 12%] [34m[1mAutomatic MOC for target gtest[0m
[0.255s] [ 12%] Built target gtest_autogen
[0.259s] [ 12%] Built target moveit_setup_app_plugins_autogen
[0.266s] [ 12%] Built target gtest_main_autogen
[0.311s] [ 24%] Built target gtest
[0.332s] [ 36%] Built target gtest_main
[0.373s] [ 84%] Built target moveit_setup_app_plugins
[0.408s] [ 88%] [34m[1mAutomatic MOC for target test_perception[0m
[0.447s] [ 88%] Built target test_perception_autogen
[0.499s] [100%] Built target test_perception
[0.593s] Invoked command in '/ros2_ws/build/moveit_setup_app_plugins' returned '0': AMENT_PREFIX_PATH=/ros2_ws/install/moveit_setup_framework:/ros2_ws/install/moveit_ros_visualization:/ros2_ws/install/moveit_ros_planning_interface:/ros2_ws/install/moveit_ros_move_group:/ros2_ws/install/moveit_ros_warehouse:/ros2_ws/install/moveit_ros_robot_interaction:/ros2_ws/install/moveit_planners_ompl:/ros2_ws/install/moveit_kinematics:/ros2_ws/install/moveit_ros_planning:/ros2_ws/install/moveit_simple_controller_manager:/ros2_ws/install/moveit_ros_occupancy_map_monitor:/ros2_ws/install/moveit_core:/ros2_ws/install/moveit_resources_panda_moveit_config:/ros2_ws/install/moveit_resources_fanuc_moveit_config:/ros2_ws/install/moveit_configs_utils:/ros2_ws/install/srdfdom:/ros2_ws/install/moveit_resources_pr2_description:/ros2_ws/install/moveit_resources_panda_description:/ros2_ws/install/moveit_resources_fanuc_description:/ros2_ws/install/moveit_common:/ros2_ws/install/launch_param_builder:${AMENT_PREFIX_PATH} CMAKE_PREFIX_PATH=/ros2_ws/install/moveit_setup_framework:/ros2_ws/install/moveit_ros_visualization:/ros2_ws/install/moveit_ros_planning_interface:/ros2_ws/install/moveit_ros_move_group:/ros2_ws/install/moveit_ros_warehouse:/ros2_ws/install/moveit_ros_robot_interaction:/ros2_ws/install/moveit_planners_ompl:/ros2_ws/install/moveit_kinematics:/ros2_ws/install/moveit_ros_planning:/ros2_ws/install/moveit_simple_controller_manager:/ros2_ws/install/moveit_ros_occupancy_map_monitor:/ros2_ws/install/moveit_core:/ros2_ws/install/moveit_resources_panda_moveit_config:/ros2_ws/install/moveit_resources_fanuc_moveit_config:/ros2_ws/install/srdfdom:/ros2_ws/install/moveit_resources_pr2_description:/ros2_ws/install/moveit_resources_panda_description:/ros2_ws/install/moveit_resources_fanuc_description:/ros2_ws/install/moveit_common:/opt/ros/humble LD_LIBRARY_PATH=/ros2_ws/install/moveit_setup_framework/lib:/ros2_ws/install/moveit_ros_visualization/lib:/ros2_ws/install/moveit_ros_planning_interface/lib:/ros2_ws/install/moveit_ros_move_group/lib:/ros2_ws/install/moveit_ros_warehouse/lib:/ros2_ws/install/moveit_ros_robot_interaction/lib:/ros2_ws/install/moveit_planners_ompl/lib:/ros2_ws/install/moveit_kinematics/lib:/ros2_ws/install/moveit_ros_planning/lib:/ros2_ws/install/moveit_simple_controller_manager/lib:/ros2_ws/install/moveit_ros_occupancy_map_monitor/lib:/ros2_ws/install/moveit_core/lib:/ros2_ws/install/srdfdom/lib:${LD_LIBRARY_PATH} PATH=/ros2_ws/install/moveit_core/bin:${PATH} PYTHONPATH=/ros2_ws/install/moveit_configs_utils/lib/python3.10/site-packages:/ros2_ws/install/srdfdom/local/lib/python3.10/dist-packages:/ros2_ws/install/launch_param_builder/lib/python3.10/site-packages:${PYTHONPATH} /usr/bin/cmake --build /ros2_ws/build/moveit_setup_app_plugins -- -j8 -l8
[0.596s] Invoking command in '/ros2_ws/build/moveit_setup_app_plugins': AMENT_PREFIX_PATH=/ros2_ws/install/moveit_setup_framework:/ros2_ws/install/moveit_ros_visualization:/ros2_ws/install/moveit_ros_planning_interface:/ros2_ws/install/moveit_ros_move_group:/ros2_ws/install/moveit_ros_warehouse:/ros2_ws/install/moveit_ros_robot_interaction:/ros2_ws/install/moveit_planners_ompl:/ros2_ws/install/moveit_kinematics:/ros2_ws/install/moveit_ros_planning:/ros2_ws/install/moveit_simple_controller_manager:/ros2_ws/install/moveit_ros_occupancy_map_monitor:/ros2_ws/install/moveit_core:/ros2_ws/install/moveit_resources_panda_moveit_config:/ros2_ws/install/moveit_resources_fanuc_moveit_config:/ros2_ws/install/moveit_configs_utils:/ros2_ws/install/srdfdom:/ros2_ws/install/moveit_resources_pr2_description:/ros2_ws/install/moveit_resources_panda_description:/ros2_ws/install/moveit_resources_fanuc_description:/ros2_ws/install/moveit_common:/ros2_ws/install/launch_param_builder:${AMENT_PREFIX_PATH} CMAKE_PREFIX_PATH=/ros2_ws/install/moveit_setup_framework:/ros2_ws/install/moveit_ros_visualization:/ros2_ws/install/moveit_ros_planning_interface:/ros2_ws/install/moveit_ros_move_group:/ros2_ws/install/moveit_ros_warehouse:/ros2_ws/install/moveit_ros_robot_interaction:/ros2_ws/install/moveit_planners_ompl:/ros2_ws/install/moveit_kinematics:/ros2_ws/install/moveit_ros_planning:/ros2_ws/install/moveit_simple_controller_manager:/ros2_ws/install/moveit_ros_occupancy_map_monitor:/ros2_ws/install/moveit_core:/ros2_ws/install/moveit_resources_panda_moveit_config:/ros2_ws/install/moveit_resources_fanuc_moveit_config:/ros2_ws/install/srdfdom:/ros2_ws/install/moveit_resources_pr2_description:/ros2_ws/install/moveit_resources_panda_description:/ros2_ws/install/moveit_resources_fanuc_description:/ros2_ws/install/moveit_common:/opt/ros/humble LD_LIBRARY_PATH=/ros2_ws/install/moveit_setup_framework/lib:/ros2_ws/install/moveit_ros_visualization/lib:/ros2_ws/install/moveit_ros_planning_interface/lib:/ros2_ws/install/moveit_ros_move_group/lib:/ros2_ws/install/moveit_ros_warehouse/lib:/ros2_ws/install/moveit_ros_robot_interaction/lib:/ros2_ws/install/moveit_planners_ompl/lib:/ros2_ws/install/moveit_kinematics/lib:/ros2_ws/install/moveit_ros_planning/lib:/ros2_ws/install/moveit_simple_controller_manager/lib:/ros2_ws/install/moveit_ros_occupancy_map_monitor/lib:/ros2_ws/install/moveit_core/lib:/ros2_ws/install/srdfdom/lib:${LD_LIBRARY_PATH} PATH=/ros2_ws/install/moveit_core/bin:${PATH} PYTHONPATH=/ros2_ws/install/moveit_configs_utils/lib/python3.10/site-packages:/ros2_ws/install/srdfdom/local/lib/python3.10/dist-packages:/ros2_ws/install/launch_param_builder/lib/python3.10/site-packages:${PYTHONPATH} /usr/bin/cmake --install /ros2_ws/build/moveit_setup_app_plugins
[0.612s] -- Install configuration: "Release"
[0.618s] -- Up-to-date: /ros2_ws/install/moveit_setup_app_plugins/share/moveit_setup_app_plugins/templates
[0.618s] -- Up-to-date: /ros2_ws/install/moveit_setup_app_plugins/share/moveit_setup_app_plugins/templates/launch
[0.619s] -- Up-to-date: /ros2_ws/install/moveit_setup_app_plugins/share/moveit_setup_app_plugins/templates/launch/generic.launch.py.template
[0.619s] -- Up-to-date: /ros2_ws/install/moveit_setup_app_plugins/share/moveit_setup_app_plugins/templates/config
[0.619s] -- Up-to-date: /ros2_ws/install/moveit_setup_app_plugins/share/moveit_setup_app_plugins/templates/config/sensors_3d.yaml
[0.619s] -- Up-to-date: /ros2_ws/install/moveit_setup_app_plugins/share/moveit_setup_app_plugins/templates/config/moveit.rviz
[0.619s] -- Up-to-date: /ros2_ws/install/moveit_setup_app_plugins/lib/libmoveit_setup_app_plugins.so
[0.619s] -- Up-to-date: /ros2_ws/install/moveit_setup_app_plugins/share/moveit_setup_app_plugins/moveit_setup_framework_plugins.xml
[0.619s] -- Up-to-date: /ros2_ws/install/moveit_setup_app_plugins/include
[0.620s] -- Up-to-date: /ros2_ws/install/moveit_setup_app_plugins/include/moveit_setup_app_plugins
[0.620s] -- Up-to-date: /ros2_ws/install/moveit_setup_app_plugins/include/moveit_setup_app_plugins/launches_widget.hpp
[0.620s] -- Up-to-date: /ros2_ws/install/moveit_setup_app_plugins/include/moveit_setup_app_plugins/perception_widget.hpp
[0.620s] -- Up-to-date: /ros2_ws/install/moveit_setup_app_plugins/include/moveit_setup_app_plugins/launch_bundle.hpp
[0.620s] -- Up-to-date: /ros2_ws/install/moveit_setup_app_plugins/include/moveit_setup_app_plugins/perception_config.hpp
[0.622s] -- Up-to-date: /ros2_ws/install/moveit_setup_app_plugins/include/moveit_setup_app_plugins/launches.hpp
[0.622s] -- Up-to-date: /ros2_ws/install/moveit_setup_app_plugins/include/moveit_setup_app_plugins/perception.hpp
[0.622s] -- Up-to-date: /ros2_ws/install/moveit_setup_app_plugins/include/moveit_setup_app_plugins/launches_config.hpp
[0.623s] -- Up-to-date: /ros2_ws/install/moveit_setup_app_plugins/share/moveit_setup_app_plugins/environment/library_path.sh
[0.623s] -- Up-to-date: /ros2_ws/install/moveit_setup_app_plugins/share/moveit_setup_app_plugins/environment/library_path.dsv
[0.623s] -- Up-to-date: /ros2_ws/install/moveit_setup_app_plugins/share/moveit_setup_app_plugins/moveit_setup_framework_plugins.xml
[0.623s] -- Up-to-date: /ros2_ws/install/moveit_setup_app_plugins/share/ament_index/resource_index/package_run_dependencies/moveit_setup_app_plugins
[0.623s] -- Up-to-date: /ros2_ws/install/moveit_setup_app_plugins/share/ament_index/resource_index/parent_prefix_path/moveit_setup_app_plugins
[0.623s] -- Up-to-date: /ros2_ws/install/moveit_setup_app_plugins/share/moveit_setup_app_plugins/environment/ament_prefix_path.sh
[0.623s] -- Up-to-date: /ros2_ws/install/moveit_setup_app_plugins/share/moveit_setup_app_plugins/environment/ament_prefix_path.dsv
[0.623s] -- Up-to-date: /ros2_ws/install/moveit_setup_app_plugins/share/moveit_setup_app_plugins/environment/path.sh
[0.623s] -- Up-to-date: /ros2_ws/install/moveit_setup_app_plugins/share/moveit_setup_app_plugins/environment/path.dsv
[0.623s] -- Up-to-date: /ros2_ws/install/moveit_setup_app_plugins/share/moveit_setup_app_plugins/local_setup.bash
[0.623s] -- Up-to-date: /ros2_ws/install/moveit_setup_app_plugins/share/moveit_setup_app_plugins/local_setup.sh
[0.624s] -- Up-to-date: /ros2_ws/install/moveit_setup_app_plugins/share/moveit_setup_app_plugins/local_setup.zsh
[0.624s] -- Up-to-date: /ros2_ws/install/moveit_setup_app_plugins/share/moveit_setup_app_plugins/local_setup.dsv
[0.624s] -- Installing: /ros2_ws/install/moveit_setup_app_plugins/share/moveit_setup_app_plugins/package.dsv
[0.624s] -- Up-to-date: /ros2_ws/install/moveit_setup_app_plugins/share/ament_index/resource_index/packages/moveit_setup_app_plugins
[0.624s] -- Up-to-date: /ros2_ws/install/moveit_setup_app_plugins/share/ament_index/resource_index/moveit_setup_framework__pluginlib__plugin/moveit_setup_app_plugins
[0.624s] -- Up-to-date: /ros2_ws/install/moveit_setup_app_plugins/share/moveit_setup_app_plugins/cmake/export_moveit_setup_app_pluginsExport.cmake
[0.624s] -- Up-to-date: /ros2_ws/install/moveit_setup_app_plugins/share/moveit_setup_app_plugins/cmake/export_moveit_setup_app_pluginsExport-release.cmake
[0.624s] -- Up-to-date: /ros2_ws/install/moveit_setup_app_plugins/share/moveit_setup_app_plugins/cmake/ament_cmake_export_include_directories-extras.cmake
[0.624s] -- Up-to-date: /ros2_ws/install/moveit_setup_app_plugins/share/moveit_setup_app_plugins/cmake/ament_cmake_export_libraries-extras.cmake
[0.625s] -- Up-to-date: /ros2_ws/install/moveit_setup_app_plugins/share/moveit_setup_app_plugins/cmake/ament_cmake_export_targets-extras.cmake
[0.625s] -- Up-to-date: /ros2_ws/install/moveit_setup_app_plugins/share/moveit_setup_app_plugins/cmake/moveit_setup_app_pluginsConfig.cmake
[0.625s] -- Up-to-date: /ros2_ws/install/moveit_setup_app_plugins/share/moveit_setup_app_plugins/cmake/moveit_setup_app_pluginsConfig-version.cmake
[0.625s] -- Up-to-date: /ros2_ws/install/moveit_setup_app_plugins/share/moveit_setup_app_plugins/package.xml
[0.666s] Invoked command in '/ros2_ws/build/moveit_setup_app_plugins' returned '0': AMENT_PREFIX_PATH=/ros2_ws/install/moveit_setup_framework:/ros2_ws/install/moveit_ros_visualization:/ros2_ws/install/moveit_ros_planning_interface:/ros2_ws/install/moveit_ros_move_group:/ros2_ws/install/moveit_ros_warehouse:/ros2_ws/install/moveit_ros_robot_interaction:/ros2_ws/install/moveit_planners_ompl:/ros2_ws/install/moveit_kinematics:/ros2_ws/install/moveit_ros_planning:/ros2_ws/install/moveit_simple_controller_manager:/ros2_ws/install/moveit_ros_occupancy_map_monitor:/ros2_ws/install/moveit_core:/ros2_ws/install/moveit_resources_panda_moveit_config:/ros2_ws/install/moveit_resources_fanuc_moveit_config:/ros2_ws/install/moveit_configs_utils:/ros2_ws/install/srdfdom:/ros2_ws/install/moveit_resources_pr2_description:/ros2_ws/install/moveit_resources_panda_description:/ros2_ws/install/moveit_resources_fanuc_description:/ros2_ws/install/moveit_common:/ros2_ws/install/launch_param_builder:${AMENT_PREFIX_PATH} CMAKE_PREFIX_PATH=/ros2_ws/install/moveit_setup_framework:/ros2_ws/install/moveit_ros_visualization:/ros2_ws/install/moveit_ros_planning_interface:/ros2_ws/install/moveit_ros_move_group:/ros2_ws/install/moveit_ros_warehouse:/ros2_ws/install/moveit_ros_robot_interaction:/ros2_ws/install/moveit_planners_ompl:/ros2_ws/install/moveit_kinematics:/ros2_ws/install/moveit_ros_planning:/ros2_ws/install/moveit_simple_controller_manager:/ros2_ws/install/moveit_ros_occupancy_map_monitor:/ros2_ws/install/moveit_core:/ros2_ws/install/moveit_resources_panda_moveit_config:/ros2_ws/install/moveit_resources_fanuc_moveit_config:/ros2_ws/install/srdfdom:/ros2_ws/install/moveit_resources_pr2_description:/ros2_ws/install/moveit_resources_panda_description:/ros2_ws/install/moveit_resources_fanuc_description:/ros2_ws/install/moveit_common:/opt/ros/humble LD_LIBRARY_PATH=/ros2_ws/install/moveit_setup_framework/lib:/ros2_ws/install/moveit_ros_visualization/lib:/ros2_ws/install/moveit_ros_planning_interface/lib:/ros2_ws/install/moveit_ros_move_group/lib:/ros2_ws/install/moveit_ros_warehouse/lib:/ros2_ws/install/moveit_ros_robot_interaction/lib:/ros2_ws/install/moveit_planners_ompl/lib:/ros2_ws/install/moveit_kinematics/lib:/ros2_ws/install/moveit_ros_planning/lib:/ros2_ws/install/moveit_simple_controller_manager/lib:/ros2_ws/install/moveit_ros_occupancy_map_monitor/lib:/ros2_ws/install/moveit_core/lib:/ros2_ws/install/srdfdom/lib:${LD_LIBRARY_PATH} PATH=/ros2_ws/install/moveit_core/bin:${PATH} PYTHONPATH=/ros2_ws/install/moveit_configs_utils/lib/python3.10/site-packages:/ros2_ws/install/srdfdom/local/lib/python3.10/dist-packages:/ros2_ws/install/launch_param_builder/lib/python3.10/site-packages:${PYTHONPATH} /usr/bin/cmake --install /ros2_ws/build/moveit_setup_app_plugins
