[0.016s] Invoking command in '/ros2_ws/build/ur': AMENT_PREFIX_PATH=/ros2_ws/install/ur_calibration:/ros2_ws/install/ur_robot_driver:/ros2_ws/install/ur_controllers:${AMENT_PREFIX_PATH} CMAKE_PREFIX_PATH=/ros2_ws/install/ur_calibration:/ros2_ws/install/ur_robot_driver:/ros2_ws/install/ur_controllers:/ros2_ws/install/ur_msgs:/ros2_ws/install/ur_moveit_config:/ros2_ws/install/ur_dashboard_msgs:/opt/ros/humble LD_LIBRARY_PATH=/ros2_ws/install/ur_robot_driver/lib:/ros2_ws/install/ur_controllers/lib:${LD_LIBRARY_PATH} PATH=/ros2_ws/install/ur_robot_driver/bin:${PATH} PYTHONPATH=/ros2_ws/install/ur_robot_driver/local/lib/python3.10/dist-packages:${PYTHONPATH} /usr/bin/cmake --build /ros2_ws/build/ur -- -j8 -l8
[0.051s] Invoked command in '/ros2_ws/build/ur' returned '0': AMENT_PREFIX_PATH=/ros2_ws/install/ur_calibration:/ros2_ws/install/ur_robot_driver:/ros2_ws/install/ur_controllers:${AMENT_PREFIX_PATH} CMAKE_PREFIX_PATH=/ros2_ws/install/ur_calibration:/ros2_ws/install/ur_robot_driver:/ros2_ws/install/ur_controllers:/ros2_ws/install/ur_msgs:/ros2_ws/install/ur_moveit_config:/ros2_ws/install/ur_dashboard_msgs:/opt/ros/humble LD_LIBRARY_PATH=/ros2_ws/install/ur_robot_driver/lib:/ros2_ws/install/ur_controllers/lib:${LD_LIBRARY_PATH} PATH=/ros2_ws/install/ur_robot_driver/bin:${PATH} PYTHONPATH=/ros2_ws/install/ur_robot_driver/local/lib/python3.10/dist-packages:${PYTHONPATH} /usr/bin/cmake --build /ros2_ws/build/ur -- -j8 -l8
[0.052s] Invoking command in '/ros2_ws/build/ur': AMENT_PREFIX_PATH=/ros2_ws/install/ur_calibration:/ros2_ws/install/ur_robot_driver:/ros2_ws/install/ur_controllers:${AMENT_PREFIX_PATH} CMAKE_PREFIX_PATH=/ros2_ws/install/ur_calibration:/ros2_ws/install/ur_robot_driver:/ros2_ws/install/ur_controllers:/ros2_ws/install/ur_msgs:/ros2_ws/install/ur_moveit_config:/ros2_ws/install/ur_dashboard_msgs:/opt/ros/humble LD_LIBRARY_PATH=/ros2_ws/install/ur_robot_driver/lib:/ros2_ws/install/ur_controllers/lib:${LD_LIBRARY_PATH} PATH=/ros2_ws/install/ur_robot_driver/bin:${PATH} PYTHONPATH=/ros2_ws/install/ur_robot_driver/local/lib/python3.10/dist-packages:${PYTHONPATH} /usr/bin/cmake --install /ros2_ws/build/ur
[0.059s] -- Install configuration: "Release"
[0.059s] -- Up-to-date: /ros2_ws/install/ur/share/ament_index/resource_index/package_run_dependencies/ur
[0.059s] -- Up-to-date: /ros2_ws/install/ur/share/ament_index/resource_index/parent_prefix_path/ur
[0.059s] -- Up-to-date: /ros2_ws/install/ur/share/ur/environment/ament_prefix_path.sh
[0.059s] -- Up-to-date: /ros2_ws/install/ur/share/ur/environment/ament_prefix_path.dsv
[0.059s] -- Up-to-date: /ros2_ws/install/ur/share/ur/environment/path.sh
[0.059s] -- Up-to-date: /ros2_ws/install/ur/share/ur/environment/path.dsv
[0.059s] -- Up-to-date: /ros2_ws/install/ur/share/ur/local_setup.bash
[0.059s] -- Up-to-date: /ros2_ws/install/ur/share/ur/local_setup.sh
[0.059s] -- Up-to-date: /ros2_ws/install/ur/share/ur/local_setup.zsh
[0.060s] -- Up-to-date: /ros2_ws/install/ur/share/ur/local_setup.dsv
[0.060s] -- Up-to-date: /ros2_ws/install/ur/share/ur/package.dsv
[0.060s] -- Up-to-date: /ros2_ws/install/ur/share/ament_index/resource_index/packages/ur
[0.060s] -- Up-to-date: /ros2_ws/install/ur/share/ur/cmake/urConfig.cmake
[0.060s] -- Up-to-date: /ros2_ws/install/ur/share/ur/cmake/urConfig-version.cmake
[0.060s] -- Up-to-date: /ros2_ws/install/ur/share/ur/package.xml
[0.061s] Invoked command in '/ros2_ws/build/ur' returned '0': AMENT_PREFIX_PATH=/ros2_ws/install/ur_calibration:/ros2_ws/install/ur_robot_driver:/ros2_ws/install/ur_controllers:${AMENT_PREFIX_PATH} CMAKE_PREFIX_PATH=/ros2_ws/install/ur_calibration:/ros2_ws/install/ur_robot_driver:/ros2_ws/install/ur_controllers:/ros2_ws/install/ur_msgs:/ros2_ws/install/ur_moveit_config:/ros2_ws/install/ur_dashboard_msgs:/opt/ros/humble LD_LIBRARY_PATH=/ros2_ws/install/ur_robot_driver/lib:/ros2_ws/install/ur_controllers/lib:${LD_LIBRARY_PATH} PATH=/ros2_ws/install/ur_robot_driver/bin:${PATH} PYTHONPATH=/ros2_ws/install/ur_robot_driver/local/lib/python3.10/dist-packages:${PYTHONPATH} /usr/bin/cmake --install /ros2_ws/build/ur
