[0.197s] Invoking command in '/ros2_ws/build/srdfdom': CMAKE_PREFIX_PATH=/opt/ros/humble /usr/bin/cmake --build /ros2_ws/build/srdfdom -- -j8 -l8
[1.228s] [ 18%] Built target gtest
[1.229s] [ 36%] Built target gtest_main
[1.229s] [ 36%] Built target ament_cmake_python_copy_srdfdom
[1.229s] [ 63%] Built target srdfdom
[1.229s] [ 81%] Built target test_cpp_C
[1.229s] [100%] Built target test_cpp_nl_NL.UTF-8
[1.268s] running egg_info
[1.269s] writing srdfdom.egg-info/PKG-INFO
[1.278s] writing dependency_links to srdfdom.egg-info/dependency_links.txt
[1.279s] writing top-level names to srdfdom.egg-info/top_level.txt
[1.298s] reading manifest file 'srdfdom.egg-info/SOURCES.txt'
[1.306s] writing manifest file 'srdfdom.egg-info/SOURCES.txt'
[1.341s] [100%] Built target ament_cmake_python_build_srdfdom_egg
[1.393s] Invoked command in '/ros2_ws/build/srdfdom' returned '0': CMAKE_PREFIX_PATH=/opt/ros/humble /usr/bin/cmake --build /ros2_ws/build/srdfdom -- -j8 -l8
[1.395s] Invoking command in '/ros2_ws/build/srdfdom': CMAKE_PREFIX_PATH=/opt/ros/humble /usr/bin/cmake --install /ros2_ws/build/srdfdom
[1.439s] -- Install configuration: ""
[1.440s] -- Up-to-date: /ros2_ws/install/srdfdom/lib/libsrdfdom.so.2.0.7
[1.440s] -- Up-to-date: /ros2_ws/install/srdfdom/lib/libsrdfdom.so
[1.440s] -- Up-to-date: /ros2_ws/install/srdfdom/include/srdfdom
[1.440s] -- Up-to-date: /ros2_ws/install/srdfdom/include/srdfdom/srdfdom
[1.440s] -- Up-to-date: /ros2_ws/install/srdfdom/include/srdfdom/srdfdom/visibility_control.h
[1.440s] -- Up-to-date: /ros2_ws/install/srdfdom/include/srdfdom/srdfdom/model.h
[1.440s] -- Up-to-date: /ros2_ws/install/srdfdom/include/srdfdom/srdfdom/srdf_writer.h
[1.440s] -- Up-to-date: /ros2_ws/install/srdfdom/lib/srdfdom/display_srdf
[1.441s] -- Up-to-date: /ros2_ws/install/srdfdom/share/srdfdom/environment/pythonpath.sh
[1.441s] -- Up-to-date: /ros2_ws/install/srdfdom/share/srdfdom/environment/pythonpath.dsv
[1.441s] -- Up-to-date: /ros2_ws/install/srdfdom/local/lib/python3.10/dist-packages/srdfdom-2.0.7-py3.10.egg-info
[1.441s] -- Installing: /ros2_ws/install/srdfdom/local/lib/python3.10/dist-packages/srdfdom-2.0.7-py3.10.egg-info/dependency_links.txt
[1.441s] -- Installing: /ros2_ws/install/srdfdom/local/lib/python3.10/dist-packages/srdfdom-2.0.7-py3.10.egg-info/top_level.txt
[1.442s] -- Installing: /ros2_ws/install/srdfdom/local/lib/python3.10/dist-packages/srdfdom-2.0.7-py3.10.egg-info/SOURCES.txt
[1.442s] -- Installing: /ros2_ws/install/srdfdom/local/lib/python3.10/dist-packages/srdfdom-2.0.7-py3.10.egg-info/PKG-INFO
[1.442s] -- Up-to-date: /ros2_ws/install/srdfdom/local/lib/python3.10/dist-packages/srdfdom
[1.442s] -- Up-to-date: /ros2_ws/install/srdfdom/local/lib/python3.10/dist-packages/srdfdom/__init__.py
[1.442s] -- Up-to-date: /ros2_ws/install/srdfdom/local/lib/python3.10/dist-packages/srdfdom/srdf.py
[1.446s] Listing '/ros2_ws/install/srdfdom/local/lib/python3.10/dist-packages/srdfdom'...
[1.452s] -- Up-to-date: /ros2_ws/install/srdfdom/share/srdfdom/environment/library_path.sh
[1.452s] -- Up-to-date: /ros2_ws/install/srdfdom/share/srdfdom/environment/library_path.dsv
[1.452s] -- Up-to-date: /ros2_ws/install/srdfdom/share/ament_index/resource_index/package_run_dependencies/srdfdom
[1.453s] -- Up-to-date: /ros2_ws/install/srdfdom/share/ament_index/resource_index/parent_prefix_path/srdfdom
[1.453s] -- Up-to-date: /ros2_ws/install/srdfdom/share/srdfdom/environment/ament_prefix_path.sh
[1.453s] -- Up-to-date: /ros2_ws/install/srdfdom/share/srdfdom/environment/ament_prefix_path.dsv
[1.454s] -- Up-to-date: /ros2_ws/install/srdfdom/share/srdfdom/environment/path.sh
[1.455s] -- Up-to-date: /ros2_ws/install/srdfdom/share/srdfdom/environment/path.dsv
[1.456s] -- Up-to-date: /ros2_ws/install/srdfdom/share/srdfdom/local_setup.bash
[1.456s] -- Up-to-date: /ros2_ws/install/srdfdom/share/srdfdom/local_setup.sh
[1.456s] -- Up-to-date: /ros2_ws/install/srdfdom/share/srdfdom/local_setup.zsh
[1.457s] -- Up-to-date: /ros2_ws/install/srdfdom/share/srdfdom/local_setup.dsv
[1.457s] -- Installing: /ros2_ws/install/srdfdom/share/srdfdom/package.dsv
[1.457s] -- Up-to-date: /ros2_ws/install/srdfdom/share/ament_index/resource_index/packages/srdfdom
[1.458s] -- Up-to-date: /ros2_ws/install/srdfdom/share/srdfdom/cmake/srdfdomTargetsExport.cmake
[1.458s] -- Up-to-date: /ros2_ws/install/srdfdom/share/srdfdom/cmake/srdfdomTargetsExport-noconfig.cmake
[1.458s] -- Up-to-date: /ros2_ws/install/srdfdom/share/srdfdom/cmake/ament_cmake_export_targets-extras.cmake
[1.458s] -- Up-to-date: /ros2_ws/install/srdfdom/share/srdfdom/cmake/ament_cmake_export_dependencies-extras.cmake
[1.458s] -- Up-to-date: /ros2_ws/install/srdfdom/share/srdfdom/cmake/srdfdomConfig.cmake
[1.458s] -- Up-to-date: /ros2_ws/install/srdfdom/share/srdfdom/cmake/srdfdomConfig-version.cmake
[1.458s] -- Up-to-date: /ros2_ws/install/srdfdom/share/srdfdom/package.xml
[1.511s] Invoked command in '/ros2_ws/build/srdfdom' returned '0': CMAKE_PREFIX_PATH=/opt/ros/humble /usr/bin/cmake --install /ros2_ws/build/srdfdom
