[0.065s] Invoking command in '/ros2_ws/build/moveit_ros_planning': AMENT_PREFIX_PATH=/ros2_ws/install/moveit_configs_utils:/ros2_ws/install/launch_param_builder:/ros2_ws/install/ur:/ros2_ws/install/ur_calibration:/ros2_ws/install/ur_robot_driver:/ros2_ws/install/ur_bringup:/ros2_ws/install/ur_controllers:/ros2_ws/install/ur_msgs:/ros2_ws/install/ur_moveit_config:/ros2_ws/install/ur_dashboard_msgs:/ros2_ws/install/pilz_industrial_motion_planner_testutils:/ros2_ws/install/moveit_runtime:/ros2_ws/install/moveit2_tutorials:/ros2_ws/install/moveit:/ros2_ws/install/moveit_planners:/ros2_ws/install/pilz_industrial_motion_planner:/ros2_ws/install/moveit_visual_tools:/ros2_ws/install/moveit_task_constructor_visualization:/ros2_ws/install/moveit_task_constructor_demo:/ros2_ws/install/moveit_task_constructor_capabilities:/ros2_ws/install/moveit_task_constructor_core:/ros2_ws/install/moveit_ros_control_interface:/ros2_ws/install/moveit_plugins:/ros2_ws/install/moveit_simple_controller_manager:/ros2_ws/install/moveit_setup_assistant:/ros2_ws/install/moveit_setup_srdf_plugins:/ros2_ws/install/moveit_setup_core_plugins:/ros2_ws/install/moveit_setup_controllers:/ros2_ws/install/moveit_setup_app_plugins:/ros2_ws/install/moveit_setup_framework:/ros2_ws/install/moveit_servo:/ros2_ws/install/moveit_ros:/ros2_ws/install/moveit_ros_visualization:/ros2_ws/install/moveit_hybrid_planning:/ros2_ws/install/moveit_ros_planning_interface:/ros2_ws/install/moveit_ros_benchmarks:/ros2_ws/install/moveit_ros_warehouse:/ros2_ws/install/moveit_ros_robot_interaction:/ros2_ws/install/moveit_ros_perception:/ros2_ws/install/moveit_resources_prbt_pg70_support:/ros2_ws/install/moveit_resources_prbt_moveit_config:/ros2_ws/install/moveit_ros_move_group:/ros2_ws/install/moveit_planners_ompl:/ros2_ws/install/moveit_ros_planning:/ros2_ws/install/moveit_ros_occupancy_map_monitor:/ros2_ws/install/moveit_resources_prbt_ikfast_manipulator_plugin:/ros2_ws/install/moveit_planners_chomp:/ros2_ws/install/moveit_kinematics:/ros2_ws/install/moveit_chomp_optimizer_adapter:/ros2_ws/install/chomp_motion_planner:/ros2_ws/install/moveit_core:/ros2_ws/install/srdfdom:/ros2_ws/install/rviz_marker_tools:/ros2_ws/install/rosparam_shortcuts:/ros2_ws/install/moveit_task_constructor_msgs:/ros2_ws/install/moveit_resources_prbt_support:/ros2_ws/install/moveit_resources:/ros2_ws/install/moveit_resources_pr2_description:/ros2_ws/install/moveit_resources_panda_moveit_config:/ros2_ws/install/moveit_resources_panda_description:/ros2_ws/install/moveit_resources_fanuc_moveit_config:/ros2_ws/install/moveit_resources_fanuc_description:/ros2_ws/install/moveit_common:/opt/ros/humble CMAKE_PREFIX_PATH=/ros2_ws/install/moveit_ros_occupancy_map_monitor:/ros2_ws/install/moveit_core:/ros2_ws/install/moveit_resources_panda_moveit_config:/ros2_ws/install/srdfdom:/ros2_ws/install/moveit_resources_pr2_description:/ros2_ws/install/moveit_resources_panda_description:/ros2_ws/install/moveit_common:/ros2_ws/install/ur:/ros2_ws/install/ur_calibration:/ros2_ws/install/ur_robot_driver:/ros2_ws/install/ur_bringup:/ros2_ws/install/ur_controllers:/ros2_ws/install/ur_msgs:/ros2_ws/install/ur_moveit_config:/ros2_ws/install/ur_dashboard_msgs:/ros2_ws/install/pilz_industrial_motion_planner_testutils:/ros2_ws/install/moveit_runtime:/ros2_ws/install/moveit2_tutorials:/ros2_ws/install/moveit:/ros2_ws/install/moveit_planners:/ros2_ws/install/pilz_industrial_motion_planner:/ros2_ws/install/moveit_visual_tools:/ros2_ws/install/moveit_task_constructor_visualization:/ros2_ws/install/moveit_task_constructor_demo:/ros2_ws/install/moveit_task_constructor_capabilities:/ros2_ws/install/moveit_task_constructor_core:/ros2_ws/install/moveit_ros_control_interface:/ros2_ws/install/moveit_plugins:/ros2_ws/install/moveit_simple_controller_manager:/ros2_ws/install/moveit_setup_assistant:/ros2_ws/install/moveit_setup_srdf_plugins:/ros2_ws/install/moveit_setup_core_plugins:/ros2_ws/install/moveit_setup_controllers:/ros2_ws/install/moveit_setup_app_plugins:/ros2_ws/install/moveit_setup_framework:/ros2_ws/install/moveit_servo:/ros2_ws/install/moveit_ros:/ros2_ws/install/moveit_ros_visualization:/ros2_ws/install/moveit_hybrid_planning:/ros2_ws/install/moveit_ros_planning_interface:/ros2_ws/install/moveit_ros_benchmarks:/ros2_ws/install/moveit_ros_warehouse:/ros2_ws/install/moveit_ros_robot_interaction:/ros2_ws/install/moveit_ros_perception:/ros2_ws/install/moveit_resources_prbt_pg70_support:/ros2_ws/install/moveit_resources_prbt_moveit_config:/ros2_ws/install/moveit_ros_move_group:/ros2_ws/install/moveit_planners_ompl:/ros2_ws/install/moveit_ros_planning:/ros2_ws/install/moveit_resources_prbt_ikfast_manipulator_plugin:/ros2_ws/install/moveit_planners_chomp:/ros2_ws/install/moveit_kinematics:/ros2_ws/install/moveit_chomp_optimizer_adapter:/ros2_ws/install/chomp_motion_planner:/ros2_ws/install/rviz_marker_tools:/ros2_ws/install/rosparam_shortcuts:/ros2_ws/install/moveit_task_constructor_msgs:/ros2_ws/install/moveit_resources_prbt_support:/ros2_ws/install/moveit_resources:/ros2_ws/install/moveit_resources_fanuc_moveit_config:/ros2_ws/install/moveit_resources_fanuc_description:/ros2_ws/install/moveit_configs_utils:/ros2_ws/install/launch_param_builder:/opt/ros/humble LD_LIBRARY_PATH=/ros2_ws/install/moveit_ros_occupancy_map_monitor/lib:/ros2_ws/install/moveit_core/lib:/ros2_ws/install/srdfdom/lib:/ros2_ws/install/ur_robot_driver/lib:/ros2_ws/install/ur_controllers/lib:/ros2_ws/install/ur_msgs/lib:/ros2_ws/install/ur_dashboard_msgs/lib:/ros2_ws/install/pilz_industrial_motion_planner_testutils/lib:/ros2_ws/install/pilz_industrial_motion_planner/lib:/ros2_ws/install/moveit_visual_tools/lib:/ros2_ws/install/moveit_task_constructor_visualization/lib:/ros2_ws/install/moveit_task_constructor_demo/lib:/ros2_ws/install/moveit_task_constructor_capabilities/lib:/ros2_ws/install/moveit_task_constructor_core/lib:/ros2_ws/install/moveit_ros_control_interface/lib:/ros2_ws/install/moveit_simple_controller_manager/lib:/ros2_ws/install/moveit_setup_assistant/lib:/ros2_ws/install/moveit_setup_srdf_plugins/lib:/ros2_ws/install/moveit_setup_core_plugins/lib:/ros2_ws/install/moveit_setup_controllers/lib:/ros2_ws/install/moveit_setup_app_plugins/lib:/ros2_ws/install/moveit_setup_framework/lib:/ros2_ws/install/moveit_servo/lib:/ros2_ws/install/moveit_ros_visualization/lib:/ros2_ws/install/moveit_hybrid_planning/lib:/ros2_ws/install/moveit_ros_planning_interface/lib:/ros2_ws/install/moveit_ros_benchmarks/lib:/ros2_ws/install/moveit_ros_warehouse/lib:/ros2_ws/install/moveit_ros_robot_interaction/lib:/ros2_ws/install/moveit_ros_perception/lib:/ros2_ws/install/moveit_ros_move_group/lib:/ros2_ws/install/moveit_planners_ompl/lib:/ros2_ws/install/moveit_ros_planning/lib:/ros2_ws/install/moveit_resources_prbt_ikfast_manipulator_plugin/lib:/ros2_ws/install/moveit_planners_chomp/lib:/ros2_ws/install/moveit_kinematics/lib:/ros2_ws/install/moveit_chomp_optimizer_adapter/lib:/ros2_ws/install/chomp_motion_planner/lib:/ros2_ws/install/rviz_marker_tools/lib:/ros2_ws/install/rosparam_shortcuts/lib:/ros2_ws/install/moveit_task_constructor_msgs/lib:/usr/lib/x86_64-linux-gnu/gazebo-11/plugins:/opt/ros/humble/opt/rviz_ogre_vendor/lib:/opt/ros/humble/lib/x86_64-linux-gnu:/opt/ros/humble/lib PATH=/ros2_ws/install/moveit_core/bin:/ros2_ws/install/ur_robot_driver/bin:/opt/ros/humble/bin:/usr/local/sbin:/usr/local/bin:/usr/sbin:/usr/bin:/sbin:/bin PYTHONPATH=/ros2_ws/install/moveit_configs_utils/lib/python3.10/site-packages:/ros2_ws/install/launch_param_builder/lib/python3.10/site-packages:/ros2_ws/install/ur_robot_driver/local/lib/python3.10/dist-packages:/ros2_ws/install/ur_msgs/local/lib/python3.10/dist-packages:/ros2_ws/install/ur_moveit_config/local/lib/python3.10/dist-packages:/ros2_ws/install/ur_dashboard_msgs/local/lib/python3.10/dist-packages:/ros2_ws/install/moveit_task_constructor_core/local/lib/python3.10/dist-packages:/ros2_ws/install/srdfdom/local/lib/python3.10/dist-packages:/ros2_ws/install/moveit_task_constructor_msgs/local/lib/python3.10/dist-packages:/opt/ros/humble/lib/python3.10/site-packages:/opt/ros/humble/local/lib/python3.10/dist-packages /usr/bin/cmake --build /ros2_ws/build/moveit_ros_planning
[0.192s] [35m[1mConsolidate compiler generated dependencies of target moveit_rdf_loader[0m
[0.230s] [  4%] Built target moveit_rdf_loader
[0.278s] [35m[1mConsolidate compiler generated dependencies of target moveit_default_planning_request_adapter_plugins[0m
[0.451s] [ 20%] Built target moveit_default_planning_request_adapter_plugins
[0.538s] [35m[1mConsolidate compiler generated dependencies of target moveit_list_request_adapter_plugins[0m
[0.583s] [ 23%] Built target moveit_list_request_adapter_plugins
[0.600s] [35m[1mConsolidate compiler generated dependencies of target gmock_main[0m
[0.618s] [ 26%] Built target gmock_main
[0.635s] [35m[1mConsolidate compiler generated dependencies of target gmock[0m
[0.655s] [ 30%] Built target gmock
[0.688s] [35m[1mConsolidate compiler generated dependencies of target gtest_main[0m
[0.760s] [ 33%] Built target gtest_main
[0.802s] [35m[1mConsolidate compiler generated dependencies of target gtest[0m
[0.833s] [ 36%] Built target gtest
[0.858s] [35m[1mConsolidate compiler generated dependencies of target moveit_kinematics_plugin_loader[0m
[0.943s] [ 39%] Built target moveit_kinematics_plugin_loader
[1.004s] [35m[1mConsolidate compiler generated dependencies of target moveit_constraint_sampler_manager_loader[0m
[1.037s] [ 42%] Built target moveit_constraint_sampler_manager_loader
[1.098s] [35m[1mConsolidate compiler generated dependencies of target moveit_robot_model_loader[0m
[1.133s] [ 45%] Built target moveit_robot_model_loader
[1.155s] [35m[1mConsolidate compiler generated dependencies of target moveit_planning_pipeline[0m
[1.233s] [ 48%] Built target moveit_planning_pipeline
[1.304s] [35m[1mConsolidate compiler generated dependencies of target moveit_print_planning_model_info[0m
[1.338s] [ 51%] Built target moveit_print_planning_model_info
[1.360s] [35m[1mConsolidate compiler generated dependencies of target moveit_collision_plugin_loader[0m
[1.416s] [ 54%] Built target moveit_collision_plugin_loader
[1.444s] [35m[1mConsolidate compiler generated dependencies of target moveit_planning_scene_monitor[0m
[1.564s] [ 63%] Built target moveit_planning_scene_monitor
[1.602s] [35m[1mConsolidate compiler generated dependencies of target demo_scene[0m
[1.696s] [ 66%] Built target demo_scene
[1.742s] [35m[1mConsolidate compiler generated dependencies of target planning_scene_monitor_test[0m
[1.828s] [ 69%] Built target planning_scene_monitor_test
[1.867s] [35m[1mConsolidate compiler generated dependencies of target moveit_print_planning_scene_info[0m
[1.911s] [ 72%] Built target moveit_print_planning_scene_info
[1.962s] [35m[1mConsolidate compiler generated dependencies of target moveit_display_random_state[0m
[2.069s] [ 75%] Built target moveit_display_random_state
[2.090s] [35m[1mConsolidate compiler generated dependencies of target moveit_visualize_robot_collision_volume[0m
[2.124s] [ 77%] Built target moveit_visualize_robot_collision_volume
[2.144s] [35m[1mConsolidate compiler generated dependencies of target moveit_evaluate_collision_checking_speed[0m
[2.190s] [ 80%] Built target moveit_evaluate_collision_checking_speed
[2.211s] [35m[1mConsolidate compiler generated dependencies of target moveit_publish_scene_from_text[0m
[2.246s] [ 83%] Built target moveit_publish_scene_from_text
[2.267s] [35m[1mConsolidate compiler generated dependencies of target moveit_trajectory_execution_manager[0m
[2.301s] [ 86%] Built target moveit_trajectory_execution_manager
[2.323s] [35m[1mConsolidate compiler generated dependencies of target trajectory_monitor_tests[0m
[2.355s] [ 89%] Built target trajectory_monitor_tests
[2.376s] [35m[1mConsolidate compiler generated dependencies of target moveit_cpp[0m
[2.472s] [ 94%] Built target moveit_cpp
[2.539s] [35m[1mConsolidate compiler generated dependencies of target moveit_plan_execution[0m
[2.624s] [ 97%] Built target moveit_plan_execution
[2.695s] [35m[1mConsolidate compiler generated dependencies of target current_state_monitor_tests[0m
[2.732s] [100%] Built target current_state_monitor_tests
[2.747s] Invoked command in '/ros2_ws/build/moveit_ros_planning' returned '0': AMENT_PREFIX_PATH=/ros2_ws/install/moveit_configs_utils:/ros2_ws/install/launch_param_builder:/ros2_ws/install/ur:/ros2_ws/install/ur_calibration:/ros2_ws/install/ur_robot_driver:/ros2_ws/install/ur_bringup:/ros2_ws/install/ur_controllers:/ros2_ws/install/ur_msgs:/ros2_ws/install/ur_moveit_config:/ros2_ws/install/ur_dashboard_msgs:/ros2_ws/install/pilz_industrial_motion_planner_testutils:/ros2_ws/install/moveit_runtime:/ros2_ws/install/moveit2_tutorials:/ros2_ws/install/moveit:/ros2_ws/install/moveit_planners:/ros2_ws/install/pilz_industrial_motion_planner:/ros2_ws/install/moveit_visual_tools:/ros2_ws/install/moveit_task_constructor_visualization:/ros2_ws/install/moveit_task_constructor_demo:/ros2_ws/install/moveit_task_constructor_capabilities:/ros2_ws/install/moveit_task_constructor_core:/ros2_ws/install/moveit_ros_control_interface:/ros2_ws/install/moveit_plugins:/ros2_ws/install/moveit_simple_controller_manager:/ros2_ws/install/moveit_setup_assistant:/ros2_ws/install/moveit_setup_srdf_plugins:/ros2_ws/install/moveit_setup_core_plugins:/ros2_ws/install/moveit_setup_controllers:/ros2_ws/install/moveit_setup_app_plugins:/ros2_ws/install/moveit_setup_framework:/ros2_ws/install/moveit_servo:/ros2_ws/install/moveit_ros:/ros2_ws/install/moveit_ros_visualization:/ros2_ws/install/moveit_hybrid_planning:/ros2_ws/install/moveit_ros_planning_interface:/ros2_ws/install/moveit_ros_benchmarks:/ros2_ws/install/moveit_ros_warehouse:/ros2_ws/install/moveit_ros_robot_interaction:/ros2_ws/install/moveit_ros_perception:/ros2_ws/install/moveit_resources_prbt_pg70_support:/ros2_ws/install/moveit_resources_prbt_moveit_config:/ros2_ws/install/moveit_ros_move_group:/ros2_ws/install/moveit_planners_ompl:/ros2_ws/install/moveit_ros_planning:/ros2_ws/install/moveit_ros_occupancy_map_monitor:/ros2_ws/install/moveit_resources_prbt_ikfast_manipulator_plugin:/ros2_ws/install/moveit_planners_chomp:/ros2_ws/install/moveit_kinematics:/ros2_ws/install/moveit_chomp_optimizer_adapter:/ros2_ws/install/chomp_motion_planner:/ros2_ws/install/moveit_core:/ros2_ws/install/srdfdom:/ros2_ws/install/rviz_marker_tools:/ros2_ws/install/rosparam_shortcuts:/ros2_ws/install/moveit_task_constructor_msgs:/ros2_ws/install/moveit_resources_prbt_support:/ros2_ws/install/moveit_resources:/ros2_ws/install/moveit_resources_pr2_description:/ros2_ws/install/moveit_resources_panda_moveit_config:/ros2_ws/install/moveit_resources_panda_description:/ros2_ws/install/moveit_resources_fanuc_moveit_config:/ros2_ws/install/moveit_resources_fanuc_description:/ros2_ws/install/moveit_common:/opt/ros/humble CMAKE_PREFIX_PATH=/ros2_ws/install/moveit_ros_occupancy_map_monitor:/ros2_ws/install/moveit_core:/ros2_ws/install/moveit_resources_panda_moveit_config:/ros2_ws/install/srdfdom:/ros2_ws/install/moveit_resources_pr2_description:/ros2_ws/install/moveit_resources_panda_description:/ros2_ws/install/moveit_common:/ros2_ws/install/ur:/ros2_ws/install/ur_calibration:/ros2_ws/install/ur_robot_driver:/ros2_ws/install/ur_bringup:/ros2_ws/install/ur_controllers:/ros2_ws/install/ur_msgs:/ros2_ws/install/ur_moveit_config:/ros2_ws/install/ur_dashboard_msgs:/ros2_ws/install/pilz_industrial_motion_planner_testutils:/ros2_ws/install/moveit_runtime:/ros2_ws/install/moveit2_tutorials:/ros2_ws/install/moveit:/ros2_ws/install/moveit_planners:/ros2_ws/install/pilz_industrial_motion_planner:/ros2_ws/install/moveit_visual_tools:/ros2_ws/install/moveit_task_constructor_visualization:/ros2_ws/install/moveit_task_constructor_demo:/ros2_ws/install/moveit_task_constructor_capabilities:/ros2_ws/install/moveit_task_constructor_core:/ros2_ws/install/moveit_ros_control_interface:/ros2_ws/install/moveit_plugins:/ros2_ws/install/moveit_simple_controller_manager:/ros2_ws/install/moveit_setup_assistant:/ros2_ws/install/moveit_setup_srdf_plugins:/ros2_ws/install/moveit_setup_core_plugins:/ros2_ws/install/moveit_setup_controllers:/ros2_ws/install/moveit_setup_app_plugins:/ros2_ws/install/moveit_setup_framework:/ros2_ws/install/moveit_servo:/ros2_ws/install/moveit_ros:/ros2_ws/install/moveit_ros_visualization:/ros2_ws/install/moveit_hybrid_planning:/ros2_ws/install/moveit_ros_planning_interface:/ros2_ws/install/moveit_ros_benchmarks:/ros2_ws/install/moveit_ros_warehouse:/ros2_ws/install/moveit_ros_robot_interaction:/ros2_ws/install/moveit_ros_perception:/ros2_ws/install/moveit_resources_prbt_pg70_support:/ros2_ws/install/moveit_resources_prbt_moveit_config:/ros2_ws/install/moveit_ros_move_group:/ros2_ws/install/moveit_planners_ompl:/ros2_ws/install/moveit_ros_planning:/ros2_ws/install/moveit_resources_prbt_ikfast_manipulator_plugin:/ros2_ws/install/moveit_planners_chomp:/ros2_ws/install/moveit_kinematics:/ros2_ws/install/moveit_chomp_optimizer_adapter:/ros2_ws/install/chomp_motion_planner:/ros2_ws/install/rviz_marker_tools:/ros2_ws/install/rosparam_shortcuts:/ros2_ws/install/moveit_task_constructor_msgs:/ros2_ws/install/moveit_resources_prbt_support:/ros2_ws/install/moveit_resources:/ros2_ws/install/moveit_resources_fanuc_moveit_config:/ros2_ws/install/moveit_resources_fanuc_description:/ros2_ws/install/moveit_configs_utils:/ros2_ws/install/launch_param_builder:/opt/ros/humble LD_LIBRARY_PATH=/ros2_ws/install/moveit_ros_occupancy_map_monitor/lib:/ros2_ws/install/moveit_core/lib:/ros2_ws/install/srdfdom/lib:/ros2_ws/install/ur_robot_driver/lib:/ros2_ws/install/ur_controllers/lib:/ros2_ws/install/ur_msgs/lib:/ros2_ws/install/ur_dashboard_msgs/lib:/ros2_ws/install/pilz_industrial_motion_planner_testutils/lib:/ros2_ws/install/pilz_industrial_motion_planner/lib:/ros2_ws/install/moveit_visual_tools/lib:/ros2_ws/install/moveit_task_constructor_visualization/lib:/ros2_ws/install/moveit_task_constructor_demo/lib:/ros2_ws/install/moveit_task_constructor_capabilities/lib:/ros2_ws/install/moveit_task_constructor_core/lib:/ros2_ws/install/moveit_ros_control_interface/lib:/ros2_ws/install/moveit_simple_controller_manager/lib:/ros2_ws/install/moveit_setup_assistant/lib:/ros2_ws/install/moveit_setup_srdf_plugins/lib:/ros2_ws/install/moveit_setup_core_plugins/lib:/ros2_ws/install/moveit_setup_controllers/lib:/ros2_ws/install/moveit_setup_app_plugins/lib:/ros2_ws/install/moveit_setup_framework/lib:/ros2_ws/install/moveit_servo/lib:/ros2_ws/install/moveit_ros_visualization/lib:/ros2_ws/install/moveit_hybrid_planning/lib:/ros2_ws/install/moveit_ros_planning_interface/lib:/ros2_ws/install/moveit_ros_benchmarks/lib:/ros2_ws/install/moveit_ros_warehouse/lib:/ros2_ws/install/moveit_ros_robot_interaction/lib:/ros2_ws/install/moveit_ros_perception/lib:/ros2_ws/install/moveit_ros_move_group/lib:/ros2_ws/install/moveit_planners_ompl/lib:/ros2_ws/install/moveit_ros_planning/lib:/ros2_ws/install/moveit_resources_prbt_ikfast_manipulator_plugin/lib:/ros2_ws/install/moveit_planners_chomp/lib:/ros2_ws/install/moveit_kinematics/lib:/ros2_ws/install/moveit_chomp_optimizer_adapter/lib:/ros2_ws/install/chomp_motion_planner/lib:/ros2_ws/install/rviz_marker_tools/lib:/ros2_ws/install/rosparam_shortcuts/lib:/ros2_ws/install/moveit_task_constructor_msgs/lib:/usr/lib/x86_64-linux-gnu/gazebo-11/plugins:/opt/ros/humble/opt/rviz_ogre_vendor/lib:/opt/ros/humble/lib/x86_64-linux-gnu:/opt/ros/humble/lib PATH=/ros2_ws/install/moveit_core/bin:/ros2_ws/install/ur_robot_driver/bin:/opt/ros/humble/bin:/usr/local/sbin:/usr/local/bin:/usr/sbin:/usr/bin:/sbin:/bin PYTHONPATH=/ros2_ws/install/moveit_configs_utils/lib/python3.10/site-packages:/ros2_ws/install/launch_param_builder/lib/python3.10/site-packages:/ros2_ws/install/ur_robot_driver/local/lib/python3.10/dist-packages:/ros2_ws/install/ur_msgs/local/lib/python3.10/dist-packages:/ros2_ws/install/ur_moveit_config/local/lib/python3.10/dist-packages:/ros2_ws/install/ur_dashboard_msgs/local/lib/python3.10/dist-packages:/ros2_ws/install/moveit_task_constructor_core/local/lib/python3.10/dist-packages:/ros2_ws/install/srdfdom/local/lib/python3.10/dist-packages:/ros2_ws/install/moveit_task_constructor_msgs/local/lib/python3.10/dist-packages:/opt/ros/humble/lib/python3.10/site-packages:/opt/ros/humble/local/lib/python3.10/dist-packages /usr/bin/cmake --build /ros2_ws/build/moveit_ros_planning
[2.870s] Invoking command in '/ros2_ws/build/moveit_ros_planning': AMENT_PREFIX_PATH=/ros2_ws/install/moveit_configs_utils:/ros2_ws/install/launch_param_builder:/ros2_ws/install/ur:/ros2_ws/install/ur_calibration:/ros2_ws/install/ur_robot_driver:/ros2_ws/install/ur_bringup:/ros2_ws/install/ur_controllers:/ros2_ws/install/ur_msgs:/ros2_ws/install/ur_moveit_config:/ros2_ws/install/ur_dashboard_msgs:/ros2_ws/install/pilz_industrial_motion_planner_testutils:/ros2_ws/install/moveit_runtime:/ros2_ws/install/moveit2_tutorials:/ros2_ws/install/moveit:/ros2_ws/install/moveit_planners:/ros2_ws/install/pilz_industrial_motion_planner:/ros2_ws/install/moveit_visual_tools:/ros2_ws/install/moveit_task_constructor_visualization:/ros2_ws/install/moveit_task_constructor_demo:/ros2_ws/install/moveit_task_constructor_capabilities:/ros2_ws/install/moveit_task_constructor_core:/ros2_ws/install/moveit_ros_control_interface:/ros2_ws/install/moveit_plugins:/ros2_ws/install/moveit_simple_controller_manager:/ros2_ws/install/moveit_setup_assistant:/ros2_ws/install/moveit_setup_srdf_plugins:/ros2_ws/install/moveit_setup_core_plugins:/ros2_ws/install/moveit_setup_controllers:/ros2_ws/install/moveit_setup_app_plugins:/ros2_ws/install/moveit_setup_framework:/ros2_ws/install/moveit_servo:/ros2_ws/install/moveit_ros:/ros2_ws/install/moveit_ros_visualization:/ros2_ws/install/moveit_hybrid_planning:/ros2_ws/install/moveit_ros_planning_interface:/ros2_ws/install/moveit_ros_benchmarks:/ros2_ws/install/moveit_ros_warehouse:/ros2_ws/install/moveit_ros_robot_interaction:/ros2_ws/install/moveit_ros_perception:/ros2_ws/install/moveit_resources_prbt_pg70_support:/ros2_ws/install/moveit_resources_prbt_moveit_config:/ros2_ws/install/moveit_ros_move_group:/ros2_ws/install/moveit_planners_ompl:/ros2_ws/install/moveit_ros_planning:/ros2_ws/install/moveit_ros_occupancy_map_monitor:/ros2_ws/install/moveit_resources_prbt_ikfast_manipulator_plugin:/ros2_ws/install/moveit_planners_chomp:/ros2_ws/install/moveit_kinematics:/ros2_ws/install/moveit_chomp_optimizer_adapter:/ros2_ws/install/chomp_motion_planner:/ros2_ws/install/moveit_core:/ros2_ws/install/srdfdom:/ros2_ws/install/rviz_marker_tools:/ros2_ws/install/rosparam_shortcuts:/ros2_ws/install/moveit_task_constructor_msgs:/ros2_ws/install/moveit_resources_prbt_support:/ros2_ws/install/moveit_resources:/ros2_ws/install/moveit_resources_pr2_description:/ros2_ws/install/moveit_resources_panda_moveit_config:/ros2_ws/install/moveit_resources_panda_description:/ros2_ws/install/moveit_resources_fanuc_moveit_config:/ros2_ws/install/moveit_resources_fanuc_description:/ros2_ws/install/moveit_common:/opt/ros/humble CMAKE_PREFIX_PATH=/ros2_ws/install/moveit_ros_occupancy_map_monitor:/ros2_ws/install/moveit_core:/ros2_ws/install/moveit_resources_panda_moveit_config:/ros2_ws/install/srdfdom:/ros2_ws/install/moveit_resources_pr2_description:/ros2_ws/install/moveit_resources_panda_description:/ros2_ws/install/moveit_common:/ros2_ws/install/ur:/ros2_ws/install/ur_calibration:/ros2_ws/install/ur_robot_driver:/ros2_ws/install/ur_bringup:/ros2_ws/install/ur_controllers:/ros2_ws/install/ur_msgs:/ros2_ws/install/ur_moveit_config:/ros2_ws/install/ur_dashboard_msgs:/ros2_ws/install/pilz_industrial_motion_planner_testutils:/ros2_ws/install/moveit_runtime:/ros2_ws/install/moveit2_tutorials:/ros2_ws/install/moveit:/ros2_ws/install/moveit_planners:/ros2_ws/install/pilz_industrial_motion_planner:/ros2_ws/install/moveit_visual_tools:/ros2_ws/install/moveit_task_constructor_visualization:/ros2_ws/install/moveit_task_constructor_demo:/ros2_ws/install/moveit_task_constructor_capabilities:/ros2_ws/install/moveit_task_constructor_core:/ros2_ws/install/moveit_ros_control_interface:/ros2_ws/install/moveit_plugins:/ros2_ws/install/moveit_simple_controller_manager:/ros2_ws/install/moveit_setup_assistant:/ros2_ws/install/moveit_setup_srdf_plugins:/ros2_ws/install/moveit_setup_core_plugins:/ros2_ws/install/moveit_setup_controllers:/ros2_ws/install/moveit_setup_app_plugins:/ros2_ws/install/moveit_setup_framework:/ros2_ws/install/moveit_servo:/ros2_ws/install/moveit_ros:/ros2_ws/install/moveit_ros_visualization:/ros2_ws/install/moveit_hybrid_planning:/ros2_ws/install/moveit_ros_planning_interface:/ros2_ws/install/moveit_ros_benchmarks:/ros2_ws/install/moveit_ros_warehouse:/ros2_ws/install/moveit_ros_robot_interaction:/ros2_ws/install/moveit_ros_perception:/ros2_ws/install/moveit_resources_prbt_pg70_support:/ros2_ws/install/moveit_resources_prbt_moveit_config:/ros2_ws/install/moveit_ros_move_group:/ros2_ws/install/moveit_planners_ompl:/ros2_ws/install/moveit_ros_planning:/ros2_ws/install/moveit_resources_prbt_ikfast_manipulator_plugin:/ros2_ws/install/moveit_planners_chomp:/ros2_ws/install/moveit_kinematics:/ros2_ws/install/moveit_chomp_optimizer_adapter:/ros2_ws/install/chomp_motion_planner:/ros2_ws/install/rviz_marker_tools:/ros2_ws/install/rosparam_shortcuts:/ros2_ws/install/moveit_task_constructor_msgs:/ros2_ws/install/moveit_resources_prbt_support:/ros2_ws/install/moveit_resources:/ros2_ws/install/moveit_resources_fanuc_moveit_config:/ros2_ws/install/moveit_resources_fanuc_description:/ros2_ws/install/moveit_configs_utils:/ros2_ws/install/launch_param_builder:/opt/ros/humble LD_LIBRARY_PATH=/ros2_ws/install/moveit_ros_occupancy_map_monitor/lib:/ros2_ws/install/moveit_core/lib:/ros2_ws/install/srdfdom/lib:/ros2_ws/install/ur_robot_driver/lib:/ros2_ws/install/ur_controllers/lib:/ros2_ws/install/ur_msgs/lib:/ros2_ws/install/ur_dashboard_msgs/lib:/ros2_ws/install/pilz_industrial_motion_planner_testutils/lib:/ros2_ws/install/pilz_industrial_motion_planner/lib:/ros2_ws/install/moveit_visual_tools/lib:/ros2_ws/install/moveit_task_constructor_visualization/lib:/ros2_ws/install/moveit_task_constructor_demo/lib:/ros2_ws/install/moveit_task_constructor_capabilities/lib:/ros2_ws/install/moveit_task_constructor_core/lib:/ros2_ws/install/moveit_ros_control_interface/lib:/ros2_ws/install/moveit_simple_controller_manager/lib:/ros2_ws/install/moveit_setup_assistant/lib:/ros2_ws/install/moveit_setup_srdf_plugins/lib:/ros2_ws/install/moveit_setup_core_plugins/lib:/ros2_ws/install/moveit_setup_controllers/lib:/ros2_ws/install/moveit_setup_app_plugins/lib:/ros2_ws/install/moveit_setup_framework/lib:/ros2_ws/install/moveit_servo/lib:/ros2_ws/install/moveit_ros_visualization/lib:/ros2_ws/install/moveit_hybrid_planning/lib:/ros2_ws/install/moveit_ros_planning_interface/lib:/ros2_ws/install/moveit_ros_benchmarks/lib:/ros2_ws/install/moveit_ros_warehouse/lib:/ros2_ws/install/moveit_ros_robot_interaction/lib:/ros2_ws/install/moveit_ros_perception/lib:/ros2_ws/install/moveit_ros_move_group/lib:/ros2_ws/install/moveit_planners_ompl/lib:/ros2_ws/install/moveit_ros_planning/lib:/ros2_ws/install/moveit_resources_prbt_ikfast_manipulator_plugin/lib:/ros2_ws/install/moveit_planners_chomp/lib:/ros2_ws/install/moveit_kinematics/lib:/ros2_ws/install/moveit_chomp_optimizer_adapter/lib:/ros2_ws/install/chomp_motion_planner/lib:/ros2_ws/install/rviz_marker_tools/lib:/ros2_ws/install/rosparam_shortcuts/lib:/ros2_ws/install/moveit_task_constructor_msgs/lib:/usr/lib/x86_64-linux-gnu/gazebo-11/plugins:/opt/ros/humble/opt/rviz_ogre_vendor/lib:/opt/ros/humble/lib/x86_64-linux-gnu:/opt/ros/humble/lib PATH=/ros2_ws/install/moveit_core/bin:/ros2_ws/install/ur_robot_driver/bin:/opt/ros/humble/bin:/usr/local/sbin:/usr/local/bin:/usr/sbin:/usr/bin:/sbin:/bin PYTHONPATH=/ros2_ws/install/moveit_configs_utils/lib/python3.10/site-packages:/ros2_ws/install/launch_param_builder/lib/python3.10/site-packages:/ros2_ws/install/ur_robot_driver/local/lib/python3.10/dist-packages:/ros2_ws/install/ur_msgs/local/lib/python3.10/dist-packages:/ros2_ws/install/ur_moveit_config/local/lib/python3.10/dist-packages:/ros2_ws/install/ur_dashboard_msgs/local/lib/python3.10/dist-packages:/ros2_ws/install/moveit_task_constructor_core/local/lib/python3.10/dist-packages:/ros2_ws/install/srdfdom/local/lib/python3.10/dist-packages:/ros2_ws/install/moveit_task_constructor_msgs/local/lib/python3.10/dist-packages:/opt/ros/humble/lib/python3.10/site-packages:/opt/ros/humble/local/lib/python3.10/dist-packages /usr/bin/cmake --install /ros2_ws/build/moveit_ros_planning
[2.911s] -- Install configuration: "Release"
[2.911s] -- Up-to-date: /ros2_ws/install/moveit_ros_planning/include
[2.912s] -- Up-to-date: /ros2_ws/install/moveit_ros_planning/include/moveit
[2.912s] -- Up-to-date: /ros2_ws/install/moveit_ros_planning/include/moveit/rdf_loader
[2.912s] -- Up-to-date: /ros2_ws/install/moveit_ros_planning/include/moveit/rdf_loader/rdf_loader.h
[2.912s] -- Up-to-date: /ros2_ws/install/moveit_ros_planning/include/moveit/rdf_loader/synchronized_string_parameter.h
[2.913s] -- Up-to-date: /ros2_ws/install/moveit_ros_planning/share/moveit_ros_planning/rdf_loader/test/data
[2.913s] -- Up-to-date: /ros2_ws/install/moveit_ros_planning/share/moveit_ros_planning/rdf_loader/test/data/robin.srdf.xacro
[2.913s] -- Up-to-date: /ros2_ws/install/moveit_ros_planning/share/moveit_ros_planning/rdf_loader/test/data/kermit.srdf
[2.913s] -- Up-to-date: /ros2_ws/install/moveit_ros_planning/share/moveit_ros_planning/rdf_loader/test/data/kermit.urdf
[2.913s] -- Up-to-date: /ros2_ws/install/moveit_ros_planning/share/moveit_ros_planning/rdf_loader/test/data/gonzo.urdf
[2.913s] -- Up-to-date: /ros2_ws/install/moveit_ros_planning/share/moveit_ros_planning/rdf_loader/test/data/gonzo.srdf
[2.913s] -- Up-to-date: /ros2_ws/install/moveit_ros_planning/share/moveit_ros_planning/rdf_loader/test/launch
[2.914s] -- Up-to-date: /ros2_ws/install/moveit_ros_planning/share/moveit_ros_planning/rdf_loader/test/launch/test_rdf_integration.test.py
[2.914s] -- Up-to-date: /ros2_ws/install/moveit_ros_planning/include
[2.914s] -- Up-to-date: /ros2_ws/install/moveit_ros_planning/include/moveit
[2.914s] -- Up-to-date: /ros2_ws/install/moveit_ros_planning/include/moveit/collision_plugin_loader
[2.914s] -- Up-to-date: /ros2_ws/install/moveit_ros_planning/include/moveit/collision_plugin_loader/collision_plugin_loader.h
[2.914s] -- Up-to-date: /ros2_ws/install/moveit_ros_planning/include
[2.914s] -- Up-to-date: /ros2_ws/install/moveit_ros_planning/include/moveit
[2.915s] -- Up-to-date: /ros2_ws/install/moveit_ros_planning/include/moveit/kinematics_plugin_loader
[2.915s] -- Up-to-date: /ros2_ws/install/moveit_ros_planning/include/moveit/kinematics_plugin_loader/kinematics_plugin_loader.h
[2.915s] -- Up-to-date: /ros2_ws/install/moveit_ros_planning/include
[2.915s] -- Up-to-date: /ros2_ws/install/moveit_ros_planning/include/moveit
[2.915s] -- Up-to-date: /ros2_ws/install/moveit_ros_planning/include/moveit/robot_model_loader
[2.915s] -- Up-to-date: /ros2_ws/install/moveit_ros_planning/include/moveit/robot_model_loader/robot_model_loader.h
[2.915s] -- Up-to-date: /ros2_ws/install/moveit_ros_planning/include
[2.916s] -- Up-to-date: /ros2_ws/install/moveit_ros_planning/include/moveit
[2.916s] -- Up-to-date: /ros2_ws/install/moveit_ros_planning/include/moveit/constraint_sampler_manager_loader
[2.916s] -- Up-to-date: /ros2_ws/install/moveit_ros_planning/include/moveit/constraint_sampler_manager_loader/constraint_sampler_manager_loader.h
[2.916s] -- Up-to-date: /ros2_ws/install/moveit_ros_planning/include
[2.916s] -- Up-to-date: /ros2_ws/install/moveit_ros_planning/include/moveit
[2.916s] -- Up-to-date: /ros2_ws/install/moveit_ros_planning/include/moveit/planning_pipeline
[2.916s] -- Up-to-date: /ros2_ws/install/moveit_ros_planning/include/moveit/planning_pipeline/planning_pipeline.h
[2.917s] -- Up-to-date: /ros2_ws/install/moveit_ros_planning/include/moveit_planning_pipeline_export.h
[2.918s] -- Up-to-date: /ros2_ws/install/moveit_ros_planning/lib/moveit_ros_planning/moveit_list_request_adapter_plugins
[2.920s] -- Up-to-date: /ros2_ws/install/moveit_ros_planning/lib/moveit_ros_planning/demo_scene
[2.920s] -- Up-to-date: /ros2_ws/install/moveit_ros_planning/include
[2.920s] -- Up-to-date: /ros2_ws/install/moveit_ros_planning/include/moveit
[2.920s] -- Up-to-date: /ros2_ws/install/moveit_ros_planning/include/moveit/planning_scene_monitor
[2.920s] -- Up-to-date: /ros2_ws/install/moveit_ros_planning/include/moveit/planning_scene_monitor/trajectory_monitor.h
[2.920s] -- Up-to-date: /ros2_ws/install/moveit_ros_planning/include/moveit/planning_scene_monitor/planning_scene_monitor.h
[2.920s] -- Up-to-date: /ros2_ws/install/moveit_ros_planning/include/moveit/planning_scene_monitor/current_state_monitor_middleware_handle.hpp
[2.920s] -- Up-to-date: /ros2_ws/install/moveit_ros_planning/include/moveit/planning_scene_monitor/trajectory_monitor_middleware_handle.hpp
[2.921s] -- Up-to-date: /ros2_ws/install/moveit_ros_planning/include/moveit/planning_scene_monitor/current_state_monitor.h
[2.921s] -- Up-to-date: /ros2_ws/install/moveit_ros_planning/include/moveit_planning_scene_monitor_export.h
[2.922s] -- Up-to-date: /ros2_ws/install/moveit_ros_planning/lib/moveit_ros_planning/moveit_print_planning_model_info
[2.923s] -- Up-to-date: /ros2_ws/install/moveit_ros_planning/lib/moveit_ros_planning/moveit_print_planning_scene_info
[2.924s] -- Up-to-date: /ros2_ws/install/moveit_ros_planning/lib/moveit_ros_planning/moveit_display_random_state
[2.925s] -- Up-to-date: /ros2_ws/install/moveit_ros_planning/lib/moveit_ros_planning/moveit_visualize_robot_collision_volume
[2.926s] -- Up-to-date: /ros2_ws/install/moveit_ros_planning/lib/moveit_ros_planning/moveit_evaluate_collision_checking_speed
[2.927s] -- Up-to-date: /ros2_ws/install/moveit_ros_planning/lib/moveit_ros_planning/moveit_publish_scene_from_text
[2.928s] -- Up-to-date: /ros2_ws/install/moveit_ros_planning/include
[2.928s] -- Up-to-date: /ros2_ws/install/moveit_ros_planning/include/moveit
[2.928s] -- Up-to-date: /ros2_ws/install/moveit_ros_planning/include/moveit/trajectory_execution_manager
[2.928s] -- Up-to-date: /ros2_ws/install/moveit_ros_planning/include/moveit/trajectory_execution_manager/trajectory_execution_manager.h
[2.928s] -- Up-to-date: /ros2_ws/install/moveit_ros_planning/include/moveit_trajectory_execution_manager_export.h
[2.929s] -- Up-to-date: /ros2_ws/install/moveit_ros_planning/include
[2.929s] -- Up-to-date: /ros2_ws/install/moveit_ros_planning/include/moveit
[2.929s] -- Up-to-date: /ros2_ws/install/moveit_ros_planning/include/moveit/plan_execution
[2.929s] -- Up-to-date: /ros2_ws/install/moveit_ros_planning/include/moveit/plan_execution/plan_execution.h
[2.929s] -- Up-to-date: /ros2_ws/install/moveit_ros_planning/include/moveit/plan_execution/plan_representation.h
[2.929s] -- Up-to-date: /ros2_ws/install/moveit_ros_planning/include
[2.929s] -- Up-to-date: /ros2_ws/install/moveit_ros_planning/include/moveit
[2.929s] -- Up-to-date: /ros2_ws/install/moveit_ros_planning/include/moveit/moveit_cpp
[2.930s] -- Up-to-date: /ros2_ws/install/moveit_ros_planning/include/moveit/moveit_cpp/moveit_cpp.h
[2.930s] -- Up-to-date: /ros2_ws/install/moveit_ros_planning/include/moveit/moveit_cpp/planning_component.h
[2.930s] -- Up-to-date: /ros2_ws/install/moveit_ros_planning/lib/libmoveit_rdf_loader.so.2.5.7
[2.931s] -- Up-to-date: /ros2_ws/install/moveit_ros_planning/lib/libmoveit_rdf_loader.so
[2.932s] -- Up-to-date: /ros2_ws/install/moveit_ros_planning/lib/libmoveit_kinematics_plugin_loader.so.2.5.7
[2.932s] -- Up-to-date: /ros2_ws/install/moveit_ros_planning/lib/libmoveit_kinematics_plugin_loader.so
[2.934s] -- Up-to-date: /ros2_ws/install/moveit_ros_planning/lib/libmoveit_robot_model_loader.so.2.5.7
[2.934s] -- Up-to-date: /ros2_ws/install/moveit_ros_planning/lib/libmoveit_robot_model_loader.so
[2.935s] -- Up-to-date: /ros2_ws/install/moveit_ros_planning/lib/libmoveit_constraint_sampler_manager_loader.so.2.5.7
[2.935s] -- Up-to-date: /ros2_ws/install/moveit_ros_planning/lib/libmoveit_constraint_sampler_manager_loader.so
[2.936s] -- Up-to-date: /ros2_ws/install/moveit_ros_planning/lib/libmoveit_planning_pipeline.so.2.5.7
[2.936s] -- Up-to-date: /ros2_ws/install/moveit_ros_planning/lib/libmoveit_planning_pipeline.so
[2.937s] -- Up-to-date: /ros2_ws/install/moveit_ros_planning/lib/libmoveit_trajectory_execution_manager.so.2.5.7
[2.937s] -- Up-to-date: /ros2_ws/install/moveit_ros_planning/lib/libmoveit_trajectory_execution_manager.so
[2.938s] -- Up-to-date: /ros2_ws/install/moveit_ros_planning/lib/libmoveit_plan_execution.so.2.5.7
[2.938s] -- Up-to-date: /ros2_ws/install/moveit_ros_planning/lib/libmoveit_plan_execution.so
[2.939s] -- Up-to-date: /ros2_ws/install/moveit_ros_planning/lib/libmoveit_planning_scene_monitor.so.2.5.7
[2.939s] -- Up-to-date: /ros2_ws/install/moveit_ros_planning/lib/libmoveit_planning_scene_monitor.so
[2.939s] -- Up-to-date: /ros2_ws/install/moveit_ros_planning/lib/libmoveit_collision_plugin_loader.so.2.5.7
[2.940s] -- Up-to-date: /ros2_ws/install/moveit_ros_planning/lib/libmoveit_collision_plugin_loader.so
[2.940s] -- Up-to-date: /ros2_ws/install/moveit_ros_planning/lib/libmoveit_default_planning_request_adapter_plugins.so.2.5.7
[2.941s] -- Up-to-date: /ros2_ws/install/moveit_ros_planning/lib/libmoveit_default_planning_request_adapter_plugins.so
[2.941s] -- Up-to-date: /ros2_ws/install/moveit_ros_planning/lib/libmoveit_cpp.so.2.5.7
[2.942s] -- Up-to-date: /ros2_ws/install/moveit_ros_planning/lib/libmoveit_cpp.so
[2.942s] -- Up-to-date: /ros2_ws/install/moveit_ros_planning/share/moveit_ros_planning/environment/library_path.sh
[2.942s] -- Up-to-date: /ros2_ws/install/moveit_ros_planning/share/moveit_ros_planning/environment/library_path.dsv
[2.942s] -- Up-to-date: /ros2_ws/install/moveit_ros_planning/share/moveit_ros_planning/planning_request_adapters_plugin_description.xml
[2.942s] -- Up-to-date: /ros2_ws/install/moveit_ros_planning/share/ament_index/resource_index/package_run_dependencies/moveit_ros_planning
[2.942s] -- Up-to-date: /ros2_ws/install/moveit_ros_planning/share/ament_index/resource_index/parent_prefix_path/moveit_ros_planning
[2.942s] -- Up-to-date: /ros2_ws/install/moveit_ros_planning/share/moveit_ros_planning/environment/ament_prefix_path.sh
[2.942s] -- Up-to-date: /ros2_ws/install/moveit_ros_planning/share/moveit_ros_planning/environment/ament_prefix_path.dsv
[2.942s] -- Up-to-date: /ros2_ws/install/moveit_ros_planning/share/moveit_ros_planning/environment/path.sh
[2.942s] -- Up-to-date: /ros2_ws/install/moveit_ros_planning/share/moveit_ros_planning/environment/path.dsv
[2.942s] -- Up-to-date: /ros2_ws/install/moveit_ros_planning/share/moveit_ros_planning/local_setup.bash
[2.943s] -- Up-to-date: /ros2_ws/install/moveit_ros_planning/share/moveit_ros_planning/local_setup.sh
[2.943s] -- Up-to-date: /ros2_ws/install/moveit_ros_planning/share/moveit_ros_planning/local_setup.zsh
[2.943s] -- Up-to-date: /ros2_ws/install/moveit_ros_planning/share/moveit_ros_planning/local_setup.dsv
[2.943s] -- Installing: /ros2_ws/install/moveit_ros_planning/share/moveit_ros_planning/package.dsv
[2.943s] -- Up-to-date: /ros2_ws/install/moveit_ros_planning/share/ament_index/resource_index/packages/moveit_ros_planning
[2.943s] -- Up-to-date: /ros2_ws/install/moveit_ros_planning/share/ament_index/resource_index/moveit_core__pluginlib__plugin/moveit_ros_planning
[2.944s] -- Up-to-date: /ros2_ws/install/moveit_ros_planning/share/moveit_ros_planning/cmake/export_moveit_ros_planningExport.cmake
[2.945s] -- Up-to-date: /ros2_ws/install/moveit_ros_planning/share/moveit_ros_planning/cmake/export_moveit_ros_planningExport-release.cmake
[2.945s] -- Up-to-date: /ros2_ws/install/moveit_ros_planning/share/moveit_ros_planning/cmake/ConfigExtras.cmake
[2.945s] -- Up-to-date: /ros2_ws/install/moveit_ros_planning/share/moveit_ros_planning/cmake/ament_cmake_export_targets-extras.cmake
[2.945s] -- Up-to-date: /ros2_ws/install/moveit_ros_planning/share/moveit_ros_planning/cmake/ament_cmake_export_dependencies-extras.cmake
[2.945s] -- Up-to-date: /ros2_ws/install/moveit_ros_planning/share/moveit_ros_planning/cmake/moveit_ros_planningConfig.cmake
[2.945s] -- Up-to-date: /ros2_ws/install/moveit_ros_planning/share/moveit_ros_planning/cmake/moveit_ros_planningConfig-version.cmake
[2.945s] -- Up-to-date: /ros2_ws/install/moveit_ros_planning/share/moveit_ros_planning/package.xml
[2.947s] Invoked command in '/ros2_ws/build/moveit_ros_planning' returned '0': AMENT_PREFIX_PATH=/ros2_ws/install/moveit_configs_utils:/ros2_ws/install/launch_param_builder:/ros2_ws/install/ur:/ros2_ws/install/ur_calibration:/ros2_ws/install/ur_robot_driver:/ros2_ws/install/ur_bringup:/ros2_ws/install/ur_controllers:/ros2_ws/install/ur_msgs:/ros2_ws/install/ur_moveit_config:/ros2_ws/install/ur_dashboard_msgs:/ros2_ws/install/pilz_industrial_motion_planner_testutils:/ros2_ws/install/moveit_runtime:/ros2_ws/install/moveit2_tutorials:/ros2_ws/install/moveit:/ros2_ws/install/moveit_planners:/ros2_ws/install/pilz_industrial_motion_planner:/ros2_ws/install/moveit_visual_tools:/ros2_ws/install/moveit_task_constructor_visualization:/ros2_ws/install/moveit_task_constructor_demo:/ros2_ws/install/moveit_task_constructor_capabilities:/ros2_ws/install/moveit_task_constructor_core:/ros2_ws/install/moveit_ros_control_interface:/ros2_ws/install/moveit_plugins:/ros2_ws/install/moveit_simple_controller_manager:/ros2_ws/install/moveit_setup_assistant:/ros2_ws/install/moveit_setup_srdf_plugins:/ros2_ws/install/moveit_setup_core_plugins:/ros2_ws/install/moveit_setup_controllers:/ros2_ws/install/moveit_setup_app_plugins:/ros2_ws/install/moveit_setup_framework:/ros2_ws/install/moveit_servo:/ros2_ws/install/moveit_ros:/ros2_ws/install/moveit_ros_visualization:/ros2_ws/install/moveit_hybrid_planning:/ros2_ws/install/moveit_ros_planning_interface:/ros2_ws/install/moveit_ros_benchmarks:/ros2_ws/install/moveit_ros_warehouse:/ros2_ws/install/moveit_ros_robot_interaction:/ros2_ws/install/moveit_ros_perception:/ros2_ws/install/moveit_resources_prbt_pg70_support:/ros2_ws/install/moveit_resources_prbt_moveit_config:/ros2_ws/install/moveit_ros_move_group:/ros2_ws/install/moveit_planners_ompl:/ros2_ws/install/moveit_ros_planning:/ros2_ws/install/moveit_ros_occupancy_map_monitor:/ros2_ws/install/moveit_resources_prbt_ikfast_manipulator_plugin:/ros2_ws/install/moveit_planners_chomp:/ros2_ws/install/moveit_kinematics:/ros2_ws/install/moveit_chomp_optimizer_adapter:/ros2_ws/install/chomp_motion_planner:/ros2_ws/install/moveit_core:/ros2_ws/install/srdfdom:/ros2_ws/install/rviz_marker_tools:/ros2_ws/install/rosparam_shortcuts:/ros2_ws/install/moveit_task_constructor_msgs:/ros2_ws/install/moveit_resources_prbt_support:/ros2_ws/install/moveit_resources:/ros2_ws/install/moveit_resources_pr2_description:/ros2_ws/install/moveit_resources_panda_moveit_config:/ros2_ws/install/moveit_resources_panda_description:/ros2_ws/install/moveit_resources_fanuc_moveit_config:/ros2_ws/install/moveit_resources_fanuc_description:/ros2_ws/install/moveit_common:/opt/ros/humble CMAKE_PREFIX_PATH=/ros2_ws/install/moveit_ros_occupancy_map_monitor:/ros2_ws/install/moveit_core:/ros2_ws/install/moveit_resources_panda_moveit_config:/ros2_ws/install/srdfdom:/ros2_ws/install/moveit_resources_pr2_description:/ros2_ws/install/moveit_resources_panda_description:/ros2_ws/install/moveit_common:/ros2_ws/install/ur:/ros2_ws/install/ur_calibration:/ros2_ws/install/ur_robot_driver:/ros2_ws/install/ur_bringup:/ros2_ws/install/ur_controllers:/ros2_ws/install/ur_msgs:/ros2_ws/install/ur_moveit_config:/ros2_ws/install/ur_dashboard_msgs:/ros2_ws/install/pilz_industrial_motion_planner_testutils:/ros2_ws/install/moveit_runtime:/ros2_ws/install/moveit2_tutorials:/ros2_ws/install/moveit:/ros2_ws/install/moveit_planners:/ros2_ws/install/pilz_industrial_motion_planner:/ros2_ws/install/moveit_visual_tools:/ros2_ws/install/moveit_task_constructor_visualization:/ros2_ws/install/moveit_task_constructor_demo:/ros2_ws/install/moveit_task_constructor_capabilities:/ros2_ws/install/moveit_task_constructor_core:/ros2_ws/install/moveit_ros_control_interface:/ros2_ws/install/moveit_plugins:/ros2_ws/install/moveit_simple_controller_manager:/ros2_ws/install/moveit_setup_assistant:/ros2_ws/install/moveit_setup_srdf_plugins:/ros2_ws/install/moveit_setup_core_plugins:/ros2_ws/install/moveit_setup_controllers:/ros2_ws/install/moveit_setup_app_plugins:/ros2_ws/install/moveit_setup_framework:/ros2_ws/install/moveit_servo:/ros2_ws/install/moveit_ros:/ros2_ws/install/moveit_ros_visualization:/ros2_ws/install/moveit_hybrid_planning:/ros2_ws/install/moveit_ros_planning_interface:/ros2_ws/install/moveit_ros_benchmarks:/ros2_ws/install/moveit_ros_warehouse:/ros2_ws/install/moveit_ros_robot_interaction:/ros2_ws/install/moveit_ros_perception:/ros2_ws/install/moveit_resources_prbt_pg70_support:/ros2_ws/install/moveit_resources_prbt_moveit_config:/ros2_ws/install/moveit_ros_move_group:/ros2_ws/install/moveit_planners_ompl:/ros2_ws/install/moveit_ros_planning:/ros2_ws/install/moveit_resources_prbt_ikfast_manipulator_plugin:/ros2_ws/install/moveit_planners_chomp:/ros2_ws/install/moveit_kinematics:/ros2_ws/install/moveit_chomp_optimizer_adapter:/ros2_ws/install/chomp_motion_planner:/ros2_ws/install/rviz_marker_tools:/ros2_ws/install/rosparam_shortcuts:/ros2_ws/install/moveit_task_constructor_msgs:/ros2_ws/install/moveit_resources_prbt_support:/ros2_ws/install/moveit_resources:/ros2_ws/install/moveit_resources_fanuc_moveit_config:/ros2_ws/install/moveit_resources_fanuc_description:/ros2_ws/install/moveit_configs_utils:/ros2_ws/install/launch_param_builder:/opt/ros/humble LD_LIBRARY_PATH=/ros2_ws/install/moveit_ros_occupancy_map_monitor/lib:/ros2_ws/install/moveit_core/lib:/ros2_ws/install/srdfdom/lib:/ros2_ws/install/ur_robot_driver/lib:/ros2_ws/install/ur_controllers/lib:/ros2_ws/install/ur_msgs/lib:/ros2_ws/install/ur_dashboard_msgs/lib:/ros2_ws/install/pilz_industrial_motion_planner_testutils/lib:/ros2_ws/install/pilz_industrial_motion_planner/lib:/ros2_ws/install/moveit_visual_tools/lib:/ros2_ws/install/moveit_task_constructor_visualization/lib:/ros2_ws/install/moveit_task_constructor_demo/lib:/ros2_ws/install/moveit_task_constructor_capabilities/lib:/ros2_ws/install/moveit_task_constructor_core/lib:/ros2_ws/install/moveit_ros_control_interface/lib:/ros2_ws/install/moveit_simple_controller_manager/lib:/ros2_ws/install/moveit_setup_assistant/lib:/ros2_ws/install/moveit_setup_srdf_plugins/lib:/ros2_ws/install/moveit_setup_core_plugins/lib:/ros2_ws/install/moveit_setup_controllers/lib:/ros2_ws/install/moveit_setup_app_plugins/lib:/ros2_ws/install/moveit_setup_framework/lib:/ros2_ws/install/moveit_servo/lib:/ros2_ws/install/moveit_ros_visualization/lib:/ros2_ws/install/moveit_hybrid_planning/lib:/ros2_ws/install/moveit_ros_planning_interface/lib:/ros2_ws/install/moveit_ros_benchmarks/lib:/ros2_ws/install/moveit_ros_warehouse/lib:/ros2_ws/install/moveit_ros_robot_interaction/lib:/ros2_ws/install/moveit_ros_perception/lib:/ros2_ws/install/moveit_ros_move_group/lib:/ros2_ws/install/moveit_planners_ompl/lib:/ros2_ws/install/moveit_ros_planning/lib:/ros2_ws/install/moveit_resources_prbt_ikfast_manipulator_plugin/lib:/ros2_ws/install/moveit_planners_chomp/lib:/ros2_ws/install/moveit_kinematics/lib:/ros2_ws/install/moveit_chomp_optimizer_adapter/lib:/ros2_ws/install/chomp_motion_planner/lib:/ros2_ws/install/rviz_marker_tools/lib:/ros2_ws/install/rosparam_shortcuts/lib:/ros2_ws/install/moveit_task_constructor_msgs/lib:/usr/lib/x86_64-linux-gnu/gazebo-11/plugins:/opt/ros/humble/opt/rviz_ogre_vendor/lib:/opt/ros/humble/lib/x86_64-linux-gnu:/opt/ros/humble/lib PATH=/ros2_ws/install/moveit_core/bin:/ros2_ws/install/ur_robot_driver/bin:/opt/ros/humble/bin:/usr/local/sbin:/usr/local/bin:/usr/sbin:/usr/bin:/sbin:/bin PYTHONPATH=/ros2_ws/install/moveit_configs_utils/lib/python3.10/site-packages:/ros2_ws/install/launch_param_builder/lib/python3.10/site-packages:/ros2_ws/install/ur_robot_driver/local/lib/python3.10/dist-packages:/ros2_ws/install/ur_msgs/local/lib/python3.10/dist-packages:/ros2_ws/install/ur_moveit_config/local/lib/python3.10/dist-packages:/ros2_ws/install/ur_dashboard_msgs/local/lib/python3.10/dist-packages:/ros2_ws/install/moveit_task_constructor_core/local/lib/python3.10/dist-packages:/ros2_ws/install/srdfdom/local/lib/python3.10/dist-packages:/ros2_ws/install/moveit_task_constructor_msgs/local/lib/python3.10/dist-packages:/opt/ros/humble/lib/python3.10/site-packages:/opt/ros/humble/local/lib/python3.10/dist-packages /usr/bin/cmake --install /ros2_ws/build/moveit_ros_planning
