[0.031s] Invoking command in '/ros2_ws/build/ur_robot_driver': CMAKE_PREFIX_PATH=/ros2_ws/install/ur_controllers:/ros2_ws/install/ur_msgs:/ros2_ws/install/ur_dashboard_msgs:/ros2_ws/install/ur:/ros2_ws/install/ur_calibration:/ros2_ws/install/ur_robot_driver:/ros2_ws/install/ur_bringup:/ros2_ws/install/ur_moveit_config:/ros2_ws/install/pilz_industrial_motion_planner_testutils:/ros2_ws/install/moveit_runtime:/ros2_ws/install/moveit2_tutorials:/ros2_ws/install/moveit:/ros2_ws/install/moveit_planners:/ros2_ws/install/pilz_industrial_motion_planner:/ros2_ws/install/moveit_visual_tools:/ros2_ws/install/moveit_task_constructor_visualization:/ros2_ws/install/moveit_task_constructor_demo:/ros2_ws/install/moveit_task_constructor_capabilities:/ros2_ws/install/moveit_task_constructor_core:/ros2_ws/install/moveit_ros_control_interface:/ros2_ws/install/moveit_plugins:/ros2_ws/install/moveit_simple_controller_manager:/ros2_ws/install/moveit_setup_assistant:/ros2_ws/install/moveit_setup_srdf_plugins:/ros2_ws/install/moveit_setup_core_plugins:/ros2_ws/install/moveit_setup_controllers:/ros2_ws/install/moveit_setup_app_plugins:/ros2_ws/install/moveit_setup_framework:/ros2_ws/install/moveit_servo:/ros2_ws/install/moveit_ros:/ros2_ws/install/moveit_ros_visualization:/ros2_ws/install/moveit_hybrid_planning:/ros2_ws/install/moveit_ros_planning_interface:/ros2_ws/install/moveit_ros_benchmarks:/ros2_ws/install/moveit_ros_warehouse:/ros2_ws/install/moveit_ros_robot_interaction:/ros2_ws/install/moveit_ros_perception:/ros2_ws/install/moveit_resources_prbt_pg70_support:/ros2_ws/install/moveit_resources_prbt_moveit_config:/ros2_ws/install/moveit_ros_move_group:/ros2_ws/install/moveit_planners_ompl:/ros2_ws/install/moveit_ros_planning:/ros2_ws/install/moveit_ros_occupancy_map_monitor:/ros2_ws/install/moveit_resources_prbt_ikfast_manipulator_plugin:/ros2_ws/install/moveit_planners_chomp:/ros2_ws/install/moveit_kinematics:/ros2_ws/install/moveit_chomp_optimizer_adapter:/ros2_ws/install/chomp_motion_planner:/ros2_ws/install/moveit_core:/ros2_ws/install/srdfdom:/ros2_ws/install/rviz_marker_tools:/ros2_ws/install/rosparam_shortcuts:/ros2_ws/install/moveit_task_constructor_msgs:/ros2_ws/install/moveit_resources_prbt_support:/ros2_ws/install/moveit_resources:/ros2_ws/install/moveit_resources_pr2_description:/ros2_ws/install/moveit_resources_panda_moveit_config:/ros2_ws/install/moveit_resources_panda_description:/ros2_ws/install/moveit_resources_fanuc_moveit_config:/ros2_ws/install/moveit_resources_fanuc_description:/ros2_ws/install/moveit_common:/ros2_ws/install/moveit_configs_utils:/ros2_ws/install/launch_param_builder:/opt/ros/humble LD_LIBRARY_PATH=/ros2_ws/install/ur_controllers/lib:/ros2_ws/install/ur_msgs/lib:/ros2_ws/install/ur_dashboard_msgs/lib:/ros2_ws/install/ur_robot_driver/lib:/ros2_ws/install/pilz_industrial_motion_planner_testutils/lib:/ros2_ws/install/pilz_industrial_motion_planner/lib:/ros2_ws/install/moveit_visual_tools/lib:/ros2_ws/install/moveit_task_constructor_visualization/lib:/ros2_ws/install/moveit_task_constructor_demo/lib:/ros2_ws/install/moveit_task_constructor_capabilities/lib:/ros2_ws/install/moveit_task_constructor_core/lib:/ros2_ws/install/moveit_ros_control_interface/lib:/ros2_ws/install/moveit_simple_controller_manager/lib:/ros2_ws/install/moveit_setup_assistant/lib:/ros2_ws/install/moveit_setup_srdf_plugins/lib:/ros2_ws/install/moveit_setup_core_plugins/lib:/ros2_ws/install/moveit_setup_controllers/lib:/ros2_ws/install/moveit_setup_app_plugins/lib:/ros2_ws/install/moveit_setup_framework/lib:/ros2_ws/install/moveit_servo/lib:/ros2_ws/install/moveit_ros_visualization/lib:/ros2_ws/install/moveit_hybrid_planning/lib:/ros2_ws/install/moveit_ros_planning_interface/lib:/ros2_ws/install/moveit_ros_benchmarks/lib:/ros2_ws/install/moveit_ros_warehouse/lib:/ros2_ws/install/moveit_ros_robot_interaction/lib:/ros2_ws/install/moveit_ros_perception/lib:/ros2_ws/install/moveit_ros_move_group/lib:/ros2_ws/install/moveit_planners_ompl/lib:/ros2_ws/install/moveit_ros_planning/lib:/ros2_ws/install/moveit_ros_occupancy_map_monitor/lib:/ros2_ws/install/moveit_resources_prbt_ikfast_manipulator_plugin/lib:/ros2_ws/install/moveit_planners_chomp/lib:/ros2_ws/install/moveit_kinematics/lib:/ros2_ws/install/moveit_chomp_optimizer_adapter/lib:/ros2_ws/install/chomp_motion_planner/lib:/ros2_ws/install/moveit_core/lib:/ros2_ws/install/srdfdom/lib:/ros2_ws/install/rviz_marker_tools/lib:/ros2_ws/install/rosparam_shortcuts/lib:/ros2_ws/install/moveit_task_constructor_msgs/lib:/usr/lib/x86_64-linux-gnu/gazebo-11/plugins:/opt/ros/humble/opt/rviz_ogre_vendor/lib:/opt/ros/humble/lib/x86_64-linux-gnu:/opt/ros/humble/lib /usr/bin/cmake --build /ros2_ws/build/ur_robot_driver
[0.157s] [ 26%] Built target ur_robot_driver_plugin
[0.197s] [ 46%] Built target controller_stopper_node
[0.235s] [ 60%] Built target urscript_interface
[0.277s] [ 60%] Built target ament_cmake_python_copy_ur_robot_driver
[0.317s] [ 73%] Built target ur_ros2_control_node
[0.546s] running egg_info
[0.547s] writing ur_robot_driver.egg-info/PKG-INFO
[0.547s] writing dependency_links to ur_robot_driver.egg-info/dependency_links.txt
[0.547s] writing top-level names to ur_robot_driver.egg-info/top_level.txt
[0.549s] reading manifest file 'ur_robot_driver.egg-info/SOURCES.txt'
[0.552s] writing manifest file 'ur_robot_driver.egg-info/SOURCES.txt'
[0.579s] [ 73%] Built target ament_cmake_python_build_ur_robot_driver_egg
[0.622s] [100%] Built target dashboard_client
[0.635s] Invoked command in '/ros2_ws/build/ur_robot_driver' returned '0': CMAKE_PREFIX_PATH=/ros2_ws/install/ur_controllers:/ros2_ws/install/ur_msgs:/ros2_ws/install/ur_dashboard_msgs:/ros2_ws/install/ur:/ros2_ws/install/ur_calibration:/ros2_ws/install/ur_robot_driver:/ros2_ws/install/ur_bringup:/ros2_ws/install/ur_moveit_config:/ros2_ws/install/pilz_industrial_motion_planner_testutils:/ros2_ws/install/moveit_runtime:/ros2_ws/install/moveit2_tutorials:/ros2_ws/install/moveit:/ros2_ws/install/moveit_planners:/ros2_ws/install/pilz_industrial_motion_planner:/ros2_ws/install/moveit_visual_tools:/ros2_ws/install/moveit_task_constructor_visualization:/ros2_ws/install/moveit_task_constructor_demo:/ros2_ws/install/moveit_task_constructor_capabilities:/ros2_ws/install/moveit_task_constructor_core:/ros2_ws/install/moveit_ros_control_interface:/ros2_ws/install/moveit_plugins:/ros2_ws/install/moveit_simple_controller_manager:/ros2_ws/install/moveit_setup_assistant:/ros2_ws/install/moveit_setup_srdf_plugins:/ros2_ws/install/moveit_setup_core_plugins:/ros2_ws/install/moveit_setup_controllers:/ros2_ws/install/moveit_setup_app_plugins:/ros2_ws/install/moveit_setup_framework:/ros2_ws/install/moveit_servo:/ros2_ws/install/moveit_ros:/ros2_ws/install/moveit_ros_visualization:/ros2_ws/install/moveit_hybrid_planning:/ros2_ws/install/moveit_ros_planning_interface:/ros2_ws/install/moveit_ros_benchmarks:/ros2_ws/install/moveit_ros_warehouse:/ros2_ws/install/moveit_ros_robot_interaction:/ros2_ws/install/moveit_ros_perception:/ros2_ws/install/moveit_resources_prbt_pg70_support:/ros2_ws/install/moveit_resources_prbt_moveit_config:/ros2_ws/install/moveit_ros_move_group:/ros2_ws/install/moveit_planners_ompl:/ros2_ws/install/moveit_ros_planning:/ros2_ws/install/moveit_ros_occupancy_map_monitor:/ros2_ws/install/moveit_resources_prbt_ikfast_manipulator_plugin:/ros2_ws/install/moveit_planners_chomp:/ros2_ws/install/moveit_kinematics:/ros2_ws/install/moveit_chomp_optimizer_adapter:/ros2_ws/install/chomp_motion_planner:/ros2_ws/install/moveit_core:/ros2_ws/install/srdfdom:/ros2_ws/install/rviz_marker_tools:/ros2_ws/install/rosparam_shortcuts:/ros2_ws/install/moveit_task_constructor_msgs:/ros2_ws/install/moveit_resources_prbt_support:/ros2_ws/install/moveit_resources:/ros2_ws/install/moveit_resources_pr2_description:/ros2_ws/install/moveit_resources_panda_moveit_config:/ros2_ws/install/moveit_resources_panda_description:/ros2_ws/install/moveit_resources_fanuc_moveit_config:/ros2_ws/install/moveit_resources_fanuc_description:/ros2_ws/install/moveit_common:/ros2_ws/install/moveit_configs_utils:/ros2_ws/install/launch_param_builder:/opt/ros/humble LD_LIBRARY_PATH=/ros2_ws/install/ur_controllers/lib:/ros2_ws/install/ur_msgs/lib:/ros2_ws/install/ur_dashboard_msgs/lib:/ros2_ws/install/ur_robot_driver/lib:/ros2_ws/install/pilz_industrial_motion_planner_testutils/lib:/ros2_ws/install/pilz_industrial_motion_planner/lib:/ros2_ws/install/moveit_visual_tools/lib:/ros2_ws/install/moveit_task_constructor_visualization/lib:/ros2_ws/install/moveit_task_constructor_demo/lib:/ros2_ws/install/moveit_task_constructor_capabilities/lib:/ros2_ws/install/moveit_task_constructor_core/lib:/ros2_ws/install/moveit_ros_control_interface/lib:/ros2_ws/install/moveit_simple_controller_manager/lib:/ros2_ws/install/moveit_setup_assistant/lib:/ros2_ws/install/moveit_setup_srdf_plugins/lib:/ros2_ws/install/moveit_setup_core_plugins/lib:/ros2_ws/install/moveit_setup_controllers/lib:/ros2_ws/install/moveit_setup_app_plugins/lib:/ros2_ws/install/moveit_setup_framework/lib:/ros2_ws/install/moveit_servo/lib:/ros2_ws/install/moveit_ros_visualization/lib:/ros2_ws/install/moveit_hybrid_planning/lib:/ros2_ws/install/moveit_ros_planning_interface/lib:/ros2_ws/install/moveit_ros_benchmarks/lib:/ros2_ws/install/moveit_ros_warehouse/lib:/ros2_ws/install/moveit_ros_robot_interaction/lib:/ros2_ws/install/moveit_ros_perception/lib:/ros2_ws/install/moveit_ros_move_group/lib:/ros2_ws/install/moveit_planners_ompl/lib:/ros2_ws/install/moveit_ros_planning/lib:/ros2_ws/install/moveit_ros_occupancy_map_monitor/lib:/ros2_ws/install/moveit_resources_prbt_ikfast_manipulator_plugin/lib:/ros2_ws/install/moveit_planners_chomp/lib:/ros2_ws/install/moveit_kinematics/lib:/ros2_ws/install/moveit_chomp_optimizer_adapter/lib:/ros2_ws/install/chomp_motion_planner/lib:/ros2_ws/install/moveit_core/lib:/ros2_ws/install/srdfdom/lib:/ros2_ws/install/rviz_marker_tools/lib:/ros2_ws/install/rosparam_shortcuts/lib:/ros2_ws/install/moveit_task_constructor_msgs/lib:/usr/lib/x86_64-linux-gnu/gazebo-11/plugins:/opt/ros/humble/opt/rviz_ogre_vendor/lib:/opt/ros/humble/lib/x86_64-linux-gnu:/opt/ros/humble/lib /usr/bin/cmake --build /ros2_ws/build/ur_robot_driver
[0.637s] Invoking command in '/ros2_ws/build/ur_robot_driver': CMAKE_PREFIX_PATH=/ros2_ws/install/ur_controllers:/ros2_ws/install/ur_msgs:/ros2_ws/install/ur_dashboard_msgs:/ros2_ws/install/ur:/ros2_ws/install/ur_calibration:/ros2_ws/install/ur_robot_driver:/ros2_ws/install/ur_bringup:/ros2_ws/install/ur_moveit_config:/ros2_ws/install/pilz_industrial_motion_planner_testutils:/ros2_ws/install/moveit_runtime:/ros2_ws/install/moveit2_tutorials:/ros2_ws/install/moveit:/ros2_ws/install/moveit_planners:/ros2_ws/install/pilz_industrial_motion_planner:/ros2_ws/install/moveit_visual_tools:/ros2_ws/install/moveit_task_constructor_visualization:/ros2_ws/install/moveit_task_constructor_demo:/ros2_ws/install/moveit_task_constructor_capabilities:/ros2_ws/install/moveit_task_constructor_core:/ros2_ws/install/moveit_ros_control_interface:/ros2_ws/install/moveit_plugins:/ros2_ws/install/moveit_simple_controller_manager:/ros2_ws/install/moveit_setup_assistant:/ros2_ws/install/moveit_setup_srdf_plugins:/ros2_ws/install/moveit_setup_core_plugins:/ros2_ws/install/moveit_setup_controllers:/ros2_ws/install/moveit_setup_app_plugins:/ros2_ws/install/moveit_setup_framework:/ros2_ws/install/moveit_servo:/ros2_ws/install/moveit_ros:/ros2_ws/install/moveit_ros_visualization:/ros2_ws/install/moveit_hybrid_planning:/ros2_ws/install/moveit_ros_planning_interface:/ros2_ws/install/moveit_ros_benchmarks:/ros2_ws/install/moveit_ros_warehouse:/ros2_ws/install/moveit_ros_robot_interaction:/ros2_ws/install/moveit_ros_perception:/ros2_ws/install/moveit_resources_prbt_pg70_support:/ros2_ws/install/moveit_resources_prbt_moveit_config:/ros2_ws/install/moveit_ros_move_group:/ros2_ws/install/moveit_planners_ompl:/ros2_ws/install/moveit_ros_planning:/ros2_ws/install/moveit_ros_occupancy_map_monitor:/ros2_ws/install/moveit_resources_prbt_ikfast_manipulator_plugin:/ros2_ws/install/moveit_planners_chomp:/ros2_ws/install/moveit_kinematics:/ros2_ws/install/moveit_chomp_optimizer_adapter:/ros2_ws/install/chomp_motion_planner:/ros2_ws/install/moveit_core:/ros2_ws/install/srdfdom:/ros2_ws/install/rviz_marker_tools:/ros2_ws/install/rosparam_shortcuts:/ros2_ws/install/moveit_task_constructor_msgs:/ros2_ws/install/moveit_resources_prbt_support:/ros2_ws/install/moveit_resources:/ros2_ws/install/moveit_resources_pr2_description:/ros2_ws/install/moveit_resources_panda_moveit_config:/ros2_ws/install/moveit_resources_panda_description:/ros2_ws/install/moveit_resources_fanuc_moveit_config:/ros2_ws/install/moveit_resources_fanuc_description:/ros2_ws/install/moveit_common:/ros2_ws/install/moveit_configs_utils:/ros2_ws/install/launch_param_builder:/opt/ros/humble LD_LIBRARY_PATH=/ros2_ws/install/ur_controllers/lib:/ros2_ws/install/ur_msgs/lib:/ros2_ws/install/ur_dashboard_msgs/lib:/ros2_ws/install/ur_robot_driver/lib:/ros2_ws/install/pilz_industrial_motion_planner_testutils/lib:/ros2_ws/install/pilz_industrial_motion_planner/lib:/ros2_ws/install/moveit_visual_tools/lib:/ros2_ws/install/moveit_task_constructor_visualization/lib:/ros2_ws/install/moveit_task_constructor_demo/lib:/ros2_ws/install/moveit_task_constructor_capabilities/lib:/ros2_ws/install/moveit_task_constructor_core/lib:/ros2_ws/install/moveit_ros_control_interface/lib:/ros2_ws/install/moveit_simple_controller_manager/lib:/ros2_ws/install/moveit_setup_assistant/lib:/ros2_ws/install/moveit_setup_srdf_plugins/lib:/ros2_ws/install/moveit_setup_core_plugins/lib:/ros2_ws/install/moveit_setup_controllers/lib:/ros2_ws/install/moveit_setup_app_plugins/lib:/ros2_ws/install/moveit_setup_framework/lib:/ros2_ws/install/moveit_servo/lib:/ros2_ws/install/moveit_ros_visualization/lib:/ros2_ws/install/moveit_hybrid_planning/lib:/ros2_ws/install/moveit_ros_planning_interface/lib:/ros2_ws/install/moveit_ros_benchmarks/lib:/ros2_ws/install/moveit_ros_warehouse/lib:/ros2_ws/install/moveit_ros_robot_interaction/lib:/ros2_ws/install/moveit_ros_perception/lib:/ros2_ws/install/moveit_ros_move_group/lib:/ros2_ws/install/moveit_planners_ompl/lib:/ros2_ws/install/moveit_ros_planning/lib:/ros2_ws/install/moveit_ros_occupancy_map_monitor/lib:/ros2_ws/install/moveit_resources_prbt_ikfast_manipulator_plugin/lib:/ros2_ws/install/moveit_planners_chomp/lib:/ros2_ws/install/moveit_kinematics/lib:/ros2_ws/install/moveit_chomp_optimizer_adapter/lib:/ros2_ws/install/chomp_motion_planner/lib:/ros2_ws/install/moveit_core/lib:/ros2_ws/install/srdfdom/lib:/ros2_ws/install/rviz_marker_tools/lib:/ros2_ws/install/rosparam_shortcuts/lib:/ros2_ws/install/moveit_task_constructor_msgs/lib:/usr/lib/x86_64-linux-gnu/gazebo-11/plugins:/opt/ros/humble/opt/rviz_ogre_vendor/lib:/opt/ros/humble/lib/x86_64-linux-gnu:/opt/ros/humble/lib /usr/bin/cmake --install /ros2_ws/build/ur_robot_driver
[0.648s] -- Install configuration: "Release"
[0.648s] -- Up-to-date: /ros2_ws/install/ur_robot_driver/share/ur_robot_driver/hardware_interface_plugin.xml
[0.649s] -- Up-to-date: /ros2_ws/install/ur_robot_driver/lib/ur_robot_driver/dashboard_client
[0.649s] -- Up-to-date: /ros2_ws/install/ur_robot_driver/lib/ur_robot_driver/ur_ros2_control_node
[0.651s] -- Up-to-date: /ros2_ws/install/ur_robot_driver/lib/ur_robot_driver/controller_stopper_node
[0.651s] -- Up-to-date: /ros2_ws/install/ur_robot_driver/lib/ur_robot_driver/urscript_interface
[0.653s] -- Up-to-date: /ros2_ws/install/ur_robot_driver/lib/libur_robot_driver_plugin.so
[0.653s] -- Up-to-date: /ros2_ws/install/ur_robot_driver/include
[0.653s] -- Up-to-date: /ros2_ws/install/ur_robot_driver/include/ur_robot_driver
[0.653s] -- Up-to-date: /ros2_ws/install/ur_robot_driver/include/ur_robot_driver/hardware_interface.hpp
[0.653s] -- Up-to-date: /ros2_ws/install/ur_robot_driver/include/ur_robot_driver/urcl_log_handler.hpp
[0.653s] -- Up-to-date: /ros2_ws/install/ur_robot_driver/include/ur_robot_driver/controller_stopper.hpp
[0.653s] -- Up-to-date: /ros2_ws/install/ur_robot_driver/include/ur_robot_driver/dashboard_client_ros.hpp
[0.654s] -- Up-to-date: /ros2_ws/install/ur_robot_driver/share/ur_robot_driver/environment/library_path.sh
[0.654s] -- Up-to-date: /ros2_ws/install/ur_robot_driver/share/ur_robot_driver/environment/library_path.dsv
[0.654s] -- Up-to-date: /ros2_ws/install/ur_robot_driver/share/ur_robot_driver/resources
[0.654s] -- Up-to-date: /ros2_ws/install/ur_robot_driver/share/ur_robot_driver/resources/ros_control.urscript
[0.654s] -- Up-to-date: /ros2_ws/install/ur_robot_driver/share/ur_robot_driver/resources/externalcontrol-1.0.5.urcap
[0.654s] -- Up-to-date: /ros2_ws/install/ur_robot_driver/share/ur_robot_driver/resources/rs485-1.0.urcap
[0.654s] -- Up-to-date: /ros2_ws/install/ur_robot_driver/share/ur_robot_driver/resources/rtde_output_recipe.txt
[0.654s] -- Up-to-date: /ros2_ws/install/ur_robot_driver/share/ur_robot_driver/resources/rtde_input_recipe.txt
[0.654s] -- Up-to-date: /ros2_ws/install/ur_robot_driver/include
[0.655s] -- Up-to-date: /ros2_ws/install/ur_robot_driver/include/ur_robot_driver
[0.655s] -- Up-to-date: /ros2_ws/install/ur_robot_driver/include/ur_robot_driver/hardware_interface.hpp
[0.655s] -- Up-to-date: /ros2_ws/install/ur_robot_driver/include/ur_robot_driver/urcl_log_handler.hpp
[0.655s] -- Up-to-date: /ros2_ws/install/ur_robot_driver/include/ur_robot_driver/controller_stopper.hpp
[0.655s] -- Up-to-date: /ros2_ws/install/ur_robot_driver/include/ur_robot_driver/dashboard_client_ros.hpp
[0.655s] -- Up-to-date: /ros2_ws/install/ur_robot_driver/share/ur_robot_driver/environment/pythonpath.sh
[0.655s] -- Up-to-date: /ros2_ws/install/ur_robot_driver/share/ur_robot_driver/environment/pythonpath.dsv
[0.655s] -- Up-to-date: /ros2_ws/install/ur_robot_driver/local/lib/python3.10/dist-packages/ur_robot_driver-2.5.1-py3.10.egg-info
[0.655s] -- Installing: /ros2_ws/install/ur_robot_driver/local/lib/python3.10/dist-packages/ur_robot_driver-2.5.1-py3.10.egg-info/dependency_links.txt
[0.655s] -- Installing: /ros2_ws/install/ur_robot_driver/local/lib/python3.10/dist-packages/ur_robot_driver-2.5.1-py3.10.egg-info/top_level.txt
[0.655s] -- Installing: /ros2_ws/install/ur_robot_driver/local/lib/python3.10/dist-packages/ur_robot_driver-2.5.1-py3.10.egg-info/SOURCES.txt
[0.656s] -- Installing: /ros2_ws/install/ur_robot_driver/local/lib/python3.10/dist-packages/ur_robot_driver-2.5.1-py3.10.egg-info/PKG-INFO
[0.656s] -- Up-to-date: /ros2_ws/install/ur_robot_driver/local/lib/python3.10/dist-packages/ur_robot_driver
[0.656s] -- Up-to-date: /ros2_ws/install/ur_robot_driver/local/lib/python3.10/dist-packages/ur_robot_driver/__init__.py
[0.686s] Listing '/ros2_ws/install/ur_robot_driver/local/lib/python3.10/dist-packages/ur_robot_driver'...
[0.690s] -- Up-to-date: /ros2_ws/install/ur_robot_driver/lib/ur_robot_driver/tool_communication.py
[0.690s] -- Up-to-date: /ros2_ws/install/ur_robot_driver/lib/ur_robot_driver/example_move.py
[0.690s] -- Up-to-date: /ros2_ws/install/ur_robot_driver/lib/ur_robot_driver/start_ursim.sh
[0.690s] -- Up-to-date: /ros2_ws/install/ur_robot_driver/lib/ur_robot_driver/examples.py
[0.690s] -- Up-to-date: /ros2_ws/install/ur_robot_driver/lib/ur_robot_driver/force_mode.py
[0.691s] -- Up-to-date: /ros2_ws/install/ur_robot_driver/bin/wait_dashboard_server.sh
[0.691s] -- Up-to-date: /ros2_ws/install/ur_robot_driver/lib/ur_robot_driver/start_ursim.sh
[0.691s] -- Up-to-date: /ros2_ws/install/ur_robot_driver/share/ur_robot_driver/config
[0.691s] -- Up-to-date: /ros2_ws/install/ur_robot_driver/share/ur_robot_driver/config/test_velocity_goal_publishers_config.yaml
[0.691s] -- Up-to-date: /ros2_ws/install/ur_robot_driver/share/ur_robot_driver/config/ur5e_update_rate.yaml
[0.691s] -- Up-to-date: /ros2_ws/install/ur_robot_driver/share/ur_robot_driver/config/ur3e_update_rate.yaml
[0.691s] -- Up-to-date: /ros2_ws/install/ur_robot_driver/share/ur_robot_driver/config/ur16e_update_rate.yaml
[0.691s] -- Up-to-date: /ros2_ws/install/ur_robot_driver/share/ur_robot_driver/config/ur5_update_rate.yaml
[0.691s] -- Up-to-date: /ros2_ws/install/ur_robot_driver/share/ur_robot_driver/config/ur_controllers.yaml
[0.692s] -- Up-to-date: /ros2_ws/install/ur_robot_driver/share/ur_robot_driver/config/ur20_update_rate.yaml
[0.692s] -- Up-to-date: /ros2_ws/install/ur_robot_driver/share/ur_robot_driver/config/ur10e_update_rate.yaml
[0.692s] -- Up-to-date: /ros2_ws/install/ur_robot_driver/share/ur_robot_driver/config/ur3_update_rate.yaml
[0.692s] -- Up-to-date: /ros2_ws/install/ur_robot_driver/share/ur_robot_driver/config/ur30_update_rate.yaml
[0.692s] -- Up-to-date: /ros2_ws/install/ur_robot_driver/share/ur_robot_driver/config/ur10_update_rate.yaml
[0.692s] -- Up-to-date: /ros2_ws/install/ur_robot_driver/share/ur_robot_driver/config/test_goal_publishers_config.yaml
[0.692s] -- Up-to-date: /ros2_ws/install/ur_robot_driver/share/ur_robot_driver/launch
[0.692s] -- Up-to-date: /ros2_ws/install/ur_robot_driver/share/ur_robot_driver/launch/ur5e.launch.py
[0.693s] -- Up-to-date: /ros2_ws/install/ur_robot_driver/share/ur_robot_driver/launch/test_forward_velocity_controller.launch.py
[0.693s] -- Up-to-date: /ros2_ws/install/ur_robot_driver/share/ur_robot_driver/launch/ur16e.launch.py
[0.693s] -- Up-to-date: /ros2_ws/install/ur_robot_driver/share/ur_robot_driver/launch/ur10.launch.py
[0.693s] -- Up-to-date: /ros2_ws/install/ur_robot_driver/share/ur_robot_driver/launch/ur_dashboard_client.launch.py
[0.693s] -- Up-to-date: /ros2_ws/install/ur_robot_driver/share/ur_robot_driver/launch/ur20.launch.py
[0.693s] -- Up-to-date: /ros2_ws/install/ur_robot_driver/share/ur_robot_driver/launch/ur10e.launch.py
[0.693s] -- Up-to-date: /ros2_ws/install/ur_robot_driver/share/ur_robot_driver/launch/ur5.launch.py
[0.693s] -- Up-to-date: /ros2_ws/install/ur_robot_driver/share/ur_robot_driver/launch/ur3e.launch.py
[0.693s] -- Up-to-date: /ros2_ws/install/ur_robot_driver/share/ur_robot_driver/launch/ur30.launch.py
[0.693s] -- Up-to-date: /ros2_ws/install/ur_robot_driver/share/ur_robot_driver/launch/ur3.launch.py
[0.694s] -- Up-to-date: /ros2_ws/install/ur_robot_driver/share/ur_robot_driver/launch/test_joint_trajectory_controller.launch.py
[0.694s] -- Up-to-date: /ros2_ws/install/ur_robot_driver/share/ur_robot_driver/launch/test_scaled_joint_trajectory_controller.launch.py
[0.694s] -- Up-to-date: /ros2_ws/install/ur_robot_driver/share/ur_robot_driver/launch/ur_control.launch.py
[0.694s] -- Up-to-date: /ros2_ws/install/ur_robot_driver/share/ament_index/resource_index/package_run_dependencies/ur_robot_driver
[0.694s] -- Up-to-date: /ros2_ws/install/ur_robot_driver/share/ament_index/resource_index/parent_prefix_path/ur_robot_driver
[0.694s] -- Up-to-date: /ros2_ws/install/ur_robot_driver/share/ur_robot_driver/environment/ament_prefix_path.sh
[0.694s] -- Up-to-date: /ros2_ws/install/ur_robot_driver/share/ur_robot_driver/environment/ament_prefix_path.dsv
[0.694s] -- Up-to-date: /ros2_ws/install/ur_robot_driver/share/ur_robot_driver/environment/path.sh
[0.694s] -- Up-to-date: /ros2_ws/install/ur_robot_driver/share/ur_robot_driver/environment/path.dsv
[0.694s] -- Up-to-date: /ros2_ws/install/ur_robot_driver/share/ur_robot_driver/local_setup.bash
[0.694s] -- Up-to-date: /ros2_ws/install/ur_robot_driver/share/ur_robot_driver/local_setup.sh
[0.695s] -- Up-to-date: /ros2_ws/install/ur_robot_driver/share/ur_robot_driver/local_setup.zsh
[0.695s] -- Up-to-date: /ros2_ws/install/ur_robot_driver/share/ur_robot_driver/local_setup.dsv
[0.695s] -- Up-to-date: /ros2_ws/install/ur_robot_driver/share/ur_robot_driver/package.dsv
[0.695s] -- Up-to-date: /ros2_ws/install/ur_robot_driver/share/ament_index/resource_index/packages/ur_robot_driver
[0.695s] -- Up-to-date: /ros2_ws/install/ur_robot_driver/share/ament_index/resource_index/hardware_interface__pluginlib__plugin/ur_robot_driver
[0.695s] -- Up-to-date: /ros2_ws/install/ur_robot_driver/share/ur_robot_driver/cmake/ament_cmake_export_include_directories-extras.cmake
[0.695s] -- Up-to-date: /ros2_ws/install/ur_robot_driver/share/ur_robot_driver/cmake/ament_cmake_export_libraries-extras.cmake
[0.695s] -- Up-to-date: /ros2_ws/install/ur_robot_driver/share/ur_robot_driver/cmake/ament_cmake_export_dependencies-extras.cmake
[0.695s] -- Up-to-date: /ros2_ws/install/ur_robot_driver/share/ur_robot_driver/cmake/ur_robot_driverConfig.cmake
[0.695s] -- Up-to-date: /ros2_ws/install/ur_robot_driver/share/ur_robot_driver/cmake/ur_robot_driverConfig-version.cmake
[0.695s] -- Up-to-date: /ros2_ws/install/ur_robot_driver/share/ur_robot_driver/package.xml
[0.696s] Invoked command in '/ros2_ws/build/ur_robot_driver' returned '0': CMAKE_PREFIX_PATH=/ros2_ws/install/ur_controllers:/ros2_ws/install/ur_msgs:/ros2_ws/install/ur_dashboard_msgs:/ros2_ws/install/ur:/ros2_ws/install/ur_calibration:/ros2_ws/install/ur_robot_driver:/ros2_ws/install/ur_bringup:/ros2_ws/install/ur_moveit_config:/ros2_ws/install/pilz_industrial_motion_planner_testutils:/ros2_ws/install/moveit_runtime:/ros2_ws/install/moveit2_tutorials:/ros2_ws/install/moveit:/ros2_ws/install/moveit_planners:/ros2_ws/install/pilz_industrial_motion_planner:/ros2_ws/install/moveit_visual_tools:/ros2_ws/install/moveit_task_constructor_visualization:/ros2_ws/install/moveit_task_constructor_demo:/ros2_ws/install/moveit_task_constructor_capabilities:/ros2_ws/install/moveit_task_constructor_core:/ros2_ws/install/moveit_ros_control_interface:/ros2_ws/install/moveit_plugins:/ros2_ws/install/moveit_simple_controller_manager:/ros2_ws/install/moveit_setup_assistant:/ros2_ws/install/moveit_setup_srdf_plugins:/ros2_ws/install/moveit_setup_core_plugins:/ros2_ws/install/moveit_setup_controllers:/ros2_ws/install/moveit_setup_app_plugins:/ros2_ws/install/moveit_setup_framework:/ros2_ws/install/moveit_servo:/ros2_ws/install/moveit_ros:/ros2_ws/install/moveit_ros_visualization:/ros2_ws/install/moveit_hybrid_planning:/ros2_ws/install/moveit_ros_planning_interface:/ros2_ws/install/moveit_ros_benchmarks:/ros2_ws/install/moveit_ros_warehouse:/ros2_ws/install/moveit_ros_robot_interaction:/ros2_ws/install/moveit_ros_perception:/ros2_ws/install/moveit_resources_prbt_pg70_support:/ros2_ws/install/moveit_resources_prbt_moveit_config:/ros2_ws/install/moveit_ros_move_group:/ros2_ws/install/moveit_planners_ompl:/ros2_ws/install/moveit_ros_planning:/ros2_ws/install/moveit_ros_occupancy_map_monitor:/ros2_ws/install/moveit_resources_prbt_ikfast_manipulator_plugin:/ros2_ws/install/moveit_planners_chomp:/ros2_ws/install/moveit_kinematics:/ros2_ws/install/moveit_chomp_optimizer_adapter:/ros2_ws/install/chomp_motion_planner:/ros2_ws/install/moveit_core:/ros2_ws/install/srdfdom:/ros2_ws/install/rviz_marker_tools:/ros2_ws/install/rosparam_shortcuts:/ros2_ws/install/moveit_task_constructor_msgs:/ros2_ws/install/moveit_resources_prbt_support:/ros2_ws/install/moveit_resources:/ros2_ws/install/moveit_resources_pr2_description:/ros2_ws/install/moveit_resources_panda_moveit_config:/ros2_ws/install/moveit_resources_panda_description:/ros2_ws/install/moveit_resources_fanuc_moveit_config:/ros2_ws/install/moveit_resources_fanuc_description:/ros2_ws/install/moveit_common:/ros2_ws/install/moveit_configs_utils:/ros2_ws/install/launch_param_builder:/opt/ros/humble LD_LIBRARY_PATH=/ros2_ws/install/ur_controllers/lib:/ros2_ws/install/ur_msgs/lib:/ros2_ws/install/ur_dashboard_msgs/lib:/ros2_ws/install/ur_robot_driver/lib:/ros2_ws/install/pilz_industrial_motion_planner_testutils/lib:/ros2_ws/install/pilz_industrial_motion_planner/lib:/ros2_ws/install/moveit_visual_tools/lib:/ros2_ws/install/moveit_task_constructor_visualization/lib:/ros2_ws/install/moveit_task_constructor_demo/lib:/ros2_ws/install/moveit_task_constructor_capabilities/lib:/ros2_ws/install/moveit_task_constructor_core/lib:/ros2_ws/install/moveit_ros_control_interface/lib:/ros2_ws/install/moveit_simple_controller_manager/lib:/ros2_ws/install/moveit_setup_assistant/lib:/ros2_ws/install/moveit_setup_srdf_plugins/lib:/ros2_ws/install/moveit_setup_core_plugins/lib:/ros2_ws/install/moveit_setup_controllers/lib:/ros2_ws/install/moveit_setup_app_plugins/lib:/ros2_ws/install/moveit_setup_framework/lib:/ros2_ws/install/moveit_servo/lib:/ros2_ws/install/moveit_ros_visualization/lib:/ros2_ws/install/moveit_hybrid_planning/lib:/ros2_ws/install/moveit_ros_planning_interface/lib:/ros2_ws/install/moveit_ros_benchmarks/lib:/ros2_ws/install/moveit_ros_warehouse/lib:/ros2_ws/install/moveit_ros_robot_interaction/lib:/ros2_ws/install/moveit_ros_perception/lib:/ros2_ws/install/moveit_ros_move_group/lib:/ros2_ws/install/moveit_planners_ompl/lib:/ros2_ws/install/moveit_ros_planning/lib:/ros2_ws/install/moveit_ros_occupancy_map_monitor/lib:/ros2_ws/install/moveit_resources_prbt_ikfast_manipulator_plugin/lib:/ros2_ws/install/moveit_planners_chomp/lib:/ros2_ws/install/moveit_kinematics/lib:/ros2_ws/install/moveit_chomp_optimizer_adapter/lib:/ros2_ws/install/chomp_motion_planner/lib:/ros2_ws/install/moveit_core/lib:/ros2_ws/install/srdfdom/lib:/ros2_ws/install/rviz_marker_tools/lib:/ros2_ws/install/rosparam_shortcuts/lib:/ros2_ws/install/moveit_task_constructor_msgs/lib:/usr/lib/x86_64-linux-gnu/gazebo-11/plugins:/opt/ros/humble/opt/rviz_ogre_vendor/lib:/opt/ros/humble/lib/x86_64-linux-gnu:/opt/ros/humble/lib /usr/bin/cmake --install /ros2_ws/build/ur_robot_driver
