[0.040s] Invoking command in '/ros2_ws/build/moveit_ros_planning': AMENT_PREFIX_PATH=/ros2_ws/install/moveit_configs_utils:/ros2_ws/install/launch_param_builder:/ros2_ws/install/ur:/ros2_ws/install/ur_calibration:/ros2_ws/install/ur_robot_driver:/ros2_ws/install/ur_bringup:/ros2_ws/install/ur_controllers:/ros2_ws/install/ur_msgs:/ros2_ws/install/ur_moveit_config:/ros2_ws/install/ur_dashboard_msgs:/ros2_ws/install/pilz_industrial_motion_planner_testutils:/ros2_ws/install/moveit_runtime:/ros2_ws/install/moveit2_tutorials:/ros2_ws/install/moveit:/ros2_ws/install/moveit_planners:/ros2_ws/install/pilz_industrial_motion_planner:/ros2_ws/install/moveit_visual_tools:/ros2_ws/install/moveit_task_constructor_visualization:/ros2_ws/install/moveit_task_constructor_demo:/ros2_ws/install/moveit_task_constructor_capabilities:/ros2_ws/install/moveit_task_constructor_core:/ros2_ws/install/moveit_ros_control_interface:/ros2_ws/install/moveit_plugins:/ros2_ws/install/moveit_simple_controller_manager:/ros2_ws/install/moveit_setup_assistant:/ros2_ws/install/moveit_setup_srdf_plugins:/ros2_ws/install/moveit_setup_core_plugins:/ros2_ws/install/moveit_setup_controllers:/ros2_ws/install/moveit_setup_app_plugins:/ros2_ws/install/moveit_setup_framework:/ros2_ws/install/moveit_servo:/ros2_ws/install/moveit_ros:/ros2_ws/install/moveit_ros_visualization:/ros2_ws/install/moveit_hybrid_planning:/ros2_ws/install/moveit_ros_planning_interface:/ros2_ws/install/moveit_ros_benchmarks:/ros2_ws/install/moveit_ros_warehouse:/ros2_ws/install/moveit_ros_robot_interaction:/ros2_ws/install/moveit_ros_perception:/ros2_ws/install/moveit_resources_prbt_pg70_support:/ros2_ws/install/moveit_resources_prbt_moveit_config:/ros2_ws/install/moveit_ros_move_group:/ros2_ws/install/moveit_planners_ompl:/ros2_ws/install/moveit_ros_planning:/ros2_ws/install/moveit_ros_occupancy_map_monitor:/ros2_ws/install/moveit_resources_prbt_ikfast_manipulator_plugin:/ros2_ws/install/moveit_planners_chomp:/ros2_ws/install/moveit_kinematics:/ros2_ws/install/moveit_chomp_optimizer_adapter:/ros2_ws/install/chomp_motion_planner:/ros2_ws/install/moveit_core:/ros2_ws/install/srdfdom:/ros2_ws/install/rviz_marker_tools:/ros2_ws/install/rosparam_shortcuts:/ros2_ws/install/moveit_task_constructor_msgs:/ros2_ws/install/moveit_resources_prbt_support:/ros2_ws/install/moveit_resources:/ros2_ws/install/moveit_resources_pr2_description:/ros2_ws/install/moveit_resources_panda_moveit_config:/ros2_ws/install/moveit_resources_panda_description:/ros2_ws/install/moveit_resources_fanuc_moveit_config:/ros2_ws/install/moveit_resources_fanuc_description:/ros2_ws/install/moveit_common:/opt/ros/humble CMAKE_PREFIX_PATH=/ros2_ws/install/moveit_ros_occupancy_map_monitor:/ros2_ws/install/moveit_core:/ros2_ws/install/moveit_resources_panda_moveit_config:/ros2_ws/install/srdfdom:/ros2_ws/install/moveit_resources_pr2_description:/ros2_ws/install/moveit_resources_panda_description:/ros2_ws/install/moveit_common:/ros2_ws/install/ur:/ros2_ws/install/ur_calibration:/ros2_ws/install/ur_robot_driver:/ros2_ws/install/ur_bringup:/ros2_ws/install/ur_controllers:/ros2_ws/install/ur_msgs:/ros2_ws/install/ur_moveit_config:/ros2_ws/install/ur_dashboard_msgs:/ros2_ws/install/pilz_industrial_motion_planner_testutils:/ros2_ws/install/moveit_runtime:/ros2_ws/install/moveit2_tutorials:/ros2_ws/install/moveit:/ros2_ws/install/moveit_planners:/ros2_ws/install/pilz_industrial_motion_planner:/ros2_ws/install/moveit_visual_tools:/ros2_ws/install/moveit_task_constructor_visualization:/ros2_ws/install/moveit_task_constructor_demo:/ros2_ws/install/moveit_task_constructor_capabilities:/ros2_ws/install/moveit_task_constructor_core:/ros2_ws/install/moveit_ros_control_interface:/ros2_ws/install/moveit_plugins:/ros2_ws/install/moveit_simple_controller_manager:/ros2_ws/install/moveit_setup_assistant:/ros2_ws/install/moveit_setup_srdf_plugins:/ros2_ws/install/moveit_setup_core_plugins:/ros2_ws/install/moveit_setup_controllers:/ros2_ws/install/moveit_setup_app_plugins:/ros2_ws/install/moveit_setup_framework:/ros2_ws/install/moveit_servo:/ros2_ws/install/moveit_ros:/ros2_ws/install/moveit_ros_visualization:/ros2_ws/install/moveit_hybrid_planning:/ros2_ws/install/moveit_ros_planning_interface:/ros2_ws/install/moveit_ros_benchmarks:/ros2_ws/install/moveit_ros_warehouse:/ros2_ws/install/moveit_ros_robot_interaction:/ros2_ws/install/moveit_ros_perception:/ros2_ws/install/moveit_resources_prbt_pg70_support:/ros2_ws/install/moveit_resources_prbt_moveit_config:/ros2_ws/install/moveit_ros_move_group:/ros2_ws/install/moveit_planners_ompl:/ros2_ws/install/moveit_ros_planning:/ros2_ws/install/moveit_resources_prbt_ikfast_manipulator_plugin:/ros2_ws/install/moveit_planners_chomp:/ros2_ws/install/moveit_kinematics:/ros2_ws/install/moveit_chomp_optimizer_adapter:/ros2_ws/install/chomp_motion_planner:/ros2_ws/install/rviz_marker_tools:/ros2_ws/install/rosparam_shortcuts:/ros2_ws/install/moveit_task_constructor_msgs:/ros2_ws/install/moveit_resources_prbt_support:/ros2_ws/install/moveit_resources:/ros2_ws/install/moveit_resources_fanuc_moveit_config:/ros2_ws/install/moveit_resources_fanuc_description:/ros2_ws/install/moveit_configs_utils:/ros2_ws/install/launch_param_builder:/opt/ros/humble LD_LIBRARY_PATH=/ros2_ws/install/moveit_ros_occupancy_map_monitor/lib:/ros2_ws/install/moveit_core/lib:/ros2_ws/install/srdfdom/lib:/ros2_ws/install/ur_robot_driver/lib:/ros2_ws/install/ur_controllers/lib:/ros2_ws/install/ur_msgs/lib:/ros2_ws/install/ur_dashboard_msgs/lib:/ros2_ws/install/pilz_industrial_motion_planner_testutils/lib:/ros2_ws/install/pilz_industrial_motion_planner/lib:/ros2_ws/install/moveit_visual_tools/lib:/ros2_ws/install/moveit_task_constructor_visualization/lib:/ros2_ws/install/moveit_task_constructor_demo/lib:/ros2_ws/install/moveit_task_constructor_capabilities/lib:/ros2_ws/install/moveit_task_constructor_core/lib:/ros2_ws/install/moveit_ros_control_interface/lib:/ros2_ws/install/moveit_simple_controller_manager/lib:/ros2_ws/install/moveit_setup_assistant/lib:/ros2_ws/install/moveit_setup_srdf_plugins/lib:/ros2_ws/install/moveit_setup_core_plugins/lib:/ros2_ws/install/moveit_setup_controllers/lib:/ros2_ws/install/moveit_setup_app_plugins/lib:/ros2_ws/install/moveit_setup_framework/lib:/ros2_ws/install/moveit_servo/lib:/ros2_ws/install/moveit_ros_visualization/lib:/ros2_ws/install/moveit_hybrid_planning/lib:/ros2_ws/install/moveit_ros_planning_interface/lib:/ros2_ws/install/moveit_ros_benchmarks/lib:/ros2_ws/install/moveit_ros_warehouse/lib:/ros2_ws/install/moveit_ros_robot_interaction/lib:/ros2_ws/install/moveit_ros_perception/lib:/ros2_ws/install/moveit_ros_move_group/lib:/ros2_ws/install/moveit_planners_ompl/lib:/ros2_ws/install/moveit_ros_planning/lib:/ros2_ws/install/moveit_resources_prbt_ikfast_manipulator_plugin/lib:/ros2_ws/install/moveit_planners_chomp/lib:/ros2_ws/install/moveit_kinematics/lib:/ros2_ws/install/moveit_chomp_optimizer_adapter/lib:/ros2_ws/install/chomp_motion_planner/lib:/ros2_ws/install/rviz_marker_tools/lib:/ros2_ws/install/rosparam_shortcuts/lib:/ros2_ws/install/moveit_task_constructor_msgs/lib:/usr/lib/x86_64-linux-gnu/gazebo-11/plugins:/opt/ros/humble/opt/rviz_ogre_vendor/lib:/opt/ros/humble/lib/x86_64-linux-gnu:/opt/ros/humble/lib PATH=/ros2_ws/install/moveit_core/bin:/ros2_ws/install/ur_robot_driver/bin:/opt/ros/humble/bin:/usr/local/sbin:/usr/local/bin:/usr/sbin:/usr/bin:/sbin:/bin PYTHONPATH=/ros2_ws/install/moveit_configs_utils/lib/python3.10/site-packages:/ros2_ws/install/launch_param_builder/lib/python3.10/site-packages:/ros2_ws/install/ur_robot_driver/local/lib/python3.10/dist-packages:/ros2_ws/install/ur_msgs/local/lib/python3.10/dist-packages:/ros2_ws/install/ur_moveit_config/local/lib/python3.10/dist-packages:/ros2_ws/install/ur_dashboard_msgs/local/lib/python3.10/dist-packages:/ros2_ws/install/moveit_task_constructor_core/local/lib/python3.10/dist-packages:/ros2_ws/install/srdfdom/local/lib/python3.10/dist-packages:/ros2_ws/install/moveit_task_constructor_msgs/local/lib/python3.10/dist-packages:/opt/ros/humble/lib/python3.10/site-packages:/opt/ros/humble/local/lib/python3.10/dist-packages /usr/bin/cmake --build /ros2_ws/build/moveit_ros_planning -- -j8 -l8
[0.148s] [  2%] Built target gtest_main
[0.149s] [  5%] Built target gmock_main
[0.160s] [ 14%] Built target gmock
[0.160s] [ 14%] Built target moveit_rdf_loader
[0.166s] [ 17%] Built target moveit_list_request_adapter_plugins
[0.169s] [ 20%] Built target moveit_collision_plugin_loader
[0.170s] [ 23%] Built target moveit_planning_pipeline
[0.190s] [ 26%] Built target gtest
[0.199s] [ 42%] Built target moveit_default_planning_request_adapter_plugins
[0.208s] [ 45%] Built target moveit_kinematics_plugin_loader
[0.209s] [ 48%] Built target moveit_constraint_sampler_manager_loader
[0.250s] [ 51%] Built target moveit_robot_model_loader
[0.293s] [ 54%] Built target moveit_print_planning_model_info
[0.311s] [ 63%] Built target moveit_planning_scene_monitor
[0.392s] [ 67%] Built target moveit_print_planning_scene_info
[0.392s] [ 69%] Built target trajectory_monitor_tests
[0.393s] [ 73%] Built target moveit_visualize_robot_collision_volume
[0.393s] [ 75%] Built target moveit_display_random_state
[0.393s] [ 79%] Built target planning_scene_monitor_test
[0.393s] [ 80%] Built target demo_scene
[0.393s] [ 83%] Built target current_state_monitor_tests
[0.398s] [ 86%] Built target moveit_evaluate_collision_checking_speed
[0.441s] [ 92%] Built target moveit_trajectory_execution_manager
[0.441s] [ 92%] Built target moveit_publish_scene_from_text
[0.492s] [ 95%] Built target moveit_plan_execution
[0.493s] [100%] Built target moveit_cpp
[0.507s] Invoked command in '/ros2_ws/build/moveit_ros_planning' returned '0': AMENT_PREFIX_PATH=/ros2_ws/install/moveit_configs_utils:/ros2_ws/install/launch_param_builder:/ros2_ws/install/ur:/ros2_ws/install/ur_calibration:/ros2_ws/install/ur_robot_driver:/ros2_ws/install/ur_bringup:/ros2_ws/install/ur_controllers:/ros2_ws/install/ur_msgs:/ros2_ws/install/ur_moveit_config:/ros2_ws/install/ur_dashboard_msgs:/ros2_ws/install/pilz_industrial_motion_planner_testutils:/ros2_ws/install/moveit_runtime:/ros2_ws/install/moveit2_tutorials:/ros2_ws/install/moveit:/ros2_ws/install/moveit_planners:/ros2_ws/install/pilz_industrial_motion_planner:/ros2_ws/install/moveit_visual_tools:/ros2_ws/install/moveit_task_constructor_visualization:/ros2_ws/install/moveit_task_constructor_demo:/ros2_ws/install/moveit_task_constructor_capabilities:/ros2_ws/install/moveit_task_constructor_core:/ros2_ws/install/moveit_ros_control_interface:/ros2_ws/install/moveit_plugins:/ros2_ws/install/moveit_simple_controller_manager:/ros2_ws/install/moveit_setup_assistant:/ros2_ws/install/moveit_setup_srdf_plugins:/ros2_ws/install/moveit_setup_core_plugins:/ros2_ws/install/moveit_setup_controllers:/ros2_ws/install/moveit_setup_app_plugins:/ros2_ws/install/moveit_setup_framework:/ros2_ws/install/moveit_servo:/ros2_ws/install/moveit_ros:/ros2_ws/install/moveit_ros_visualization:/ros2_ws/install/moveit_hybrid_planning:/ros2_ws/install/moveit_ros_planning_interface:/ros2_ws/install/moveit_ros_benchmarks:/ros2_ws/install/moveit_ros_warehouse:/ros2_ws/install/moveit_ros_robot_interaction:/ros2_ws/install/moveit_ros_perception:/ros2_ws/install/moveit_resources_prbt_pg70_support:/ros2_ws/install/moveit_resources_prbt_moveit_config:/ros2_ws/install/moveit_ros_move_group:/ros2_ws/install/moveit_planners_ompl:/ros2_ws/install/moveit_ros_planning:/ros2_ws/install/moveit_ros_occupancy_map_monitor:/ros2_ws/install/moveit_resources_prbt_ikfast_manipulator_plugin:/ros2_ws/install/moveit_planners_chomp:/ros2_ws/install/moveit_kinematics:/ros2_ws/install/moveit_chomp_optimizer_adapter:/ros2_ws/install/chomp_motion_planner:/ros2_ws/install/moveit_core:/ros2_ws/install/srdfdom:/ros2_ws/install/rviz_marker_tools:/ros2_ws/install/rosparam_shortcuts:/ros2_ws/install/moveit_task_constructor_msgs:/ros2_ws/install/moveit_resources_prbt_support:/ros2_ws/install/moveit_resources:/ros2_ws/install/moveit_resources_pr2_description:/ros2_ws/install/moveit_resources_panda_moveit_config:/ros2_ws/install/moveit_resources_panda_description:/ros2_ws/install/moveit_resources_fanuc_moveit_config:/ros2_ws/install/moveit_resources_fanuc_description:/ros2_ws/install/moveit_common:/opt/ros/humble CMAKE_PREFIX_PATH=/ros2_ws/install/moveit_ros_occupancy_map_monitor:/ros2_ws/install/moveit_core:/ros2_ws/install/moveit_resources_panda_moveit_config:/ros2_ws/install/srdfdom:/ros2_ws/install/moveit_resources_pr2_description:/ros2_ws/install/moveit_resources_panda_description:/ros2_ws/install/moveit_common:/ros2_ws/install/ur:/ros2_ws/install/ur_calibration:/ros2_ws/install/ur_robot_driver:/ros2_ws/install/ur_bringup:/ros2_ws/install/ur_controllers:/ros2_ws/install/ur_msgs:/ros2_ws/install/ur_moveit_config:/ros2_ws/install/ur_dashboard_msgs:/ros2_ws/install/pilz_industrial_motion_planner_testutils:/ros2_ws/install/moveit_runtime:/ros2_ws/install/moveit2_tutorials:/ros2_ws/install/moveit:/ros2_ws/install/moveit_planners:/ros2_ws/install/pilz_industrial_motion_planner:/ros2_ws/install/moveit_visual_tools:/ros2_ws/install/moveit_task_constructor_visualization:/ros2_ws/install/moveit_task_constructor_demo:/ros2_ws/install/moveit_task_constructor_capabilities:/ros2_ws/install/moveit_task_constructor_core:/ros2_ws/install/moveit_ros_control_interface:/ros2_ws/install/moveit_plugins:/ros2_ws/install/moveit_simple_controller_manager:/ros2_ws/install/moveit_setup_assistant:/ros2_ws/install/moveit_setup_srdf_plugins:/ros2_ws/install/moveit_setup_core_plugins:/ros2_ws/install/moveit_setup_controllers:/ros2_ws/install/moveit_setup_app_plugins:/ros2_ws/install/moveit_setup_framework:/ros2_ws/install/moveit_servo:/ros2_ws/install/moveit_ros:/ros2_ws/install/moveit_ros_visualization:/ros2_ws/install/moveit_hybrid_planning:/ros2_ws/install/moveit_ros_planning_interface:/ros2_ws/install/moveit_ros_benchmarks:/ros2_ws/install/moveit_ros_warehouse:/ros2_ws/install/moveit_ros_robot_interaction:/ros2_ws/install/moveit_ros_perception:/ros2_ws/install/moveit_resources_prbt_pg70_support:/ros2_ws/install/moveit_resources_prbt_moveit_config:/ros2_ws/install/moveit_ros_move_group:/ros2_ws/install/moveit_planners_ompl:/ros2_ws/install/moveit_ros_planning:/ros2_ws/install/moveit_resources_prbt_ikfast_manipulator_plugin:/ros2_ws/install/moveit_planners_chomp:/ros2_ws/install/moveit_kinematics:/ros2_ws/install/moveit_chomp_optimizer_adapter:/ros2_ws/install/chomp_motion_planner:/ros2_ws/install/rviz_marker_tools:/ros2_ws/install/rosparam_shortcuts:/ros2_ws/install/moveit_task_constructor_msgs:/ros2_ws/install/moveit_resources_prbt_support:/ros2_ws/install/moveit_resources:/ros2_ws/install/moveit_resources_fanuc_moveit_config:/ros2_ws/install/moveit_resources_fanuc_description:/ros2_ws/install/moveit_configs_utils:/ros2_ws/install/launch_param_builder:/opt/ros/humble LD_LIBRARY_PATH=/ros2_ws/install/moveit_ros_occupancy_map_monitor/lib:/ros2_ws/install/moveit_core/lib:/ros2_ws/install/srdfdom/lib:/ros2_ws/install/ur_robot_driver/lib:/ros2_ws/install/ur_controllers/lib:/ros2_ws/install/ur_msgs/lib:/ros2_ws/install/ur_dashboard_msgs/lib:/ros2_ws/install/pilz_industrial_motion_planner_testutils/lib:/ros2_ws/install/pilz_industrial_motion_planner/lib:/ros2_ws/install/moveit_visual_tools/lib:/ros2_ws/install/moveit_task_constructor_visualization/lib:/ros2_ws/install/moveit_task_constructor_demo/lib:/ros2_ws/install/moveit_task_constructor_capabilities/lib:/ros2_ws/install/moveit_task_constructor_core/lib:/ros2_ws/install/moveit_ros_control_interface/lib:/ros2_ws/install/moveit_simple_controller_manager/lib:/ros2_ws/install/moveit_setup_assistant/lib:/ros2_ws/install/moveit_setup_srdf_plugins/lib:/ros2_ws/install/moveit_setup_core_plugins/lib:/ros2_ws/install/moveit_setup_controllers/lib:/ros2_ws/install/moveit_setup_app_plugins/lib:/ros2_ws/install/moveit_setup_framework/lib:/ros2_ws/install/moveit_servo/lib:/ros2_ws/install/moveit_ros_visualization/lib:/ros2_ws/install/moveit_hybrid_planning/lib:/ros2_ws/install/moveit_ros_planning_interface/lib:/ros2_ws/install/moveit_ros_benchmarks/lib:/ros2_ws/install/moveit_ros_warehouse/lib:/ros2_ws/install/moveit_ros_robot_interaction/lib:/ros2_ws/install/moveit_ros_perception/lib:/ros2_ws/install/moveit_ros_move_group/lib:/ros2_ws/install/moveit_planners_ompl/lib:/ros2_ws/install/moveit_ros_planning/lib:/ros2_ws/install/moveit_resources_prbt_ikfast_manipulator_plugin/lib:/ros2_ws/install/moveit_planners_chomp/lib:/ros2_ws/install/moveit_kinematics/lib:/ros2_ws/install/moveit_chomp_optimizer_adapter/lib:/ros2_ws/install/chomp_motion_planner/lib:/ros2_ws/install/rviz_marker_tools/lib:/ros2_ws/install/rosparam_shortcuts/lib:/ros2_ws/install/moveit_task_constructor_msgs/lib:/usr/lib/x86_64-linux-gnu/gazebo-11/plugins:/opt/ros/humble/opt/rviz_ogre_vendor/lib:/opt/ros/humble/lib/x86_64-linux-gnu:/opt/ros/humble/lib PATH=/ros2_ws/install/moveit_core/bin:/ros2_ws/install/ur_robot_driver/bin:/opt/ros/humble/bin:/usr/local/sbin:/usr/local/bin:/usr/sbin:/usr/bin:/sbin:/bin PYTHONPATH=/ros2_ws/install/moveit_configs_utils/lib/python3.10/site-packages:/ros2_ws/install/launch_param_builder/lib/python3.10/site-packages:/ros2_ws/install/ur_robot_driver/local/lib/python3.10/dist-packages:/ros2_ws/install/ur_msgs/local/lib/python3.10/dist-packages:/ros2_ws/install/ur_moveit_config/local/lib/python3.10/dist-packages:/ros2_ws/install/ur_dashboard_msgs/local/lib/python3.10/dist-packages:/ros2_ws/install/moveit_task_constructor_core/local/lib/python3.10/dist-packages:/ros2_ws/install/srdfdom/local/lib/python3.10/dist-packages:/ros2_ws/install/moveit_task_constructor_msgs/local/lib/python3.10/dist-packages:/opt/ros/humble/lib/python3.10/site-packages:/opt/ros/humble/local/lib/python3.10/dist-packages /usr/bin/cmake --build /ros2_ws/build/moveit_ros_planning -- -j8 -l8
[0.509s] Invoking command in '/ros2_ws/build/moveit_ros_planning': AMENT_PREFIX_PATH=/ros2_ws/install/moveit_configs_utils:/ros2_ws/install/launch_param_builder:/ros2_ws/install/ur:/ros2_ws/install/ur_calibration:/ros2_ws/install/ur_robot_driver:/ros2_ws/install/ur_bringup:/ros2_ws/install/ur_controllers:/ros2_ws/install/ur_msgs:/ros2_ws/install/ur_moveit_config:/ros2_ws/install/ur_dashboard_msgs:/ros2_ws/install/pilz_industrial_motion_planner_testutils:/ros2_ws/install/moveit_runtime:/ros2_ws/install/moveit2_tutorials:/ros2_ws/install/moveit:/ros2_ws/install/moveit_planners:/ros2_ws/install/pilz_industrial_motion_planner:/ros2_ws/install/moveit_visual_tools:/ros2_ws/install/moveit_task_constructor_visualization:/ros2_ws/install/moveit_task_constructor_demo:/ros2_ws/install/moveit_task_constructor_capabilities:/ros2_ws/install/moveit_task_constructor_core:/ros2_ws/install/moveit_ros_control_interface:/ros2_ws/install/moveit_plugins:/ros2_ws/install/moveit_simple_controller_manager:/ros2_ws/install/moveit_setup_assistant:/ros2_ws/install/moveit_setup_srdf_plugins:/ros2_ws/install/moveit_setup_core_plugins:/ros2_ws/install/moveit_setup_controllers:/ros2_ws/install/moveit_setup_app_plugins:/ros2_ws/install/moveit_setup_framework:/ros2_ws/install/moveit_servo:/ros2_ws/install/moveit_ros:/ros2_ws/install/moveit_ros_visualization:/ros2_ws/install/moveit_hybrid_planning:/ros2_ws/install/moveit_ros_planning_interface:/ros2_ws/install/moveit_ros_benchmarks:/ros2_ws/install/moveit_ros_warehouse:/ros2_ws/install/moveit_ros_robot_interaction:/ros2_ws/install/moveit_ros_perception:/ros2_ws/install/moveit_resources_prbt_pg70_support:/ros2_ws/install/moveit_resources_prbt_moveit_config:/ros2_ws/install/moveit_ros_move_group:/ros2_ws/install/moveit_planners_ompl:/ros2_ws/install/moveit_ros_planning:/ros2_ws/install/moveit_ros_occupancy_map_monitor:/ros2_ws/install/moveit_resources_prbt_ikfast_manipulator_plugin:/ros2_ws/install/moveit_planners_chomp:/ros2_ws/install/moveit_kinematics:/ros2_ws/install/moveit_chomp_optimizer_adapter:/ros2_ws/install/chomp_motion_planner:/ros2_ws/install/moveit_core:/ros2_ws/install/srdfdom:/ros2_ws/install/rviz_marker_tools:/ros2_ws/install/rosparam_shortcuts:/ros2_ws/install/moveit_task_constructor_msgs:/ros2_ws/install/moveit_resources_prbt_support:/ros2_ws/install/moveit_resources:/ros2_ws/install/moveit_resources_pr2_description:/ros2_ws/install/moveit_resources_panda_moveit_config:/ros2_ws/install/moveit_resources_panda_description:/ros2_ws/install/moveit_resources_fanuc_moveit_config:/ros2_ws/install/moveit_resources_fanuc_description:/ros2_ws/install/moveit_common:/opt/ros/humble CMAKE_PREFIX_PATH=/ros2_ws/install/moveit_ros_occupancy_map_monitor:/ros2_ws/install/moveit_core:/ros2_ws/install/moveit_resources_panda_moveit_config:/ros2_ws/install/srdfdom:/ros2_ws/install/moveit_resources_pr2_description:/ros2_ws/install/moveit_resources_panda_description:/ros2_ws/install/moveit_common:/ros2_ws/install/ur:/ros2_ws/install/ur_calibration:/ros2_ws/install/ur_robot_driver:/ros2_ws/install/ur_bringup:/ros2_ws/install/ur_controllers:/ros2_ws/install/ur_msgs:/ros2_ws/install/ur_moveit_config:/ros2_ws/install/ur_dashboard_msgs:/ros2_ws/install/pilz_industrial_motion_planner_testutils:/ros2_ws/install/moveit_runtime:/ros2_ws/install/moveit2_tutorials:/ros2_ws/install/moveit:/ros2_ws/install/moveit_planners:/ros2_ws/install/pilz_industrial_motion_planner:/ros2_ws/install/moveit_visual_tools:/ros2_ws/install/moveit_task_constructor_visualization:/ros2_ws/install/moveit_task_constructor_demo:/ros2_ws/install/moveit_task_constructor_capabilities:/ros2_ws/install/moveit_task_constructor_core:/ros2_ws/install/moveit_ros_control_interface:/ros2_ws/install/moveit_plugins:/ros2_ws/install/moveit_simple_controller_manager:/ros2_ws/install/moveit_setup_assistant:/ros2_ws/install/moveit_setup_srdf_plugins:/ros2_ws/install/moveit_setup_core_plugins:/ros2_ws/install/moveit_setup_controllers:/ros2_ws/install/moveit_setup_app_plugins:/ros2_ws/install/moveit_setup_framework:/ros2_ws/install/moveit_servo:/ros2_ws/install/moveit_ros:/ros2_ws/install/moveit_ros_visualization:/ros2_ws/install/moveit_hybrid_planning:/ros2_ws/install/moveit_ros_planning_interface:/ros2_ws/install/moveit_ros_benchmarks:/ros2_ws/install/moveit_ros_warehouse:/ros2_ws/install/moveit_ros_robot_interaction:/ros2_ws/install/moveit_ros_perception:/ros2_ws/install/moveit_resources_prbt_pg70_support:/ros2_ws/install/moveit_resources_prbt_moveit_config:/ros2_ws/install/moveit_ros_move_group:/ros2_ws/install/moveit_planners_ompl:/ros2_ws/install/moveit_ros_planning:/ros2_ws/install/moveit_resources_prbt_ikfast_manipulator_plugin:/ros2_ws/install/moveit_planners_chomp:/ros2_ws/install/moveit_kinematics:/ros2_ws/install/moveit_chomp_optimizer_adapter:/ros2_ws/install/chomp_motion_planner:/ros2_ws/install/rviz_marker_tools:/ros2_ws/install/rosparam_shortcuts:/ros2_ws/install/moveit_task_constructor_msgs:/ros2_ws/install/moveit_resources_prbt_support:/ros2_ws/install/moveit_resources:/ros2_ws/install/moveit_resources_fanuc_moveit_config:/ros2_ws/install/moveit_resources_fanuc_description:/ros2_ws/install/moveit_configs_utils:/ros2_ws/install/launch_param_builder:/opt/ros/humble LD_LIBRARY_PATH=/ros2_ws/install/moveit_ros_occupancy_map_monitor/lib:/ros2_ws/install/moveit_core/lib:/ros2_ws/install/srdfdom/lib:/ros2_ws/install/ur_robot_driver/lib:/ros2_ws/install/ur_controllers/lib:/ros2_ws/install/ur_msgs/lib:/ros2_ws/install/ur_dashboard_msgs/lib:/ros2_ws/install/pilz_industrial_motion_planner_testutils/lib:/ros2_ws/install/pilz_industrial_motion_planner/lib:/ros2_ws/install/moveit_visual_tools/lib:/ros2_ws/install/moveit_task_constructor_visualization/lib:/ros2_ws/install/moveit_task_constructor_demo/lib:/ros2_ws/install/moveit_task_constructor_capabilities/lib:/ros2_ws/install/moveit_task_constructor_core/lib:/ros2_ws/install/moveit_ros_control_interface/lib:/ros2_ws/install/moveit_simple_controller_manager/lib:/ros2_ws/install/moveit_setup_assistant/lib:/ros2_ws/install/moveit_setup_srdf_plugins/lib:/ros2_ws/install/moveit_setup_core_plugins/lib:/ros2_ws/install/moveit_setup_controllers/lib:/ros2_ws/install/moveit_setup_app_plugins/lib:/ros2_ws/install/moveit_setup_framework/lib:/ros2_ws/install/moveit_servo/lib:/ros2_ws/install/moveit_ros_visualization/lib:/ros2_ws/install/moveit_hybrid_planning/lib:/ros2_ws/install/moveit_ros_planning_interface/lib:/ros2_ws/install/moveit_ros_benchmarks/lib:/ros2_ws/install/moveit_ros_warehouse/lib:/ros2_ws/install/moveit_ros_robot_interaction/lib:/ros2_ws/install/moveit_ros_perception/lib:/ros2_ws/install/moveit_ros_move_group/lib:/ros2_ws/install/moveit_planners_ompl/lib:/ros2_ws/install/moveit_ros_planning/lib:/ros2_ws/install/moveit_resources_prbt_ikfast_manipulator_plugin/lib:/ros2_ws/install/moveit_planners_chomp/lib:/ros2_ws/install/moveit_kinematics/lib:/ros2_ws/install/moveit_chomp_optimizer_adapter/lib:/ros2_ws/install/chomp_motion_planner/lib:/ros2_ws/install/rviz_marker_tools/lib:/ros2_ws/install/rosparam_shortcuts/lib:/ros2_ws/install/moveit_task_constructor_msgs/lib:/usr/lib/x86_64-linux-gnu/gazebo-11/plugins:/opt/ros/humble/opt/rviz_ogre_vendor/lib:/opt/ros/humble/lib/x86_64-linux-gnu:/opt/ros/humble/lib PATH=/ros2_ws/install/moveit_core/bin:/ros2_ws/install/ur_robot_driver/bin:/opt/ros/humble/bin:/usr/local/sbin:/usr/local/bin:/usr/sbin:/usr/bin:/sbin:/bin PYTHONPATH=/ros2_ws/install/moveit_configs_utils/lib/python3.10/site-packages:/ros2_ws/install/launch_param_builder/lib/python3.10/site-packages:/ros2_ws/install/ur_robot_driver/local/lib/python3.10/dist-packages:/ros2_ws/install/ur_msgs/local/lib/python3.10/dist-packages:/ros2_ws/install/ur_moveit_config/local/lib/python3.10/dist-packages:/ros2_ws/install/ur_dashboard_msgs/local/lib/python3.10/dist-packages:/ros2_ws/install/moveit_task_constructor_core/local/lib/python3.10/dist-packages:/ros2_ws/install/srdfdom/local/lib/python3.10/dist-packages:/ros2_ws/install/moveit_task_constructor_msgs/local/lib/python3.10/dist-packages:/opt/ros/humble/lib/python3.10/site-packages:/opt/ros/humble/local/lib/python3.10/dist-packages /usr/bin/cmake --install /ros2_ws/build/moveit_ros_planning
[0.520s] -- Install configuration: "Release"
[0.521s] -- Up-to-date: /ros2_ws/install/moveit_ros_planning/include
[0.521s] -- Up-to-date: /ros2_ws/install/moveit_ros_planning/include/moveit
[0.521s] -- Up-to-date: /ros2_ws/install/moveit_ros_planning/include/moveit/rdf_loader
[0.521s] -- Up-to-date: /ros2_ws/install/moveit_ros_planning/include/moveit/rdf_loader/rdf_loader.h
[0.522s] -- Up-to-date: /ros2_ws/install/moveit_ros_planning/include/moveit/rdf_loader/synchronized_string_parameter.h
[0.522s] -- Up-to-date: /ros2_ws/install/moveit_ros_planning/share/moveit_ros_planning/rdf_loader/test/data
[0.522s] -- Up-to-date: /ros2_ws/install/moveit_ros_planning/share/moveit_ros_planning/rdf_loader/test/data/robin.srdf.xacro
[0.522s] -- Up-to-date: /ros2_ws/install/moveit_ros_planning/share/moveit_ros_planning/rdf_loader/test/data/kermit.srdf
[0.522s] -- Up-to-date: /ros2_ws/install/moveit_ros_planning/share/moveit_ros_planning/rdf_loader/test/data/kermit.urdf
[0.522s] -- Up-to-date: /ros2_ws/install/moveit_ros_planning/share/moveit_ros_planning/rdf_loader/test/data/gonzo.urdf
[0.522s] -- Up-to-date: /ros2_ws/install/moveit_ros_planning/share/moveit_ros_planning/rdf_loader/test/data/gonzo.srdf
[0.522s] -- Up-to-date: /ros2_ws/install/moveit_ros_planning/share/moveit_ros_planning/rdf_loader/test/launch
[0.522s] -- Up-to-date: /ros2_ws/install/moveit_ros_planning/share/moveit_ros_planning/rdf_loader/test/launch/test_rdf_integration.test.py
[0.522s] -- Up-to-date: /ros2_ws/install/moveit_ros_planning/include
[0.523s] -- Up-to-date: /ros2_ws/install/moveit_ros_planning/include/moveit
[0.523s] -- Up-to-date: /ros2_ws/install/moveit_ros_planning/include/moveit/collision_plugin_loader
[0.523s] -- Up-to-date: /ros2_ws/install/moveit_ros_planning/include/moveit/collision_plugin_loader/collision_plugin_loader.h
[0.524s] -- Up-to-date: /ros2_ws/install/moveit_ros_planning/include
[0.524s] -- Up-to-date: /ros2_ws/install/moveit_ros_planning/include/moveit
[0.524s] -- Up-to-date: /ros2_ws/install/moveit_ros_planning/include/moveit/kinematics_plugin_loader
[0.524s] -- Up-to-date: /ros2_ws/install/moveit_ros_planning/include/moveit/kinematics_plugin_loader/kinematics_plugin_loader.h
[0.524s] -- Up-to-date: /ros2_ws/install/moveit_ros_planning/include
[0.524s] -- Up-to-date: /ros2_ws/install/moveit_ros_planning/include/moveit
[0.525s] -- Up-to-date: /ros2_ws/install/moveit_ros_planning/include/moveit/robot_model_loader
[0.525s] -- Up-to-date: /ros2_ws/install/moveit_ros_planning/include/moveit/robot_model_loader/robot_model_loader.h
[0.525s] -- Up-to-date: /ros2_ws/install/moveit_ros_planning/include
[0.525s] -- Up-to-date: /ros2_ws/install/moveit_ros_planning/include/moveit
[0.526s] -- Up-to-date: /ros2_ws/install/moveit_ros_planning/include/moveit/constraint_sampler_manager_loader
[0.526s] -- Up-to-date: /ros2_ws/install/moveit_ros_planning/include/moveit/constraint_sampler_manager_loader/constraint_sampler_manager_loader.h
[0.526s] -- Up-to-date: /ros2_ws/install/moveit_ros_planning/include
[0.526s] -- Up-to-date: /ros2_ws/install/moveit_ros_planning/include/moveit
[0.527s] -- Up-to-date: /ros2_ws/install/moveit_ros_planning/include/moveit/planning_pipeline
[0.527s] -- Up-to-date: /ros2_ws/install/moveit_ros_planning/include/moveit/planning_pipeline/planning_pipeline.h
[0.527s] -- Up-to-date: /ros2_ws/install/moveit_ros_planning/include/moveit_planning_pipeline_export.h
[0.528s] -- Up-to-date: /ros2_ws/install/moveit_ros_planning/lib/moveit_ros_planning/moveit_list_request_adapter_plugins
[0.529s] -- Up-to-date: /ros2_ws/install/moveit_ros_planning/lib/moveit_ros_planning/demo_scene
[0.530s] -- Up-to-date: /ros2_ws/install/moveit_ros_planning/include
[0.530s] -- Up-to-date: /ros2_ws/install/moveit_ros_planning/include/moveit
[0.530s] -- Up-to-date: /ros2_ws/install/moveit_ros_planning/include/moveit/planning_scene_monitor
[0.530s] -- Up-to-date: /ros2_ws/install/moveit_ros_planning/include/moveit/planning_scene_monitor/trajectory_monitor.h
[0.530s] -- Up-to-date: /ros2_ws/install/moveit_ros_planning/include/moveit/planning_scene_monitor/planning_scene_monitor.h
[0.530s] -- Up-to-date: /ros2_ws/install/moveit_ros_planning/include/moveit/planning_scene_monitor/current_state_monitor_middleware_handle.hpp
[0.530s] -- Up-to-date: /ros2_ws/install/moveit_ros_planning/include/moveit/planning_scene_monitor/trajectory_monitor_middleware_handle.hpp
[0.530s] -- Up-to-date: /ros2_ws/install/moveit_ros_planning/include/moveit/planning_scene_monitor/current_state_monitor.h
[0.531s] -- Up-to-date: /ros2_ws/install/moveit_ros_planning/include/moveit_planning_scene_monitor_export.h
[0.532s] -- Up-to-date: /ros2_ws/install/moveit_ros_planning/lib/moveit_ros_planning/moveit_print_planning_model_info
[0.532s] -- Up-to-date: /ros2_ws/install/moveit_ros_planning/lib/moveit_ros_planning/moveit_print_planning_scene_info
[0.533s] -- Up-to-date: /ros2_ws/install/moveit_ros_planning/lib/moveit_ros_planning/moveit_display_random_state
[0.534s] -- Up-to-date: /ros2_ws/install/moveit_ros_planning/lib/moveit_ros_planning/moveit_visualize_robot_collision_volume
[0.536s] -- Up-to-date: /ros2_ws/install/moveit_ros_planning/lib/moveit_ros_planning/moveit_evaluate_collision_checking_speed
[0.537s] -- Up-to-date: /ros2_ws/install/moveit_ros_planning/lib/moveit_ros_planning/moveit_publish_scene_from_text
[0.538s] -- Up-to-date: /ros2_ws/install/moveit_ros_planning/include
[0.538s] -- Up-to-date: /ros2_ws/install/moveit_ros_planning/include/moveit
[0.538s] -- Up-to-date: /ros2_ws/install/moveit_ros_planning/include/moveit/trajectory_execution_manager
[0.538s] -- Up-to-date: /ros2_ws/install/moveit_ros_planning/include/moveit/trajectory_execution_manager/trajectory_execution_manager.h
[0.538s] -- Up-to-date: /ros2_ws/install/moveit_ros_planning/include/moveit_trajectory_execution_manager_export.h
[0.538s] -- Up-to-date: /ros2_ws/install/moveit_ros_planning/include
[0.539s] -- Up-to-date: /ros2_ws/install/moveit_ros_planning/include/moveit
[0.539s] -- Up-to-date: /ros2_ws/install/moveit_ros_planning/include/moveit/plan_execution
[0.539s] -- Up-to-date: /ros2_ws/install/moveit_ros_planning/include/moveit/plan_execution/plan_execution.h
[0.539s] -- Up-to-date: /ros2_ws/install/moveit_ros_planning/include/moveit/plan_execution/plan_representation.h
[0.540s] -- Up-to-date: /ros2_ws/install/moveit_ros_planning/include
[0.540s] -- Up-to-date: /ros2_ws/install/moveit_ros_planning/include/moveit
[0.540s] -- Up-to-date: /ros2_ws/install/moveit_ros_planning/include/moveit/moveit_cpp
[0.540s] -- Up-to-date: /ros2_ws/install/moveit_ros_planning/include/moveit/moveit_cpp/moveit_cpp.h
[0.540s] -- Up-to-date: /ros2_ws/install/moveit_ros_planning/include/moveit/moveit_cpp/planning_component.h
[0.540s] -- Up-to-date: /ros2_ws/install/moveit_ros_planning/lib/libmoveit_rdf_loader.so.2.5.7
[0.541s] -- Up-to-date: /ros2_ws/install/moveit_ros_planning/lib/libmoveit_rdf_loader.so
[0.542s] -- Up-to-date: /ros2_ws/install/moveit_ros_planning/lib/libmoveit_kinematics_plugin_loader.so.2.5.7
[0.542s] -- Up-to-date: /ros2_ws/install/moveit_ros_planning/lib/libmoveit_kinematics_plugin_loader.so
[0.543s] -- Up-to-date: /ros2_ws/install/moveit_ros_planning/lib/libmoveit_robot_model_loader.so.2.5.7
[0.543s] -- Up-to-date: /ros2_ws/install/moveit_ros_planning/lib/libmoveit_robot_model_loader.so
[0.544s] -- Up-to-date: /ros2_ws/install/moveit_ros_planning/lib/libmoveit_constraint_sampler_manager_loader.so.2.5.7
[0.545s] -- Up-to-date: /ros2_ws/install/moveit_ros_planning/lib/libmoveit_constraint_sampler_manager_loader.so
[0.545s] -- Up-to-date: /ros2_ws/install/moveit_ros_planning/lib/libmoveit_planning_pipeline.so.2.5.7
[0.546s] -- Up-to-date: /ros2_ws/install/moveit_ros_planning/lib/libmoveit_planning_pipeline.so
[0.547s] -- Up-to-date: /ros2_ws/install/moveit_ros_planning/lib/libmoveit_trajectory_execution_manager.so.2.5.7
[0.547s] -- Up-to-date: /ros2_ws/install/moveit_ros_planning/lib/libmoveit_trajectory_execution_manager.so
[0.548s] -- Up-to-date: /ros2_ws/install/moveit_ros_planning/lib/libmoveit_plan_execution.so.2.5.7
[0.548s] -- Up-to-date: /ros2_ws/install/moveit_ros_planning/lib/libmoveit_plan_execution.so
[0.549s] -- Up-to-date: /ros2_ws/install/moveit_ros_planning/lib/libmoveit_planning_scene_monitor.so.2.5.7
[0.549s] -- Up-to-date: /ros2_ws/install/moveit_ros_planning/lib/libmoveit_planning_scene_monitor.so
[0.550s] -- Up-to-date: /ros2_ws/install/moveit_ros_planning/lib/libmoveit_collision_plugin_loader.so.2.5.7
[0.550s] -- Up-to-date: /ros2_ws/install/moveit_ros_planning/lib/libmoveit_collision_plugin_loader.so
[0.551s] -- Up-to-date: /ros2_ws/install/moveit_ros_planning/lib/libmoveit_default_planning_request_adapter_plugins.so.2.5.7
[0.551s] -- Up-to-date: /ros2_ws/install/moveit_ros_planning/lib/libmoveit_default_planning_request_adapter_plugins.so
[0.552s] -- Up-to-date: /ros2_ws/install/moveit_ros_planning/lib/libmoveit_cpp.so.2.5.7
[0.552s] -- Up-to-date: /ros2_ws/install/moveit_ros_planning/lib/libmoveit_cpp.so
[0.552s] -- Up-to-date: /ros2_ws/install/moveit_ros_planning/share/moveit_ros_planning/environment/library_path.sh
[0.552s] -- Up-to-date: /ros2_ws/install/moveit_ros_planning/share/moveit_ros_planning/environment/library_path.dsv
[0.552s] -- Up-to-date: /ros2_ws/install/moveit_ros_planning/share/moveit_ros_planning/planning_request_adapters_plugin_description.xml
[0.553s] -- Up-to-date: /ros2_ws/install/moveit_ros_planning/share/ament_index/resource_index/package_run_dependencies/moveit_ros_planning
[0.553s] -- Up-to-date: /ros2_ws/install/moveit_ros_planning/share/ament_index/resource_index/parent_prefix_path/moveit_ros_planning
[0.553s] -- Up-to-date: /ros2_ws/install/moveit_ros_planning/share/moveit_ros_planning/environment/ament_prefix_path.sh
[0.553s] -- Up-to-date: /ros2_ws/install/moveit_ros_planning/share/moveit_ros_planning/environment/ament_prefix_path.dsv
[0.553s] -- Up-to-date: /ros2_ws/install/moveit_ros_planning/share/moveit_ros_planning/environment/path.sh
[0.553s] -- Up-to-date: /ros2_ws/install/moveit_ros_planning/share/moveit_ros_planning/environment/path.dsv
[0.553s] -- Up-to-date: /ros2_ws/install/moveit_ros_planning/share/moveit_ros_planning/local_setup.bash
[0.553s] -- Up-to-date: /ros2_ws/install/moveit_ros_planning/share/moveit_ros_planning/local_setup.sh
[0.553s] -- Up-to-date: /ros2_ws/install/moveit_ros_planning/share/moveit_ros_planning/local_setup.zsh
[0.553s] -- Up-to-date: /ros2_ws/install/moveit_ros_planning/share/moveit_ros_planning/local_setup.dsv
[0.554s] -- Installing: /ros2_ws/install/moveit_ros_planning/share/moveit_ros_planning/package.dsv
[0.554s] -- Up-to-date: /ros2_ws/install/moveit_ros_planning/share/ament_index/resource_index/packages/moveit_ros_planning
[0.554s] -- Up-to-date: /ros2_ws/install/moveit_ros_planning/share/ament_index/resource_index/moveit_core__pluginlib__plugin/moveit_ros_planning
[0.554s] -- Up-to-date: /ros2_ws/install/moveit_ros_planning/share/moveit_ros_planning/cmake/export_moveit_ros_planningExport.cmake
[0.554s] -- Up-to-date: /ros2_ws/install/moveit_ros_planning/share/moveit_ros_planning/cmake/export_moveit_ros_planningExport-release.cmake
[0.554s] -- Up-to-date: /ros2_ws/install/moveit_ros_planning/share/moveit_ros_planning/cmake/ConfigExtras.cmake
[0.555s] -- Up-to-date: /ros2_ws/install/moveit_ros_planning/share/moveit_ros_planning/cmake/ament_cmake_export_targets-extras.cmake
[0.555s] -- Up-to-date: /ros2_ws/install/moveit_ros_planning/share/moveit_ros_planning/cmake/ament_cmake_export_dependencies-extras.cmake
[0.555s] -- Up-to-date: /ros2_ws/install/moveit_ros_planning/share/moveit_ros_planning/cmake/moveit_ros_planningConfig.cmake
[0.555s] -- Up-to-date: /ros2_ws/install/moveit_ros_planning/share/moveit_ros_planning/cmake/moveit_ros_planningConfig-version.cmake
[0.555s] -- Up-to-date: /ros2_ws/install/moveit_ros_planning/share/moveit_ros_planning/package.xml
[0.557s] Invoked command in '/ros2_ws/build/moveit_ros_planning' returned '0': AMENT_PREFIX_PATH=/ros2_ws/install/moveit_configs_utils:/ros2_ws/install/launch_param_builder:/ros2_ws/install/ur:/ros2_ws/install/ur_calibration:/ros2_ws/install/ur_robot_driver:/ros2_ws/install/ur_bringup:/ros2_ws/install/ur_controllers:/ros2_ws/install/ur_msgs:/ros2_ws/install/ur_moveit_config:/ros2_ws/install/ur_dashboard_msgs:/ros2_ws/install/pilz_industrial_motion_planner_testutils:/ros2_ws/install/moveit_runtime:/ros2_ws/install/moveit2_tutorials:/ros2_ws/install/moveit:/ros2_ws/install/moveit_planners:/ros2_ws/install/pilz_industrial_motion_planner:/ros2_ws/install/moveit_visual_tools:/ros2_ws/install/moveit_task_constructor_visualization:/ros2_ws/install/moveit_task_constructor_demo:/ros2_ws/install/moveit_task_constructor_capabilities:/ros2_ws/install/moveit_task_constructor_core:/ros2_ws/install/moveit_ros_control_interface:/ros2_ws/install/moveit_plugins:/ros2_ws/install/moveit_simple_controller_manager:/ros2_ws/install/moveit_setup_assistant:/ros2_ws/install/moveit_setup_srdf_plugins:/ros2_ws/install/moveit_setup_core_plugins:/ros2_ws/install/moveit_setup_controllers:/ros2_ws/install/moveit_setup_app_plugins:/ros2_ws/install/moveit_setup_framework:/ros2_ws/install/moveit_servo:/ros2_ws/install/moveit_ros:/ros2_ws/install/moveit_ros_visualization:/ros2_ws/install/moveit_hybrid_planning:/ros2_ws/install/moveit_ros_planning_interface:/ros2_ws/install/moveit_ros_benchmarks:/ros2_ws/install/moveit_ros_warehouse:/ros2_ws/install/moveit_ros_robot_interaction:/ros2_ws/install/moveit_ros_perception:/ros2_ws/install/moveit_resources_prbt_pg70_support:/ros2_ws/install/moveit_resources_prbt_moveit_config:/ros2_ws/install/moveit_ros_move_group:/ros2_ws/install/moveit_planners_ompl:/ros2_ws/install/moveit_ros_planning:/ros2_ws/install/moveit_ros_occupancy_map_monitor:/ros2_ws/install/moveit_resources_prbt_ikfast_manipulator_plugin:/ros2_ws/install/moveit_planners_chomp:/ros2_ws/install/moveit_kinematics:/ros2_ws/install/moveit_chomp_optimizer_adapter:/ros2_ws/install/chomp_motion_planner:/ros2_ws/install/moveit_core:/ros2_ws/install/srdfdom:/ros2_ws/install/rviz_marker_tools:/ros2_ws/install/rosparam_shortcuts:/ros2_ws/install/moveit_task_constructor_msgs:/ros2_ws/install/moveit_resources_prbt_support:/ros2_ws/install/moveit_resources:/ros2_ws/install/moveit_resources_pr2_description:/ros2_ws/install/moveit_resources_panda_moveit_config:/ros2_ws/install/moveit_resources_panda_description:/ros2_ws/install/moveit_resources_fanuc_moveit_config:/ros2_ws/install/moveit_resources_fanuc_description:/ros2_ws/install/moveit_common:/opt/ros/humble CMAKE_PREFIX_PATH=/ros2_ws/install/moveit_ros_occupancy_map_monitor:/ros2_ws/install/moveit_core:/ros2_ws/install/moveit_resources_panda_moveit_config:/ros2_ws/install/srdfdom:/ros2_ws/install/moveit_resources_pr2_description:/ros2_ws/install/moveit_resources_panda_description:/ros2_ws/install/moveit_common:/ros2_ws/install/ur:/ros2_ws/install/ur_calibration:/ros2_ws/install/ur_robot_driver:/ros2_ws/install/ur_bringup:/ros2_ws/install/ur_controllers:/ros2_ws/install/ur_msgs:/ros2_ws/install/ur_moveit_config:/ros2_ws/install/ur_dashboard_msgs:/ros2_ws/install/pilz_industrial_motion_planner_testutils:/ros2_ws/install/moveit_runtime:/ros2_ws/install/moveit2_tutorials:/ros2_ws/install/moveit:/ros2_ws/install/moveit_planners:/ros2_ws/install/pilz_industrial_motion_planner:/ros2_ws/install/moveit_visual_tools:/ros2_ws/install/moveit_task_constructor_visualization:/ros2_ws/install/moveit_task_constructor_demo:/ros2_ws/install/moveit_task_constructor_capabilities:/ros2_ws/install/moveit_task_constructor_core:/ros2_ws/install/moveit_ros_control_interface:/ros2_ws/install/moveit_plugins:/ros2_ws/install/moveit_simple_controller_manager:/ros2_ws/install/moveit_setup_assistant:/ros2_ws/install/moveit_setup_srdf_plugins:/ros2_ws/install/moveit_setup_core_plugins:/ros2_ws/install/moveit_setup_controllers:/ros2_ws/install/moveit_setup_app_plugins:/ros2_ws/install/moveit_setup_framework:/ros2_ws/install/moveit_servo:/ros2_ws/install/moveit_ros:/ros2_ws/install/moveit_ros_visualization:/ros2_ws/install/moveit_hybrid_planning:/ros2_ws/install/moveit_ros_planning_interface:/ros2_ws/install/moveit_ros_benchmarks:/ros2_ws/install/moveit_ros_warehouse:/ros2_ws/install/moveit_ros_robot_interaction:/ros2_ws/install/moveit_ros_perception:/ros2_ws/install/moveit_resources_prbt_pg70_support:/ros2_ws/install/moveit_resources_prbt_moveit_config:/ros2_ws/install/moveit_ros_move_group:/ros2_ws/install/moveit_planners_ompl:/ros2_ws/install/moveit_ros_planning:/ros2_ws/install/moveit_resources_prbt_ikfast_manipulator_plugin:/ros2_ws/install/moveit_planners_chomp:/ros2_ws/install/moveit_kinematics:/ros2_ws/install/moveit_chomp_optimizer_adapter:/ros2_ws/install/chomp_motion_planner:/ros2_ws/install/rviz_marker_tools:/ros2_ws/install/rosparam_shortcuts:/ros2_ws/install/moveit_task_constructor_msgs:/ros2_ws/install/moveit_resources_prbt_support:/ros2_ws/install/moveit_resources:/ros2_ws/install/moveit_resources_fanuc_moveit_config:/ros2_ws/install/moveit_resources_fanuc_description:/ros2_ws/install/moveit_configs_utils:/ros2_ws/install/launch_param_builder:/opt/ros/humble LD_LIBRARY_PATH=/ros2_ws/install/moveit_ros_occupancy_map_monitor/lib:/ros2_ws/install/moveit_core/lib:/ros2_ws/install/srdfdom/lib:/ros2_ws/install/ur_robot_driver/lib:/ros2_ws/install/ur_controllers/lib:/ros2_ws/install/ur_msgs/lib:/ros2_ws/install/ur_dashboard_msgs/lib:/ros2_ws/install/pilz_industrial_motion_planner_testutils/lib:/ros2_ws/install/pilz_industrial_motion_planner/lib:/ros2_ws/install/moveit_visual_tools/lib:/ros2_ws/install/moveit_task_constructor_visualization/lib:/ros2_ws/install/moveit_task_constructor_demo/lib:/ros2_ws/install/moveit_task_constructor_capabilities/lib:/ros2_ws/install/moveit_task_constructor_core/lib:/ros2_ws/install/moveit_ros_control_interface/lib:/ros2_ws/install/moveit_simple_controller_manager/lib:/ros2_ws/install/moveit_setup_assistant/lib:/ros2_ws/install/moveit_setup_srdf_plugins/lib:/ros2_ws/install/moveit_setup_core_plugins/lib:/ros2_ws/install/moveit_setup_controllers/lib:/ros2_ws/install/moveit_setup_app_plugins/lib:/ros2_ws/install/moveit_setup_framework/lib:/ros2_ws/install/moveit_servo/lib:/ros2_ws/install/moveit_ros_visualization/lib:/ros2_ws/install/moveit_hybrid_planning/lib:/ros2_ws/install/moveit_ros_planning_interface/lib:/ros2_ws/install/moveit_ros_benchmarks/lib:/ros2_ws/install/moveit_ros_warehouse/lib:/ros2_ws/install/moveit_ros_robot_interaction/lib:/ros2_ws/install/moveit_ros_perception/lib:/ros2_ws/install/moveit_ros_move_group/lib:/ros2_ws/install/moveit_planners_ompl/lib:/ros2_ws/install/moveit_ros_planning/lib:/ros2_ws/install/moveit_resources_prbt_ikfast_manipulator_plugin/lib:/ros2_ws/install/moveit_planners_chomp/lib:/ros2_ws/install/moveit_kinematics/lib:/ros2_ws/install/moveit_chomp_optimizer_adapter/lib:/ros2_ws/install/chomp_motion_planner/lib:/ros2_ws/install/rviz_marker_tools/lib:/ros2_ws/install/rosparam_shortcuts/lib:/ros2_ws/install/moveit_task_constructor_msgs/lib:/usr/lib/x86_64-linux-gnu/gazebo-11/plugins:/opt/ros/humble/opt/rviz_ogre_vendor/lib:/opt/ros/humble/lib/x86_64-linux-gnu:/opt/ros/humble/lib PATH=/ros2_ws/install/moveit_core/bin:/ros2_ws/install/ur_robot_driver/bin:/opt/ros/humble/bin:/usr/local/sbin:/usr/local/bin:/usr/sbin:/usr/bin:/sbin:/bin PYTHONPATH=/ros2_ws/install/moveit_configs_utils/lib/python3.10/site-packages:/ros2_ws/install/launch_param_builder/lib/python3.10/site-packages:/ros2_ws/install/ur_robot_driver/local/lib/python3.10/dist-packages:/ros2_ws/install/ur_msgs/local/lib/python3.10/dist-packages:/ros2_ws/install/ur_moveit_config/local/lib/python3.10/dist-packages:/ros2_ws/install/ur_dashboard_msgs/local/lib/python3.10/dist-packages:/ros2_ws/install/moveit_task_constructor_core/local/lib/python3.10/dist-packages:/ros2_ws/install/srdfdom/local/lib/python3.10/dist-packages:/ros2_ws/install/moveit_task_constructor_msgs/local/lib/python3.10/dist-packages:/opt/ros/humble/lib/python3.10/site-packages:/opt/ros/humble/local/lib/python3.10/dist-packages /usr/bin/cmake --install /ros2_ws/build/moveit_ros_planning
