[0.074s] Invoking command in '/ros2_ws/build/moveit_planners_chomp': AMENT_PREFIX_PATH=/ros2_ws/install/chomp_motion_planner:/ros2_ws/install/moveit_core:/ros2_ws/install/moveit_resources_panda_moveit_config:/ros2_ws/install/srdfdom:/ros2_ws/install/moveit_resources_pr2_description:/ros2_ws/install/moveit_resources_panda_description:/ros2_ws/install/moveit_common:${AMENT_PREFIX_PATH} CMAKE_PREFIX_PATH=/ros2_ws/install/chomp_motion_planner:/ros2_ws/install/moveit_core:/ros2_ws/install/moveit_resources_panda_moveit_config:/ros2_ws/install/srdfdom:/ros2_ws/install/moveit_resources_pr2_description:/ros2_ws/install/moveit_resources_panda_description:/ros2_ws/install/moveit_common:/opt/ros/humble LD_LIBRARY_PATH=/ros2_ws/install/chomp_motion_planner/lib:/ros2_ws/install/moveit_core/lib:/ros2_ws/install/srdfdom/lib:${LD_LIBRARY_PATH} PATH=/ros2_ws/install/moveit_core/bin:${PATH} PYTHONPATH=/ros2_ws/install/srdfdom/local/lib/python3.10/dist-packages:${PYTHONPATH} /usr/bin/cmake --build /ros2_ws/build/moveit_planners_chomp -- -j8 -l8
[0.157s] [ 60%] Built target moveit_chomp_interface
[0.198s] [100%] Built target moveit_chomp_planner_plugin
[0.219s] Invoked command in '/ros2_ws/build/moveit_planners_chomp' returned '0': AMENT_PREFIX_PATH=/ros2_ws/install/chomp_motion_planner:/ros2_ws/install/moveit_core:/ros2_ws/install/moveit_resources_panda_moveit_config:/ros2_ws/install/srdfdom:/ros2_ws/install/moveit_resources_pr2_description:/ros2_ws/install/moveit_resources_panda_description:/ros2_ws/install/moveit_common:${AMENT_PREFIX_PATH} CMAKE_PREFIX_PATH=/ros2_ws/install/chomp_motion_planner:/ros2_ws/install/moveit_core:/ros2_ws/install/moveit_resources_panda_moveit_config:/ros2_ws/install/srdfdom:/ros2_ws/install/moveit_resources_pr2_description:/ros2_ws/install/moveit_resources_panda_description:/ros2_ws/install/moveit_common:/opt/ros/humble LD_LIBRARY_PATH=/ros2_ws/install/chomp_motion_planner/lib:/ros2_ws/install/moveit_core/lib:/ros2_ws/install/srdfdom/lib:${LD_LIBRARY_PATH} PATH=/ros2_ws/install/moveit_core/bin:${PATH} PYTHONPATH=/ros2_ws/install/srdfdom/local/lib/python3.10/dist-packages:${PYTHONPATH} /usr/bin/cmake --build /ros2_ws/build/moveit_planners_chomp -- -j8 -l8
[0.221s] Invoking command in '/ros2_ws/build/moveit_planners_chomp': AMENT_PREFIX_PATH=/ros2_ws/install/chomp_motion_planner:/ros2_ws/install/moveit_core:/ros2_ws/install/moveit_resources_panda_moveit_config:/ros2_ws/install/srdfdom:/ros2_ws/install/moveit_resources_pr2_description:/ros2_ws/install/moveit_resources_panda_description:/ros2_ws/install/moveit_common:${AMENT_PREFIX_PATH} CMAKE_PREFIX_PATH=/ros2_ws/install/chomp_motion_planner:/ros2_ws/install/moveit_core:/ros2_ws/install/moveit_resources_panda_moveit_config:/ros2_ws/install/srdfdom:/ros2_ws/install/moveit_resources_pr2_description:/ros2_ws/install/moveit_resources_panda_description:/ros2_ws/install/moveit_common:/opt/ros/humble LD_LIBRARY_PATH=/ros2_ws/install/chomp_motion_planner/lib:/ros2_ws/install/moveit_core/lib:/ros2_ws/install/srdfdom/lib:${LD_LIBRARY_PATH} PATH=/ros2_ws/install/moveit_core/bin:${PATH} PYTHONPATH=/ros2_ws/install/srdfdom/local/lib/python3.10/dist-packages:${PYTHONPATH} /usr/bin/cmake --install /ros2_ws/build/moveit_planners_chomp
[0.229s] -- Install configuration: "Release"
[0.230s] -- Up-to-date: /ros2_ws/install/moveit_planners_chomp/lib/libmoveit_chomp_interface.so.2.5.7
[0.230s] -- Up-to-date: /ros2_ws/install/moveit_planners_chomp/lib/libmoveit_chomp_interface.so
[0.231s] -- Up-to-date: /ros2_ws/install/moveit_planners_chomp/lib/libmoveit_chomp_planner_plugin.so
[0.231s] -- Up-to-date: /ros2_ws/install/moveit_planners_chomp/share/moveit_planners_chomp/environment/library_path.sh
[0.231s] -- Up-to-date: /ros2_ws/install/moveit_planners_chomp/share/moveit_planners_chomp/environment/library_path.dsv
[0.231s] -- Up-to-date: /ros2_ws/install/moveit_planners_chomp/share/moveit_planners_chomp/chomp_interface_plugin_description.xml
[0.232s] -- Up-to-date: /ros2_ws/install/moveit_planners_chomp/share/ament_index/resource_index/package_run_dependencies/moveit_planners_chomp
[0.232s] -- Up-to-date: /ros2_ws/install/moveit_planners_chomp/share/ament_index/resource_index/parent_prefix_path/moveit_planners_chomp
[0.232s] -- Up-to-date: /ros2_ws/install/moveit_planners_chomp/share/moveit_planners_chomp/environment/ament_prefix_path.sh
[0.232s] -- Up-to-date: /ros2_ws/install/moveit_planners_chomp/share/moveit_planners_chomp/environment/ament_prefix_path.dsv
[0.232s] -- Up-to-date: /ros2_ws/install/moveit_planners_chomp/share/moveit_planners_chomp/environment/path.sh
[0.232s] -- Up-to-date: /ros2_ws/install/moveit_planners_chomp/share/moveit_planners_chomp/environment/path.dsv
[0.232s] -- Up-to-date: /ros2_ws/install/moveit_planners_chomp/share/moveit_planners_chomp/local_setup.bash
[0.232s] -- Up-to-date: /ros2_ws/install/moveit_planners_chomp/share/moveit_planners_chomp/local_setup.sh
[0.232s] -- Up-to-date: /ros2_ws/install/moveit_planners_chomp/share/moveit_planners_chomp/local_setup.zsh
[0.232s] -- Up-to-date: /ros2_ws/install/moveit_planners_chomp/share/moveit_planners_chomp/local_setup.dsv
[0.233s] -- Installing: /ros2_ws/install/moveit_planners_chomp/share/moveit_planners_chomp/package.dsv
[0.233s] -- Up-to-date: /ros2_ws/install/moveit_planners_chomp/share/ament_index/resource_index/packages/moveit_planners_chomp
[0.233s] -- Up-to-date: /ros2_ws/install/moveit_planners_chomp/share/ament_index/resource_index/moveit_core__pluginlib__plugin/moveit_planners_chomp
[0.233s] -- Up-to-date: /ros2_ws/install/moveit_planners_chomp/share/moveit_planners_chomp/cmake/moveit_planners_chompTargetsExport.cmake
[0.233s] -- Up-to-date: /ros2_ws/install/moveit_planners_chomp/share/moveit_planners_chomp/cmake/moveit_planners_chompTargetsExport-release.cmake
[0.233s] -- Up-to-date: /ros2_ws/install/moveit_planners_chomp/share/moveit_planners_chomp/cmake/ament_cmake_export_targets-extras.cmake
[0.233s] -- Up-to-date: /ros2_ws/install/moveit_planners_chomp/share/moveit_planners_chomp/cmake/ament_cmake_export_dependencies-extras.cmake
[0.233s] -- Up-to-date: /ros2_ws/install/moveit_planners_chomp/share/moveit_planners_chomp/cmake/moveit_planners_chompConfig.cmake
[0.233s] -- Up-to-date: /ros2_ws/install/moveit_planners_chomp/share/moveit_planners_chomp/cmake/moveit_planners_chompConfig-version.cmake
[0.233s] -- Up-to-date: /ros2_ws/install/moveit_planners_chomp/share/moveit_planners_chomp/package.xml
[0.235s] Invoked command in '/ros2_ws/build/moveit_planners_chomp' returned '0': AMENT_PREFIX_PATH=/ros2_ws/install/chomp_motion_planner:/ros2_ws/install/moveit_core:/ros2_ws/install/moveit_resources_panda_moveit_config:/ros2_ws/install/srdfdom:/ros2_ws/install/moveit_resources_pr2_description:/ros2_ws/install/moveit_resources_panda_description:/ros2_ws/install/moveit_common:${AMENT_PREFIX_PATH} CMAKE_PREFIX_PATH=/ros2_ws/install/chomp_motion_planner:/ros2_ws/install/moveit_core:/ros2_ws/install/moveit_resources_panda_moveit_config:/ros2_ws/install/srdfdom:/ros2_ws/install/moveit_resources_pr2_description:/ros2_ws/install/moveit_resources_panda_description:/ros2_ws/install/moveit_common:/opt/ros/humble LD_LIBRARY_PATH=/ros2_ws/install/chomp_motion_planner/lib:/ros2_ws/install/moveit_core/lib:/ros2_ws/install/srdfdom/lib:${LD_LIBRARY_PATH} PATH=/ros2_ws/install/moveit_core/bin:${PATH} PYTHONPATH=/ros2_ws/install/srdfdom/local/lib/python3.10/dist-packages:${PYTHONPATH} /usr/bin/cmake --install /ros2_ws/build/moveit_planners_chomp
