[0.009s] Invoking command in '/ros2_ws/build/ur_msgs': CMAKE_PREFIX_PATH=${CMAKE_PREFIX_PATH}:/opt/ros/humble /usr/bin/cmake /ros2_ws/src/ur_msgs -DCMAKE_INSTALL_PREFIX=/ros2_ws/install/ur_msgs
[0.022s] -- Found ament_cmake: 1.3.11 (/opt/ros/humble/share/ament_cmake/cmake)
[0.134s] -- Found builtin_interfaces: 1.2.1 (/opt/ros/humble/share/builtin_interfaces/cmake)
[0.156s] -- Found rosidl_generator_c: 3.1.6 (/opt/ros/humble/share/rosidl_generator_c/cmake)
[0.158s] -- Found rosidl_adapter: 3.1.6 (/opt/ros/humble/share/rosidl_adapter/cmake)
[0.163s] -- Found rosidl_generator_cpp: 3.1.6 (/opt/ros/humble/share/rosidl_generator_cpp/cmake)
[0.172s] -- Using all available rosidl_typesupport_c: rosidl_typesupport_fastrtps_c;rosidl_typesupport_introspection_c
[0.184s] -- Using all available rosidl_typesupport_cpp: rosidl_typesupport_fastrtps_cpp;rosidl_typesupport_introspection_cpp
[0.195s] -- Found rosidl_default_generators: 1.2.0 (/opt/ros/humble/share/rosidl_default_generators/cmake)
[0.201s] -- Found geometry_msgs: 4.2.4 (/opt/ros/humble/share/geometry_msgs/cmake)
[0.226s] -- Found ament_lint_auto: 0.12.11 (/opt/ros/humble/share/ament_lint_auto/cmake)
[0.566s] -- Found ament_cmake_ros: 0.10.0 (/opt/ros/humble/share/ament_cmake_ros/cmake)
[0.945s] -- Using all available rosidl_typesupport_c: rosidl_typesupport_fastrtps_c;rosidl_typesupport_introspection_c
[1.095s] -- Using all available rosidl_typesupport_cpp: rosidl_typesupport_fastrtps_cpp;rosidl_typesupport_introspection_cpp
[1.118s] -- Found python_cmake_module: 0.10.0 (/opt/ros/humble/share/python_cmake_module/cmake)
[1.138s] -- Using PYTHON_EXECUTABLE: /usr/bin/python3
[1.138s] -- Using PYTHON_INCLUDE_DIRS: /usr/include/python3.10
[1.138s] -- Using PYTHON_LIBRARIES: /usr/lib/x86_64-linux-gnu/libpython3.10.so
[1.182s] -- Added test 'copyright' to check source files copyright and LICENSE
[1.192s] -- Added test 'lint_cmake' to check CMake code style
[1.196s] -- Added test 'xmllint' to check XML markup files
[1.201s] -- Configuring done
[1.258s] -- Generating done
[1.270s] -- Build files have been written to: /ros2_ws/build/ur_msgs
[1.277s] Invoked command in '/ros2_ws/build/ur_msgs' returned '0': CMAKE_PREFIX_PATH=${CMAKE_PREFIX_PATH}:/opt/ros/humble /usr/bin/cmake /ros2_ws/src/ur_msgs -DCMAKE_INSTALL_PREFIX=/ros2_ws/install/ur_msgs
[1.278s] Invoking command in '/ros2_ws/build/ur_msgs': CMAKE_PREFIX_PATH=${CMAKE_PREFIX_PATH}:/opt/ros/humble /usr/bin/cmake --build /ros2_ws/build/ur_msgs
[1.329s] [  0%] Built target ur_msgs__cpp
[1.358s] [  0%] Built target ament_cmake_python_copy_ur_msgs
[1.374s] [35m[1mConsolidate compiler generated dependencies of target ur_msgs__rosidl_typesupport_fastrtps_cpp[0m
[1.394s] [ 12%] Built target ur_msgs__rosidl_typesupport_fastrtps_cpp
[1.409s] [35m[1mConsolidate compiler generated dependencies of target ur_msgs__rosidl_typesupport_introspection_cpp[0m
[1.428s] [ 24%] Built target ur_msgs__rosidl_typesupport_introspection_cpp
[1.646s] running egg_info
[1.647s] writing ur_msgs.egg-info/PKG-INFO
[1.647s] writing dependency_links to ur_msgs.egg-info/dependency_links.txt
[1.647s] writing top-level names to ur_msgs.egg-info/top_level.txt
[1.649s] reading manifest file 'ur_msgs.egg-info/SOURCES.txt'
[1.650s] writing manifest file 'ur_msgs.egg-info/SOURCES.txt'
[1.671s] [ 24%] Built target ament_cmake_python_build_ur_msgs_egg
[1.686s] [35m[1mConsolidate compiler generated dependencies of target ur_msgs__rosidl_typesupport_cpp[0m
[1.704s] [ 36%] Built target ur_msgs__rosidl_typesupport_cpp
[1.717s] [35m[1mConsolidate compiler generated dependencies of target ur_msgs__rosidl_generator_c[0m
[1.731s] [ 48%] Built target ur_msgs__rosidl_generator_c
[1.746s] [35m[1mConsolidate compiler generated dependencies of target ur_msgs__rosidl_typesupport_fastrtps_c[0m
[1.766s] [ 60%] Built target ur_msgs__rosidl_typesupport_fastrtps_c
[1.779s] [35m[1mConsolidate compiler generated dependencies of target ur_msgs__rosidl_typesupport_c[0m
[1.791s] [ 72%] Built target ur_msgs__rosidl_typesupport_c
[1.804s] [35m[1mConsolidate compiler generated dependencies of target ur_msgs__rosidl_typesupport_introspection_c[0m
[1.819s] [ 84%] Built target ur_msgs__rosidl_typesupport_introspection_c
[1.837s] [ 84%] Built target ur_msgs
[1.857s] [ 85%] Built target ur_msgs__py
[1.871s] [35m[1mConsolidate compiler generated dependencies of target ur_msgs__rosidl_generator_py[0m
[1.890s] [ 96%] Built target ur_msgs__rosidl_generator_py
[1.900s] [35m[1mConsolidate compiler generated dependencies of target ur_msgs__rosidl_typesupport_fastrtps_c__pyext[0m
[1.913s] [ 97%] Built target ur_msgs__rosidl_typesupport_fastrtps_c__pyext
[1.923s] [35m[1mConsolidate compiler generated dependencies of target ur_msgs__rosidl_typesupport_c__pyext[0m
[1.935s] [ 98%] Built target ur_msgs__rosidl_typesupport_c__pyext
[1.945s] [35m[1mConsolidate compiler generated dependencies of target ur_msgs__rosidl_typesupport_introspection_c__pyext[0m
[1.957s] [100%] Built target ur_msgs__rosidl_typesupport_introspection_c__pyext
[1.968s] Invoked command in '/ros2_ws/build/ur_msgs' returned '0': CMAKE_PREFIX_PATH=${CMAKE_PREFIX_PATH}:/opt/ros/humble /usr/bin/cmake --build /ros2_ws/build/ur_msgs
[1.969s] Invoking command in '/ros2_ws/build/ur_msgs': CMAKE_PREFIX_PATH=${CMAKE_PREFIX_PATH}:/opt/ros/humble /usr/bin/cmake --install /ros2_ws/build/ur_msgs
[1.977s] -- Install configuration: "Release"
[1.977s] -- Up-to-date: /ros2_ws/install/ur_msgs/share/ament_index/resource_index/rosidl_interfaces/ur_msgs
[1.977s] -- Up-to-date: /ros2_ws/install/ur_msgs/include/ur_msgs/ur_msgs
[1.977s] -- Up-to-date: /ros2_ws/install/ur_msgs/include/ur_msgs/ur_msgs/msg
[1.977s] -- Up-to-date: /ros2_ws/install/ur_msgs/include/ur_msgs/ur_msgs/msg/robot_mode_data_msg.h
[1.977s] -- Up-to-date: /ros2_ws/install/ur_msgs/include/ur_msgs/ur_msgs/msg/robot_state_rt_msg.h
[1.977s] -- Up-to-date: /ros2_ws/install/ur_msgs/include/ur_msgs/ur_msgs/msg/rosidl_generator_c__visibility_control.h
[1.977s] -- Up-to-date: /ros2_ws/install/ur_msgs/include/ur_msgs/ur_msgs/msg/masterboard_data_msg.h
[1.977s] -- Up-to-date: /ros2_ws/install/ur_msgs/include/ur_msgs/ur_msgs/msg/io_states.h
[1.977s] -- Up-to-date: /ros2_ws/install/ur_msgs/include/ur_msgs/ur_msgs/msg/digital.h
[1.977s] -- Up-to-date: /ros2_ws/install/ur_msgs/include/ur_msgs/ur_msgs/msg/analog.h
[1.977s] -- Up-to-date: /ros2_ws/install/ur_msgs/include/ur_msgs/ur_msgs/msg/tool_data_msg.h
[1.977s] -- Up-to-date: /ros2_ws/install/ur_msgs/include/ur_msgs/ur_msgs/msg/detail
[1.977s] -- Up-to-date: /ros2_ws/install/ur_msgs/include/ur_msgs/ur_msgs/msg/detail/masterboard_data_msg__functions.h
[1.977s] -- Up-to-date: /ros2_ws/install/ur_msgs/include/ur_msgs/ur_msgs/msg/detail/io_states__functions.h
[1.977s] -- Up-to-date: /ros2_ws/install/ur_msgs/include/ur_msgs/ur_msgs/msg/detail/tool_data_msg__type_support.h
[1.978s] -- Up-to-date: /ros2_ws/install/ur_msgs/include/ur_msgs/ur_msgs/msg/detail/masterboard_data_msg__functions.c
[1.978s] -- Up-to-date: /ros2_ws/install/ur_msgs/include/ur_msgs/ur_msgs/msg/detail/io_states__struct.h
[1.978s] -- Up-to-date: /ros2_ws/install/ur_msgs/include/ur_msgs/ur_msgs/msg/detail/masterboard_data_msg__type_support.h
[1.978s] -- Up-to-date: /ros2_ws/install/ur_msgs/include/ur_msgs/ur_msgs/msg/detail/robot_mode_data_msg__struct.h
[1.978s] -- Up-to-date: /ros2_ws/install/ur_msgs/include/ur_msgs/ur_msgs/msg/detail/digital__functions.c
[1.978s] -- Up-to-date: /ros2_ws/install/ur_msgs/include/ur_msgs/ur_msgs/msg/detail/robot_mode_data_msg__functions.h
[1.978s] -- Up-to-date: /ros2_ws/install/ur_msgs/include/ur_msgs/ur_msgs/msg/detail/robot_state_rt_msg__functions.c
[1.978s] -- Up-to-date: /ros2_ws/install/ur_msgs/include/ur_msgs/ur_msgs/msg/detail/tool_data_msg__functions.h
[1.978s] -- Up-to-date: /ros2_ws/install/ur_msgs/include/ur_msgs/ur_msgs/msg/detail/analog__functions.h
[1.978s] -- Up-to-date: /ros2_ws/install/ur_msgs/include/ur_msgs/ur_msgs/msg/detail/io_states__type_support.h
[1.978s] -- Up-to-date: /ros2_ws/install/ur_msgs/include/ur_msgs/ur_msgs/msg/detail/tool_data_msg__struct.h
[1.978s] -- Up-to-date: /ros2_ws/install/ur_msgs/include/ur_msgs/ur_msgs/msg/detail/robot_mode_data_msg__type_support.h
[1.978s] -- Up-to-date: /ros2_ws/install/ur_msgs/include/ur_msgs/ur_msgs/msg/detail/robot_state_rt_msg__struct.h
[1.978s] -- Up-to-date: /ros2_ws/install/ur_msgs/include/ur_msgs/ur_msgs/msg/detail/analog__type_support.h
[1.978s] -- Up-to-date: /ros2_ws/install/ur_msgs/include/ur_msgs/ur_msgs/msg/detail/masterboard_data_msg__struct.h
[1.978s] -- Up-to-date: /ros2_ws/install/ur_msgs/include/ur_msgs/ur_msgs/msg/detail/digital__type_support.h
[1.979s] -- Up-to-date: /ros2_ws/install/ur_msgs/include/ur_msgs/ur_msgs/msg/detail/analog__struct.h
[1.979s] -- Up-to-date: /ros2_ws/install/ur_msgs/include/ur_msgs/ur_msgs/msg/detail/robot_mode_data_msg__functions.c
[1.979s] -- Up-to-date: /ros2_ws/install/ur_msgs/include/ur_msgs/ur_msgs/msg/detail/tool_data_msg__functions.c
[1.979s] -- Up-to-date: /ros2_ws/install/ur_msgs/include/ur_msgs/ur_msgs/msg/detail/digital__functions.h
[1.979s] -- Up-to-date: /ros2_ws/install/ur_msgs/include/ur_msgs/ur_msgs/msg/detail/robot_state_rt_msg__functions.h
[1.979s] -- Up-to-date: /ros2_ws/install/ur_msgs/include/ur_msgs/ur_msgs/msg/detail/digital__struct.h
[1.979s] -- Up-to-date: /ros2_ws/install/ur_msgs/include/ur_msgs/ur_msgs/msg/detail/robot_state_rt_msg__type_support.h
[1.979s] -- Up-to-date: /ros2_ws/install/ur_msgs/include/ur_msgs/ur_msgs/msg/detail/analog__functions.c
[1.979s] -- Up-to-date: /ros2_ws/install/ur_msgs/include/ur_msgs/ur_msgs/msg/detail/io_states__functions.c
[1.979s] -- Up-to-date: /ros2_ws/install/ur_msgs/include/ur_msgs/ur_msgs/srv
[1.979s] -- Up-to-date: /ros2_ws/install/ur_msgs/include/ur_msgs/ur_msgs/srv/set_analog_output.h
[1.979s] -- Up-to-date: /ros2_ws/install/ur_msgs/include/ur_msgs/ur_msgs/srv/get_robot_software_version.h
[1.979s] -- Up-to-date: /ros2_ws/install/ur_msgs/include/ur_msgs/ur_msgs/srv/set_payload.h
[1.979s] -- Up-to-date: /ros2_ws/install/ur_msgs/include/ur_msgs/ur_msgs/srv/set_speed_slider_fraction.h
[1.979s] -- Up-to-date: /ros2_ws/install/ur_msgs/include/ur_msgs/ur_msgs/srv/detail
[1.979s] -- Up-to-date: /ros2_ws/install/ur_msgs/include/ur_msgs/ur_msgs/srv/detail/set_force_mode__functions.c
[1.979s] -- Up-to-date: /ros2_ws/install/ur_msgs/include/ur_msgs/ur_msgs/srv/detail/set_force_mode__struct.h
[1.979s] -- Up-to-date: /ros2_ws/install/ur_msgs/include/ur_msgs/ur_msgs/srv/detail/get_robot_software_version__functions.h
[1.980s] -- Up-to-date: /ros2_ws/install/ur_msgs/include/ur_msgs/ur_msgs/srv/detail/set_payload__functions.h
[1.980s] -- Up-to-date: /ros2_ws/install/ur_msgs/include/ur_msgs/ur_msgs/srv/detail/set_speed_slider_fraction__functions.h
[1.980s] -- Up-to-date: /ros2_ws/install/ur_msgs/include/ur_msgs/ur_msgs/srv/detail/set_analog_output__type_support.h
[1.980s] -- Up-to-date: /ros2_ws/install/ur_msgs/include/ur_msgs/ur_msgs/srv/detail/get_robot_software_version__struct.h
[1.980s] -- Up-to-date: /ros2_ws/install/ur_msgs/include/ur_msgs/ur_msgs/srv/detail/set_analog_output__functions.h
[1.980s] -- Up-to-date: /ros2_ws/install/ur_msgs/include/ur_msgs/ur_msgs/srv/detail/set_force_mode__type_support.h
[1.980s] -- Up-to-date: /ros2_ws/install/ur_msgs/include/ur_msgs/ur_msgs/srv/detail/set_payload__struct.h
[1.980s] -- Up-to-date: /ros2_ws/install/ur_msgs/include/ur_msgs/ur_msgs/srv/detail/set_payload__functions.c
[1.980s] -- Up-to-date: /ros2_ws/install/ur_msgs/include/ur_msgs/ur_msgs/srv/detail/set_analog_output__functions.c
[1.980s] -- Up-to-date: /ros2_ws/install/ur_msgs/include/ur_msgs/ur_msgs/srv/detail/get_robot_software_version__type_support.h
[1.980s] -- Up-to-date: /ros2_ws/install/ur_msgs/include/ur_msgs/ur_msgs/srv/detail/get_robot_software_version__functions.c
[1.980s] -- Up-to-date: /ros2_ws/install/ur_msgs/include/ur_msgs/ur_msgs/srv/detail/set_io__struct.h
[1.980s] -- Up-to-date: /ros2_ws/install/ur_msgs/include/ur_msgs/ur_msgs/srv/detail/set_speed_slider_fraction__type_support.h
[1.980s] -- Up-to-date: /ros2_ws/install/ur_msgs/include/ur_msgs/ur_msgs/srv/detail/set_speed_slider_fraction__functions.c
[1.980s] -- Up-to-date: /ros2_ws/install/ur_msgs/include/ur_msgs/ur_msgs/srv/detail/set_force_mode__functions.h
[1.980s] -- Up-to-date: /ros2_ws/install/ur_msgs/include/ur_msgs/ur_msgs/srv/detail/set_payload__type_support.h
[1.980s] -- Up-to-date: /ros2_ws/install/ur_msgs/include/ur_msgs/ur_msgs/srv/detail/set_io__functions.c
[1.980s] -- Up-to-date: /ros2_ws/install/ur_msgs/include/ur_msgs/ur_msgs/srv/detail/set_io__type_support.h
[1.981s] -- Up-to-date: /ros2_ws/install/ur_msgs/include/ur_msgs/ur_msgs/srv/detail/set_speed_slider_fraction__struct.h
[1.981s] -- Up-to-date: /ros2_ws/install/ur_msgs/include/ur_msgs/ur_msgs/srv/detail/set_analog_output__struct.h
[1.981s] -- Up-to-date: /ros2_ws/install/ur_msgs/include/ur_msgs/ur_msgs/srv/detail/set_io__functions.h
[1.981s] -- Up-to-date: /ros2_ws/install/ur_msgs/include/ur_msgs/ur_msgs/srv/set_io.h
[1.981s] -- Up-to-date: /ros2_ws/install/ur_msgs/include/ur_msgs/ur_msgs/srv/set_force_mode.h
[1.981s] -- Up-to-date: /ros2_ws/install/ur_msgs/share/ur_msgs/environment/library_path.sh
[1.981s] -- Installing: /ros2_ws/install/ur_msgs/share/ur_msgs/environment/library_path.dsv
[1.981s] -- Up-to-date: /ros2_ws/install/ur_msgs/lib/libur_msgs__rosidl_generator_c.so
[1.981s] -- Up-to-date: /ros2_ws/install/ur_msgs/include/ur_msgs/ur_msgs
[1.981s] -- Up-to-date: /ros2_ws/install/ur_msgs/include/ur_msgs/ur_msgs/msg
[1.981s] -- Up-to-date: /ros2_ws/install/ur_msgs/include/ur_msgs/ur_msgs/msg/detail
[1.981s] -- Up-to-date: /ros2_ws/install/ur_msgs/include/ur_msgs/ur_msgs/msg/detail/tool_data_msg__rosidl_typesupport_fastrtps_c.h
[1.981s] -- Up-to-date: /ros2_ws/install/ur_msgs/include/ur_msgs/ur_msgs/msg/detail/digital__rosidl_typesupport_fastrtps_c.h
[1.981s] -- Up-to-date: /ros2_ws/install/ur_msgs/include/ur_msgs/ur_msgs/msg/detail/robot_mode_data_msg__rosidl_typesupport_fastrtps_c.h
[1.981s] -- Up-to-date: /ros2_ws/install/ur_msgs/include/ur_msgs/ur_msgs/msg/detail/masterboard_data_msg__rosidl_typesupport_fastrtps_c.h
[1.982s] -- Up-to-date: /ros2_ws/install/ur_msgs/include/ur_msgs/ur_msgs/msg/detail/io_states__rosidl_typesupport_fastrtps_c.h
[1.982s] -- Up-to-date: /ros2_ws/install/ur_msgs/include/ur_msgs/ur_msgs/msg/detail/analog__rosidl_typesupport_fastrtps_c.h
[1.982s] -- Up-to-date: /ros2_ws/install/ur_msgs/include/ur_msgs/ur_msgs/msg/detail/robot_state_rt_msg__rosidl_typesupport_fastrtps_c.h
[1.982s] -- Up-to-date: /ros2_ws/install/ur_msgs/include/ur_msgs/ur_msgs/msg/rosidl_typesupport_fastrtps_c__visibility_control.h
[1.982s] -- Up-to-date: /ros2_ws/install/ur_msgs/include/ur_msgs/ur_msgs/srv
[1.982s] -- Up-to-date: /ros2_ws/install/ur_msgs/include/ur_msgs/ur_msgs/srv/detail
[1.982s] -- Up-to-date: /ros2_ws/install/ur_msgs/include/ur_msgs/ur_msgs/srv/detail/set_speed_slider_fraction__rosidl_typesupport_fastrtps_c.h
[1.982s] -- Up-to-date: /ros2_ws/install/ur_msgs/include/ur_msgs/ur_msgs/srv/detail/set_io__rosidl_typesupport_fastrtps_c.h
[1.982s] -- Up-to-date: /ros2_ws/install/ur_msgs/include/ur_msgs/ur_msgs/srv/detail/get_robot_software_version__rosidl_typesupport_fastrtps_c.h
[1.982s] -- Up-to-date: /ros2_ws/install/ur_msgs/include/ur_msgs/ur_msgs/srv/detail/set_analog_output__rosidl_typesupport_fastrtps_c.h
[1.982s] -- Up-to-date: /ros2_ws/install/ur_msgs/include/ur_msgs/ur_msgs/srv/detail/set_force_mode__rosidl_typesupport_fastrtps_c.h
[1.982s] -- Up-to-date: /ros2_ws/install/ur_msgs/include/ur_msgs/ur_msgs/srv/detail/set_payload__rosidl_typesupport_fastrtps_c.h
[1.982s] -- Up-to-date: /ros2_ws/install/ur_msgs/lib/libur_msgs__rosidl_typesupport_fastrtps_c.so
[1.982s] -- Up-to-date: /ros2_ws/install/ur_msgs/include/ur_msgs/ur_msgs
[1.982s] -- Up-to-date: /ros2_ws/install/ur_msgs/include/ur_msgs/ur_msgs/msg
[1.982s] -- Up-to-date: /ros2_ws/install/ur_msgs/include/ur_msgs/ur_msgs/msg/masterboard_data_msg.hpp
[1.982s] -- Up-to-date: /ros2_ws/install/ur_msgs/include/ur_msgs/ur_msgs/msg/robot_state_rt_msg.hpp
[1.983s] -- Up-to-date: /ros2_ws/install/ur_msgs/include/ur_msgs/ur_msgs/msg/tool_data_msg.hpp
[1.983s] -- Up-to-date: /ros2_ws/install/ur_msgs/include/ur_msgs/ur_msgs/msg/rosidl_generator_cpp__visibility_control.hpp
[1.983s] -- Up-to-date: /ros2_ws/install/ur_msgs/include/ur_msgs/ur_msgs/msg/robot_mode_data_msg.hpp
[1.983s] -- Up-to-date: /ros2_ws/install/ur_msgs/include/ur_msgs/ur_msgs/msg/io_states.hpp
[1.983s] -- Up-to-date: /ros2_ws/install/ur_msgs/include/ur_msgs/ur_msgs/msg/digital.hpp
[1.983s] -- Up-to-date: /ros2_ws/install/ur_msgs/include/ur_msgs/ur_msgs/msg/detail
[1.983s] -- Up-to-date: /ros2_ws/install/ur_msgs/include/ur_msgs/ur_msgs/msg/detail/analog__traits.hpp
[1.983s] -- Up-to-date: /ros2_ws/install/ur_msgs/include/ur_msgs/ur_msgs/msg/detail/robot_state_rt_msg__struct.hpp
[1.983s] -- Up-to-date: /ros2_ws/install/ur_msgs/include/ur_msgs/ur_msgs/msg/detail/robot_state_rt_msg__traits.hpp
[1.983s] -- Up-to-date: /ros2_ws/install/ur_msgs/include/ur_msgs/ur_msgs/msg/detail/io_states__traits.hpp
[1.983s] -- Up-to-date: /ros2_ws/install/ur_msgs/include/ur_msgs/ur_msgs/msg/detail/digital__type_support.hpp
[1.983s] -- Up-to-date: /ros2_ws/install/ur_msgs/include/ur_msgs/ur_msgs/msg/detail/analog__struct.hpp
[1.983s] -- Up-to-date: /ros2_ws/install/ur_msgs/include/ur_msgs/ur_msgs/msg/detail/masterboard_data_msg__struct.hpp
[1.983s] -- Up-to-date: /ros2_ws/install/ur_msgs/include/ur_msgs/ur_msgs/msg/detail/masterboard_data_msg__type_support.hpp
[1.983s] -- Up-to-date: /ros2_ws/install/ur_msgs/include/ur_msgs/ur_msgs/msg/detail/robot_mode_data_msg__type_support.hpp
[1.983s] -- Up-to-date: /ros2_ws/install/ur_msgs/include/ur_msgs/ur_msgs/msg/detail/robot_mode_data_msg__traits.hpp
[1.983s] -- Up-to-date: /ros2_ws/install/ur_msgs/include/ur_msgs/ur_msgs/msg/detail/tool_data_msg__struct.hpp
[1.983s] -- Up-to-date: /ros2_ws/install/ur_msgs/include/ur_msgs/ur_msgs/msg/detail/digital__traits.hpp
[1.983s] -- Up-to-date: /ros2_ws/install/ur_msgs/include/ur_msgs/ur_msgs/msg/detail/masterboard_data_msg__builder.hpp
[1.983s] -- Up-to-date: /ros2_ws/install/ur_msgs/include/ur_msgs/ur_msgs/msg/detail/digital__builder.hpp
[1.984s] -- Up-to-date: /ros2_ws/install/ur_msgs/include/ur_msgs/ur_msgs/msg/detail/robot_mode_data_msg__struct.hpp
[1.984s] -- Up-to-date: /ros2_ws/install/ur_msgs/include/ur_msgs/ur_msgs/msg/detail/analog__builder.hpp
[1.984s] -- Up-to-date: /ros2_ws/install/ur_msgs/include/ur_msgs/ur_msgs/msg/detail/tool_data_msg__type_support.hpp
[1.984s] -- Up-to-date: /ros2_ws/install/ur_msgs/include/ur_msgs/ur_msgs/msg/detail/robot_mode_data_msg__builder.hpp
[1.984s] -- Up-to-date: /ros2_ws/install/ur_msgs/include/ur_msgs/ur_msgs/msg/detail/robot_state_rt_msg__type_support.hpp
[1.984s] -- Up-to-date: /ros2_ws/install/ur_msgs/include/ur_msgs/ur_msgs/msg/detail/io_states__builder.hpp
[1.984s] -- Up-to-date: /ros2_ws/install/ur_msgs/include/ur_msgs/ur_msgs/msg/detail/robot_state_rt_msg__builder.hpp
[1.984s] -- Up-to-date: /ros2_ws/install/ur_msgs/include/ur_msgs/ur_msgs/msg/detail/masterboard_data_msg__traits.hpp
[1.984s] -- Up-to-date: /ros2_ws/install/ur_msgs/include/ur_msgs/ur_msgs/msg/detail/tool_data_msg__builder.hpp
[1.984s] -- Up-to-date: /ros2_ws/install/ur_msgs/include/ur_msgs/ur_msgs/msg/detail/analog__type_support.hpp
[1.984s] -- Up-to-date: /ros2_ws/install/ur_msgs/include/ur_msgs/ur_msgs/msg/detail/io_states__type_support.hpp
[1.984s] -- Up-to-date: /ros2_ws/install/ur_msgs/include/ur_msgs/ur_msgs/msg/detail/digital__struct.hpp
[1.984s] -- Up-to-date: /ros2_ws/install/ur_msgs/include/ur_msgs/ur_msgs/msg/detail/tool_data_msg__traits.hpp
[1.984s] -- Up-to-date: /ros2_ws/install/ur_msgs/include/ur_msgs/ur_msgs/msg/detail/io_states__struct.hpp
[1.984s] -- Up-to-date: /ros2_ws/install/ur_msgs/include/ur_msgs/ur_msgs/msg/analog.hpp
[1.984s] -- Up-to-date: /ros2_ws/install/ur_msgs/include/ur_msgs/ur_msgs/srv
[1.984s] -- Up-to-date: /ros2_ws/install/ur_msgs/include/ur_msgs/ur_msgs/srv/set_io.hpp
[1.984s] -- Up-to-date: /ros2_ws/install/ur_msgs/include/ur_msgs/ur_msgs/srv/get_robot_software_version.hpp
[1.985s] -- Up-to-date: /ros2_ws/install/ur_msgs/include/ur_msgs/ur_msgs/srv/set_payload.hpp
[1.985s] -- Up-to-date: /ros2_ws/install/ur_msgs/include/ur_msgs/ur_msgs/srv/set_force_mode.hpp
[1.985s] -- Up-to-date: /ros2_ws/install/ur_msgs/include/ur_msgs/ur_msgs/srv/detail
[1.985s] -- Up-to-date: /ros2_ws/install/ur_msgs/include/ur_msgs/ur_msgs/srv/detail/set_payload__struct.hpp
[1.985s] -- Up-to-date: /ros2_ws/install/ur_msgs/include/ur_msgs/ur_msgs/srv/detail/set_payload__type_support.hpp
[1.985s] -- Up-to-date: /ros2_ws/install/ur_msgs/include/ur_msgs/ur_msgs/srv/detail/set_analog_output__traits.hpp
[1.985s] -- Up-to-date: /ros2_ws/install/ur_msgs/include/ur_msgs/ur_msgs/srv/detail/get_robot_software_version__builder.hpp
[1.985s] -- Up-to-date: /ros2_ws/install/ur_msgs/include/ur_msgs/ur_msgs/srv/detail/set_analog_output__type_support.hpp
[1.985s] -- Up-to-date: /ros2_ws/install/ur_msgs/include/ur_msgs/ur_msgs/srv/detail/set_force_mode__type_support.hpp
[1.985s] -- Up-to-date: /ros2_ws/install/ur_msgs/include/ur_msgs/ur_msgs/srv/detail/set_force_mode__struct.hpp
[1.985s] -- Up-to-date: /ros2_ws/install/ur_msgs/include/ur_msgs/ur_msgs/srv/detail/get_robot_software_version__traits.hpp
[1.985s] -- Up-to-date: /ros2_ws/install/ur_msgs/include/ur_msgs/ur_msgs/srv/detail/set_speed_slider_fraction__struct.hpp
[1.985s] -- Up-to-date: /ros2_ws/install/ur_msgs/include/ur_msgs/ur_msgs/srv/detail/get_robot_software_version__type_support.hpp
[1.985s] -- Up-to-date: /ros2_ws/install/ur_msgs/include/ur_msgs/ur_msgs/srv/detail/set_io__struct.hpp
[1.985s] -- Up-to-date: /ros2_ws/install/ur_msgs/include/ur_msgs/ur_msgs/srv/detail/set_payload__traits.hpp
[1.985s] -- Up-to-date: /ros2_ws/install/ur_msgs/include/ur_msgs/ur_msgs/srv/detail/get_robot_software_version__struct.hpp
[1.985s] -- Up-to-date: /ros2_ws/install/ur_msgs/include/ur_msgs/ur_msgs/srv/detail/set_speed_slider_fraction__traits.hpp
[1.985s] -- Up-to-date: /ros2_ws/install/ur_msgs/include/ur_msgs/ur_msgs/srv/detail/set_io__type_support.hpp
[1.985s] -- Up-to-date: /ros2_ws/install/ur_msgs/include/ur_msgs/ur_msgs/srv/detail/set_analog_output__builder.hpp
[1.986s] -- Up-to-date: /ros2_ws/install/ur_msgs/include/ur_msgs/ur_msgs/srv/detail/set_force_mode__builder.hpp
[1.986s] -- Up-to-date: /ros2_ws/install/ur_msgs/include/ur_msgs/ur_msgs/srv/detail/set_payload__builder.hpp
[1.986s] -- Up-to-date: /ros2_ws/install/ur_msgs/include/ur_msgs/ur_msgs/srv/detail/set_io__traits.hpp
[1.986s] -- Up-to-date: /ros2_ws/install/ur_msgs/include/ur_msgs/ur_msgs/srv/detail/set_analog_output__struct.hpp
[1.986s] -- Up-to-date: /ros2_ws/install/ur_msgs/include/ur_msgs/ur_msgs/srv/detail/set_speed_slider_fraction__builder.hpp
[1.986s] -- Up-to-date: /ros2_ws/install/ur_msgs/include/ur_msgs/ur_msgs/srv/detail/set_speed_slider_fraction__type_support.hpp
[1.986s] -- Up-to-date: /ros2_ws/install/ur_msgs/include/ur_msgs/ur_msgs/srv/detail/set_force_mode__traits.hpp
[1.986s] -- Up-to-date: /ros2_ws/install/ur_msgs/include/ur_msgs/ur_msgs/srv/detail/set_io__builder.hpp
[1.986s] -- Up-to-date: /ros2_ws/install/ur_msgs/include/ur_msgs/ur_msgs/srv/set_speed_slider_fraction.hpp
[1.986s] -- Up-to-date: /ros2_ws/install/ur_msgs/include/ur_msgs/ur_msgs/srv/set_analog_output.hpp
[1.986s] -- Up-to-date: /ros2_ws/install/ur_msgs/include/ur_msgs/ur_msgs
[1.986s] -- Up-to-date: /ros2_ws/install/ur_msgs/include/ur_msgs/ur_msgs/msg
[1.986s] -- Up-to-date: /ros2_ws/install/ur_msgs/include/ur_msgs/ur_msgs/msg/rosidl_typesupport_fastrtps_cpp__visibility_control.h
[1.986s] -- Up-to-date: /ros2_ws/install/ur_msgs/include/ur_msgs/ur_msgs/msg/detail
[1.986s] -- Up-to-date: /ros2_ws/install/ur_msgs/include/ur_msgs/ur_msgs/msg/detail/robot_mode_data_msg__rosidl_typesupport_fastrtps_cpp.hpp
[1.986s] -- Up-to-date: /ros2_ws/install/ur_msgs/include/ur_msgs/ur_msgs/msg/detail/analog__rosidl_typesupport_fastrtps_cpp.hpp
[1.986s] -- Up-to-date: /ros2_ws/install/ur_msgs/include/ur_msgs/ur_msgs/msg/detail/digital__rosidl_typesupport_fastrtps_cpp.hpp
[1.986s] -- Up-to-date: /ros2_ws/install/ur_msgs/include/ur_msgs/ur_msgs/msg/detail/io_states__rosidl_typesupport_fastrtps_cpp.hpp
[1.987s] -- Up-to-date: /ros2_ws/install/ur_msgs/include/ur_msgs/ur_msgs/msg/detail/robot_state_rt_msg__rosidl_typesupport_fastrtps_cpp.hpp
[1.987s] -- Up-to-date: /ros2_ws/install/ur_msgs/include/ur_msgs/ur_msgs/msg/detail/tool_data_msg__rosidl_typesupport_fastrtps_cpp.hpp
[1.987s] -- Up-to-date: /ros2_ws/install/ur_msgs/include/ur_msgs/ur_msgs/msg/detail/masterboard_data_msg__rosidl_typesupport_fastrtps_cpp.hpp
[1.987s] -- Up-to-date: /ros2_ws/install/ur_msgs/include/ur_msgs/ur_msgs/msg/detail/dds_fastrtps
[1.987s] -- Up-to-date: /ros2_ws/install/ur_msgs/include/ur_msgs/ur_msgs/srv
[1.987s] -- Up-to-date: /ros2_ws/install/ur_msgs/include/ur_msgs/ur_msgs/srv/detail
[1.987s] -- Up-to-date: /ros2_ws/install/ur_msgs/include/ur_msgs/ur_msgs/srv/detail/get_robot_software_version__rosidl_typesupport_fastrtps_cpp.hpp
[1.987s] -- Up-to-date: /ros2_ws/install/ur_msgs/include/ur_msgs/ur_msgs/srv/detail/set_analog_output__rosidl_typesupport_fastrtps_cpp.hpp
[1.987s] -- Up-to-date: /ros2_ws/install/ur_msgs/include/ur_msgs/ur_msgs/srv/detail/set_payload__rosidl_typesupport_fastrtps_cpp.hpp
[1.987s] -- Up-to-date: /ros2_ws/install/ur_msgs/include/ur_msgs/ur_msgs/srv/detail/set_io__rosidl_typesupport_fastrtps_cpp.hpp
[1.987s] -- Up-to-date: /ros2_ws/install/ur_msgs/include/ur_msgs/ur_msgs/srv/detail/set_force_mode__rosidl_typesupport_fastrtps_cpp.hpp
[1.987s] -- Up-to-date: /ros2_ws/install/ur_msgs/include/ur_msgs/ur_msgs/srv/detail/dds_fastrtps
[1.987s] -- Up-to-date: /ros2_ws/install/ur_msgs/include/ur_msgs/ur_msgs/srv/detail/set_speed_slider_fraction__rosidl_typesupport_fastrtps_cpp.hpp
[1.987s] -- Up-to-date: /ros2_ws/install/ur_msgs/lib/libur_msgs__rosidl_typesupport_fastrtps_cpp.so
[1.987s] -- Up-to-date: /ros2_ws/install/ur_msgs/include/ur_msgs/ur_msgs
[1.987s] -- Up-to-date: /ros2_ws/install/ur_msgs/include/ur_msgs/ur_msgs/msg
[1.987s] -- Up-to-date: /ros2_ws/install/ur_msgs/include/ur_msgs/ur_msgs/msg/detail
[1.987s] -- Up-to-date: /ros2_ws/install/ur_msgs/include/ur_msgs/ur_msgs/msg/detail/digital__type_support.c
[1.987s] -- Up-to-date: /ros2_ws/install/ur_msgs/include/ur_msgs/ur_msgs/msg/detail/robot_state_rt_msg__rosidl_typesupport_introspection_c.h
[1.987s] -- Up-to-date: /ros2_ws/install/ur_msgs/include/ur_msgs/ur_msgs/msg/detail/tool_data_msg__rosidl_typesupport_introspection_c.h
[1.987s] -- Up-to-date: /ros2_ws/install/ur_msgs/include/ur_msgs/ur_msgs/msg/detail/tool_data_msg__type_support.c
[1.988s] -- Up-to-date: /ros2_ws/install/ur_msgs/include/ur_msgs/ur_msgs/msg/detail/masterboard_data_msg__rosidl_typesupport_introspection_c.h
[1.988s] -- Up-to-date: /ros2_ws/install/ur_msgs/include/ur_msgs/ur_msgs/msg/detail/io_states__rosidl_typesupport_introspection_c.h
[1.988s] -- Up-to-date: /ros2_ws/install/ur_msgs/include/ur_msgs/ur_msgs/msg/detail/robot_state_rt_msg__type_support.c
[1.988s] -- Up-to-date: /ros2_ws/install/ur_msgs/include/ur_msgs/ur_msgs/msg/detail/masterboard_data_msg__type_support.c
[1.988s] -- Up-to-date: /ros2_ws/install/ur_msgs/include/ur_msgs/ur_msgs/msg/detail/analog__rosidl_typesupport_introspection_c.h
[1.988s] -- Up-to-date: /ros2_ws/install/ur_msgs/include/ur_msgs/ur_msgs/msg/detail/robot_mode_data_msg__type_support.c
[1.988s] -- Up-to-date: /ros2_ws/install/ur_msgs/include/ur_msgs/ur_msgs/msg/detail/robot_mode_data_msg__rosidl_typesupport_introspection_c.h
[1.988s] -- Up-to-date: /ros2_ws/install/ur_msgs/include/ur_msgs/ur_msgs/msg/detail/analog__type_support.c
[1.988s] -- Up-to-date: /ros2_ws/install/ur_msgs/include/ur_msgs/ur_msgs/msg/detail/digital__rosidl_typesupport_introspection_c.h
[1.988s] -- Up-to-date: /ros2_ws/install/ur_msgs/include/ur_msgs/ur_msgs/msg/detail/io_states__type_support.c
[1.988s] -- Up-to-date: /ros2_ws/install/ur_msgs/include/ur_msgs/ur_msgs/msg/rosidl_typesupport_introspection_c__visibility_control.h
[1.988s] -- Up-to-date: /ros2_ws/install/ur_msgs/include/ur_msgs/ur_msgs/srv
[1.988s] -- Up-to-date: /ros2_ws/install/ur_msgs/include/ur_msgs/ur_msgs/srv/detail
[1.988s] -- Up-to-date: /ros2_ws/install/ur_msgs/include/ur_msgs/ur_msgs/srv/detail/set_payload__rosidl_typesupport_introspection_c.h
[1.988s] -- Up-to-date: /ros2_ws/install/ur_msgs/include/ur_msgs/ur_msgs/srv/detail/set_speed_slider_fraction__type_support.c
[1.988s] -- Up-to-date: /ros2_ws/install/ur_msgs/include/ur_msgs/ur_msgs/srv/detail/get_robot_software_version__type_support.c
[1.988s] -- Up-to-date: /ros2_ws/install/ur_msgs/include/ur_msgs/ur_msgs/srv/detail/set_force_mode__type_support.c
[1.988s] -- Up-to-date: /ros2_ws/install/ur_msgs/include/ur_msgs/ur_msgs/srv/detail/set_payload__type_support.c
[1.988s] -- Up-to-date: /ros2_ws/install/ur_msgs/include/ur_msgs/ur_msgs/srv/detail/set_io__type_support.c
[1.988s] -- Up-to-date: /ros2_ws/install/ur_msgs/include/ur_msgs/ur_msgs/srv/detail/get_robot_software_version__rosidl_typesupport_introspection_c.h
[1.988s] -- Up-to-date: /ros2_ws/install/ur_msgs/include/ur_msgs/ur_msgs/srv/detail/set_force_mode__rosidl_typesupport_introspection_c.h
[1.988s] -- Up-to-date: /ros2_ws/install/ur_msgs/include/ur_msgs/ur_msgs/srv/detail/set_analog_output__rosidl_typesupport_introspection_c.h
[1.989s] -- Up-to-date: /ros2_ws/install/ur_msgs/include/ur_msgs/ur_msgs/srv/detail/set_analog_output__type_support.c
[1.989s] -- Up-to-date: /ros2_ws/install/ur_msgs/include/ur_msgs/ur_msgs/srv/detail/set_io__rosidl_typesupport_introspection_c.h
[1.989s] -- Up-to-date: /ros2_ws/install/ur_msgs/include/ur_msgs/ur_msgs/srv/detail/set_speed_slider_fraction__rosidl_typesupport_introspection_c.h
[1.989s] -- Up-to-date: /ros2_ws/install/ur_msgs/lib/libur_msgs__rosidl_typesupport_introspection_c.so
[1.989s] -- Up-to-date: /ros2_ws/install/ur_msgs/lib/libur_msgs__rosidl_typesupport_c.so
[1.989s] -- Up-to-date: /ros2_ws/install/ur_msgs/include/ur_msgs/ur_msgs
[1.989s] -- Up-to-date: /ros2_ws/install/ur_msgs/include/ur_msgs/ur_msgs/msg
[1.989s] -- Up-to-date: /ros2_ws/install/ur_msgs/include/ur_msgs/ur_msgs/msg/detail
[1.989s] -- Up-to-date: /ros2_ws/install/ur_msgs/include/ur_msgs/ur_msgs/msg/detail/robot_state_rt_msg__type_support.cpp
[1.989s] -- Up-to-date: /ros2_ws/install/ur_msgs/include/ur_msgs/ur_msgs/msg/detail/masterboard_data_msg__rosidl_typesupport_introspection_cpp.hpp
[1.989s] -- Up-to-date: /ros2_ws/install/ur_msgs/include/ur_msgs/ur_msgs/msg/detail/analog__rosidl_typesupport_introspection_cpp.hpp
[1.989s] -- Up-to-date: /ros2_ws/install/ur_msgs/include/ur_msgs/ur_msgs/msg/detail/digital__rosidl_typesupport_introspection_cpp.hpp
[1.989s] -- Up-to-date: /ros2_ws/install/ur_msgs/include/ur_msgs/ur_msgs/msg/detail/robot_mode_data_msg__type_support.cpp
[1.989s] -- Up-to-date: /ros2_ws/install/ur_msgs/include/ur_msgs/ur_msgs/msg/detail/io_states__type_support.cpp
[1.989s] -- Up-to-date: /ros2_ws/install/ur_msgs/include/ur_msgs/ur_msgs/msg/detail/digital__type_support.cpp
[1.989s] -- Up-to-date: /ros2_ws/install/ur_msgs/include/ur_msgs/ur_msgs/msg/detail/tool_data_msg__rosidl_typesupport_introspection_cpp.hpp
[1.989s] -- Up-to-date: /ros2_ws/install/ur_msgs/include/ur_msgs/ur_msgs/msg/detail/robot_mode_data_msg__rosidl_typesupport_introspection_cpp.hpp
[1.989s] -- Up-to-date: /ros2_ws/install/ur_msgs/include/ur_msgs/ur_msgs/msg/detail/tool_data_msg__type_support.cpp
[1.989s] -- Up-to-date: /ros2_ws/install/ur_msgs/include/ur_msgs/ur_msgs/msg/detail/masterboard_data_msg__type_support.cpp
[1.989s] -- Up-to-date: /ros2_ws/install/ur_msgs/include/ur_msgs/ur_msgs/msg/detail/io_states__rosidl_typesupport_introspection_cpp.hpp
[1.989s] -- Up-to-date: /ros2_ws/install/ur_msgs/include/ur_msgs/ur_msgs/msg/detail/robot_state_rt_msg__rosidl_typesupport_introspection_cpp.hpp
[1.989s] -- Up-to-date: /ros2_ws/install/ur_msgs/include/ur_msgs/ur_msgs/msg/detail/analog__type_support.cpp
[1.990s] -- Up-to-date: /ros2_ws/install/ur_msgs/include/ur_msgs/ur_msgs/srv
[1.990s] -- Up-to-date: /ros2_ws/install/ur_msgs/include/ur_msgs/ur_msgs/srv/detail
[1.990s] -- Up-to-date: /ros2_ws/install/ur_msgs/include/ur_msgs/ur_msgs/srv/detail/set_speed_slider_fraction__rosidl_typesupport_introspection_cpp.hpp
[1.990s] -- Up-to-date: /ros2_ws/install/ur_msgs/include/ur_msgs/ur_msgs/srv/detail/get_robot_software_version__rosidl_typesupport_introspection_cpp.hpp
[1.990s] -- Up-to-date: /ros2_ws/install/ur_msgs/include/ur_msgs/ur_msgs/srv/detail/set_force_mode__type_support.cpp
[1.990s] -- Up-to-date: /ros2_ws/install/ur_msgs/include/ur_msgs/ur_msgs/srv/detail/set_payload__type_support.cpp
[1.990s] -- Up-to-date: /ros2_ws/install/ur_msgs/include/ur_msgs/ur_msgs/srv/detail/set_io__type_support.cpp
[1.990s] -- Up-to-date: /ros2_ws/install/ur_msgs/include/ur_msgs/ur_msgs/srv/detail/set_analog_output__rosidl_typesupport_introspection_cpp.hpp
[1.990s] -- Up-to-date: /ros2_ws/install/ur_msgs/include/ur_msgs/ur_msgs/srv/detail/get_robot_software_version__type_support.cpp
[1.990s] -- Up-to-date: /ros2_ws/install/ur_msgs/include/ur_msgs/ur_msgs/srv/detail/set_force_mode__rosidl_typesupport_introspection_cpp.hpp
[1.990s] -- Up-to-date: /ros2_ws/install/ur_msgs/include/ur_msgs/ur_msgs/srv/detail/set_io__rosidl_typesupport_introspection_cpp.hpp
[1.990s] -- Up-to-date: /ros2_ws/install/ur_msgs/include/ur_msgs/ur_msgs/srv/detail/set_payload__rosidl_typesupport_introspection_cpp.hpp
[1.990s] -- Up-to-date: /ros2_ws/install/ur_msgs/include/ur_msgs/ur_msgs/srv/detail/set_speed_slider_fraction__type_support.cpp
[1.990s] -- Up-to-date: /ros2_ws/install/ur_msgs/include/ur_msgs/ur_msgs/srv/detail/set_analog_output__type_support.cpp
[1.990s] -- Up-to-date: /ros2_ws/install/ur_msgs/lib/libur_msgs__rosidl_typesupport_introspection_cpp.so
[1.990s] -- Up-to-date: /ros2_ws/install/ur_msgs/lib/libur_msgs__rosidl_typesupport_cpp.so
[1.990s] -- Up-to-date: /ros2_ws/install/ur_msgs/share/ur_msgs/environment/pythonpath.sh
[1.990s] -- Installing: /ros2_ws/install/ur_msgs/share/ur_msgs/environment/pythonpath.dsv
[1.990s] -- Up-to-date: /ros2_ws/install/ur_msgs/local/lib/python3.10/dist-packages/ur_msgs-2.1.0-py3.10.egg-info
[1.990s] -- Installing: /ros2_ws/install/ur_msgs/local/lib/python3.10/dist-packages/ur_msgs-2.1.0-py3.10.egg-info/dependency_links.txt
[1.990s] -- Installing: /ros2_ws/install/ur_msgs/local/lib/python3.10/dist-packages/ur_msgs-2.1.0-py3.10.egg-info/top_level.txt
[1.990s] -- Installing: /ros2_ws/install/ur_msgs/local/lib/python3.10/dist-packages/ur_msgs-2.1.0-py3.10.egg-info/SOURCES.txt
[1.991s] -- Installing: /ros2_ws/install/ur_msgs/local/lib/python3.10/dist-packages/ur_msgs-2.1.0-py3.10.egg-info/PKG-INFO
[1.991s] -- Up-to-date: /ros2_ws/install/ur_msgs/local/lib/python3.10/dist-packages/ur_msgs
[1.991s] -- Up-to-date: /ros2_ws/install/ur_msgs/local/lib/python3.10/dist-packages/ur_msgs/_ur_msgs_s.ep.rosidl_typesupport_fastrtps_c.c
[1.991s] -- Up-to-date: /ros2_ws/install/ur_msgs/local/lib/python3.10/dist-packages/ur_msgs/_ur_msgs_s.ep.rosidl_typesupport_c.c
[1.991s] -- Up-to-date: /ros2_ws/install/ur_msgs/local/lib/python3.10/dist-packages/ur_msgs/ur_msgs_s__rosidl_typesupport_c.cpython-310-x86_64-linux-gnu.so
[1.991s] -- Up-to-date: /ros2_ws/install/ur_msgs/local/lib/python3.10/dist-packages/ur_msgs/_ur_msgs_s.ep.rosidl_typesupport_introspection_c.c
[1.991s] -- Up-to-date: /ros2_ws/install/ur_msgs/local/lib/python3.10/dist-packages/ur_msgs/ur_msgs_s__rosidl_typesupport_fastrtps_c.cpython-310-x86_64-linux-gnu.so
[1.991s] -- Up-to-date: /ros2_ws/install/ur_msgs/local/lib/python3.10/dist-packages/ur_msgs/ur_msgs_s__rosidl_typesupport_introspection_c.cpython-310-x86_64-linux-gnu.so
[1.991s] -- Up-to-date: /ros2_ws/install/ur_msgs/local/lib/python3.10/dist-packages/ur_msgs/libur_msgs__rosidl_generator_py.so
[1.991s] -- Installing: /ros2_ws/install/ur_msgs/local/lib/python3.10/dist-packages/ur_msgs/__init__.py
[1.991s] -- Up-to-date: /ros2_ws/install/ur_msgs/local/lib/python3.10/dist-packages/ur_msgs/msg
[1.991s] -- Up-to-date: /ros2_ws/install/ur_msgs/local/lib/python3.10/dist-packages/ur_msgs/msg/_robot_state_rt_msg_s.c
[1.991s] -- Up-to-date: /ros2_ws/install/ur_msgs/local/lib/python3.10/dist-packages/ur_msgs/msg/_robot_state_rt_msg.py
[1.991s] -- Up-to-date: /ros2_ws/install/ur_msgs/local/lib/python3.10/dist-packages/ur_msgs/msg/_analog_s.c
[1.991s] -- Up-to-date: /ros2_ws/install/ur_msgs/local/lib/python3.10/dist-packages/ur_msgs/msg/_digital.py
[1.991s] -- Up-to-date: /ros2_ws/install/ur_msgs/local/lib/python3.10/dist-packages/ur_msgs/msg/_analog.py
[1.991s] -- Up-to-date: /ros2_ws/install/ur_msgs/local/lib/python3.10/dist-packages/ur_msgs/msg/_robot_mode_data_msg.py
[1.991s] -- Up-to-date: /ros2_ws/install/ur_msgs/local/lib/python3.10/dist-packages/ur_msgs/msg/_io_states_s.c
[1.991s] -- Up-to-date: /ros2_ws/install/ur_msgs/local/lib/python3.10/dist-packages/ur_msgs/msg/_robot_mode_data_msg_s.c
[1.991s] -- Up-to-date: /ros2_ws/install/ur_msgs/local/lib/python3.10/dist-packages/ur_msgs/msg/_io_states.py
[1.991s] -- Up-to-date: /ros2_ws/install/ur_msgs/local/lib/python3.10/dist-packages/ur_msgs/msg/_digital_s.c
[1.991s] -- Up-to-date: /ros2_ws/install/ur_msgs/local/lib/python3.10/dist-packages/ur_msgs/msg/_masterboard_data_msg.py
[1.991s] -- Up-to-date: /ros2_ws/install/ur_msgs/local/lib/python3.10/dist-packages/ur_msgs/msg/__init__.py
[1.992s] -- Up-to-date: /ros2_ws/install/ur_msgs/local/lib/python3.10/dist-packages/ur_msgs/msg/_tool_data_msg_s.c
[1.992s] -- Up-to-date: /ros2_ws/install/ur_msgs/local/lib/python3.10/dist-packages/ur_msgs/msg/_masterboard_data_msg_s.c
[1.992s] -- Up-to-date: /ros2_ws/install/ur_msgs/local/lib/python3.10/dist-packages/ur_msgs/msg/_tool_data_msg.py
[1.992s] -- Up-to-date: /ros2_ws/install/ur_msgs/local/lib/python3.10/dist-packages/ur_msgs/srv
[1.992s] -- Up-to-date: /ros2_ws/install/ur_msgs/local/lib/python3.10/dist-packages/ur_msgs/srv/_set_analog_output_s.c
[1.992s] -- Up-to-date: /ros2_ws/install/ur_msgs/local/lib/python3.10/dist-packages/ur_msgs/srv/_set_io.py
[1.992s] -- Up-to-date: /ros2_ws/install/ur_msgs/local/lib/python3.10/dist-packages/ur_msgs/srv/_set_analog_output.py
[1.992s] -- Up-to-date: /ros2_ws/install/ur_msgs/local/lib/python3.10/dist-packages/ur_msgs/srv/_set_speed_slider_fraction_s.c
[1.992s] -- Up-to-date: /ros2_ws/install/ur_msgs/local/lib/python3.10/dist-packages/ur_msgs/srv/_set_payload_s.c
[1.992s] -- Up-to-date: /ros2_ws/install/ur_msgs/local/lib/python3.10/dist-packages/ur_msgs/srv/_set_force_mode.py
[1.992s] -- Up-to-date: /ros2_ws/install/ur_msgs/local/lib/python3.10/dist-packages/ur_msgs/srv/_get_robot_software_version_s.c
[1.992s] -- Up-to-date: /ros2_ws/install/ur_msgs/local/lib/python3.10/dist-packages/ur_msgs/srv/_set_io_s.c
[1.992s] -- Up-to-date: /ros2_ws/install/ur_msgs/local/lib/python3.10/dist-packages/ur_msgs/srv/__init__.py
[1.992s] -- Up-to-date: /ros2_ws/install/ur_msgs/local/lib/python3.10/dist-packages/ur_msgs/srv/_set_payload.py
[1.992s] -- Up-to-date: /ros2_ws/install/ur_msgs/local/lib/python3.10/dist-packages/ur_msgs/srv/_set_force_mode_s.c
[1.992s] -- Up-to-date: /ros2_ws/install/ur_msgs/local/lib/python3.10/dist-packages/ur_msgs/srv/_set_speed_slider_fraction.py
[1.992s] -- Up-to-date: /ros2_ws/install/ur_msgs/local/lib/python3.10/dist-packages/ur_msgs/srv/_get_robot_software_version.py
[2.016s] Listing '/ros2_ws/install/ur_msgs/local/lib/python3.10/dist-packages/ur_msgs'...
[2.016s] Compiling '/ros2_ws/install/ur_msgs/local/lib/python3.10/dist-packages/ur_msgs/__init__.py'...
[2.017s] Listing '/ros2_ws/install/ur_msgs/local/lib/python3.10/dist-packages/ur_msgs/msg'...
[2.017s] Listing '/ros2_ws/install/ur_msgs/local/lib/python3.10/dist-packages/ur_msgs/srv'...
[2.020s] -- Up-to-date: /ros2_ws/install/ur_msgs/local/lib/python3.10/dist-packages/ur_msgs/ur_msgs_s__rosidl_typesupport_fastrtps_c.cpython-310-x86_64-linux-gnu.so
[2.020s] -- Up-to-date: /ros2_ws/install/ur_msgs/local/lib/python3.10/dist-packages/ur_msgs/ur_msgs_s__rosidl_typesupport_introspection_c.cpython-310-x86_64-linux-gnu.so
[2.021s] -- Up-to-date: /ros2_ws/install/ur_msgs/local/lib/python3.10/dist-packages/ur_msgs/ur_msgs_s__rosidl_typesupport_c.cpython-310-x86_64-linux-gnu.so
[2.021s] -- Up-to-date: /ros2_ws/install/ur_msgs/lib/libur_msgs__rosidl_generator_py.so
[2.021s] -- Up-to-date: /ros2_ws/install/ur_msgs/share/ur_msgs/msg/Analog.idl
[2.021s] -- Up-to-date: /ros2_ws/install/ur_msgs/share/ur_msgs/msg/Digital.idl
[2.022s] -- Up-to-date: /ros2_ws/install/ur_msgs/share/ur_msgs/msg/IOStates.idl
[2.022s] -- Up-to-date: /ros2_ws/install/ur_msgs/share/ur_msgs/msg/RobotStateRTMsg.idl
[2.022s] -- Up-to-date: /ros2_ws/install/ur_msgs/share/ur_msgs/msg/MasterboardDataMsg.idl
[2.022s] -- Up-to-date: /ros2_ws/install/ur_msgs/share/ur_msgs/msg/RobotModeDataMsg.idl
[2.022s] -- Up-to-date: /ros2_ws/install/ur_msgs/share/ur_msgs/msg/ToolDataMsg.idl
[2.022s] -- Up-to-date: /ros2_ws/install/ur_msgs/share/ur_msgs/srv/SetAnalogOutput.idl
[2.022s] -- Up-to-date: /ros2_ws/install/ur_msgs/share/ur_msgs/srv/SetPayload.idl
[2.022s] -- Up-to-date: /ros2_ws/install/ur_msgs/share/ur_msgs/srv/SetSpeedSliderFraction.idl
[2.022s] -- Up-to-date: /ros2_ws/install/ur_msgs/share/ur_msgs/srv/SetIO.idl
[2.022s] -- Up-to-date: /ros2_ws/install/ur_msgs/share/ur_msgs/srv/GetRobotSoftwareVersion.idl
[2.022s] -- Up-to-date: /ros2_ws/install/ur_msgs/share/ur_msgs/srv/SetForceMode.idl
[2.022s] -- Up-to-date: /ros2_ws/install/ur_msgs/share/ur_msgs/msg/Analog.msg
[2.022s] -- Up-to-date: /ros2_ws/install/ur_msgs/share/ur_msgs/msg/Digital.msg
[2.022s] -- Up-to-date: /ros2_ws/install/ur_msgs/share/ur_msgs/msg/IOStates.msg
[2.022s] -- Up-to-date: /ros2_ws/install/ur_msgs/share/ur_msgs/msg/RobotStateRTMsg.msg
[2.022s] -- Up-to-date: /ros2_ws/install/ur_msgs/share/ur_msgs/msg/MasterboardDataMsg.msg
[2.022s] -- Up-to-date: /ros2_ws/install/ur_msgs/share/ur_msgs/msg/RobotModeDataMsg.msg
[2.023s] -- Up-to-date: /ros2_ws/install/ur_msgs/share/ur_msgs/msg/ToolDataMsg.msg
[2.023s] -- Up-to-date: /ros2_ws/install/ur_msgs/share/ur_msgs/srv/SetAnalogOutput.srv
[2.023s] -- Up-to-date: /ros2_ws/install/ur_msgs/share/ur_msgs/srv/SetAnalogOutput_Request.msg
[2.023s] -- Up-to-date: /ros2_ws/install/ur_msgs/share/ur_msgs/srv/SetAnalogOutput_Response.msg
[2.023s] -- Up-to-date: /ros2_ws/install/ur_msgs/share/ur_msgs/srv/SetPayload.srv
[2.023s] -- Up-to-date: /ros2_ws/install/ur_msgs/share/ur_msgs/srv/SetPayload_Request.msg
[2.023s] -- Up-to-date: /ros2_ws/install/ur_msgs/share/ur_msgs/srv/SetPayload_Response.msg
[2.023s] -- Up-to-date: /ros2_ws/install/ur_msgs/share/ur_msgs/srv/SetSpeedSliderFraction.srv
[2.023s] -- Up-to-date: /ros2_ws/install/ur_msgs/share/ur_msgs/srv/SetSpeedSliderFraction_Request.msg
[2.023s] -- Up-to-date: /ros2_ws/install/ur_msgs/share/ur_msgs/srv/SetSpeedSliderFraction_Response.msg
[2.023s] -- Up-to-date: /ros2_ws/install/ur_msgs/share/ur_msgs/srv/SetIO.srv
[2.023s] -- Up-to-date: /ros2_ws/install/ur_msgs/share/ur_msgs/srv/SetIO_Request.msg
[2.023s] -- Up-to-date: /ros2_ws/install/ur_msgs/share/ur_msgs/srv/SetIO_Response.msg
[2.023s] -- Up-to-date: /ros2_ws/install/ur_msgs/share/ur_msgs/srv/GetRobotSoftwareVersion.srv
[2.023s] -- Up-to-date: /ros2_ws/install/ur_msgs/share/ur_msgs/srv/GetRobotSoftwareVersion_Request.msg
[2.023s] -- Up-to-date: /ros2_ws/install/ur_msgs/share/ur_msgs/srv/GetRobotSoftwareVersion_Response.msg
[2.023s] -- Up-to-date: /ros2_ws/install/ur_msgs/share/ur_msgs/srv/SetForceMode.srv
[2.023s] -- Up-to-date: /ros2_ws/install/ur_msgs/share/ur_msgs/srv/SetForceMode_Request.msg
[2.024s] -- Up-to-date: /ros2_ws/install/ur_msgs/share/ur_msgs/srv/SetForceMode_Response.msg
[2.024s] -- Up-to-date: /ros2_ws/install/ur_msgs/share/ament_index/resource_index/package_run_dependencies/ur_msgs
[2.024s] -- Installing: /ros2_ws/install/ur_msgs/share/ament_index/resource_index/parent_prefix_path/ur_msgs
[2.024s] -- Up-to-date: /ros2_ws/install/ur_msgs/share/ur_msgs/environment/ament_prefix_path.sh
[2.024s] -- Installing: /ros2_ws/install/ur_msgs/share/ur_msgs/environment/ament_prefix_path.dsv
[2.024s] -- Up-to-date: /ros2_ws/install/ur_msgs/share/ur_msgs/environment/path.sh
[2.024s] -- Installing: /ros2_ws/install/ur_msgs/share/ur_msgs/environment/path.dsv
[2.024s] -- Up-to-date: /ros2_ws/install/ur_msgs/share/ur_msgs/local_setup.bash
[2.024s] -- Up-to-date: /ros2_ws/install/ur_msgs/share/ur_msgs/local_setup.sh
[2.024s] -- Up-to-date: /ros2_ws/install/ur_msgs/share/ur_msgs/local_setup.zsh
[2.024s] -- Installing: /ros2_ws/install/ur_msgs/share/ur_msgs/local_setup.dsv
[2.024s] -- Installing: /ros2_ws/install/ur_msgs/share/ur_msgs/package.dsv
[2.025s] -- Up-to-date: /ros2_ws/install/ur_msgs/share/ament_index/resource_index/packages/ur_msgs
[2.025s] -- Up-to-date: /ros2_ws/install/ur_msgs/share/ur_msgs/cmake/export_ur_msgs__rosidl_generator_cExport.cmake
[2.025s] -- Up-to-date: /ros2_ws/install/ur_msgs/share/ur_msgs/cmake/export_ur_msgs__rosidl_generator_cExport-release.cmake
[2.025s] -- Up-to-date: /ros2_ws/install/ur_msgs/share/ur_msgs/cmake/export_ur_msgs__rosidl_typesupport_fastrtps_cExport.cmake
[2.025s] -- Up-to-date: /ros2_ws/install/ur_msgs/share/ur_msgs/cmake/export_ur_msgs__rosidl_typesupport_fastrtps_cExport-release.cmake
[2.025s] -- Up-to-date: /ros2_ws/install/ur_msgs/share/ur_msgs/cmake/export_ur_msgs__rosidl_generator_cppExport.cmake
[2.025s] -- Up-to-date: /ros2_ws/install/ur_msgs/share/ur_msgs/cmake/export_ur_msgs__rosidl_typesupport_fastrtps_cppExport.cmake
[2.025s] -- Up-to-date: /ros2_ws/install/ur_msgs/share/ur_msgs/cmake/export_ur_msgs__rosidl_typesupport_fastrtps_cppExport-release.cmake
[2.025s] -- Up-to-date: /ros2_ws/install/ur_msgs/share/ur_msgs/cmake/ur_msgs__rosidl_typesupport_introspection_cExport.cmake
[2.025s] -- Up-to-date: /ros2_ws/install/ur_msgs/share/ur_msgs/cmake/ur_msgs__rosidl_typesupport_introspection_cExport-release.cmake
[2.026s] -- Up-to-date: /ros2_ws/install/ur_msgs/share/ur_msgs/cmake/ur_msgs__rosidl_typesupport_cExport.cmake
[2.026s] -- Up-to-date: /ros2_ws/install/ur_msgs/share/ur_msgs/cmake/ur_msgs__rosidl_typesupport_cExport-release.cmake
[2.026s] -- Up-to-date: /ros2_ws/install/ur_msgs/share/ur_msgs/cmake/ur_msgs__rosidl_typesupport_introspection_cppExport.cmake
[2.026s] -- Up-to-date: /ros2_ws/install/ur_msgs/share/ur_msgs/cmake/ur_msgs__rosidl_typesupport_introspection_cppExport-release.cmake
[2.026s] -- Up-to-date: /ros2_ws/install/ur_msgs/share/ur_msgs/cmake/ur_msgs__rosidl_typesupport_cppExport.cmake
[2.026s] -- Up-to-date: /ros2_ws/install/ur_msgs/share/ur_msgs/cmake/ur_msgs__rosidl_typesupport_cppExport-release.cmake
[2.026s] -- Up-to-date: /ros2_ws/install/ur_msgs/share/ur_msgs/cmake/export_ur_msgs__rosidl_generator_pyExport.cmake
[2.026s] -- Up-to-date: /ros2_ws/install/ur_msgs/share/ur_msgs/cmake/export_ur_msgs__rosidl_generator_pyExport-release.cmake
[2.026s] -- Up-to-date: /ros2_ws/install/ur_msgs/share/ur_msgs/cmake/rosidl_cmake-extras.cmake
[2.026s] -- Up-to-date: /ros2_ws/install/ur_msgs/share/ur_msgs/cmake/ament_cmake_export_dependencies-extras.cmake
[2.026s] -- Up-to-date: /ros2_ws/install/ur_msgs/share/ur_msgs/cmake/ament_cmake_export_include_directories-extras.cmake
[2.026s] -- Up-to-date: /ros2_ws/install/ur_msgs/share/ur_msgs/cmake/ament_cmake_export_libraries-extras.cmake
[2.026s] -- Up-to-date: /ros2_ws/install/ur_msgs/share/ur_msgs/cmake/ament_cmake_export_targets-extras.cmake
[2.027s] -- Up-to-date: /ros2_ws/install/ur_msgs/share/ur_msgs/cmake/rosidl_cmake_export_typesupport_targets-extras.cmake
[2.027s] -- Up-to-date: /ros2_ws/install/ur_msgs/share/ur_msgs/cmake/rosidl_cmake_export_typesupport_libraries-extras.cmake
[2.027s] -- Up-to-date: /ros2_ws/install/ur_msgs/share/ur_msgs/cmake/ur_msgsConfig.cmake
[2.027s] -- Up-to-date: /ros2_ws/install/ur_msgs/share/ur_msgs/cmake/ur_msgsConfig-version.cmake
[2.027s] -- Up-to-date: /ros2_ws/install/ur_msgs/share/ur_msgs/package.xml
[2.029s] Invoked command in '/ros2_ws/build/ur_msgs' returned '0': CMAKE_PREFIX_PATH=${CMAKE_PREFIX_PATH}:/opt/ros/humble /usr/bin/cmake --install /ros2_ws/build/ur_msgs
