-- The C compiler identification is GNU 11.4.0
-- The CXX compiler identification is GNU 11.4.0
-- Detecting C compiler ABI info
-- Detecting C compiler ABI info - done
-- Check for working C compiler: /usr/bin/cc - skipped
-- Detecting C compile features
-- Detecting C compile features - done
-- Detecting CXX compiler ABI info
-- Detecting CXX compiler ABI info - done
-- Check for working CXX compiler: /usr/bin/c++ - skipped
-- Detecting CXX compile features
-- Detecting CXX compile features - done
-- Found ament_cmake: 1.3.11 (/opt/ros/humble/share/ament_cmake/cmake)
-- Found Python3: /usr/bin/python3 (found version "3.10.12") found components: Interpreter 
-- Found angles: 1.15.0 (/opt/ros/humble/share/angles/cmake)
-- Found controller_interface: 2.44.0 (/opt/ros/humble/share/controller_interface/cmake)
-- Found rosidl_generator_c: 3.1.6 (/opt/ros/humble/share/rosidl_generator_c/cmake)
-- Found rosidl_adapter: 3.1.6 (/opt/ros/humble/share/rosidl_adapter/cmake)
-- Found rosidl_generator_cpp: 3.1.6 (/opt/ros/humble/share/rosidl_generator_cpp/cmake)
-- Using all available rosidl_typesupport_c: rosidl_typesupport_fastrtps_c;rosidl_typesupport_introspection_c
-- Using all available rosidl_typesupport_cpp: rosidl_typesupport_fastrtps_cpp;rosidl_typesupport_introspection_cpp
-- Found rmw_implementation_cmake: 6.1.2 (/opt/ros/humble/share/rmw_implementation_cmake/cmake)
-- Found rmw_fastrtps_cpp: 6.2.7 (/opt/ros/humble/share/rmw_fastrtps_cpp/cmake)
-- Found TinyXML2 via Config file: TinyXML2_DIR-NOTFOUND
-- Found OpenSSL: /usr/lib/x86_64-linux-gnu/libcrypto.so (found version "3.0.2")  
-- Found TinyXML2 via Config file: TinyXML2_DIR-NOTFOUND
-- Found FastRTPS: /opt/ros/humble/include  
-- Found TinyXML2 via Config file: TinyXML2_DIR-NOTFOUND
-- Found TinyXML2 via Config file: TinyXML2_DIR-NOTFOUND
-- Using RMW implementation 'rmw_fastrtps_cpp' as default
-- Looking for pthread.h
-- Looking for pthread.h - found
-- Performing Test CMAKE_HAVE_LIBC_PTHREAD
-- Performing Test CMAKE_HAVE_LIBC_PTHREAD - Success
-- Found Threads: TRUE  
-- Found joint_trajectory_controller: 2.38.0 (/opt/ros/humble/share/joint_trajectory_controller/cmake)
-- Found parameter_traits: 0.3.9 (/opt/ros/humble/share/parameter_traits/cmake)
-- Found std_srvs: 4.2.4 (/opt/ros/humble/share/std_srvs/cmake)
-- Found tf2_geometry_msgs: 0.25.9 (/opt/ros/humble/share/tf2_geometry_msgs/cmake)
-- Found eigen3_cmake_module: 0.1.1 (/opt/ros/humble/share/eigen3_cmake_module/cmake)
-- Found Eigen3: TRUE (found version "3.4.0") 
-- Ensuring Eigen3 include directory is part of orocos-kdl CMake target
-- Found ur_dashboard_msgs: 2.5.1 (/ros2_ws/install/ur_dashboard_msgs/share/ur_dashboard_msgs/cmake)
-- Found ur_msgs: 2.1.0 (/ros2_ws/install/ur_msgs/share/ur_msgs/cmake)
-- Found ament_cmake_gmock: 1.3.11 (/opt/ros/humble/share/ament_cmake_gmock/cmake)
-- Found controller_manager: 2.44.0 (/opt/ros/humble/share/controller_manager/cmake)
-- Found ros2_control_test_assets: 2.44.0 (/opt/ros/humble/share/ros2_control_test_assets/cmake)
-- Found gmock sources under '/opt/ros/humble/src/gmock_vendor': C++ tests using 'Google Mock' will be built
-- Found ament_cmake_gtest: 1.3.11 (/opt/ros/humble/share/ament_cmake_gtest/cmake)
-- Found gtest sources under '/opt/ros/humble/src/gtest_vendor': C++ tests using 'Google Test' will be built
-- Configuring done
-- Generating done
-- Build files have been written to: /ros2_ws/build/ur_controllers
[  4%] [34m[1mRunning `/opt/ros/humble/bin/generate_parameter_library_cpp /ros2_ws/build/ur_controllers/gpio_controller_parameters/include//gpio_controller_parameters.hpp /ros2_ws/src/Universal_Robots_ROS2_Driver/ur_controllers/src/gpio_controller_parameters.yaml `[0m
[ 20%] [34m[1mRunning `/opt/ros/humble/bin/generate_parameter_library_cpp /ros2_ws/build/ur_controllers/scaled_joint_trajectory_controller_parameters/include//scaled_joint_trajectory_controller_parameters.hpp /ros2_ws/src/Universal_Robots_ROS2_Driver/ur_controllers/src/scaled_joint_trajectory_controller_parameters.yaml `[0m
[ 20%] [34m[1mRunning `/opt/ros/humble/bin/generate_parameter_library_cpp /ros2_ws/build/ur_controllers/force_mode_controller_parameters/include//force_mode_controller_parameters.hpp /ros2_ws/src/Universal_Robots_ROS2_Driver/ur_controllers/src/force_mode_controller_parameters.yaml `[0m
[ 20%] [34m[1mRunning `/opt/ros/humble/bin/generate_parameter_library_cpp /ros2_ws/build/ur_controllers/freedrive_mode_controller_parameters/include//freedrive_mode_controller_parameters.hpp /ros2_ws/src/Universal_Robots_ROS2_Driver/ur_controllers/src/freedrive_mode_controller_parameters.yaml `[0m
[ 20%] [34m[1mRunning `/opt/ros/humble/bin/generate_parameter_library_cpp /ros2_ws/build/ur_controllers/speed_scaling_state_broadcaster_parameters/include//speed_scaling_state_broadcaster_parameters.hpp /ros2_ws/src/Universal_Robots_ROS2_Driver/ur_controllers/src/speed_scaling_state_broadcaster_parameters.yaml `[0m
[ 25%] [34m[1mRunning `/opt/ros/humble/bin/generate_parameter_library_cpp /ros2_ws/build/ur_controllers/passthrough_trajectory_controller_parameters/include//passthrough_trajectory_controller_parameters.hpp /ros2_ws/src/Universal_Robots_ROS2_Driver/ur_controllers/src/passthrough_trajectory_controller_parameters.yaml `[0m
[ 29%] [34m[1mRunning `/opt/ros/humble/bin/generate_parameter_library_cpp /ros2_ws/build/ur_controllers/ur_configuration_controller_parameters/include//ur_configuration_controller_parameters.hpp /ros2_ws/src/Universal_Robots_ROS2_Driver/ur_controllers/src/ur_configuration_controller_parameters.yaml `[0m
[ 33%] [32mBuilding CXX object gmock/CMakeFiles/gmock_main.dir/src/gmock_main.cc.o[0m
[ 33%] Built target scaled_joint_trajectory_controller_parameters
[ 33%] Built target ur_configuration_controller_parameters
[ 37%] [32mBuilding CXX object gmock/CMakeFiles/gmock.dir/opt/ros/humble/src/gtest_vendor/src/gtest-all.cc.o[0m
[ 41%] [32mBuilding CXX object gmock/CMakeFiles/gmock.dir/src/gmock-all.cc.o[0m
[ 41%] Built target gpio_controller_parameters
[ 41%] Built target speed_scaling_state_broadcaster_parameters
[ 41%] Built target force_mode_controller_parameters
[ 41%] Built target freedrive_mode_controller_parameters
[ 41%] Built target passthrough_trajectory_controller_parameters
[ 54%] [32mBuilding CXX object CMakeFiles/ur_controllers.dir/src/speed_scaling_state_broadcaster.cpp.o[0m
[ 54%] [32mBuilding CXX object CMakeFiles/ur_controllers.dir/src/scaled_joint_trajectory_controller.cpp.o[0m
[ 54%] [32mBuilding CXX object CMakeFiles/ur_controllers.dir/src/force_mode_controller.cpp.o[0m
[ 58%] [32mBuilding CXX object CMakeFiles/ur_controllers.dir/src/freedrive_mode_controller.cpp.o[0m
[ 62%] [32mBuilding CXX object CMakeFiles/ur_controllers.dir/src/gpio_controller.cpp.o[0m
[ 66%] [32m[1mLinking CXX static library libgmock_main.a[0m
[ 66%] Built target gmock_main
[ 70%] [32mBuilding CXX object CMakeFiles/ur_controllers.dir/src/passthrough_trajectory_controller.cpp.o[0m
[01m[K/ros2_ws/src/Universal_Robots_ROS2_Driver/ur_controllers/src/gpio_controller.cpp:[m[K In member function ‘[01m[Kbool ur_controllers::GPIOController::setAnalogOutput(ur_msgs::srv::SetAnalogOutput_Request_<std::allocator<void> >::SharedPtr, ur_msgs::srv::SetAnalogOutput_Response_<std::allocator<void> >::SharedPtr)[m[K’:
[01m[K/ros2_ws/src/Universal_Robots_ROS2_Driver/ur_controllers/src/gpio_controller.cpp:410:21:[m[K [01;35m[Kwarning: [m[Kcomparison is always false due to limited range of data type [[01;35m[K-Wtype-limits[m[K]
  410 |   if ([01;35m[Kreq->data.pin < 0[m[K || req->data.pin > 1) {
      |       [01;35m[K~~~~~~~~~~~~~~^~~[m[K
[ 75%] [32mBuilding CXX object CMakeFiles/ur_controllers.dir/src/ur_configuration_controller.cpp.o[0m
[ 79%] [32m[1mLinking CXX static library libgmock.a[0m
[ 79%] Built target gmock
[ 83%] [32m[1mLinking CXX shared library libur_controllers.so[0m
[ 83%] Built target ur_controllers
[ 87%] [32mBuilding CXX object CMakeFiles/test_load_force_mode_controller.dir/test/test_load_force_mode_controller.cpp.o[0m
[ 91%] [32mBuilding CXX object CMakeFiles/test_load_freedrive_mode_controller.dir/test/test_load_freedrive_mode_controller.cpp.o[0m
[ 95%] [32m[1mLinking CXX executable test_load_force_mode_controller[0m
[100%] [32m[1mLinking CXX executable test_load_freedrive_mode_controller[0m
[100%] Built target test_load_force_mode_controller
[100%] Built target test_load_freedrive_mode_controller
-- Install configuration: "Release"
-- Installing: /ros2_ws/install/ur_controllers/include/force_mode_controller_parameters
-- Installing: /ros2_ws/install/ur_controllers/include/force_mode_controller_parameters/force_mode_controller_parameters.hpp
-- Installing: /ros2_ws/install/ur_controllers/include/gpio_controller_parameters
-- Installing: /ros2_ws/install/ur_controllers/include/gpio_controller_parameters/gpio_controller_parameters.hpp
-- Installing: /ros2_ws/install/ur_controllers/include/speed_scaling_state_broadcaster_parameters
-- Installing: /ros2_ws/install/ur_controllers/include/speed_scaling_state_broadcaster_parameters/speed_scaling_state_broadcaster_parameters.hpp
-- Installing: /ros2_ws/install/ur_controllers/include/scaled_joint_trajectory_controller_parameters
-- Installing: /ros2_ws/install/ur_controllers/include/scaled_joint_trajectory_controller_parameters/scaled_joint_trajectory_controller_parameters.hpp
-- Installing: /ros2_ws/install/ur_controllers/include/freedrive_mode_controller_parameters
-- Installing: /ros2_ws/install/ur_controllers/include/freedrive_mode_controller_parameters/freedrive_mode_controller_parameters.hpp
-- Installing: /ros2_ws/install/ur_controllers/include/passthrough_trajectory_controller_parameters
-- Installing: /ros2_ws/install/ur_controllers/include/passthrough_trajectory_controller_parameters/passthrough_trajectory_controller_parameters.hpp
-- Installing: /ros2_ws/install/ur_controllers/include/ur_configuration_controller_parameters
-- Installing: /ros2_ws/install/ur_controllers/include/ur_configuration_controller_parameters/ur_configuration_controller_parameters.hpp
-- Installing: /ros2_ws/install/ur_controllers/share/ur_controllers/controller_plugins.xml
-- Installing: /ros2_ws/install/ur_controllers/lib/libur_controllers.so
-- Set runtime path of "/ros2_ws/install/ur_controllers/lib/libur_controllers.so" to ""
-- Up-to-date: /ros2_ws/install/ur_controllers/include
-- Installing: /ros2_ws/install/ur_controllers/include/ur_controllers
-- Installing: /ros2_ws/install/ur_controllers/include/ur_controllers/passthrough_trajectory_controller.hpp
-- Installing: /ros2_ws/install/ur_controllers/include/ur_controllers/force_mode_controller.hpp
-- Installing: /ros2_ws/install/ur_controllers/include/ur_controllers/scaled_joint_trajectory_controller.hpp
-- Installing: /ros2_ws/install/ur_controllers/include/ur_controllers/gpio_controller.hpp
-- Installing: /ros2_ws/install/ur_controllers/include/ur_controllers/ur_configuration_controller.hpp
-- Installing: /ros2_ws/install/ur_controllers/include/ur_controllers/freedrive_mode_controller.hpp
-- Installing: /ros2_ws/install/ur_controllers/include/ur_controllers/speed_scaling_state_broadcaster.hpp
-- Up-to-date: /ros2_ws/install/ur_controllers/share/ur_controllers/controller_plugins.xml
-- Installing: /ros2_ws/install/ur_controllers/share/ur_controllers/environment/library_path.sh
-- Installing: /ros2_ws/install/ur_controllers/share/ur_controllers/environment/library_path.dsv
-- Installing: /ros2_ws/install/ur_controllers/share/ament_index/resource_index/package_run_dependencies/ur_controllers
-- Installing: /ros2_ws/install/ur_controllers/share/ament_index/resource_index/parent_prefix_path/ur_controllers
-- Installing: /ros2_ws/install/ur_controllers/share/ur_controllers/environment/ament_prefix_path.sh
-- Installing: /ros2_ws/install/ur_controllers/share/ur_controllers/environment/ament_prefix_path.dsv
-- Installing: /ros2_ws/install/ur_controllers/share/ur_controllers/environment/path.sh
-- Installing: /ros2_ws/install/ur_controllers/share/ur_controllers/environment/path.dsv
-- Installing: /ros2_ws/install/ur_controllers/share/ur_controllers/local_setup.bash
-- Installing: /ros2_ws/install/ur_controllers/share/ur_controllers/local_setup.sh
-- Installing: /ros2_ws/install/ur_controllers/share/ur_controllers/local_setup.zsh
-- Installing: /ros2_ws/install/ur_controllers/share/ur_controllers/local_setup.dsv
-- Installing: /ros2_ws/install/ur_controllers/share/ur_controllers/package.dsv
-- Installing: /ros2_ws/install/ur_controllers/share/ament_index/resource_index/packages/ur_controllers
-- Installing: /ros2_ws/install/ur_controllers/share/ament_index/resource_index/controller_interface__pluginlib__plugin/ur_controllers
-- Installing: /ros2_ws/install/ur_controllers/share/ur_controllers/cmake/ament_cmake_export_dependencies-extras.cmake
-- Installing: /ros2_ws/install/ur_controllers/share/ur_controllers/cmake/ament_cmake_export_include_directories-extras.cmake
-- Installing: /ros2_ws/install/ur_controllers/share/ur_controllers/cmake/ament_cmake_export_libraries-extras.cmake
-- Installing: /ros2_ws/install/ur_controllers/share/ur_controllers/cmake/ur_controllersConfig.cmake
-- Installing: /ros2_ws/install/ur_controllers/share/ur_controllers/cmake/ur_controllersConfig-version.cmake
-- Installing: /ros2_ws/install/ur_controllers/share/ur_controllers/package.xml
