[0.012s] Invoking command in '/ros2_ws/build/ur_controllers': CMAKE_PREFIX_PATH=/ros2_ws/install/ur_msgs:/ros2_ws/install/ur_dashboard_msgs:/ros2_ws/install/ur_moveit_config:/opt/ros/humble /usr/bin/cmake /ros2_ws/src/Universal_Robots_ROS2_Driver/ur_controllers -DCMAKE_BUILD_TYPE=Release -DCMAKE_INSTALL_PREFIX=/ros2_ws/install/ur_controllers
[0.060s] -- The C compiler identification is GNU 11.4.0
[0.109s] -- The CXX compiler identification is GNU 11.4.0
[0.115s] -- Detecting C compiler ABI info
[0.176s] -- Detecting C compiler ABI info - done
[0.182s] -- Check for working C compiler: /usr/bin/cc - skipped
[0.182s] -- Detecting C compile features
[0.183s] -- Detecting C compile features - done
[0.185s] -- Detecting CXX compiler ABI info
[0.255s] -- Detecting CXX compiler ABI info - done
[0.262s] -- Check for working CXX compiler: /usr/bin/c++ - skipped
[0.262s] -- Detecting CXX compile features
[0.262s] -- Detecting CXX compile features - done
[0.265s] -- Found ament_cmake: 1.3.11 (/opt/ros/humble/share/ament_cmake/cmake)
[0.401s] -- Found Python3: /usr/bin/python3 (found version "3.10.12") found components: Interpreter 
[0.490s] -- Found angles: 1.15.0 (/opt/ros/humble/share/angles/cmake)
[0.493s] -- Found controller_interface: 2.44.0 (/opt/ros/humble/share/controller_interface/cmake)
[0.539s] -- Found rosidl_generator_c: 3.1.6 (/opt/ros/humble/share/rosidl_generator_c/cmake)
[0.545s] -- Found rosidl_adapter: 3.1.6 (/opt/ros/humble/share/rosidl_adapter/cmake)
[0.554s] -- Found rosidl_generator_cpp: 3.1.6 (/opt/ros/humble/share/rosidl_generator_cpp/cmake)
[0.567s] -- Using all available rosidl_typesupport_c: rosidl_typesupport_fastrtps_c;rosidl_typesupport_introspection_c
[0.584s] -- Using all available rosidl_typesupport_cpp: rosidl_typesupport_fastrtps_cpp;rosidl_typesupport_introspection_cpp
[0.805s] -- Found rmw_implementation_cmake: 6.1.2 (/opt/ros/humble/share/rmw_implementation_cmake/cmake)
[0.808s] -- Found rmw_fastrtps_cpp: 6.2.7 (/opt/ros/humble/share/rmw_fastrtps_cpp/cmake)
[0.836s] -- Found TinyXML2 via Config file: TinyXML2_DIR-NOTFOUND
[0.882s] -- Found OpenSSL: /usr/lib/x86_64-linux-gnu/libcrypto.so (found version "3.0.2")  
[0.885s] -- Found TinyXML2 via Config file: TinyXML2_DIR-NOTFOUND
[0.897s] -- Found FastRTPS: /opt/ros/humble/include  
[0.900s] -- Found TinyXML2 via Config file: TinyXML2_DIR-NOTFOUND
[0.908s] -- Found TinyXML2 via Config file: TinyXML2_DIR-NOTFOUND
[0.916s] -- Using RMW implementation 'rmw_fastrtps_cpp' as default
[0.931s] -- Looking for pthread.h
[0.995s] -- Looking for pthread.h - found
[0.995s] -- Performing Test CMAKE_HAVE_LIBC_PTHREAD
[1.060s] -- Performing Test CMAKE_HAVE_LIBC_PTHREAD - Success
[1.061s] -- Found Threads: TRUE  
[1.113s] -- Found joint_trajectory_controller: 2.38.0 (/opt/ros/humble/share/joint_trajectory_controller/cmake)
[1.143s] -- Found parameter_traits: 0.3.9 (/opt/ros/humble/share/parameter_traits/cmake)
[1.178s] -- Found std_srvs: 4.2.4 (/opt/ros/humble/share/std_srvs/cmake)
[1.188s] -- Found tf2_geometry_msgs: 0.25.9 (/opt/ros/humble/share/tf2_geometry_msgs/cmake)
[1.198s] -- Found eigen3_cmake_module: 0.1.1 (/opt/ros/humble/share/eigen3_cmake_module/cmake)
[1.199s] -- Found Eigen3: TRUE (found version "3.4.0") 
[1.199s] -- Ensuring Eigen3 include directory is part of orocos-kdl CMake target
[1.262s] -- Found ur_dashboard_msgs: 2.5.1 (/ros2_ws/install/ur_dashboard_msgs/share/ur_dashboard_msgs/cmake)
[1.277s] -- Found ur_msgs: 2.1.0 (/ros2_ws/install/ur_msgs/share/ur_msgs/cmake)
[1.307s] -- Found ament_cmake_gmock: 1.3.11 (/opt/ros/humble/share/ament_cmake_gmock/cmake)
[1.310s] -- Found controller_manager: 2.44.0 (/opt/ros/humble/share/controller_manager/cmake)
[1.335s] -- Found ros2_control_test_assets: 2.44.0 (/opt/ros/humble/share/ros2_control_test_assets/cmake)
[1.338s] -- Found gmock sources under '/opt/ros/humble/src/gmock_vendor': C++ tests using 'Google Mock' will be built
[1.344s] -- Found ament_cmake_gtest: 1.3.11 (/opt/ros/humble/share/ament_cmake_gtest/cmake)
[1.345s] -- Found gtest sources under '/opt/ros/humble/src/gtest_vendor': C++ tests using 'Google Test' will be built
[1.435s] -- Configuring done
[1.561s] -- Generating done
[1.575s] -- Build files have been written to: /ros2_ws/build/ur_controllers
[1.586s] Invoked command in '/ros2_ws/build/ur_controllers' returned '0': CMAKE_PREFIX_PATH=/ros2_ws/install/ur_msgs:/ros2_ws/install/ur_dashboard_msgs:/ros2_ws/install/ur_moveit_config:/opt/ros/humble /usr/bin/cmake /ros2_ws/src/Universal_Robots_ROS2_Driver/ur_controllers -DCMAKE_BUILD_TYPE=Release -DCMAKE_INSTALL_PREFIX=/ros2_ws/install/ur_controllers
[1.587s] Invoking command in '/ros2_ws/build/ur_controllers': CMAKE_PREFIX_PATH=/ros2_ws/install/ur_msgs:/ros2_ws/install/ur_dashboard_msgs:/ros2_ws/install/ur_moveit_config:/opt/ros/humble /usr/bin/cmake --build /ros2_ws/build/ur_controllers -- -j8 -l8
[1.647s] [  4%] [34m[1mRunning `/opt/ros/humble/bin/generate_parameter_library_cpp /ros2_ws/build/ur_controllers/gpio_controller_parameters/include//gpio_controller_parameters.hpp /ros2_ws/src/Universal_Robots_ROS2_Driver/ur_controllers/src/gpio_controller_parameters.yaml `[0m
[1.647s] [ 20%] [34m[1mRunning `/opt/ros/humble/bin/generate_parameter_library_cpp /ros2_ws/build/ur_controllers/scaled_joint_trajectory_controller_parameters/include//scaled_joint_trajectory_controller_parameters.hpp /ros2_ws/src/Universal_Robots_ROS2_Driver/ur_controllers/src/scaled_joint_trajectory_controller_parameters.yaml `[0m
[1.648s] [ 20%] [34m[1mRunning `/opt/ros/humble/bin/generate_parameter_library_cpp /ros2_ws/build/ur_controllers/force_mode_controller_parameters/include//force_mode_controller_parameters.hpp /ros2_ws/src/Universal_Robots_ROS2_Driver/ur_controllers/src/force_mode_controller_parameters.yaml `[0m
[1.648s] [ 20%] [34m[1mRunning `/opt/ros/humble/bin/generate_parameter_library_cpp /ros2_ws/build/ur_controllers/freedrive_mode_controller_parameters/include//freedrive_mode_controller_parameters.hpp /ros2_ws/src/Universal_Robots_ROS2_Driver/ur_controllers/src/freedrive_mode_controller_parameters.yaml `[0m
[1.649s] [ 20%] [34m[1mRunning `/opt/ros/humble/bin/generate_parameter_library_cpp /ros2_ws/build/ur_controllers/speed_scaling_state_broadcaster_parameters/include//speed_scaling_state_broadcaster_parameters.hpp /ros2_ws/src/Universal_Robots_ROS2_Driver/ur_controllers/src/speed_scaling_state_broadcaster_parameters.yaml `[0m
[1.649s] [ 25%] [34m[1mRunning `/opt/ros/humble/bin/generate_parameter_library_cpp /ros2_ws/build/ur_controllers/passthrough_trajectory_controller_parameters/include//passthrough_trajectory_controller_parameters.hpp /ros2_ws/src/Universal_Robots_ROS2_Driver/ur_controllers/src/passthrough_trajectory_controller_parameters.yaml `[0m
[1.649s] [ 29%] [34m[1mRunning `/opt/ros/humble/bin/generate_parameter_library_cpp /ros2_ws/build/ur_controllers/ur_configuration_controller_parameters/include//ur_configuration_controller_parameters.hpp /ros2_ws/src/Universal_Robots_ROS2_Driver/ur_controllers/src/ur_configuration_controller_parameters.yaml `[0m
[1.654s] [ 33%] [32mBuilding CXX object gmock/CMakeFiles/gmock_main.dir/src/gmock_main.cc.o[0m
[1.913s] [ 33%] Built target scaled_joint_trajectory_controller_parameters
[1.914s] [ 33%] Built target ur_configuration_controller_parameters
[1.954s] [ 37%] [32mBuilding CXX object gmock/CMakeFiles/gmock.dir/opt/ros/humble/src/gtest_vendor/src/gtest-all.cc.o[0m
[1.956s] [ 41%] [32mBuilding CXX object gmock/CMakeFiles/gmock.dir/src/gmock-all.cc.o[0m
[1.962s] [ 41%] Built target gpio_controller_parameters
[1.965s] [ 41%] Built target speed_scaling_state_broadcaster_parameters
[1.975s] [ 41%] Built target force_mode_controller_parameters
[1.987s] [ 41%] Built target freedrive_mode_controller_parameters
[2.013s] [ 41%] Built target passthrough_trajectory_controller_parameters
[2.040s] [ 54%] [32mBuilding CXX object CMakeFiles/ur_controllers.dir/src/speed_scaling_state_broadcaster.cpp.o[0m
[2.041s] [ 54%] [32mBuilding CXX object CMakeFiles/ur_controllers.dir/src/scaled_joint_trajectory_controller.cpp.o[0m
[2.041s] [ 54%] [32mBuilding CXX object CMakeFiles/ur_controllers.dir/src/force_mode_controller.cpp.o[0m
[2.041s] [ 58%] [32mBuilding CXX object CMakeFiles/ur_controllers.dir/src/freedrive_mode_controller.cpp.o[0m
[2.041s] [ 62%] [32mBuilding CXX object CMakeFiles/ur_controllers.dir/src/gpio_controller.cpp.o[0m
[4.070s] [ 66%] [32m[1mLinking CXX static library libgmock_main.a[0m
[4.123s] [ 66%] Built target gmock_main
[4.138s] [ 70%] [32mBuilding CXX object CMakeFiles/ur_controllers.dir/src/passthrough_trajectory_controller.cpp.o[0m
[7.456s] [01m[K/ros2_ws/src/Universal_Robots_ROS2_Driver/ur_controllers/src/gpio_controller.cpp:[m[K In member function ‘[01m[Kbool ur_controllers::GPIOController::setAnalogOutput(ur_msgs::srv::SetAnalogOutput_Request_<std::allocator<void> >::SharedPtr, ur_msgs::srv::SetAnalogOutput_Response_<std::allocator<void> >::SharedPtr)[m[K’:
[7.458s] [01m[K/ros2_ws/src/Universal_Robots_ROS2_Driver/ur_controllers/src/gpio_controller.cpp:410:21:[m[K [01;35m[Kwarning: [m[Kcomparison is always false due to limited range of data type [[01;35m[K-Wtype-limits[m[K]
[7.459s]   410 |   if ([01;35m[Kreq->data.pin < 0[m[K || req->data.pin > 1) {
[7.459s]       |       [01;35m[K~~~~~~~~~~~~~~^~~[m[K
[7.559s] [ 75%] [32mBuilding CXX object CMakeFiles/ur_controllers.dir/src/ur_configuration_controller.cpp.o[0m
[15.231s] [ 79%] [32m[1mLinking CXX static library libgmock.a[0m
[15.316s] [ 79%] Built target gmock
[21.451s] [ 83%] [32m[1mLinking CXX shared library libur_controllers.so[0m
[21.910s] [ 83%] Built target ur_controllers
[21.932s] [ 87%] [32mBuilding CXX object CMakeFiles/test_load_force_mode_controller.dir/test/test_load_force_mode_controller.cpp.o[0m
[21.932s] [ 91%] [32mBuilding CXX object CMakeFiles/test_load_freedrive_mode_controller.dir/test/test_load_freedrive_mode_controller.cpp.o[0m
[27.637s] [ 95%] [32m[1mLinking CXX executable test_load_force_mode_controller[0m
[27.671s] [100%] [32m[1mLinking CXX executable test_load_freedrive_mode_controller[0m
[27.911s] [100%] Built target test_load_force_mode_controller
[27.923s] [100%] Built target test_load_freedrive_mode_controller
[27.933s] Invoked command in '/ros2_ws/build/ur_controllers' returned '0': CMAKE_PREFIX_PATH=/ros2_ws/install/ur_msgs:/ros2_ws/install/ur_dashboard_msgs:/ros2_ws/install/ur_moveit_config:/opt/ros/humble /usr/bin/cmake --build /ros2_ws/build/ur_controllers -- -j8 -l8
[27.935s] Invoking command in '/ros2_ws/build/ur_controllers': CMAKE_PREFIX_PATH=/ros2_ws/install/ur_msgs:/ros2_ws/install/ur_dashboard_msgs:/ros2_ws/install/ur_moveit_config:/opt/ros/humble /usr/bin/cmake --install /ros2_ws/build/ur_controllers
[27.941s] -- Install configuration: "Release"
[27.942s] -- Installing: /ros2_ws/install/ur_controllers/include/force_mode_controller_parameters
[27.942s] -- Installing: /ros2_ws/install/ur_controllers/include/force_mode_controller_parameters/force_mode_controller_parameters.hpp
[27.942s] -- Installing: /ros2_ws/install/ur_controllers/include/gpio_controller_parameters
[27.943s] -- Installing: /ros2_ws/install/ur_controllers/include/gpio_controller_parameters/gpio_controller_parameters.hpp
[27.943s] -- Installing: /ros2_ws/install/ur_controllers/include/speed_scaling_state_broadcaster_parameters
[27.943s] -- Installing: /ros2_ws/install/ur_controllers/include/speed_scaling_state_broadcaster_parameters/speed_scaling_state_broadcaster_parameters.hpp
[27.943s] -- Installing: /ros2_ws/install/ur_controllers/include/scaled_joint_trajectory_controller_parameters
[27.943s] -- Installing: /ros2_ws/install/ur_controllers/include/scaled_joint_trajectory_controller_parameters/scaled_joint_trajectory_controller_parameters.hpp
[27.943s] -- Installing: /ros2_ws/install/ur_controllers/include/freedrive_mode_controller_parameters
[27.943s] -- Installing: /ros2_ws/install/ur_controllers/include/freedrive_mode_controller_parameters/freedrive_mode_controller_parameters.hpp
[27.943s] -- Installing: /ros2_ws/install/ur_controllers/include/passthrough_trajectory_controller_parameters
[27.943s] -- Installing: /ros2_ws/install/ur_controllers/include/passthrough_trajectory_controller_parameters/passthrough_trajectory_controller_parameters.hpp
[27.943s] -- Installing: /ros2_ws/install/ur_controllers/include/ur_configuration_controller_parameters
[27.943s] -- Installing: /ros2_ws/install/ur_controllers/include/ur_configuration_controller_parameters/ur_configuration_controller_parameters.hpp
[27.944s] -- Installing: /ros2_ws/install/ur_controllers/share/ur_controllers/controller_plugins.xml
[27.944s] -- Installing: /ros2_ws/install/ur_controllers/lib/libur_controllers.so
[27.947s] -- Set runtime path of "/ros2_ws/install/ur_controllers/lib/libur_controllers.so" to ""
[27.947s] -- Up-to-date: /ros2_ws/install/ur_controllers/include
[27.947s] -- Installing: /ros2_ws/install/ur_controllers/include/ur_controllers
[27.947s] -- Installing: /ros2_ws/install/ur_controllers/include/ur_controllers/passthrough_trajectory_controller.hpp
[27.947s] -- Installing: /ros2_ws/install/ur_controllers/include/ur_controllers/force_mode_controller.hpp
[27.948s] -- Installing: /ros2_ws/install/ur_controllers/include/ur_controllers/scaled_joint_trajectory_controller.hpp
[27.948s] -- Installing: /ros2_ws/install/ur_controllers/include/ur_controllers/gpio_controller.hpp
[27.948s] -- Installing: /ros2_ws/install/ur_controllers/include/ur_controllers/ur_configuration_controller.hpp
[27.948s] -- Installing: /ros2_ws/install/ur_controllers/include/ur_controllers/freedrive_mode_controller.hpp
[27.948s] -- Installing: /ros2_ws/install/ur_controllers/include/ur_controllers/speed_scaling_state_broadcaster.hpp
[27.948s] -- Up-to-date: /ros2_ws/install/ur_controllers/share/ur_controllers/controller_plugins.xml
[27.949s] -- Installing: /ros2_ws/install/ur_controllers/share/ur_controllers/environment/library_path.sh
[27.949s] -- Installing: /ros2_ws/install/ur_controllers/share/ur_controllers/environment/library_path.dsv
[27.949s] -- Installing: /ros2_ws/install/ur_controllers/share/ament_index/resource_index/package_run_dependencies/ur_controllers
[27.949s] -- Installing: /ros2_ws/install/ur_controllers/share/ament_index/resource_index/parent_prefix_path/ur_controllers
[27.949s] -- Installing: /ros2_ws/install/ur_controllers/share/ur_controllers/environment/ament_prefix_path.sh
[27.950s] -- Installing: /ros2_ws/install/ur_controllers/share/ur_controllers/environment/ament_prefix_path.dsv
[27.950s] -- Installing: /ros2_ws/install/ur_controllers/share/ur_controllers/environment/path.sh
[27.950s] -- Installing: /ros2_ws/install/ur_controllers/share/ur_controllers/environment/path.dsv
[27.950s] -- Installing: /ros2_ws/install/ur_controllers/share/ur_controllers/local_setup.bash
[27.950s] -- Installing: /ros2_ws/install/ur_controllers/share/ur_controllers/local_setup.sh
[27.950s] -- Installing: /ros2_ws/install/ur_controllers/share/ur_controllers/local_setup.zsh
[27.951s] -- Installing: /ros2_ws/install/ur_controllers/share/ur_controllers/local_setup.dsv
[27.951s] -- Installing: /ros2_ws/install/ur_controllers/share/ur_controllers/package.dsv
[27.951s] -- Installing: /ros2_ws/install/ur_controllers/share/ament_index/resource_index/packages/ur_controllers
[27.951s] -- Installing: /ros2_ws/install/ur_controllers/share/ament_index/resource_index/controller_interface__pluginlib__plugin/ur_controllers
[27.951s] -- Installing: /ros2_ws/install/ur_controllers/share/ur_controllers/cmake/ament_cmake_export_dependencies-extras.cmake
[27.951s] -- Installing: /ros2_ws/install/ur_controllers/share/ur_controllers/cmake/ament_cmake_export_include_directories-extras.cmake
[27.951s] -- Installing: /ros2_ws/install/ur_controllers/share/ur_controllers/cmake/ament_cmake_export_libraries-extras.cmake
[27.952s] -- Installing: /ros2_ws/install/ur_controllers/share/ur_controllers/cmake/ur_controllersConfig.cmake
[27.952s] -- Installing: /ros2_ws/install/ur_controllers/share/ur_controllers/cmake/ur_controllersConfig-version.cmake
[27.952s] -- Installing: /ros2_ws/install/ur_controllers/share/ur_controllers/package.xml
[27.955s] Invoked command in '/ros2_ws/build/ur_controllers' returned '0': CMAKE_PREFIX_PATH=/ros2_ws/install/ur_msgs:/ros2_ws/install/ur_dashboard_msgs:/ros2_ws/install/ur_moveit_config:/opt/ros/humble /usr/bin/cmake --install /ros2_ws/build/ur_controllers
