[0.033s] Invoking command in '/ros2_ws/build/moveit_planners_ompl': AMENT_PREFIX_PATH=/ros2_ws/install/moveit_ros_planning:/ros2_ws/install/moveit_ros_occupancy_map_monitor:/ros2_ws/install/moveit_core:/ros2_ws/install/moveit_resources_panda_moveit_config:/ros2_ws/install/moveit_resources_fanuc_moveit_config:/ros2_ws/install/moveit_configs_utils:/ros2_ws/install/srdfdom:/ros2_ws/install/moveit_resources_pr2_description:/ros2_ws/install/moveit_resources_panda_description:/ros2_ws/install/moveit_resources_fanuc_description:/ros2_ws/install/moveit_common:/ros2_ws/install/launch_param_builder:${AMENT_PREFIX_PATH} CMAKE_PREFIX_PATH=/ros2_ws/install/moveit_ros_planning:/ros2_ws/install/moveit_ros_occupancy_map_monitor:/ros2_ws/install/moveit_core:/ros2_ws/install/moveit_resources_panda_moveit_config:/ros2_ws/install/moveit_resources_fanuc_moveit_config:/ros2_ws/install/srdfdom:/ros2_ws/install/moveit_resources_pr2_description:/ros2_ws/install/moveit_resources_panda_description:/ros2_ws/install/moveit_resources_fanuc_description:/ros2_ws/install/moveit_common:/opt/ros/humble LD_LIBRARY_PATH=/ros2_ws/install/moveit_ros_planning/lib:/ros2_ws/install/moveit_ros_occupancy_map_monitor/lib:/ros2_ws/install/moveit_core/lib:/ros2_ws/install/srdfdom/lib:${LD_LIBRARY_PATH} PATH=/ros2_ws/install/moveit_core/bin:${PATH} PYTHONPATH=/ros2_ws/install/moveit_configs_utils/lib/python3.10/site-packages:/ros2_ws/install/srdfdom/local/lib/python3.10/dist-packages:/ros2_ws/install/launch_param_builder/lib/python3.10/site-packages:${PYTHONPATH} /usr/bin/cmake --build /ros2_ws/build/moveit_planners_ompl -- -j8 -l8
[0.142s] [  4%] Built target gtest
[0.155s] [  9%] Built target gtest_main
[0.304s] [ 60%] Built target moveit_ompl_interface
[0.417s] [ 65%] Built target test_state_validity_checker
[0.426s] [ 70%] Built target moveit_generate_state_database
[0.429s] [ 75%] Built target test_state_space
[0.431s] [ 80%] Built target test_threadsafe_state_storage
[0.432s] [ 85%] Built target test_constrained_planning_state_space
[0.434s] [ 90%] Built target test_constrained_state_validity_checker
[0.434s] [ 95%] Built target moveit_ompl_planner_plugin
[0.442s] [100%] Built target test_planning_context_manager
[0.456s] Invoked command in '/ros2_ws/build/moveit_planners_ompl' returned '0': AMENT_PREFIX_PATH=/ros2_ws/install/moveit_ros_planning:/ros2_ws/install/moveit_ros_occupancy_map_monitor:/ros2_ws/install/moveit_core:/ros2_ws/install/moveit_resources_panda_moveit_config:/ros2_ws/install/moveit_resources_fanuc_moveit_config:/ros2_ws/install/moveit_configs_utils:/ros2_ws/install/srdfdom:/ros2_ws/install/moveit_resources_pr2_description:/ros2_ws/install/moveit_resources_panda_description:/ros2_ws/install/moveit_resources_fanuc_description:/ros2_ws/install/moveit_common:/ros2_ws/install/launch_param_builder:${AMENT_PREFIX_PATH} CMAKE_PREFIX_PATH=/ros2_ws/install/moveit_ros_planning:/ros2_ws/install/moveit_ros_occupancy_map_monitor:/ros2_ws/install/moveit_core:/ros2_ws/install/moveit_resources_panda_moveit_config:/ros2_ws/install/moveit_resources_fanuc_moveit_config:/ros2_ws/install/srdfdom:/ros2_ws/install/moveit_resources_pr2_description:/ros2_ws/install/moveit_resources_panda_description:/ros2_ws/install/moveit_resources_fanuc_description:/ros2_ws/install/moveit_common:/opt/ros/humble LD_LIBRARY_PATH=/ros2_ws/install/moveit_ros_planning/lib:/ros2_ws/install/moveit_ros_occupancy_map_monitor/lib:/ros2_ws/install/moveit_core/lib:/ros2_ws/install/srdfdom/lib:${LD_LIBRARY_PATH} PATH=/ros2_ws/install/moveit_core/bin:${PATH} PYTHONPATH=/ros2_ws/install/moveit_configs_utils/lib/python3.10/site-packages:/ros2_ws/install/srdfdom/local/lib/python3.10/dist-packages:/ros2_ws/install/launch_param_builder/lib/python3.10/site-packages:${PYTHONPATH} /usr/bin/cmake --build /ros2_ws/build/moveit_planners_ompl -- -j8 -l8
[0.464s] Invoking command in '/ros2_ws/build/moveit_planners_ompl': AMENT_PREFIX_PATH=/ros2_ws/install/moveit_ros_planning:/ros2_ws/install/moveit_ros_occupancy_map_monitor:/ros2_ws/install/moveit_core:/ros2_ws/install/moveit_resources_panda_moveit_config:/ros2_ws/install/moveit_resources_fanuc_moveit_config:/ros2_ws/install/moveit_configs_utils:/ros2_ws/install/srdfdom:/ros2_ws/install/moveit_resources_pr2_description:/ros2_ws/install/moveit_resources_panda_description:/ros2_ws/install/moveit_resources_fanuc_description:/ros2_ws/install/moveit_common:/ros2_ws/install/launch_param_builder:${AMENT_PREFIX_PATH} CMAKE_PREFIX_PATH=/ros2_ws/install/moveit_ros_planning:/ros2_ws/install/moveit_ros_occupancy_map_monitor:/ros2_ws/install/moveit_core:/ros2_ws/install/moveit_resources_panda_moveit_config:/ros2_ws/install/moveit_resources_fanuc_moveit_config:/ros2_ws/install/srdfdom:/ros2_ws/install/moveit_resources_pr2_description:/ros2_ws/install/moveit_resources_panda_description:/ros2_ws/install/moveit_resources_fanuc_description:/ros2_ws/install/moveit_common:/opt/ros/humble LD_LIBRARY_PATH=/ros2_ws/install/moveit_ros_planning/lib:/ros2_ws/install/moveit_ros_occupancy_map_monitor/lib:/ros2_ws/install/moveit_core/lib:/ros2_ws/install/srdfdom/lib:${LD_LIBRARY_PATH} PATH=/ros2_ws/install/moveit_core/bin:${PATH} PYTHONPATH=/ros2_ws/install/moveit_configs_utils/lib/python3.10/site-packages:/ros2_ws/install/srdfdom/local/lib/python3.10/dist-packages:/ros2_ws/install/launch_param_builder/lib/python3.10/site-packages:${PYTHONPATH} /usr/bin/cmake --install /ros2_ws/build/moveit_planners_ompl
[0.486s] -- Install configuration: "Release"
[0.486s] -- Up-to-date: /ros2_ws/install/moveit_planners_ompl/lib/moveit_planners_ompl/generate_state_database
[0.486s] -- Up-to-date: /ros2_ws/install/moveit_planners_ompl/include
[0.486s] -- Up-to-date: /ros2_ws/install/moveit_planners_ompl/include/moveit
[0.486s] -- Up-to-date: /ros2_ws/install/moveit_planners_ompl/include/moveit/ompl_interface
[0.486s] -- Up-to-date: /ros2_ws/install/moveit_planners_ompl/include/moveit/ompl_interface/model_based_planning_context.h
[0.486s] -- Up-to-date: /ros2_ws/install/moveit_planners_ompl/include/moveit/ompl_interface/detail
[0.486s] -- Up-to-date: /ros2_ws/install/moveit_planners_ompl/include/moveit/ompl_interface/detail/threadsafe_state_storage.h
[0.486s] -- Up-to-date: /ros2_ws/install/moveit_planners_ompl/include/moveit/ompl_interface/detail/goal_union.h
[0.486s] -- Up-to-date: /ros2_ws/install/moveit_planners_ompl/include/moveit/ompl_interface/detail/constraints_library.h
[0.487s] -- Up-to-date: /ros2_ws/install/moveit_planners_ompl/include/moveit/ompl_interface/detail/constraint_approximations.h
[0.487s] -- Up-to-date: /ros2_ws/install/moveit_planners_ompl/include/moveit/ompl_interface/detail/projection_evaluators.h
[0.487s] -- Up-to-date: /ros2_ws/install/moveit_planners_ompl/include/moveit/ompl_interface/detail/constrained_valid_state_sampler.h
[0.487s] -- Up-to-date: /ros2_ws/install/moveit_planners_ompl/include/moveit/ompl_interface/detail/constrained_sampler.h
[0.487s] -- Up-to-date: /ros2_ws/install/moveit_planners_ompl/include/moveit/ompl_interface/detail/state_validity_checker.h
[0.487s] -- Up-to-date: /ros2_ws/install/moveit_planners_ompl/include/moveit/ompl_interface/detail/constrained_goal_sampler.h
[0.487s] -- Up-to-date: /ros2_ws/install/moveit_planners_ompl/include/moveit/ompl_interface/detail/ompl_constraints.h
[0.487s] -- Up-to-date: /ros2_ws/install/moveit_planners_ompl/include/moveit/ompl_interface/ompl_interface.h
[0.487s] -- Up-to-date: /ros2_ws/install/moveit_planners_ompl/include/moveit/ompl_interface/planning_context_manager.h
[0.487s] -- Up-to-date: /ros2_ws/install/moveit_planners_ompl/include/moveit/ompl_interface/parameterization
[0.487s] -- Up-to-date: /ros2_ws/install/moveit_planners_ompl/include/moveit/ompl_interface/parameterization/work_space
[0.487s] -- Up-to-date: /ros2_ws/install/moveit_planners_ompl/include/moveit/ompl_interface/parameterization/work_space/pose_model_state_space_factory.h
[0.487s] -- Up-to-date: /ros2_ws/install/moveit_planners_ompl/include/moveit/ompl_interface/parameterization/work_space/pose_model_state_space.h
[0.487s] -- Up-to-date: /ros2_ws/install/moveit_planners_ompl/include/moveit/ompl_interface/parameterization/model_based_state_space.h
[0.487s] -- Up-to-date: /ros2_ws/install/moveit_planners_ompl/include/moveit/ompl_interface/parameterization/model_based_state_space_factory.h
[0.487s] -- Up-to-date: /ros2_ws/install/moveit_planners_ompl/include/moveit/ompl_interface/parameterization/joint_space
[0.488s] -- Up-to-date: /ros2_ws/install/moveit_planners_ompl/include/moveit/ompl_interface/parameterization/joint_space/constrained_planning_state_space_factory.h
[0.488s] -- Up-to-date: /ros2_ws/install/moveit_planners_ompl/include/moveit/ompl_interface/parameterization/joint_space/constrained_planning_state_space.h
[0.489s] -- Up-to-date: /ros2_ws/install/moveit_planners_ompl/include/moveit/ompl_interface/parameterization/joint_space/joint_model_state_space_factory.h
[0.489s] -- Up-to-date: /ros2_ws/install/moveit_planners_ompl/include/moveit/ompl_interface/parameterization/joint_space/joint_model_state_space.h
[0.489s] -- Up-to-date: /ros2_ws/install/moveit_planners_ompl/lib/libmoveit_ompl_interface.so.2.5.7
[0.490s] -- Up-to-date: /ros2_ws/install/moveit_planners_ompl/lib/libmoveit_ompl_interface.so
[0.491s] -- Up-to-date: /ros2_ws/install/moveit_planners_ompl/lib/libmoveit_ompl_planner_plugin.so.2.5.7
[0.491s] -- Up-to-date: /ros2_ws/install/moveit_planners_ompl/lib/libmoveit_ompl_planner_plugin.so
[0.491s] -- Up-to-date: /ros2_ws/install/moveit_planners_ompl/share/moveit_planners_ompl/environment/library_path.sh
[0.491s] -- Up-to-date: /ros2_ws/install/moveit_planners_ompl/share/moveit_planners_ompl/environment/library_path.dsv
[0.491s] -- Up-to-date: /ros2_ws/install/moveit_planners_ompl/share/moveit_planners_ompl/ompl_interface_plugin_description.xml
[0.491s] -- Up-to-date: /ros2_ws/install/moveit_planners_ompl/share/ament_index/resource_index/package_run_dependencies/moveit_planners_ompl
[0.491s] -- Up-to-date: /ros2_ws/install/moveit_planners_ompl/share/ament_index/resource_index/parent_prefix_path/moveit_planners_ompl
[0.492s] -- Up-to-date: /ros2_ws/install/moveit_planners_ompl/share/moveit_planners_ompl/environment/ament_prefix_path.sh
[0.492s] -- Up-to-date: /ros2_ws/install/moveit_planners_ompl/share/moveit_planners_ompl/environment/ament_prefix_path.dsv
[0.492s] -- Up-to-date: /ros2_ws/install/moveit_planners_ompl/share/moveit_planners_ompl/environment/path.sh
[0.492s] -- Up-to-date: /ros2_ws/install/moveit_planners_ompl/share/moveit_planners_ompl/environment/path.dsv
[0.492s] -- Up-to-date: /ros2_ws/install/moveit_planners_ompl/share/moveit_planners_ompl/local_setup.bash
[0.492s] -- Up-to-date: /ros2_ws/install/moveit_planners_ompl/share/moveit_planners_ompl/local_setup.sh
[0.492s] -- Up-to-date: /ros2_ws/install/moveit_planners_ompl/share/moveit_planners_ompl/local_setup.zsh
[0.492s] -- Up-to-date: /ros2_ws/install/moveit_planners_ompl/share/moveit_planners_ompl/local_setup.dsv
[0.492s] -- Installing: /ros2_ws/install/moveit_planners_ompl/share/moveit_planners_ompl/package.dsv
[0.494s] -- Up-to-date: /ros2_ws/install/moveit_planners_ompl/share/ament_index/resource_index/packages/moveit_planners_ompl
[0.494s] -- Up-to-date: /ros2_ws/install/moveit_planners_ompl/share/ament_index/resource_index/moveit_core__pluginlib__plugin/moveit_planners_ompl
[0.494s] -- Up-to-date: /ros2_ws/install/moveit_planners_ompl/share/moveit_planners_ompl/cmake/export_moveit_planners_omplExport.cmake
[0.494s] -- Up-to-date: /ros2_ws/install/moveit_planners_ompl/share/moveit_planners_ompl/cmake/export_moveit_planners_omplExport-release.cmake
[0.495s] -- Up-to-date: /ros2_ws/install/moveit_planners_ompl/share/moveit_planners_ompl/cmake/ament_cmake_export_targets-extras.cmake
[0.495s] -- Up-to-date: /ros2_ws/install/moveit_planners_ompl/share/moveit_planners_ompl/cmake/ament_cmake_export_dependencies-extras.cmake
[0.495s] -- Up-to-date: /ros2_ws/install/moveit_planners_ompl/share/moveit_planners_ompl/cmake/moveit_planners_omplConfig.cmake
[0.495s] -- Up-to-date: /ros2_ws/install/moveit_planners_ompl/share/moveit_planners_ompl/cmake/moveit_planners_omplConfig-version.cmake
[0.495s] -- Up-to-date: /ros2_ws/install/moveit_planners_ompl/share/moveit_planners_ompl/package.xml
[0.529s] Invoked command in '/ros2_ws/build/moveit_planners_ompl' returned '0': AMENT_PREFIX_PATH=/ros2_ws/install/moveit_ros_planning:/ros2_ws/install/moveit_ros_occupancy_map_monitor:/ros2_ws/install/moveit_core:/ros2_ws/install/moveit_resources_panda_moveit_config:/ros2_ws/install/moveit_resources_fanuc_moveit_config:/ros2_ws/install/moveit_configs_utils:/ros2_ws/install/srdfdom:/ros2_ws/install/moveit_resources_pr2_description:/ros2_ws/install/moveit_resources_panda_description:/ros2_ws/install/moveit_resources_fanuc_description:/ros2_ws/install/moveit_common:/ros2_ws/install/launch_param_builder:${AMENT_PREFIX_PATH} CMAKE_PREFIX_PATH=/ros2_ws/install/moveit_ros_planning:/ros2_ws/install/moveit_ros_occupancy_map_monitor:/ros2_ws/install/moveit_core:/ros2_ws/install/moveit_resources_panda_moveit_config:/ros2_ws/install/moveit_resources_fanuc_moveit_config:/ros2_ws/install/srdfdom:/ros2_ws/install/moveit_resources_pr2_description:/ros2_ws/install/moveit_resources_panda_description:/ros2_ws/install/moveit_resources_fanuc_description:/ros2_ws/install/moveit_common:/opt/ros/humble LD_LIBRARY_PATH=/ros2_ws/install/moveit_ros_planning/lib:/ros2_ws/install/moveit_ros_occupancy_map_monitor/lib:/ros2_ws/install/moveit_core/lib:/ros2_ws/install/srdfdom/lib:${LD_LIBRARY_PATH} PATH=/ros2_ws/install/moveit_core/bin:${PATH} PYTHONPATH=/ros2_ws/install/moveit_configs_utils/lib/python3.10/site-packages:/ros2_ws/install/srdfdom/local/lib/python3.10/dist-packages:/ros2_ws/install/launch_param_builder/lib/python3.10/site-packages:${PYTHONPATH} /usr/bin/cmake --install /ros2_ws/build/moveit_planners_ompl
