[0.034s] Invoking command in '/ros2_ws/build/moveit_ros_perception': AMENT_PREFIX_PATH=/ros2_ws/install/moveit_ros_planning:/ros2_ws/install/moveit_ros_occupancy_map_monitor:/ros2_ws/install/moveit_core:/ros2_ws/install/moveit_resources_panda_moveit_config:/ros2_ws/install/moveit_configs_utils:/ros2_ws/install/srdfdom:/ros2_ws/install/moveit_resources_pr2_description:/ros2_ws/install/moveit_resources_panda_description:/ros2_ws/install/moveit_common:/ros2_ws/install/launch_param_builder:${AMENT_PREFIX_PATH} CMAKE_PREFIX_PATH=/ros2_ws/install/moveit_ros_planning:/ros2_ws/install/moveit_ros_occupancy_map_monitor:/ros2_ws/install/moveit_core:/ros2_ws/install/moveit_resources_panda_moveit_config:/ros2_ws/install/srdfdom:/ros2_ws/install/moveit_resources_pr2_description:/ros2_ws/install/moveit_resources_panda_description:/ros2_ws/install/moveit_common:/opt/ros/humble LD_LIBRARY_PATH=/ros2_ws/install/moveit_ros_planning/lib:/ros2_ws/install/moveit_ros_occupancy_map_monitor/lib:/ros2_ws/install/moveit_core/lib:/ros2_ws/install/srdfdom/lib:${LD_LIBRARY_PATH} PATH=/ros2_ws/install/moveit_core/bin:${PATH} PYTHONPATH=/ros2_ws/install/moveit_configs_utils/lib/python3.10/site-packages:/ros2_ws/install/srdfdom/local/lib/python3.10/dist-packages:/ros2_ws/install/launch_param_builder/lib/python3.10/site-packages:${PYTHONPATH} /usr/bin/cmake --build /ros2_ws/build/moveit_ros_perception -- -j8 -l8
[0.188s] [ 10%] Built target moveit_lazy_free_space_updater
[0.191s] [ 20%] Built target moveit_point_containment_filter
[0.205s] [ 50%] Built target moveit_mesh_filter
[0.221s] [ 60%] Built target moveit_semantic_world
[0.283s] [ 70%] Built target moveit_depth_image_octomap_updater_core
[0.287s] [ 80%] Built target moveit_pointcloud_octomap_updater_core
[0.379s] [ 90%] Built target moveit_depth_image_octomap_updater
[0.390s] [100%] Built target moveit_pointcloud_octomap_updater
[0.437s] Invoked command in '/ros2_ws/build/moveit_ros_perception' returned '0': AMENT_PREFIX_PATH=/ros2_ws/install/moveit_ros_planning:/ros2_ws/install/moveit_ros_occupancy_map_monitor:/ros2_ws/install/moveit_core:/ros2_ws/install/moveit_resources_panda_moveit_config:/ros2_ws/install/moveit_configs_utils:/ros2_ws/install/srdfdom:/ros2_ws/install/moveit_resources_pr2_description:/ros2_ws/install/moveit_resources_panda_description:/ros2_ws/install/moveit_common:/ros2_ws/install/launch_param_builder:${AMENT_PREFIX_PATH} CMAKE_PREFIX_PATH=/ros2_ws/install/moveit_ros_planning:/ros2_ws/install/moveit_ros_occupancy_map_monitor:/ros2_ws/install/moveit_core:/ros2_ws/install/moveit_resources_panda_moveit_config:/ros2_ws/install/srdfdom:/ros2_ws/install/moveit_resources_pr2_description:/ros2_ws/install/moveit_resources_panda_description:/ros2_ws/install/moveit_common:/opt/ros/humble LD_LIBRARY_PATH=/ros2_ws/install/moveit_ros_planning/lib:/ros2_ws/install/moveit_ros_occupancy_map_monitor/lib:/ros2_ws/install/moveit_core/lib:/ros2_ws/install/srdfdom/lib:${LD_LIBRARY_PATH} PATH=/ros2_ws/install/moveit_core/bin:${PATH} PYTHONPATH=/ros2_ws/install/moveit_configs_utils/lib/python3.10/site-packages:/ros2_ws/install/srdfdom/local/lib/python3.10/dist-packages:/ros2_ws/install/launch_param_builder/lib/python3.10/site-packages:${PYTHONPATH} /usr/bin/cmake --build /ros2_ws/build/moveit_ros_perception -- -j8 -l8
[0.439s] Invoking command in '/ros2_ws/build/moveit_ros_perception': AMENT_PREFIX_PATH=/ros2_ws/install/moveit_ros_planning:/ros2_ws/install/moveit_ros_occupancy_map_monitor:/ros2_ws/install/moveit_core:/ros2_ws/install/moveit_resources_panda_moveit_config:/ros2_ws/install/moveit_configs_utils:/ros2_ws/install/srdfdom:/ros2_ws/install/moveit_resources_pr2_description:/ros2_ws/install/moveit_resources_panda_description:/ros2_ws/install/moveit_common:/ros2_ws/install/launch_param_builder:${AMENT_PREFIX_PATH} CMAKE_PREFIX_PATH=/ros2_ws/install/moveit_ros_planning:/ros2_ws/install/moveit_ros_occupancy_map_monitor:/ros2_ws/install/moveit_core:/ros2_ws/install/moveit_resources_panda_moveit_config:/ros2_ws/install/srdfdom:/ros2_ws/install/moveit_resources_pr2_description:/ros2_ws/install/moveit_resources_panda_description:/ros2_ws/install/moveit_common:/opt/ros/humble LD_LIBRARY_PATH=/ros2_ws/install/moveit_ros_planning/lib:/ros2_ws/install/moveit_ros_occupancy_map_monitor/lib:/ros2_ws/install/moveit_core/lib:/ros2_ws/install/srdfdom/lib:${LD_LIBRARY_PATH} PATH=/ros2_ws/install/moveit_core/bin:${PATH} PYTHONPATH=/ros2_ws/install/moveit_configs_utils/lib/python3.10/site-packages:/ros2_ws/install/srdfdom/local/lib/python3.10/dist-packages:/ros2_ws/install/launch_param_builder/lib/python3.10/site-packages:${PYTHONPATH} /usr/bin/cmake --install /ros2_ws/build/moveit_ros_perception
[0.459s] -- Install configuration: "Release"
[0.459s] -- Up-to-date: /ros2_ws/install/moveit_ros_perception/include
[0.460s] -- Up-to-date: /ros2_ws/install/moveit_ros_perception/include/moveit
[0.461s] -- Up-to-date: /ros2_ws/install/moveit_ros_perception/include/moveit/lazy_free_space_updater
[0.463s] -- Up-to-date: /ros2_ws/install/moveit_ros_perception/include/moveit/lazy_free_space_updater/lazy_free_space_updater.h
[0.463s] -- Up-to-date: /ros2_ws/install/moveit_ros_perception/include
[0.465s] -- Up-to-date: /ros2_ws/install/moveit_ros_perception/include/moveit
[0.467s] -- Up-to-date: /ros2_ws/install/moveit_ros_perception/include/moveit/point_containment_filter
[0.467s] -- Up-to-date: /ros2_ws/install/moveit_ros_perception/include/moveit/point_containment_filter/shape_mask.h
[0.467s] -- Up-to-date: /ros2_ws/install/moveit_ros_perception/include
[0.467s] -- Up-to-date: /ros2_ws/install/moveit_ros_perception/include/moveit
[0.467s] -- Up-to-date: /ros2_ws/install/moveit_ros_perception/include/moveit/pointcloud_octomap_updater
[0.468s] -- Up-to-date: /ros2_ws/install/moveit_ros_perception/include/moveit/pointcloud_octomap_updater/pointcloud_octomap_updater.h
[0.468s] -- Up-to-date: /ros2_ws/install/moveit_ros_perception/include
[0.468s] -- Up-to-date: /ros2_ws/install/moveit_ros_perception/include/moveit
[0.468s] -- Up-to-date: /ros2_ws/install/moveit_ros_perception/include/moveit/mesh_filter
[0.468s] -- Up-to-date: /ros2_ws/install/moveit_ros_perception/include/moveit/mesh_filter/mesh_filter.h
[0.468s] -- Up-to-date: /ros2_ws/install/moveit_ros_perception/include/moveit/mesh_filter/gl_renderer.h
[0.468s] -- Up-to-date: /ros2_ws/install/moveit_ros_perception/include/moveit/mesh_filter/sensor_model.h
[0.468s] -- Up-to-date: /ros2_ws/install/moveit_ros_perception/include/moveit/mesh_filter/depth_self_filter_nodelet.h
[0.468s] -- Up-to-date: /ros2_ws/install/moveit_ros_perception/include/moveit/mesh_filter/gl_mesh.h
[0.469s] -- Up-to-date: /ros2_ws/install/moveit_ros_perception/include/moveit/mesh_filter/transform_provider.h
[0.469s] -- Up-to-date: /ros2_ws/install/moveit_ros_perception/include/moveit/mesh_filter/stereo_camera_model.h
[0.469s] -- Up-to-date: /ros2_ws/install/moveit_ros_perception/include/moveit/mesh_filter/mesh_filter_base.h
[0.469s] -- Up-to-date: /ros2_ws/install/moveit_ros_perception/include/moveit/mesh_filter/filter_job.h
[0.469s] -- Up-to-date: /ros2_ws/install/moveit_ros_perception/include/moveit_mesh_filter_export.h
[0.471s] -- Up-to-date: /ros2_ws/install/moveit_ros_perception/include
[0.471s] -- Up-to-date: /ros2_ws/install/moveit_ros_perception/include/moveit
[0.471s] -- Up-to-date: /ros2_ws/install/moveit_ros_perception/include/moveit/depth_image_octomap_updater
[0.472s] -- Up-to-date: /ros2_ws/install/moveit_ros_perception/include/moveit/depth_image_octomap_updater/depth_image_octomap_updater.h
[0.472s] -- Up-to-date: /ros2_ws/install/moveit_ros_perception/include
[0.472s] -- Up-to-date: /ros2_ws/install/moveit_ros_perception/include/moveit
[0.473s] -- Up-to-date: /ros2_ws/install/moveit_ros_perception/include/moveit/semantic_world
[0.473s] -- Up-to-date: /ros2_ws/install/moveit_ros_perception/include/moveit/semantic_world/semantic_world.h
[0.475s] -- Up-to-date: /ros2_ws/install/moveit_ros_perception/lib/libmoveit_depth_image_octomap_updater.so.2.5.7
[0.475s] -- Up-to-date: /ros2_ws/install/moveit_ros_perception/lib/libmoveit_depth_image_octomap_updater.so
[0.475s] -- Up-to-date: /ros2_ws/install/moveit_ros_perception/lib/libmoveit_depth_image_octomap_updater_core.so.2.5.7
[0.476s] -- Up-to-date: /ros2_ws/install/moveit_ros_perception/lib/libmoveit_depth_image_octomap_updater_core.so
[0.476s] -- Up-to-date: /ros2_ws/install/moveit_ros_perception/lib/libmoveit_lazy_free_space_updater.so.2.5.7
[0.476s] -- Up-to-date: /ros2_ws/install/moveit_ros_perception/lib/libmoveit_lazy_free_space_updater.so
[0.476s] -- Up-to-date: /ros2_ws/install/moveit_ros_perception/lib/libmoveit_mesh_filter.so.2.5.7
[0.476s] -- Up-to-date: /ros2_ws/install/moveit_ros_perception/lib/libmoveit_mesh_filter.so
[0.476s] -- Up-to-date: /ros2_ws/install/moveit_ros_perception/lib/libmoveit_point_containment_filter.so.2.5.7
[0.477s] -- Up-to-date: /ros2_ws/install/moveit_ros_perception/lib/libmoveit_point_containment_filter.so
[0.477s] -- Up-to-date: /ros2_ws/install/moveit_ros_perception/lib/libmoveit_pointcloud_octomap_updater.so.2.5.7
[0.477s] -- Up-to-date: /ros2_ws/install/moveit_ros_perception/lib/libmoveit_pointcloud_octomap_updater.so
[0.480s] -- Up-to-date: /ros2_ws/install/moveit_ros_perception/lib/libmoveit_pointcloud_octomap_updater_core.so.2.5.7
[0.480s] -- Up-to-date: /ros2_ws/install/moveit_ros_perception/lib/libmoveit_pointcloud_octomap_updater_core.so
[0.480s] -- Up-to-date: /ros2_ws/install/moveit_ros_perception/lib/libmoveit_semantic_world.so.2.5.7
[0.481s] -- Up-to-date: /ros2_ws/install/moveit_ros_perception/lib/libmoveit_semantic_world.so
[0.481s] -- Up-to-date: /ros2_ws/install/moveit_ros_perception/share/moveit_ros_perception/environment/library_path.sh
[0.481s] -- Up-to-date: /ros2_ws/install/moveit_ros_perception/share/moveit_ros_perception/environment/library_path.dsv
[0.481s] -- Up-to-date: /ros2_ws/install/moveit_ros_perception/share/moveit_ros_perception/pointcloud_octomap_updater_plugin_description.xml
[0.481s] -- Up-to-date: /ros2_ws/install/moveit_ros_perception/share/moveit_ros_perception/depth_image_octomap_updater_plugin_description.xml
[0.481s] -- Up-to-date: /ros2_ws/install/moveit_ros_perception/share/ament_index/resource_index/package_run_dependencies/moveit_ros_perception
[0.481s] -- Up-to-date: /ros2_ws/install/moveit_ros_perception/share/ament_index/resource_index/parent_prefix_path/moveit_ros_perception
[0.481s] -- Up-to-date: /ros2_ws/install/moveit_ros_perception/share/moveit_ros_perception/environment/ament_prefix_path.sh
[0.481s] -- Up-to-date: /ros2_ws/install/moveit_ros_perception/share/moveit_ros_perception/environment/ament_prefix_path.dsv
[0.482s] -- Up-to-date: /ros2_ws/install/moveit_ros_perception/share/moveit_ros_perception/environment/path.sh
[0.482s] -- Up-to-date: /ros2_ws/install/moveit_ros_perception/share/moveit_ros_perception/environment/path.dsv
[0.482s] -- Up-to-date: /ros2_ws/install/moveit_ros_perception/share/moveit_ros_perception/local_setup.bash
[0.482s] -- Up-to-date: /ros2_ws/install/moveit_ros_perception/share/moveit_ros_perception/local_setup.sh
[0.482s] -- Up-to-date: /ros2_ws/install/moveit_ros_perception/share/moveit_ros_perception/local_setup.zsh
[0.482s] -- Up-to-date: /ros2_ws/install/moveit_ros_perception/share/moveit_ros_perception/local_setup.dsv
[0.482s] -- Installing: /ros2_ws/install/moveit_ros_perception/share/moveit_ros_perception/package.dsv
[0.482s] -- Up-to-date: /ros2_ws/install/moveit_ros_perception/share/ament_index/resource_index/packages/moveit_ros_perception
[0.482s] -- Up-to-date: /ros2_ws/install/moveit_ros_perception/share/ament_index/resource_index/moveit_ros_occupancy_map_monitor__pluginlib__plugin/moveit_ros_perception
[0.483s] -- Up-to-date: /ros2_ws/install/moveit_ros_perception/share/moveit_ros_perception/cmake/export_moveit_ros_perceptionExport.cmake
[0.483s] -- Up-to-date: /ros2_ws/install/moveit_ros_perception/share/moveit_ros_perception/cmake/export_moveit_ros_perceptionExport-release.cmake
[0.483s] -- Up-to-date: /ros2_ws/install/moveit_ros_perception/share/moveit_ros_perception/cmake/ConfigExtras.cmake
[0.483s] -- Up-to-date: /ros2_ws/install/moveit_ros_perception/share/moveit_ros_perception/cmake/ament_cmake_export_targets-extras.cmake
[0.484s] -- Up-to-date: /ros2_ws/install/moveit_ros_perception/share/moveit_ros_perception/cmake/ament_cmake_export_dependencies-extras.cmake
[0.484s] -- Up-to-date: /ros2_ws/install/moveit_ros_perception/share/moveit_ros_perception/cmake/moveit_ros_perceptionConfig.cmake
[0.485s] -- Up-to-date: /ros2_ws/install/moveit_ros_perception/share/moveit_ros_perception/cmake/moveit_ros_perceptionConfig-version.cmake
[0.485s] -- Up-to-date: /ros2_ws/install/moveit_ros_perception/share/moveit_ros_perception/package.xml
[0.503s] Invoked command in '/ros2_ws/build/moveit_ros_perception' returned '0': AMENT_PREFIX_PATH=/ros2_ws/install/moveit_ros_planning:/ros2_ws/install/moveit_ros_occupancy_map_monitor:/ros2_ws/install/moveit_core:/ros2_ws/install/moveit_resources_panda_moveit_config:/ros2_ws/install/moveit_configs_utils:/ros2_ws/install/srdfdom:/ros2_ws/install/moveit_resources_pr2_description:/ros2_ws/install/moveit_resources_panda_description:/ros2_ws/install/moveit_common:/ros2_ws/install/launch_param_builder:${AMENT_PREFIX_PATH} CMAKE_PREFIX_PATH=/ros2_ws/install/moveit_ros_planning:/ros2_ws/install/moveit_ros_occupancy_map_monitor:/ros2_ws/install/moveit_core:/ros2_ws/install/moveit_resources_panda_moveit_config:/ros2_ws/install/srdfdom:/ros2_ws/install/moveit_resources_pr2_description:/ros2_ws/install/moveit_resources_panda_description:/ros2_ws/install/moveit_common:/opt/ros/humble LD_LIBRARY_PATH=/ros2_ws/install/moveit_ros_planning/lib:/ros2_ws/install/moveit_ros_occupancy_map_monitor/lib:/ros2_ws/install/moveit_core/lib:/ros2_ws/install/srdfdom/lib:${LD_LIBRARY_PATH} PATH=/ros2_ws/install/moveit_core/bin:${PATH} PYTHONPATH=/ros2_ws/install/moveit_configs_utils/lib/python3.10/site-packages:/ros2_ws/install/srdfdom/local/lib/python3.10/dist-packages:/ros2_ws/install/launch_param_builder/lib/python3.10/site-packages:${PYTHONPATH} /usr/bin/cmake --install /ros2_ws/build/moveit_ros_perception
