[0.012s] Invoking command in '/ros2_ws/build/ur_controllers': CMAKE_PREFIX_PATH=/ros2_ws/install/ur_msgs:/ros2_ws/install/ur_dashboard_msgs:/ros2_ws/install/ur:/ros2_ws/install/ur_calibration:/ros2_ws/install/ur_robot_driver:/ros2_ws/install/ur_bringup:/ros2_ws/install/ur_controllers:/ros2_ws/install/ur_moveit_config:/opt/ros/humble LD_LIBRARY_PATH=/ros2_ws/install/ur_msgs/lib:/ros2_ws/install/ur_dashboard_msgs/lib:/ros2_ws/install/ur_robot_driver/lib:/ros2_ws/install/ur_controllers/lib:/usr/lib/x86_64-linux-gnu/gazebo-11/plugins:/opt/ros/humble/opt/rviz_ogre_vendor/lib:/opt/ros/humble/lib/x86_64-linux-gnu:/opt/ros/humble/lib /usr/bin/cmake /ros2_ws/src/Universal_Robots_ROS2_Driver/ur_controllers -DCMAKE_INSTALL_PREFIX=/ros2_ws/install/ur_controllers
[0.024s] -- Found ament_cmake: 1.3.11 (/opt/ros/humble/share/ament_cmake/cmake)
[0.137s] -- Found angles: 1.15.0 (/opt/ros/humble/share/angles/cmake)
[0.138s] -- Found controller_interface: 2.44.0 (/opt/ros/humble/share/controller_interface/cmake)
[0.163s] -- Found rosidl_generator_c: 3.1.6 (/opt/ros/humble/share/rosidl_generator_c/cmake)
[0.166s] -- Found rosidl_adapter: 3.1.6 (/opt/ros/humble/share/rosidl_adapter/cmake)
[0.171s] -- Found rosidl_generator_cpp: 3.1.6 (/opt/ros/humble/share/rosidl_generator_cpp/cmake)
[0.180s] -- Using all available rosidl_typesupport_c: rosidl_typesupport_fastrtps_c;rosidl_typesupport_introspection_c
[0.192s] -- Using all available rosidl_typesupport_cpp: rosidl_typesupport_fastrtps_cpp;rosidl_typesupport_introspection_cpp
[0.357s] -- Found rmw_implementation_cmake: 6.1.2 (/opt/ros/humble/share/rmw_implementation_cmake/cmake)
[0.359s] -- Found rmw_fastrtps_cpp: 6.2.7 (/opt/ros/humble/share/rmw_fastrtps_cpp/cmake)
[0.376s] -- Found TinyXML2 via Config file: TinyXML2_DIR-NOTFOUND
[0.385s] -- Found TinyXML2 via Config file: TinyXML2_DIR-NOTFOUND
[0.399s] -- Found TinyXML2 via Config file: TinyXML2_DIR-NOTFOUND
[0.407s] -- Found TinyXML2 via Config file: TinyXML2_DIR-NOTFOUND
[0.415s] -- Using RMW implementation 'rmw_fastrtps_cpp' as default
[0.461s] -- Found joint_trajectory_controller: 2.38.0 (/opt/ros/humble/share/joint_trajectory_controller/cmake)
[0.478s] -- Found parameter_traits: 0.3.9 (/opt/ros/humble/share/parameter_traits/cmake)
[0.499s] -- Found std_srvs: 4.2.4 (/opt/ros/humble/share/std_srvs/cmake)
[0.507s] -- Found tf2_geometry_msgs: 0.25.9 (/opt/ros/humble/share/tf2_geometry_msgs/cmake)
[0.510s] -- Found eigen3_cmake_module: 0.1.1 (/opt/ros/humble/share/eigen3_cmake_module/cmake)
[0.511s] -- Ensuring Eigen3 include directory is part of orocos-kdl CMake target
[0.564s] -- Found ur_dashboard_msgs: 2.5.1 (/ros2_ws/install/ur_dashboard_msgs/share/ur_dashboard_msgs/cmake)
[0.583s] -- Found ur_msgs: 2.1.0 (/ros2_ws/install/ur_msgs/share/ur_msgs/cmake)
[0.615s] -- Found ament_cmake_gmock: 1.3.11 (/opt/ros/humble/share/ament_cmake_gmock/cmake)
[0.616s] -- Found controller_manager: 2.44.0 (/opt/ros/humble/share/controller_manager/cmake)
[0.636s] -- Found ros2_control_test_assets: 2.44.0 (/opt/ros/humble/share/ros2_control_test_assets/cmake)
[0.638s] -- Found gmock sources under '/opt/ros/humble/src/gmock_vendor': C++ tests using 'Google Mock' will be built
[0.639s] -- Found ament_cmake_gtest: 1.3.11 (/opt/ros/humble/share/ament_cmake_gtest/cmake)
[0.640s] -- Found gtest sources under '/opt/ros/humble/src/gtest_vendor': C++ tests using 'Google Test' will be built
[0.735s] -- Configuring done
[0.885s] -- Generating done
[0.901s] -- Build files have been written to: /ros2_ws/build/ur_controllers
[0.910s] Invoked command in '/ros2_ws/build/ur_controllers' returned '0': CMAKE_PREFIX_PATH=/ros2_ws/install/ur_msgs:/ros2_ws/install/ur_dashboard_msgs:/ros2_ws/install/ur:/ros2_ws/install/ur_calibration:/ros2_ws/install/ur_robot_driver:/ros2_ws/install/ur_bringup:/ros2_ws/install/ur_controllers:/ros2_ws/install/ur_moveit_config:/opt/ros/humble LD_LIBRARY_PATH=/ros2_ws/install/ur_msgs/lib:/ros2_ws/install/ur_dashboard_msgs/lib:/ros2_ws/install/ur_robot_driver/lib:/ros2_ws/install/ur_controllers/lib:/usr/lib/x86_64-linux-gnu/gazebo-11/plugins:/opt/ros/humble/opt/rviz_ogre_vendor/lib:/opt/ros/humble/lib/x86_64-linux-gnu:/opt/ros/humble/lib /usr/bin/cmake /ros2_ws/src/Universal_Robots_ROS2_Driver/ur_controllers -DCMAKE_INSTALL_PREFIX=/ros2_ws/install/ur_controllers
[0.912s] Invoking command in '/ros2_ws/build/ur_controllers': CMAKE_PREFIX_PATH=/ros2_ws/install/ur_msgs:/ros2_ws/install/ur_dashboard_msgs:/ros2_ws/install/ur:/ros2_ws/install/ur_calibration:/ros2_ws/install/ur_robot_driver:/ros2_ws/install/ur_bringup:/ros2_ws/install/ur_controllers:/ros2_ws/install/ur_moveit_config:/opt/ros/humble LD_LIBRARY_PATH=/ros2_ws/install/ur_msgs/lib:/ros2_ws/install/ur_dashboard_msgs/lib:/ros2_ws/install/ur_robot_driver/lib:/ros2_ws/install/ur_controllers/lib:/usr/lib/x86_64-linux-gnu/gazebo-11/plugins:/opt/ros/humble/opt/rviz_ogre_vendor/lib:/opt/ros/humble/lib/x86_64-linux-gnu:/opt/ros/humble/lib /usr/bin/cmake --build /ros2_ws/build/ur_controllers
[0.959s] [  4%] Built target force_mode_controller_parameters
[0.978s] [  8%] Built target scaled_joint_trajectory_controller_parameters
[0.997s] [ 12%] Built target freedrive_mode_controller_parameters
[1.015s] [ 16%] Built target passthrough_trajectory_controller_parameters
[1.034s] [ 20%] Built target ur_configuration_controller_parameters
[1.048s] [35m[1mConsolidate compiler generated dependencies of target gmock_main[0m
[1.061s] [ 29%] Built target gmock_main
[1.071s] [35m[1mConsolidate compiler generated dependencies of target gmock[0m
[1.086s] [ 41%] Built target gmock
[1.104s] [ 45%] Built target speed_scaling_state_broadcaster_parameters
[1.123s] [ 50%] Built target gpio_controller_parameters
[1.140s] [35m[1mConsolidate compiler generated dependencies of target ur_controllers[0m
[1.171s] [ 83%] Built target ur_controllers
[1.182s] [35m[1mConsolidate compiler generated dependencies of target test_load_force_mode_controller[0m
[1.201s] [ 91%] Built target test_load_force_mode_controller
[1.212s] [35m[1mConsolidate compiler generated dependencies of target test_load_freedrive_mode_controller[0m
[1.232s] [100%] Built target test_load_freedrive_mode_controller
[1.243s] Invoked command in '/ros2_ws/build/ur_controllers' returned '0': CMAKE_PREFIX_PATH=/ros2_ws/install/ur_msgs:/ros2_ws/install/ur_dashboard_msgs:/ros2_ws/install/ur:/ros2_ws/install/ur_calibration:/ros2_ws/install/ur_robot_driver:/ros2_ws/install/ur_bringup:/ros2_ws/install/ur_controllers:/ros2_ws/install/ur_moveit_config:/opt/ros/humble LD_LIBRARY_PATH=/ros2_ws/install/ur_msgs/lib:/ros2_ws/install/ur_dashboard_msgs/lib:/ros2_ws/install/ur_robot_driver/lib:/ros2_ws/install/ur_controllers/lib:/usr/lib/x86_64-linux-gnu/gazebo-11/plugins:/opt/ros/humble/opt/rviz_ogre_vendor/lib:/opt/ros/humble/lib/x86_64-linux-gnu:/opt/ros/humble/lib /usr/bin/cmake --build /ros2_ws/build/ur_controllers
[1.244s] Invoking command in '/ros2_ws/build/ur_controllers': CMAKE_PREFIX_PATH=/ros2_ws/install/ur_msgs:/ros2_ws/install/ur_dashboard_msgs:/ros2_ws/install/ur:/ros2_ws/install/ur_calibration:/ros2_ws/install/ur_robot_driver:/ros2_ws/install/ur_bringup:/ros2_ws/install/ur_controllers:/ros2_ws/install/ur_moveit_config:/opt/ros/humble LD_LIBRARY_PATH=/ros2_ws/install/ur_msgs/lib:/ros2_ws/install/ur_dashboard_msgs/lib:/ros2_ws/install/ur_robot_driver/lib:/ros2_ws/install/ur_controllers/lib:/usr/lib/x86_64-linux-gnu/gazebo-11/plugins:/opt/ros/humble/opt/rviz_ogre_vendor/lib:/opt/ros/humble/lib/x86_64-linux-gnu:/opt/ros/humble/lib /usr/bin/cmake --install /ros2_ws/build/ur_controllers
[1.251s] -- Install configuration: "Release"
[1.251s] -- Up-to-date: /ros2_ws/install/ur_controllers/include/force_mode_controller_parameters
[1.251s] -- Up-to-date: /ros2_ws/install/ur_controllers/include/force_mode_controller_parameters/force_mode_controller_parameters.hpp
[1.251s] -- Up-to-date: /ros2_ws/install/ur_controllers/include/gpio_controller_parameters
[1.252s] -- Up-to-date: /ros2_ws/install/ur_controllers/include/gpio_controller_parameters/gpio_controller_parameters.hpp
[1.252s] -- Up-to-date: /ros2_ws/install/ur_controllers/include/speed_scaling_state_broadcaster_parameters
[1.252s] -- Up-to-date: /ros2_ws/install/ur_controllers/include/speed_scaling_state_broadcaster_parameters/speed_scaling_state_broadcaster_parameters.hpp
[1.252s] -- Up-to-date: /ros2_ws/install/ur_controllers/include/scaled_joint_trajectory_controller_parameters
[1.252s] -- Up-to-date: /ros2_ws/install/ur_controllers/include/scaled_joint_trajectory_controller_parameters/scaled_joint_trajectory_controller_parameters.hpp
[1.252s] -- Up-to-date: /ros2_ws/install/ur_controllers/include/freedrive_mode_controller_parameters
[1.252s] -- Up-to-date: /ros2_ws/install/ur_controllers/include/freedrive_mode_controller_parameters/freedrive_mode_controller_parameters.hpp
[1.252s] -- Up-to-date: /ros2_ws/install/ur_controllers/include/passthrough_trajectory_controller_parameters
[1.252s] -- Up-to-date: /ros2_ws/install/ur_controllers/include/passthrough_trajectory_controller_parameters/passthrough_trajectory_controller_parameters.hpp
[1.252s] -- Up-to-date: /ros2_ws/install/ur_controllers/include/ur_configuration_controller_parameters
[1.252s] -- Up-to-date: /ros2_ws/install/ur_controllers/include/ur_configuration_controller_parameters/ur_configuration_controller_parameters.hpp
[1.252s] -- Up-to-date: /ros2_ws/install/ur_controllers/share/ur_controllers/controller_plugins.xml
[1.252s] -- Up-to-date: /ros2_ws/install/ur_controllers/lib/libur_controllers.so
[1.252s] -- Up-to-date: /ros2_ws/install/ur_controllers/include
[1.252s] -- Up-to-date: /ros2_ws/install/ur_controllers/include/ur_controllers
[1.252s] -- Up-to-date: /ros2_ws/install/ur_controllers/include/ur_controllers/passthrough_trajectory_controller.hpp
[1.252s] -- Up-to-date: /ros2_ws/install/ur_controllers/include/ur_controllers/force_mode_controller.hpp
[1.253s] -- Up-to-date: /ros2_ws/install/ur_controllers/include/ur_controllers/scaled_joint_trajectory_controller.hpp
[1.253s] -- Up-to-date: /ros2_ws/install/ur_controllers/include/ur_controllers/gpio_controller.hpp
[1.253s] -- Up-to-date: /ros2_ws/install/ur_controllers/include/ur_controllers/ur_configuration_controller.hpp
[1.253s] -- Up-to-date: /ros2_ws/install/ur_controllers/include/ur_controllers/freedrive_mode_controller.hpp
[1.253s] -- Up-to-date: /ros2_ws/install/ur_controllers/include/ur_controllers/speed_scaling_state_broadcaster.hpp
[1.253s] -- Up-to-date: /ros2_ws/install/ur_controllers/share/ur_controllers/controller_plugins.xml
[1.253s] -- Up-to-date: /ros2_ws/install/ur_controllers/share/ur_controllers/environment/library_path.sh
[1.253s] -- Installing: /ros2_ws/install/ur_controllers/share/ur_controllers/environment/library_path.dsv
[1.253s] -- Up-to-date: /ros2_ws/install/ur_controllers/share/ament_index/resource_index/package_run_dependencies/ur_controllers
[1.253s] -- Installing: /ros2_ws/install/ur_controllers/share/ament_index/resource_index/parent_prefix_path/ur_controllers
[1.253s] -- Up-to-date: /ros2_ws/install/ur_controllers/share/ur_controllers/environment/ament_prefix_path.sh
[1.253s] -- Installing: /ros2_ws/install/ur_controllers/share/ur_controllers/environment/ament_prefix_path.dsv
[1.253s] -- Up-to-date: /ros2_ws/install/ur_controllers/share/ur_controllers/environment/path.sh
[1.253s] -- Installing: /ros2_ws/install/ur_controllers/share/ur_controllers/environment/path.dsv
[1.253s] -- Up-to-date: /ros2_ws/install/ur_controllers/share/ur_controllers/local_setup.bash
[1.253s] -- Up-to-date: /ros2_ws/install/ur_controllers/share/ur_controllers/local_setup.sh
[1.254s] -- Up-to-date: /ros2_ws/install/ur_controllers/share/ur_controllers/local_setup.zsh
[1.254s] -- Installing: /ros2_ws/install/ur_controllers/share/ur_controllers/local_setup.dsv
[1.254s] -- Installing: /ros2_ws/install/ur_controllers/share/ur_controllers/package.dsv
[1.254s] -- Up-to-date: /ros2_ws/install/ur_controllers/share/ament_index/resource_index/packages/ur_controllers
[1.254s] -- Up-to-date: /ros2_ws/install/ur_controllers/share/ament_index/resource_index/controller_interface__pluginlib__plugin/ur_controllers
[1.254s] -- Up-to-date: /ros2_ws/install/ur_controllers/share/ur_controllers/cmake/ament_cmake_export_dependencies-extras.cmake
[1.254s] -- Up-to-date: /ros2_ws/install/ur_controllers/share/ur_controllers/cmake/ament_cmake_export_include_directories-extras.cmake
[1.254s] -- Up-to-date: /ros2_ws/install/ur_controllers/share/ur_controllers/cmake/ament_cmake_export_libraries-extras.cmake
[1.254s] -- Up-to-date: /ros2_ws/install/ur_controllers/share/ur_controllers/cmake/ur_controllersConfig.cmake
[1.254s] -- Up-to-date: /ros2_ws/install/ur_controllers/share/ur_controllers/cmake/ur_controllersConfig-version.cmake
[1.254s] -- Up-to-date: /ros2_ws/install/ur_controllers/share/ur_controllers/package.xml
[1.256s] Invoked command in '/ros2_ws/build/ur_controllers' returned '0': CMAKE_PREFIX_PATH=/ros2_ws/install/ur_msgs:/ros2_ws/install/ur_dashboard_msgs:/ros2_ws/install/ur:/ros2_ws/install/ur_calibration:/ros2_ws/install/ur_robot_driver:/ros2_ws/install/ur_bringup:/ros2_ws/install/ur_controllers:/ros2_ws/install/ur_moveit_config:/opt/ros/humble LD_LIBRARY_PATH=/ros2_ws/install/ur_msgs/lib:/ros2_ws/install/ur_dashboard_msgs/lib:/ros2_ws/install/ur_robot_driver/lib:/ros2_ws/install/ur_controllers/lib:/usr/lib/x86_64-linux-gnu/gazebo-11/plugins:/opt/ros/humble/opt/rviz_ogre_vendor/lib:/opt/ros/humble/lib/x86_64-linux-gnu:/opt/ros/humble/lib /usr/bin/cmake --install /ros2_ws/build/ur_controllers
