[0.265s] Invoking command in '/ros2_ws/build/chomp_motion_planner': AMENT_PREFIX_PATH=/ros2_ws/install/moveit_core:/ros2_ws/install/moveit_resources_panda_moveit_config:/ros2_ws/install/srdfdom:/ros2_ws/install/moveit_resources_pr2_description:/ros2_ws/install/moveit_resources_panda_description:/ros2_ws/install/moveit_common:${AMENT_PREFIX_PATH} CMAKE_PREFIX_PATH=/ros2_ws/install/moveit_core:/ros2_ws/install/moveit_resources_panda_moveit_config:/ros2_ws/install/srdfdom:/ros2_ws/install/moveit_resources_pr2_description:/ros2_ws/install/moveit_resources_panda_description:/ros2_ws/install/moveit_common:/opt/ros/humble LD_LIBRARY_PATH=/ros2_ws/install/moveit_core/lib:/ros2_ws/install/srdfdom/lib:${LD_LIBRARY_PATH} PATH=/ros2_ws/install/moveit_core/bin:${PATH} PYTHONPATH=/ros2_ws/install/srdfdom/local/lib/python3.10/dist-packages:${PYTHONPATH} /usr/bin/cmake --build /ros2_ws/build/chomp_motion_planner -- -j8 -l8
[0.638s] [100%] Built target chomp_motion_planner
[0.999s] Invoked command in '/ros2_ws/build/chomp_motion_planner' returned '0': AMENT_PREFIX_PATH=/ros2_ws/install/moveit_core:/ros2_ws/install/moveit_resources_panda_moveit_config:/ros2_ws/install/srdfdom:/ros2_ws/install/moveit_resources_pr2_description:/ros2_ws/install/moveit_resources_panda_description:/ros2_ws/install/moveit_common:${AMENT_PREFIX_PATH} CMAKE_PREFIX_PATH=/ros2_ws/install/moveit_core:/ros2_ws/install/moveit_resources_panda_moveit_config:/ros2_ws/install/srdfdom:/ros2_ws/install/moveit_resources_pr2_description:/ros2_ws/install/moveit_resources_panda_description:/ros2_ws/install/moveit_common:/opt/ros/humble LD_LIBRARY_PATH=/ros2_ws/install/moveit_core/lib:/ros2_ws/install/srdfdom/lib:${LD_LIBRARY_PATH} PATH=/ros2_ws/install/moveit_core/bin:${PATH} PYTHONPATH=/ros2_ws/install/srdfdom/local/lib/python3.10/dist-packages:${PYTHONPATH} /usr/bin/cmake --build /ros2_ws/build/chomp_motion_planner -- -j8 -l8
[1.006s] Invoking command in '/ros2_ws/build/chomp_motion_planner': AMENT_PREFIX_PATH=/ros2_ws/install/moveit_core:/ros2_ws/install/moveit_resources_panda_moveit_config:/ros2_ws/install/srdfdom:/ros2_ws/install/moveit_resources_pr2_description:/ros2_ws/install/moveit_resources_panda_description:/ros2_ws/install/moveit_common:${AMENT_PREFIX_PATH} CMAKE_PREFIX_PATH=/ros2_ws/install/moveit_core:/ros2_ws/install/moveit_resources_panda_moveit_config:/ros2_ws/install/srdfdom:/ros2_ws/install/moveit_resources_pr2_description:/ros2_ws/install/moveit_resources_panda_description:/ros2_ws/install/moveit_common:/opt/ros/humble LD_LIBRARY_PATH=/ros2_ws/install/moveit_core/lib:/ros2_ws/install/srdfdom/lib:${LD_LIBRARY_PATH} PATH=/ros2_ws/install/moveit_core/bin:${PATH} PYTHONPATH=/ros2_ws/install/srdfdom/local/lib/python3.10/dist-packages:${PYTHONPATH} /usr/bin/cmake --install /ros2_ws/build/chomp_motion_planner
[1.132s] -- Install configuration: "Release"
[1.133s] -- Up-to-date: /ros2_ws/install/chomp_motion_planner/lib/libchomp_motion_planner.so.2.5.7
[1.133s] -- Up-to-date: /ros2_ws/install/chomp_motion_planner/lib/libchomp_motion_planner.so
[1.134s] -- Up-to-date: /ros2_ws/install/chomp_motion_planner/include
[1.134s] -- Up-to-date: /ros2_ws/install/chomp_motion_planner/include/chomp_motion_planner
[1.135s] -- Up-to-date: /ros2_ws/install/chomp_motion_planner/include/chomp_motion_planner/chomp_parameters.h
[1.135s] -- Up-to-date: /ros2_ws/install/chomp_motion_planner/include/chomp_motion_planner/chomp_optimizer.h
[1.136s] -- Up-to-date: /ros2_ws/install/chomp_motion_planner/include/chomp_motion_planner/chomp_cost.h
[1.136s] -- Up-to-date: /ros2_ws/install/chomp_motion_planner/include/chomp_motion_planner/chomp_planner.h
[1.137s] -- Up-to-date: /ros2_ws/install/chomp_motion_planner/include/chomp_motion_planner/chomp_utils.h
[1.137s] -- Up-to-date: /ros2_ws/install/chomp_motion_planner/include/chomp_motion_planner/multivariate_gaussian.h
[1.138s] -- Up-to-date: /ros2_ws/install/chomp_motion_planner/include/chomp_motion_planner/chomp_trajectory.h
[1.139s] -- Up-to-date: /ros2_ws/install/chomp_motion_planner/share/chomp_motion_planner/environment/library_path.sh
[1.140s] -- Up-to-date: /ros2_ws/install/chomp_motion_planner/share/chomp_motion_planner/environment/library_path.dsv
[1.141s] -- Up-to-date: /ros2_ws/install/chomp_motion_planner/share/ament_index/resource_index/package_run_dependencies/chomp_motion_planner
[1.142s] -- Up-to-date: /ros2_ws/install/chomp_motion_planner/share/ament_index/resource_index/parent_prefix_path/chomp_motion_planner
[1.143s] -- Up-to-date: /ros2_ws/install/chomp_motion_planner/share/chomp_motion_planner/environment/ament_prefix_path.sh
[1.143s] -- Up-to-date: /ros2_ws/install/chomp_motion_planner/share/chomp_motion_planner/environment/ament_prefix_path.dsv
[1.144s] -- Up-to-date: /ros2_ws/install/chomp_motion_planner/share/chomp_motion_planner/environment/path.sh
[1.144s] -- Up-to-date: /ros2_ws/install/chomp_motion_planner/share/chomp_motion_planner/environment/path.dsv
[1.144s] -- Up-to-date: /ros2_ws/install/chomp_motion_planner/share/chomp_motion_planner/local_setup.bash
[1.145s] -- Up-to-date: /ros2_ws/install/chomp_motion_planner/share/chomp_motion_planner/local_setup.sh
[1.145s] -- Up-to-date: /ros2_ws/install/chomp_motion_planner/share/chomp_motion_planner/local_setup.zsh
[1.146s] -- Up-to-date: /ros2_ws/install/chomp_motion_planner/share/chomp_motion_planner/local_setup.dsv
[1.146s] -- Installing: /ros2_ws/install/chomp_motion_planner/share/chomp_motion_planner/package.dsv
[1.146s] -- Up-to-date: /ros2_ws/install/chomp_motion_planner/share/ament_index/resource_index/packages/chomp_motion_planner
[1.147s] -- Up-to-date: /ros2_ws/install/chomp_motion_planner/share/chomp_motion_planner/cmake/chomp_motion_plannerTargetsExport.cmake
[1.147s] -- Up-to-date: /ros2_ws/install/chomp_motion_planner/share/chomp_motion_planner/cmake/chomp_motion_plannerTargetsExport-release.cmake
[1.147s] -- Up-to-date: /ros2_ws/install/chomp_motion_planner/share/chomp_motion_planner/cmake/ament_cmake_export_targets-extras.cmake
[1.147s] -- Up-to-date: /ros2_ws/install/chomp_motion_planner/share/chomp_motion_planner/cmake/chomp_motion_plannerConfig.cmake
[1.148s] -- Up-to-date: /ros2_ws/install/chomp_motion_planner/share/chomp_motion_planner/cmake/chomp_motion_plannerConfig-version.cmake
[1.148s] -- Up-to-date: /ros2_ws/install/chomp_motion_planner/share/chomp_motion_planner/package.xml
[1.300s] Invoked command in '/ros2_ws/build/chomp_motion_planner' returned '0': AMENT_PREFIX_PATH=/ros2_ws/install/moveit_core:/ros2_ws/install/moveit_resources_panda_moveit_config:/ros2_ws/install/srdfdom:/ros2_ws/install/moveit_resources_pr2_description:/ros2_ws/install/moveit_resources_panda_description:/ros2_ws/install/moveit_common:${AMENT_PREFIX_PATH} CMAKE_PREFIX_PATH=/ros2_ws/install/moveit_core:/ros2_ws/install/moveit_resources_panda_moveit_config:/ros2_ws/install/srdfdom:/ros2_ws/install/moveit_resources_pr2_description:/ros2_ws/install/moveit_resources_panda_description:/ros2_ws/install/moveit_common:/opt/ros/humble LD_LIBRARY_PATH=/ros2_ws/install/moveit_core/lib:/ros2_ws/install/srdfdom/lib:${LD_LIBRARY_PATH} PATH=/ros2_ws/install/moveit_core/bin:${PATH} PYTHONPATH=/ros2_ws/install/srdfdom/local/lib/python3.10/dist-packages:${PYTHONPATH} /usr/bin/cmake --install /ros2_ws/build/chomp_motion_planner
