[1.181s] Invoking command in '/ros2_ws/src/launch_param_builder': PYTHONPATH=/ros2_ws/build/launch_param_builder/prefix_override:/usr/lib/python3/dist-packages/colcon_core/task/python/colcon_distutils_commands:/ros2_ws/install/launch_param_builder/lib/python3.10/site-packages:${PYTHONPATH} /usr/bin/python3 -W ignore:setup.py install is deprecated -W ignore:easy_install command is deprecated setup.py egg_info --egg-base ../../build/launch_param_builder build --build-base /ros2_ws/build/launch_param_builder/build install --record /ros2_ws/build/launch_param_builder/install.log --single-version-externally-managed install_data
[1.744s] running egg_info
[1.745s] writing ../../build/launch_param_builder/launch_param_builder.egg-info/PKG-INFO
[1.746s] writing dependency_links to ../../build/launch_param_builder/launch_param_builder.egg-info/dependency_links.txt
[1.746s] writing entry points to ../../build/launch_param_builder/launch_param_builder.egg-info/entry_points.txt
[1.746s] writing requirements to ../../build/launch_param_builder/launch_param_builder.egg-info/requires.txt
[1.746s] writing top-level names to ../../build/launch_param_builder/launch_param_builder.egg-info/top_level.txt
[1.751s] reading manifest file '../../build/launch_param_builder/launch_param_builder.egg-info/SOURCES.txt'
[1.751s] adding license file 'LICENSE'
[1.751s] writing manifest file '../../build/launch_param_builder/launch_param_builder.egg-info/SOURCES.txt'
[1.752s] running build
[1.752s] running build_py
[1.752s] running install
[1.756s] running install_lib
[1.756s] running install_data
[1.756s] running install_egg_info
[1.770s] removing '/ros2_ws/install/launch_param_builder/lib/python3.10/site-packages/launch_param_builder-0.1.1-py3.10.egg-info' (and everything under it)
[1.770s] Copying ../../build/launch_param_builder/launch_param_builder.egg-info to /ros2_ws/install/launch_param_builder/lib/python3.10/site-packages/launch_param_builder-0.1.1-py3.10.egg-info
[1.770s] running install_scripts
[1.849s] writing list of installed files to '/ros2_ws/build/launch_param_builder/install.log'
[1.859s] Invoked command in '/ros2_ws/src/launch_param_builder' returned '0': PYTHONPATH=/ros2_ws/build/launch_param_builder/prefix_override:/usr/lib/python3/dist-packages/colcon_core/task/python/colcon_distutils_commands:/ros2_ws/install/launch_param_builder/lib/python3.10/site-packages:${PYTHONPATH} /usr/bin/python3 -W ignore:setup.py install is deprecated -W ignore:easy_install command is deprecated setup.py egg_info --egg-base ../../build/launch_param_builder build --build-base /ros2_ws/build/launch_param_builder/build install --record /ros2_ws/build/launch_param_builder/install.log --single-version-externally-managed install_data
