[0.014s] Invoking command in '/ros2_ws/build/ur_msgs': CMAKE_PREFIX_PATH=${CMAKE_PREFIX_PATH}:/ros2_ws/install/moveit_configs_utils:/ros2_ws/install/launch_param_builder:/opt/ros/humble /usr/bin/cmake --build /ros2_ws/build/ur_msgs
[0.095s] [  0%] Built target ur_msgs__cpp
[0.151s] [  0%] Built target ament_cmake_python_copy_ur_msgs
[0.251s] [ 12%] Built target ur_msgs__rosidl_typesupport_fastrtps_cpp
[0.304s] [ 24%] Built target ur_msgs__rosidl_typesupport_introspection_cpp
[0.534s] running egg_info
[0.535s] writing ur_msgs.egg-info/PKG-INFO
[0.535s] writing dependency_links to ur_msgs.egg-info/dependency_links.txt
[0.535s] writing top-level names to ur_msgs.egg-info/top_level.txt
[0.537s] reading manifest file 'ur_msgs.egg-info/SOURCES.txt'
[0.541s] writing manifest file 'ur_msgs.egg-info/SOURCES.txt'
[0.567s] [ 24%] Built target ament_cmake_python_build_ur_msgs_egg
[0.607s] [ 36%] Built target ur_msgs__rosidl_typesupport_cpp
[0.646s] [ 48%] Built target ur_msgs__rosidl_generator_c
[0.694s] [ 60%] Built target ur_msgs__rosidl_typesupport_fastrtps_c
[0.736s] [ 72%] Built target ur_msgs__rosidl_typesupport_c
[0.777s] [ 84%] Built target ur_msgs__rosidl_typesupport_introspection_c
[0.809s] [ 84%] Built target ur_msgs
[0.840s] [ 85%] Built target ur_msgs__py
[0.880s] [ 96%] Built target ur_msgs__rosidl_generator_py
[0.915s] [ 97%] Built target ur_msgs__rosidl_typesupport_fastrtps_c__pyext
[0.948s] [ 98%] Built target ur_msgs__rosidl_typesupport_c__pyext
[0.982s] [100%] Built target ur_msgs__rosidl_typesupport_introspection_c__pyext
[0.998s] Invoked command in '/ros2_ws/build/ur_msgs' returned '0': CMAKE_PREFIX_PATH=${CMAKE_PREFIX_PATH}:/ros2_ws/install/moveit_configs_utils:/ros2_ws/install/launch_param_builder:/opt/ros/humble /usr/bin/cmake --build /ros2_ws/build/ur_msgs
[0.999s] Invoking command in '/ros2_ws/build/ur_msgs': CMAKE_PREFIX_PATH=${CMAKE_PREFIX_PATH}:/ros2_ws/install/moveit_configs_utils:/ros2_ws/install/launch_param_builder:/opt/ros/humble /usr/bin/cmake --install /ros2_ws/build/ur_msgs
[1.011s] -- Install configuration: "Release"
[1.011s] -- Up-to-date: /ros2_ws/install/ur_msgs/share/ament_index/resource_index/rosidl_interfaces/ur_msgs
[1.011s] -- Up-to-date: /ros2_ws/install/ur_msgs/include/ur_msgs/ur_msgs
[1.011s] -- Up-to-date: /ros2_ws/install/ur_msgs/include/ur_msgs/ur_msgs/msg
[1.011s] -- Up-to-date: /ros2_ws/install/ur_msgs/include/ur_msgs/ur_msgs/msg/robot_mode_data_msg.h
[1.012s] -- Up-to-date: /ros2_ws/install/ur_msgs/include/ur_msgs/ur_msgs/msg/robot_state_rt_msg.h
[1.012s] -- Up-to-date: /ros2_ws/install/ur_msgs/include/ur_msgs/ur_msgs/msg/rosidl_generator_c__visibility_control.h
[1.012s] -- Up-to-date: /ros2_ws/install/ur_msgs/include/ur_msgs/ur_msgs/msg/masterboard_data_msg.h
[1.012s] -- Up-to-date: /ros2_ws/install/ur_msgs/include/ur_msgs/ur_msgs/msg/io_states.h
[1.012s] -- Up-to-date: /ros2_ws/install/ur_msgs/include/ur_msgs/ur_msgs/msg/digital.h
[1.012s] -- Up-to-date: /ros2_ws/install/ur_msgs/include/ur_msgs/ur_msgs/msg/analog.h
[1.012s] -- Up-to-date: /ros2_ws/install/ur_msgs/include/ur_msgs/ur_msgs/msg/tool_data_msg.h
[1.012s] -- Up-to-date: /ros2_ws/install/ur_msgs/include/ur_msgs/ur_msgs/msg/detail
[1.012s] -- Up-to-date: /ros2_ws/install/ur_msgs/include/ur_msgs/ur_msgs/msg/detail/masterboard_data_msg__functions.h
[1.012s] -- Up-to-date: /ros2_ws/install/ur_msgs/include/ur_msgs/ur_msgs/msg/detail/io_states__functions.h
[1.013s] -- Up-to-date: /ros2_ws/install/ur_msgs/include/ur_msgs/ur_msgs/msg/detail/tool_data_msg__type_support.h
[1.013s] -- Up-to-date: /ros2_ws/install/ur_msgs/include/ur_msgs/ur_msgs/msg/detail/masterboard_data_msg__functions.c
[1.013s] -- Up-to-date: /ros2_ws/install/ur_msgs/include/ur_msgs/ur_msgs/msg/detail/io_states__struct.h
[1.013s] -- Up-to-date: /ros2_ws/install/ur_msgs/include/ur_msgs/ur_msgs/msg/detail/masterboard_data_msg__type_support.h
[1.013s] -- Up-to-date: /ros2_ws/install/ur_msgs/include/ur_msgs/ur_msgs/msg/detail/robot_mode_data_msg__struct.h
[1.013s] -- Up-to-date: /ros2_ws/install/ur_msgs/include/ur_msgs/ur_msgs/msg/detail/digital__functions.c
[1.013s] -- Up-to-date: /ros2_ws/install/ur_msgs/include/ur_msgs/ur_msgs/msg/detail/robot_mode_data_msg__functions.h
[1.013s] -- Up-to-date: /ros2_ws/install/ur_msgs/include/ur_msgs/ur_msgs/msg/detail/robot_state_rt_msg__functions.c
[1.013s] -- Up-to-date: /ros2_ws/install/ur_msgs/include/ur_msgs/ur_msgs/msg/detail/tool_data_msg__functions.h
[1.013s] -- Up-to-date: /ros2_ws/install/ur_msgs/include/ur_msgs/ur_msgs/msg/detail/analog__functions.h
[1.014s] -- Up-to-date: /ros2_ws/install/ur_msgs/include/ur_msgs/ur_msgs/msg/detail/io_states__type_support.h
[1.014s] -- Up-to-date: /ros2_ws/install/ur_msgs/include/ur_msgs/ur_msgs/msg/detail/tool_data_msg__struct.h
[1.014s] -- Up-to-date: /ros2_ws/install/ur_msgs/include/ur_msgs/ur_msgs/msg/detail/robot_mode_data_msg__type_support.h
[1.014s] -- Up-to-date: /ros2_ws/install/ur_msgs/include/ur_msgs/ur_msgs/msg/detail/robot_state_rt_msg__struct.h
[1.014s] -- Up-to-date: /ros2_ws/install/ur_msgs/include/ur_msgs/ur_msgs/msg/detail/analog__type_support.h
[1.014s] -- Up-to-date: /ros2_ws/install/ur_msgs/include/ur_msgs/ur_msgs/msg/detail/masterboard_data_msg__struct.h
[1.014s] -- Up-to-date: /ros2_ws/install/ur_msgs/include/ur_msgs/ur_msgs/msg/detail/digital__type_support.h
[1.014s] -- Up-to-date: /ros2_ws/install/ur_msgs/include/ur_msgs/ur_msgs/msg/detail/analog__struct.h
[1.014s] -- Up-to-date: /ros2_ws/install/ur_msgs/include/ur_msgs/ur_msgs/msg/detail/robot_mode_data_msg__functions.c
[1.014s] -- Up-to-date: /ros2_ws/install/ur_msgs/include/ur_msgs/ur_msgs/msg/detail/tool_data_msg__functions.c
[1.014s] -- Up-to-date: /ros2_ws/install/ur_msgs/include/ur_msgs/ur_msgs/msg/detail/digital__functions.h
[1.015s] -- Up-to-date: /ros2_ws/install/ur_msgs/include/ur_msgs/ur_msgs/msg/detail/robot_state_rt_msg__functions.h
[1.015s] -- Up-to-date: /ros2_ws/install/ur_msgs/include/ur_msgs/ur_msgs/msg/detail/digital__struct.h
[1.015s] -- Up-to-date: /ros2_ws/install/ur_msgs/include/ur_msgs/ur_msgs/msg/detail/robot_state_rt_msg__type_support.h
[1.015s] -- Up-to-date: /ros2_ws/install/ur_msgs/include/ur_msgs/ur_msgs/msg/detail/analog__functions.c
[1.015s] -- Up-to-date: /ros2_ws/install/ur_msgs/include/ur_msgs/ur_msgs/msg/detail/io_states__functions.c
[1.015s] -- Up-to-date: /ros2_ws/install/ur_msgs/include/ur_msgs/ur_msgs/srv
[1.015s] -- Up-to-date: /ros2_ws/install/ur_msgs/include/ur_msgs/ur_msgs/srv/set_analog_output.h
[1.015s] -- Up-to-date: /ros2_ws/install/ur_msgs/include/ur_msgs/ur_msgs/srv/get_robot_software_version.h
[1.015s] -- Up-to-date: /ros2_ws/install/ur_msgs/include/ur_msgs/ur_msgs/srv/set_payload.h
[1.015s] -- Up-to-date: /ros2_ws/install/ur_msgs/include/ur_msgs/ur_msgs/srv/set_speed_slider_fraction.h
[1.015s] -- Up-to-date: /ros2_ws/install/ur_msgs/include/ur_msgs/ur_msgs/srv/detail
[1.015s] -- Up-to-date: /ros2_ws/install/ur_msgs/include/ur_msgs/ur_msgs/srv/detail/set_force_mode__functions.c
[1.016s] -- Up-to-date: /ros2_ws/install/ur_msgs/include/ur_msgs/ur_msgs/srv/detail/set_force_mode__struct.h
[1.016s] -- Up-to-date: /ros2_ws/install/ur_msgs/include/ur_msgs/ur_msgs/srv/detail/get_robot_software_version__functions.h
[1.016s] -- Up-to-date: /ros2_ws/install/ur_msgs/include/ur_msgs/ur_msgs/srv/detail/set_payload__functions.h
[1.016s] -- Up-to-date: /ros2_ws/install/ur_msgs/include/ur_msgs/ur_msgs/srv/detail/set_speed_slider_fraction__functions.h
[1.016s] -- Up-to-date: /ros2_ws/install/ur_msgs/include/ur_msgs/ur_msgs/srv/detail/set_analog_output__type_support.h
[1.016s] -- Up-to-date: /ros2_ws/install/ur_msgs/include/ur_msgs/ur_msgs/srv/detail/get_robot_software_version__struct.h
[1.016s] -- Up-to-date: /ros2_ws/install/ur_msgs/include/ur_msgs/ur_msgs/srv/detail/set_analog_output__functions.h
[1.016s] -- Up-to-date: /ros2_ws/install/ur_msgs/include/ur_msgs/ur_msgs/srv/detail/set_force_mode__type_support.h
[1.016s] -- Up-to-date: /ros2_ws/install/ur_msgs/include/ur_msgs/ur_msgs/srv/detail/set_payload__struct.h
[1.016s] -- Up-to-date: /ros2_ws/install/ur_msgs/include/ur_msgs/ur_msgs/srv/detail/set_payload__functions.c
[1.016s] -- Up-to-date: /ros2_ws/install/ur_msgs/include/ur_msgs/ur_msgs/srv/detail/set_analog_output__functions.c
[1.017s] -- Up-to-date: /ros2_ws/install/ur_msgs/include/ur_msgs/ur_msgs/srv/detail/get_robot_software_version__type_support.h
[1.017s] -- Up-to-date: /ros2_ws/install/ur_msgs/include/ur_msgs/ur_msgs/srv/detail/get_robot_software_version__functions.c
[1.017s] -- Up-to-date: /ros2_ws/install/ur_msgs/include/ur_msgs/ur_msgs/srv/detail/set_io__struct.h
[1.017s] -- Up-to-date: /ros2_ws/install/ur_msgs/include/ur_msgs/ur_msgs/srv/detail/set_speed_slider_fraction__type_support.h
[1.017s] -- Up-to-date: /ros2_ws/install/ur_msgs/include/ur_msgs/ur_msgs/srv/detail/set_speed_slider_fraction__functions.c
[1.017s] -- Up-to-date: /ros2_ws/install/ur_msgs/include/ur_msgs/ur_msgs/srv/detail/set_force_mode__functions.h
[1.017s] -- Up-to-date: /ros2_ws/install/ur_msgs/include/ur_msgs/ur_msgs/srv/detail/set_payload__type_support.h
[1.017s] -- Up-to-date: /ros2_ws/install/ur_msgs/include/ur_msgs/ur_msgs/srv/detail/set_io__functions.c
[1.017s] -- Up-to-date: /ros2_ws/install/ur_msgs/include/ur_msgs/ur_msgs/srv/detail/set_io__type_support.h
[1.017s] -- Up-to-date: /ros2_ws/install/ur_msgs/include/ur_msgs/ur_msgs/srv/detail/set_speed_slider_fraction__struct.h
[1.018s] -- Up-to-date: /ros2_ws/install/ur_msgs/include/ur_msgs/ur_msgs/srv/detail/set_analog_output__struct.h
[1.018s] -- Up-to-date: /ros2_ws/install/ur_msgs/include/ur_msgs/ur_msgs/srv/detail/set_io__functions.h
[1.018s] -- Up-to-date: /ros2_ws/install/ur_msgs/include/ur_msgs/ur_msgs/srv/set_io.h
[1.018s] -- Up-to-date: /ros2_ws/install/ur_msgs/include/ur_msgs/ur_msgs/srv/set_force_mode.h
[1.018s] -- Up-to-date: /ros2_ws/install/ur_msgs/share/ur_msgs/environment/library_path.sh
[1.018s] -- Up-to-date: /ros2_ws/install/ur_msgs/share/ur_msgs/environment/library_path.dsv
[1.018s] -- Up-to-date: /ros2_ws/install/ur_msgs/lib/libur_msgs__rosidl_generator_c.so
[1.018s] -- Up-to-date: /ros2_ws/install/ur_msgs/include/ur_msgs/ur_msgs
[1.018s] -- Up-to-date: /ros2_ws/install/ur_msgs/include/ur_msgs/ur_msgs/msg
[1.019s] -- Up-to-date: /ros2_ws/install/ur_msgs/include/ur_msgs/ur_msgs/msg/detail
[1.019s] -- Up-to-date: /ros2_ws/install/ur_msgs/include/ur_msgs/ur_msgs/msg/detail/tool_data_msg__rosidl_typesupport_fastrtps_c.h
[1.019s] -- Up-to-date: /ros2_ws/install/ur_msgs/include/ur_msgs/ur_msgs/msg/detail/digital__rosidl_typesupport_fastrtps_c.h
[1.019s] -- Up-to-date: /ros2_ws/install/ur_msgs/include/ur_msgs/ur_msgs/msg/detail/robot_mode_data_msg__rosidl_typesupport_fastrtps_c.h
[1.019s] -- Up-to-date: /ros2_ws/install/ur_msgs/include/ur_msgs/ur_msgs/msg/detail/masterboard_data_msg__rosidl_typesupport_fastrtps_c.h
[1.019s] -- Up-to-date: /ros2_ws/install/ur_msgs/include/ur_msgs/ur_msgs/msg/detail/io_states__rosidl_typesupport_fastrtps_c.h
[1.019s] -- Up-to-date: /ros2_ws/install/ur_msgs/include/ur_msgs/ur_msgs/msg/detail/analog__rosidl_typesupport_fastrtps_c.h
[1.019s] -- Up-to-date: /ros2_ws/install/ur_msgs/include/ur_msgs/ur_msgs/msg/detail/robot_state_rt_msg__rosidl_typesupport_fastrtps_c.h
[1.019s] -- Up-to-date: /ros2_ws/install/ur_msgs/include/ur_msgs/ur_msgs/msg/rosidl_typesupport_fastrtps_c__visibility_control.h
[1.019s] -- Up-to-date: /ros2_ws/install/ur_msgs/include/ur_msgs/ur_msgs/srv
[1.019s] -- Up-to-date: /ros2_ws/install/ur_msgs/include/ur_msgs/ur_msgs/srv/detail
[1.019s] -- Up-to-date: /ros2_ws/install/ur_msgs/include/ur_msgs/ur_msgs/srv/detail/set_speed_slider_fraction__rosidl_typesupport_fastrtps_c.h
[1.020s] -- Up-to-date: /ros2_ws/install/ur_msgs/include/ur_msgs/ur_msgs/srv/detail/set_io__rosidl_typesupport_fastrtps_c.h
[1.020s] -- Up-to-date: /ros2_ws/install/ur_msgs/include/ur_msgs/ur_msgs/srv/detail/get_robot_software_version__rosidl_typesupport_fastrtps_c.h
[1.020s] -- Up-to-date: /ros2_ws/install/ur_msgs/include/ur_msgs/ur_msgs/srv/detail/set_analog_output__rosidl_typesupport_fastrtps_c.h
[1.020s] -- Up-to-date: /ros2_ws/install/ur_msgs/include/ur_msgs/ur_msgs/srv/detail/set_force_mode__rosidl_typesupport_fastrtps_c.h
[1.020s] -- Up-to-date: /ros2_ws/install/ur_msgs/include/ur_msgs/ur_msgs/srv/detail/set_payload__rosidl_typesupport_fastrtps_c.h
[1.020s] -- Up-to-date: /ros2_ws/install/ur_msgs/lib/libur_msgs__rosidl_typesupport_fastrtps_c.so
[1.020s] -- Up-to-date: /ros2_ws/install/ur_msgs/include/ur_msgs/ur_msgs
[1.020s] -- Up-to-date: /ros2_ws/install/ur_msgs/include/ur_msgs/ur_msgs/msg
[1.020s] -- Up-to-date: /ros2_ws/install/ur_msgs/include/ur_msgs/ur_msgs/msg/masterboard_data_msg.hpp
[1.020s] -- Up-to-date: /ros2_ws/install/ur_msgs/include/ur_msgs/ur_msgs/msg/robot_state_rt_msg.hpp
[1.021s] -- Up-to-date: /ros2_ws/install/ur_msgs/include/ur_msgs/ur_msgs/msg/tool_data_msg.hpp
[1.021s] -- Up-to-date: /ros2_ws/install/ur_msgs/include/ur_msgs/ur_msgs/msg/rosidl_generator_cpp__visibility_control.hpp
[1.021s] -- Up-to-date: /ros2_ws/install/ur_msgs/include/ur_msgs/ur_msgs/msg/robot_mode_data_msg.hpp
[1.021s] -- Up-to-date: /ros2_ws/install/ur_msgs/include/ur_msgs/ur_msgs/msg/io_states.hpp
[1.021s] -- Up-to-date: /ros2_ws/install/ur_msgs/include/ur_msgs/ur_msgs/msg/digital.hpp
[1.021s] -- Up-to-date: /ros2_ws/install/ur_msgs/include/ur_msgs/ur_msgs/msg/detail
[1.021s] -- Up-to-date: /ros2_ws/install/ur_msgs/include/ur_msgs/ur_msgs/msg/detail/analog__traits.hpp
[1.021s] -- Up-to-date: /ros2_ws/install/ur_msgs/include/ur_msgs/ur_msgs/msg/detail/robot_state_rt_msg__struct.hpp
[1.021s] -- Up-to-date: /ros2_ws/install/ur_msgs/include/ur_msgs/ur_msgs/msg/detail/robot_state_rt_msg__traits.hpp
[1.021s] -- Up-to-date: /ros2_ws/install/ur_msgs/include/ur_msgs/ur_msgs/msg/detail/io_states__traits.hpp
[1.021s] -- Up-to-date: /ros2_ws/install/ur_msgs/include/ur_msgs/ur_msgs/msg/detail/digital__type_support.hpp
[1.021s] -- Up-to-date: /ros2_ws/install/ur_msgs/include/ur_msgs/ur_msgs/msg/detail/analog__struct.hpp
[1.021s] -- Up-to-date: /ros2_ws/install/ur_msgs/include/ur_msgs/ur_msgs/msg/detail/masterboard_data_msg__struct.hpp
[1.021s] -- Up-to-date: /ros2_ws/install/ur_msgs/include/ur_msgs/ur_msgs/msg/detail/masterboard_data_msg__type_support.hpp
[1.021s] -- Up-to-date: /ros2_ws/install/ur_msgs/include/ur_msgs/ur_msgs/msg/detail/robot_mode_data_msg__type_support.hpp
[1.021s] -- Up-to-date: /ros2_ws/install/ur_msgs/include/ur_msgs/ur_msgs/msg/detail/robot_mode_data_msg__traits.hpp
[1.022s] -- Up-to-date: /ros2_ws/install/ur_msgs/include/ur_msgs/ur_msgs/msg/detail/tool_data_msg__struct.hpp
[1.022s] -- Up-to-date: /ros2_ws/install/ur_msgs/include/ur_msgs/ur_msgs/msg/detail/digital__traits.hpp
[1.022s] -- Up-to-date: /ros2_ws/install/ur_msgs/include/ur_msgs/ur_msgs/msg/detail/masterboard_data_msg__builder.hpp
[1.022s] -- Up-to-date: /ros2_ws/install/ur_msgs/include/ur_msgs/ur_msgs/msg/detail/digital__builder.hpp
[1.022s] -- Up-to-date: /ros2_ws/install/ur_msgs/include/ur_msgs/ur_msgs/msg/detail/robot_mode_data_msg__struct.hpp
[1.022s] -- Up-to-date: /ros2_ws/install/ur_msgs/include/ur_msgs/ur_msgs/msg/detail/analog__builder.hpp
[1.022s] -- Up-to-date: /ros2_ws/install/ur_msgs/include/ur_msgs/ur_msgs/msg/detail/tool_data_msg__type_support.hpp
[1.022s] -- Up-to-date: /ros2_ws/install/ur_msgs/include/ur_msgs/ur_msgs/msg/detail/robot_mode_data_msg__builder.hpp
[1.022s] -- Up-to-date: /ros2_ws/install/ur_msgs/include/ur_msgs/ur_msgs/msg/detail/robot_state_rt_msg__type_support.hpp
[1.022s] -- Up-to-date: /ros2_ws/install/ur_msgs/include/ur_msgs/ur_msgs/msg/detail/io_states__builder.hpp
[1.022s] -- Up-to-date: /ros2_ws/install/ur_msgs/include/ur_msgs/ur_msgs/msg/detail/robot_state_rt_msg__builder.hpp
[1.022s] -- Up-to-date: /ros2_ws/install/ur_msgs/include/ur_msgs/ur_msgs/msg/detail/masterboard_data_msg__traits.hpp
[1.022s] -- Up-to-date: /ros2_ws/install/ur_msgs/include/ur_msgs/ur_msgs/msg/detail/tool_data_msg__builder.hpp
[1.022s] -- Up-to-date: /ros2_ws/install/ur_msgs/include/ur_msgs/ur_msgs/msg/detail/analog__type_support.hpp
[1.022s] -- Up-to-date: /ros2_ws/install/ur_msgs/include/ur_msgs/ur_msgs/msg/detail/io_states__type_support.hpp
[1.022s] -- Up-to-date: /ros2_ws/install/ur_msgs/include/ur_msgs/ur_msgs/msg/detail/digital__struct.hpp
[1.022s] -- Up-to-date: /ros2_ws/install/ur_msgs/include/ur_msgs/ur_msgs/msg/detail/tool_data_msg__traits.hpp
[1.022s] -- Up-to-date: /ros2_ws/install/ur_msgs/include/ur_msgs/ur_msgs/msg/detail/io_states__struct.hpp
[1.022s] -- Up-to-date: /ros2_ws/install/ur_msgs/include/ur_msgs/ur_msgs/msg/analog.hpp
[1.023s] -- Up-to-date: /ros2_ws/install/ur_msgs/include/ur_msgs/ur_msgs/srv
[1.023s] -- Up-to-date: /ros2_ws/install/ur_msgs/include/ur_msgs/ur_msgs/srv/set_io.hpp
[1.023s] -- Up-to-date: /ros2_ws/install/ur_msgs/include/ur_msgs/ur_msgs/srv/get_robot_software_version.hpp
[1.023s] -- Up-to-date: /ros2_ws/install/ur_msgs/include/ur_msgs/ur_msgs/srv/set_payload.hpp
[1.023s] -- Up-to-date: /ros2_ws/install/ur_msgs/include/ur_msgs/ur_msgs/srv/set_force_mode.hpp
[1.023s] -- Up-to-date: /ros2_ws/install/ur_msgs/include/ur_msgs/ur_msgs/srv/detail
[1.023s] -- Up-to-date: /ros2_ws/install/ur_msgs/include/ur_msgs/ur_msgs/srv/detail/set_payload__struct.hpp
[1.023s] -- Up-to-date: /ros2_ws/install/ur_msgs/include/ur_msgs/ur_msgs/srv/detail/set_payload__type_support.hpp
[1.023s] -- Up-to-date: /ros2_ws/install/ur_msgs/include/ur_msgs/ur_msgs/srv/detail/set_analog_output__traits.hpp
[1.023s] -- Up-to-date: /ros2_ws/install/ur_msgs/include/ur_msgs/ur_msgs/srv/detail/get_robot_software_version__builder.hpp
[1.023s] -- Up-to-date: /ros2_ws/install/ur_msgs/include/ur_msgs/ur_msgs/srv/detail/set_analog_output__type_support.hpp
[1.023s] -- Up-to-date: /ros2_ws/install/ur_msgs/include/ur_msgs/ur_msgs/srv/detail/set_force_mode__type_support.hpp
[1.023s] -- Up-to-date: /ros2_ws/install/ur_msgs/include/ur_msgs/ur_msgs/srv/detail/set_force_mode__struct.hpp
[1.023s] -- Up-to-date: /ros2_ws/install/ur_msgs/include/ur_msgs/ur_msgs/srv/detail/get_robot_software_version__traits.hpp
[1.023s] -- Up-to-date: /ros2_ws/install/ur_msgs/include/ur_msgs/ur_msgs/srv/detail/set_speed_slider_fraction__struct.hpp
[1.023s] -- Up-to-date: /ros2_ws/install/ur_msgs/include/ur_msgs/ur_msgs/srv/detail/get_robot_software_version__type_support.hpp
[1.023s] -- Up-to-date: /ros2_ws/install/ur_msgs/include/ur_msgs/ur_msgs/srv/detail/set_io__struct.hpp
[1.023s] -- Up-to-date: /ros2_ws/install/ur_msgs/include/ur_msgs/ur_msgs/srv/detail/set_payload__traits.hpp
[1.023s] -- Up-to-date: /ros2_ws/install/ur_msgs/include/ur_msgs/ur_msgs/srv/detail/get_robot_software_version__struct.hpp
[1.024s] -- Up-to-date: /ros2_ws/install/ur_msgs/include/ur_msgs/ur_msgs/srv/detail/set_speed_slider_fraction__traits.hpp
[1.024s] -- Up-to-date: /ros2_ws/install/ur_msgs/include/ur_msgs/ur_msgs/srv/detail/set_io__type_support.hpp
[1.024s] -- Up-to-date: /ros2_ws/install/ur_msgs/include/ur_msgs/ur_msgs/srv/detail/set_analog_output__builder.hpp
[1.024s] -- Up-to-date: /ros2_ws/install/ur_msgs/include/ur_msgs/ur_msgs/srv/detail/set_force_mode__builder.hpp
[1.024s] -- Up-to-date: /ros2_ws/install/ur_msgs/include/ur_msgs/ur_msgs/srv/detail/set_payload__builder.hpp
[1.024s] -- Up-to-date: /ros2_ws/install/ur_msgs/include/ur_msgs/ur_msgs/srv/detail/set_io__traits.hpp
[1.024s] -- Up-to-date: /ros2_ws/install/ur_msgs/include/ur_msgs/ur_msgs/srv/detail/set_analog_output__struct.hpp
[1.024s] -- Up-to-date: /ros2_ws/install/ur_msgs/include/ur_msgs/ur_msgs/srv/detail/set_speed_slider_fraction__builder.hpp
[1.024s] -- Up-to-date: /ros2_ws/install/ur_msgs/include/ur_msgs/ur_msgs/srv/detail/set_speed_slider_fraction__type_support.hpp
[1.024s] -- Up-to-date: /ros2_ws/install/ur_msgs/include/ur_msgs/ur_msgs/srv/detail/set_force_mode__traits.hpp
[1.024s] -- Up-to-date: /ros2_ws/install/ur_msgs/include/ur_msgs/ur_msgs/srv/detail/set_io__builder.hpp
[1.024s] -- Up-to-date: /ros2_ws/install/ur_msgs/include/ur_msgs/ur_msgs/srv/set_speed_slider_fraction.hpp
[1.024s] -- Up-to-date: /ros2_ws/install/ur_msgs/include/ur_msgs/ur_msgs/srv/set_analog_output.hpp
[1.024s] -- Up-to-date: /ros2_ws/install/ur_msgs/include/ur_msgs/ur_msgs
[1.024s] -- Up-to-date: /ros2_ws/install/ur_msgs/include/ur_msgs/ur_msgs/msg
[1.024s] -- Up-to-date: /ros2_ws/install/ur_msgs/include/ur_msgs/ur_msgs/msg/rosidl_typesupport_fastrtps_cpp__visibility_control.h
[1.024s] -- Up-to-date: /ros2_ws/install/ur_msgs/include/ur_msgs/ur_msgs/msg/detail
[1.024s] -- Up-to-date: /ros2_ws/install/ur_msgs/include/ur_msgs/ur_msgs/msg/detail/robot_mode_data_msg__rosidl_typesupport_fastrtps_cpp.hpp
[1.024s] -- Up-to-date: /ros2_ws/install/ur_msgs/include/ur_msgs/ur_msgs/msg/detail/analog__rosidl_typesupport_fastrtps_cpp.hpp
[1.024s] -- Up-to-date: /ros2_ws/install/ur_msgs/include/ur_msgs/ur_msgs/msg/detail/digital__rosidl_typesupport_fastrtps_cpp.hpp
[1.024s] -- Up-to-date: /ros2_ws/install/ur_msgs/include/ur_msgs/ur_msgs/msg/detail/io_states__rosidl_typesupport_fastrtps_cpp.hpp
[1.024s] -- Up-to-date: /ros2_ws/install/ur_msgs/include/ur_msgs/ur_msgs/msg/detail/robot_state_rt_msg__rosidl_typesupport_fastrtps_cpp.hpp
[1.025s] -- Up-to-date: /ros2_ws/install/ur_msgs/include/ur_msgs/ur_msgs/msg/detail/tool_data_msg__rosidl_typesupport_fastrtps_cpp.hpp
[1.025s] -- Up-to-date: /ros2_ws/install/ur_msgs/include/ur_msgs/ur_msgs/msg/detail/masterboard_data_msg__rosidl_typesupport_fastrtps_cpp.hpp
[1.025s] -- Up-to-date: /ros2_ws/install/ur_msgs/include/ur_msgs/ur_msgs/msg/detail/dds_fastrtps
[1.025s] -- Up-to-date: /ros2_ws/install/ur_msgs/include/ur_msgs/ur_msgs/srv
[1.025s] -- Up-to-date: /ros2_ws/install/ur_msgs/include/ur_msgs/ur_msgs/srv/detail
[1.025s] -- Up-to-date: /ros2_ws/install/ur_msgs/include/ur_msgs/ur_msgs/srv/detail/get_robot_software_version__rosidl_typesupport_fastrtps_cpp.hpp
[1.025s] -- Up-to-date: /ros2_ws/install/ur_msgs/include/ur_msgs/ur_msgs/srv/detail/set_analog_output__rosidl_typesupport_fastrtps_cpp.hpp
[1.025s] -- Up-to-date: /ros2_ws/install/ur_msgs/include/ur_msgs/ur_msgs/srv/detail/set_payload__rosidl_typesupport_fastrtps_cpp.hpp
[1.025s] -- Up-to-date: /ros2_ws/install/ur_msgs/include/ur_msgs/ur_msgs/srv/detail/set_io__rosidl_typesupport_fastrtps_cpp.hpp
[1.025s] -- Up-to-date: /ros2_ws/install/ur_msgs/include/ur_msgs/ur_msgs/srv/detail/set_force_mode__rosidl_typesupport_fastrtps_cpp.hpp
[1.025s] -- Up-to-date: /ros2_ws/install/ur_msgs/include/ur_msgs/ur_msgs/srv/detail/dds_fastrtps
[1.025s] -- Up-to-date: /ros2_ws/install/ur_msgs/include/ur_msgs/ur_msgs/srv/detail/set_speed_slider_fraction__rosidl_typesupport_fastrtps_cpp.hpp
[1.025s] -- Up-to-date: /ros2_ws/install/ur_msgs/lib/libur_msgs__rosidl_typesupport_fastrtps_cpp.so
[1.025s] -- Up-to-date: /ros2_ws/install/ur_msgs/include/ur_msgs/ur_msgs
[1.025s] -- Up-to-date: /ros2_ws/install/ur_msgs/include/ur_msgs/ur_msgs/msg
[1.025s] -- Up-to-date: /ros2_ws/install/ur_msgs/include/ur_msgs/ur_msgs/msg/detail
[1.025s] -- Up-to-date: /ros2_ws/install/ur_msgs/include/ur_msgs/ur_msgs/msg/detail/digital__type_support.c
[1.025s] -- Up-to-date: /ros2_ws/install/ur_msgs/include/ur_msgs/ur_msgs/msg/detail/robot_state_rt_msg__rosidl_typesupport_introspection_c.h
[1.025s] -- Up-to-date: /ros2_ws/install/ur_msgs/include/ur_msgs/ur_msgs/msg/detail/tool_data_msg__rosidl_typesupport_introspection_c.h
[1.026s] -- Up-to-date: /ros2_ws/install/ur_msgs/include/ur_msgs/ur_msgs/msg/detail/tool_data_msg__type_support.c
[1.026s] -- Up-to-date: /ros2_ws/install/ur_msgs/include/ur_msgs/ur_msgs/msg/detail/masterboard_data_msg__rosidl_typesupport_introspection_c.h
[1.026s] -- Up-to-date: /ros2_ws/install/ur_msgs/include/ur_msgs/ur_msgs/msg/detail/io_states__rosidl_typesupport_introspection_c.h
[1.026s] -- Up-to-date: /ros2_ws/install/ur_msgs/include/ur_msgs/ur_msgs/msg/detail/robot_state_rt_msg__type_support.c
[1.026s] -- Up-to-date: /ros2_ws/install/ur_msgs/include/ur_msgs/ur_msgs/msg/detail/masterboard_data_msg__type_support.c
[1.026s] -- Up-to-date: /ros2_ws/install/ur_msgs/include/ur_msgs/ur_msgs/msg/detail/analog__rosidl_typesupport_introspection_c.h
[1.026s] -- Up-to-date: /ros2_ws/install/ur_msgs/include/ur_msgs/ur_msgs/msg/detail/robot_mode_data_msg__type_support.c
[1.026s] -- Up-to-date: /ros2_ws/install/ur_msgs/include/ur_msgs/ur_msgs/msg/detail/robot_mode_data_msg__rosidl_typesupport_introspection_c.h
[1.026s] -- Up-to-date: /ros2_ws/install/ur_msgs/include/ur_msgs/ur_msgs/msg/detail/analog__type_support.c
[1.026s] -- Up-to-date: /ros2_ws/install/ur_msgs/include/ur_msgs/ur_msgs/msg/detail/digital__rosidl_typesupport_introspection_c.h
[1.026s] -- Up-to-date: /ros2_ws/install/ur_msgs/include/ur_msgs/ur_msgs/msg/detail/io_states__type_support.c
[1.026s] -- Up-to-date: /ros2_ws/install/ur_msgs/include/ur_msgs/ur_msgs/msg/rosidl_typesupport_introspection_c__visibility_control.h
[1.026s] -- Up-to-date: /ros2_ws/install/ur_msgs/include/ur_msgs/ur_msgs/srv
[1.026s] -- Up-to-date: /ros2_ws/install/ur_msgs/include/ur_msgs/ur_msgs/srv/detail
[1.026s] -- Up-to-date: /ros2_ws/install/ur_msgs/include/ur_msgs/ur_msgs/srv/detail/set_payload__rosidl_typesupport_introspection_c.h
[1.026s] -- Up-to-date: /ros2_ws/install/ur_msgs/include/ur_msgs/ur_msgs/srv/detail/set_speed_slider_fraction__type_support.c
[1.026s] -- Up-to-date: /ros2_ws/install/ur_msgs/include/ur_msgs/ur_msgs/srv/detail/get_robot_software_version__type_support.c
[1.027s] -- Up-to-date: /ros2_ws/install/ur_msgs/include/ur_msgs/ur_msgs/srv/detail/set_force_mode__type_support.c
[1.027s] -- Up-to-date: /ros2_ws/install/ur_msgs/include/ur_msgs/ur_msgs/srv/detail/set_payload__type_support.c
[1.027s] -- Up-to-date: /ros2_ws/install/ur_msgs/include/ur_msgs/ur_msgs/srv/detail/set_io__type_support.c
[1.027s] -- Up-to-date: /ros2_ws/install/ur_msgs/include/ur_msgs/ur_msgs/srv/detail/get_robot_software_version__rosidl_typesupport_introspection_c.h
[1.027s] -- Up-to-date: /ros2_ws/install/ur_msgs/include/ur_msgs/ur_msgs/srv/detail/set_force_mode__rosidl_typesupport_introspection_c.h
[1.027s] -- Up-to-date: /ros2_ws/install/ur_msgs/include/ur_msgs/ur_msgs/srv/detail/set_analog_output__rosidl_typesupport_introspection_c.h
[1.027s] -- Up-to-date: /ros2_ws/install/ur_msgs/include/ur_msgs/ur_msgs/srv/detail/set_analog_output__type_support.c
[1.027s] -- Up-to-date: /ros2_ws/install/ur_msgs/include/ur_msgs/ur_msgs/srv/detail/set_io__rosidl_typesupport_introspection_c.h
[1.027s] -- Up-to-date: /ros2_ws/install/ur_msgs/include/ur_msgs/ur_msgs/srv/detail/set_speed_slider_fraction__rosidl_typesupport_introspection_c.h
[1.027s] -- Up-to-date: /ros2_ws/install/ur_msgs/lib/libur_msgs__rosidl_typesupport_introspection_c.so
[1.027s] -- Up-to-date: /ros2_ws/install/ur_msgs/lib/libur_msgs__rosidl_typesupport_c.so
[1.027s] -- Up-to-date: /ros2_ws/install/ur_msgs/include/ur_msgs/ur_msgs
[1.027s] -- Up-to-date: /ros2_ws/install/ur_msgs/include/ur_msgs/ur_msgs/msg
[1.027s] -- Up-to-date: /ros2_ws/install/ur_msgs/include/ur_msgs/ur_msgs/msg/detail
[1.027s] -- Up-to-date: /ros2_ws/install/ur_msgs/include/ur_msgs/ur_msgs/msg/detail/robot_state_rt_msg__type_support.cpp
[1.027s] -- Up-to-date: /ros2_ws/install/ur_msgs/include/ur_msgs/ur_msgs/msg/detail/masterboard_data_msg__rosidl_typesupport_introspection_cpp.hpp
[1.027s] -- Up-to-date: /ros2_ws/install/ur_msgs/include/ur_msgs/ur_msgs/msg/detail/analog__rosidl_typesupport_introspection_cpp.hpp
[1.027s] -- Up-to-date: /ros2_ws/install/ur_msgs/include/ur_msgs/ur_msgs/msg/detail/digital__rosidl_typesupport_introspection_cpp.hpp
[1.027s] -- Up-to-date: /ros2_ws/install/ur_msgs/include/ur_msgs/ur_msgs/msg/detail/robot_mode_data_msg__type_support.cpp
[1.027s] -- Up-to-date: /ros2_ws/install/ur_msgs/include/ur_msgs/ur_msgs/msg/detail/io_states__type_support.cpp
[1.027s] -- Up-to-date: /ros2_ws/install/ur_msgs/include/ur_msgs/ur_msgs/msg/detail/digital__type_support.cpp
[1.028s] -- Up-to-date: /ros2_ws/install/ur_msgs/include/ur_msgs/ur_msgs/msg/detail/tool_data_msg__rosidl_typesupport_introspection_cpp.hpp
[1.028s] -- Up-to-date: /ros2_ws/install/ur_msgs/include/ur_msgs/ur_msgs/msg/detail/robot_mode_data_msg__rosidl_typesupport_introspection_cpp.hpp
[1.028s] -- Up-to-date: /ros2_ws/install/ur_msgs/include/ur_msgs/ur_msgs/msg/detail/tool_data_msg__type_support.cpp
[1.028s] -- Up-to-date: /ros2_ws/install/ur_msgs/include/ur_msgs/ur_msgs/msg/detail/masterboard_data_msg__type_support.cpp
[1.028s] -- Up-to-date: /ros2_ws/install/ur_msgs/include/ur_msgs/ur_msgs/msg/detail/io_states__rosidl_typesupport_introspection_cpp.hpp
[1.028s] -- Up-to-date: /ros2_ws/install/ur_msgs/include/ur_msgs/ur_msgs/msg/detail/robot_state_rt_msg__rosidl_typesupport_introspection_cpp.hpp
[1.028s] -- Up-to-date: /ros2_ws/install/ur_msgs/include/ur_msgs/ur_msgs/msg/detail/analog__type_support.cpp
[1.028s] -- Up-to-date: /ros2_ws/install/ur_msgs/include/ur_msgs/ur_msgs/srv
[1.028s] -- Up-to-date: /ros2_ws/install/ur_msgs/include/ur_msgs/ur_msgs/srv/detail
[1.028s] -- Up-to-date: /ros2_ws/install/ur_msgs/include/ur_msgs/ur_msgs/srv/detail/set_speed_slider_fraction__rosidl_typesupport_introspection_cpp.hpp
[1.028s] -- Up-to-date: /ros2_ws/install/ur_msgs/include/ur_msgs/ur_msgs/srv/detail/get_robot_software_version__rosidl_typesupport_introspection_cpp.hpp
[1.028s] -- Up-to-date: /ros2_ws/install/ur_msgs/include/ur_msgs/ur_msgs/srv/detail/set_force_mode__type_support.cpp
[1.028s] -- Up-to-date: /ros2_ws/install/ur_msgs/include/ur_msgs/ur_msgs/srv/detail/set_payload__type_support.cpp
[1.028s] -- Up-to-date: /ros2_ws/install/ur_msgs/include/ur_msgs/ur_msgs/srv/detail/set_io__type_support.cpp
[1.028s] -- Up-to-date: /ros2_ws/install/ur_msgs/include/ur_msgs/ur_msgs/srv/detail/set_analog_output__rosidl_typesupport_introspection_cpp.hpp
[1.028s] -- Up-to-date: /ros2_ws/install/ur_msgs/include/ur_msgs/ur_msgs/srv/detail/get_robot_software_version__type_support.cpp
[1.028s] -- Up-to-date: /ros2_ws/install/ur_msgs/include/ur_msgs/ur_msgs/srv/detail/set_force_mode__rosidl_typesupport_introspection_cpp.hpp
[1.028s] -- Up-to-date: /ros2_ws/install/ur_msgs/include/ur_msgs/ur_msgs/srv/detail/set_io__rosidl_typesupport_introspection_cpp.hpp
[1.028s] -- Up-to-date: /ros2_ws/install/ur_msgs/include/ur_msgs/ur_msgs/srv/detail/set_payload__rosidl_typesupport_introspection_cpp.hpp
[1.028s] -- Up-to-date: /ros2_ws/install/ur_msgs/include/ur_msgs/ur_msgs/srv/detail/set_speed_slider_fraction__type_support.cpp
[1.028s] -- Up-to-date: /ros2_ws/install/ur_msgs/include/ur_msgs/ur_msgs/srv/detail/set_analog_output__type_support.cpp
[1.028s] -- Up-to-date: /ros2_ws/install/ur_msgs/lib/libur_msgs__rosidl_typesupport_introspection_cpp.so
[1.028s] -- Up-to-date: /ros2_ws/install/ur_msgs/lib/libur_msgs__rosidl_typesupport_cpp.so
[1.029s] -- Up-to-date: /ros2_ws/install/ur_msgs/share/ur_msgs/environment/pythonpath.sh
[1.029s] -- Up-to-date: /ros2_ws/install/ur_msgs/share/ur_msgs/environment/pythonpath.dsv
[1.029s] -- Up-to-date: /ros2_ws/install/ur_msgs/local/lib/python3.10/dist-packages/ur_msgs-2.1.0-py3.10.egg-info
[1.029s] -- Installing: /ros2_ws/install/ur_msgs/local/lib/python3.10/dist-packages/ur_msgs-2.1.0-py3.10.egg-info/dependency_links.txt
[1.029s] -- Installing: /ros2_ws/install/ur_msgs/local/lib/python3.10/dist-packages/ur_msgs-2.1.0-py3.10.egg-info/top_level.txt
[1.029s] -- Installing: /ros2_ws/install/ur_msgs/local/lib/python3.10/dist-packages/ur_msgs-2.1.0-py3.10.egg-info/SOURCES.txt
[1.029s] -- Installing: /ros2_ws/install/ur_msgs/local/lib/python3.10/dist-packages/ur_msgs-2.1.0-py3.10.egg-info/PKG-INFO
[1.029s] -- Up-to-date: /ros2_ws/install/ur_msgs/local/lib/python3.10/dist-packages/ur_msgs
[1.029s] -- Up-to-date: /ros2_ws/install/ur_msgs/local/lib/python3.10/dist-packages/ur_msgs/_ur_msgs_s.ep.rosidl_typesupport_fastrtps_c.c
[1.029s] -- Up-to-date: /ros2_ws/install/ur_msgs/local/lib/python3.10/dist-packages/ur_msgs/_ur_msgs_s.ep.rosidl_typesupport_c.c
[1.029s] -- Up-to-date: /ros2_ws/install/ur_msgs/local/lib/python3.10/dist-packages/ur_msgs/ur_msgs_s__rosidl_typesupport_c.cpython-310-x86_64-linux-gnu.so
[1.029s] -- Up-to-date: /ros2_ws/install/ur_msgs/local/lib/python3.10/dist-packages/ur_msgs/_ur_msgs_s.ep.rosidl_typesupport_introspection_c.c
[1.029s] -- Up-to-date: /ros2_ws/install/ur_msgs/local/lib/python3.10/dist-packages/ur_msgs/ur_msgs_s__rosidl_typesupport_fastrtps_c.cpython-310-x86_64-linux-gnu.so
[1.029s] -- Up-to-date: /ros2_ws/install/ur_msgs/local/lib/python3.10/dist-packages/ur_msgs/ur_msgs_s__rosidl_typesupport_introspection_c.cpython-310-x86_64-linux-gnu.so
[1.029s] -- Up-to-date: /ros2_ws/install/ur_msgs/local/lib/python3.10/dist-packages/ur_msgs/libur_msgs__rosidl_generator_py.so
[1.029s] -- Up-to-date: /ros2_ws/install/ur_msgs/local/lib/python3.10/dist-packages/ur_msgs/__init__.py
[1.029s] -- Up-to-date: /ros2_ws/install/ur_msgs/local/lib/python3.10/dist-packages/ur_msgs/msg
[1.029s] -- Up-to-date: /ros2_ws/install/ur_msgs/local/lib/python3.10/dist-packages/ur_msgs/msg/_robot_state_rt_msg_s.c
[1.029s] -- Up-to-date: /ros2_ws/install/ur_msgs/local/lib/python3.10/dist-packages/ur_msgs/msg/_robot_state_rt_msg.py
[1.029s] -- Up-to-date: /ros2_ws/install/ur_msgs/local/lib/python3.10/dist-packages/ur_msgs/msg/_analog_s.c
[1.029s] -- Up-to-date: /ros2_ws/install/ur_msgs/local/lib/python3.10/dist-packages/ur_msgs/msg/_digital.py
[1.029s] -- Up-to-date: /ros2_ws/install/ur_msgs/local/lib/python3.10/dist-packages/ur_msgs/msg/_analog.py
[1.029s] -- Up-to-date: /ros2_ws/install/ur_msgs/local/lib/python3.10/dist-packages/ur_msgs/msg/_robot_mode_data_msg.py
[1.030s] -- Up-to-date: /ros2_ws/install/ur_msgs/local/lib/python3.10/dist-packages/ur_msgs/msg/_io_states_s.c
[1.030s] -- Up-to-date: /ros2_ws/install/ur_msgs/local/lib/python3.10/dist-packages/ur_msgs/msg/_robot_mode_data_msg_s.c
[1.030s] -- Up-to-date: /ros2_ws/install/ur_msgs/local/lib/python3.10/dist-packages/ur_msgs/msg/_io_states.py
[1.030s] -- Up-to-date: /ros2_ws/install/ur_msgs/local/lib/python3.10/dist-packages/ur_msgs/msg/_digital_s.c
[1.030s] -- Up-to-date: /ros2_ws/install/ur_msgs/local/lib/python3.10/dist-packages/ur_msgs/msg/_masterboard_data_msg.py
[1.030s] -- Up-to-date: /ros2_ws/install/ur_msgs/local/lib/python3.10/dist-packages/ur_msgs/msg/__init__.py
[1.030s] -- Up-to-date: /ros2_ws/install/ur_msgs/local/lib/python3.10/dist-packages/ur_msgs/msg/_tool_data_msg_s.c
[1.030s] -- Up-to-date: /ros2_ws/install/ur_msgs/local/lib/python3.10/dist-packages/ur_msgs/msg/_masterboard_data_msg_s.c
[1.030s] -- Up-to-date: /ros2_ws/install/ur_msgs/local/lib/python3.10/dist-packages/ur_msgs/msg/_tool_data_msg.py
[1.030s] -- Up-to-date: /ros2_ws/install/ur_msgs/local/lib/python3.10/dist-packages/ur_msgs/srv
[1.030s] -- Up-to-date: /ros2_ws/install/ur_msgs/local/lib/python3.10/dist-packages/ur_msgs/srv/_set_analog_output_s.c
[1.030s] -- Up-to-date: /ros2_ws/install/ur_msgs/local/lib/python3.10/dist-packages/ur_msgs/srv/_set_io.py
[1.030s] -- Up-to-date: /ros2_ws/install/ur_msgs/local/lib/python3.10/dist-packages/ur_msgs/srv/_set_analog_output.py
[1.030s] -- Up-to-date: /ros2_ws/install/ur_msgs/local/lib/python3.10/dist-packages/ur_msgs/srv/_set_speed_slider_fraction_s.c
[1.030s] -- Up-to-date: /ros2_ws/install/ur_msgs/local/lib/python3.10/dist-packages/ur_msgs/srv/_set_payload_s.c
[1.030s] -- Up-to-date: /ros2_ws/install/ur_msgs/local/lib/python3.10/dist-packages/ur_msgs/srv/_set_force_mode.py
[1.030s] -- Up-to-date: /ros2_ws/install/ur_msgs/local/lib/python3.10/dist-packages/ur_msgs/srv/_get_robot_software_version_s.c
[1.030s] -- Up-to-date: /ros2_ws/install/ur_msgs/local/lib/python3.10/dist-packages/ur_msgs/srv/_set_io_s.c
[1.030s] -- Up-to-date: /ros2_ws/install/ur_msgs/local/lib/python3.10/dist-packages/ur_msgs/srv/__init__.py
[1.030s] -- Up-to-date: /ros2_ws/install/ur_msgs/local/lib/python3.10/dist-packages/ur_msgs/srv/_set_payload.py
[1.030s] -- Up-to-date: /ros2_ws/install/ur_msgs/local/lib/python3.10/dist-packages/ur_msgs/srv/_set_force_mode_s.c
[1.030s] -- Up-to-date: /ros2_ws/install/ur_msgs/local/lib/python3.10/dist-packages/ur_msgs/srv/_set_speed_slider_fraction.py
[1.031s] -- Up-to-date: /ros2_ws/install/ur_msgs/local/lib/python3.10/dist-packages/ur_msgs/srv/_get_robot_software_version.py
[1.063s] Listing '/ros2_ws/install/ur_msgs/local/lib/python3.10/dist-packages/ur_msgs'...
[1.063s] Listing '/ros2_ws/install/ur_msgs/local/lib/python3.10/dist-packages/ur_msgs/msg'...
[1.063s] Listing '/ros2_ws/install/ur_msgs/local/lib/python3.10/dist-packages/ur_msgs/srv'...
[1.067s] -- Up-to-date: /ros2_ws/install/ur_msgs/local/lib/python3.10/dist-packages/ur_msgs/ur_msgs_s__rosidl_typesupport_fastrtps_c.cpython-310-x86_64-linux-gnu.so
[1.067s] -- Up-to-date: /ros2_ws/install/ur_msgs/local/lib/python3.10/dist-packages/ur_msgs/ur_msgs_s__rosidl_typesupport_introspection_c.cpython-310-x86_64-linux-gnu.so
[1.068s] -- Up-to-date: /ros2_ws/install/ur_msgs/local/lib/python3.10/dist-packages/ur_msgs/ur_msgs_s__rosidl_typesupport_c.cpython-310-x86_64-linux-gnu.so
[1.069s] -- Up-to-date: /ros2_ws/install/ur_msgs/lib/libur_msgs__rosidl_generator_py.so
[1.070s] -- Up-to-date: /ros2_ws/install/ur_msgs/share/ur_msgs/msg/Analog.idl
[1.070s] -- Up-to-date: /ros2_ws/install/ur_msgs/share/ur_msgs/msg/Digital.idl
[1.070s] -- Up-to-date: /ros2_ws/install/ur_msgs/share/ur_msgs/msg/IOStates.idl
[1.070s] -- Up-to-date: /ros2_ws/install/ur_msgs/share/ur_msgs/msg/RobotStateRTMsg.idl
[1.070s] -- Up-to-date: /ros2_ws/install/ur_msgs/share/ur_msgs/msg/MasterboardDataMsg.idl
[1.070s] -- Up-to-date: /ros2_ws/install/ur_msgs/share/ur_msgs/msg/RobotModeDataMsg.idl
[1.070s] -- Up-to-date: /ros2_ws/install/ur_msgs/share/ur_msgs/msg/ToolDataMsg.idl
[1.070s] -- Up-to-date: /ros2_ws/install/ur_msgs/share/ur_msgs/srv/SetAnalogOutput.idl
[1.070s] -- Up-to-date: /ros2_ws/install/ur_msgs/share/ur_msgs/srv/SetPayload.idl
[1.070s] -- Up-to-date: /ros2_ws/install/ur_msgs/share/ur_msgs/srv/SetSpeedSliderFraction.idl
[1.070s] -- Up-to-date: /ros2_ws/install/ur_msgs/share/ur_msgs/srv/SetIO.idl
[1.070s] -- Up-to-date: /ros2_ws/install/ur_msgs/share/ur_msgs/srv/GetRobotSoftwareVersion.idl
[1.070s] -- Up-to-date: /ros2_ws/install/ur_msgs/share/ur_msgs/srv/SetForceMode.idl
[1.071s] -- Up-to-date: /ros2_ws/install/ur_msgs/share/ur_msgs/msg/Analog.msg
[1.071s] -- Up-to-date: /ros2_ws/install/ur_msgs/share/ur_msgs/msg/Digital.msg
[1.071s] -- Up-to-date: /ros2_ws/install/ur_msgs/share/ur_msgs/msg/IOStates.msg
[1.071s] -- Up-to-date: /ros2_ws/install/ur_msgs/share/ur_msgs/msg/RobotStateRTMsg.msg
[1.071s] -- Up-to-date: /ros2_ws/install/ur_msgs/share/ur_msgs/msg/MasterboardDataMsg.msg
[1.071s] -- Up-to-date: /ros2_ws/install/ur_msgs/share/ur_msgs/msg/RobotModeDataMsg.msg
[1.071s] -- Up-to-date: /ros2_ws/install/ur_msgs/share/ur_msgs/msg/ToolDataMsg.msg
[1.071s] -- Up-to-date: /ros2_ws/install/ur_msgs/share/ur_msgs/srv/SetAnalogOutput.srv
[1.071s] -- Up-to-date: /ros2_ws/install/ur_msgs/share/ur_msgs/srv/SetAnalogOutput_Request.msg
[1.071s] -- Up-to-date: /ros2_ws/install/ur_msgs/share/ur_msgs/srv/SetAnalogOutput_Response.msg
[1.071s] -- Up-to-date: /ros2_ws/install/ur_msgs/share/ur_msgs/srv/SetPayload.srv
[1.071s] -- Up-to-date: /ros2_ws/install/ur_msgs/share/ur_msgs/srv/SetPayload_Request.msg
[1.071s] -- Up-to-date: /ros2_ws/install/ur_msgs/share/ur_msgs/srv/SetPayload_Response.msg
[1.071s] -- Up-to-date: /ros2_ws/install/ur_msgs/share/ur_msgs/srv/SetSpeedSliderFraction.srv
[1.071s] -- Up-to-date: /ros2_ws/install/ur_msgs/share/ur_msgs/srv/SetSpeedSliderFraction_Request.msg
[1.071s] -- Up-to-date: /ros2_ws/install/ur_msgs/share/ur_msgs/srv/SetSpeedSliderFraction_Response.msg
[1.072s] -- Up-to-date: /ros2_ws/install/ur_msgs/share/ur_msgs/srv/SetIO.srv
[1.072s] -- Up-to-date: /ros2_ws/install/ur_msgs/share/ur_msgs/srv/SetIO_Request.msg
[1.072s] -- Up-to-date: /ros2_ws/install/ur_msgs/share/ur_msgs/srv/SetIO_Response.msg
[1.072s] -- Up-to-date: /ros2_ws/install/ur_msgs/share/ur_msgs/srv/GetRobotSoftwareVersion.srv
[1.072s] -- Up-to-date: /ros2_ws/install/ur_msgs/share/ur_msgs/srv/GetRobotSoftwareVersion_Request.msg
[1.072s] -- Up-to-date: /ros2_ws/install/ur_msgs/share/ur_msgs/srv/GetRobotSoftwareVersion_Response.msg
[1.072s] -- Up-to-date: /ros2_ws/install/ur_msgs/share/ur_msgs/srv/SetForceMode.srv
[1.072s] -- Up-to-date: /ros2_ws/install/ur_msgs/share/ur_msgs/srv/SetForceMode_Request.msg
[1.072s] -- Up-to-date: /ros2_ws/install/ur_msgs/share/ur_msgs/srv/SetForceMode_Response.msg
[1.072s] -- Up-to-date: /ros2_ws/install/ur_msgs/share/ament_index/resource_index/package_run_dependencies/ur_msgs
[1.072s] -- Up-to-date: /ros2_ws/install/ur_msgs/share/ament_index/resource_index/parent_prefix_path/ur_msgs
[1.072s] -- Up-to-date: /ros2_ws/install/ur_msgs/share/ur_msgs/environment/ament_prefix_path.sh
[1.072s] -- Up-to-date: /ros2_ws/install/ur_msgs/share/ur_msgs/environment/ament_prefix_path.dsv
[1.072s] -- Up-to-date: /ros2_ws/install/ur_msgs/share/ur_msgs/environment/path.sh
[1.072s] -- Up-to-date: /ros2_ws/install/ur_msgs/share/ur_msgs/environment/path.dsv
[1.072s] -- Up-to-date: /ros2_ws/install/ur_msgs/share/ur_msgs/local_setup.bash
[1.072s] -- Up-to-date: /ros2_ws/install/ur_msgs/share/ur_msgs/local_setup.sh
[1.072s] -- Up-to-date: /ros2_ws/install/ur_msgs/share/ur_msgs/local_setup.zsh
[1.073s] -- Up-to-date: /ros2_ws/install/ur_msgs/share/ur_msgs/local_setup.dsv
[1.073s] -- Up-to-date: /ros2_ws/install/ur_msgs/share/ur_msgs/package.dsv
[1.073s] -- Up-to-date: /ros2_ws/install/ur_msgs/share/ament_index/resource_index/packages/ur_msgs
[1.073s] -- Up-to-date: /ros2_ws/install/ur_msgs/share/ur_msgs/cmake/export_ur_msgs__rosidl_generator_cExport.cmake
[1.073s] -- Up-to-date: /ros2_ws/install/ur_msgs/share/ur_msgs/cmake/export_ur_msgs__rosidl_generator_cExport-release.cmake
[1.074s] -- Up-to-date: /ros2_ws/install/ur_msgs/share/ur_msgs/cmake/export_ur_msgs__rosidl_typesupport_fastrtps_cExport.cmake
[1.074s] -- Up-to-date: /ros2_ws/install/ur_msgs/share/ur_msgs/cmake/export_ur_msgs__rosidl_typesupport_fastrtps_cExport-release.cmake
[1.074s] -- Up-to-date: /ros2_ws/install/ur_msgs/share/ur_msgs/cmake/export_ur_msgs__rosidl_generator_cppExport.cmake
[1.074s] -- Up-to-date: /ros2_ws/install/ur_msgs/share/ur_msgs/cmake/export_ur_msgs__rosidl_typesupport_fastrtps_cppExport.cmake
[1.075s] -- Up-to-date: /ros2_ws/install/ur_msgs/share/ur_msgs/cmake/export_ur_msgs__rosidl_typesupport_fastrtps_cppExport-release.cmake
[1.075s] -- Up-to-date: /ros2_ws/install/ur_msgs/share/ur_msgs/cmake/ur_msgs__rosidl_typesupport_introspection_cExport.cmake
[1.075s] -- Up-to-date: /ros2_ws/install/ur_msgs/share/ur_msgs/cmake/ur_msgs__rosidl_typesupport_introspection_cExport-release.cmake
[1.075s] -- Up-to-date: /ros2_ws/install/ur_msgs/share/ur_msgs/cmake/ur_msgs__rosidl_typesupport_cExport.cmake
[1.075s] -- Up-to-date: /ros2_ws/install/ur_msgs/share/ur_msgs/cmake/ur_msgs__rosidl_typesupport_cExport-release.cmake
[1.075s] -- Up-to-date: /ros2_ws/install/ur_msgs/share/ur_msgs/cmake/ur_msgs__rosidl_typesupport_introspection_cppExport.cmake
[1.076s] -- Up-to-date: /ros2_ws/install/ur_msgs/share/ur_msgs/cmake/ur_msgs__rosidl_typesupport_introspection_cppExport-release.cmake
[1.076s] -- Up-to-date: /ros2_ws/install/ur_msgs/share/ur_msgs/cmake/ur_msgs__rosidl_typesupport_cppExport.cmake
[1.076s] -- Up-to-date: /ros2_ws/install/ur_msgs/share/ur_msgs/cmake/ur_msgs__rosidl_typesupport_cppExport-release.cmake
[1.076s] -- Up-to-date: /ros2_ws/install/ur_msgs/share/ur_msgs/cmake/export_ur_msgs__rosidl_generator_pyExport.cmake
[1.076s] -- Up-to-date: /ros2_ws/install/ur_msgs/share/ur_msgs/cmake/export_ur_msgs__rosidl_generator_pyExport-release.cmake
[1.076s] -- Up-to-date: /ros2_ws/install/ur_msgs/share/ur_msgs/cmake/rosidl_cmake-extras.cmake
[1.077s] -- Up-to-date: /ros2_ws/install/ur_msgs/share/ur_msgs/cmake/ament_cmake_export_dependencies-extras.cmake
[1.077s] -- Up-to-date: /ros2_ws/install/ur_msgs/share/ur_msgs/cmake/ament_cmake_export_include_directories-extras.cmake
[1.077s] -- Up-to-date: /ros2_ws/install/ur_msgs/share/ur_msgs/cmake/ament_cmake_export_libraries-extras.cmake
[1.077s] -- Up-to-date: /ros2_ws/install/ur_msgs/share/ur_msgs/cmake/ament_cmake_export_targets-extras.cmake
[1.077s] -- Up-to-date: /ros2_ws/install/ur_msgs/share/ur_msgs/cmake/rosidl_cmake_export_typesupport_targets-extras.cmake
[1.077s] -- Up-to-date: /ros2_ws/install/ur_msgs/share/ur_msgs/cmake/rosidl_cmake_export_typesupport_libraries-extras.cmake
[1.077s] -- Up-to-date: /ros2_ws/install/ur_msgs/share/ur_msgs/cmake/ur_msgsConfig.cmake
[1.077s] -- Up-to-date: /ros2_ws/install/ur_msgs/share/ur_msgs/cmake/ur_msgsConfig-version.cmake
[1.077s] -- Up-to-date: /ros2_ws/install/ur_msgs/share/ur_msgs/package.xml
[1.080s] Invoked command in '/ros2_ws/build/ur_msgs' returned '0': CMAKE_PREFIX_PATH=${CMAKE_PREFIX_PATH}:/ros2_ws/install/moveit_configs_utils:/ros2_ws/install/launch_param_builder:/opt/ros/humble /usr/bin/cmake --install /ros2_ws/build/ur_msgs
