[0.154s] Invoking command in '/ros2_ws/build/rosparam_shortcuts': CMAKE_PREFIX_PATH=${CMAKE_PREFIX_PATH}:/ros2_ws/install/moveit_configs_utils:/ros2_ws/install/launch_param_builder:/opt/ros/humble /usr/bin/cmake --build /ros2_ws/build/rosparam_shortcuts -- -j8 -l8
[0.395s] [ 15%] Built target gtest_main
[0.459s] [ 30%] Built target gtest
[0.472s] [ 53%] Built target rosparam_shortcuts
[0.610s] [ 69%] Built target test_node_parameters
[0.643s] [ 84%] Built target rosparam_shortcuts_node_parameters_example
[0.651s] [100%] Built target rosparam_shortcuts_example
[0.715s] Invoked command in '/ros2_ws/build/rosparam_shortcuts' returned '0': CMAKE_PREFIX_PATH=${CMAKE_PREFIX_PATH}:/ros2_ws/install/moveit_configs_utils:/ros2_ws/install/launch_param_builder:/opt/ros/humble /usr/bin/cmake --build /ros2_ws/build/rosparam_shortcuts -- -j8 -l8
[0.724s] Invoking command in '/ros2_ws/build/rosparam_shortcuts': CMAKE_PREFIX_PATH=${CMAKE_PREFIX_PATH}:/ros2_ws/install/moveit_configs_utils:/ros2_ws/install/launch_param_builder:/opt/ros/humble /usr/bin/cmake --install /ros2_ws/build/rosparam_shortcuts
[0.764s] -- Install configuration: ""
[0.764s] -- Up-to-date: /ros2_ws/install/rosparam_shortcuts/lib/librosparam_shortcuts.so
[0.764s] -- Up-to-date: /ros2_ws/install/rosparam_shortcuts/lib/rosparam_shortcuts/example
[0.765s] -- Up-to-date: /ros2_ws/install/rosparam_shortcuts/lib/rosparam_shortcuts/node_parameters_example
[0.765s] -- Up-to-date: /ros2_ws/install/rosparam_shortcuts/include
[0.765s] -- Up-to-date: /ros2_ws/install/rosparam_shortcuts/include/rosparam_shortcuts
[0.765s] -- Up-to-date: /ros2_ws/install/rosparam_shortcuts/include/rosparam_shortcuts/rosparam_shortcuts.h
[0.765s] -- Up-to-date: /ros2_ws/install/rosparam_shortcuts/include/rosparam_shortcuts/node_parameters.h
[0.765s] -- Up-to-date: /ros2_ws/install/rosparam_shortcuts/share/rosparam_shortcuts/launch
[0.765s] -- Up-to-date: /ros2_ws/install/rosparam_shortcuts/share/rosparam_shortcuts/launch/example.launch.py
[0.765s] -- Up-to-date: /ros2_ws/install/rosparam_shortcuts/share/rosparam_shortcuts/config
[0.765s] -- Up-to-date: /ros2_ws/install/rosparam_shortcuts/share/rosparam_shortcuts/config/example.yaml
[0.766s] -- Up-to-date: /ros2_ws/install/rosparam_shortcuts/share/rosparam_shortcuts/environment/library_path.sh
[0.766s] -- Up-to-date: /ros2_ws/install/rosparam_shortcuts/share/rosparam_shortcuts/environment/library_path.dsv
[0.766s] -- Up-to-date: /ros2_ws/install/rosparam_shortcuts/share/ament_index/resource_index/package_run_dependencies/rosparam_shortcuts
[0.766s] -- Up-to-date: /ros2_ws/install/rosparam_shortcuts/share/ament_index/resource_index/parent_prefix_path/rosparam_shortcuts
[0.766s] -- Up-to-date: /ros2_ws/install/rosparam_shortcuts/share/rosparam_shortcuts/environment/ament_prefix_path.sh
[0.766s] -- Up-to-date: /ros2_ws/install/rosparam_shortcuts/share/rosparam_shortcuts/environment/ament_prefix_path.dsv
[0.766s] -- Up-to-date: /ros2_ws/install/rosparam_shortcuts/share/rosparam_shortcuts/environment/path.sh
[0.766s] -- Up-to-date: /ros2_ws/install/rosparam_shortcuts/share/rosparam_shortcuts/environment/path.dsv
[0.766s] -- Up-to-date: /ros2_ws/install/rosparam_shortcuts/share/rosparam_shortcuts/local_setup.bash
[0.767s] -- Up-to-date: /ros2_ws/install/rosparam_shortcuts/share/rosparam_shortcuts/local_setup.sh
[0.767s] -- Up-to-date: /ros2_ws/install/rosparam_shortcuts/share/rosparam_shortcuts/local_setup.zsh
[0.767s] -- Up-to-date: /ros2_ws/install/rosparam_shortcuts/share/rosparam_shortcuts/local_setup.dsv
[0.767s] -- Installing: /ros2_ws/install/rosparam_shortcuts/share/rosparam_shortcuts/package.dsv
[0.767s] -- Up-to-date: /ros2_ws/install/rosparam_shortcuts/share/ament_index/resource_index/packages/rosparam_shortcuts
[0.767s] -- Up-to-date: /ros2_ws/install/rosparam_shortcuts/share/rosparam_shortcuts/cmake/export_rosparam_shortcutsExport.cmake
[0.767s] -- Up-to-date: /ros2_ws/install/rosparam_shortcuts/share/rosparam_shortcuts/cmake/export_rosparam_shortcutsExport-noconfig.cmake
[0.767s] -- Up-to-date: /ros2_ws/install/rosparam_shortcuts/share/rosparam_shortcuts/cmake/ament_cmake_export_targets-extras.cmake
[0.768s] -- Up-to-date: /ros2_ws/install/rosparam_shortcuts/share/rosparam_shortcuts/cmake/ament_cmake_export_dependencies-extras.cmake
[0.768s] -- Up-to-date: /ros2_ws/install/rosparam_shortcuts/share/rosparam_shortcuts/cmake/rosparam_shortcutsConfig.cmake
[0.768s] -- Up-to-date: /ros2_ws/install/rosparam_shortcuts/share/rosparam_shortcuts/cmake/rosparam_shortcutsConfig-version.cmake
[0.768s] -- Up-to-date: /ros2_ws/install/rosparam_shortcuts/share/rosparam_shortcuts/package.xml
[0.768s] Invoked command in '/ros2_ws/build/rosparam_shortcuts' returned '0': CMAKE_PREFIX_PATH=${CMAKE_PREFIX_PATH}:/ros2_ws/install/moveit_configs_utils:/ros2_ws/install/launch_param_builder:/opt/ros/humble /usr/bin/cmake --install /ros2_ws/build/rosparam_shortcuts
